   1.0000000000000000        0.0000000000000000       0.46600291028248553       0.72780229808163477            10000
 i   solar flux    satshine flux      total flux
 -----------------------------------------------
           1   1368.7088639753965        12.162325712493237        1380.8711896878897     
           2   120.08147271328033        3.0025224443396166        123.08399515761995     
           3   176.14631520483886        2.1947224944673276        178.34103769930618     
           4   71.633715535886452        1.3349664246452670        72.968681960531725     
           5   61.383110735097546       0.85490352784803636        62.238014262945583     
           6   31.831973622929773       0.54795762052231822        32.379931243452091     
           7   25.110172254124020       0.33340188056758580        25.443574134691605     
           8   14.270251062879405       0.20654847243415869        14.476799535313564     
           9   12.578289664161371       0.14244737486758308        12.720737039028954     
          10   7.0892923235747096        9.6218958939966126E-002   7.1855112825146756     
          11   5.2319380260094643        6.4559295731095409E-002   5.2964973217405600     
          12   3.9961038763803862        5.1398939400704453E-002   4.0475028157810904     
          13   1.4013805384172993        3.5116058313911992E-002   1.4364965967312113     
          14   1.5466706415071072        2.4292922369803367E-002   1.5709635638769106     
          15   2.0040108809759967        2.6222162153865549E-002   2.0302330431298623     
          16  0.63810648380899360        7.5445560063279191E-003  0.64565103981532157     
          17  0.29844051639390079        1.5610973775166428E-002  0.31405149016906719     
          18  0.17334927071957534        9.3846041448881578E-004  0.17428773113406415     
          19  0.29487928424441556        3.9165303527937886E-003  0.29879581459720933     
          20  0.25653904844515618        0.0000000000000000       0.25653904844515618     
