   1.0000000000000000        0.0000000000000000       0.46600291028248553       0.72780229808163477            10000
 i   solar flux    satshine flux      total flux
 -----------------------------------------------
           1   1328.9589664085543        11.858864206478833        1340.8178306150330     
           2   120.51672926043028        3.0281577113535509        123.54488697178384     
           3   167.92868572192953        2.1834831939794914        170.11216891590902     
           4   63.213981075728924        1.3037316131844672        64.517712688913392     
           5   55.804987665744363       0.85904786418838430        56.664035529932747     
           6   26.606478619611245       0.49308531376220399        27.099563933373449     
           7   19.549603635641809       0.36535259246319612        19.914956228105005     
           8   13.834808396431749       0.23643819372117442        14.071246590152922     
           9   9.8735349515447126       0.15463609241155699        10.028171043956270     
          10   4.8095145293189177        9.8612986626638685E-002   4.9081275159455560     
          11   4.6868639921293749        4.8720786011693773E-002   4.7355847781410683     
          12   3.0425888900999247        3.3013943282830326E-002   3.0756028333827552     
          13   1.1693602302787816        3.4086184808368836E-002   1.2034464150871504     
          14   2.3947496270240496        3.0772088713073128E-002   2.4255217157371227     
          15  0.52789942470709628        2.5501623963343191E-002  0.55340104867043949     
          16  0.45854671103444933        1.6242195996590499E-002  0.47478890703103982     
          17  0.27020626966375405        1.0050821758812787E-002  0.28025709142256683     
          18  0.57572881512716001        3.9093106518131695E-003  0.57963812577897322     
          19  0.20166237507701718        0.0000000000000000       0.20166237507701718     
          20   4.3995779207885208E-002   5.0609556831819691E-003   4.9056734891067176E-002
