   1.0000000000000000        0.0000000000000000       0.46600291028248553       0.72780229808163477            10000
 i   solar flux    satshine flux      total flux
 -----------------------------------------------
           1   1275.3898497276182        12.118710539795865        1287.5085602674139     
           2   121.18001093122911        2.9522409771548901        124.13225190838399     
           3   170.19066982255185        2.3224065660959705        172.51307638864782     
           4   73.210441064408101        1.2125093525068473        74.422950416914944     
           5   56.041285511943698       0.79957631991986489        56.840861831863563     
           6   27.623919518570425       0.56931796115646405        28.193237479726889     
           7   17.639045191618727       0.42821036584493838        18.067255557463668     
           8   15.150712078797012       0.21509172352984809        15.365803802326861     
           9   7.7812662291680592       0.13401739830333714        7.9152836274713962     
          10   6.3416502161525905        9.1935821358696171E-002   6.4335860375112865     
          11   5.0407760219596085        4.0072799749797119E-002   5.0808488217094059     
          12   2.9433508354069264        5.3795183724817584E-002   2.9971460191317441     
          13   1.3585673411839689        3.8094054656654178E-002   1.3966613958406231     
          14   1.9892395622276569        1.7002666873811786E-002   2.0062422291014688     
          15   1.2370990673324564        1.8078973680950357E-002   1.2551780410134068     
          16   1.4714716344646184        6.2830999665637764E-003   1.4777547344311821     
          17  0.68525809744042299        6.3365887146074060E-003  0.69159468615503039     
          18  0.19030652065480821        9.4337605636064369E-003  0.19974028121841464     
          19   0.0000000000000000        0.0000000000000000        0.0000000000000000     
          20   0.0000000000000000        0.0000000000000000        0.0000000000000000     
