 Curly R     I/F(total)  I/F(solar)   I/F(saturn)
 ---------------------------------------------------
  0.010    2.8442E-03    2.8190E-03    2.5194E-05
  0.020    5.6940E-03    5.6435E-03    5.0514E-05
  0.030    8.5496E-03    8.4736E-03    7.5963E-05
  0.040    1.1411E-02    1.1310E-02    1.0154E-04
  0.050    1.4279E-02    1.4152E-02    1.2726E-04
  0.060    1.7154E-02    1.7001E-02    1.5312E-04
  0.070    2.0035E-02    1.9856E-02    1.7911E-04
  0.080    2.2923E-02    2.2718E-02    2.0526E-04
  0.090    2.5819E-02    2.5588E-02    2.3155E-04
  0.100    2.8723E-02    2.8465E-02    2.5800E-04
  0.110    3.1634E-02    3.1349E-02    2.8460E-04
  0.120    3.4554E-02    3.4242E-02    3.1137E-04
  0.130    3.7482E-02    3.7143E-02    3.3830E-04
  0.140    4.0418E-02    4.0053E-02    3.6540E-04
  0.150    4.3364E-02    4.2972E-02    3.9267E-04
  0.160    4.6320E-02    4.5900E-02    4.2012E-04
  0.170    4.9285E-02    4.8837E-02    4.4775E-04
  0.180    5.2260E-02    5.1784E-02    4.7557E-04
  0.190    5.5245E-02    5.4742E-02    5.0358E-04
  0.200    5.8241E-02    5.7710E-02    5.3178E-04
  0.210    6.1249E-02    6.0689E-02    5.6019E-04
  0.220    6.4267E-02    6.3679E-02    5.8880E-04
  0.230    6.7298E-02    6.6680E-02    6.1761E-04
  0.240    7.0340E-02    6.9694E-02    6.4665E-04
  0.250    7.3396E-02    7.2720E-02    6.7590E-04
  0.260    7.6464E-02    7.5758E-02    7.0538E-04
  0.270    7.9545E-02    7.8810E-02    7.3509E-04
  0.280    8.2640E-02    8.1875E-02    7.6504E-04
  0.290    8.5750E-02    8.4954E-02    7.9523E-04
  0.300    8.8874E-02    8.8048E-02    8.2567E-04
  0.310    9.2012E-02    9.1156E-02    8.5637E-04
  0.320    9.5167E-02    9.4280E-02    8.8733E-04
  0.330    9.8338E-02    9.7419E-02    9.1855E-04
  0.340    1.0152E-01    1.0057E-01    9.5005E-04
  0.350    1.0473E-01    1.0375E-01    9.8183E-04
  0.360    1.0795E-01    1.0694E-01    1.0139E-03
  0.370    1.1119E-01    1.1014E-01    1.0463E-03
  0.380    1.1445E-01    1.1337E-01    1.0789E-03
  0.390    1.1772E-01    1.1661E-01    1.1119E-03
  0.400    1.2102E-01    1.1988E-01    1.1452E-03
  0.410    1.2434E-01    1.2316E-01    1.1788E-03
  0.420    1.2768E-01    1.2646E-01    1.2128E-03
  0.430    1.3104E-01    1.2979E-01    1.2471E-03
  0.440    1.3442E-01    1.3314E-01    1.2818E-03
  0.450    1.3782E-01    1.3651E-01    1.3168E-03
  0.460    1.4125E-01    1.3990E-01    1.3522E-03
  0.470    1.4471E-01    1.4332E-01    1.3880E-03
  0.480    1.4818E-01    1.4676E-01    1.4241E-03
  0.490    1.5169E-01    1.5023E-01    1.4607E-03
  0.500    1.5522E-01    1.5372E-01    1.4977E-03
  0.510    1.5878E-01    1.5724E-01    1.5351E-03
  0.520    1.6237E-01    1.6079E-01    1.5730E-03
  0.530    1.6598E-01    1.6437E-01    1.6113E-03
  0.540    1.6963E-01    1.6798E-01    1.6500E-03
  0.550    1.7331E-01    1.7162E-01    1.6893E-03
  0.560    1.7702E-01    1.7529E-01    1.7290E-03
  0.570    1.8076E-01    1.7899E-01    1.7693E-03
  0.580    1.8454E-01    1.8273E-01    1.8100E-03
  0.590    1.8835E-01    1.8650E-01    1.8513E-03
  0.600    1.9220E-01    1.9031E-01    1.8932E-03
  0.610    1.9609E-01    1.9416E-01    1.9356E-03
  0.620    2.0002E-01    1.9804E-01    1.9786E-03
  0.630    2.0399E-01    2.0197E-01    2.0222E-03
  0.640    2.0800E-01    2.0594E-01    2.0664E-03
  0.650    2.1206E-01    2.0995E-01    2.1113E-03
  0.660    2.1616E-01    2.1400E-01    2.1568E-03
  0.670    2.2031E-01    2.1810E-01    2.2030E-03
  0.680    2.2450E-01    2.2225E-01    2.2500E-03
  0.690    2.2875E-01    2.2645E-01    2.2976E-03
  0.700    2.3305E-01    2.3070E-01    2.3460E-03
  0.710    2.3740E-01    2.3500E-01    2.3952E-03
  0.720    2.4181E-01    2.3936E-01    2.4452E-03
  0.730    2.4627E-01    2.4378E-01    2.4961E-03
  0.740    2.5080E-01    2.4825E-01    2.5478E-03
  0.750    2.5539E-01    2.5279E-01    2.6004E-03
  0.760    2.6004E-01    2.5739E-01    2.6539E-03
  0.770    2.6476E-01    2.6205E-01    2.7084E-03
  0.780    2.6955E-01    2.6679E-01    2.7639E-03
  0.790    2.7442E-01    2.7160E-01    2.8204E-03
  0.800    2.7936E-01    2.7648E-01    2.8781E-03
  0.810    2.8438E-01    2.8144E-01    2.9368E-03
  0.820    2.8949E-01    2.8649E-01    2.9967E-03
  0.830    2.9467E-01    2.9162E-01    3.0578E-03
  0.840    2.9995E-01    2.9683E-01    3.1202E-03
  0.850    3.0533E-01    3.0214E-01    3.1838E-03
  0.860    3.1080E-01    3.0755E-01    3.2489E-03
  0.870    3.1637E-01    3.1306E-01    3.3153E-03
  0.880    3.2205E-01    3.1867E-01    3.3833E-03
  0.890    3.2784E-01    3.2439E-01    3.4528E-03
  0.900    3.3375E-01    3.3023E-01    3.5239E-03
  0.910    3.3978E-01    3.3619E-01    3.5967E-03
  0.920    3.4594E-01    3.4227E-01    3.6713E-03
  0.930    3.5224E-01    3.4849E-01    3.7478E-03
  0.940    3.5867E-01    3.5485E-01    3.8261E-03
  0.950    3.6526E-01    3.6135E-01    3.9065E-03
  0.960    3.7200E-01    3.6801E-01    3.9891E-03
  0.970    3.7890E-01    3.7483E-01    4.0738E-03
  0.980    3.8598E-01    3.8182E-01    4.1610E-03
  0.990    3.9324E-01    3.8899E-01    4.2506E-03
  1.000    4.0069E-01    3.9634E-01    4.3427E-03
