   1.0000000000000000        0.0000000000000000       0.46600291028248553       0.72780229808163477            10000
 i   solar flux    satshine flux      total flux
 -----------------------------------------------
           1   1351.7048036006222        12.143445797136735        1363.8482493977590     
           2   123.20380675709302        2.8807176211914034        126.08452437828443     
           3   179.01234895030098        2.3639715629368339        181.37632051323780     
           4   70.652883106766254        1.2396449347722869        71.892528041538540     
           5   60.993906719758485       0.85012072090889668        61.844027440667382     
           6   33.493045754754604       0.50308304756377242        33.996128802318374     
           7   26.391707234756222       0.31863100099026842        26.710338235746491     
           8   13.633500561378831       0.23504846721904538        13.868549028597876     
           9   9.0827138397937262       0.18772210339667514        9.2704359431904013     
          10   7.8414199454931204        9.5839863840026088E-002   7.9372598093331463     
          11   3.0578507244924955        5.5809715756610430E-002   3.1136604402491059     
          12   2.9455388887990566        2.8576499178855887E-002   2.9741153879779123     
          13   2.1675777402144121        2.5875834861012414E-002   2.1934535750754245     
          14  0.94910489868085524        9.6713360039055729E-003  0.95877623468476081     
          15  0.63090957914579970        1.3190698024810191E-002  0.64410027717060991     
          16  0.57939968940426767        7.0252735274034886E-005  0.57946994213954173     
          17  0.33591849557479492        8.4945608835744271E-003  0.34441305645836934     
          18  0.28152366227049164        0.0000000000000000       0.28152366227049164     
          19   0.0000000000000000        0.0000000000000000        0.0000000000000000     
          20   7.7308865321993052E-004   4.4297531728125132E-003   5.2028418260324436E-003
