   1.0000000000000000        0.0000000000000000       0.46600291028248553       0.72780229808163477            10000
 i   solar flux    satshine flux      total flux
 -----------------------------------------------
           1   1352.8304910007632        12.457181959400792        1365.2876729601639     
           2   118.83718819382790        2.9176257512983743        121.75481394512627     
           3   164.26121176677646        2.1965432538354128        166.45775502061187     
           4   64.176726087167197        1.1172492755283479        65.293975362695548     
           5   51.310064315574685       0.83478741183709504        52.144851727411783     
           6   29.564738811834594       0.48472179379831104        30.049460605632905     
           7   18.620914783823700       0.40026762182436748        19.021182405648069     
           8   15.573254629659411       0.20878124943856741        15.782035879097979     
           9   11.293948146925601       0.14205918908882950        11.436007336014431     
          10   6.1206914152683289       0.13104253693982698        6.2517339522081556     
          11   3.3270148289431529        4.6913305009097253E-002   3.3739281339522500     
          12   3.0039628168332850        4.6127056095837608E-002   3.0500898729291226     
          13   2.7637089409844662        2.5424149169739702E-002   2.7891330901542060     
          14   2.1277881049580465        2.2968607816658791E-002   2.1507567127747054     
          15   1.2754478718161668        1.0783015396153017E-002   1.2862308872123198     
          16  0.99159646789509281        1.4724999866008224E-002   1.0063214677611010     
          17  0.36132245512120942        3.0317981384147485E-003  0.36435425325962417     
          18  0.31421490707315741        3.2574609566609638E-003  0.31747236802981837     
          19  0.26138994812000838        0.0000000000000000       0.26138994812000838     
          20  0.15652647435997838        5.5700995005171193E-003  0.16209657386049550     
