   1.0000000000000000        0.0000000000000000       0.46600291028248553       0.72780229808163477            10000
 i   solar flux    satshine flux      total flux
 -----------------------------------------------
           1   1358.6904471143018        12.219313505014663        1370.9097606193166     
           2   123.39307171381353        3.0226669429747557        126.41573865678828     
           3   165.81531730122225        2.4620069603386794        168.27732426156092     
           4   66.662848963999295        1.3810573053316477        68.043906269330947     
           5   61.901902753391056       0.88492939570218221        62.786832149093236     
           6   33.086766373078248       0.58587879148725763        33.672645164565509     
           7   24.419917291866568       0.33659055521241310        24.756507847078982     
           8   15.326296343635530       0.20248444271510685        15.528780786350637     
           9   7.1660162616674148       0.14335106070472650        7.3093673223721414     
          10   7.6896883922541841       0.13652616604558085        7.8262145582997649     
          11   5.1969967157894370        6.8559061674638141E-002   5.2655557774640753     
          12   4.2955934376279608        3.9153233821164861E-002   4.3347466714491256     
          13   2.3762659820991345        4.1882884309992173E-002   2.4181488664091266     
          14   2.6965996296205548        2.9427773332236489E-002   2.7260274029527913     
          15   1.6294927325172370        1.9149942323764237E-002   1.6486426748410012     
          16  0.19249908538949556        1.8017372721358494E-002  0.21051645811085407     
          17   1.6530056877167927        7.0497529495003606E-003   1.6600554406662931     
          18   7.6704210928032826E-002   5.2368773070975939E-003   8.1941088235130424E-002
          19  0.48504484997104802        3.8529868121946146E-003  0.48889783678324261     
          20   7.7765968732676771E-002   2.7589619460853718E-003   8.0524930678762138E-002
