   1.0000000000000000        0.0000000000000000       0.46600291028248553       0.72780229808163477            10000
 i   solar flux    satshine flux      total flux
 -----------------------------------------------
           1   1325.6848972729679        12.488200941207829        1338.1730982141758     
           2   122.56042843580285        2.8189442112154919        125.37937264701834     
           3   176.53886308983596        2.4036360325536541        178.94249912238962     
           4   71.247345181823135        1.3339676140010124        72.581312795824147     
           5   56.120636890009365       0.79680667541594152        56.917443565425309     
           6   31.894958596091854       0.50466715016666808        32.399625746258522     
           7   24.889669189909167       0.31348838602219048        25.203157575931357     
           8   15.024852652045526       0.20805493159923857        15.232907583644765     
           9   11.811680717171498       0.13916343013155347        11.950844147303052     
          10   5.3439330290393583       0.10878075921145823        5.4527137882508168     
          11   3.7330759934165387        7.3454054111399769E-002   3.8065300475279384     
          12   2.0141195729533679        5.5808972470359410E-002   2.0699285454237271     
          13   2.4091747002670925        2.1929835658248163E-002   2.4311045359253405     
          14   1.6886038149878555        1.7748627755463431E-002   1.7063524427433190     
          15  0.84127668941914269        2.1873782307038441E-002  0.86315047172618109     
          16   6.3209513932281677E-002   3.0270445760125025E-003   6.6236558508294185E-002
          17  0.29258454933934352        8.8534759380489076E-004  0.29346989693314840     
          18   0.0000000000000000        9.7916652171605497E-003   9.7916652171605497E-003
          19  0.23659815806424170        5.6113322616819878E-003  0.24220949032592368     
          20   0.0000000000000000        0.0000000000000000        0.0000000000000000     
