   1.0000000000000000        0.0000000000000000       0.46600291028248553       0.72780229808163477            10000
 i   solar flux    satshine flux      total flux
 -----------------------------------------------
           1   1325.2068831069196        12.355209554736760        1337.5620926616564     
           2   114.43711910462459        2.8781066975127318        117.31522580213732     
           3   184.06205275815867        2.5982217407839285        186.66027449894261     
           4   74.001223141140429        1.1715299933485399        75.172753134488971     
           5   58.504453331956370       0.88721990470430190        59.391673236660672     
           6   30.109228685709617       0.57878678166384057        30.688015467373457     
           7   22.718260101519711       0.35622904828988655        23.074489149809597     
           8   15.660891677463079       0.21311204880856008        15.874003726271638     
           9   8.9344422932866667       0.15001994155586099        9.0844622348425279     
          10   5.4248678746985650       0.10178087884219560        5.5266487535407602     
          11   5.7076579500558653        6.1082077033707299E-002   5.7687400270895726     
          12   3.6279919617247169        5.3449126746521247E-002   3.6814410884712383     
          13   2.7429981989443046        4.3746492604034910E-002   2.7867446915483396     
          14   2.4006319550438571        1.8368479913755564E-002   2.4190004349576126     
          15  0.83526111882079335        1.3626476632190347E-002  0.84888759545298365     
          16   1.0463680499548889        3.5729943926211321E-003   1.0499410443475099     
          17  0.48533252691427364        3.2391829059026400E-003  0.48857170982017628     
          18  0.43422043949866174        1.5619108557480439E-003  0.43578235035440976     
          19   2.3236427603441651E-002   0.0000000000000000        2.3236427603441651E-002
          20   0.0000000000000000        0.0000000000000000        0.0000000000000000     
