 Curly R     I/F(total)  I/F(solar)   I/F(saturn)
 ---------------------------------------------------
  0.010    2.8408E-03    2.8145E-03    2.6279E-05
  0.020    5.6867E-03    5.6340E-03    5.2683E-05
  0.030    8.5382E-03    8.4589E-03    7.9216E-05
  0.040    1.1395E-02    1.1289E-02    1.0588E-04
  0.050    1.4258E-02    1.4126E-02    1.3268E-04
  0.060    1.7128E-02    1.6968E-02    1.5962E-04
  0.070    2.0004E-02    1.9817E-02    1.8671E-04
  0.080    2.2886E-02    2.2672E-02    2.1394E-04
  0.090    2.5776E-02    2.5534E-02    2.4132E-04
  0.100    2.8673E-02    2.8404E-02    2.6886E-04
  0.110    3.1577E-02    3.1280E-02    2.9655E-04
  0.120    3.4489E-02    3.4165E-02    3.2441E-04
  0.130    3.7410E-02    3.7057E-02    3.5243E-04
  0.140    4.0339E-02    3.9958E-02    3.8063E-04
  0.150    4.3276E-02    4.2867E-02    4.0900E-04
  0.160    4.6223E-02    4.5785E-02    4.3755E-04
  0.170    4.9179E-02    4.8713E-02    4.6628E-04
  0.180    5.2145E-02    5.1650E-02    4.9521E-04
  0.190    5.5121E-02    5.4597E-02    5.2433E-04
  0.200    5.8107E-02    5.7553E-02    5.5365E-04
  0.210    6.1104E-02    6.0521E-02    5.8317E-04
  0.220    6.4112E-02    6.3499E-02    6.1290E-04
  0.230    6.7132E-02    6.6489E-02    6.4284E-04
  0.240    7.0163E-02    6.9490E-02    6.7301E-04
  0.250    7.3207E-02    7.2503E-02    7.0340E-04
  0.260    7.6263E-02    7.5529E-02    7.3402E-04
  0.270    7.9332E-02    7.8567E-02    7.6488E-04
  0.280    8.2415E-02    8.1619E-02    7.9598E-04
  0.290    8.5512E-02    8.4684E-02    8.2733E-04
  0.300    8.8622E-02    8.7764E-02    8.5894E-04
  0.310    9.1748E-02    9.0857E-02    8.9081E-04
  0.320    9.4889E-02    9.3966E-02    9.2295E-04
  0.330    9.8045E-02    9.7090E-02    9.5536E-04
  0.340    1.0122E-01    1.0023E-01    9.8806E-04
  0.350    1.0441E-01    1.0339E-01    1.0211E-03
  0.360    1.0761E-01    1.0656E-01    1.0543E-03
  0.370    1.1084E-01    1.0975E-01    1.0879E-03
  0.380    1.1408E-01    1.1296E-01    1.1218E-03
  0.390    1.1734E-01    1.1619E-01    1.1561E-03
  0.400    1.2062E-01    1.1943E-01    1.1906E-03
  0.410    1.2392E-01    1.2270E-01    1.2255E-03
  0.420    1.2724E-01    1.2598E-01    1.2608E-03
  0.430    1.3059E-01    1.2929E-01    1.2964E-03
  0.440    1.3395E-01    1.3262E-01    1.3324E-03
  0.450    1.3734E-01    1.3597E-01    1.3688E-03
  0.460    1.4075E-01    1.3934E-01    1.4055E-03
  0.470    1.4418E-01    1.4274E-01    1.4427E-03
  0.480    1.4764E-01    1.4616E-01    1.4802E-03
  0.490    1.5112E-01    1.4961E-01    1.5182E-03
  0.500    1.5464E-01    1.5308E-01    1.5566E-03
  0.510    1.5817E-01    1.5658E-01    1.5955E-03
  0.520    1.6174E-01    1.6010E-01    1.6349E-03
  0.530    1.6533E-01    1.6366E-01    1.6747E-03
  0.540    1.6896E-01    1.6724E-01    1.7150E-03
  0.550    1.7261E-01    1.7086E-01    1.7558E-03
  0.560    1.7630E-01    1.7450E-01    1.7971E-03
  0.570    1.8002E-01    1.7818E-01    1.8390E-03
  0.580    1.8378E-01    1.8189E-01    1.8814E-03
  0.590    1.8756E-01    1.8564E-01    1.9244E-03
  0.600    1.9139E-01    1.8942E-01    1.9680E-03
  0.610    1.9525E-01    1.9324E-01    2.0121E-03
  0.620    1.9915E-01    1.9710E-01    2.0570E-03
  0.630    2.0309E-01    2.0099E-01    2.1024E-03
  0.640    2.0708E-01    2.0493E-01    2.1485E-03
  0.650    2.1110E-01    2.0891E-01    2.1953E-03
  0.660    2.1517E-01    2.1293E-01    2.2429E-03
  0.670    2.1929E-01    2.1700E-01    2.2911E-03
  0.680    2.2345E-01    2.2111E-01    2.3402E-03
  0.690    2.2766E-01    2.2527E-01    2.3900E-03
  0.700    2.3193E-01    2.2949E-01    2.4406E-03
  0.710    2.3624E-01    2.3375E-01    2.4921E-03
  0.720    2.4062E-01    2.3807E-01    2.5444E-03
  0.730    2.4504E-01    2.4245E-01    2.5977E-03
  0.740    2.4953E-01    2.4688E-01    2.6519E-03
  0.750    2.5408E-01    2.5138E-01    2.7071E-03
  0.760    2.5870E-01    2.5593E-01    2.7632E-03
  0.770    2.6338E-01    2.6056E-01    2.8205E-03
  0.780    2.6813E-01    2.6525E-01    2.8788E-03
  0.790    2.7295E-01    2.7001E-01    2.9383E-03
  0.800    2.7785E-01    2.7485E-01    2.9990E-03
  0.810    2.8282E-01    2.7976E-01    3.0608E-03
  0.820    2.8788E-01    2.8476E-01    3.1240E-03
  0.830    2.9302E-01    2.8984E-01    3.1885E-03
  0.840    2.9826E-01    2.9500E-01    3.2544E-03
  0.850    3.0358E-01    3.0026E-01    3.3217E-03
  0.860    3.0901E-01    3.0562E-01    3.3906E-03
  0.870    3.1453E-01    3.1107E-01    3.4610E-03
  0.880    3.2017E-01    3.1663E-01    3.5331E-03
  0.890    3.2591E-01    3.2231E-01    3.6069E-03
  0.900    3.3178E-01    3.2809E-01    3.6826E-03
  0.910    3.3776E-01    3.3400E-01    3.7601E-03
  0.920    3.4388E-01    3.4004E-01    3.8396E-03
  0.930    3.5014E-01    3.4622E-01    3.9212E-03
  0.940    3.5654E-01    3.5254E-01    4.0049E-03
  0.950    3.6309E-01    3.5900E-01    4.0910E-03
  0.960    3.6981E-01    3.6563E-01    4.1794E-03
  0.970    3.7669E-01    3.7242E-01    4.2704E-03
  0.980    3.8376E-01    3.7939E-01    4.3640E-03
  0.990    3.9101E-01    3.8655E-01    4.4604E-03
  1.000    3.9847E-01    3.9391E-01    4.5598E-03
