   1.0000000000000000        0.0000000000000000       0.46600291028248553       0.72780229808163477            10000
 i   solar flux    satshine flux      total flux
 -----------------------------------------------
           1   1314.9813140708982        12.523732362599489        1327.5050464334977     
           2   119.43290346712365        2.8642594125357275        122.29716287965938     
           3   174.77142009013036        2.4001619675423038        177.17158205767268     
           4   68.879174661114163        1.4414915425863248        70.320666203700483     
           5   57.536271594135449       0.92462118758900103        58.460892781724453     
           6   30.739341489918790       0.55578678400637860        31.295128273925169     
           7   24.782187416418264       0.37280984227262548        25.154997258690891     
           8   13.529308142910548       0.29712812883552697        13.826436271746076     
           9   9.6718787817943976       0.15846678444154391        9.8303455662359411     
          10   8.6919067194832280       0.11108855277446594        8.8029952722576947     
          11   4.6380215125513669        6.0493688910207358E-002   4.6985152014615741     
          12   3.6482787820853293        4.0436947813337759E-002   3.6887157298986670     
          13   2.1396001354125636        3.3968171257700706E-002   2.1735683066702642     
          14   2.0885371130430888        2.8497918080509901E-002   2.1170350311235988     
          15   1.1106001069576528        1.3070516541490869E-002   1.1236706234991436     
          16  0.52482364117504954        3.7788870178840340E-003  0.52860252819293352     
          17  0.13231024384297527        1.3816262917910771E-002  0.14612650676088604     
          18   7.9219447723926695E-002   5.0109062844813472E-004   7.9720538352374831E-002
          19  0.37541029480482285        3.6459136398878335E-003  0.37905620844471066     
          20  0.52376449512572942        1.8214888621650551E-003  0.52558598398789447     
