   1.0000000000000000        0.0000000000000000       0.46600291028248553       0.72780229808163477            10000
 i   solar flux    satshine flux      total flux
 -----------------------------------------------
           1   1334.0224541540499        11.604771437247113        1345.6272255912970     
           2   130.69338052579261        2.8677688202083886        133.56114934600100     
           3   180.68490134541491        2.4261520231434202        183.11105336855834     
           4   69.243339264011524        1.0763238602519913        70.319663124263514     
           5   54.962345351824446       0.83107795562751030        55.793423307451960     
           6   35.875484712864591       0.50267777312956319        36.378162485994153     
           7   19.889910293637676       0.37299930251815899        20.262909596155836     
           8   16.914037840325882       0.21154801949020252        17.125585859816084     
           9   9.2632138044106753       0.13661969355989637        9.3998334979705724     
          10   4.2445510318776432       0.12866544435092706        4.3732164762285706     
          11   4.2568617327174829        4.1000037920889867E-002   4.2978617706383728     
          12   2.2977676164054204        4.7429165495792840E-002   2.3451967819012132     
          13  0.97618055648039403        3.6061015807011598E-002   1.0122415722874056     
          14   1.6848019767475666        1.0117313273624464E-002   1.6949192900211911     
          15  0.63457308235992016        2.8961168066992827E-002  0.66353425042691294     
          16  0.95840208901140622        1.5933227664373727E-002  0.97433531667577999     
          17   4.2066127869809603E-004   4.1720435888605890E-003   4.5927048675586850E-003
          18  0.44102225933692624        1.1671452437221293E-002  0.45269371177414752     
          19  0.12070210461155327        7.1369553194386487E-003  0.12783905993099193     
          20   1.9939361720588515E-002   8.9408953620111788E-003   2.8880257082599694E-002
