   1.0000000000000000        0.0000000000000000       0.46600291028248553       0.72780229808163477            10000
 i   solar flux    satshine flux      total flux
 -----------------------------------------------
           1   1354.8443114529991        12.295211811780550        1367.1395232647797     
           2   122.94977925791365        2.9816697917076698        125.93144904962132     
           3   183.86759073281161        2.3823127404072948        186.24990347321889     
           4   73.206557250928171        1.1974302325344477        74.403987483462615     
           5   54.027582994922881       0.80367994190726399        54.831262936830143     
           6   26.210813760909407       0.51295447333917377        26.723768234248581     
           7   19.642579888310852       0.32479516643246825        19.967375054743322     
           8   12.393677453143088       0.20307881380165385        12.596756266944741     
           9   7.6531981512356451       0.15133108804063317        7.8045292392762784     
          10   4.8416302212085203        7.9744467414376297E-002   4.9213746886228966     
          11   2.1415904817967069        5.7027673346858127E-002   2.1986181551435648     
          12   3.0519311373027227        4.3310732570391516E-002   3.0952418698731141     
          13  0.47339498528341029        2.8875475407633848E-002  0.50227046069104408     
          14  0.58083749415460939        1.6970907089468794E-002  0.59780840124407819     
          15   1.5097877586042177        2.1548467710167451E-002   1.5313362263143850     
          16  0.24249795924763917        4.8195236174879991E-003  0.24731748286512717     
          17  0.27946358789491510        9.3549929746597101E-003  0.28881858086957479     
          18  0.43391330289325808        1.1996939893034061E-002  0.44591024278629215     
          19   4.5583007696121105E-003   4.7915890343184740E-003   9.3498898039305854E-003
          20  0.19508804610306296        0.0000000000000000       0.19508804610306296     
