   1.0000000000000000        0.0000000000000000       0.46600291028248553       0.72780229808163477            10000
 i   solar flux    satshine flux      total flux
 -----------------------------------------------
           1   1343.9909395552536        12.180563537421824        1356.1715030926755     
           2   126.69691969788444        2.7289457127671022        129.42586541065154     
           3   194.31388557708993        2.5239009383356117        196.83778651542553     
           4   78.295310371016200        1.2288345312361684        79.524144902252374     
           5   55.788711058637460       0.88000093691359305        56.668711995551057     
           6   33.019489247592880       0.47452735130663359        33.494016598899513     
           7   25.250311734877247       0.38803772725375690        25.638349462131004     
           8   14.028846592871941       0.21935587314390781        14.248202466015849     
           9   11.437181654951891       0.12254908622616581        11.559730741178056     
          10   4.2511901556321945        8.5117988313395176E-002   4.3363081439455895     
          11   3.6425414265224560        7.6741439342374415E-002   3.7192828658648303     
          12   1.1549496906061709        5.3839951718934458E-002   1.2087896423251054     
          13   2.5850562260538692        2.7283378104249852E-002   2.6123396041581191     
          14   1.2125718153087455        2.8241526354191269E-002   1.2408133416629368     
          15  0.76797638130920132        7.9246950424017339E-003  0.77590107635160310     
          16  0.40907991477367456        9.5693354871308582E-003  0.41864925026080541     
          17  0.11564161897848109        5.6648999329429583E-003  0.12130651891142405     
          18  0.51931776647663908        4.4614448462968834E-003  0.52377921132293592     
          19  0.15581998489212576        1.7448359472813629E-003  0.15756482083940712     
          20  0.28624703934879508        0.0000000000000000       0.28624703934879508     
