   1.0000000000000000        0.0000000000000000       0.46600291028248553       0.72780229808163477            10000
 i   solar flux    satshine flux      total flux
 -----------------------------------------------
           1   1298.9601495459178        12.051222841685947        1311.0113723876038     
           2   122.64346898977874        2.8921178941164700        125.53558688389521     
           3   169.69573291150925        2.2477695214001350        171.94350243290938     
           4   73.435409139017452        1.1145673024978360        74.549976441515284     
           5   52.804596729591161       0.80437000742038511        53.608966737011549     
           6   28.921496466598491       0.49103215577293913        29.412528622371429     
           7   23.926052344981660       0.38057335887303356        24.306625703854692     
           8   14.596412471665701       0.17959031870097830        14.776002790366679     
           9   6.2571443997020637       0.12758501194312574        6.3847294116451891     
          10   5.1838474033734663        9.3919041026613984E-002   5.2777664444000800     
          11   3.9176741157861339        4.3375998839772556E-002   3.9610501146259063     
          12   2.4536785983504950        2.9214597588731992E-002   2.4828931959392269     
          13   2.7922041629250782        2.4481931100760419E-002   2.8166860940258385     
          14   1.7314826006279391        2.0679591029778045E-002   1.7521621916577172     
          15   1.0112449537916084        8.4584936370400866E-003   1.0197034474286484     
          16  0.65559052025326292        4.3347633873007099E-003  0.65992528364056358     
          17  0.81074108073649132        1.1023456204268962E-002  0.82176453694076024     
          18  0.49132257326940593        1.0042777569145867E-002  0.50136535083855183     
          19   0.0000000000000000        4.7436482791198943E-003   4.7436482791198943E-003
          20   7.5775663382791292E-002   0.0000000000000000        7.5775663382791292E-002
