   1.0000000000000000        0.0000000000000000       0.46600291028248553       0.72780229808163477            10000
 i   solar flux    satshine flux      total flux
 -----------------------------------------------
           1   1351.3830294598388        12.240563226290110        1363.6235926861289     
           2   126.56373651456568        3.0226843821678302        129.58642089673350     
           3   183.02719150507144        2.3998713956933946        185.42706290076484     
           4   71.408936493988676        1.2172124284401677        72.626148922428840     
           5   53.990899128233877       0.85455381552232734        54.845452943756207     
           6   30.510924590995877       0.49886803128535523        31.009792622281232     
           7   19.772247674245566       0.34229218122422650        20.114539855469793     
           8   10.916754220382529       0.24379752139076696        11.160551741773297     
           9   8.1845197766391387       0.13258963193892803        8.3171094085780659     
          10   5.9523573731868602       0.15347277443978838        6.1058301476266488     
          11   3.4276483632301167        5.9266991608847616E-002   3.4869153548389642     
          12   3.6716486251819331        4.3369595258000937E-002   3.7150182204399340     
          13   2.8711665618410449        3.5980721544315468E-002   2.9071472833853602     
          14   1.5378450362598144        2.4765757050948179E-002   1.5626107933107625     
          15   1.4061928761627471        1.4477739855402495E-002   1.4206706160181497     
          16  0.84003463730476513        5.0689194951720100E-003  0.84510355679993709     
          17  0.63197522665736661        4.9833372203382017E-003  0.63695856387770478     
          18  0.16237390642289509        6.4703080298223966E-004  0.16302093722587732     
          19   0.0000000000000000        1.3811305096506452E-003   1.3811305096506452E-003
          20  0.16373057867613533        3.5097362357076290E-003  0.16724031491184296     
