   1.0000000000000000        0.0000000000000000       0.46600291028248553       0.72780229808163477            10000
 i   solar flux    satshine flux      total flux
 -----------------------------------------------
           1   1365.0345204563760        12.463832685456586        1377.4983531418325     
           2   131.98496773873569        2.8999693627788878        134.88493710151457     
           3   177.80252224812074        2.4048123056198154        180.20733455374057     
           4   76.963941067880512        1.2565095379769087        78.220450605857422     
           5   59.353818029006611       0.79245051994097826        60.146268548947589     
           6   31.373012679262317       0.52498766630106086        31.898000345563378     
           7   26.942233193690235       0.34765959579873124        27.289892789488967     
           8   10.357626276920602       0.23049550208281211        10.588121779003414     
           9   8.7843462844023463       0.14137200603624997        8.9257182904385957     
          10   5.4132312025727192       0.11560925887581976        5.5288404614485387     
          11   4.4617822912035621        6.0532797856498670E-002   4.5223150890600605     
          12   4.7225090403628203        5.9122351480778344E-002   4.7816313918435984     
          13   2.7094159325637399        2.6715560762646123E-002   2.7361314933263858     
          14   1.4043357789972668        2.3459297174805160E-002   1.4277950761720719     
          15   1.6296411439531764        2.0667588063329290E-002   1.6503087320165057     
          16   1.0916808869846824        2.0121482328048574E-002   1.1118023693127310     
          17   2.0909647935278191        6.9917644650334780E-003   2.0979565579928527     
          18  0.29678693266931316        6.9908474246126485E-003  0.30377778009392581     
          19  0.35808957733506769        7.4565543535821486E-003  0.36554613168864986     
          20  0.23698120587556878        2.5439679683057739E-003  0.23952517384387456     
