   1.0000000000000000        0.0000000000000000       0.46600291028248553       0.72780229808163477            10000
 i   solar flux    satshine flux      total flux
 -----------------------------------------------
           1   1329.9458370114171        12.046509574731179        1341.9923465861482     
           2   127.25390262186035        3.1088758660738227        130.36277848793418     
           3   175.00642365877678        2.3931495499183302        177.39957320869510     
           4   71.456071262149919        1.3350333909449350        72.791104653094848     
           5   56.899082939125265       0.84124746918401472        57.740330408309276     
           6   34.166879698718894       0.56910822630849045        34.735987925027388     
           7   19.521730686574809       0.39298212701883684        19.914712813593646     
           8   15.319395280893067       0.20827140178849282        15.527666682681559     
           9   12.119511561726146       0.14538710676741298        12.264898668493558     
          10   6.7661022778235811        8.2422567959888324E-002   6.8485248457834693     
          11   3.8510616276120881        8.5036127038143852E-002   3.9360977546502318     
          12   3.1683589690423473        4.1891077623765864E-002   3.2102500466661130     
          13   2.5387032948790296        3.0900053174148429E-002   2.5696033480531781     
          14   2.0607840861845341        2.2382319890209453E-002   2.0831664060747435     
          15  0.75182856578482860        1.3824696133776246E-002  0.76565326191860483     
          16  0.89449035457289972        1.8635756225321803E-002  0.91312611079822148     
          17   1.3971646945661909        8.4373344037872930E-004   1.3980084280065697     
          18  0.15021730611954970        0.0000000000000000       0.15021730611954970     
          19  0.23563473941425106        8.3673136307047275E-003  0.24400205304495579     
          20  0.19286011176717163        4.2584066782225252E-003  0.19711851844539416     
