   1.0000000000000000        0.0000000000000000       0.46600291028248553       0.72780229808163477            10000
 i   solar flux    satshine flux      total flux
 -----------------------------------------------
           1   1347.1792950863758        12.214229412043789        1359.3935244984195     
           2   119.66833950409537        2.8173069560954116        122.48564646019078     
           3   180.00387304177474        2.3373677510893058        182.34124079286406     
           4   78.319087373100132        1.2679286314188438        79.587016004518972     
           5   56.449379001858489       0.80844574104312683        57.257824742901619     
           6   29.987771160873823       0.46493773200772320        30.452708892881546     
           7   24.602277464069616       0.33804529809043021        24.940322762160047     
           8   14.990224515814607       0.22155138501146499        15.211775900826071     
           9   7.4171917579198334       0.15339908115898826        7.5705908390788217     
          10   7.9802884954435003        9.5086386554374666E-002   8.0753748819978757     
          11   4.2130803525517955        6.4678309948090318E-002   4.2777586624998856     
          12   2.9945263455712268        6.9306104614479710E-002   3.0638324501857066     
          13   3.7944123413096058        4.2670981387307461E-002   3.8370833226969134     
          14   1.8708401523462090        2.3965333879041695E-002   1.8948054862252508     
          15  0.69357139676750101        1.7755798708062064E-002  0.71132719547556311     
          16  0.43937598771703223        3.0142001892573548E-002  0.46951798960960578     
          17  0.43832649899158943        9.5445897715598360E-003  0.44787108876314929     
          18  0.50967293229260946        3.6209345194476925E-003  0.51329386681205713     
          19   7.0543037808703843E-002   4.7861689347303716E-003   7.5329206743434213E-002
          20  0.30192736458386271        2.3900114698372369E-003  0.30431737605369996     
