   1.0000000000000000        0.0000000000000000       0.46600291028248553       0.72780229808163477            10000
 i   solar flux    satshine flux      total flux
 -----------------------------------------------
           1   1334.8788575381971        12.385980984837756        1347.2648385230348     
           2   125.59994227846339        3.3369844131341737        128.93692669159756     
           3   171.13052892834111        2.3653393428550209        173.49586827119612     
           4   67.919793661656257        1.3217885041338340        69.241582165790092     
           5   49.532382800837460       0.83577317560252717        50.368155976439986     
           6   31.138662035139525       0.52154060268112634        31.660202637820653     
           7   25.051866445573303       0.31585605599271876        25.367722501566021     
           8   15.054361955157791       0.21041446080595833        15.264776415963750     
           9   9.9216425476405306       0.14723428205436298        10.068876829694894     
          10   5.6307471004787164       0.10596522208117184        5.7367123225598879     
          11   2.2438054395088090        7.3040078229333671E-002   2.3168455177381428     
          12   2.9719611497939100        2.3397546170570965E-002   2.9953586959644811     
          13   2.3175363132825773        2.2471258337978244E-002   2.3400075716205553     
          14   1.0131381308278926        7.6873290430725261E-003   1.0208254598709652     
          15  0.56839604167283109        1.5043168421439589E-002  0.58343921009427069     
          16   3.5653608491915123E-003   3.9693309742746116E-003   7.5346918234661239E-003
          17  0.24842958601667134        6.3785404133816676E-005  0.24849337142080516     
          18   0.0000000000000000        5.4813054516002014E-003   5.4813054516002014E-003
          19   0.0000000000000000        6.7481693707209512E-004   6.7481693707209512E-004
          20   0.0000000000000000        1.1506848160601579E-002   1.1506848160601579E-002
