   1.0000000000000000        0.0000000000000000       0.46600291028248553       0.72780229808163477            10000
 i   solar flux    satshine flux      total flux
 -----------------------------------------------
           1   1357.2754075810842        12.473195249360996        1369.7486028304452     
           2   119.39790139705462        2.7594887137004709        122.15739011075510     
           3   175.38156369608313        2.2243424812919144        177.60590617737506     
           4   66.727609537783010        1.2877489050517428        68.015358442834753     
           5   57.319164377777881       0.77424258976864202        58.093406967546521     
           6   36.193141814933256       0.51936862451980148        36.712510439453055     
           7   20.025956190591174       0.32156465029851833        20.347520840889693     
           8   12.765120172432765       0.22806948668742802        12.993189659120192     
           9   8.0269683856051017       0.15946800982585452        8.1864363954309560     
          10   5.8756270492034721       0.12293605191939516        5.9985631011228673     
          11   3.9081496928039003        7.9214099035834651E-002   3.9873637918397349     
          12   3.2796074396380233        3.6985522518657207E-002   3.3165929621566805     
          13   1.7736571571648532        2.4545507011517479E-002   1.7982026641763706     
          14   2.6758701438617298        3.8937825105094727E-002   2.7148079689668245     
          15   1.6205918159853254        1.4004544276309536E-003   1.6219922704129563     
          16  0.57408800601288779        1.4761535793550650E-002  0.58884954180643845     
          17   1.1034032717506088        8.2596918683341750E-003   1.1116629636189430     
          18  0.84558984212583876        1.3538021419392823E-002  0.85912786354523163     
          19  0.83142486557007289        3.0272015919538516E-003  0.83445206716202669     
          20  0.35189844570398787        8.4014456032588773E-003  0.36029989130724677     
