   1.0000000000000000        0.0000000000000000       0.46600291028248553       0.72780229808163477            10000
 i   solar flux    satshine flux      total flux
 -----------------------------------------------
           1   1312.5604566416546        12.294234930358233        1324.8546915720128     
           2   123.93429574893614        3.0602721624957927        126.99456791143193     
           3   174.79784166410118        2.4102172440841154        177.20805890818531     
           4   72.310596918039337        1.2625566951042997        73.573153613143631     
           5   55.917494779311831       0.89683387395615499        56.814328653267985     
           6   32.618045227884018       0.54613408370479233        33.164179311588811     
           7   23.794702381148483       0.30488626662729096        24.099588647775775     
           8   17.346311182678598       0.20739187890869862        17.553703061587296     
           9   8.1135732001452894       0.16164903378198245        8.2752222339272716     
          10   8.0007703291247623       0.11567618842745532        8.1164465175522178     
          11   4.0338502758940971        5.4430410561075095E-002   4.0882806864551720     
          12   1.7905308210759392        3.1086690102734064E-002   1.8216175111786732     
          13   1.5999691531216147        2.6192559202532807E-002   1.6261617123241474     
          14   1.0057134855492791        3.7112407585514269E-002   1.0428258931347933     
          15  0.62258656803508028        9.4031524900356593E-003  0.63198972052511593     
          16  0.25737334644456961        1.2996024106481504E-002  0.27036937055105109     
          17   8.7620448950636587E-002   1.2047223789553141E-002   9.9667672740189728E-002
          18  0.48223888924834113        6.4391345528568150E-003  0.48867802380119796     
          19  0.16090554012786776        6.4008579428847655E-004  0.16154562592215624     
          20   7.5118652997331906E-002   0.0000000000000000        7.5118652997331906E-002
