   1.0000000000000000        0.0000000000000000       0.46600291028248553       0.72780229808163477            10000
 i   solar flux    satshine flux      total flux
 -----------------------------------------------
           1   1304.7566521717645        11.811754438291091        1316.5684066100555     
           2   125.43615758677490        2.8812554364728462        128.31741302324775     
           3   182.25660798789772        2.4078673629651317        184.66447535086286     
           4   73.448815370051250        1.3015956321902129        74.750411002241464     
           5   50.391117780678968       0.81828920613104927        51.209406986810016     
           6   28.386374672175428       0.59485843191457721        28.981233104090006     
           7   20.440519170014127       0.34724411634795038        20.787763286362079     
           8   12.766725421444965       0.22482288919764118        12.991548310642607     
           9   7.9546030263049960       0.17924413256675359        8.1338471588717489     
          10   3.9614605674512373       0.12041050762259445        4.0818710750738321     
          11   3.2394832944880929        9.5443753136133722E-002   3.3349270476242268     
          12   1.5961538476547705        3.5010223145438779E-002   1.6311640708002093     
          13   1.2757338947576828        3.1737742731749757E-002   1.3074716374894326     
          14  0.41911884493094653        3.4188831338246038E-002  0.45330767626919255     
          15  0.47964439434277817        1.8298887464132853E-002  0.49794328180691100     
          16  0.19856181461971528        9.6447246395077648E-003  0.20820653925922306     
          17  0.43442095698350269        7.4013864930738381E-003  0.44182234347657651     
          18   0.0000000000000000        9.3469399081753026E-003   9.3469399081753026E-003
          19   0.0000000000000000        0.0000000000000000        0.0000000000000000     
          20   0.0000000000000000        0.0000000000000000        0.0000000000000000     
