   1.0000000000000000        0.0000000000000000       0.46600291028248553       0.72780229808163477            10000
 i   solar flux    satshine flux      total flux
 -----------------------------------------------
           1   1314.4896786788227        12.157018481629585        1326.6466971604523     
           2   123.44815182682233        2.9857389468144744        126.43389077363680     
           3   172.28660941731317        2.2909036518237191        174.57751306913690     
           4   67.570607720043569        1.1444735858363944        68.715081305879963     
           5   59.233663371096533       0.75955989870349661        59.993223269800026     
           6   30.079819419255628       0.55622038756883108        30.636039806824460     
           7   24.854459929898098       0.33382022442484727        25.188280154322946     
           8   12.139200078505446       0.24631619023386206        12.385516268739309     
           9   9.0426198219464187       0.12790418858163555        9.1705240105280534     
          10   8.8512419642979623        8.0094894126233801E-002   8.9313368584241957     
          11   4.9462389298357357        8.5669946442930536E-002   5.0319088762786661     
          12   3.0700546094601671        4.6785094674342505E-002   3.1168397041345095     
          13   1.1089429506025938        2.8251310734071514E-002   1.1371942613366655     
          14   1.0351959357190954        2.6424626234859430E-002   1.0616205619539549     
          15   1.2827344411299546        6.8717732938927412E-003   1.2896062144238474     
          16  0.64845630464427151        1.2744273224118322E-002  0.66120057786838982     
          17  0.51591021122448621        1.1928905341482577E-002  0.52783911656596882     
          18  0.40285642428614138        0.0000000000000000       0.40285642428614138     
          19   0.0000000000000000        3.6122653619256552E-003   3.6122653619256552E-003
          20   0.0000000000000000        6.8360556265176480E-004   6.8360556265176480E-004
