   1.0000000000000000        0.0000000000000000       0.46600291028248553       0.72780229808163477            10000
 i   solar flux    satshine flux      total flux
 -----------------------------------------------
           1   1317.6134547276781        11.895533377381822        1329.5089881050599     
           2   120.34067553195916        2.9236309770392253        123.26430650899839     
           3   172.54525794140457        2.4841874795159669        175.02944542092052     
           4   82.153384809327349        1.2337770154761709        83.387161824803513     
           5   59.756357508286250       0.82663381305401840        60.582991321340266     
           6   35.896703325979409       0.50283941141395794        36.399542737393368     
           7   22.071582286099165       0.33985020839934643        22.411432494498513     
           8   11.456069733661232       0.21803870411210227        11.674108437773334     
           9   9.3474267404710254       0.14190749049618409        9.4893342309672093     
          10   6.5087213326480615        7.9162557410645526E-002   6.5878838900587073     
          11   3.0264645519887621        9.0812063953746427E-002   3.1172766159425085     
          12   2.9801778999548989        5.2072113588643991E-002   3.0322500135435431     
          13   1.1718524382327660        3.2880484156520354E-002   1.2047329223892864     
          14  0.91971883694155809        9.9342865674520841E-003  0.92965312350901019     
          15  0.56455933236572120        1.3458185444889994E-002  0.57801751781061117     
          16  0.21711594881670637        0.0000000000000000       0.21711594881670637     
          17  0.45634642406475040        4.4204345967166015E-003  0.46076685866146699     
          18   0.0000000000000000        0.0000000000000000        0.0000000000000000     
          19  0.47592341601756649        4.6491454153574892E-003  0.48057256143292398     
          20   0.0000000000000000        0.0000000000000000        0.0000000000000000     
