   1.0000000000000000        0.0000000000000000       0.46600291028248553       0.72780229808163477            10000
 i   solar flux    satshine flux      total flux
 -----------------------------------------------
           1   1277.4389403035409        12.120447663806374        1289.5593879673472     
           2   116.23682028737002        3.0569496950849211        119.29376998245495     
           3   173.08631852133749        2.3823137895283324        175.46863231086581     
           4   67.517469060175031        1.2905811061506260        68.808050166325657     
           5   54.971087451700399       0.84068316033436108        55.811770612034756     
           6   32.404186924458756       0.52807499984459083        32.932261924303347     
           7   26.843138325930820       0.39950858143097451        27.242646907361795     
           8   13.324347793559166       0.24201405119159072        13.566361844750757     
           9   9.7145389139472726       0.16729136199976849        9.8818302759470420     
          10   5.8765647683345561       0.11871362504369169        5.9952783933782481     
          11   4.1913492163198782       0.10744843603565130        4.2987976523555291     
          12   2.3544038467587813        4.6934326020580043E-002   2.4013381727793615     
          13   1.2519383714394485        4.3428486286683901E-002   1.2953668577261324     
          14   1.2127010432246672        2.4955039793033897E-002   1.2376560830177010     
          15  0.85531828979291236        2.9991961204020425E-003  0.85831748591331436     
          16  0.22438783984551752        0.0000000000000000       0.22438783984551752     
          17  0.39234870423824836        4.9499479882435110E-003  0.39729865222649186     
          18  0.29687385156826318        9.7976342358587661E-003  0.30667148580412196     
          19  0.10163787554716243        2.2785023470591839E-003  0.10391637789422162     
          20   0.0000000000000000        0.0000000000000000        0.0000000000000000     
