   1.0000000000000000        0.0000000000000000       0.46600291028248553       0.72780229808163477            10000
 i   solar flux    satshine flux      total flux
 -----------------------------------------------
           1   1294.4597188996288        12.037150145197199        1306.4968690448261     
           2   126.79453095518527        2.9434524353845948        129.73798339056987     
           3   175.86813532602233        2.5070175121533289        178.37515283817567     
           4   69.358065179592515        1.2397267324369259        70.597791912029436     
           5   61.195459794080492       0.94423713116533947        62.139696925245829     
           6   28.503552761740853       0.51699588131553464        29.020548643056387     
           7   19.576522250382993       0.42187161048345795        19.998393860866450     
           8   11.833753839246825       0.25112000534046708        12.084873844587293     
           9   10.266820306412214       0.17596071478562467        10.442781021197838     
          10   5.1980547311678018       0.14704272096750767        5.3450974521353096     
          11   3.9918244854407834        5.0933862349228143E-002   4.0427583477900111     
          12   2.0563829083937035        3.1750654287870314E-002   2.0881335626815738     
          13   2.3692237476457945        3.3739653895315330E-002   2.4029634015411099     
          14   1.3156064268116390        2.7667730279817483E-002   1.3432741570914564     
          15  0.14175549715586019        3.2728631468886715E-002  0.17448412862474691     
          16   1.0458404557414624        4.3026728788692131E-003   1.0501431286203318     
          17  0.14185904099102714        1.3969211485190891E-002  0.15582825247621804     
          18   0.0000000000000000        4.8866146935511480E-003   4.8866146935511480E-003
          19  0.28486630296570314        0.0000000000000000       0.28486630296570314     
          20  0.15069998360790643        4.5627102301392872E-003  0.15526269383804572     
