 Curly R     I/F(total)  I/F(solar)   I/F(saturn)
 ---------------------------------------------------
  0.010    2.7751E-03    2.7495E-03    2.5605E-05
  0.020    5.5559E-03    5.5046E-03    5.1338E-05
  0.030    8.3427E-03    8.2655E-03    7.7203E-05
  0.040    1.1136E-02    1.1033E-02    1.0320E-04
  0.050    1.3935E-02    1.3806E-02    1.2934E-04
  0.060    1.6741E-02    1.6586E-02    1.5562E-04
  0.070    1.9554E-02    1.9372E-02    1.8204E-04
  0.080    2.2375E-02    2.2166E-02    2.0862E-04
  0.090    2.5202E-02    2.4967E-02    2.3534E-04
  0.100    2.8038E-02    2.7776E-02    2.6223E-04
  0.110    3.0881E-02    3.0592E-02    2.8927E-04
  0.120    3.3733E-02    3.3416E-02    3.1648E-04
  0.130    3.6593E-02    3.6249E-02    3.4385E-04
  0.140    3.9462E-02    3.9091E-02    3.7140E-04
  0.150    4.2340E-02    4.1941E-02    3.9913E-04
  0.160    4.5228E-02    4.4801E-02    4.2704E-04
  0.170    4.8125E-02    4.7670E-02    4.5513E-04
  0.180    5.1033E-02    5.0549E-02    4.8341E-04
  0.190    5.3950E-02    5.3438E-02    5.1189E-04
  0.200    5.6879E-02    5.6338E-02    5.4057E-04
  0.210    5.9818E-02    5.9249E-02    5.6946E-04
  0.220    6.2769E-02    6.2170E-02    5.9855E-04
  0.230    6.5731E-02    6.5103E-02    6.2787E-04
  0.240    6.8706E-02    6.8048E-02    6.5740E-04
  0.250    7.1693E-02    7.1006E-02    6.8716E-04
  0.260    7.4693E-02    7.3975E-02    7.1715E-04
  0.270    7.7706E-02    7.6958E-02    7.4738E-04
  0.280    8.0732E-02    7.9954E-02    7.7785E-04
  0.290    8.3773E-02    8.2964E-02    8.0858E-04
  0.300    8.6828E-02    8.5988E-02    8.3956E-04
  0.310    8.9898E-02    8.9027E-02    8.7081E-04
  0.320    9.2983E-02    9.2081E-02    9.0232E-04
  0.330    9.6084E-02    9.5150E-02    9.3412E-04
  0.340    9.9201E-02    9.8235E-02    9.6620E-04
  0.350    1.0233E-01    1.0134E-01    9.9857E-04
  0.360    1.0549E-01    1.0445E-01    1.0312E-03
  0.370    1.0865E-01    1.0759E-01    1.0642E-03
  0.380    1.1184E-01    1.1074E-01    1.0975E-03
  0.390    1.1505E-01    1.1392E-01    1.1311E-03
  0.400    1.1827E-01    1.1711E-01    1.1651E-03
  0.410    1.2152E-01    1.2032E-01    1.1994E-03
  0.420    1.2478E-01    1.2355E-01    1.2340E-03
  0.430    1.2807E-01    1.2680E-01    1.2691E-03
  0.440    1.3138E-01    1.3007E-01    1.3044E-03
  0.450    1.3471E-01    1.3337E-01    1.3402E-03
  0.460    1.3806E-01    1.3669E-01    1.3764E-03
  0.470    1.4144E-01    1.4003E-01    1.4129E-03
  0.480    1.4484E-01    1.4339E-01    1.4499E-03
  0.490    1.4827E-01    1.4678E-01    1.4873E-03
  0.500    1.5172E-01    1.5020E-01    1.5252E-03
  0.510    1.5520E-01    1.5364E-01    1.5635E-03
  0.520    1.5871E-01    1.5711E-01    1.6023E-03
  0.530    1.6225E-01    1.6060E-01    1.6415E-03
  0.540    1.6581E-01    1.6413E-01    1.6813E-03
  0.550    1.6941E-01    1.6769E-01    1.7215E-03
  0.560    1.7303E-01    1.7127E-01    1.7623E-03
  0.570    1.7669E-01    1.7489E-01    1.8037E-03
  0.580    1.8039E-01    1.7854E-01    1.8456E-03
  0.590    1.8411E-01    1.8222E-01    1.8880E-03
  0.600    1.8787E-01    1.8594E-01    1.9311E-03
  0.610    1.9167E-01    1.8970E-01    1.9748E-03
  0.620    1.9551E-01    1.9349E-01    2.0191E-03
  0.630    1.9939E-01    1.9732E-01    2.0641E-03
  0.640    2.0330E-01    2.0119E-01    2.1098E-03
  0.650    2.0726E-01    2.0510E-01    2.1562E-03
  0.660    2.1126E-01    2.0905E-01    2.2033E-03
  0.670    2.1530E-01    2.1305E-01    2.2511E-03
  0.680    2.1939E-01    2.1709E-01    2.2998E-03
  0.690    2.2353E-01    2.2118E-01    2.3492E-03
  0.700    2.2772E-01    2.2532E-01    2.3995E-03
  0.710    2.3196E-01    2.2951E-01    2.4506E-03
  0.720    2.3625E-01    2.3375E-01    2.5027E-03
  0.730    2.4060E-01    2.3804E-01    2.5557E-03
  0.740    2.4500E-01    2.4239E-01    2.6097E-03
  0.750    2.4947E-01    2.4680E-01    2.6646E-03
  0.760    2.5399E-01    2.5127E-01    2.7207E-03
  0.770    2.5858E-01    2.5580E-01    2.7778E-03
  0.780    2.6323E-01    2.6039E-01    2.8360E-03
  0.790    2.6795E-01    2.6506E-01    2.8955E-03
  0.800    2.7275E-01    2.6979E-01    2.9561E-03
  0.810    2.7762E-01    2.7460E-01    3.0181E-03
  0.820    2.8256E-01    2.7948E-01    3.0813E-03
  0.830    2.8759E-01    2.8444E-01    3.1460E-03
  0.840    2.9270E-01    2.8948E-01    3.2122E-03
  0.850    2.9789E-01    2.9461E-01    3.2798E-03
  0.860    3.0318E-01    2.9983E-01    3.3491E-03
  0.870    3.0856E-01    3.0514E-01    3.4200E-03
  0.880    3.1405E-01    3.1055E-01    3.4927E-03
  0.890    3.1963E-01    3.1607E-01    3.5672E-03
  0.900    3.2533E-01    3.2169E-01    3.6436E-03
  0.910    3.3114E-01    3.2742E-01    3.7221E-03
  0.920    3.3707E-01    3.3327E-01    3.8027E-03
  0.930    3.4312E-01    3.3924E-01    3.8855E-03
  0.940    3.4931E-01    3.4534E-01    3.9706E-03
  0.950    3.5563E-01    3.5157E-01    4.0583E-03
  0.960    3.6210E-01    3.5795E-01    4.1485E-03
  0.970    3.6872E-01    3.6448E-01    4.2415E-03
  0.980    3.7550E-01    3.7116E-01    4.3374E-03
  0.990    3.8245E-01    3.7801E-01    4.4364E-03
  1.000    3.8958E-01    3.8504E-01    4.5386E-03
