   1.0000000000000000        0.0000000000000000       0.46600291028248553       0.72780229808163477            10000
 i   solar flux    satshine flux      total flux
 -----------------------------------------------
           1   1279.8927174735672        11.917408022941180        1291.8101254965084     
           2   122.69577678421487        2.9291889766034132        125.62496576081828     
           3   173.84511677277609        2.5713197930122211        176.41643656578830     
           4   72.516586547750919        1.2391608817059212        73.755747429456846     
           5   54.449591233090388       0.89819599648420445        55.347787229574593     
           6   32.318003898797414       0.49380337097262528        32.811807269770043     
           7   25.847735563972122       0.34266654283923986        26.190402106811362     
           8   12.562490604365395       0.22044866363687898        12.782939268002274     
           9   7.2106273374886616       0.13658182850753864        7.3472091659962002     
          10   5.2088597211830070       0.11517827036024168        5.3240379915432490     
          11   4.9730255570975306        5.1982013172122719E-002   5.0250075702696533     
          12   2.9508431408807199        4.5767576620057975E-002   2.9966107175007779     
          13   1.7317219403241377        3.9654601861110313E-002   1.7713765421852481     
          14   1.4196907750280157        1.4472239688483671E-002   1.4341630147164994     
          15   1.2919809617048097        1.7095843883819788E-002   1.3090768055886295     
          16  0.86665657477109259        1.0309953144602113E-002  0.87696652791569474     
          17  0.21376742163072804        2.7671328187548437E-003  0.21653455444948289     
          18  0.14309121647003065        6.5659714921265802E-003  0.14965718796215724     
          19   0.0000000000000000        0.0000000000000000        0.0000000000000000     
          20   0.0000000000000000        2.1077832771064274E-003   2.1077832771064274E-003
