   1.0000000000000000        0.0000000000000000       0.46600291028248553       0.72780229808163477            10000
 i   solar flux    satshine flux      total flux
 -----------------------------------------------
           1   1300.1272025471228        10.268574534071641        1310.3957770811944     
           2   159.89692060541867        3.4697870972734788        163.36670770269214     
           3   185.62286730393535        3.3152912274537290        188.93815853138909     
           4   73.887050637681028        1.3033213285917142        75.190371966272750     
           5   39.453252693436951       0.99618240165635219        40.449435095093307     
           6   16.329773133279627       0.30926102801403593        16.639034161293662     
           7   6.6627376475405269       0.75204305026692064        7.4147806978074478     
           8   4.9819806490139200       0.10222582407753873        5.0842064730914585     
           9   8.5273277166915999       0.10601641643991529        8.6333441331315157     
          10   21.720040547932079        6.4282284114115004E-002   21.784322832046193     
          11   5.4040207029022866       0.10604354793047426        5.5100642508327606     
          12   0.0000000000000000        0.0000000000000000        0.0000000000000000     
          13   7.5474436050997769        0.0000000000000000        7.5474436050997769     
          14  0.29593202891774539        0.0000000000000000       0.29593202891774539     
          15   0.0000000000000000        0.0000000000000000        0.0000000000000000     
          16   0.0000000000000000        3.6809114165868911E-003   3.6809114165868911E-003
          17   0.0000000000000000        8.5147703665182123E-002   8.5147703665182123E-002
          18   0.0000000000000000        0.0000000000000000        0.0000000000000000     
          19   0.0000000000000000        0.0000000000000000        0.0000000000000000     
          20   0.0000000000000000        0.0000000000000000        0.0000000000000000     
