   1.0000000000000000        0.0000000000000000       0.46600291028248553       0.72780229808163477            10000
 i   solar flux    satshine flux      total flux
 -----------------------------------------------
           1   1345.5860067388087        12.248438263987639        1357.8344450027964     
           2   118.71957212636772        2.8912609751718819        121.61083310153961     
           3   172.97874452126314        2.2557670650533033        175.23451158631644     
           4   66.365108914001524        1.1448225505428551        67.509931464544380     
           5   56.554000883117894       0.78122064937710567        57.335221532494998     
           6   28.686242468232834       0.50490387010812832        29.191146338340964     
           7   22.944190114934131       0.40026764660935793        23.344457761543488     
           8   16.506582305250593       0.24746285886063557        16.754045164111229     
           9   9.4095262399514787       0.16682994874582324        9.5763561886973019     
          10   5.1206647083543633        8.3747900353371624E-002   5.2044126087077345     
          11   4.0516008715404768        6.8750968816749872E-002   4.1203518403572268     
          12   2.3444480736211926        4.8343749305983744E-002   2.3927918229271765     
          13   3.0088906655590923        2.7419859578604770E-002   3.0363105251376972     
          14   1.2176400611794913        1.8208449037870490E-002   1.2358485102173618     
          15  0.40629658225703325        2.2757616727700859E-002  0.42905419898473413     
          16  0.44758323104465625        1.2533522919111060E-002  0.46011675396376733     
          17  0.36208874021342718        7.3293592517926654E-003  0.36941809946521986     
          18   0.0000000000000000        7.9846868196180205E-003   7.9846868196180205E-003
          19  0.11584176463750483        0.0000000000000000       0.11584176463750483     
          20   0.0000000000000000        1.7626223537017845E-004   1.7626223537017845E-004
