 Curly R     I/F(total)  I/F(solar)   I/F(saturn)
 ---------------------------------------------------
  0.010    2.8087E-03    2.7830E-03    2.5684E-05
  0.020    5.6234E-03    5.5719E-03    5.1493E-05
  0.030    8.4442E-03    8.3668E-03    7.7431E-05
  0.040    1.1271E-02    1.1168E-02    1.0350E-04
  0.050    1.4105E-02    1.3976E-02    1.2970E-04
  0.060    1.6946E-02    1.6790E-02    1.5604E-04
  0.070    1.9794E-02    1.9612E-02    1.8252E-04
  0.080    2.2650E-02    2.2440E-02    2.0915E-04
  0.090    2.5513E-02    2.5277E-02    2.3592E-04
  0.100    2.8384E-02    2.8121E-02    2.6285E-04
  0.110    3.1263E-02    3.0973E-02    2.8993E-04
  0.120    3.4151E-02    3.3833E-02    3.1717E-04
  0.130    3.7047E-02    3.6702E-02    3.4457E-04
  0.140    3.9953E-02    3.9580E-02    3.7213E-04
  0.150    4.2868E-02    4.2468E-02    3.9987E-04
  0.160    4.5792E-02    4.5364E-02    4.2778E-04
  0.170    4.8727E-02    4.8271E-02    4.5587E-04
  0.180    5.1671E-02    5.1187E-02    4.8414E-04
  0.190    5.4627E-02    5.4114E-02    5.1259E-04
  0.200    5.7593E-02    5.7052E-02    5.4124E-04
  0.210    6.0571E-02    6.0001E-02    5.7009E-04
  0.220    6.3560E-02    6.2961E-02    5.9913E-04
  0.230    6.6562E-02    6.5933E-02    6.2838E-04
  0.240    6.9575E-02    6.8917E-02    6.5784E-04
  0.250    7.2602E-02    7.1914E-02    6.8751E-04
  0.260    7.5641E-02    7.4924E-02    7.1741E-04
  0.270    7.8694E-02    7.7947E-02    7.4753E-04
  0.280    8.1761E-02    8.0983E-02    7.7788E-04
  0.290    8.4842E-02    8.4034E-02    8.0847E-04
  0.300    8.7938E-02    8.7099E-02    8.3930E-04
  0.310    9.1049E-02    9.0179E-02    8.7039E-04
  0.320    9.4176E-02    9.3274E-02    9.0172E-04
  0.330    9.7319E-02    9.6385E-02    9.3332E-04
  0.340    1.0048E-01    9.9513E-02    9.6519E-04
  0.350    1.0365E-01    1.0266E-01    9.9733E-04
  0.360    1.0685E-01    1.0582E-01    1.0298E-03
  0.370    1.1006E-01    1.0900E-01    1.0625E-03
  0.380    1.1329E-01    1.1220E-01    1.0955E-03
  0.390    1.1654E-01    1.1541E-01    1.1288E-03
  0.400    1.1981E-01    1.1865E-01    1.1624E-03
  0.410    1.2310E-01    1.2190E-01    1.1964E-03
  0.420    1.2641E-01    1.2518E-01    1.2307E-03
  0.430    1.2974E-01    1.2848E-01    1.2653E-03
  0.440    1.3310E-01    1.3180E-01    1.3002E-03
  0.450    1.3648E-01    1.3514E-01    1.3356E-03
  0.460    1.3988E-01    1.3850E-01    1.3713E-03
  0.470    1.4330E-01    1.4189E-01    1.4073E-03
  0.480    1.4675E-01    1.4531E-01    1.4438E-03
  0.490    1.5023E-01    1.4875E-01    1.4806E-03
  0.500    1.5373E-01    1.5221E-01    1.5179E-03
  0.510    1.5726E-01    1.5570E-01    1.5556E-03
  0.520    1.6082E-01    1.5922E-01    1.5937E-03
  0.530    1.6440E-01    1.6277E-01    1.6323E-03
  0.540    1.6802E-01    1.6635E-01    1.6713E-03
  0.550    1.7167E-01    1.6996E-01    1.7108E-03
  0.560    1.7535E-01    1.7359E-01    1.7508E-03
  0.570    1.7906E-01    1.7727E-01    1.7913E-03
  0.580    1.8280E-01    1.8097E-01    1.8323E-03
  0.590    1.8658E-01    1.8471E-01    1.8739E-03
  0.600    1.9040E-01    1.8849E-01    1.9160E-03
  0.610    1.9426E-01    1.9230E-01    1.9587E-03
  0.620    1.9815E-01    1.9615E-01    2.0020E-03
  0.630    2.0208E-01    2.0004E-01    2.0458E-03
  0.640    2.0606E-01    2.0397E-01    2.0904E-03
  0.650    2.1007E-01    2.0794E-01    2.1355E-03
  0.660    2.1413E-01    2.1195E-01    2.1813E-03
  0.670    2.1824E-01    2.1601E-01    2.2279E-03
  0.680    2.2239E-01    2.2012E-01    2.2751E-03
  0.690    2.2659E-01    2.2427E-01    2.3231E-03
  0.700    2.3085E-01    2.2847E-01    2.3718E-03
  0.710    2.3515E-01    2.3273E-01    2.4214E-03
  0.720    2.3951E-01    2.3704E-01    2.4718E-03
  0.730    2.4392E-01    2.4140E-01    2.5230E-03
  0.740    2.4840E-01    2.4582E-01    2.5751E-03
  0.750    2.5293E-01    2.5030E-01    2.6282E-03
  0.760    2.5753E-01    2.5485E-01    2.6822E-03
  0.770    2.6219E-01    2.5945E-01    2.7372E-03
  0.780    2.6692E-01    2.6413E-01    2.7932E-03
  0.790    2.7172E-01    2.6887E-01    2.8503E-03
  0.800    2.7659E-01    2.7368E-01    2.9086E-03
  0.810    2.8154E-01    2.7857E-01    2.9679E-03
  0.820    2.8657E-01    2.8354E-01    3.0285E-03
  0.830    2.9168E-01    2.8859E-01    3.0904E-03
  0.840    2.9687E-01    2.9372E-01    3.1536E-03
  0.850    3.0216E-01    2.9894E-01    3.2181E-03
  0.860    3.0754E-01    3.0425E-01    3.2841E-03
  0.870    3.1301E-01    3.0966E-01    3.3515E-03
  0.880    3.1859E-01    3.1517E-01    3.4206E-03
  0.890    3.2427E-01    3.2078E-01    3.4912E-03
  0.900    3.3007E-01    3.2651E-01    3.5636E-03
  0.910    3.3598E-01    3.3234E-01    3.6377E-03
  0.920    3.4201E-01    3.3830E-01    3.7137E-03
  0.930    3.4817E-01    3.4438E-01    3.7917E-03
  0.940    3.5446E-01    3.5059E-01    3.8717E-03
  0.950    3.6090E-01    3.5694E-01    3.9539E-03
  0.960    3.6747E-01    3.6344E-01    4.0384E-03
  0.970    3.7421E-01    3.7008E-01    4.1252E-03
  0.980    3.8110E-01    3.7688E-01    4.2146E-03
  0.990    3.8816E-01    3.8386E-01    4.3066E-03
  1.000    3.9540E-01    3.9100E-01    4.4013E-03
