   1.0000000000000000        0.0000000000000000       0.46600291028248553       0.72780229808163477            10000
 i   solar flux    satshine flux      total flux
 -----------------------------------------------
           1   1286.2998818657989        11.944648210306552        1298.2445300761053     
           2   122.89787163942398        3.0389863297822735        125.93685796920626     
           3   173.76475617513805        2.3770430282015411        176.14179920333959     
           4   75.930048954655689        1.2854017690807418        77.215450723736424     
           5   58.844945245364627       0.88309322928309630        59.728038474647725     
           6   34.856175483295829       0.48740412742517736        35.343579610721008     
           7   21.979047705724685       0.40376905237373678        22.382816758098421     
           8   18.483566919309553       0.21005917797636475        18.693626097285918     
           9   9.1789808441702565       0.20240520778018437        9.3813860519504413     
          10   7.0481742344202534       0.10797608786203787        7.1561503222822909     
          11   3.9487174222328658       0.11308814180226907        4.0618055640351347     
          12   2.7228617028161834        4.6384443102784112E-002   2.7692461459189674     
          13   3.4287733423014490        4.3867332681183299E-002   3.4726406749826322     
          14   1.0777949818046926        3.3097176688158189E-002   1.1108921584928508     
          15   1.7312836416711366        2.4586990448696923E-002   1.7558706321198334     
          16  0.55844637853479995        1.0220050917217885E-002  0.56866642945201784     
          17  0.59145395542375168        9.2657646275044470E-003  0.60071972005125618     
          18   5.9356663736979065E-002   1.2084468682304917E-002   7.1441132419283987E-002
          19  0.43267526917302701        0.0000000000000000       0.43267526917302701     
          20   0.0000000000000000        4.8637119498953696E-003   4.8637119498953696E-003
