   1.0000000000000000        0.0000000000000000       0.46600291028248553       0.72780229808163477            10000
 i   solar flux    satshine flux      total flux
 -----------------------------------------------
           1   1315.8232506973980        11.955199377008103        1327.7784500744060     
           2   118.33295950252042        2.8610933829717413        121.19405288549217     
           3   172.25537063267518        2.1926212912588263        174.44799192393401     
           4   73.155680557465217        1.3148737248310760        74.470554282296291     
           5   55.022299233101258       0.83707748400064919        55.859376717101910     
           6   34.028992869016484       0.60557959231902991        34.634572461335516     
           7   20.621568871265293       0.38437218200097706        21.005941053266270     
           8   14.847262968756187       0.22413525906122400        15.071398227817411     
           9   9.8423046386969357       0.16943611477624373        10.011740753473179     
          10   6.8875675678678121       0.11384745871631635        7.0014150265841284     
          11   3.3366962129984996        6.7463410711390295E-002   3.4041596237098899     
          12   3.2674368636990612        4.5922663386489003E-002   3.3133595270855500     
          13   1.5058597444225945        2.1361324262377284E-002   1.5272210686849719     
          14   1.1436422158687545        1.4393960976250873E-002   1.1580361768450054     
          15   1.1531558276430531        1.3936435564816930E-002   1.1670922632078700     
          16  0.51622697498827930        0.0000000000000000       0.51622697498827930     
          17  0.26103345451420024        7.6597192917609025E-003  0.26869317380596114     
          18  0.49954487442157985        5.4796761028911060E-004  0.50009284203186899     
          19  0.47368083185768706        5.3333747874947319E-003  0.47901420664518179     
          20   0.0000000000000000        0.0000000000000000        0.0000000000000000     
