   1.0000000000000000        0.0000000000000000       0.46600291028248553       0.72780229808163477            10000
 i   solar flux    satshine flux      total flux
 -----------------------------------------------
           1   1325.3528833478688        12.666233645579311        1338.0191169934481     
           2   124.81073529999320        2.9837424459584998        127.79447774595170     
           3   182.83291469454758        2.6060122430092503        185.43892693755683     
           4   79.636415438602882        1.2452807109252833        80.881696149528167     
           5   58.925596812132653       0.80489236056148850        59.730489172694142     
           6   33.778113621401097       0.45556833475172887        34.233681956152829     
           7   23.012779614815265       0.39153215207075975        23.404311766886025     
           8   15.280733475815492       0.23832098947827648        15.519054465293769     
           9   6.9126695358092789       0.16078406468861842        7.0734536004978974     
          10   6.4525829339264105       0.12088522665810612        6.5734681605845164     
          11   3.8200307128939581        6.1675256665217434E-002   3.8817059695591754     
          12   2.4373280710077618        6.9012591005061130E-002   2.5063406620128230     
          13   1.6200639384259894        3.9049598148699266E-002   1.6591135365746887     
          14   1.4440883718917861        3.0646995578482761E-002   1.4747353674702688     
          15  0.49435514473674103        7.7792208328051442E-003  0.50213436556954616     
          16  0.86510285580860147        1.4624552055050319E-002  0.87972740786365178     
          17  0.77404546113195094        1.1942193011985867E-002  0.78598765414393679     
          18  0.59701206511726390        4.2939229290475238E-004  0.59744145741016863     
          19  0.54231065905640119        5.8174395950035115E-003  0.54812809865140466     
          20  0.17135086750012030        0.0000000000000000       0.17135086750012030     
