   1.0000000000000000        0.0000000000000000       0.46600291028248553       0.72780229808163477            10000
 i   solar flux    satshine flux      total flux
 -----------------------------------------------
           1   1324.2742663890358        12.329978065368399        1336.6042444544041     
           2   127.39262217142422        2.9117658362616936        130.30438800768593     
           3   192.27480484860928        2.2771982651703451        194.55200311377962     
           4   70.255066733963076        1.2694116749496833        71.524478408912756     
           5   59.135963931998234       0.89253618953869551        60.028500121536929     
           6   28.007909647895694       0.58006277406787676        28.587972421963570     
           7   23.365545592451738       0.35324221643024750        23.718787808881984     
           8   12.446173872829780       0.24984300248668337        12.696016875316463     
           9   8.7402239295902007       0.16192353386383110        8.9021474634540319     
          10   8.5603938618126847       0.11215256664820206        8.6725464284608869     
          11   3.7927420795084785        7.3781898964478732E-002   3.8665239784729573     
          12   2.5920220213226148        7.0352876895780292E-002   2.6623748982183950     
          13   1.6529661041836241        2.8018660741377873E-002   1.6809847649250020     
          14  0.77560493428753796        3.4725983719635721E-002  0.81033091800717372     
          15  0.63716404398322435        7.4152211222696393E-003  0.64457926510549401     
          16  0.57222710298736346        2.0376795689056273E-002  0.59260389867641972     
          17  0.28092972282778472        9.6645560032909488E-004  0.28189617842811382     
          18   3.0777405812941892E-002   3.6392947009619256E-003   3.4416700513903817E-002
          19   0.0000000000000000        4.5550411650942309E-003   4.5550411650942309E-003
          20   0.0000000000000000        0.0000000000000000        0.0000000000000000     
