   1.0000000000000000        0.0000000000000000       0.46600291028248553       0.72780229808163477            10000
 i   solar flux    satshine flux      total flux
 -----------------------------------------------
           1   1309.7319706876874        12.462906576556009        1322.1948772642434     
           2   119.35694426208696        3.0494800405082341        122.40642430259518     
           3   170.36024362816096        2.3414377921578566        172.70168142031881     
           4   73.476343260293433        1.2184662660341605        74.694809526327589     
           5   49.322384101306149       0.73308502901374550        50.055469130319892     
           6   34.490180576692758       0.46490171473365599        34.955082291426415     
           7   21.512816279623657       0.35909011634899346        21.871906395972651     
           8   16.006196611117865       0.19796253544825440        16.204159146566120     
           9   10.226071640296990       0.13385069963010301        10.359922339927094     
          10   5.7781927286703354       0.11767888322427773        5.8958716118946128     
          11   3.6815310415765778        5.4182782526659708E-002   3.7357138241032377     
          12   3.1505869585163957        3.5938511878041222E-002   3.1865254703944368     
          13   2.6631629768079415        3.5326092407472136E-002   2.6984890692154138     
          14   1.7827791581937160        1.4543801026296597E-002   1.7973229592200126     
          15  0.12262440585621785        0.0000000000000000       0.12262440585621785     
          16  0.29511351787466888        7.3574223170208425E-003  0.30247094019168974     
          17  0.94431174457327616        5.3887699428372647E-003  0.94970051451611337     
          18  0.20577829059526792        3.2468938828616304E-003  0.20902518447812954     
          19  0.24019063837087631        0.0000000000000000       0.24019063837087631     
          20  0.34122508260174378        0.0000000000000000       0.34122508260174378     
