   1.0000000000000000        0.0000000000000000       0.46600291028248553       0.72780229808163477            10000
 i   solar flux    satshine flux      total flux
 -----------------------------------------------
           1   1270.0428519117820        12.174191256505498        1282.2170431682875     
           2   127.87088148446628        3.0732830524910986        130.94416453695737     
           3   171.39205049003797        2.4648450081063724        173.85689549814435     
           4   73.618783793272087        1.2981034391608810        74.916887232432970     
           5   52.371107947093009       0.89510416805325599        53.266212115146267     
           6   35.414135683003025       0.59882073301039918        36.012956416013424     
           7   23.839094372369686       0.36890406811158943        24.207998440481276     
           8   17.153937037680123       0.26074821280428301        17.414685250484407     
           9   11.251705759331660       0.20503592390404429        11.456741683235704     
          10   8.2304448585216203       0.10836166957768706        8.3388065280993082     
          11   5.3266994831271806       0.10301661907399171        5.4297161022011720     
          12   1.8555102559704366        6.4634899247667729E-002   1.9201451552181044     
          13   2.7100835832244572        3.1094586991882920E-002   2.7411781702163402     
          14  0.94497852605547406        2.5385707399231211E-002  0.97036423345470524     
          15   1.3081964237594454        2.6829264468293423E-002   1.3350256882277389     
          16  0.58319751384544616        2.1953058476832599E-002  0.60515057232227876     
          17  0.38909174969081378        1.7807122681127753E-002  0.40689887237194156     
          18  0.79227560852377499        8.2922576729184336E-003  0.80056786619669340     
          19  0.24695493957145720        1.5861072172489583E-004  0.24711355029318210     
          20   0.0000000000000000        3.2648221613344837E-003   3.2648221613344837E-003
