   1.0000000000000000        0.0000000000000000       0.46600291028248553       0.72780229808163477            10000
 i   solar flux    satshine flux      total flux
 -----------------------------------------------
           1   1349.0623814975431        12.081670722455954        1361.1440522199991     
           2   119.70376714981749        2.9896095670530429        122.69337671687053     
           3   177.82974607487415        2.4206145517070383        180.25036062658120     
           4   65.764104878967373        1.2967409236060903        67.060845802573468     
           5   49.253925900795501       0.82146699407330548        50.075392894868806     
           6   29.549880607103638       0.53060784377833092        30.080488450881969     
           7   24.982948190723100       0.40636545199366753        25.389313642716768     
           8   14.793405594981984       0.23800881015558603        15.031414405137570     
           9   7.5997096451268504       0.12727591462930918        7.7269855597561596     
          10   8.7270198512159478       0.10428552720128867        8.8313053784172357     
          11   4.4784620773063279        5.4637301287696269E-002   4.5330993785940246     
          12   3.2803972568139494        2.7236116266029960E-002   3.3076333730799794     
          13   2.1764139655326726        3.1643870741877203E-002   2.2080578362745498     
          14   2.1426384543667991        2.2934742935582026E-002   2.1655731973023813     
          15  0.47151551569184968        1.8269019470384017E-002  0.48978453516223369     
          16   1.9611405943485565        1.5325711474798505E-002   1.9764663058233549     
          17  0.28117948764748035        8.7673047480654621E-003  0.28994679239554583     
          18  0.24558227682344461        9.2698260814089994E-003  0.25485210290485361     
          19  0.25790394189974264        7.2091915252180984E-003  0.26511313342496073     
          20   8.0439521447350004E-002   9.7322385445122138E-003   9.0171759991862221E-002
