   1.0000000000000000        0.0000000000000000       0.46600291028248553       0.72780229808163477            10000
 i   solar flux    satshine flux      total flux
 -----------------------------------------------
           1   1309.9988299946388        12.221118774923035        1322.2199487695618     
           2   119.11414962560009        2.9684398261698242        122.08258945176992     
           3   168.78448702656618        2.2122240650480158        170.99671109161420     
           4   70.984546706527141        1.2652699525931170        72.249816659120256     
           5   55.356964395121345       0.89032842941766466        56.247292824539009     
           6   32.572733062788551       0.55444606977654454        33.127179132565097     
           7   23.670345613590513       0.40066712702604623        24.071012740616560     
           8   15.266461546048665       0.24067571124561715        15.507137257294282     
           9   12.307337007107440       0.15487308545075060        12.462210092558191     
          10   5.9394128663802359       0.13385725205593807        6.0732701184361737     
          11   5.9442762386260179        5.8876311067024768E-002   6.0031525496930431     
          12   3.0773463203419156        4.0140782615714889E-002   3.1174871029576305     
          13   1.4701379560155996        2.7440472679326741E-002   1.4975784286949263     
          14   1.8254523900271074        7.3782426687686439E-003   1.8328306326958761     
          15  0.56110030592019777        2.5036449093982633E-002  0.58613675501418039     
          16  0.66226229050408747        1.4898881785366615E-002  0.67716117228945405     
          17  0.32556924963531608        7.7737163841213952E-003  0.33334296601943747     
          18   0.0000000000000000        4.8296796840298405E-004   4.8296796840298405E-004
          19   2.9395137444713729E-002   1.1348822310478998E-003   3.0530019675761629E-002
          20   0.0000000000000000        4.5688520122160910E-003   4.5688520122160910E-003
