   1.0000000000000000        0.0000000000000000       0.46600291028248553       0.72780229808163477            10000
 i   solar flux    satshine flux      total flux
 -----------------------------------------------
           1   1243.0734451039179        11.483658258275842        1254.5571033621939     
           2   120.84083798872888        3.0536794991117038        123.89451748784059     
           3   178.09617646782397        2.2431566087801991        180.33933307660416     
           4   74.318380625910720        1.2783921030329979        75.596772728943719     
           5   64.759499408940343       0.82457434754390180        65.584073756484244     
           6   31.801928097752405       0.52927787056274012        32.331205968315146     
           7   21.235696833979713       0.37553193065206608        21.611228764631779     
           8   16.456834321365200       0.22648200858235368        16.683316329947555     
           9   11.182597547751882       0.18417239697660365        11.366769944728485     
          10   5.1069814774300184       0.13103178853059275        5.2380132659606113     
          11   4.5464351667009995        8.8947483600743074E-002   4.6353826503017421     
          12   4.7524362050584106        4.7746708615090359E-002   4.8001829136735008     
          13  0.78096915522429045        1.4300785901935014E-002  0.79526994112622551     
          14   1.2396785020850043        1.8398451011672829E-002   1.2580769530966771     
          15  0.58010552799686754        6.9340438352134687E-003  0.58703957183208100     
          16  0.12095375435411360        5.5973328749404491E-003  0.12655108722905403     
          17   0.0000000000000000        2.7706433954488821E-003   2.7706433954488821E-003
          18  0.28910570862920254        0.0000000000000000       0.28910570862920254     
          19  0.29206418971286757        0.0000000000000000       0.29206418971286757     
          20   0.0000000000000000        3.2231564593474763E-003   3.2231564593474763E-003
