   1.0000000000000000        0.0000000000000000       0.46600291028248553       0.72780229808163477            10000
 i   solar flux    satshine flux      total flux
 -----------------------------------------------
           1   1323.0070490031476        12.036702740988657        1335.0437517441362     
           2   125.74361007146251        2.9973104400699633        128.74092051153247     
           3   175.51739364893083        2.2719699318480067        177.78936358077885     
           4   75.145584586183546        1.2087190170790247        76.354303603262565     
           5   58.658473729428032       0.84837302511341317        59.506846754541442     
           6   33.595456086978501       0.47447229937850682        34.069928386357006     
           7   24.813329325317127       0.37315090309981830        25.186480228416947     
           8   17.686013622321720       0.23059946883481938        17.916613091156538     
           9   11.411121069129248       0.15561171949531025        11.566732788624558     
          10   6.2312891539766859       0.14185611177746812        6.3731452657541539     
          11   4.4876469596034569        7.8531811493540965E-002   4.5661787710969977     
          12   2.2331763481074232        5.7250562526812133E-002   2.2904269106342352     
          13   1.7966270158551949        3.4111851726747126E-002   1.8307388675819420     
          14   1.3722964546649477        2.2283068041171833E-002   1.3945795227061195     
          15   1.4472167114661705        2.9411738517738865E-002   1.4766284499839093     
          16  0.93055570835180235        1.0447790182563971E-002  0.94100349853436627     
          17  0.66730756822844217        5.3113499375409875E-003  0.67261891816598318     
          18   1.1326357526223150        2.0792798906518507E-003   1.1347150325129669     
          19  0.74190477510497810        7.5502589647581378E-003  0.74945503406973624     
          20  0.25293841334424655        7.7508218267970507E-003  0.26068923517104359     
