   1.0000000000000000        0.0000000000000000       0.46600291028248553       0.72780229808163477            10000
 i   solar flux    satshine flux      total flux
 -----------------------------------------------
           1   1354.2892515281010        12.292593939966162        1366.5818454680671     
           2   124.37373323510249        2.9278317633895146        127.30156499849201     
           3   187.06994346713589        2.5710921315806470        189.64103559871654     
           4   74.076125654499734        1.2941035260084828        75.370229180508218     
           5   54.370406811839899       0.90763016532318974        55.278036977163090     
           6   31.316724351520513       0.59084995251521277        31.907574304035727     
           7   17.518537753141558       0.43453716797663244        17.953074921118191     
           8   17.684845816042891       0.24537778626819851        17.930223602311088     
           9   11.300332993283853       0.19101989266126840        11.491352885945121     
          10   6.4759537584310731       0.12235313277619454        6.5983068912072680     
          11   5.3681645456165912        8.3890154797780378E-002   5.4520547004143713     
          12   2.3656739668539770        2.9366976507408309E-002   2.3950409433613853     
          13   1.5392812066731323        4.5600266857678526E-002   1.5848814735308108     
          14   1.4096770755005728        2.1598924065802567E-002   1.4312759995663753     
          15  0.71081214152567340        1.1338637914690359E-002  0.72215077944036377     
          16   1.0710572342133464        1.1502675052115890E-002   1.0825599092654623     
          17   1.0351606927590025        7.2455758425973823E-003   1.0424062686015998     
          18  0.15846608032843493        0.0000000000000000       0.15846608032843493     
          19  0.14548143949015638        3.7349377861737006E-003  0.14921637727633008     
          20  0.53938208817062228        5.1145003031827785E-003  0.54449658847380511     
