   1.0000000000000000        0.0000000000000000       0.46600291028248553       0.72780229808163477            10000
 i   solar flux    satshine flux      total flux
 -----------------------------------------------
           1   1325.7947969639131        12.236490254406245        1338.0312872183192     
           2   116.41488458441657        2.8503815193967146        119.26526610381329     
           3   178.42386517876534        2.4322228159259556        180.85608799469131     
           4   69.389797273192045        1.1582646033581907        70.548061876550236     
           5   57.909631285325730       0.83968000463309123        58.749311289958818     
           6   30.761855844104627       0.52318165228524716        31.285037496389872     
           7   22.772069168135168       0.35824713517341111        23.130316303308579     
           8   13.676810151721030       0.19413884362983705        13.870948995350867     
           9   7.5819458971157756       0.15609966859244728        7.7380455657082230     
          10   6.2018128232404583       0.11598190455995845        6.3177947278004165     
          11   4.2538726308001280        6.8330588160199074E-002   4.3222032189603272     
          12   2.8724657828011697        3.0410762388986951E-002   2.9028765451901566     
          13   2.4481014901462927        2.2590448915638342E-002   2.4706919390619313     
          14  0.93325238298933111        5.3439675394608603E-004  0.93378677974327717     
          15   1.2807222158715583        9.6254665491192163E-003   1.2903476824206774     
          16  0.64741834974185031        3.4007741079004794E-003  0.65081912384975082     
          17  0.96025825451850921        1.4945467340520564E-003  0.96175280125256124     
          18  0.27642899743757421        3.5381812926224511E-003  0.27996717873019666     
          19  0.42590471757544485        1.3943500627726570E-002  0.43984821820317144     
          20   8.7953673790160752E-002   2.6416637688154955E-003   9.0595337558976252E-002
