   1.0000000000000000        0.0000000000000000       0.46600291028248553       0.72780229808163477            10000
 i   solar flux    satshine flux      total flux
 -----------------------------------------------
           1   1318.1582526312818        11.584753089152485        1329.7430057204342     
           2   123.39647616531769        3.0398142896639451        126.43629045498164     
           3   169.03246925879495        2.1968795610323415        171.22934881982729     
           4   71.414778051118560        1.3080821656068395        72.722860216725394     
           5   56.284682286821280       0.82736523736031375        57.112047524181591     
           6   32.090137628917944       0.59344614429295484        32.683583773210898     
           7   23.432021923534180       0.29551126797688188        23.727533191511061     
           8   15.448523027578679       0.25416215190701080        15.702685179485689     
           9   10.709479784147149       0.15117571870408725        10.860655502851236     
          10   6.9920806537645896       0.13135534814599101        7.1234360019105809     
          11   2.7065106003864710        6.1487262917959230E-002   2.7679978633044300     
          12   3.6957367826343424        4.0183007920152850E-002   3.7359197905544952     
          13   2.3750602860088903        3.4556022270294036E-002   2.4096163082791842     
          14   2.0896153874250158        2.5672677014771012E-002   2.1152880644397869     
          15   1.0125480984948747        1.8821107963455794E-002   1.0313692064583304     
          16  0.63855063285713676        1.7258113006696926E-002  0.65580874586383364     
          17  0.66383616558074765        1.1475918614222095E-002  0.67531208419496980     
          18  0.23567937226142199        3.4058530796856851E-003  0.23908522534110768     
          19  0.26098946965819914        5.5461040690666930E-003  0.26653557372726583     
          20  0.42379119620590711        7.0016076103583983E-003  0.43079280381626550     
