   1.0000000000000000        0.0000000000000000       0.46600291028248553       0.72780229808163477            10000
 i   solar flux    satshine flux      total flux
 -----------------------------------------------
           1   1315.5733718348947        12.381425085491482        1327.9547969203861     
           2   122.63529251324422        2.9476616915487042        125.58295420479293     
           3   179.83336477368837        2.3981058857357724        182.23147065942413     
           4   74.348944083288515        1.2843374011654192        75.633281484453931     
           5   52.447881588568933       0.80517246892347805        53.253054057492413     
           6   31.280588865801715       0.46301885050856806        31.743607716310283     
           7   18.428868841694097       0.37532930602686554        18.804198147720964     
           8   13.586818289881844       0.23738706016761130        13.824205350049455     
           9   8.7840694668752910       0.12687280895798039        8.9109422758332713     
          10   6.6487698100433228       0.14604215150029259        6.7948119615436156     
          11   3.7635704234371450        6.1122772945069688E-002   3.8246931963822148     
          12   2.9065402285424637        2.8526367862483130E-002   2.9350665964049467     
          13   1.1065566933565298        3.2609417164001613E-002   1.1391661105205315     
          14   1.1030827036474193        1.0853334214463621E-002   1.1139360378618830     
          15   1.2132400459737089        2.1679745027378128E-002   1.2349197910010870     
          16  0.72700064354056670        1.1545295373573700E-002  0.73854593891414044     
          17  0.30262713929524343        7.2044210113225687E-003  0.30983156030656600     
          18  0.45042344459466743        2.5612089532093796E-003  0.45298465354787681     
          19   0.0000000000000000        5.2812961500499104E-003   5.2812961500499104E-003
          20  0.52091059883894764        0.0000000000000000       0.52091059883894764     
