   1.0000000000000000        0.0000000000000000       0.46600291028248553       0.72780229808163477            10000
 i   solar flux    satshine flux      total flux
 -----------------------------------------------
           1   1299.1291059054263        12.202585879105557        1311.3316917845318     
           2   118.21645793280473        2.9682637747563692        121.18472170756110     
           3   183.94297771060116        2.5373844727802903        186.48036218338146     
           4   65.738656351666890        1.4275641228200657        67.166220474486963     
           5   60.397632352805573       0.92442580588749046        61.322058158693061     
           6   35.809447999933127       0.54991428280662114        36.359362282739745     
           7   22.860136799861912       0.38596664785602819        23.246103447717942     
           8   15.055759737816908       0.28429112775700971        15.340050865573918     
           9   10.531346646202866       0.18083436394747707        10.712181010150344     
          10   6.5865306601771945       0.13150356853906636        6.7180342287162604     
          11   4.9133514761595745        5.4135992286957244E-002   4.9674874684465316     
          12   2.9696702140095463        5.0280369980040686E-002   3.0199505839895870     
          13  0.97537499491842428        4.5423747976872826E-002   1.0207987428952972     
          14  0.99322327709935809        3.3950292740690773E-002   1.0271735698400488     
          15  0.27069049933051476        1.1888539274198808E-002  0.28257903860471356     
          16  0.18444418240405758        1.0588163776256019E-002  0.19503234618031359     
          17   2.5342573220917410E-002   6.1538367111521435E-003   3.1496409932069550E-002
          18   0.0000000000000000        2.9592418743380287E-003   2.9592418743380287E-003
          19   0.0000000000000000        8.5373338105156748E-003   8.5373338105156748E-003
          20  0.36987553343946611        2.0304612545609547E-003  0.37190599469402708     
