   1.0000000000000000        0.0000000000000000       0.46600291028248553       0.72780229808163477            10000
 i   solar flux    satshine flux      total flux
 -----------------------------------------------
           1   1344.5913120450982        12.594843960369369        1357.1861560054676     
           2   75.860619722631441        2.9545045605720488        78.815124283203488     
           3   143.54709707699809        2.2385221896791250        145.78561926667720     
           4   59.508547598627700        1.8108240970449803        61.319371695672679     
           5   55.276235263746095       0.62167994557250605        55.897915209318604     
           6   19.998243117913283       0.54188094015297850        20.540124058066262     
           7   12.291971937611891       0.48211962867880603        12.774091566290696     
           8   9.4469887894374054       0.29067331217711156        9.7376621016145162     
           9   17.600019616209611        0.0000000000000000        17.600019616209611     
          10   0.0000000000000000       0.12972646212832531       0.12972646212832531     
          11   7.6489211060900226       0.12668081626040861        7.7756019223504316     
          12   0.0000000000000000        1.8563744710802861E-002   1.8563744710802861E-002
          13   8.5857384859765666        0.0000000000000000        8.5857384859765666     
          14   3.7272076476612281        0.0000000000000000        3.7272076476612281     
          15   0.0000000000000000        9.5841731868119853E-002   9.5841731868119853E-002
          16   0.0000000000000000        0.0000000000000000        0.0000000000000000     
          17   0.0000000000000000        0.0000000000000000        0.0000000000000000     
          18   0.0000000000000000        0.0000000000000000        0.0000000000000000     
          19   0.0000000000000000        0.0000000000000000        0.0000000000000000     
          20   0.0000000000000000        0.0000000000000000        0.0000000000000000     
