   1.0000000000000000        0.0000000000000000       0.46600291028248553       0.72780229808163477            10000
 i   solar flux    satshine flux      total flux
 -----------------------------------------------
           1   1347.9082159842073        12.373676880009024        1360.2818928642164     
           2   110.10205386567702        2.8024531158554589        112.90450698153248     
           3   175.86847040105135        2.3374163321020309        178.20588673315339     
           4   67.830411441944534        1.2172922252858465        69.047703667230380     
           5   57.499097190594718       0.74637221419297239        58.245469404787691     
           6   32.528590488647765       0.53898056882273260        33.067571057470495     
           7   23.721940192426707       0.33545132592905158        24.057391518355757     
           8   16.245979827503081       0.21919790547903273        16.465177732982113     
           9   8.9257375108398200       0.16235974815407342        9.0880972589938942     
          10   6.8320109001739819        7.4065516430446551E-002   6.9060764166044288     
          11   3.7329715463481588        5.4286113246592473E-002   3.7872576595947511     
          12   3.0441522985092861        4.3849179588253032E-002   3.0880014780975391     
          13   1.5278722880710147        2.4090794789342666E-002   1.5519630828603574     
          14  0.97303821715261818        2.3525520471901748E-002  0.99656373762451989     
          15   1.2116200727920545        6.3748414355641993E-003   1.2179949142276187     
          16   0.0000000000000000        9.6954902598316885E-003   9.6954902598316885E-003
          17   1.5245151900861382        6.3294985809748613E-003   1.5308446886671130     
          18  0.71290178767434842        2.5092131647125541E-003  0.71541100083906095     
          19  0.63032306080129086        4.7307120501282642E-003  0.63505377285141917     
          20  0.45695529692300163        6.2787138693095948E-003  0.46323401079231125     
