 Curly R     I/F(total)  I/F(solar)   I/F(saturn)
 ---------------------------------------------------
  0.010    2.8889E-03    2.8626E-03    2.6316E-05
  0.020    5.7828E-03    5.7300E-03    5.2754E-05
  0.030    8.6819E-03    8.6026E-03    7.9317E-05
  0.040    1.1587E-02    1.1481E-02    1.0601E-04
  0.050    1.4497E-02    1.4364E-02    1.3283E-04
  0.060    1.7413E-02    1.7253E-02    1.5979E-04
  0.070    2.0336E-02    2.0149E-02    1.8688E-04
  0.080    2.3265E-02    2.3051E-02    2.1412E-04
  0.090    2.6201E-02    2.5959E-02    2.4150E-04
  0.100    2.9143E-02    2.8874E-02    2.6903E-04
  0.110    3.2093E-02    3.1797E-02    2.9671E-04
  0.120    3.5051E-02    3.4726E-02    3.2455E-04
  0.130    3.8016E-02    3.7664E-02    3.5255E-04
  0.140    4.0990E-02    4.0609E-02    3.8071E-04
  0.150    4.3972E-02    4.3563E-02    4.0904E-04
  0.160    4.6962E-02    4.6525E-02    4.3754E-04
  0.170    4.9962E-02    4.9495E-02    4.6622E-04
  0.180    5.2971E-02    5.2475E-02    4.9508E-04
  0.190    5.5989E-02    5.5465E-02    5.2412E-04
  0.200    5.9017E-02    5.8464E-02    5.5335E-04
  0.210    6.2056E-02    6.1473E-02    5.8278E-04
  0.220    6.5105E-02    6.4493E-02    6.1240E-04
  0.230    6.8166E-02    6.7523E-02    6.4223E-04
  0.240    7.1237E-02    7.0565E-02    6.7227E-04
  0.250    7.4320E-02    7.3618E-02    7.0252E-04
  0.260    7.7416E-02    7.6683E-02    7.3299E-04
  0.270    8.0523E-02    7.9760E-02    7.6368E-04
  0.280    8.3644E-02    8.2849E-02    7.9461E-04
  0.290    8.6778E-02    8.5952E-02    8.2577E-04
  0.300    8.9925E-02    8.9068E-02    8.5718E-04
  0.310    9.3087E-02    9.2198E-02    8.8883E-04
  0.320    9.6263E-02    9.5342E-02    9.2074E-04
  0.330    9.9454E-02    9.8501E-02    9.5291E-04
  0.340    1.0266E-01    1.0168E-01    9.8534E-04
  0.350    1.0588E-01    1.0487E-01    1.0181E-03
  0.360    1.0912E-01    1.0807E-01    1.0510E-03
  0.370    1.1238E-01    1.1129E-01    1.0843E-03
  0.380    1.1565E-01    1.1453E-01    1.1179E-03
  0.390    1.1894E-01    1.1779E-01    1.1518E-03
  0.400    1.2225E-01    1.2107E-01    1.1860E-03
  0.410    1.2558E-01    1.2436E-01    1.2205E-03
  0.420    1.2893E-01    1.2767E-01    1.2554E-03
  0.430    1.3230E-01    1.3101E-01    1.2906E-03
  0.440    1.3569E-01    1.3436E-01    1.3261E-03
  0.450    1.3910E-01    1.3774E-01    1.3620E-03
  0.460    1.4253E-01    1.4114E-01    1.3982E-03
  0.470    1.4599E-01    1.4456E-01    1.4349E-03
  0.480    1.4947E-01    1.4800E-01    1.4719E-03
  0.490    1.5298E-01    1.5147E-01    1.5093E-03
  0.500    1.5651E-01    1.5496E-01    1.5472E-03
  0.510    1.6007E-01    1.5848E-01    1.5854E-03
  0.520    1.6365E-01    1.6203E-01    1.6241E-03
  0.530    1.6726E-01    1.6560E-01    1.6633E-03
  0.540    1.7090E-01    1.6920E-01    1.7029E-03
  0.550    1.7457E-01    1.7283E-01    1.7430E-03
  0.560    1.7827E-01    1.7649E-01    1.7835E-03
  0.570    1.8200E-01    1.8018E-01    1.8246E-03
  0.580    1.8577E-01    1.8390E-01    1.8662E-03
  0.590    1.8957E-01    1.8766E-01    1.9083E-03
  0.600    1.9340E-01    1.9145E-01    1.9510E-03
  0.610    1.9727E-01    1.9528E-01    1.9942E-03
  0.620    2.0118E-01    1.9914E-01    2.0381E-03
  0.630    2.0512E-01    2.0304E-01    2.0825E-03
  0.640    2.0911E-01    2.0698E-01    2.1276E-03
  0.650    2.1314E-01    2.1096E-01    2.1733E-03
  0.660    2.1721E-01    2.1499E-01    2.2197E-03
  0.670    2.2132E-01    2.1906E-01    2.2668E-03
  0.680    2.2549E-01    2.2317E-01    2.3145E-03
  0.690    2.2969E-01    2.2733E-01    2.3631E-03
  0.700    2.3395E-01    2.3154E-01    2.4124E-03
  0.710    2.3826E-01    2.3580E-01    2.4625E-03
  0.720    2.4263E-01    2.4011E-01    2.5134E-03
  0.730    2.4705E-01    2.4448E-01    2.5651E-03
  0.740    2.5152E-01    2.4891E-01    2.6178E-03
  0.750    2.5606E-01    2.5339E-01    2.6713E-03
  0.760    2.6066E-01    2.5794E-01    2.7258E-03
  0.770    2.6533E-01    2.6254E-01    2.7813E-03
  0.780    2.7006E-01    2.6722E-01    2.8378E-03
  0.790    2.7486E-01    2.7196E-01    2.8954E-03
  0.800    2.7974E-01    2.7678E-01    2.9540E-03
  0.810    2.8469E-01    2.8167E-01    3.0139E-03
  0.820    2.8972E-01    2.8664E-01    3.0749E-03
  0.830    2.9484E-01    2.9170E-01    3.1372E-03
  0.840    3.0004E-01    2.9684E-01    3.2008E-03
  0.850    3.0533E-01    3.0207E-01    3.2657E-03
  0.860    3.1072E-01    3.0739E-01    3.3320E-03
  0.870    3.1621E-01    3.1281E-01    3.3999E-03
  0.880    3.2180E-01    3.1833E-01    3.4692E-03
  0.890    3.2751E-01    3.2397E-01    3.5402E-03
  0.900    3.3332E-01    3.2971E-01    3.6129E-03
  0.910    3.3926E-01    3.3558E-01    3.6874E-03
  0.920    3.4533E-01    3.4157E-01    3.7637E-03
  0.930    3.5153E-01    3.4769E-01    3.8420E-03
  0.940    3.5788E-01    3.5396E-01    3.9223E-03
  0.950    3.6437E-01    3.6037E-01    4.0048E-03
  0.960    3.7102E-01    3.6693E-01    4.0895E-03
  0.970    3.7784E-01    3.7366E-01    4.1766E-03
  0.980    3.8484E-01    3.8057E-01    4.2663E-03
  0.990    3.9202E-01    3.8766E-01    4.3586E-03
  1.000    3.9941E-01    3.9495E-01    4.4537E-03
