   1.0000000000000000        0.0000000000000000       0.46600291028248553       0.72780229808163477            10000
 i   solar flux    satshine flux      total flux
 -----------------------------------------------
           1   1279.6082168169087        11.608922464758828        1291.2171392816674     
           2   123.42250828129008        2.8656193294621977        126.28812761075227     
           3   173.31398840226842        2.5152479584728544        175.82923636074128     
           4   63.577377513423563        1.2538702954403249        64.831247808863893     
           5   47.820190000009376       0.87145863256399103        48.691648632573369     
           6   33.381927065926391       0.54221304404569381        33.924140109972086     
           7   20.688606550926092       0.33282386070030845        21.021430411626401     
           8   14.634128647974622       0.24214468992635813        14.876273337900979     
           9   10.035817944549516       0.17038936500036519        10.206207309549882     
          10   5.2551605599609612       0.13534197652685404        5.3905025364878156     
          11   4.5026113268607819        5.0912752709723182E-002   4.5535240795705052     
          12   2.7066752682273849        5.0570228069435841E-002   2.7572454962968207     
          13   2.0293164277536935        2.6272967238546129E-002   2.0555893949922397     
          14  0.97998205444281983        2.3205397372493573E-002   1.0031874518153134     
          15   1.2199650244620857        2.6314372594874128E-002   1.2462793970569599     
          16  0.53631347718122946        1.9187527396698233E-002  0.55550100457792773     
          17  0.47739273244322672        3.5569398125161970E-003  0.48094967225574292     
          18  0.49236270192980619        1.0068219124847986E-002  0.50243092105465414     
          19  0.37036006182866421        1.2670505177297418E-002  0.38303056700596161     
          20   0.0000000000000000        2.2247136983288927E-003   2.2247136983288927E-003
