   1.0000000000000000        0.0000000000000000       0.46600291028248553       0.72780229808163477            10000
 i   solar flux    satshine flux      total flux
 -----------------------------------------------
           1   1352.1055432333324        12.071839576175220        1364.1773828095077     
           2   124.49865266723270        2.8817064575297069        127.38035912476241     
           3   183.56322145673249        2.4238470525153692        185.98706850924785     
           4   72.188595929471518        1.2309486297429457        73.419544559214458     
           5   64.795829617820928       0.74020410115268753        65.536033718973613     
           6   32.327980870793297       0.54275313405356451        32.870734004846859     
           7   18.198785650400360       0.29457141188984426        18.493357062290205     
           8   12.587875370940861       0.25750883373444555        12.845384204675305     
           9   8.3032344457910554       0.12882145382411869        8.4320558996151735     
          10   4.7683372582071035       0.14101851569606466        4.9093557739031679     
          11   5.1728781325405464        6.0321668512964104E-002   5.2331998010535106     
          12   3.4130626789973473        3.9629507641604736E-002   3.4526921866389522     
          13   2.6241247717705560        4.0759421770094055E-002   2.6648841935406500     
          14   1.7239438234963229        1.6114591631125896E-002   1.7400584151274487     
          15  0.57713408418642098        9.8788652480636310E-003  0.58701294943448457     
          16   1.0626148939311482        7.1972450407453026E-003   1.0698121389718935     
          17  0.20875882941854246        6.3644548413602264E-004  0.20939527490267848     
          18  0.21612298398861277        0.0000000000000000       0.21612298398861277     
          19   3.1062682738226204E-002   6.0327970091042116E-003   3.7095479747330413E-002
          20   7.8546122332886595E-005   2.8184151947426854E-003   2.8969613170755719E-003
