   1.0000000000000000        0.0000000000000000       0.46600291028248553       0.72780229808163477            10000
 i   solar flux    satshine flux      total flux
 -----------------------------------------------
           1   1249.2710611686052        11.714038318989751        1260.9850994875949     
           2   128.43752817377401        2.9739974883287692        131.41152566210278     
           3   182.98186873287924        2.5380753315591251        185.51994406443836     
           4   77.534677556050113        1.2652724847820402        78.799950040832158     
           5   57.947915763266266       0.87894937551183372        58.826865138778103     
           6   36.016328452470987       0.51794499672336436        36.534273449194352     
           7   23.042683619131900       0.31665750601227266        23.359341125144173     
           8   12.691369392885505       0.21274154592916053        12.904110938814666     
           9   8.3535628677348264       0.20231557912743245        8.5558784468622591     
          10   6.8827964696915593        9.8763610581743128E-002   6.9815600802733027     
          11   5.3110364026547456        8.1595379610691660E-002   5.3926317822654370     
          12   3.0479856964168377        4.9392838771576013E-002   3.0973785351884136     
          13   2.2774835080423448        3.6372462960667130E-002   2.3138559710030120     
          14  0.28043766199654757        2.4425508966785570E-002  0.30486317096333315     
          15  0.92600478099336248        6.2074814083446566E-003  0.93221226240170718     
          16  0.74699144007503715        8.0132415414321881E-003  0.75500468161646939     
          17   4.7698986984719104E-002   1.1520586094131082E-002   5.9219573078850188E-002
          18  0.54162108317236946        2.4613814515420264E-004  0.54186722131752363     
          19  0.56455631420464347        0.0000000000000000       0.56455631420464347     
          20   0.0000000000000000        0.0000000000000000        0.0000000000000000     
