   1.0000000000000000        0.0000000000000000       0.46600291028248553       0.72780229808163477            10000
 i   solar flux    satshine flux      total flux
 -----------------------------------------------
           1   1342.4587774248189        12.009526721172831        1354.4683041459916     
           2   121.73122477514559        3.0864992771686941        124.81772405231429     
           3   179.51232511959449        2.3264682731812552        181.83879339277576     
           4   66.145623321665283        1.3201337219408100        67.465757043606089     
           5   53.296189707644515       0.85813922737921622        54.154328935023734     
           6   32.876701393610468       0.55180808341842047        33.428509477028889     
           7   21.629571750796003       0.42438759342850407        22.053959344224509     
           8   15.955334411252023       0.20176043445746458        16.157094845709487     
           9   6.2151595326604143       0.16534353231603879        6.3805030649764527     
          10   6.4448641348976530        7.7063808570569450E-002   6.5219279434682225     
          11   5.6672919486447064        5.8809127578377612E-002   5.7261010762230837     
          12   2.2588167030145070        5.4796438468616225E-002   2.3136131414831231     
          13   2.5781059683988428        1.3930764124920267E-002   2.5920367325237632     
          14   1.2045729759605970        2.1969902636158313E-002   1.2265428785967554     
          15   1.0824199102533814        1.8356045105865307E-002   1.1007759553592467     
          16  0.17909033169538890        4.0494880935735295E-003  0.18313981978896243     
          17  0.44418970014947090        1.1840204696510738E-002  0.45602990484598166     
          18  0.30310620817467915        0.0000000000000000       0.30310620817467915     
          19  0.58540603064535968        3.2337065115850870E-003  0.58863973715694473     
          20  0.13594426773613377        4.2598315509817138E-003  0.14020409928711550     
