   1.0000000000000000        0.0000000000000000       0.46600291028248553       0.72780229808163477            10000
 i   solar flux    satshine flux      total flux
 -----------------------------------------------
           1   1304.8798463383769        11.793384520958034        1316.6732308593348     
           2   123.36864888189173        2.8868158574454763        126.25546473933720     
           3   191.03676391251105        2.3747727363870572        193.41153664889811     
           4   79.017284742446549        1.1816392782739678        80.198924020720511     
           5   53.893878903832025       0.85347163682474469        54.747350540656768     
           6   32.895571280316297       0.61239372926726510        33.507965009583565     
           7   22.898496325199304       0.39646908078711030        23.294965405986414     
           8   13.899284796979218       0.25312829013347699        14.152413087112695     
           9   9.4527202214423127       0.15991848088203187        9.6126387023243449     
          10   7.2375019271552876       0.11388530201957628        7.3513872291748639     
          11   2.7152576669605963        5.1582826550100637E-002   2.7668404935106969     
          12   2.0323205484154352        6.0328287339284983E-002   2.0926488357547202     
          13   1.5111325666020841        3.0301973822496206E-002   1.5414345404245802     
          14   1.1015547746687568        2.3440505855967918E-002   1.1249952805247248     
          15  0.72085498365084422        1.6851511359183096E-002  0.73770649501002727     
          16  0.29872540244492857        5.3451915950761776E-003  0.30407059404000475     
          17  0.60660515896081879        6.9538295501786621E-003  0.61355898851099744     
          18  0.30193102649630404        8.3012111863435857E-003  0.31023223768264763     
          19   9.0096965676183249E-002   0.0000000000000000        9.0096965676183249E-002
          20  0.28094031453251694        0.0000000000000000       0.28094031453251694     
