   1.0000000000000000        0.0000000000000000       0.46600291028248553       0.72780229808163477            10000
 i   solar flux    satshine flux      total flux
 -----------------------------------------------
           1   1343.4372970340341        12.300025284290845        1355.7373223183249     
           2   120.49619766461468        2.7864163919482108        123.28261405656289     
           3   168.48043063867846        2.4668335151321013        170.94726415381055     
           4   74.301506707317230        1.1887300670212029        75.490236774338427     
           5   58.118149267705860       0.75997097300386418        58.878120240709727     
           6   31.622237464433002       0.53296946359811570        32.155206928031120     
           7   19.679937076813687       0.36316771549723331        20.043104792310920     
           8   12.358845366197812       0.21247071171273174        12.571316077910543     
           9   8.8047960948682551       0.21232777478425113        9.0171238696525062     
          10   5.8680227391172322       0.11349673782973571        5.9815194769469677     
          11   5.2331264496111425        7.2633973269459168E-002   5.3057604228806019     
          12   4.6882241713657873        8.2366267751581596E-002   4.7705904391173686     
          13   2.1860450367229198        3.9199396845397284E-002   2.2252444335683172     
          14   1.4134791240390101        2.5887439771286762E-002   1.4393665638102968     
          15  0.82597895003592270        1.2913901245532465E-003  0.82727034016047596     
          16  0.55509051483915495        1.0837962562339327E-002  0.56592847740149432     
          17  0.43008787803056509        4.8725433197606728E-003  0.43496042135032575     
          18  0.42485878281634587        0.0000000000000000       0.42485878281634587     
          19  0.21965007825913377        0.0000000000000000       0.21965007825913377     
          20  0.27331624799297799        3.0599421601465067E-003  0.27637619015312448     
