   1.0000000000000000        0.0000000000000000       0.46600291028248553       0.72780229808163477            10000
 i   solar flux    satshine flux      total flux
 -----------------------------------------------
           1   1319.3805134007457        11.948570884022887        1331.3290842847687     
           2   127.83213338879517        3.1077659833271474        130.93989937212231     
           3   178.72448905209660        2.3990146500848413        181.12350370218144     
           4   76.082197229741070        1.2160231805048338        77.298220410245904     
           5   60.954322331097117       0.85531812031908050        61.809640451416200     
           6   36.903866627444913       0.62028426436472106        37.524150891809633     
           7   23.461715351374718       0.38963090532046141        23.851346256695180     
           8   15.371716446326865       0.20947085340427185        15.581187299731136     
           9   9.8079843030120983       0.17707154200542916        9.9850558450175271     
          10   8.4617936454301983        6.6676380758256895E-002   8.5284700261884545     
          11   4.6432570441227714        7.6834490703667963E-002   4.7200915348264392     
          12   2.8354441017100314        4.8756148962384012E-002   2.8842002506724156     
          13   3.0977972499717734        5.1248001046899014E-002   3.1490452510186726     
          14   2.1720506597929745        1.7709508339745595E-002   2.1897601681327199     
          15  0.98695335864590006        2.5914726844905964E-002   1.0128680854908061     
          16  0.53537261100120448        1.6522461393632087E-002  0.55189507239483659     
          17  0.41416367068875493        6.3562366742155900E-003  0.42051990736297051     
          18   8.3006684080203730E-002   4.2813897703618854E-003   8.7288073850565612E-002
          19  0.11369519380328005        0.0000000000000000       0.11369519380328005     
          20   0.0000000000000000        3.7449333912934796E-003   3.7449333912934796E-003
