   1.0000000000000000        0.0000000000000000       0.46600291028248553       0.72780229808163477            10000
 i   solar flux    satshine flux      total flux
 -----------------------------------------------
           1   1330.5175783979175        11.958281874509911        1342.4758602724276     
           2   127.33907624408084        2.8646156110366117        130.20369185511746     
           3   154.76632121240596        2.2320734359063792        156.99839464831234     
           4   69.886356983069632        1.0972022698536348        70.983559252923271     
           5   51.348340537902985       0.72138666888490299        52.069727206787888     
           6   32.771583690033147       0.45992823729159243        33.231511927324739     
           7   18.129166196522768       0.25277886422706142        18.381945060749828     
           8   11.455374558178193       0.18875906744569537        11.644133625623887     
           9   8.9853218168525526       0.12073063499531152        9.1060524518478640     
          10   4.8138839843008467        9.6876712919565761E-002   4.9107606972204128     
          11   4.3972500897782067        5.5620520717931825E-002   4.4528706104961389     
          12   2.4007690061025437        6.4427763194557092E-002   2.4651967692971009     
          13   1.3466097589586203        2.6764983558498306E-002   1.3733747425171186     
          14  0.86796164414585975        3.7705817562027150E-002  0.90566746170788692     
          15  0.96179650261990646        2.1611820331854506E-002  0.98340832295176095     
          16   1.1719125067599045        3.0655527069321228E-002   1.2025680338292257     
          17   0.0000000000000000        1.0123835361717293E-002   1.0123835361717293E-002
          18  0.55996672575592954        5.0238146711413167E-003  0.56499054042707086     
          19  0.53757284532717819        6.7360865775255678E-003  0.54430893190470375     
          20  0.52725312186823947        3.4858797629781007E-003  0.53073900163121757     
