   1.0000000000000000        0.0000000000000000       0.46600291028248553       0.72780229808163477            10000
 i   solar flux    satshine flux      total flux
 -----------------------------------------------
           1   1364.8027953676358        12.181816784279770        1376.9846121519156     
           2   123.65912894439001        2.9194470548326286        126.57857599922264     
           3   179.00000364079546        2.3364407350494716        181.33644437584493     
           4   77.118437029387550        1.3209360507379238        78.439373080125478     
           5   57.054606369442098       0.89004655676986699        57.944652926211965     
           6   32.703095917729165       0.58271424493854440        33.285810162667708     
           7   24.685333295345522       0.34907443263637083        25.034407727981893     
           8   12.841908344300784       0.19529490304498839        13.037203247345772     
           9   9.3443803024784486       0.13335288513536672        9.4777331876138149     
          10   7.6730905269987080       0.10028881631690505        7.7733793433156126     
          11   4.0459738735545709        6.2802942626869446E-002   4.1087768161814404     
          12   3.7752915196254433        4.7752398993405450E-002   3.8230439186188487     
          13   2.3080734889291952        1.9138995245890675E-002   2.3272124841750856     
          14   1.2927564645114751        3.0308430413535218E-003   1.2957873075528286     
          15  0.60072420611163546        1.2286448906657773E-002  0.61301065501829322     
          16  0.67252106775148934        6.2244389049203406E-003  0.67874550665640965     
          17  0.60257615017310606        9.1566508235800190E-003  0.61173280099668603     
          18   0.0000000000000000        3.5787205662944446E-003   3.5787205662944446E-003
          19   9.7410491367011270E-002   0.0000000000000000        9.7410491367011270E-002
          20  0.22839780244718730        0.0000000000000000       0.22839780244718730     
