   1.0000000000000000        0.0000000000000000       0.46600291028248553       0.72780229808163477            10000
 i   solar flux    satshine flux      total flux
 -----------------------------------------------
           1   1300.4140805409343        12.193045620264803        1312.6071261611992     
           2   131.45916965235193        3.1218272450331295        134.58099689738506     
           3   178.11409509808635        2.4579168400566815        180.57201193814302     
           4   81.572219043387349        1.3013422559622077        82.873561299349561     
           5   56.505397399762131       0.84083440310829283        57.346231802870427     
           6   35.539877827084538       0.58912716048185032        36.129004987566390     
           7   19.412003499613938       0.36368232216902135        19.775685821782961     
           8   15.405036515156439       0.22752122876511385        15.632557743921554     
           9   9.4513013231205356       0.15381657182200453        9.6051178949425395     
          10   9.5159226960233632       0.10509258733179792        9.6210152833551614     
          11   3.9820030814232510       0.10315641217777798        4.0851594936010294     
          12   3.5641589608467719        5.0421264889992698E-002   3.6145802257367645     
          13   1.9002467751745975        2.5810214548811973E-002   1.9260569897234094     
          14   1.7103708592845159        3.1183729514800477E-002   1.7415545887993165     
          15   1.5183035416044930        1.2247590840738442E-002   1.5305511324452314     
          16  0.27031274544781819        7.7851456642961826E-003  0.27809789111211436     
          17  0.21796315123457757        2.2023140352742691E-003  0.22016546526985184     
          18  0.29783889295944144        8.1177443598871510E-003  0.30595663731932859     
          19  0.51631903151793845        8.2542386119599981E-005  0.51640157390405805     
          20  0.17425886125151435        0.0000000000000000       0.17425886125151435     
