   1.0000000000000000        0.0000000000000000       0.46600291028248553       0.72780229808163477            10000
 i   solar flux    satshine flux      total flux
 -----------------------------------------------
           1   1301.7681289662837        12.163439835190156        1313.9315688014738     
           2   122.05387169997253        2.8454198476405148        124.89929154761305     
           3   174.04476710083213        2.5573756128577565        176.60214271368989     
           4   67.044802627248913        1.2675461711941505        68.312348798443068     
           5   55.076204199381209       0.94836069151616897        56.024564890897381     
           6   30.730944936426887       0.54321722093601810        31.274162157362905     
           7   20.736552628426871       0.40764590669687767        21.144198535123749     
           8   15.159368153881189       0.19557098158103955        15.354939135462228     
           9   10.020720718464084       0.11708358743758147        10.137804305901666     
          10   6.0783914520789786       0.10030925493316417        6.1787007070121431     
          11   3.6789163081178429        4.9080594969206547E-002   3.7279969030870492     
          12   2.6042484091663427        5.2986625147771735E-002   2.6572350343141142     
          13   1.5156635467457444        3.2608130087332765E-002   1.5482716768330773     
          14   1.6536570161490403        2.5946467454717424E-002   1.6796034836037577     
          15  0.88424182384700345        1.7854530092551009E-002  0.90209635393955445     
          16  0.37878676690675006        9.6421216159843781E-003  0.38842888852273444     
          17  0.29174483630327686        1.0110570643916390E-002  0.30185540694719326     
          18  0.23521665860585203        0.0000000000000000       0.23521665860585203     
          19   0.0000000000000000        8.4092397529948835E-004   8.4092397529948835E-004
          20  0.20192813292874989        0.0000000000000000       0.20192813292874989     
