   1.0000000000000000        0.0000000000000000       0.46600291028248553       0.72780229808163477            10000
 i   solar flux    satshine flux      total flux
 -----------------------------------------------
           1   1363.4697070343261        12.373178108157431        1375.8428851424835     
           2   126.22372178169408        3.0539869557313013        129.27770873742537     
           3   176.34835746638061        2.4432106258001380        178.79156809218074     
           4   71.083795417596846        1.3299812551124490        72.413776672709290     
           5   50.929604960274141       0.84370837176132440        51.773313332035464     
           6   33.589364063714214       0.63076043287853456        34.220124496592746     
           7   21.384835078833312       0.34819646756213879        21.733031546395452     
           8   17.202664970312330       0.25747539764587651        17.460140367958207     
           9   9.9188776177809874       0.15542636423159775        10.074303982012585     
          10   6.8640791501645255       0.14798403406965163        7.0120631842341767     
          11   3.1497829375703223        6.6038430398161957E-002   3.2158213679684842     
          12   3.2365011896063640        6.6751723613667879E-002   3.3032529132200317     
          13   1.4976425701965101        4.1908778728286196E-002   1.5395513489247963     
          14  0.56406160978836684        3.4522703842103354E-002  0.59858431363047016     
          15   1.3104155619091085        3.2629673895881312E-002   1.3430452358049898     
          16  0.21701833213932659        8.8667944163824050E-003  0.22588512655570900     
          17  0.17139570500920276        4.0577692385294437E-003  0.17545347424773219     
          18  0.19924951744275579        4.6206907540012740E-003  0.20387020819675705     
          19   0.0000000000000000        7.7063959688835129E-004   7.7063959688835129E-004
          20   1.3828243844557929E-002   0.0000000000000000        1.3828243844557929E-002
