   1.0000000000000000        0.0000000000000000       0.46600291028248553       0.72780229808163477            10000
 i   solar flux    satshine flux      total flux
 -----------------------------------------------
           1   1297.1600729570937        12.160683462931258        1309.3207564200250     
           2   118.47509071677152        2.9975625653582374        121.47265328212976     
           3   153.55033500916034        2.2782769847873960        155.82861199394773     
           4   68.899663841750993        1.3025729095793266        70.202236751330318     
           5   54.980577394719617       0.81272511125587732        55.793302505975497     
           6   27.565003827235337       0.56063702854754949        28.125640855782887     
           7   16.139374232573360       0.31073644768222219        16.450110680255580     
           8   14.403722913311043       0.23722075711265597        14.640943670423699     
           9   7.6810385995968176       0.15047229302023138        7.8315108926170494     
          10   6.7273467774383571        7.7732155320288029E-002   6.8050789327586454     
          11   3.4721776951610170        7.5410114939687828E-002   3.5475878101007048     
          12   3.0384279999293828        5.3398607245202769E-002   3.0918266071745855     
          13   1.5712309397380797        3.5300554587247041E-002   1.6065314943253268     
          14  0.94438008440955645        2.0241183257435288E-002  0.96462126766699174     
          15  0.81149368759228513        1.2839423597887376E-002  0.82433311119017250     
          16  0.33027641058539231        8.8411343157781697E-003  0.33911754490117046     
          17  0.47998557511002049        7.0704916608009399E-003  0.48705606677082142     
          18  0.15164038096266266        3.2594886607115138E-003  0.15489986962337418     
          19  0.31371096466650855        3.2054617672292382E-003  0.31691642643373780     
          20   0.0000000000000000        2.7898757183250104E-003   2.7898757183250104E-003
