   1.0000000000000000        0.0000000000000000       0.46600291028248553       0.72780229808163477            10000
 i   solar flux    satshine flux      total flux
 -----------------------------------------------
           1   1297.5908860641200        12.118514097512943        1309.7094001616329     
           2   118.30501871462947        2.7934851202928144        121.09850383492228     
           3   181.59454664238990        2.4173032569458535        184.01184989933574     
           4   77.614742714472953        1.2450344391325880        78.859777153605535     
           5   59.583204113062990       0.84963071242958466        60.432834825492577     
           6   32.600030192087061       0.60218196664843804        33.202212158735499     
           7   21.347000778606592       0.36800586597385898        21.715006644580452     
           8   13.633236611085618       0.22154943291187851        13.854786043997496     
           9   9.7631824143339632       0.14585113536411393        9.9090335496980764     
          10   4.0986385807233932        9.4135190640857569E-002   4.1927737713642506     
          11   4.3859585915060721        5.7716232106695395E-002   4.4436748236127679     
          12   2.8455009203378574        2.9672653483105934E-002   2.8751735738209634     
          13   2.1886348018904505        5.0458641871498802E-002   2.2390934437619494     
          14   1.3258224253318818        1.1480278303630033E-002   1.3373027036355118     
          15   1.1847066271119606        1.6616366224469461E-002   1.2013229933364300     
          16  0.95687912165814759        8.0232591691245438E-003  0.96490238082727209     
          17  0.62037594962782816        8.9285974856823068E-003  0.62930454711351047     
          18  0.62206525444500405        1.2212537942531727E-002  0.63427779238753579     
          19   0.0000000000000000        0.0000000000000000        0.0000000000000000     
          20  0.44149645688044031        4.8972488774052750E-003  0.44639370575784559     
