   1.0000000000000000        0.0000000000000000       0.46600291028248553       0.72780229808163477            10000
 i   solar flux    satshine flux      total flux
 -----------------------------------------------
           1   1282.0459822642820        11.618177342102083        1293.6641596063841     
           2   124.18712560728291        3.0120505764371264        127.19917618372004     
           3   189.52596514018683        2.4405529246321183        191.96651806481896     
           4   75.195812549242788        1.3397381516729299        76.535550700915721     
           5   63.390814247975868       0.94497471196000171        64.335788959935869     
           6   34.635390512173942       0.50938331162843831        35.144773823802382     
           7   24.196340707754239       0.40956828825405012        24.605908996008289     
           8   18.137857458139628       0.24780087612416155        18.385658334263791     
           9   9.2207511841494725       0.16438405025663250        9.3851352344061052     
          10   6.9175669175372940        9.2726375314053325E-002   7.0102932928513475     
          11   4.5089416684833052        7.1749073580784362E-002   4.5806907420640899     
          12   1.6017911662560178        4.1838695412331567E-002   1.6436298616683493     
          13   1.5890505577498890        3.1609389005382162E-002   1.6206599467552711     
          14   1.3800499089815761        3.0101871561684607E-002   1.4101517805432606     
          15  0.52856416136612749        2.2426046649433866E-002  0.55099020801556131     
          16  0.68971832554897194        2.0637628943388119E-002  0.71035595449236011     
          17  0.54739489856642631        1.1843796541326078E-002  0.55923869510775237     
          18  0.29314554308498286        1.4265112558370933E-002  0.30741065564335379     
          19  0.52120561211873639        1.4707592631379555E-002  0.53591320475011595     
          20  0.21164331943078568        1.0251896536341530E-002  0.22189521596712722     
