   1.0000000000000000        0.0000000000000000       0.46600291028248553       0.72780229808163477            10000
 i   solar flux    satshine flux      total flux
 -----------------------------------------------
           1   1281.8221764735513        12.079037530322843        1293.9012140038742     
           2   124.55175129147057        3.0537146057897724        127.60546589726034     
           3   176.98280919823745        2.5404550308484772        179.52326422908592     
           4   77.611953282363828        1.3899479183574224        79.001901200721250     
           5   54.354414741713974       0.87123755443567175        55.225652296149647     
           6   33.724142307688169       0.59495922262087431        34.319101530309041     
           7   21.360510111585334       0.38318213198369966        21.743692243569033     
           8   12.411781561153795       0.24534275059061389        12.657124311744409     
           9   8.8773486415347502       0.15350468272347934        9.0308533242582296     
          10   4.9405317262085244       0.12555275644318500        5.0660844826517097     
          11   6.9349437529826057        6.3583826908212487E-002   6.9985275798908182     
          12   2.5749322945157758        5.2203010759204492E-002   2.6271353052749804     
          13   2.1783562405766395        3.2581810983182018E-002   2.2109380515598214     
          14   1.8355874909091154        1.8719206619916651E-002   1.8543066975290321     
          15  0.84548198762512317        2.2414720170027588E-002  0.86789670779515071     
          16  0.71353678019857869        2.2369614525235169E-003  0.71577374165110219     
          17  0.35346224115251124        1.2824167037917880E-002  0.36628640819042912     
          18   0.0000000000000000        3.2571076905531567E-003   3.2571076905531567E-003
          19  0.30148687812085911        1.3431546820096441E-003  0.30283003280286874     
          20   0.0000000000000000        7.8694131529026524E-004   7.8694131529026524E-004
