   1.0000000000000000        0.0000000000000000       0.46600291028248553       0.72780229808163477            10000
 i   solar flux    satshine flux      total flux
 -----------------------------------------------
           1   1308.0397123123416        12.091221811287893        1320.1309341236295     
           2   112.91222381619269        2.8369958791445544        115.74921969533725     
           3   179.22343556344060        2.3036384501430986        181.52707401358370     
           4   71.286493999954459        1.3328382070187614        72.619332206973226     
           5   56.998528624149827       0.86010853031237111        57.858637154462201     
           6   36.055614191104766       0.51250486696031849        36.568119058065086     
           7   20.717651683782691       0.33019875526026332        21.047850439042953     
           8   14.427223156940414       0.24581589000478501        14.673039046945199     
           9   12.241199228023298       0.15316019597987190        12.394359424003170     
          10   6.0842076522273487        8.3513382132727174E-002   6.1677210343600759     
          11   5.5143717349322223        6.6522659958348954E-002   5.5808943948905716     
          12   3.1834081558409810        4.9557115043498745E-002   3.2329652708844798     
          13   2.6049772041910084        2.1758846427298618E-002   2.6267360506183071     
          14   2.2616018576010370        1.9318197661387169E-002   2.2809200552624240     
          15  0.54414746638969835        9.6868841771581837E-003  0.55383435056685659     
          16  0.64287990707505549        9.8425639876654168E-003  0.65272247106272085     
          17   0.0000000000000000        1.3707214509119848E-002   1.3707214509119848E-002
          18  0.30164831814739357        4.3372180839467727E-005  0.30169169032823301     
          19   5.8757538030473275E-002   2.6071408862400336E-003   6.1364678916713308E-002
          20   0.0000000000000000        7.1097639150125846E-003   7.1097639150125846E-003
