   1.0000000000000000        0.0000000000000000       0.46600291028248553       0.72780229808163477            10000
 i   solar flux    satshine flux      total flux
 -----------------------------------------------
           1   1313.2836014955969        12.026955705106671        1325.3105572007037     
           2   120.85881422024850        3.1000962795922069        123.95891049984071     
           3   185.90975536106987        2.3626276577510339        188.27238301882090     
           4   77.892880959258122        1.2370882631560616        79.129969222414189     
           5   57.185011469416118       0.96448077495226803        58.149492244368389     
           6   32.680876395967950       0.52260813870535705        33.203484534673308     
           7   21.619752795164779       0.36244219996263100        21.982194995127408     
           8   16.236117432047710       0.27092520103093859        16.507042633078647     
           9   10.883157293317421       0.16596832485896762        11.049125618176388     
          10   7.3451633183032801        8.8163672469862980E-002   7.4333269907731427     
          11   5.7786397852809603        6.1201484072016032E-002   5.8398412693529762     
          12   2.4137605051494178        4.6471804178438832E-002   2.4602323093278566     
          13   1.7291624698515478        1.8925722381170580E-002   1.7480881922327183     
          14  0.57871272645682181        2.2191922246375916E-002  0.60090464870319771     
          15   1.1647241914232906        1.2852375851559024E-002   1.1775765672748497     
          16  0.14376218468913826        4.9780748464249118E-003  0.14874025953556316     
          17  0.44513513298341240        9.5444384920088717E-003  0.45467957147542126     
          18  0.24614094900215494        5.7287248213273995E-003  0.25186967382348235     
          19  0.37060202279828519        6.8646918244463792E-003  0.37746671462273157     
          20   0.0000000000000000        1.9238354272436539E-003   1.9238354272436539E-003
