 Curly R     I/F(total)  I/F(solar)   I/F(saturn)
 ---------------------------------------------------
  0.010    2.8149E-03    2.7893E-03    2.5587E-05
  0.020    5.6353E-03    5.5840E-03    5.1308E-05
  0.030    8.4614E-03    8.3843E-03    7.7167E-05
  0.040    1.1294E-02    1.1190E-02    1.0317E-04
  0.050    1.4132E-02    1.4003E-02    1.2931E-04
  0.060    1.6977E-02    1.6821E-02    1.5560E-04
  0.070    1.9829E-02    1.9647E-02    1.8205E-04
  0.080    2.2687E-02    2.2479E-02    2.0864E-04
  0.090    2.5553E-02    2.5318E-02    2.3540E-04
  0.100    2.8427E-02    2.8165E-02    2.6231E-04
  0.110    3.1309E-02    3.1019E-02    2.8939E-04
  0.120    3.4198E-02    3.3882E-02    3.1664E-04
  0.130    3.7097E-02    3.6752E-02    3.4407E-04
  0.140    4.0004E-02    3.9632E-02    3.7167E-04
  0.150    4.2920E-02    4.2520E-02    3.9945E-04
  0.160    4.5845E-02    4.5418E-02    4.2742E-04
  0.170    4.8780E-02    4.8325E-02    4.5557E-04
  0.180    5.1726E-02    5.1242E-02    4.8392E-04
  0.190    5.4681E-02    5.4169E-02    5.1247E-04
  0.200    5.7648E-02    5.7106E-02    5.4123E-04
  0.210    6.0625E-02    6.0055E-02    5.7019E-04
  0.220    6.3614E-02    6.3015E-02    5.9936E-04
  0.230    6.6615E-02    6.5986E-02    6.2875E-04
  0.240    6.9628E-02    6.8970E-02    6.5837E-04
  0.250    7.2654E-02    7.1965E-02    6.8822E-04
  0.260    7.5692E-02    7.4974E-02    7.1830E-04
  0.270    7.8744E-02    7.7996E-02    7.4862E-04
  0.280    8.1810E-02    8.1031E-02    7.7918E-04
  0.290    8.4890E-02    8.4080E-02    8.1000E-04
  0.300    8.7985E-02    8.7144E-02    8.4108E-04
  0.310    9.1095E-02    9.0223E-02    8.7242E-04
  0.320    9.4221E-02    9.3317E-02    9.0404E-04
  0.330    9.7363E-02    9.6427E-02    9.3593E-04
  0.340    1.0052E-01    9.9553E-02    9.6811E-04
  0.350    1.0370E-01    1.0270E-01    1.0006E-03
  0.360    1.0689E-01    1.0586E-01    1.0333E-03
  0.370    1.1010E-01    1.0903E-01    1.0664E-03
  0.380    1.1333E-01    1.1223E-01    1.0998E-03
  0.390    1.1658E-01    1.1545E-01    1.1335E-03
  0.400    1.1985E-01    1.1868E-01    1.1676E-03
  0.410    1.2314E-01    1.2194E-01    1.2020E-03
  0.420    1.2645E-01    1.2521E-01    1.2367E-03
  0.430    1.2978E-01    1.2851E-01    1.2719E-03
  0.440    1.3314E-01    1.3183E-01    1.3073E-03
  0.450    1.3652E-01    1.3517E-01    1.3432E-03
  0.460    1.3992E-01    1.3854E-01    1.3794E-03
  0.470    1.4335E-01    1.4193E-01    1.4161E-03
  0.480    1.4680E-01    1.4535E-01    1.4532E-03
  0.490    1.5028E-01    1.4879E-01    1.4907E-03
  0.500    1.5378E-01    1.5225E-01    1.5286E-03
  0.510    1.5732E-01    1.5575E-01    1.5670E-03
  0.520    1.6088E-01    1.5927E-01    1.6058E-03
  0.530    1.6447E-01    1.6282E-01    1.6452E-03
  0.540    1.6809E-01    1.6641E-01    1.6850E-03
  0.550    1.7175E-01    1.7002E-01    1.7253E-03
  0.560    1.7543E-01    1.7367E-01    1.7662E-03
  0.570    1.7915E-01    1.7734E-01    1.8075E-03
  0.580    1.8291E-01    1.8106E-01    1.8495E-03
  0.590    1.8670E-01    1.8481E-01    1.8920E-03
  0.600    1.9053E-01    1.8859E-01    1.9351E-03
  0.610    1.9439E-01    1.9241E-01    1.9788E-03
  0.620    1.9830E-01    1.9627E-01    2.0232E-03
  0.630    2.0224E-01    2.0018E-01    2.0682E-03
  0.640    2.0623E-01    2.0412E-01    2.1138E-03
  0.650    2.1027E-01    2.0811E-01    2.1602E-03
  0.660    2.1434E-01    2.1214E-01    2.2073E-03
  0.670    2.1847E-01    2.1621E-01    2.2551E-03
  0.680    2.2264E-01    2.2034E-01    2.3037E-03
  0.690    2.2687E-01    2.2451E-01    2.3531E-03
  0.700    2.3114E-01    2.2874E-01    2.4033E-03
  0.710    2.3548E-01    2.3302E-01    2.4543E-03
  0.720    2.3986E-01    2.3736E-01    2.5063E-03
  0.730    2.4431E-01    2.4175E-01    2.5591E-03
  0.740    2.4882E-01    2.4620E-01    2.6130E-03
  0.750    2.5338E-01    2.5072E-01    2.6678E-03
  0.760    2.5802E-01    2.5530E-01    2.7236E-03
  0.770    2.6272E-01    2.5994E-01    2.7805E-03
  0.780    2.6750E-01    2.6466E-01    2.8385E-03
  0.790    2.7234E-01    2.6945E-01    2.8976E-03
  0.800    2.7727E-01    2.7431E-01    2.9579E-03
  0.810    2.8227E-01    2.7925E-01    3.0195E-03
  0.820    2.8736E-01    2.8427E-01    3.0824E-03
  0.830    2.9253E-01    2.8938E-01    3.1466E-03
  0.840    2.9780E-01    2.9458E-01    3.2122E-03
  0.850    3.0315E-01    2.9988E-01    3.2794E-03
  0.860    3.0861E-01    3.0526E-01    3.3480E-03
  0.870    3.1417E-01    3.1076E-01    3.4182E-03
  0.880    3.1984E-01    3.1635E-01    3.4902E-03
  0.890    3.2562E-01    3.2206E-01    3.5638E-03
  0.900    3.3153E-01    3.2789E-01    3.6393E-03
  0.910    3.3755E-01    3.3383E-01    3.7168E-03
  0.920    3.4371E-01    3.3991E-01    3.7962E-03
  0.930    3.5000E-01    3.4612E-01    3.8778E-03
  0.940    3.5643E-01    3.5247E-01    3.9616E-03
  0.950    3.6302E-01    3.5897E-01    4.0477E-03
  0.960    3.6977E-01    3.6563E-01    4.1363E-03
  0.970    3.7668E-01    3.7245E-01    4.2275E-03
  0.980    3.8377E-01    3.7945E-01    4.3214E-03
  0.990    3.9104E-01    3.8662E-01    4.4182E-03
  1.000    3.9851E-01    3.9399E-01    4.5180E-03
