   1.0000000000000000        0.0000000000000000       0.46600291028248553       0.72780229808163477            10000
 i   solar flux    satshine flux      total flux
 -----------------------------------------------
           1   1323.4803397816272        12.246250565009372        1335.7265903466366     
           2   123.93576893668167        2.9016529291942117        126.83742186587588     
           3   186.53715528039154        2.5906953199388263        189.12785060033036     
           4   73.534650339023798        1.3309626782164830        74.865613017240278     
           5   59.733456792351092       0.95515308649236053        60.688609878843451     
           6   30.058400426857052       0.53813337291883090        30.596533799775884     
           7   22.010297111445055       0.40501823892674288        22.415315350371799     
           8   12.515304391073446       0.27424304745075534        12.789547438524201     
           9   10.213601983769930       0.17108272617630141        10.384684709946232     
          10   5.6466921050964256       0.13468430046085872        5.7813764055572845     
          11   4.8957535803244880       0.10171374692317786        4.9974673272476657     
          12   2.4941903832228696        5.0046623732818075E-002   2.5442370069556874     
          13   2.6750029282633685        3.8414807975907628E-002   2.7134177362392760     
          14  0.85434114670062955        1.4794285576136500E-002  0.86913543227676604     
          15   1.0930799178673898        2.3500129766311311E-002   1.1165800476337011     
          16  0.66177414998707107        2.2669177763484927E-002  0.68444332775055594     
          17  0.54086758948902791        5.0976974712956362E-003  0.54596528696032354     
          18  0.23402703377171619        0.0000000000000000       0.23402703377171619     
          19   0.0000000000000000        0.0000000000000000        0.0000000000000000     
          20   4.9269375457022632E-002   5.2158148109215461E-003   5.4485190267944177E-002
