   1.0000000000000000        0.0000000000000000       0.46600291028248553       0.72780229808163477            10000
 i   solar flux    satshine flux      total flux
 -----------------------------------------------
           1   1327.2055205243389        11.644869363242595        1338.8503898875815     
           2   122.43227858118510        3.1115424032147252        125.54382098439983     
           3   174.90615663053066        2.3749918550941849        177.28114848562484     
           4   76.349726215830145        1.2321577596782076        77.581883975508347     
           5   55.353049846978109       0.91663750016448831        56.269687347142600     
           6   32.630366488746873       0.49939615927874020        33.129762648025611     
           7   22.573340554118687       0.36778304170621973        22.941123595824905     
           8   15.241537574485571       0.21587545611737360        15.457413030602945     
           9   8.0423672507605559       0.14538611149784827        8.1877533622584036     
          10   8.2474047255299148       0.11939694689069688        8.3668016724206122     
          11   3.8496387124514806        5.5547559904777395E-002   3.9051862723562580     
          12   2.6189073989687079        3.6814970426022858E-002   2.6557223693947307     
          13   1.9794462465347848        1.8286101307391976E-002   1.9977323478421769     
          14   2.3359188705078853        2.1304023964161166E-002   2.3572228944720464     
          15   1.2073682663669651        2.2536053616858617E-002   1.2299043199838238     
          16  0.27054548252717242        5.3731304027650655E-003  0.27591861292993747     
          17  0.69954633363219565        1.4706467076164838E-003  0.70101698033981208     
          18  0.67230811264453672        1.6297712058220761E-003  0.67393788385035880     
          19   0.0000000000000000        8.6292594901402966E-003   8.6292594901402966E-003
          20  0.25510169993218385        0.0000000000000000       0.25510169993218385     
