 Curly R     I/F(total)  I/F(solar)   I/F(saturn)
 ---------------------------------------------------
  0.010    2.8437E-03    2.8189E-03    2.4776E-05
  0.020    5.6929E-03    5.6432E-03    4.9688E-05
  0.030    8.5479E-03    8.4731E-03    7.4737E-05
  0.040    1.1409E-02    1.1309E-02    9.9928E-05
  0.050    1.4276E-02    1.4151E-02    1.2526E-04
  0.060    1.7150E-02    1.6999E-02    1.5075E-04
  0.070    2.0031E-02    1.9854E-02    1.7638E-04
  0.080    2.2918E-02    2.2716E-02    2.0217E-04
  0.090    2.5813E-02    2.5585E-02    2.2812E-04
  0.100    2.8715E-02    2.8461E-02    2.5423E-04
  0.110    3.1626E-02    3.1345E-02    2.8051E-04
  0.120    3.4544E-02    3.4237E-02    3.0695E-04
  0.130    3.7470E-02    3.7137E-02    3.3357E-04
  0.140    4.0406E-02    4.0045E-02    3.6037E-04
  0.150    4.3350E-02    4.2963E-02    3.8735E-04
  0.160    4.6304E-02    4.5889E-02    4.1452E-04
  0.170    4.9267E-02    4.8825E-02    4.4187E-04
  0.180    5.2240E-02    5.1770E-02    4.6942E-04
  0.190    5.5223E-02    5.4726E-02    4.9717E-04
  0.200    5.8216E-02    5.7691E-02    5.2512E-04
  0.210    6.1221E-02    6.0668E-02    5.5329E-04
  0.220    6.4237E-02    6.3655E-02    5.8166E-04
  0.230    6.7264E-02    6.6654E-02    6.1026E-04
  0.240    7.0303E-02    6.9664E-02    6.3908E-04
  0.250    7.3355E-02    7.2687E-02    6.6812E-04
  0.260    7.6419E-02    7.5722E-02    6.9741E-04
  0.270    7.9496E-02    7.8769E-02    7.2693E-04
  0.280    8.2587E-02    8.1830E-02    7.5670E-04
  0.290    8.5692E-02    8.4905E-02    7.8673E-04
  0.300    8.8811E-02    8.7994E-02    8.1701E-04
  0.310    9.1945E-02    9.1097E-02    8.4756E-04
  0.320    9.5094E-02    9.4215E-02    8.7837E-04
  0.330    9.8258E-02    9.7349E-02    9.0947E-04
  0.340    1.0144E-01    1.0050E-01    9.4085E-04
  0.350    1.0464E-01    1.0366E-01    9.7253E-04
  0.360    1.0785E-01    1.0685E-01    1.0045E-03
  0.370    1.1108E-01    1.1005E-01    1.0368E-03
  0.380    1.1433E-01    1.1326E-01    1.0694E-03
  0.390    1.1760E-01    1.1650E-01    1.1023E-03
  0.400    1.2089E-01    1.1976E-01    1.1356E-03
  0.410    1.2420E-01    1.2303E-01    1.1692E-03
  0.420    1.2753E-01    1.2633E-01    1.2031E-03
  0.430    1.3088E-01    1.2964E-01    1.2374E-03
  0.440    1.3425E-01    1.3298E-01    1.2721E-03
  0.450    1.3765E-01    1.3634E-01    1.3072E-03
  0.460    1.4106E-01    1.3972E-01    1.3426E-03
  0.470    1.4450E-01    1.4313E-01    1.3784E-03
  0.480    1.4797E-01    1.4656E-01    1.4147E-03
  0.490    1.5146E-01    1.5001E-01    1.4514E-03
  0.500    1.5498E-01    1.5349E-01    1.4885E-03
  0.510    1.5852E-01    1.5700E-01    1.5261E-03
  0.520    1.6210E-01    1.6053E-01    1.5641E-03
  0.530    1.6570E-01    1.6409E-01    1.6026E-03
  0.540    1.6933E-01    1.6769E-01    1.6416E-03
  0.550    1.7299E-01    1.7131E-01    1.6811E-03
  0.560    1.7668E-01    1.7496E-01    1.7211E-03
  0.570    1.8041E-01    1.7864E-01    1.7616E-03
  0.580    1.8416E-01    1.8236E-01    1.8027E-03
  0.590    1.8796E-01    1.8611E-01    1.8443E-03
  0.600    1.9179E-01    1.8990E-01    1.8866E-03
  0.610    1.9565E-01    1.9373E-01    1.9294E-03
  0.620    1.9956E-01    1.9759E-01    1.9729E-03
  0.630    2.0350E-01    2.0149E-01    2.0170E-03
  0.640    2.0749E-01    2.0543E-01    2.0617E-03
  0.650    2.1152E-01    2.0941E-01    2.1072E-03
  0.660    2.1559E-01    2.1344E-01    2.1533E-03
  0.670    2.1971E-01    2.1751E-01    2.2002E-03
  0.680    2.2387E-01    2.2163E-01    2.2478E-03
  0.690    2.2809E-01    2.2579E-01    2.2962E-03
  0.700    2.3235E-01    2.3001E-01    2.3455E-03
  0.710    2.3667E-01    2.3428E-01    2.3955E-03
  0.720    2.4104E-01    2.3860E-01    2.4464E-03
  0.730    2.4547E-01    2.4297E-01    2.4983E-03
  0.740    2.4996E-01    2.4741E-01    2.5510E-03
  0.750    2.5451E-01    2.5190E-01    2.6047E-03
  0.760    2.5912E-01    2.5646E-01    2.6594E-03
  0.770    2.6380E-01    2.6108E-01    2.7152E-03
  0.780    2.6854E-01    2.6577E-01    2.7720E-03
  0.790    2.7336E-01    2.7053E-01    2.8300E-03
  0.800    2.7825E-01    2.7536E-01    2.8891E-03
  0.810    2.8322E-01    2.8027E-01    2.9494E-03
  0.820    2.8827E-01    2.8526E-01    3.0110E-03
  0.830    2.9341E-01    2.9033E-01    3.0739E-03
  0.840    2.9863E-01    2.9549E-01    3.1382E-03
  0.850    3.0395E-01    3.0074E-01    3.2039E-03
  0.860    3.0936E-01    3.0609E-01    3.2711E-03
  0.870    3.1487E-01    3.1153E-01    3.3398E-03
  0.880    3.2049E-01    3.1708E-01    3.4102E-03
  0.890    3.2622E-01    3.2274E-01    3.4822E-03
  0.900    3.3207E-01    3.2851E-01    3.5561E-03
  0.910    3.3803E-01    3.3440E-01    3.6318E-03
  0.920    3.4413E-01    3.4042E-01    3.7094E-03
  0.930    3.5036E-01    3.4657E-01    3.7891E-03
  0.940    3.5673E-01    3.5286E-01    3.8709E-03
  0.950    3.6326E-01    3.5930E-01    3.9550E-03
  0.960    3.6994E-01    3.6590E-01    4.0415E-03
  0.970    3.7679E-01    3.7266E-01    4.1304E-03
  0.980    3.8381E-01    3.7959E-01    4.2220E-03
  0.990    3.9102E-01    3.8671E-01    4.3163E-03
  1.000    3.9843E-01    3.9402E-01    4.4136E-03
