   1.0000000000000000        0.0000000000000000       0.46600291028248553       0.72780229808163477            10000
 i   solar flux    satshine flux      total flux
 -----------------------------------------------
           1   1332.3980972310881        12.319679429402212        1344.7177766604902     
           2   110.42934193713641        2.8195963251265206        113.24893826226294     
           3   174.93131678539083        2.2901776675691465        177.22149445295997     
           4   72.681540027659452        1.1574284085824300        73.838968436241885     
           5   54.377692220058343       0.85417074533074244        55.231862965389084     
           6   33.972497412903863       0.50265726149792489        34.475154674401786     
           7   22.027409948659184       0.40622542725920063        22.433635375918385     
           8   13.914337412330941       0.23586679750133452        14.150204209832275     
           9   9.2870486343189071       0.14657814695111274        9.4336267812700196     
          10   4.0268802482200972       0.10678483362487887        4.1336650818449758     
          11   4.0552728973450183        6.0130741126886107E-002   4.1154036384719044     
          12   3.3188246849860006        5.6714270529079250E-002   3.3755389555150797     
          13   2.7402903483059107        3.2822566442120497E-002   2.7731129147480313     
          14   1.2662152052203637        2.3625629978971885E-002   1.2898408351993356     
          15   1.6635274879884250        5.3289327003359019E-003   1.6688564206887608     
          16   0.0000000000000000        1.7544065456047114E-002   1.7544065456047114E-002
          17  0.21599067290960500        5.5627680281116866E-003  0.22155344093771667     
          18   0.0000000000000000        1.2531531677230756E-002   1.2531531677230756E-002
          19   0.0000000000000000        1.0470292439004930E-003   1.0470292439004930E-003
          20   0.0000000000000000        8.6979122166825165E-004   8.6979122166825165E-004
