   1.0000000000000000        0.0000000000000000       0.46600291028248553       0.72780229808163477            10000
 i   solar flux    satshine flux      total flux
 -----------------------------------------------
           1   1343.2999750993117        12.197049547746470        1355.4970246470582     
           2   125.51172895383463        3.1561981012592990        128.66792705509394     
           3   185.37645349186974        2.2777752045482993        187.65422869641804     
           4   69.824494750873640        1.2894946640224478        71.113989414896082     
           5   58.807154827670814       0.84590780173262670        59.653062629403443     
           6   31.764964974528862       0.54332791544509285        32.308292889973956     
           7   22.304260268740016       0.36161928252679465        22.665879551266812     
           8   18.028467971063264       0.24377838546279954        18.272246356526065     
           9   10.819105659956964       0.15428377043197400        10.973389430388938     
          10   6.4235159051267035        9.3496991932801268E-002   6.5170128970595051     
          11   4.2413898725088872       0.11274153707806686        4.3541314095869543     
          12   2.3532994231612538        7.5231456058367244E-002   2.4285308792196210     
          13   2.5893220102263745        3.6229888624514803E-002   2.6255518988508895     
          14   2.3958819875847217        2.6515180763574925E-002   2.4223971683482968     
          15  0.97782600181281365        2.1619324806542897E-002  0.99944532661935659     
          16  0.27199333432698347        9.2910758080654611E-003  0.28128441013504896     
          17  0.63028312967569999        6.3208357041405882E-003  0.63660396537984054     
          18  0.30754470635535963        9.8945219706667083E-003  0.31743922832602633     
          19   2.6589209416484599E-002   3.6168559998550889E-003   3.0206065416339689E-002
          20  0.18444632437304359        1.5087145567074464E-003  0.18595503892975104     
