   1.0000000000000000        0.0000000000000000       0.46600291028248553       0.72780229808163477            10000
 i   solar flux    satshine flux      total flux
 -----------------------------------------------
           1   1309.1443639833547        12.064985055901488        1321.2093490392560     
           2   121.19424349039862        3.0066139661255709        124.20085745652419     
           3   187.23710857875747        2.4801560270437846        189.71726460580126     
           4   72.391884672642561        1.2031142674801232        73.594998940122679     
           5   60.972108898736700       0.91752430351364023        61.889633202250337     
           6   29.565986380675483       0.52325264937503291        30.089239030050514     
           7   22.003550585349636       0.34695740196122743        22.350507987310863     
           8   11.768515632542119       0.26362359125436036        12.032139223796479     
           9   11.321625937065349       0.15894735824145156        11.480573295306801     
          10   4.2006506167877529       0.12506912177871096        4.3257197385664634     
          11   4.5586004752634537        4.7206579056745454E-002   4.6058070543201994     
          12   3.7359605369808802        8.1578499492439560E-002   3.8175390364733195     
          13   2.7891836745005287        2.8332722787320165E-002   2.8175163972878488     
          14   2.2293672190350962        1.3517709977967675E-002   2.2428849290130639     
          15   1.1915731633716340        2.5305833230147547E-002   1.2168789966017814     
          16   1.0471361567370403        1.1727000227969707E-002   1.0588631569650100     
          17   0.0000000000000000        9.0978002316642742E-003   9.0978002316642742E-003
          18  0.29463081454010570        8.9912212765664995E-003  0.30362203581667219     
          19  0.47579518574544183        3.0746173486353632E-003  0.47886980309407717     
          20   0.0000000000000000        2.2354694035563931E-003   2.2354694035563931E-003
