 Curly R     I/F(total)  I/F(solar)   I/F(saturn)
 ---------------------------------------------------
  0.010    2.7250E-03    2.6993E-03    2.5754E-05
  0.020    5.4556E-03    5.4040E-03    5.1643E-05
  0.030    8.1920E-03    8.1143E-03    7.7669E-05
  0.040    1.0934E-02    1.0830E-02    1.0384E-04
  0.050    1.3683E-02    1.3553E-02    1.3015E-04
  0.060    1.6438E-02    1.6281E-02    1.5661E-04
  0.070    1.9200E-02    1.9016E-02    1.8321E-04
  0.080    2.1968E-02    2.1758E-02    2.0998E-04
  0.090    2.4744E-02    2.4508E-02    2.3690E-04
  0.100    2.7528E-02    2.7264E-02    2.6398E-04
  0.110    3.0319E-02    3.0028E-02    2.9123E-04
  0.120    3.3119E-02    3.2800E-02    3.1865E-04
  0.130    3.5926E-02    3.5580E-02    3.4624E-04
  0.140    3.8742E-02    3.8368E-02    3.7400E-04
  0.150    4.1567E-02    4.1165E-02    4.0195E-04
  0.160    4.4402E-02    4.3972E-02    4.3008E-04
  0.170    4.7245E-02    4.6787E-02    4.5840E-04
  0.180    5.0099E-02    4.9612E-02    4.8692E-04
  0.190    5.2962E-02    5.2447E-02    5.1564E-04
  0.200    5.5836E-02    5.5292E-02    5.4455E-04
  0.210    5.8721E-02    5.8148E-02    5.7368E-04
  0.220    6.1617E-02    6.1014E-02    6.0302E-04
  0.230    6.4524E-02    6.3892E-02    6.3258E-04
  0.240    6.7443E-02    6.6781E-02    6.6236E-04
  0.250    7.0374E-02    6.9682E-02    6.9237E-04
  0.260    7.3318E-02    7.2595E-02    7.2261E-04
  0.270    7.6275E-02    7.5521E-02    7.5310E-04
  0.280    7.9244E-02    7.8460E-02    7.8383E-04
  0.290    8.2228E-02    8.1413E-02    8.1481E-04
  0.300    8.5225E-02    8.4379E-02    8.4605E-04
  0.310    8.8237E-02    8.7359E-02    8.7756E-04
  0.320    9.1264E-02    9.0354E-02    9.0933E-04
  0.330    9.4306E-02    9.3364E-02    9.4139E-04
  0.340    9.7364E-02    9.6390E-02    9.7373E-04
  0.350    1.0044E-01    9.9432E-02    1.0064E-03
  0.360    1.0353E-01    1.0249E-01    1.0393E-03
  0.370    1.0664E-01    1.0556E-01    1.0725E-03
  0.380    1.0976E-01    1.0866E-01    1.1061E-03
  0.390    1.1291E-01    1.1177E-01    1.1400E-03
  0.400    1.1607E-01    1.1490E-01    1.1742E-03
  0.410    1.1925E-01    1.1804E-01    1.2088E-03
  0.420    1.2245E-01    1.2121E-01    1.2437E-03
  0.430    1.2568E-01    1.2440E-01    1.2789E-03
  0.440    1.2892E-01    1.2761E-01    1.3146E-03
  0.450    1.3219E-01    1.3084E-01    1.3506E-03
  0.460    1.3547E-01    1.3409E-01    1.3870E-03
  0.470    1.3879E-01    1.3736E-01    1.4239E-03
  0.480    1.4212E-01    1.4066E-01    1.4611E-03
  0.490    1.4548E-01    1.4398E-01    1.4987E-03
  0.500    1.4886E-01    1.4733E-01    1.5368E-03
  0.510    1.5227E-01    1.5070E-01    1.5754E-03
  0.520    1.5571E-01    1.5410E-01    1.6144E-03
  0.530    1.5918E-01    1.5752E-01    1.6539E-03
  0.540    1.6267E-01    1.6097E-01    1.6939E-03
  0.550    1.6619E-01    1.6446E-01    1.7344E-03
  0.560    1.6974E-01    1.6797E-01    1.7754E-03
  0.570    1.7333E-01    1.7151E-01    1.8170E-03
  0.580    1.7694E-01    1.7508E-01    1.8591E-03
  0.590    1.8059E-01    1.7869E-01    1.9018E-03
  0.600    1.8428E-01    1.8233E-01    1.9451E-03
  0.610    1.8800E-01    1.8601E-01    1.9890E-03
  0.620    1.9175E-01    1.8972E-01    2.0336E-03
  0.630    1.9554E-01    1.9347E-01    2.0788E-03
  0.640    1.9938E-01    1.9725E-01    2.1247E-03
  0.650    2.0325E-01    2.0108E-01    2.1712E-03
  0.660    2.0716E-01    2.0495E-01    2.2185E-03
  0.670    2.1112E-01    2.0886E-01    2.2666E-03
  0.680    2.1513E-01    2.1281E-01    2.3154E-03
  0.690    2.1917E-01    2.1681E-01    2.3651E-03
  0.700    2.2327E-01    2.2086E-01    2.4156E-03
  0.710    2.2742E-01    2.2495E-01    2.4669E-03
  0.720    2.3161E-01    2.2910E-01    2.5191E-03
  0.730    2.3587E-01    2.3329E-01    2.5723E-03
  0.740    2.4017E-01    2.3755E-01    2.6264E-03
  0.750    2.4454E-01    2.4186E-01    2.6816E-03
  0.760    2.4896E-01    2.4622E-01    2.7378E-03
  0.770    2.5345E-01    2.5065E-01    2.7951E-03
  0.780    2.5800E-01    2.5515E-01    2.8535E-03
  0.790    2.6262E-01    2.5970E-01    2.9131E-03
  0.800    2.6730E-01    2.6433E-01    2.9739E-03
  0.810    2.7207E-01    2.6903E-01    3.0360E-03
  0.820    2.7690E-01    2.7380E-01    3.0995E-03
  0.830    2.8182E-01    2.7865E-01    3.1644E-03
  0.840    2.8682E-01    2.8359E-01    3.2307E-03
  0.850    2.9190E-01    2.8860E-01    3.2985E-03
  0.860    2.9708E-01    2.9371E-01    3.3680E-03
  0.870    3.0235E-01    2.9891E-01    3.4391E-03
  0.880    3.0772E-01    3.0421E-01    3.5120E-03
  0.890    3.1319E-01    3.0961E-01    3.5867E-03
  0.900    3.1877E-01    3.1511E-01    3.6633E-03
  0.910    3.2447E-01    3.2073E-01    3.7420E-03
  0.920    3.3029E-01    3.2647E-01    3.8229E-03
  0.930    3.3623E-01    3.3233E-01    3.9060E-03
  0.940    3.4231E-01    3.3832E-01    3.9914E-03
  0.950    3.4853E-01    3.4445E-01    4.0794E-03
  0.960    3.5489E-01    3.5072E-01    4.1700E-03
  0.970    3.6141E-01    3.5715E-01    4.2635E-03
  0.980    3.6810E-01    3.6374E-01    4.3599E-03
  0.990    3.7496E-01    3.7050E-01    4.4594E-03
  1.000    3.8201E-01    3.7745E-01    4.5623E-03
