   1.0000000000000000        0.0000000000000000       0.46600291028248553       0.72780229808163477            10000
 i   solar flux    satshine flux      total flux
 -----------------------------------------------
           1   1331.1380190109342        12.045472432032645        1343.1834914429669     
           2   120.38718789205382        3.1012563286567585        123.48844422071058     
           3   186.85028727537718        2.3000642005749774        189.15035147595216     
           4   77.613286224485051        1.3025569546310667        78.915843179116123     
           5   60.817117694407486       0.75408280327812471        61.571200497685609     
           6   32.300883312934275       0.63912896373918016        32.940012276673457     
           7   23.941099919747828       0.33332601366856746        24.274425933416396     
           8   16.537250099276765       0.29769508035527559        16.834945179632040     
           9   11.930480014597752       0.15891458448400400        12.089394599081755     
          10   7.8630576033446999       0.10539326643728746        7.9684508697819876     
          11   3.4929887881139847        7.0843202095108512E-002   3.5638319902090934     
          12   1.8933166581293619        3.9886015525944500E-002   1.9332026736553063     
          13   1.6643154524109334        5.5700420390246794E-002   1.7200158728011801     
          14   1.0114712108883428        3.0400159744484078E-002   1.0418713706328269     
          15  0.30359876145043074        2.5304174185812749E-002  0.32890293563624351     
          16   1.7131927762877752        1.6306113972165026E-002   1.7294988902599402     
          17  0.39197494420629414        2.1361182620040879E-002  0.41333612682633503     
          18  0.29375324947445508        2.9169749287044746E-003  0.29667022440315954     
          19  0.45978515460949460        3.0475695522829077E-003  0.46283272416177751     
          20  0.30902543343233496        1.7206794048825491E-003  0.31074611283721754     
