   1.0000000000000000        0.0000000000000000       0.46600291028248553       0.72780229808163477            10000
 i   solar flux    satshine flux      total flux
 -----------------------------------------------
           1   1324.3700944881257        12.180725801126011        1336.5508202892518     
           2   133.46109627292850        3.0394754644752591        136.50057173740376     
           3   174.27518035085575        2.4638438198662023        176.73902417072196     
           4   77.177231050938900        1.3662047533002439        78.543435804239138     
           5   57.482110024956981       0.87259929198731967        58.354709316944302     
           6   38.177335551280734       0.56417834815376378        38.741513899434501     
           7   22.051218789817192       0.37346543535569515        22.424684225172886     
           8   15.801877404017386       0.26782306852590465        16.069700472543289     
           9   9.7792599400845184       0.18195319441449134        9.9612131344990100     
          10   5.7814562349874548       0.11490773431757241        5.8963639693050274     
          11   5.4114246216199255        7.8411160871565772E-002   5.4898357824914914     
          12   2.4934890935185416        3.8984873383060691E-002   2.5324739669016023     
          13   1.8867898821772613        3.1141253998026024E-002   1.9179311361752873     
          14  0.93475992640338323        3.7781705357699931E-002  0.97254163176108321     
          15  0.72841142267878956        2.5658735217060019E-003  0.73097729620049556     
          16  0.56374968683667959        5.8023165472386989E-003  0.56955200338391831     
          17   0.0000000000000000        5.0649662537139032E-005   5.0649662537139032E-005
          18   4.0785877840806291E-002   3.0613737863842017E-003   4.3847251627190491E-002
          19  0.52172645029404274        0.0000000000000000       0.52172645029404274     
          20  0.19245745113237187        3.3423405042320481E-003  0.19579979163660391     
