   1.0000000000000000        0.0000000000000000       0.46600291028248553       0.72780229808163477            10000
 i   solar flux    satshine flux      total flux
 -----------------------------------------------
           1   1327.4279034063309        11.470111453873450        1338.8980148602043     
           2   117.84296443535294        2.8609805413300808        120.70394497668302     
           3   172.70139634431149        2.2841946711764129        174.98559101548790     
           4   77.365698655252714        1.2961936718664262        78.661892327119148     
           5   57.224327176001090       0.89076575291284410        58.115092928913931     
           6   29.145702485806694       0.58855507596959866        29.734257561776293     
           7   20.763274714270256       0.39455608356024602        21.157830797830503     
           8   13.581824609166103       0.24106937197980852        13.822893981145912     
           9   9.7700789527992047       0.14075496800481219        9.9108339208040164     
          10   6.2934430606742087        9.3309427003077483E-002   6.3867524876772865     
          11   3.5630581923144216        9.2544878208463327E-002   3.6556030705228850     
          12   2.0618289176683415        5.0867699966828453E-002   2.1126966176351698     
          13   1.8801886106900174        3.9783229756175521E-002   1.9199718404461930     
          14  0.43977931648904933        1.4439549421192327E-002  0.45421886591024163     
          15  0.70863308745718223        4.5749623302227815E-003  0.71320804978740504     
          16  0.48928049087317227        3.8660901451166318E-003  0.49314658101828890     
          17  0.30166579807640553        8.9921425644037354E-003  0.31065794064080926     
          18  0.34890266042831874        2.4345262702515848E-003  0.35133718669857034     
          19   3.1259008810457539E-002   4.3203917044374717E-003   3.5579400514895013E-002
          20   0.0000000000000000        1.7361124337327517E-003   1.7361124337327517E-003
