   1.0000000000000000        0.0000000000000000       0.46600291028248553       0.72780229808163477            10000
 i   solar flux    satshine flux      total flux
 -----------------------------------------------
           1   1313.6903719335091        12.271355922794360        1325.9617278563035     
           2   123.74053173368108        2.9394058715260436        126.67993760520713     
           3   175.05576661060519        2.2270452152203024        177.28281182582549     
           4   71.084621228623533        1.3136601567818884        72.398281385405426     
           5   51.779805995537281       0.80715607104476472        52.586962066582046     
           6   35.353683534663304       0.62445197044326206        35.978135505106565     
           7   18.608283866069470       0.36759978209386768        18.975883648163340     
           8   16.170418860603498       0.21364817332700287        16.384067033930499     
           9   11.064933486262705       0.17212066057105091        11.237054146833756     
          10   7.0594180585865267        9.6505575869487228E-002   7.1559236344560135     
          11   2.9980178560412201        9.1733241227392653E-002   3.0897510972686129     
          12   3.5283215645352684        4.0289647370815439E-002   3.5686112119060840     
          13   2.5631080717274841        3.8786455782075104E-002   2.6018945275095593     
          14   1.5024568437625438        1.6546875987970076E-002   1.5190037197505140     
          15   1.3944728046056292        8.5769378106399698E-003   1.4030497424162691     
          16  0.82404679967237970        7.2006345189096210E-003  0.83124743419128932     
          17  0.70839493574939771        4.1755528888399044E-003  0.71257048863823758     
          18  0.76649112939835429        7.6102659540058784E-003  0.77410139535236011     
          19  0.35119124468509710        8.8313601200238900E-003  0.36002260480512099     
          20  0.71527135448333623        0.0000000000000000       0.71527135448333623     
