   1.0000000000000000        0.0000000000000000       0.46600291028248553       0.72780229808163477            10000
 i   solar flux    satshine flux      total flux
 -----------------------------------------------
           1   1301.6742051681308        12.146292985623202        1313.8204981537540     
           2   115.78634935784137        2.9754514240458620        118.76180078188723     
           3   168.70515165894560        2.3117286151296645        171.01688027407525     
           4   71.353792827153399        1.2487458970883856        72.602538724241782     
           5   51.780495491976950       0.87055159381876124        52.651047085795710     
           6   35.102919927117384       0.55460042377092678        35.657520350888312     
           7   22.103389411519792       0.39924323916944587        22.502632650689240     
           8   16.630177531702230       0.22380428640495056        16.853981818107179     
           9   12.140810153679894       0.17570827770849268        12.316518431388387     
          10   6.5323216399653550        7.3340834088854487E-002   6.6056624740542098     
          11   4.9883001993538203        7.6930113369606243E-002   5.0652303127234264     
          12   2.1035551101599737        6.2588940201357260E-002   2.1661440503613307     
          13   1.4452306693844199        2.4456402357843156E-002   1.4696870717422630     
          14  0.86957213149331458        1.8691765712961664E-002  0.88826389720627630     
          15   1.4191090100289965        1.6987595362315169E-002   1.4360966053913116     
          16  0.61343658546802970        1.6698621199531517E-002  0.63013520666756118     
          17  0.38556490092104417        6.8235178819239378E-003  0.39238841880296810     
          18  0.51960111331769321        9.4352532377551084E-003  0.52903636655544828     
          19  0.30258429581648283        7.4318101484268989E-004  0.30332747683132549     
          20   0.0000000000000000        6.2956224824954436E-003   6.2956224824954436E-003
