 Curly R     I/F(total)  I/F(solar)   I/F(saturn)
 ---------------------------------------------------
  0.010    2.7904E-03    2.7646E-03    2.5837E-05
  0.020    5.5861E-03    5.5343E-03    5.1804E-05
  0.030    8.3872E-03    8.3093E-03    7.7903E-05
  0.040    1.1194E-02    1.1090E-02    1.0414E-04
  0.050    1.4007E-02    1.3876E-02    1.3051E-04
  0.060    1.6826E-02    1.6669E-02    1.5702E-04
  0.070    1.9651E-02    1.9468E-02    1.8368E-04
  0.080    2.2483E-02    2.2273E-02    2.1049E-04
  0.090    2.5322E-02    2.5085E-02    2.3745E-04
  0.100    2.8168E-02    2.7904E-02    2.6457E-04
  0.110    3.1022E-02    3.0730E-02    2.9184E-04
  0.120    3.3883E-02    3.3564E-02    3.1928E-04
  0.130    3.6752E-02    3.6406E-02    3.4689E-04
  0.140    3.9630E-02    3.9255E-02    3.7467E-04
  0.150    4.2516E-02    4.2113E-02    4.0262E-04
  0.160    4.5411E-02    4.4980E-02    4.3075E-04
  0.170    4.8315E-02    4.7856E-02    4.5906E-04
  0.180    5.1228E-02    5.0740E-02    4.8756E-04
  0.190    5.4151E-02    5.3635E-02    5.1625E-04
  0.200    5.7084E-02    5.6539E-02    5.4514E-04
  0.210    6.0027E-02    5.9453E-02    5.7424E-04
  0.220    6.2982E-02    6.2378E-02    6.0353E-04
  0.230    6.5947E-02    6.5314E-02    6.3304E-04
  0.240    6.8923E-02    6.8260E-02    6.6277E-04
  0.250    7.1911E-02    7.1219E-02    6.9272E-04
  0.260    7.4912E-02    7.4189E-02    7.2289E-04
  0.270    7.7925E-02    7.7171E-02    7.5330E-04
  0.280    8.0950E-02    8.0166E-02    7.8395E-04
  0.290    8.3989E-02    8.3175E-02    8.1484E-04
  0.300    8.7042E-02    8.6196E-02    8.4598E-04
  0.310    9.0109E-02    8.9231E-02    8.7738E-04
  0.320    9.3190E-02    9.2281E-02    9.0904E-04
  0.330    9.6286E-02    9.5345E-02    9.4098E-04
  0.340    9.9398E-02    9.8425E-02    9.7319E-04
  0.350    1.0253E-01    1.0152E-01    1.0057E-03
  0.360    1.0567E-01    1.0463E-01    1.0385E-03
  0.370    1.0883E-01    1.0776E-01    1.0716E-03
  0.380    1.1201E-01    1.1090E-01    1.1050E-03
  0.390    1.1520E-01    1.1407E-01    1.1387E-03
  0.400    1.1842E-01    1.1725E-01    1.1727E-03
  0.410    1.2165E-01    1.2045E-01    1.2071E-03
  0.420    1.2491E-01    1.2366E-01    1.2418E-03
  0.430    1.2818E-01    1.2690E-01    1.2768E-03
  0.440    1.3147E-01    1.3016E-01    1.3123E-03
  0.450    1.3479E-01    1.3344E-01    1.3481E-03
  0.460    1.3813E-01    1.3674E-01    1.3842E-03
  0.470    1.4149E-01    1.4007E-01    1.4208E-03
  0.480    1.4487E-01    1.4342E-01    1.4578E-03
  0.490    1.4828E-01    1.4679E-01    1.4952E-03
  0.500    1.5172E-01    1.5018E-01    1.5330E-03
  0.510    1.5518E-01    1.5361E-01    1.5712E-03
  0.520    1.5866E-01    1.5705E-01    1.6099E-03
  0.530    1.6218E-01    1.6053E-01    1.6491E-03
  0.540    1.6572E-01    1.6403E-01    1.6887E-03
  0.550    1.6929E-01    1.6757E-01    1.7289E-03
  0.560    1.7290E-01    1.7113E-01    1.7695E-03
  0.570    1.7653E-01    1.7472E-01    1.8107E-03
  0.580    1.8020E-01    1.7835E-01    1.8525E-03
  0.590    1.8390E-01    1.8200E-01    1.8947E-03
  0.600    1.8763E-01    1.8570E-01    1.9376E-03
  0.610    1.9141E-01    1.8942E-01    1.9811E-03
  0.620    1.9521E-01    1.9319E-01    2.0251E-03
  0.630    1.9906E-01    1.9699E-01    2.0699E-03
  0.640    2.0295E-01    2.0083E-01    2.1152E-03
  0.650    2.0688E-01    2.0471E-01    2.1613E-03
  0.660    2.1085E-01    2.0864E-01    2.2080E-03
  0.670    2.1486E-01    2.1261E-01    2.2555E-03
  0.680    2.1892E-01    2.1662E-01    2.3037E-03
  0.690    2.2303E-01    2.2068E-01    2.3528E-03
  0.700    2.2719E-01    2.2479E-01    2.4026E-03
  0.710    2.3140E-01    2.2895E-01    2.4532E-03
  0.720    2.3566E-01    2.3316E-01    2.5048E-03
  0.730    2.3998E-01    2.3742E-01    2.5572E-03
  0.740    2.4436E-01    2.4175E-01    2.6106E-03
  0.750    2.4879E-01    2.4613E-01    2.6649E-03
  0.760    2.5329E-01    2.5057E-01    2.7202E-03
  0.770    2.5786E-01    2.5508E-01    2.7766E-03
  0.780    2.6249E-01    2.5965E-01    2.8341E-03
  0.790    2.6719E-01    2.6429E-01    2.8927E-03
  0.800    2.7196E-01    2.6901E-01    2.9525E-03
  0.810    2.7681E-01    2.7380E-01    3.0136E-03
  0.820    2.8174E-01    2.7867E-01    3.0759E-03
  0.830    2.8676E-01    2.8362E-01    3.1396E-03
  0.840    2.9186E-01    2.8866E-01    3.2046E-03
  0.850    2.9705E-01    2.9378E-01    3.2711E-03
  0.860    3.0234E-01    2.9900E-01    3.3392E-03
  0.870    3.0773E-01    3.0432E-01    3.4088E-03
  0.880    3.1322E-01    3.0974E-01    3.4802E-03
  0.890    3.1882E-01    3.1527E-01    3.5532E-03
  0.900    3.2454E-01    3.2091E-01    3.6282E-03
  0.910    3.3038E-01    3.2667E-01    3.7050E-03
  0.920    3.3634E-01    3.3256E-01    3.7839E-03
  0.930    3.4244E-01    3.3858E-01    3.8649E-03
  0.940    3.4868E-01    3.4473E-01    3.9482E-03
  0.950    3.5507E-01    3.5103E-01    4.0339E-03
  0.960    3.6161E-01    3.5749E-01    4.1220E-03
  0.970    3.6832E-01    3.6410E-01    4.2128E-03
  0.980    3.7520E-01    3.7089E-01    4.3064E-03
  0.990    3.8226E-01    3.7786E-01    4.4029E-03
  1.000    3.8952E-01    3.8502E-01    4.5026E-03
