   1.0000000000000000        0.0000000000000000       0.46600291028248553       0.72780229808163477            10000
 i   solar flux    satshine flux      total flux
 -----------------------------------------------
           1   1337.9653537887571        12.459478445521711        1350.4248322342787     
           2   115.53493050330729        3.0142332824897649        118.54916378579706     
           3   176.33382116705656        2.3859795412322105        178.71980070828877     
           4   71.193304186956837        1.2877265991382156        72.481030786095047     
           5   53.177309045811505       0.84395207024277863        54.021261116054283     
           6   35.863089800028142       0.52742920711221786        36.390519007140362     
           7   23.748475823602703       0.37500893044955452        24.123484754052257     
           8   13.803516268468037       0.24681544353275020        14.050331712000787     
           9   7.7484051918519388       0.17241235588596260        7.9208175477379017     
          10   5.9935866599540191       0.11776152863069786        6.1113481885847172     
          11   5.2592520804223684        6.3870935119254443E-002   5.3231230155416229     
          12   3.5828053883027691        4.7058430207499787E-002   3.6298638185102687     
          13   1.0215334286431326        4.0172100732135445E-002   1.0617055293752680     
          14  0.29009766070195264        1.2667013536492779E-002  0.30276467423844544     
          15  0.81366663389644156        1.8833128082367437E-002  0.83249976197880904     
          16  0.49420066227911619        9.8327597826378607E-003  0.50403342206175406     
          17  0.42315134446837127        1.1052736293858358E-002  0.43420408076222961     
          18   0.0000000000000000        1.6150106285248642E-002   1.6150106285248642E-002
          19   0.0000000000000000        4.7891594069577844E-004   4.7891594069577844E-004
          20   1.2453733735057083E-002   3.9999452408818453E-003   1.6453678975938926E-002
