   1.0000000000000000        0.0000000000000000       0.46600291028248553       0.72780229808163477            10000
 i   solar flux    satshine flux      total flux
 -----------------------------------------------
           1   1325.9656977648972        11.988315973070540        1337.9540137379677     
           2   133.70856955588658        2.8860202751387751        136.59458983102536     
           3   185.98862696081844        2.5578730469014155        188.54650000771986     
           4   79.561075543994264        1.3901404112074596        80.951215955201718     
           5   57.219169582038290       0.83438515956696080        58.053554741605254     
           6   33.462523944888787       0.47949059355070223        33.942014538439487     
           7   21.941246189929345       0.41839240905569197        22.359638598985036     
           8   13.120946355255697       0.25076178851382108        13.371708143769517     
           9   10.546986863593599       0.15825624814330350        10.705243111736902     
          10   7.4961099073061472        9.1500629247462897E-002   7.5876105365536102     
          11   3.9540104876921185        8.9981259254082971E-002   4.0439917469462019     
          12   2.3948630161918851        3.2222115581444929E-002   2.4270851317733300     
          13   1.7477679543848830        3.3761687499588848E-002   1.7815296418844717     
          14   2.4088383333532319        2.2851441382819214E-002   2.4316897747360513     
          15   1.0717326340239470        1.7855900136695101E-002   1.0895885341606422     
          16  0.86943287280056492        8.9060413887161391E-003  0.87833891418928101     
          17  0.63003393944961383        8.6525121677043463E-003  0.63868645161731818     
          18  0.19007471153404940        8.2099782840585767E-003  0.19828468981810798     
          19  0.21587063157334907        5.8099336841250064E-003  0.22168056525747407     
          20  0.59666942755199315        0.0000000000000000       0.59666942755199315     
