   1.0000000000000000        0.0000000000000000       0.46600291028248553       0.72780229808163477            10000
 i   solar flux    satshine flux      total flux
 -----------------------------------------------
           1   1336.4754987315209        12.515463567913187        1348.9909622994342     
           2   130.81303670582665        2.9107475676452523        133.72378427347189     
           3   183.12785126810459        2.5028870224900728        185.63073829059468     
           4   74.616110856346893        1.1970991058109814        75.813209962157870     
           5   53.923827872588390       0.84877127045548695        54.772599143043877     
           6   28.899408241066503       0.47893318073505786        29.378341421801561     
           7   23.799975466177766       0.36522767702239861        24.165203143200166     
           8   13.139262250932292       0.21463670756811676        13.353898958500409     
           9   10.625901393130469       0.14251663032667658        10.768418023457146     
          10   7.2759622351239450       0.11084446732095507        7.3868067024449005     
          11   4.2375596817804508        5.8440204325620686E-002   4.2959998861060713     
          12   2.4868243250242954        3.9538445425339755E-002   2.5263627704496350     
          13   1.1396798253094467        3.7670620393585687E-002   1.1773504457030324     
          14  0.88238847169244883        3.7875796548384286E-002  0.92026426824083307     
          15  0.53726559512463312        2.0820895493386643E-002  0.55808649061801974     
          16  0.50058945869907245        5.0929726202297637E-003  0.50568243131930224     
          17   0.0000000000000000        3.6775387987842295E-003   3.6775387987842295E-003
          18   0.0000000000000000        3.7033064676021618E-003   3.7033064676021618E-003
          19   0.0000000000000000        0.0000000000000000        0.0000000000000000     
          20   0.0000000000000000        0.0000000000000000        0.0000000000000000     
