   1.0000000000000000        0.0000000000000000       0.46600291028248553       0.72780229808163477            10000
 i   solar flux    satshine flux      total flux
 -----------------------------------------------
           1   1320.3760989733858        12.027016814739751        1332.4031157881254     
           2   118.01521420833485        2.7527256640937314        120.76793987242858     
           3   181.31041515067119        2.3308660136626784        183.64128116433386     
           4   71.386171843641335        1.2597740926403420        72.645945936281677     
           5   53.501128292376919       0.80910983480434506        54.310238127181265     
           6   34.122703388962179       0.50335830091466760        34.626061689876849     
           7   25.028363198204055       0.33782416177123803        25.366187359975292     
           8   16.269528364921872       0.24090694145828601        16.510435306380156     
           9   10.012129740663822       0.14208404713126513        10.154213787795086     
          10   8.3217125253360695        9.0882646416885524E-002   8.4125951717529546     
          11   4.1471529998448755        6.6388468940023593E-002   4.2135414687848991     
          12   1.9780499770129902        4.5133302540590239E-002   2.0231832795535807     
          13   2.3450104414067479        4.2056445466591263E-002   2.3870668868733391     
          14  0.60097721523717151        7.8270326199326567E-003  0.60880424785710419     
          15   1.2337425166021359        1.6539968328116630E-002   1.2502824849302525     
          16   1.3998055800532676        2.5293612761716575E-003   1.4023349413294393     
          17  0.65605298828838110        6.8222485425364328E-003  0.66287523683091754     
          18  0.23615778778439472        1.5038178229003819E-003  0.23766160560729510     
          19   0.0000000000000000        4.4146905224077115E-003   4.4146905224077115E-003
          20   0.0000000000000000        5.8775205946258171E-003   5.8775205946258171E-003
