   1.0000000000000000        0.0000000000000000       0.46600291028248553       0.72780229808163477            10000
 i   solar flux    satshine flux      total flux
 -----------------------------------------------
           1   1243.3491777997126        11.727540593753272        1255.0767183934659     
           2   123.08997039258333        2.8538756942587273        125.94384608684206     
           3   170.53428033109782        2.2344645658556099        172.76874489695342     
           4   74.128005308665479        1.1472360567023232        75.275241365367805     
           5   57.117623099667512       0.86651958742665125        57.984142687094163     
           6   35.613080246059667       0.44517491838433759        36.058255164444006     
           7   24.490770234059827       0.36389948628549412        24.854669720345321     
           8   12.723580003973787       0.21636336171860085        12.939943365692388     
           9   9.9675796588258159       0.15830753289103866        10.125887191716854     
          10   6.7446433356114603        8.8919326079298366E-002   6.8335626616907588     
          11   5.1578360936689780        7.4506105093475342E-002   5.2323421987624537     
          12   3.7938090835180271        4.5237079650428599E-002   3.8390461631684558     
          13   1.1091058250073715        4.0604505384477560E-002   1.1497103303918490     
          14   1.9587310611993545        1.0582376656881252E-002   1.9693134378562358     
          15  0.57600006085251410        1.5619447688071447E-003  0.57756200562132121     
          16  0.62505724526918061        3.6674957191534922E-003  0.62872474098833409     
          17   7.7709715616567143E-002   3.9491332158829457E-003   8.1658848832450087E-002
          18  0.28064506938380357        0.0000000000000000       0.28064506938380357     
          19   0.0000000000000000        0.0000000000000000        0.0000000000000000     
          20   0.0000000000000000        0.0000000000000000        0.0000000000000000     
