   1.0000000000000000        0.0000000000000000       0.46600291028248553       0.72780229808163477            10000
 i   solar flux    satshine flux      total flux
 -----------------------------------------------
           1   1335.6165916056129        12.115110762902061        1347.7317023685150     
           2   129.63962075043827        2.9537057757731109        132.59332652621137     
           3   190.19663990394963        2.3978230955472308        192.59446299949687     
           4   80.715365671411632        1.3011621892648053        82.016527860676433     
           5   62.520821113678167       0.77163133031505782        63.292452443993227     
           6   32.682956949060070       0.51407186535644511        33.197028814416512     
           7   25.642027461977321       0.28383834242167050        25.925865804398992     
           8   16.157807900072555       0.21640698094762351        16.374214881020180     
           9   12.639205686530554       0.15109573385482075        12.790301420385374     
          10   7.5362076920330452       0.10883683920209403        7.6450445312351389     
          11   5.9966562991000876        5.1163453846020286E-002   6.0478197529461077     
          12   2.7083513075629355        4.1292813382758024E-002   2.7496441209456934     
          13   3.0348623186762391        3.4041600546137946E-002   3.0689039192223770     
          14   1.7744108746554024        1.9171799761767777E-002   1.7935826744171701     
          15   1.5908676197149418        1.8508713501912799E-002   1.6093763332168547     
          16  0.70829029921197195        4.2865434042177524E-003  0.71257684261618970     
          17   1.2491553343436396E-002   9.0995903481900142E-004   1.3401512378255398E-002
          18   1.4140211884476011E-002   4.4531280459866674E-003   1.8593339930462680E-002
          19   7.7117094967514579E-002   5.7375580179058984E-003   8.2854652985420482E-002
          20   0.0000000000000000        3.8410606648823045E-004   3.8410606648823045E-004
