   1.0000000000000000        0.0000000000000000       0.46600291028248553       0.72780229808163477            10000
 i   solar flux    satshine flux      total flux
 -----------------------------------------------
           1   1308.6125347309019        12.146155426244039        1320.7586901571460     
           2   106.32733868006042        2.7307901474834400        109.05812882754387     
           3   177.38552563461997        2.2828467289464394        179.66837236356642     
           4   64.211191096728996        1.2818855869009740        65.493076683629965     
           5   54.733796624428869       0.78487095571825993        55.518667580147131     
           6   29.859448326537660       0.49669677174917087        30.356145098286831     
           7   20.010858026153034       0.36457255203332872        20.375430578186364     
           8   12.267970850358687       0.20655261302193784        12.474523463380624     
           9   8.5927744175094460       0.14682428250418394        8.7395987000136302     
          10   6.7836680298137404        9.8637692489467951E-002   6.8823057223032080     
          11   2.7464957865288850        6.9197038521326235E-002   2.8156928250502111     
          12   3.2361513424123416        6.4148010657412199E-002   3.3002993530697537     
          13   1.1184763157218387        3.1785661430835777E-002   1.1502619771526745     
          14  0.53294776826909396        1.1036036859505501E-002  0.54398380512859945     
          15  0.46915803322263616        7.4319825076805115E-003  0.47659001573031667     
          16  0.26457247395364086        8.3331200131819792E-003  0.27290559396682285     
          17  0.62599052422608847        4.6832125661253636E-003  0.63067373679221383     
          18  0.16891516843175083        2.6423456908891731E-003  0.17155751412264000     
          19   0.0000000000000000        6.6996649692230691E-003   6.6996649692230691E-003
          20   0.0000000000000000        0.0000000000000000        0.0000000000000000     
