   1.0000000000000000        0.0000000000000000       0.46600291028248553       0.72780229808163477            10000
 i   solar flux    satshine flux      total flux
 -----------------------------------------------
           1   1303.6054413553943        12.146983951389975        1315.7524253067843     
           2   117.77400198117662        2.8766210483011627        120.65062302947779     
           3   181.15861528422806        2.4449045021023887        183.60351978633045     
           4   77.527770718183703        1.2218219164842801        78.749592634667977     
           5   59.789284007607158       0.80238692795734112        60.591670935564501     
           6   31.382002154926290       0.53223903318586685        31.914241188112157     
           7   22.363242440131060       0.28016888418040548        22.643411324311465     
           8   13.883264963271968       0.27003054833403844        14.153295511606006     
           9   12.575022933564696       0.15908262330310477        12.734105556867801     
          10   5.1516376617942621       0.11480146136539159        5.2664391231596532     
          11   6.1293135414841400        7.7561178679690493E-002   6.2068747201638308     
          12   3.9685282287286765        1.6558470085812571E-002   3.9850866988144888     
          13   2.5873572691846940        4.7787316688590507E-002   2.6351445858732845     
          14   1.2659320822685327        2.9431546567221595E-002   1.2953636288357544     
          15   1.5840199910397936        1.1581927587808028E-002   1.5956019186276016     
          16   6.4981329477945396E-002   1.0915599303906785E-003   6.6072889408336069E-002
          17  0.23592040196165304        0.0000000000000000       0.23592040196165304     
          18   0.0000000000000000        3.9459202060961344E-003   3.9459202060961344E-003
          19   0.0000000000000000        0.0000000000000000        0.0000000000000000     
          20   0.0000000000000000        0.0000000000000000        0.0000000000000000     
