   1.0000000000000000        0.0000000000000000       0.46600291028248553       0.72780229808163477            10000
 i   solar flux    satshine flux      total flux
 -----------------------------------------------
           1   1318.7068525396521        12.573829673433304        1331.2806822130854     
           2   125.84048080660500        2.8336917138702087        128.67417252047520     
           3   175.51413580186716        2.4039144481553447        177.91805025002250     
           4   63.112954583290730        1.1261245626826231        64.239079145973349     
           5   49.438187137499156       0.72858740682863099        50.166774544327787     
           6   30.125825850077831       0.51730301031915793        30.643128860396988     
           7   21.215096907529990       0.30599409626944191        21.521091003799430     
           8   12.789946821340118       0.20072612322043815        12.990672944560556     
           9   7.6534028587490752       0.14484527628834332        7.7982481350374186     
          10   6.1295260064224300        8.3795647655675876E-002   6.2133216540781060     
          11   4.4466018972168975        7.2557272940066864E-002   4.5191591701569642     
          12   3.4519155733938902        6.4321809045580672E-002   3.5162373824394710     
          13   1.4261054662086490        5.4252095470373310E-002   1.4803575616790223     
          14   1.9775503220697941        5.0791753609304068E-002   2.0283420756790980     
          15  0.85446706779516557        1.3910915590453550E-002  0.86837798338561911     
          16  0.94754062137335993        4.0268090292803109E-003  0.95156743040264025     
          17  0.50417396236862977        9.2737883859071865E-004  0.50510134120722050     
          18  0.22958617559129363        1.0537409479364506E-002  0.24012358507065815     
          19  0.47129821661336807        0.0000000000000000       0.47129821661336807     
          20   4.9775324654892567E-002   5.9959092419054564E-003   5.5771233896798021E-002
