   1.0000000000000000        0.0000000000000000       0.46600291028248553       0.72780229808163477            10000
 i   solar flux    satshine flux      total flux
 -----------------------------------------------
           1   1303.7853167179267        12.194599984680782        1315.9799167026074     
           2   121.68788299009994        2.8763704450509646        124.56425343515090     
           3   174.22590007088249        2.3798633027288858        176.60576337361138     
           4   73.513861356850754        1.2928656509680707        74.806727007818822     
           5   60.697012987219040       0.96431677018287698        61.661329757401916     
           6   34.673815856146192       0.58284917019374904        35.256665026339938     
           7   23.259637820320865       0.34143600176671596        23.601073822087582     
           8   12.323495835403376       0.26845455506704491        12.591950390470421     
           9   9.1564481420736019       0.16955061610930053        9.3259987581829016     
          10   7.8712245496582200       0.13378044097841055        8.0050049906366301     
          11   4.4916012239755485        8.2684730265476902E-002   4.5742859542410255     
          12   3.7848298995151088        3.5677305257544659E-002   3.8205072047726536     
          13   2.0233073436404947        3.0768570713872997E-002   2.0540759143543679     
          14   1.5859989604356151        2.3903958323099338E-002   1.6099029187587144     
          15   1.6461593383884248        1.2007867749255661E-002   1.6581672061376804     
          16  0.74228054657877451        7.7008850911329833E-003  0.74998143166990749     
          17  0.25256441339835251        5.4100456792673295E-003  0.25797445907761984     
          18  0.29844456422428101        6.5630442333693513E-003  0.30500760845765035     
          19   0.0000000000000000        1.1982045006973087E-002   1.1982045006973087E-002
          20   3.3577765962477281E-002   3.9180774046521869E-004   3.3969573702942499E-002
