   1.0000000000000000        0.0000000000000000       0.46600291028248553       0.72780229808163477            10000
 i   solar flux    satshine flux      total flux
 -----------------------------------------------
           1   1307.8713179836368        12.010632683505637        1319.8819506671425     
           2   130.11794627013850        2.7413803976814664        132.85932666781997     
           3   192.13350983803656        2.5806367219995043        194.71414656003606     
           4   81.404003782734691        1.3126629088182751        82.716666691552959     
           5   62.589395235186743        1.0325720623950359        63.621967297581776     
           6   31.931092029219439       0.50666754643474665        32.437759575654184     
           7   20.295078976883250       0.42526708226415849        20.720346059147410     
           8   15.352760567673661       0.22363782969829782        15.576398397371959     
           9   10.686963575209033       0.17636857991034013        10.863332155119373     
          10   6.2642847146025060        8.6660938893011741E-002   6.3509456534955175     
          11   4.8129686465793968        7.1815725303855521E-002   4.8847843718832520     
          12   2.4059708406116620        3.5218372545566021E-002   2.4411892131572279     
          13   1.8787676224032783        3.1788116308363472E-002   1.9105557387116419     
          14  0.60943159539805403        2.5063723344322053E-002  0.63449531874237608     
          15  0.90919441308057969        1.1970232350788272E-002  0.92116464543136800     
          16  0.76388253272519013        1.4528353873888981E-002  0.77841088659907909     
          17  0.23669165213043697        3.3737253161765894E-003  0.24006537744661355     
          18   8.9982190933950310E-002   5.3349304873368400E-003   9.5317121421287149E-002
          19  0.16589007472071449        6.2278107543983288E-003  0.17211788547511281     
          20  0.18429118255858468        0.0000000000000000       0.18429118255858468     
