   1.0000000000000000        0.0000000000000000       0.46600291028248553       0.72780229808163477            10000
 i   solar flux    satshine flux      total flux
 -----------------------------------------------
           1   1293.8257833096611        11.794012756482802        1305.6197960661439     
           2   118.17521447729888        2.9833290459690511        121.15854352326794     
           3   185.49629837265636        2.2627143339573972        187.75901270661376     
           4   82.534680095886159        1.2100468285507249        83.744726924436890     
           5   61.678145768018666       0.85771414237971999        62.535859910398386     
           6   34.741244886584276       0.49777073040963615        35.239015616993910     
           7   23.254952536819381       0.29654909321078243        23.551501630030163     
           8   17.625419707227401       0.22940241787857954        17.854822125105979     
           9   9.8933208051324399       0.14049311827478630        10.033813923407227     
          10   6.8400135674150544       0.11755808390456145        6.9575716513196157     
          11   6.1014233106293236        9.9775268100314896E-002   6.2011985787296382     
          12   3.6926564894947242        3.4041863653979210E-002   3.7266983531487035     
          13   3.1436882332601126        4.6143913036456999E-002   3.1898321462965695     
          14   2.3361213295781447        2.1244295001321148E-002   2.3573656245794656     
          15   2.1517234763191930        7.1549634461951922E-003   2.1588784397653882     
          16  0.95949361952388368        8.7145762223298159E-003  0.96820819574621353     
          17  0.72892513737508458        6.6247590066005873E-003  0.73554989638168511     
          18   1.0388068903859060        5.7412894654360509E-003   1.0445481798513421     
          19  0.33167145001729825        7.9499703931779700E-003  0.33962142041047622     
          20  0.20234539186179271        3.7462825042244214E-003  0.20609167436601714     
