   1.0000000000000000        0.0000000000000000       0.46600291028248553       0.72780229808163477            10000
 i   solar flux    satshine flux      total flux
 -----------------------------------------------
           1   1306.8040468526010        11.990607720131038        1318.7946545727320     
           2   121.75107633553766        2.7873205725742256        124.53839690811189     
           3   182.00403543110184        2.5566091054756037        184.56064453657746     
           4   75.012451951529158        1.2727056762851703        76.285157627814328     
           5   54.281706226034288       0.89971204346514733        55.181418269499439     
           6   39.316634770914057       0.55002845684503987        39.866663227759098     
           7   23.322021243236332       0.35809449653909387        23.680115739775427     
           8   14.725494043750947       0.22096505201944019        14.946459095770388     
           9   7.8488727489557304       0.18857092837036932        8.0374436773260989     
          10   4.2603457747505455        6.9857438628623467E-002   4.3302032133791686     
          11   3.9760044826201129        8.0088965322606329E-002   4.0560934479427191     
          12   2.1030988310771734        6.9562515052653179E-002   2.1726613461298268     
          13   2.1181201565042138        2.2735275364315684E-002   2.1408554318685296     
          14  0.95411788895154981        2.7618202304014433E-002  0.98173609125556427     
          15   1.0074534903484382        1.4641381001086100E-002   1.0220948713495244     
          16  0.14410520362003132        7.1277501981464736E-003  0.15123295381817781     
          17   9.0972028056361814E-002   3.2376044435080678E-003   9.4209632499869883E-002
          18  0.15236152896497834        2.7334214057046216E-003  0.15509495037068297     
          19  0.32167455900757713        2.5565036374105821E-003  0.32423106264498769     
          20  0.38017836488063272        1.7808584291559018E-003  0.38195922330978865     
