   1.0000000000000000        0.0000000000000000       0.46600291028248553       0.72780229808163477            10000
 i   solar flux    satshine flux      total flux
 -----------------------------------------------
           1   1298.5336771853142        11.851023052321128        1310.3847002376353     
           2   117.89376082481368        3.0187332624818417        120.91249408729553     
           3   183.51256438926561        2.3420877580367465        185.85465214730235     
           4   68.434332022471494        1.1962298480154354        69.630561870486929     
           5   56.173163353974502       0.83216727628127851        57.005330630255777     
           6   36.001024068849034       0.61009107102096061        36.611115139869995     
           7   21.293876751448771       0.37864216474132112        21.672518916190093     
           8   19.408257099279304       0.26359504168170822        19.671852140961011     
           9   12.800332770443044       0.12706337143045646        12.927396141873500     
          10   7.2650609932455090       0.13206613140071102        7.3971271246462198     
          11   4.3230380970774975        8.5794247433261070E-002   4.4088323445107589     
          12   3.4074134016702846        4.3402335104217045E-002   3.4508157367745018     
          13   2.9677109847131371        3.6676317909903694E-002   3.0043873026230408     
          14  0.83198641407544827        1.9841499131591611E-002  0.85182791320703988     
          15  0.69329770266648250        1.5396040913901416E-002  0.70869374358038395     
          16  0.25741570583926648        1.1080033084563362E-003  0.25852370914772282     
          17  0.23415394992588762        7.1459264128994138E-003  0.24129987633878702     
          18   0.0000000000000000        4.1643596420171845E-003   4.1643596420171845E-003
          19  0.28413129945422322        3.7265147554351521E-003  0.28785781420965839     
          20  0.22225101398164085        1.2224002118324312E-003  0.22347341419347327     
