   1.0000000000000000        0.0000000000000000       0.46600291028248553       0.72780229808163477            10000
 i   solar flux    satshine flux      total flux
 -----------------------------------------------
           1   1358.2179474654649        12.293784900843880        1370.5117323663087     
           2   120.09545703253120        2.8985819324834958        122.99403896501470     
           3   171.22290560579185        2.1719475219888258        173.39485312778066     
           4   72.468162361373828        1.0994720717993287        73.567634433173154     
           5   51.170624995815572       0.80350528127335952        51.974130277088932     
           6   29.404069056392910       0.56473355765567490        29.968802614048585     
           7   23.564273609054176       0.30816380440803776        23.872437413462215     
           8   13.877968325402097       0.21733937650161675        14.095307701903714     
           9   6.7693427454587578       0.13428368501429294        6.9036264304730510     
          10   7.0392902109693338        8.0252412778194018E-002   7.1195426237475274     
          11   3.7687374845546029        5.3209430142216671E-002   3.8219469146968197     
          12   3.9248429889487126        4.3945505066586420E-002   3.9687884940152989     
          13   2.1029658295904241        9.0981779469441974E-003   2.1120640075373682     
          14  0.70113838364068248        2.1648030570769826E-002  0.72278641421145229     
          15   1.6176249826324565        6.3135379616020369E-003   1.6239385205940584     
          16  0.40368651801735395        4.8407497221563487E-003  0.40852726773951031     
          17  0.57788508829398411        0.0000000000000000       0.57788508829398411     
          18  0.56487396353163355        8.2650046899133077E-004  0.56570046400062490     
          19  0.56178718379454429        6.2348978457903602E-003  0.56802208164033463     
          20   5.9617981013969515E-003   0.0000000000000000        5.9617981013969515E-003
