   1.0000000000000000        0.0000000000000000       0.46600291028248553       0.72780229808163477            10000
 i   solar flux    satshine flux      total flux
 -----------------------------------------------
           1   1302.7208999255822        11.966133544933028        1314.6870334705152     
           2   126.69221444059664        3.0657605359408970        129.75797497653755     
           3   173.26591440436351        2.2912262405628048        175.55714064492631     
           4   73.861422945176315        1.2843705622317469        75.145793507408058     
           5   51.743841150090418       0.78573034084338156        52.529571490933797     
           6   34.328361155498719       0.62972461844614602        34.958085773944866     
           7   27.066758564588632       0.36267418372212890        27.429432748310759     
           8   15.547721831926665       0.24116761673680945        15.788889448663475     
           9   9.4779509442882599       0.16857163015341181        9.6465225744416720     
          10   6.8376340094194274       0.13487284463159493        6.9725068540510220     
          11   4.8521502284476838        4.6866125241057044E-002   4.8990163536887410     
          12   3.6087833443570525        3.2855847775509969E-002   3.6416391921325624     
          13   2.8413874070481389        2.4446262173829017E-002   2.8658336692219679     
          14   1.6122185361169281        1.4993883153723268E-002   1.6272124192706514     
          15   1.0629449829370969        1.0187997236040502E-002   1.0731329801731375     
          16  0.51059601627676154        9.3291597499707661E-003  0.51992517602673227     
          17  0.14893366634316826        1.0012359687526080E-002  0.15894602603069435     
          18  0.48287517367728017        1.7846400387919758E-003  0.48465981371607214     
          19  0.24362778360240145        0.0000000000000000       0.24362778360240145     
          20  0.33168523715072473        1.9741955704278371E-003  0.33365943272115256     
