   1.0000000000000000        0.0000000000000000       0.46600291028248553       0.72780229808163477            10000
 i   solar flux    satshine flux      total flux
 -----------------------------------------------
           1   1336.0564579185634        12.218333895222536        1348.2747918137859     
           2   119.19174135405554        2.9563490935366428        122.14809044759218     
           3   183.12261456353298        2.3657181976532273        185.48833276118620     
           4   75.910366101083227        1.2965098793075269        77.206875980390748     
           5   57.572296982822294       0.84186070013035330        58.414157682952649     
           6   34.955889595517654       0.59785550070160276        35.553745096219259     
           7   23.229015485254092       0.37012555464743802        23.599141039901529     
           8   15.477268521503513       0.21329314035826766        15.690561661861780     
           9   9.2292126779030106       0.16792843574331748        9.3971411136463274     
          10   5.8291964506713549        7.6564371063277889E-002   5.9057608217346331     
          11   4.1741488035233507        7.4844545642323262E-002   4.2489933491656737     
          12   3.6527770475224703        5.5495683849692043E-002   3.7082727313721624     
          13   1.9759193703400209        2.6918908823955173E-002   2.0028382791639761     
          14  0.78730224906567958        3.5110601617687413E-002  0.82241285068336700     
          15  0.48054198093647432        1.3174976821934869E-002  0.49371695775840918     
          16   1.1310455966013055        9.0690223395529443E-003   1.1401146189408584     
          17  0.35301748239010677        3.1541802834890191E-003  0.35617166267359579     
          18  0.28226002365423525        1.3594920212833162E-002  0.29585494386706840     
          19   0.0000000000000000        3.0399942508958430E-003   3.0399942508958430E-003
          20  0.31362129729121196        3.1673705219744963E-003  0.31678866781318649     
