   1.0000000000000000        0.0000000000000000       0.46600291028248553       0.72780229808163477            10000
 i   solar flux    satshine flux      total flux
 -----------------------------------------------
           1   1289.2359964210316        11.786854371627394        1301.0228507926590     
           2   126.94770450892280        2.9358220038491258        129.88352651277194     
           3   179.15470999324350        2.3994206283742758        181.55413062161779     
           4   74.928542132559642        1.2899593650325212        76.218501497592158     
           5   59.096934735805675       0.82787692341835650        59.924811659224034     
           6   33.542189523436335       0.66965527991745022        34.211844803353785     
           7   27.451713292108749       0.40235638169144339        27.854069673800193     
           8   13.774060308950459       0.27374812359978251        14.047808432550241     
           9   11.504505296399262       0.16637933986974085        11.670884636269003     
          10   6.7209070928907586       0.10011614022799643        6.8210232331187548     
          11   4.3098650802724041        7.2130428626340989E-002   4.3819955088987452     
          12   5.0731927669894432        3.3927364575684384E-002   5.1071201315651278     
          13   3.1261109466716608        2.6881713327022230E-002   3.1529926599986831     
          14   2.4809677697247610        1.2944907811533471E-002   2.4939126775362945     
          15   2.0834574357199989        8.1491362538424969E-003   2.0916065719738413     
          16  0.86708240406413439        1.0092332658468893E-002  0.87717473672260327     
          17  0.60305402547572129        6.7024368608385697E-003  0.60975646233655989     
          18  0.28711759747328403        9.5416003736304329E-003  0.29665919784691447     
          19  0.49280201857834099        5.8260077135703914E-003  0.49862802629191139     
          20  0.14094614377561165        3.1124854896159618E-003  0.14405862926522761     
