   1.0000000000000000        0.0000000000000000       0.46600291028248553       0.72780229808163477            10000
 i   solar flux    satshine flux      total flux
 -----------------------------------------------
           1   1335.9940507284573        11.848569922354720        1347.8426206508120     
           2   123.07759835746216        2.9750297690185290        126.05262812648070     
           3   173.42150799225288        2.4582062034711880        175.87971419572406     
           4   72.438711548203486        1.2880656006217048        73.726777148825192     
           5   56.124769595063285       0.89038297419473766        57.015152569258021     
           6   30.237921519550120       0.59818193517255136        30.836103454722672     
           7   21.570924587774599       0.38851131363280972        21.959435901407407     
           8   13.508175275149577       0.23791861057562363        13.746093885725202     
           9   8.8632310845388407       0.15934784933508878        9.0225789338739286     
          10   4.4259502884964323        9.0229541203152755E-002   4.5161798296995848     
          11   2.6490271317335665        8.8404977335140619E-002   2.7374321090687070     
          12   2.0024053180243362        4.6361253904337887E-002   2.0487665719286743     
          13   2.2427217102058528        3.8895477525995308E-002   2.2816171877318481     
          14   1.6316169352224272        2.1220978669747120E-002   1.6528379138921743     
          15  0.45145838857550308        1.6357667688935082E-002  0.46781605626443817     
          16  0.49066815191004876        1.1257111730831425E-002  0.50192526364088019     
          17  0.13112922763223087        3.6685183556429885E-003  0.13479774598787386     
          18   9.6742391921386825E-002   0.0000000000000000        9.6742391921386825E-002
          19   0.0000000000000000        0.0000000000000000        0.0000000000000000     
          20   0.0000000000000000        0.0000000000000000        0.0000000000000000     
