   1.0000000000000000        0.0000000000000000       0.46600291028248553       0.72780229808163477            10000
 i   solar flux    satshine flux      total flux
 -----------------------------------------------
           1   1299.9178489008839        11.862659428624964        1311.7805083295088     
           2   125.11765669666082        2.9174636225651129        128.03512031922594     
           3   171.34139586622672        2.2796544975681936        173.62105036379492     
           4   71.656922013712162        1.2451653530853100        72.902087366797474     
           5   54.922411657683440       0.81573337538691626        55.738145033070360     
           6   29.928077989923104       0.57116901116706287        30.499247001090165     
           7   19.869278611171097       0.37312842540636765        20.242407036577465     
           8   13.501158893714939       0.21624027846166619        13.717399172176606     
           9   10.519085148107406       0.16707251818248631        10.686157666289892     
          10   7.9694437025581939       0.10445932508744013        8.0739030276456347     
          11   2.6134948886644604       0.10554204352753473        2.7190369321919952     
          12   3.4172023303946668        6.1119185011446163E-002   3.4783215154061131     
          13   2.7544970501003618        4.5231480212871281E-002   2.7997285303132333     
          14   1.1251818873407233        2.1952522323117431E-002   1.1471344096638407     
          15  0.82582204272808357        1.9903246782147475E-002  0.84572528951023107     
          16   1.0504651568287882        2.0978160383302146E-002   1.0714433172120903     
          17  0.33909892129086289        1.4997228212228315E-003  0.34059864411208574     
          18  0.40011786512124686        1.4982983556681376E-002  0.41510084867792824     
          19  0.66805324401873545        5.8103467942570517E-003  0.67386359081299252     
          20  0.15059027821385634        0.0000000000000000       0.15059027821385634     
