   1.0000000000000000        0.0000000000000000       0.46600291028248553       0.72780229808163477            10000
 i   solar flux    satshine flux      total flux
 -----------------------------------------------
           1   1364.1128508456318        12.563231092940216        1376.6760819385720     
           2   122.42314503708226        2.9311370742414851        125.35428211132376     
           3   174.45624054861048        2.5512140285865019        177.00745457719700     
           4   71.523799578861230        1.2727593844472209        72.796558963308456     
           5   56.123658060078284       0.97353394391068937        57.097192003988972     
           6   32.060262848155631       0.51148388883005635        32.571746736985688     
           7   23.444447083141874       0.38615777424145636        23.830604857383332     
           8   14.385483684973178       0.25665384109805645        14.642137526071235     
           9   10.972372967973167       0.17497557668473213        11.147348544657898     
          10   6.7183736891876595        8.1568772375674364E-002   6.7999424615633339     
          11   7.0390616347130379        9.8741837994074530E-002   7.1378034727071125     
          12   2.1685913711068778        4.8211328997188385E-002   2.2168027001040662     
          13   2.0377149096217417        3.8244506634259066E-002   2.0759594162560009     
          14   1.6243459298574023        1.6659486940334280E-002   1.6410054167977366     
          15  0.80945028203086500        1.9271415508027932E-002  0.82872169753889291     
          16   1.1266653586608792        7.8956108796778837E-004   1.1274549197488470     
          17  0.53912614848564999        2.2055206240165033E-003  0.54133166910966646     
          18  0.71469538863045368        3.7690080059533205E-004  0.71507228943104906     
          19  0.19084499930310572        0.0000000000000000       0.19084499930310572     
          20  0.42253531040591785        3.5965375547838464E-003  0.42613184796070169     
