 Curly R     I/F(total)  I/F(solar)   I/F(saturn)
 ---------------------------------------------------
  0.010    2.9239E-03    2.8972E-03    2.6721E-05
  0.020    5.8534E-03    5.7998E-03    5.3570E-05
  0.030    8.7886E-03    8.7081E-03    8.0550E-05
  0.040    1.1730E-02    1.1622E-02    1.0766E-04
  0.050    1.4677E-02    1.4542E-02    1.3492E-04
  0.060    1.7631E-02    1.7469E-02    1.6231E-04
  0.070    2.0592E-02    2.0402E-02    1.8985E-04
  0.080    2.3560E-02    2.3342E-02    2.1754E-04
  0.090    2.6535E-02    2.6290E-02    2.4538E-04
  0.100    2.9517E-02    2.9244E-02    2.7337E-04
  0.110    3.2508E-02    3.2206E-02    3.0153E-04
  0.120    3.5506E-02    3.5176E-02    3.2985E-04
  0.130    3.8513E-02    3.8154E-02    3.5835E-04
  0.140    4.1528E-02    4.1141E-02    3.8701E-04
  0.150    4.4552E-02    4.4137E-02    4.1585E-04
  0.160    4.7586E-02    4.7141E-02    4.4487E-04
  0.170    5.0629E-02    5.0155E-02    4.7409E-04
  0.180    5.3682E-02    5.3178E-02    5.0349E-04
  0.190    5.6745E-02    5.6211E-02    5.3308E-04
  0.200    5.9818E-02    5.9255E-02    5.6288E-04
  0.210    6.2902E-02    6.2309E-02    5.9289E-04
  0.220    6.5998E-02    6.5374E-02    6.2311E-04
  0.230    6.9104E-02    6.8451E-02    6.5354E-04
  0.240    7.2223E-02    7.1539E-02    6.8420E-04
  0.250    7.5354E-02    7.4639E-02    7.1508E-04
  0.260    7.8498E-02    7.7751E-02    7.4620E-04
  0.270    8.1654E-02    8.0877E-02    7.7756E-04
  0.280    8.4824E-02    8.4015E-02    8.0916E-04
  0.290    8.8008E-02    8.7167E-02    8.4102E-04
  0.300    9.1206E-02    9.0333E-02    8.7314E-04
  0.310    9.4418E-02    9.3513E-02    9.0552E-04
  0.320    9.7646E-02    9.6708E-02    9.3817E-04
  0.330    1.0089E-01    9.9918E-02    9.7111E-04
  0.340    1.0415E-01    1.0314E-01    1.0043E-03
  0.350    1.0742E-01    1.0639E-01    1.0379E-03
  0.360    1.1072E-01    1.0964E-01    1.0717E-03
  0.370    1.1403E-01    1.1292E-01    1.1058E-03
  0.380    1.1735E-01    1.1621E-01    1.1403E-03
  0.390    1.2070E-01    1.1953E-01    1.1750E-03
  0.400    1.2407E-01    1.2286E-01    1.2102E-03
  0.410    1.2745E-01    1.2621E-01    1.2456E-03
  0.420    1.3086E-01    1.2958E-01    1.2814E-03
  0.430    1.3429E-01    1.3297E-01    1.3176E-03
  0.440    1.3773E-01    1.3638E-01    1.3542E-03
  0.450    1.4121E-01    1.3981E-01    1.3911E-03
  0.460    1.4470E-01    1.4327E-01    1.4285E-03
  0.470    1.4822E-01    1.4675E-01    1.4662E-03
  0.480    1.5176E-01    1.5025E-01    1.5044E-03
  0.490    1.5532E-01    1.5378E-01    1.5430E-03
  0.500    1.5892E-01    1.5733E-01    1.5821E-03
  0.510    1.6254E-01    1.6091E-01    1.6216E-03
  0.520    1.6618E-01    1.6452E-01    1.6616E-03
  0.530    1.6986E-01    1.6816E-01    1.7020E-03
  0.540    1.7356E-01    1.7182E-01    1.7430E-03
  0.550    1.7730E-01    1.7551E-01    1.7845E-03
  0.560    1.8106E-01    1.7924E-01    1.8265E-03
  0.570    1.8486E-01    1.8299E-01    1.8691E-03
  0.580    1.8869E-01    1.8678E-01    1.9122E-03
  0.590    1.9256E-01    1.9060E-01    1.9559E-03
  0.600    1.9646E-01    1.9446E-01    2.0003E-03
  0.610    2.0040E-01    1.9836E-01    2.0452E-03
  0.620    2.0438E-01    2.0229E-01    2.0908E-03
  0.630    2.0839E-01    2.0626E-01    2.1371E-03
  0.640    2.1245E-01    2.1027E-01    2.1840E-03
  0.650    2.1655E-01    2.1432E-01    2.2317E-03
  0.660    2.2069E-01    2.1841E-01    2.2800E-03
  0.670    2.2488E-01    2.2255E-01    2.3292E-03
  0.680    2.2912E-01    2.2674E-01    2.3791E-03
  0.690    2.3340E-01    2.3097E-01    2.4298E-03
  0.700    2.3774E-01    2.3526E-01    2.4814E-03
  0.710    2.4212E-01    2.3959E-01    2.5339E-03
  0.720    2.4657E-01    2.4398E-01    2.5872E-03
  0.730    2.5106E-01    2.4842E-01    2.6415E-03
  0.740    2.5562E-01    2.5292E-01    2.6968E-03
  0.750    2.6024E-01    2.5749E-01    2.7531E-03
  0.760    2.6492E-01    2.6211E-01    2.8104E-03
  0.770    2.6967E-01    2.6680E-01    2.8688E-03
  0.780    2.7449E-01    2.7156E-01    2.9284E-03
  0.790    2.7937E-01    2.7638E-01    2.9891E-03
  0.800    2.8434E-01    2.8129E-01    3.0511E-03
  0.810    2.8938E-01    2.8626E-01    3.1143E-03
  0.820    2.9450E-01    2.9132E-01    3.1789E-03
  0.830    2.9971E-01    2.9646E-01    3.2449E-03
  0.840    3.0501E-01    3.0169E-01    3.3123E-03
  0.850    3.1040E-01    3.0702E-01    3.3812E-03
  0.860    3.1589E-01    3.1243E-01    3.4517E-03
  0.870    3.2148E-01    3.1795E-01    3.5239E-03
  0.880    3.2717E-01    3.2358E-01    3.5977E-03
  0.890    3.3298E-01    3.2931E-01    3.6734E-03
  0.900    3.3891E-01    3.3516E-01    3.7510E-03
  0.910    3.4497E-01    3.4114E-01    3.8305E-03
  0.920    3.5115E-01    3.4724E-01    3.9122E-03
  0.930    3.5747E-01    3.5348E-01    3.9960E-03
  0.940    3.6394E-01    3.5986E-01    4.0821E-03
  0.950    3.7056E-01    3.6639E-01    4.1705E-03
  0.960    3.7735E-01    3.7309E-01    4.2615E-03
  0.970    3.8430E-01    3.7995E-01    4.3552E-03
  0.980    3.9144E-01    3.8699E-01    4.4517E-03
  0.990    3.9878E-01    3.9423E-01    4.5511E-03
  1.000    4.0631E-01    4.0166E-01    4.6536E-03
