   1.0000000000000000        0.0000000000000000       0.46600291028248553       0.72780229808163477            10000
 i   solar flux    satshine flux      total flux
 -----------------------------------------------
           1   1298.3830930219410        12.117288342778727        1310.5003813647197     
           2   118.40900226496268        2.9678624256661923        121.37686469062888     
           3   168.84038617297614        2.2609156502523984        171.10130182322854     
           4   71.969299164666410        1.2682514891518799        73.237550653818289     
           5   61.350561331191244       0.87130588151662069        62.221867212707863     
           6   30.108497272507108       0.54771665581002194        30.656213928317129     
           7   22.883285330931152       0.33994683152150162        23.223232162452653     
           8   15.843928575486231       0.21709032318742266        16.061018898673655     
           9   11.055016743608494       0.16208123772373265        11.217097981332227     
          10   5.8667905616888607       0.12572733557538263        5.9925178972642437     
          11   6.0369508804556773        7.2516427274057285E-002   6.1094673077297346     
          12   3.5042064179939030        3.5853499022648123E-002   3.5400599170165510     
          13   3.1983798128013965        3.3069171673558634E-002   3.2314489844749552     
          14   1.9590255477326812        2.9359771769371174E-002   1.9883853195020524     
          15   1.7009797510985334        1.2195859633473888E-002   1.7131756107320073     
          16   1.1991832692994788        5.3096206811906847E-003   1.2044928899806695     
          17   1.2497474086569369        0.0000000000000000        1.2497474086569369     
          18  0.77075476467666526        1.7454804797106674E-003  0.77250024515637594     
          19  0.92412622244214981        4.5937310426298348E-003  0.92871995348477965     
          20  0.63428036472368554        0.0000000000000000       0.63428036472368554     
