   1.0000000000000000        0.0000000000000000       0.46600291028248553       0.72780229808163477            10000
 i   solar flux    satshine flux      total flux
 -----------------------------------------------
           1   1312.6353872339866        12.400214512149237        1325.0356017461359     
           2   113.03776125339370        2.8599911762747512        115.89775242966844     
           3   180.53207239532861        2.3767889634450361        182.90886135877363     
           4   72.126664100519719        1.2213891096546492        73.348053210174371     
           5   56.042207635733803       0.80309377341720789        56.845301409151013     
           6   30.022359571168479       0.56455158622181434        30.586911157390293     
           7   26.522782341897702       0.34353217670041081        26.866314518598113     
           8   11.349892139380405       0.21963206373688560        11.569524203117290     
           9   12.647755313869052       0.13140483829405719        12.779160152163110     
          10   7.4828478298251122        6.0043099275847257E-002   7.5428909291009596     
          11   4.6578598881564597       0.10451650891395750        4.7623763970704172     
          12   2.2011277663542135        3.4269631071641618E-002   2.2353973974258552     
          13   2.0324469318499241        3.6190286835648774E-002   2.0686372186855730     
          14  0.80992216722848309        3.6701911429153009E-002  0.84662407865763611     
          15   1.1704756025313257        1.4135949473631384E-002   1.1846115520049569     
          16  0.67812843903707587        9.0001252514953431E-003  0.68712856428857116     
          17  0.58741920943689896        4.8769579709403201E-004  0.58790690523399303     
          18   0.0000000000000000        2.7921387369390527E-003   2.7921387369390527E-003
          19  0.41484722369020222        3.4478291086842104E-003  0.41829505279888640     
          20  0.21635091867928677        6.6533316855414146E-003  0.22300425036482818     
