   1.0000000000000000        0.0000000000000000       0.46600291028248553       0.72780229808163477            10000
 i   solar flux    satshine flux      total flux
 -----------------------------------------------
           1   1337.0112768685037        12.258201934125728        1349.2694788026295     
           2   122.59732801201220        2.9683549473359423        125.56568295934814     
           3   171.46808683260753        2.2568727091943650        173.72495954180189     
           4   71.033675137721232        1.1966654282415305        72.230340565962763     
           5   50.856818314523032       0.85914196869591541        51.715960283218948     
           6   32.587308031922909       0.50610903677711649        33.093417068700028     
           7   25.178586707941459       0.31518994156650004        25.493776649507961     
           8   11.806207145231214       0.14941734182774771        11.955624487058962     
           9   9.0194285884028140       0.13801969125691638        9.1574482796597305     
          10   7.2189753021816658        9.0184355686058856E-002   7.3091596578677249     
          11   1.9417466398020020        6.3815913964578280E-002   2.0055625537665804     
          12   4.1204962572833868        4.3453422081086553E-002   4.1639496793644737     
          13   1.6800824656718814        2.9517177571094431E-002   1.7095996432429759     
          14  0.83866196332608589        2.0740270195380748E-002  0.85940223352146661     
          15  0.45836876112715402        8.5552159347007540E-003  0.46692397706185479     
          16  0.39752336519609133        4.4137575500812687E-003  0.40193712274617260     
          17  0.13573269589275375        0.0000000000000000       0.13573269589275375     
          18   0.0000000000000000        2.3572620132862373E-003   2.3572620132862373E-003
          19   0.0000000000000000        0.0000000000000000        0.0000000000000000     
          20   0.0000000000000000        3.3513450499137007E-004   3.3513450499137007E-004
