   1.0000000000000000        0.0000000000000000       0.46600291028248553       0.72780229808163477            10000
 i   solar flux    satshine flux      total flux
 -----------------------------------------------
           1   1297.3522769011529        11.708827889255554        1309.0611047904085     
           2   122.82289632198689        3.1392018802891104        125.96209820227600     
           3   177.76216029676669        2.2963384693201618        180.05849876608687     
           4   75.496758338897578        1.3549211370496186        76.851679475947194     
           5   57.949584749105242       0.82044283348254743        58.770027582587787     
           6   35.112315167784935       0.52673944532295225        35.639054613107888     
           7   20.761646840188156       0.40335177102572528        21.164998611213882     
           8   13.939146044366916       0.26144979412077513        14.200595838487692     
           9   11.054009867069404       0.15835815916391724        11.212368026233321     
          10   5.9708323660503568       0.13056469381154570        6.1013970598619025     
          11   5.7001380912748338        7.7200880905565442E-002   5.7773389721803996     
          12   2.8697602909678435        4.4156105011990750E-002   2.9139163959798342     
          13   2.7404282792551147        3.8131420416606637E-002   2.7785596996717215     
          14  0.95770627209987758        2.5709182157891655E-002  0.98341545425776922     
          15   1.4424199964233235        2.4876526838269766E-002   1.4672965232615933     
          16  0.33607328977770923        7.1045921458974415E-003  0.34317788192360665     
          17   1.1982130085093847        6.0034585015381926E-003   1.2042164670109230     
          18  0.34779151481665693        7.1691367312160534E-003  0.35496065154787299     
          19  0.38690278867486383        2.5596634363457818E-003  0.38946245211120961     
          20  0.25307815077946677        3.9985329897516061E-003  0.25707668376921838     
