   1.0000000000000000        0.0000000000000000       0.46600291028248553       0.72780229808163477            10000
 i   solar flux    satshine flux      total flux
 -----------------------------------------------
           1   1321.3129865740693        12.102727874381143        1333.4157144484504     
           2   115.80304988841309        2.9268506393926086        118.72990052780570     
           3   180.55573515642527        2.5285479109130065        183.08428306733828     
           4   76.168029031570839        1.3025868674878385        77.470615899058672     
           5   54.675328417223071       0.84129178466616827        55.516620201889239     
           6   32.751652983226357       0.54793957066486132        33.299592553891216     
           7   20.855812150528802       0.39142893692103919        21.247241087449840     
           8   13.844068999665085       0.18269511807796868        14.026764117743054     
           9   8.7176601522277011       0.16007020806094305        8.8777303602886448     
          10   7.5369151615151777        9.4164586806387188E-002   7.6310797483215653     
          11   2.5476911955967925        8.3653607135062813E-002   2.6313448027318551     
          12   3.4445212166562138        4.1440721904884778E-002   3.4859619385610987     
          13   1.5012664763452244        3.9124886398216784E-002   1.5403913627434411     
          14  0.65806258969155340        1.5388652868900815E-002  0.67345124256045419     
          15  0.83008714133173567        1.0876472687051194E-002  0.84096361401878683     
          16  0.32870625943768567        1.0768811410739661E-002  0.33947507084842532     
          17  0.56203440293248974        1.6534307919748607E-003  0.56368783372446463     
          18  0.24341839949580343        1.6674973754103692E-003  0.24508589687121379     
          19  0.32315573547646226        1.7087818175387398E-003  0.32486451729400101     
          20   0.0000000000000000        0.0000000000000000        0.0000000000000000     
