   1.0000000000000000        0.0000000000000000       0.46600291028248553       0.72780229808163477            10000
 i   solar flux    satshine flux      total flux
 -----------------------------------------------
           1   1333.6131191962540        12.237467743237074        1345.8505869394912     
           2   126.79116258535939        2.8626053690411477        129.65376795440054     
           3   195.20157887538701        2.5536000725537429        197.75517894794075     
           4   77.891567620959847        1.1519952399094888        79.043562860869329     
           5   58.993873602638978       0.80041239252541652        59.794285995164394     
           6   36.065747610719356       0.53127887804473761        36.597026488764094     
           7   18.837036705930775       0.33424422615744032        19.171280932088216     
           8   15.696165018708015       0.27048529701383645        15.966650315721852     
           9   9.4891378862130757       0.16051950824969008        9.6496573944627659     
          10   6.6924849077404156       0.15237224863714574        6.8448571563775618     
          11   4.7832510440822498        8.1335701936730634E-002   4.8645867460189800     
          12   2.7741995409574240        5.9402027126293465E-002   2.8336015680837177     
          13   2.1535558725111712        3.7054566463630104E-002   2.1906104389748013     
          14   1.8494201524040201        2.1640172193483454E-002   1.8710603245975035     
          15   1.0607591795348463        1.7548287303374037E-002   1.0783074668382204     
          16  0.78387173229523810        1.0038012577454682E-002  0.79390974487269284     
          17   5.5163072308088146E-002   6.8589925681650085E-003   6.2022064876253155E-002
          18  0.29509353210996653        8.0139732465103457E-003  0.30310750535647685     
          19  0.28670504942561620        6.9227906898945337E-003  0.29362784011551074     
          20  0.12134445083849407        7.9054427856434864E-003  0.12924989362413755     
