   1.0000000000000000        0.0000000000000000       0.46600291028248553       0.72780229808163477            10000
 i   solar flux    satshine flux      total flux
 -----------------------------------------------
           1   1307.4446292801836        12.353507476726611        1319.7981367569103     
           2   117.06597579802019        2.9291574354037997        119.99513323342399     
           3   172.76485706843127        2.4031448500782533        175.16800191850953     
           4   71.210325193689457        1.2423883014558921        72.452713495145346     
           5   58.313271033000973       0.81346346633166045        59.126734499332635     
           6   30.089606614784934       0.54599124193654358        30.635597856721478     
           7   22.027587234887971       0.34779422884843764        22.375381463736410     
           8   13.642071198343981       0.22463314090909026        13.866704339253070     
           9   9.1302825847036164       0.13737268762236154        9.2676552723259782     
          10   5.4372380770655795       0.14811288408230411        5.5853509611478840     
          11   3.8335947823294179        8.0831856235473259E-002   3.9144266385648909     
          12   2.9752335851073402        3.4995249340287526E-002   3.0102288344476276     
          13   2.0505486587936073        2.9238030998825344E-002   2.0797866897924324     
          14  0.74907309173484116        2.4065079415658466E-002  0.77313817115049965     
          15  0.71111824336703766        1.2354847519099285E-002  0.72347309088613698     
          16  0.38722559164085379        1.0054657236139228E-002  0.39728024887699304     
          17  0.31162953450132819        2.6081882773906725E-003  0.31423772277871886     
          18  0.39981744582585366        1.2253282705128214E-002  0.41207072853098187     
          19   1.1162548294109870E-002   1.9158307152162650E-003   1.3078379009326135E-002
          20  0.14454320827931563        0.0000000000000000       0.14454320827931563     
