   1.0000000000000000        0.0000000000000000       0.46600291028248553       0.72780229808163477            10000
 i   solar flux    satshine flux      total flux
 -----------------------------------------------
           1   1311.8519081976222        12.146652846736089        1323.9985610443582     
           2   120.15683140939026        2.7692181664531219        122.92604957584339     
           3   183.44193384671112        2.5525435198222595        185.99447736653337     
           4   76.766165646570613        1.2745131804756611        78.040678827046278     
           5   66.295960580223678       0.94504581359799156        67.241006393821664     
           6   35.991533004580162       0.53314671959719040        36.524679724177354     
           7   22.945212422762154       0.38343844294095580        23.328650865703111     
           8   14.333916513083906       0.26998925455102507        14.603905767634931     
           9   10.728938374450252       0.18021728592832778        10.909155660378579     
          10   6.0746806508547566       0.12727126672422454        6.2019519175789810     
          11   5.3057260207131964        4.4610508659340006E-002   5.3503365293725365     
          12   3.4434455857093935        5.8553133053817694E-002   3.5019987187632111     
          13   1.2991328923221441        3.6158201574721376E-002   1.3352910938968654     
          14   1.1207935384209651        2.5367891103479413E-002   1.1461614295244444     
          15  0.63732127510546877        1.0907428956861465E-002  0.64822870406233024     
          16  0.35017592596324659        7.7769295085170003E-003  0.35795285547176359     
          17   0.0000000000000000        0.0000000000000000        0.0000000000000000     
          18  0.19307771432422363        4.8241752882421862E-003  0.19790188961246583     
          19   9.9946925693592079E-002   1.9110547749426234E-003  0.10185798046853470     
          20  0.28965681747059263        5.0686828893083818E-003  0.29472550035990103     
