   1.0000000000000000        0.0000000000000000       0.46600291028248553       0.72780229808163477            10000
 i   solar flux    satshine flux      total flux
 -----------------------------------------------
           1   1271.2119204629939        11.789381945238118        1283.0013024082320     
           2   118.41886607107551        2.8651648110782202        121.28403088215373     
           3   185.87171033821957        2.3218039174986429        188.19351425571821     
           4   75.102783663450765        1.1956236415688466        76.298407305019609     
           5   59.823348863962352       0.76907978215492545        60.592428646117277     
           6   31.237303171234011       0.54313977894765653        31.780442950181666     
           7   22.602538201954019       0.31264456337007973        22.915182765324097     
           8   15.294156260703538       0.26509425856820240        15.559250519271741     
           9   10.137710450017483       0.16786327552910685        10.305573725546591     
          10   7.9890577967909930       0.10974320407311891        8.0988010008641123     
          11   4.3126076769433865        7.7257417012054561E-002   4.3898650939554411     
          12   3.9301377062424381        7.3885184018790004E-002   4.0040228902612283     
          13   1.8159642950127681        3.8854928091070141E-002   1.8548192231038383     
          14   2.0096248139865880        2.2727207726696928E-002   2.0323520217132849     
          15   1.7776770721452468        1.3447771332055823E-002   1.7911248434773026     
          16  0.80843692030070413        7.1818228961156210E-003  0.81561874319681971     
          17  0.57660972722061277        7.0604600962700954E-003  0.58367018731688292     
          18  0.47616430009895161        4.7306676661531145E-003  0.48089496776510471     
          19  0.26994679777587832        6.7167367329635909E-003  0.27666353450884190     
          20   2.9366456763620492E-002   6.0692077742060934E-003   3.5435664537826587E-002
