 Curly R     I/F(total)  I/F(solar)   I/F(saturn)
 ---------------------------------------------------
  0.010    2.7439E-03    2.7188E-03    2.5150E-05
  0.020    5.4933E-03    5.4429E-03    5.0434E-05
  0.030    8.2485E-03    8.1726E-03    7.5857E-05
  0.040    1.1010E-02    1.0908E-02    1.0142E-04
  0.050    1.3777E-02    1.3650E-02    1.2713E-04
  0.060    1.6551E-02    1.6398E-02    1.5298E-04
  0.070    1.9331E-02    1.9152E-02    1.7899E-04
  0.080    2.2118E-02    2.1913E-02    2.0515E-04
  0.090    2.4913E-02    2.4682E-02    2.3148E-04
  0.100    2.7715E-02    2.7458E-02    2.5796E-04
  0.110    3.0526E-02    3.0241E-02    2.8461E-04
  0.120    3.3344E-02    3.3032E-02    3.1143E-04
  0.130    3.6170E-02    3.5832E-02    3.3843E-04
  0.140    3.9006E-02    3.8640E-02    3.6560E-04
  0.150    4.1850E-02    4.1457E-02    3.9296E-04
  0.160    4.4704E-02    4.4283E-02    4.2050E-04
  0.170    4.7567E-02    4.7119E-02    4.4824E-04
  0.180    5.0440E-02    4.9964E-02    4.7617E-04
  0.190    5.3324E-02    5.2819E-02    5.0430E-04
  0.200    5.6218E-02    5.5685E-02    5.3264E-04
  0.210    5.9123E-02    5.8562E-02    5.6119E-04
  0.220    6.2040E-02    6.1450E-02    5.8996E-04
  0.230    6.4968E-02    6.4349E-02    6.1894E-04
  0.240    6.7908E-02    6.7260E-02    6.4816E-04
  0.250    7.0861E-02    7.0184E-02    6.7760E-04
  0.260    7.3827E-02    7.3120E-02    7.0729E-04
  0.270    7.6806E-02    7.6069E-02    7.3722E-04
  0.280    7.9799E-02    7.9032E-02    7.6739E-04
  0.290    8.2806E-02    8.2009E-02    7.9783E-04
  0.300    8.5828E-02    8.5000E-02    8.2853E-04
  0.310    8.8865E-02    8.8005E-02    8.5949E-04
  0.320    9.1917E-02    9.1026E-02    8.9073E-04
  0.330    9.4985E-02    9.4063E-02    9.2226E-04
  0.340    9.8070E-02    9.7116E-02    9.5408E-04
  0.350    1.0117E-01    1.0019E-01    9.8619E-04
  0.360    1.0429E-01    1.0327E-01    1.0186E-03
  0.370    1.0743E-01    1.0638E-01    1.0513E-03
  0.380    1.1059E-01    1.0950E-01    1.0844E-03
  0.390    1.1376E-01    1.1264E-01    1.1178E-03
  0.400    1.1696E-01    1.1580E-01    1.1515E-03
  0.410    1.2017E-01    1.1899E-01    1.1856E-03
  0.420    1.2341E-01    1.2219E-01    1.2200E-03
  0.430    1.2667E-01    1.2541E-01    1.2548E-03
  0.440    1.2995E-01    1.2866E-01    1.2900E-03
  0.450    1.3325E-01    1.3193E-01    1.3256E-03
  0.460    1.3658E-01    1.3522E-01    1.3615E-03
  0.470    1.3993E-01    1.3854E-01    1.3979E-03
  0.480    1.4331E-01    1.4188E-01    1.4347E-03
  0.490    1.4672E-01    1.4524E-01    1.4720E-03
  0.500    1.5015E-01    1.4864E-01    1.5096E-03
  0.510    1.5361E-01    1.5206E-01    1.5478E-03
  0.520    1.5709E-01    1.5551E-01    1.5864E-03
  0.530    1.6061E-01    1.5899E-01    1.6255E-03
  0.540    1.6416E-01    1.6250E-01    1.6651E-03
  0.550    1.6774E-01    1.6603E-01    1.7053E-03
  0.560    1.7135E-01    1.6961E-01    1.7459E-03
  0.570    1.7500E-01    1.7321E-01    1.7872E-03
  0.580    1.7868E-01    1.7685E-01    1.8289E-03
  0.590    1.8240E-01    1.8053E-01    1.8713E-03
  0.600    1.8615E-01    1.8424E-01    1.9143E-03
  0.610    1.8995E-01    1.8799E-01    1.9579E-03
  0.620    1.9378E-01    1.9178E-01    2.0022E-03
  0.630    1.9765E-01    1.9561E-01    2.0471E-03
  0.640    2.0157E-01    1.9948E-01    2.0927E-03
  0.650    2.0553E-01    2.0339E-01    2.1390E-03
  0.660    2.0954E-01    2.0735E-01    2.1861E-03
  0.670    2.1359E-01    2.1136E-01    2.2339E-03
  0.680    2.1769E-01    2.1541E-01    2.2825E-03
  0.690    2.2185E-01    2.1952E-01    2.3319E-03
  0.700    2.2605E-01    2.2367E-01    2.3822E-03
  0.710    2.3032E-01    2.2788E-01    2.4334E-03
  0.720    2.3463E-01    2.3215E-01    2.4854E-03
  0.730    2.3901E-01    2.3647E-01    2.5384E-03
  0.740    2.4345E-01    2.4085E-01    2.5924E-03
  0.750    2.4795E-01    2.4530E-01    2.6474E-03
  0.760    2.5252E-01    2.4981E-01    2.7035E-03
  0.770    2.5715E-01    2.5439E-01    2.7607E-03
  0.780    2.6186E-01    2.5904E-01    2.8190E-03
  0.790    2.6664E-01    2.6376E-01    2.8785E-03
  0.800    2.7150E-01    2.6856E-01    2.9392E-03
  0.810    2.7644E-01    2.7344E-01    3.0013E-03
  0.820    2.8146E-01    2.7839E-01    3.0647E-03
  0.830    2.8657E-01    2.8344E-01    3.1294E-03
  0.840    2.9177E-01    2.8858E-01    3.1957E-03
  0.850    2.9707E-01    2.9381E-01    3.2635E-03
  0.860    3.0247E-01    2.9913E-01    3.3328E-03
  0.870    3.0797E-01    3.0456E-01    3.4039E-03
  0.880    3.1358E-01    3.1010E-01    3.4767E-03
  0.890    3.1931E-01    3.1575E-01    3.5513E-03
  0.900    3.2515E-01    3.2152E-01    3.6279E-03
  0.910    3.3112E-01    3.2742E-01    3.7065E-03
  0.920    3.3723E-01    3.3344E-01    3.7872E-03
  0.930    3.4347E-01    3.3960E-01    3.8701E-03
  0.940    3.4986E-01    3.4590E-01    3.9554E-03
  0.950    3.5640E-01    3.5236E-01    4.0431E-03
  0.960    3.6310E-01    3.5897E-01    4.1334E-03
  0.970    3.6998E-01    3.6575E-01    4.2264E-03
  0.980    3.7703E-01    3.7271E-01    4.3224E-03
  0.990    3.8428E-01    3.7986E-01    4.4214E-03
  1.000    3.9173E-01    3.8720E-01    4.5236E-03
