   1.0000000000000000        0.0000000000000000       0.46600291028248553       0.72780229808163477            10000
 i   solar flux    satshine flux      total flux
 -----------------------------------------------
           1   1314.6701902095301        12.531980695322417        1327.2021709048524     
           2   124.82977720090678        2.9199384237887740        127.74971562469555     
           3   172.98324888703479        2.2803424884813008        175.26359137551609     
           4   70.671197221929972        1.2330979483004643        71.904295170230441     
           5   55.680616735572073       0.88977721916351549        56.570393954735586     
           6   33.670734749474406       0.48550571691708438        34.156240466391488     
           7   19.184392540050425       0.35056123775939080        19.534953777809815     
           8   13.868774241331264       0.20152706543784826        14.070301306769112     
           9   7.2352140672292347       0.13114374033819487        7.3663578075674296     
          10   6.8906854072493067       0.10844150120703135        6.9991269084563381     
          11   4.5250041692428988        8.4420873669476468E-002   4.6094250429123749     
          12   3.1168640344146858        2.8380501108853998E-002   3.1452445355235397     
          13   1.4446640808436804        1.2236943437827356E-002   1.4569010242815077     
          14  0.90173524381012982        9.7684174058328358E-003  0.91150366121596260     
          15  0.87438117740717236        9.1049208080668468E-003  0.88348609821523916     
          16  0.54962080471204011        0.0000000000000000       0.54962080471204011     
          17  0.32556545215633648        4.3229787594628666E-003  0.32988843091579934     
          18   3.0807513736690911E-002   4.5887445931463997E-003   3.5396258329837310E-002
          19   3.7619287786601723E-002   0.0000000000000000        3.7619287786601723E-002
          20   0.0000000000000000        4.2884283838742184E-003   4.2884283838742184E-003
