 Curly R     I/F(total)  I/F(solar)   I/F(saturn)
 ---------------------------------------------------
  0.010    2.8190E-03    2.7923E-03    2.6655E-05
  0.020    5.6436E-03    5.5902E-03    5.3436E-05
  0.030    8.4741E-03    8.3938E-03    8.0347E-05
  0.040    1.1311E-02    1.1203E-02    1.0739E-04
  0.050    1.4154E-02    1.4019E-02    1.3457E-04
  0.060    1.7003E-02    1.6841E-02    1.6189E-04
  0.070    1.9860E-02    1.9670E-02    1.8935E-04
  0.080    2.2723E-02    2.2506E-02    2.1696E-04
  0.090    2.5594E-02    2.5349E-02    2.4472E-04
  0.100    2.8472E-02    2.8200E-02    2.7263E-04
  0.110    3.1359E-02    3.1058E-02    3.0070E-04
  0.120    3.4253E-02    3.3924E-02    3.2892E-04
  0.130    3.7156E-02    3.6798E-02    3.5731E-04
  0.140    4.0067E-02    3.9681E-02    3.8587E-04
  0.150    4.2988E-02    4.2573E-02    4.1460E-04
  0.160    4.5918E-02    4.5474E-02    4.4351E-04
  0.170    4.8857E-02    4.8384E-02    4.7260E-04
  0.180    5.1806E-02    5.1304E-02    5.0187E-04
  0.190    5.4765E-02    5.4234E-02    5.3133E-04
  0.200    5.7735E-02    5.7174E-02    5.6098E-04
  0.210    6.0716E-02    6.0125E-02    5.9084E-04
  0.220    6.3708E-02    6.3087E-02    6.2089E-04
  0.230    6.6712E-02    6.6061E-02    6.5115E-04
  0.240    6.9727E-02    6.9045E-02    6.8163E-04
  0.250    7.2755E-02    7.2042E-02    7.1232E-04
  0.260    7.5795E-02    7.5052E-02    7.4324E-04
  0.270    7.8848E-02    7.8074E-02    7.7439E-04
  0.280    8.1915E-02    8.1109E-02    8.0577E-04
  0.290    8.4995E-02    8.4158E-02    8.3739E-04
  0.300    8.8090E-02    8.7221E-02    8.6926E-04
  0.310    9.1200E-02    9.0298E-02    9.0139E-04
  0.320    9.4324E-02    9.3390E-02    9.3377E-04
  0.330    9.7464E-02    9.6498E-02    9.6642E-04
  0.340    1.0062E-01    9.9621E-02    9.9934E-04
  0.350    1.0379E-01    1.0276E-01    1.0325E-03
  0.360    1.0698E-01    1.0592E-01    1.0660E-03
  0.370    1.1019E-01    1.0909E-01    1.0998E-03
  0.380    1.1341E-01    1.1228E-01    1.1339E-03
  0.390    1.1666E-01    1.1549E-01    1.1683E-03
  0.400    1.1992E-01    1.1872E-01    1.2030E-03
  0.410    1.2320E-01    1.2196E-01    1.2380E-03
  0.420    1.2650E-01    1.2523E-01    1.2734E-03
  0.430    1.2983E-01    1.2852E-01    1.3091E-03
  0.440    1.3317E-01    1.3183E-01    1.3452E-03
  0.450    1.3654E-01    1.3516E-01    1.3817E-03
  0.460    1.3993E-01    1.3851E-01    1.4185E-03
  0.470    1.4334E-01    1.4189E-01    1.4557E-03
  0.480    1.4678E-01    1.4529E-01    1.4933E-03
  0.490    1.5024E-01    1.4871E-01    1.5313E-03
  0.500    1.5373E-01    1.5216E-01    1.5697E-03
  0.510    1.5724E-01    1.5563E-01    1.6085E-03
  0.520    1.6079E-01    1.5914E-01    1.6478E-03
  0.530    1.6435E-01    1.6267E-01    1.6876E-03
  0.540    1.6795E-01    1.6623E-01    1.7278E-03
  0.550    1.7158E-01    1.6981E-01    1.7685E-03
  0.560    1.7524E-01    1.7343E-01    1.8097E-03
  0.570    1.7893E-01    1.7708E-01    1.8514E-03
  0.580    1.8266E-01    1.8077E-01    1.8937E-03
  0.590    1.8642E-01    1.8448E-01    1.9364E-03
  0.600    1.9021E-01    1.8823E-01    1.9798E-03
  0.610    1.9404E-01    1.9202E-01    2.0237E-03
  0.620    1.9791E-01    1.9584E-01    2.0683E-03
  0.630    2.0182E-01    1.9970E-01    2.1134E-03
  0.640    2.0576E-01    2.0360E-01    2.1592E-03
  0.650    2.0975E-01    2.0754E-01    2.2056E-03
  0.660    2.1378E-01    2.1153E-01    2.2528E-03
  0.670    2.1786E-01    2.1555E-01    2.3006E-03
  0.680    2.2198E-01    2.1963E-01    2.3491E-03
  0.690    2.2614E-01    2.2375E-01    2.3985E-03
  0.700    2.3036E-01    2.2791E-01    2.4485E-03
  0.710    2.3463E-01    2.3213E-01    2.4994E-03
  0.720    2.3895E-01    2.3640E-01    2.5512E-03
  0.730    2.4333E-01    2.4072E-01    2.6038E-03
  0.740    2.4776E-01    2.4510E-01    2.6573E-03
  0.750    2.5225E-01    2.4954E-01    2.7117E-03
  0.760    2.5681E-01    2.5404E-01    2.7671E-03
  0.770    2.6142E-01    2.5860E-01    2.8234E-03
  0.780    2.6610E-01    2.6322E-01    2.8809E-03
  0.790    2.7086E-01    2.6792E-01    2.9394E-03
  0.800    2.7568E-01    2.7268E-01    2.9990E-03
  0.810    2.8058E-01    2.7752E-01    3.0598E-03
  0.820    2.8555E-01    2.8243E-01    3.1218E-03
  0.830    2.9061E-01    2.8742E-01    3.1850E-03
  0.840    2.9575E-01    2.9250E-01    3.2496E-03
  0.850    3.0097E-01    2.9766E-01    3.3155E-03
  0.860    3.0629E-01    3.0291E-01    3.3829E-03
  0.870    3.1170E-01    3.0825E-01    3.4517E-03
  0.880    3.1722E-01    3.1370E-01    3.5221E-03
  0.890    3.2284E-01    3.1924E-01    3.5942E-03
  0.900    3.2856E-01    3.2490E-01    3.6679E-03
  0.910    3.3441E-01    3.3066E-01    3.7433E-03
  0.920    3.4037E-01    3.3655E-01    3.8207E-03
  0.930    3.4645E-01    3.4255E-01    3.8999E-03
  0.940    3.5267E-01    3.4869E-01    3.9812E-03
  0.950    3.5903E-01    3.5497E-01    4.0646E-03
  0.960    3.6553E-01    3.6138E-01    4.1503E-03
  0.970    3.7219E-01    3.6795E-01    4.2383E-03
  0.980    3.7900E-01    3.7467E-01    4.3287E-03
  0.990    3.8599E-01    3.8156E-01    4.4217E-03
  1.000    3.9315E-01    3.8863E-01    4.5175E-03
