   1.0000000000000000        0.0000000000000000       0.46600291028248553       0.72780229808163477            10000
 i   solar flux    satshine flux      total flux
 -----------------------------------------------
           1   1267.1652164677557        12.302858190125296        1279.4680746578811     
           2   123.57615211246144        2.9590953979236683        126.53524751038510     
           3   179.07400176067927        2.3167993341567157        181.39080109483598     
           4   61.493706436572907        1.1559699235875052        62.649676360160413     
           5   54.668189694717171       0.96146675423365746        55.629656448950826     
           6   28.936933344258605       0.48002645350037554        29.416959797758981     
           7   23.972383219114352       0.32342710689936061        24.295810326013711     
           8   12.691861797864041       0.25129237124470710        12.943154169108748     
           9   7.4762931446662053       0.15637357689744139        7.6326667215636466     
          10   6.0476280403660354        9.8283930361292002E-002   6.1459119707273278     
          11   4.6667701977710108        4.8825060437324291E-002   4.7155952582083351     
          12   1.7898301121786084        4.0785871574932971E-002   1.8306159837535414     
          13   2.1479504714955064        2.1007036232425311E-002   2.1689575077279319     
          14  0.95056950481201774        2.1718966422355403E-002  0.97228847123437312     
          15  0.45772045562803509        2.3794015423873688E-002  0.48151447105190881     
          16  0.47062620033132174        1.4900557293042866E-002  0.48552675762436459     
          17  0.23282226314563878        0.0000000000000000       0.23282226314563878     
          18   1.7796581250077183E-002   0.0000000000000000        1.7796581250077183E-002
          19   0.0000000000000000        3.2536998036079867E-003   3.2536998036079867E-003
          20  0.21698711686669275        0.0000000000000000       0.21698711686669275     
