   1.0000000000000000        0.0000000000000000       0.46600291028248553       0.72780229808163477            10000
 i   solar flux    satshine flux      total flux
 -----------------------------------------------
           1   1298.4907544907414        11.974769657234310        1310.4655241479757     
           2   111.25204278654755        2.8927522266349177        114.14479501318246     
           3   172.72170819673428        2.4207700628173772        175.14247825955167     
           4   65.302232825706596        1.0586880806247643        66.360920906331359     
           5   52.612845125870294       0.79376689642243159        53.406612022292727     
           6   28.099089511973144       0.56275710543953361        28.661846617412678     
           7   19.020368552158811       0.32601794953844049        19.346386501697250     
           8   10.532075721172671       0.24070822800677760        10.772783949179448     
           9   10.639018608177087       0.14787432637679024        10.786892934553878     
          10   4.3731286447187658        8.1010664574077809E-002   4.4541393092928434     
          11   3.6338121814852027        6.1766761443272630E-002   3.6955789429284751     
          12   2.2661811934487766        4.5406576417416383E-002   2.3115877698661929     
          13   2.1905899685716319        2.1339841366275678E-002   2.2119298099379074     
          14   1.0611792047134700        1.9075333452491294E-002   1.0802545381659614     
          15  0.76811936473090803        1.6431549738769122E-002  0.78455091446967717     
          16  0.43953720396286611        9.1719108606794948E-003  0.44870911482354559     
          17  0.50926669211949716        5.9539448593563995E-003  0.51522063697885356     
          18   2.8919093118348324E-002   1.5138865201360800E-004   2.9070481770361933E-002
          19   0.0000000000000000        1.6935470913440479E-003   1.6935470913440479E-003
          20   0.0000000000000000        5.8224398860040994E-005   5.8224398860040994E-005
