   1.0000000000000000        0.0000000000000000       0.46600291028248553       0.72780229808163477            10000
 i   solar flux    satshine flux      total flux
 -----------------------------------------------
           1   1354.9459417152366        12.225010013119883        1367.1709517283564     
           2   126.22475036108123        3.1061879175838438        129.33093827866509     
           3   179.08395501560443        2.3021166888560116        181.38607170446045     
           4   77.859505029352704        1.1871933718425383        79.046698401195243     
           5   57.633455579235296       0.89157943184283872        58.525035011078131     
           6   34.423803173994081       0.55635937997676466        34.980162553970843     
           7   22.740846307871465       0.35231528819866365        23.093161596070129     
           8   13.102990669571582       0.23106288678678311        13.334053556358365     
           9   11.239653997598927       0.13303591070303533        11.372689908301963     
          10   7.3189858224914071        9.7533412498877925E-002   7.4165192349902851     
          11   5.3765853079307098        5.0457872204929893E-002   5.4270431801356400     
          12   3.2772958667558276        3.8920188069100914E-002   3.3162160548249284     
          13   2.1836549351359080        2.7657367809340336E-002   2.2113123029452484     
          14   2.6018397225279863        1.6644403148230170E-002   2.6184841256762166     
          15  0.96990326480102307        5.7328476271992787E-003  0.97563611242822235     
          16   1.4225063720190512        1.0883419812005194E-002   1.4333897918310563     
          17  0.72418223567588136        3.2249356558748600E-003  0.72740717133175625     
          18  0.68964068786732746        0.0000000000000000       0.68964068786732746     
          19  0.19180315758438238        0.0000000000000000       0.19180315758438238     
          20  0.70887481268210917        0.0000000000000000       0.70887481268210917     
