   1.0000000000000000        0.0000000000000000       0.46600291028248553       0.72780229808163477            10000
 i   solar flux    satshine flux      total flux
 -----------------------------------------------
           1   1320.6449619211312        12.239698794165745        1332.8846607152968     
           2   126.46825883997853        2.9445329585570996        129.41279179853564     
           3   182.47775183106154        2.5256917556107159        185.00344358667226     
           4   77.368697910506071        1.2894346694493228        78.658132579955392     
           5   55.298648983829978       0.86585138972226816        56.164500373552244     
           6   33.551909933378653       0.59862765686192898        34.150537590240582     
           7   25.824423362235692       0.38699957911334021        26.211422941349031     
           8   13.856036231428671       0.24345198932295858        14.099488220751629     
           9   10.968681794854447       0.12082553497469123        11.089507329829139     
          10   5.7317584342972507        7.9815785269982828E-002   5.8115742195672340     
          11   4.7518994574144999        7.7754517992392233E-002   4.8296539754068926     
          12   3.0990751018788192        5.5698060971441796E-002   3.1547731628502609     
          13  0.76967018579468904        3.1661393008532331E-002  0.80133157880322137     
          14   1.4469747085292450        3.9796689806966004E-002   1.4867713983362110     
          15   1.3239658211964491        7.7581371509583916E-003   1.3317239583474074     
          16  0.72020838041748558        1.9813339622437781E-002  0.74002172003992339     
          17  0.31699847746829846        3.5374512076420204E-003  0.32053592867594050     
          18   5.1977581182449190E-002   0.0000000000000000        5.1977581182449190E-002
          19  0.45237302445623739        1.1376417795975168E-003  0.45351066623583491     
          20   0.0000000000000000        0.0000000000000000        0.0000000000000000     
