   1.0000000000000000        0.0000000000000000       0.46600291028248553       0.72780229808163477            10000
 i   solar flux    satshine flux      total flux
 -----------------------------------------------
           1   1310.6577182574990        12.124004063454837        1322.7817223209538     
           2   128.56792519185956        3.0677205371905369        131.63564572905008     
           3   184.01777707030988        2.4551608243473773        186.47293789465726     
           4   70.770553461440016        1.3573422139369933        72.127895675377005     
           5   59.542800275824703       0.94311781513028203        60.485918090954982     
           6   37.555177921988218       0.50921993484985273        38.064397856838070     
           7   27.957048750679860       0.35849199226431827        28.315540742944179     
           8   15.202304640474674       0.21830475356233964        15.420609394037013     
           9   10.428037855686089       0.17422596014862521        10.602263815834714     
          10   5.0213969027135334       0.11925857733248861        5.1406554800460222     
          11   5.0100655178190259        9.3969817043848783E-002   5.1040353348628749     
          12   3.6102615093614010        4.4907444152369962E-002   3.6551689535137708     
          13   2.9286900457740446        3.9628694991620486E-002   2.9683187407656653     
          14   2.2314634219909077        3.0665830360514075E-002   2.2621292523514218     
          15  0.59054544334875914        4.0462657286711119E-002  0.63100810063547030     
          16  0.80279777932691232        1.9024334040268997E-002  0.82182211336718136     
          17  0.36936032744752656        1.3100721615255179E-002  0.38246104906278172     
          18   0.0000000000000000        4.0089042037921114E-003   4.0089042037921114E-003
          19  0.54598186830218709        6.4298701411119779E-003  0.55241173844329905     
          20   0.0000000000000000        9.9644057461715056E-003   9.9644057461715056E-003
