 Curly R     I/F(total)  I/F(solar)   I/F(saturn)
 ---------------------------------------------------
  0.010    2.8097E-03    2.7839E-03    2.5792E-05
  0.020    5.6252E-03    5.5735E-03    5.1717E-05
  0.030    8.4468E-03    8.3690E-03    7.7779E-05
  0.040    1.1275E-02    1.1171E-02    1.0398E-04
  0.050    1.4109E-02    1.3979E-02    1.3033E-04
  0.060    1.6950E-02    1.6794E-02    1.5682E-04
  0.070    1.9799E-02    1.9615E-02    1.8346E-04
  0.080    2.2655E-02    2.2444E-02    2.1026E-04
  0.090    2.5518E-02    2.5281E-02    2.3721E-04
  0.100    2.8389E-02    2.8125E-02    2.6433E-04
  0.110    3.1269E-02    3.0977E-02    2.9161E-04
  0.120    3.4156E-02    3.3837E-02    3.1906E-04
  0.130    3.7053E-02    3.6706E-02    3.4668E-04
  0.140    3.9959E-02    3.9584E-02    3.7448E-04
  0.150    4.2874E-02    4.2471E-02    4.0246E-04
  0.160    4.5798E-02    4.5368E-02    4.3063E-04
  0.170    4.8733E-02    4.8274E-02    4.5899E-04
  0.180    5.1678E-02    5.1191E-02    4.8755E-04
  0.190    5.4634E-02    5.4117E-02    5.1630E-04
  0.200    5.7600E-02    5.7055E-02    5.4527E-04
  0.210    6.0578E-02    6.0004E-02    5.7444E-04
  0.220    6.3568E-02    6.2964E-02    6.0383E-04
  0.230    6.6569E-02    6.5936E-02    6.3343E-04
  0.240    6.9583E-02    6.8920E-02    6.6327E-04
  0.250    7.2610E-02    7.1917E-02    6.9334E-04
  0.260    7.5650E-02    7.4927E-02    7.2364E-04
  0.270    7.8704E-02    7.7950E-02    7.5419E-04
  0.280    8.1772E-02    8.0987E-02    7.8499E-04
  0.290    8.4854E-02    8.4038E-02    8.1604E-04
  0.300    8.7951E-02    8.7103E-02    8.4736E-04
  0.310    9.1063E-02    9.0184E-02    8.7895E-04
  0.320    9.4191E-02    9.3280E-02    9.1081E-04
  0.330    9.7335E-02    9.6393E-02    9.4296E-04
  0.340    1.0050E-01    9.9521E-02    9.7540E-04
  0.350    1.0368E-01    1.0267E-01    1.0081E-03
  0.360    1.0687E-01    1.0583E-01    1.0412E-03
  0.370    1.1009E-01    1.0901E-01    1.0745E-03
  0.380    1.1332E-01    1.1221E-01    1.1082E-03
  0.390    1.1657E-01    1.1543E-01    1.1422E-03
  0.400    1.1985E-01    1.1867E-01    1.1766E-03
  0.410    1.2314E-01    1.2193E-01    1.2113E-03
  0.420    1.2645E-01    1.2521E-01    1.2463E-03
  0.430    1.2979E-01    1.2851E-01    1.2818E-03
  0.440    1.3315E-01    1.3183E-01    1.3176E-03
  0.450    1.3653E-01    1.3518E-01    1.3538E-03
  0.460    1.3994E-01    1.3855E-01    1.3904E-03
  0.470    1.4337E-01    1.4194E-01    1.4274E-03
  0.480    1.4683E-01    1.4536E-01    1.4648E-03
  0.490    1.5031E-01    1.4881E-01    1.5027E-03
  0.500    1.5382E-01    1.5228E-01    1.5410E-03
  0.510    1.5736E-01    1.5578E-01    1.5798E-03
  0.520    1.6093E-01    1.5931E-01    1.6190E-03
  0.530    1.6453E-01    1.6287E-01    1.6588E-03
  0.540    1.6815E-01    1.6646E-01    1.6990E-03
  0.550    1.7181E-01    1.7007E-01    1.7398E-03
  0.560    1.7551E-01    1.7373E-01    1.7811E-03
  0.570    1.7923E-01    1.7741E-01    1.8229E-03
  0.580    1.8300E-01    1.8113E-01    1.8653E-03
  0.590    1.8680E-01    1.8489E-01    1.9083E-03
  0.600    1.9063E-01    1.8868E-01    1.9519E-03
  0.610    1.9451E-01    1.9251E-01    1.9962E-03
  0.620    1.9842E-01    1.9638E-01    2.0410E-03
  0.630    2.0238E-01    2.0029E-01    2.0866E-03
  0.640    2.0638E-01    2.0425E-01    2.1328E-03
  0.650    2.1042E-01    2.0824E-01    2.1797E-03
  0.660    2.1451E-01    2.1229E-01    2.2274E-03
  0.670    2.1865E-01    2.1637E-01    2.2758E-03
  0.680    2.2284E-01    2.2051E-01    2.3250E-03
  0.690    2.2708E-01    2.2470E-01    2.3750E-03
  0.700    2.3137E-01    2.2894E-01    2.4259E-03
  0.710    2.3572E-01    2.3324E-01    2.4776E-03
  0.720    2.4012E-01    2.3759E-01    2.5302E-03
  0.730    2.4459E-01    2.4200E-01    2.5838E-03
  0.740    2.4911E-01    2.4647E-01    2.6384E-03
  0.750    2.5370E-01    2.5101E-01    2.6939E-03
  0.760    2.5836E-01    2.5561E-01    2.7505E-03
  0.770    2.6309E-01    2.6028E-01    2.8082E-03
  0.780    2.6789E-01    2.6502E-01    2.8671E-03
  0.790    2.7277E-01    2.6984E-01    2.9271E-03
  0.800    2.7772E-01    2.7473E-01    2.9884E-03
  0.810    2.8276E-01    2.7971E-01    3.0509E-03
  0.820    2.8788E-01    2.8476E-01    3.1148E-03
  0.830    2.9309E-01    2.8991E-01    3.1802E-03
  0.840    2.9840E-01    2.9515E-01    3.2469E-03
  0.850    3.0380E-01    3.0049E-01    3.3152E-03
  0.860    3.0931E-01    3.0592E-01    3.3852E-03
  0.870    3.1492E-01    3.1146E-01    3.4568E-03
  0.880    3.2064E-01    3.1711E-01    3.5301E-03
  0.890    3.2649E-01    3.2288E-01    3.6054E-03
  0.900    3.3245E-01    3.2877E-01    3.6826E-03
  0.910    3.3855E-01    3.3479E-01    3.7618E-03
  0.920    3.4478E-01    3.4094E-01    3.8433E-03
  0.930    3.5116E-01    3.4723E-01    3.9270E-03
  0.940    3.5768E-01    3.5367E-01    4.0131E-03
  0.950    3.6437E-01    3.6027E-01    4.1018E-03
  0.960    3.7122E-01    3.6703E-01    4.1933E-03
  0.970    3.7825E-01    3.7396E-01    4.2876E-03
  0.980    3.8547E-01    3.8108E-01    4.3849E-03
  0.990    3.9288E-01    3.8839E-01    4.4855E-03
  1.000    4.0050E-01    3.9591E-01    4.5895E-03
