 Curly R     I/F(total)  I/F(solar)   I/F(saturn)
 ---------------------------------------------------
  0.010    2.8246E-03    2.7985E-03    2.6087E-05
  0.020    5.6546E-03    5.6023E-03    5.2300E-05
  0.030    8.4901E-03    8.4115E-03    7.8643E-05
  0.040    1.1332E-02    1.1226E-02    1.0512E-04
  0.050    1.4179E-02    1.4047E-02    1.3173E-04
  0.060    1.7033E-02    1.6874E-02    1.5848E-04
  0.070    1.9893E-02    1.9708E-02    1.8537E-04
  0.080    2.2760E-02    2.2548E-02    2.1241E-04
  0.090    2.5634E-02    2.5395E-02    2.3959E-04
  0.100    2.8516E-02    2.8249E-02    2.6693E-04
  0.110    3.1404E-02    3.1110E-02    2.9442E-04
  0.120    3.4301E-02    3.3979E-02    3.2208E-04
  0.130    3.7206E-02    3.6856E-02    3.4989E-04
  0.140    4.0119E-02    3.9741E-02    3.7788E-04
  0.150    4.3040E-02    4.2634E-02    4.0603E-04
  0.160    4.5971E-02    4.5536E-02    4.3436E-04
  0.170    4.8910E-02    4.8448E-02    4.6287E-04
  0.180    5.1860E-02    5.1368E-02    4.9156E-04
  0.190    5.4818E-02    5.4298E-02    5.2044E-04
  0.200    5.7787E-02    5.7238E-02    5.4951E-04
  0.210    6.0767E-02    6.0188E-02    5.7877E-04
  0.220    6.3757E-02    6.3149E-02    6.0824E-04
  0.230    6.6758E-02    6.6120E-02    6.3791E-04
  0.240    6.9770E-02    6.9103E-02    6.6780E-04
  0.250    7.2795E-02    7.2097E-02    6.9790E-04
  0.260    7.5831E-02    7.5103E-02    7.2822E-04
  0.270    7.8880E-02    7.8121E-02    7.5876E-04
  0.280    8.1941E-02    8.1152E-02    7.8954E-04
  0.290    8.5016E-02    8.4195E-02    8.2055E-04
  0.300    8.8104E-02    8.7253E-02    8.5181E-04
  0.310    9.1207E-02    9.0323E-02    8.8331E-04
  0.320    9.4324E-02    9.3409E-02    9.1507E-04
  0.330    9.7455E-02    9.6508E-02    9.4709E-04
  0.340    1.0060E-01    9.9623E-02    9.7938E-04
  0.350    1.0377E-01    1.0275E-01    1.0119E-03
  0.360    1.0694E-01    1.0590E-01    1.0448E-03
  0.370    1.1014E-01    1.0906E-01    1.0779E-03
  0.380    1.1335E-01    1.1224E-01    1.1113E-03
  0.390    1.1658E-01    1.1544E-01    1.1450E-03
  0.400    1.1983E-01    1.1865E-01    1.1791E-03
  0.410    1.2310E-01    1.2189E-01    1.2134E-03
  0.420    1.2639E-01    1.2514E-01    1.2481E-03
  0.430    1.2969E-01    1.2841E-01    1.2831E-03
  0.440    1.3302E-01    1.3170E-01    1.3185E-03
  0.450    1.3637E-01    1.3502E-01    1.3542E-03
  0.460    1.3974E-01    1.3835E-01    1.3902E-03
  0.470    1.4313E-01    1.4171E-01    1.4267E-03
  0.480    1.4655E-01    1.4509E-01    1.4635E-03
  0.490    1.4999E-01    1.4849E-01    1.5007E-03
  0.500    1.5346E-01    1.5192E-01    1.5383E-03
  0.510    1.5695E-01    1.5537E-01    1.5763E-03
  0.520    1.6046E-01    1.5885E-01    1.6148E-03
  0.530    1.6400E-01    1.6235E-01    1.6537E-03
  0.540    1.6758E-01    1.6588E-01    1.6930E-03
  0.550    1.7118E-01    1.6944E-01    1.7328E-03
  0.560    1.7480E-01    1.7303E-01    1.7730E-03
  0.570    1.7846E-01    1.7665E-01    1.8138E-03
  0.580    1.8216E-01    1.8030E-01    1.8550E-03
  0.590    1.8588E-01    1.8398E-01    1.8968E-03
  0.600    1.8964E-01    1.8770E-01    1.9391E-03
  0.610    1.9343E-01    1.9145E-01    1.9819E-03
  0.620    1.9726E-01    1.9523E-01    2.0253E-03
  0.630    2.0112E-01    1.9905E-01    2.0693E-03
  0.640    2.0503E-01    2.0291E-01    2.1139E-03
  0.650    2.0897E-01    2.0681E-01    2.1591E-03
  0.660    2.1296E-01    2.1075E-01    2.2049E-03
  0.670    2.1699E-01    2.1473E-01    2.2514E-03
  0.680    2.2106E-01    2.1876E-01    2.2986E-03
  0.690    2.2518E-01    2.2283E-01    2.3465E-03
  0.700    2.2934E-01    2.2695E-01    2.3951E-03
  0.710    2.3356E-01    2.3111E-01    2.4444E-03
  0.720    2.3782E-01    2.3533E-01    2.4946E-03
  0.730    2.4214E-01    2.3960E-01    2.5455E-03
  0.740    2.4652E-01    2.4392E-01    2.5972E-03
  0.750    2.5095E-01    2.4830E-01    2.6498E-03
  0.760    2.5544E-01    2.5273E-01    2.7033E-03
  0.770    2.5999E-01    2.5723E-01    2.7577E-03
  0.780    2.6461E-01    2.6180E-01    2.8131E-03
  0.790    2.6929E-01    2.6643E-01    2.8695E-03
  0.800    2.7405E-01    2.7112E-01    2.9269E-03
  0.810    2.7888E-01    2.7589E-01    2.9853E-03
  0.820    2.8378E-01    2.8074E-01    3.0449E-03
  0.830    2.8877E-01    2.8566E-01    3.1056E-03
  0.840    2.9384E-01    2.9067E-01    3.1675E-03
  0.850    2.9900E-01    2.9576E-01    3.2306E-03
  0.860    3.0424E-01    3.0095E-01    3.2951E-03
  0.870    3.0959E-01    3.0623E-01    3.3609E-03
  0.880    3.1503E-01    3.1160E-01    3.4281E-03
  0.890    3.2058E-01    3.1708E-01    3.4968E-03
  0.900    3.2624E-01    3.2268E-01    3.5670E-03
  0.910    3.3202E-01    3.2838E-01    3.6388E-03
  0.920    3.3792E-01    3.3421E-01    3.7123E-03
  0.930    3.4395E-01    3.4016E-01    3.7876E-03
  0.940    3.5012E-01    3.4625E-01    3.8647E-03
  0.950    3.5643E-01    3.5249E-01    3.9438E-03
  0.960    3.6290E-01    3.5887E-01    4.0249E-03
  0.970    3.6952E-01    3.6541E-01    4.1081E-03
  0.980    3.7632E-01    3.7213E-01    4.1936E-03
  0.990    3.8330E-01    3.7902E-01    4.2814E-03
  1.000    3.9047E-01    3.8610E-01    4.3717E-03
