   1.0000000000000000        0.0000000000000000       0.46600291028248553       0.72780229808163477            10000
 i   solar flux    satshine flux      total flux
 -----------------------------------------------
           1   1297.2067235215839        12.242120339645373        1309.4488438612293     
           2   120.84891239798080        2.8963903883211581        123.74530278630195     
           3   169.96028437750715        2.2437326143433438        172.20401699185049     
           4   68.962842016525826        1.2661880818099611        70.229030098335784     
           5   52.024470009437394       0.84894785956419816        52.873417869001592     
           6   33.546655616365683       0.49948797602039297        34.046143592386073     
           7   25.211405005963080       0.34717703030944547        25.558582036272526     
           8   13.398361963260385       0.19422968379979658        13.592591647060182     
           9   8.8445732130682941       0.20004005497108290        9.0446132680393774     
          10   8.0581984503769259       0.11732362183667515        8.1755220722136013     
          11   3.9520833267336304        6.4250506280538369E-002   4.0163338330141691     
          12   2.8109861928502764        4.6993614353785608E-002   2.8579798072040621     
          13   2.6804279642077526        5.1716331045237061E-002   2.7321442952529895     
          14   1.6071917961753521        3.1297944029827100E-002   1.6384897402051792     
          15  0.56479539661088429        1.3616555752954753E-002  0.57841195236383902     
          16   4.1217042757902708E-002   5.2446653933076971E-003   4.6461708151210403E-002
          17  0.71665234423644364        4.9028179127414123E-003  0.72155516214918503     
          18  0.26922785143096045        0.0000000000000000       0.26922785143096045     
          19  0.25188183689485111        6.8003042883787116E-003  0.25868214118322980     
          20  0.17765531948503591        0.0000000000000000       0.17765531948503591     
