   1.0000000000000000        0.0000000000000000       0.46600291028248553       0.72780229808163477            10000
 i   solar flux    satshine flux      total flux
 -----------------------------------------------
           1   1290.6980959663579        11.974420468399739        1302.6725164347577     
           2   125.95042655790664        3.0256318820313539        128.97605843993799     
           3   174.19740763429857        2.4208632921799103        176.61827092647849     
           4   73.539387752733347        1.2990856084259379        74.838473361159288     
           5   53.722578075000399       0.86297910117192567        54.585557176172323     
           6   31.090968127430344       0.53696439957779007        31.627932527008134     
           7   26.053680733852026       0.37075040395749076        26.424431137809517     
           8   14.264823954211266       0.22518775228385904        14.490011706495125     
           9   8.2502312368253872       0.15397705530915906        8.4042082921345465     
          10   5.7780985987580298       0.10637491512357028        5.8844735138816002     
          11   5.8960814918398894        7.5072450387151768E-002   5.9711539422270414     
          12   4.1344401515363636        5.5197701832526001E-002   4.1896378533688896     
          13   1.7759337300810225        5.0739925173748923E-002   1.8266736552547713     
          14   1.9856292975503980        3.6968418128601042E-002   2.0225977156789989     
          15   1.0562178488650682        1.1848110772527799E-002   1.0680659596375961     
          16  0.48149004126237854        2.8443242582747462E-002  0.50993328384512604     
          17  0.45157195952905299        7.6809859593217995E-003  0.45925294548837481     
          18   3.9890754068428451E-002   3.2721211576258041E-003   4.3162875226054255E-002
          19  0.22333971207662073        1.6345024621621972E-002  0.23968473669824270     
          20   0.0000000000000000        9.9051034107033187E-003   9.9051034107033187E-003
