   1.0000000000000000        0.0000000000000000       0.46600291028248553       0.72780229808163477            10000
 i   solar flux    satshine flux      total flux
 -----------------------------------------------
           1   1282.2311782318375        12.001796833139590        1294.2329750649772     
           2   128.02358054430272        3.0530122231373489        131.07659276744008     
           3   177.47650967244488        2.2172284782325336        179.69373815067740     
           4   79.344478663258315        1.2143321881782632        80.558810851436576     
           5   50.826818848976359       0.85636300641885277        51.683181855395212     
           6   38.241660584439899       0.52430853584294468        38.765969120282847     
           7   25.259989124154895       0.34851363420610937        25.608502758361006     
           8   18.189364894005994       0.26725033356062211        18.456615227566616     
           9   10.139398977557661       0.14993790621171194        10.289336883769373     
          10   6.3417879086257525       0.12186470786296161        6.4636526164887140     
          11   5.0460895232005072        9.7500318198744343E-002   5.1435898413992511     
          12   3.3086551253100098        5.4818486342176946E-002   3.3634736116521866     
          13   1.7252700432360513        3.7029839365399587E-002   1.7622998826014509     
          14   1.9334852357110630        1.8178226881865690E-002   1.9516634625929288     
          15  0.94787350350182276        2.8184871987275414E-002  0.97605837548909813     
          16   1.1020893764522972        6.8267241666928246E-003   1.1089161006189900     
          17  0.44110268045571055        2.3686738695546383E-003  0.44347135432526519     
          18  0.47511694516282288        8.1448413761590396E-003  0.48326178653898194     
          19  0.57351753545843220        2.6106810734543157E-003  0.57612821653188651     
          20   0.0000000000000000        0.0000000000000000        0.0000000000000000     
