   1.0000000000000000        0.0000000000000000       0.46600291028248553       0.72780229808163477            10000
 i   solar flux    satshine flux      total flux
 -----------------------------------------------
           1   1322.7640997277854        11.826472276341555        1334.5905720041269     
           2   135.64605552787745        2.9910556346535273        138.63711116253097     
           3   174.71106118869437        2.3901448944782273        177.10120608317260     
           4   68.753483078796194        1.3624875830795526        70.115970661875750     
           5   59.642020633780518       0.89578903286826395        60.537809666648783     
           6   32.035261027988184       0.58803775558720306        32.623298783575386     
           7   20.641475097507954       0.45782226075001242        21.099297358257967     
           8   14.694845285103758       0.23114695516949740        14.925992240273256     
           9   7.4097914900522142       0.20428571123163516        7.6140772012838491     
          10   8.0080223112525761       0.11369045084693800        8.1217127620995146     
          11   5.4324733552892397        7.5546081446243099E-002   5.5080194367354824     
          12   2.8321192607242409        4.0899813010562169E-002   2.8730190737348029     
          13   2.9623628986639581        4.1178679360516654E-002   3.0035415780244747     
          14   2.0356647107896806        3.2730148844462618E-002   2.0683948596341430     
          15  0.95538349403477829        1.1390205387440280E-002  0.96677369942221858     
          16  0.82194524941596314        1.6290718382176348E-003  0.82357432125418073     
          17  0.59639137727206526        2.0049916165977614E-003  0.59839636888866299     
          18  0.17105256639038430        0.0000000000000000       0.17105256639038430     
          19  0.53159440359212673        7.1118900212382655E-003  0.53870629361336497     
          20   1.8774220941278622E-002   4.1069081190862854E-003   2.2881129060364908E-002
