   1.0000000000000000        0.0000000000000000       0.46600291028248553       0.72780229808163477            10000
 i   solar flux    satshine flux      total flux
 -----------------------------------------------
           1   1337.9196560893752        12.492233531762306        1350.4118896211376     
           2   125.63065709095000        2.9979541489234278        128.62861123987344     
           3   175.46719498148033        2.2985463757083013        177.76574135718863     
           4   66.844306964423595        1.2320534645469661        68.076360428970560     
           5   47.542997497467056       0.84263835852250435        48.385635855989563     
           6   29.861745978392065       0.49484261243956323        30.356588590831628     
           7   20.152611840261283       0.40885124362342806        20.561463083884711     
           8   10.133577406744596       0.19789128796093411        10.331468694705530     
           9   8.4926268320062306       0.17356272699410502        8.6661895590003351     
          10   5.5449780808858335        9.5905157027855084E-002   5.6408832379136884     
          11   3.9715961139434737        7.9609322781349856E-002   4.0512054367248238     
          12   2.4116800609782620        6.2836883457750639E-002   2.4745169444360129     
          13   2.4585518246848723        2.0314867603243782E-002   2.4788666922881162     
          14   1.4803864551931643        2.6499946350801253E-002   1.5068864015439656     
          15   1.3081084442037094        8.3775119500769518E-003   1.3164859561537863     
          16  0.75555568798866191        1.1366857245031973E-002  0.76692254523369385     
          17  0.54419085815723134        7.8999122261251085E-003  0.55209077038335641     
          18  0.25605237179834356        2.9718857806202634E-003  0.25902425757896380     
          19   6.4850731539414536E-002   3.5322748730712947E-003   6.8383006412485833E-002
          20   0.0000000000000000        0.0000000000000000        0.0000000000000000     
