   1.0000000000000000        0.0000000000000000       0.46600291028248553       0.72780229808163477            10000
 i   solar flux    satshine flux      total flux
 -----------------------------------------------
           1   1287.0065250798448        12.098500228982529        1299.1050253088274     
           2   128.68835757546984        2.9908703318632153        131.67922790733306     
           3   185.39174014880794        2.3196384405499377        187.71137858935788     
           4   72.759755147510205        1.3279410348125960        74.087696182322802     
           5   52.045767619581582       0.79236921932017934        52.838136838901761     
           6   37.599502638117443       0.55113788916039341        38.150640527277837     
           7   19.097458101090339       0.37556243041489418        19.473020531505234     
           8   16.611917121332830       0.17396428451962528        16.785881405852454     
           9   9.5493996800023098       0.13763735366785407        9.6870370336701637     
          10   7.4336997482496301        9.3788801501836633E-002   7.5274885497514665     
          11   3.9074113531089827       0.10506745550746735        4.0124788086164500     
          12   1.8889108431295440        4.1163085674282680E-002   1.9300739288038267     
          13   2.2116190088163137        3.1012729642896260E-002   2.2426317384592100     
          14   1.5124250313084346        1.8176321981809587E-002   1.5306013532902443     
          15  0.27816632100996758        1.6714541768286635E-002  0.29488086277825420     
          16  0.75001837264430360        5.2855187162938761E-003  0.75530389136059750     
          17  0.54609116540917912        1.8219555368064074E-002  0.56431072077724320     
          18  0.39686950421646705        3.9448334026997434E-003  0.40081433761916679     
          19  0.31842374103249055        0.0000000000000000       0.31842374103249055     
          20  0.39186979269275862        1.6342919493248025E-003  0.39350408464208342     
