   1.0000000000000000        0.0000000000000000       0.46600291028248553       0.72780229808163477            10000
 i   solar flux    satshine flux      total flux
 -----------------------------------------------
           1   1264.5057741940464        12.240885030673478        1276.7466592247199     
           2   121.69120738350742        2.9925656639829183        124.68377304749033     
           3   166.53288913477212        2.3802308052026007        168.91311993997471     
           4   75.418273074750772        1.1770368912236571        76.595309965974423     
           5   49.651779812099903       0.88442579767226215        50.536205609772168     
           6   36.750620422972609       0.52040337486658150        37.271023797839192     
           7   20.687587121766590       0.40209875551799912        21.089685877284591     
           8   16.812170928153119       0.20058444475806458        17.012755372911183     
           9   10.161121200118981       0.16092252800006748        10.322043728119048     
          10   7.1779517787621341        6.6087243580402341E-002   7.2440390223425366     
          11   4.6495210069265669        6.8275447544219825E-002   4.7177964544707871     
          12   2.0195417167208971        4.8725050921324661E-002   2.0682667676422217     
          13   1.6433124291287258        4.3719286894332347E-002   1.6870317160230581     
          14  0.67691366761238614        2.5928464915649634E-002  0.70284213252803573     
          15   1.3023518720553453        7.4865660543591214E-003   1.3098384381097044     
          16  0.53249158703250687        8.1675446688208777E-003  0.54065913170132773     
          17  0.55753844312161027        5.5956211566791682E-003  0.56313406427828949     
          18  0.38189805494910245        0.0000000000000000       0.38189805494910245     
          19   0.0000000000000000        4.6501720028641639E-003   4.6501720028641639E-003
          20   0.0000000000000000        7.4077818359996996E-003   7.4077818359996996E-003
