   1.0000000000000000        0.0000000000000000       0.46600291028248553       0.72780229808163477            10000
 i   solar flux    satshine flux      total flux
 -----------------------------------------------
           1   1360.3932813346837        12.604239990718426        1372.9975213254022     
           2   119.31228213988031        2.8234599729200092        122.13574211280032     
           3   193.39851127508115        2.3544839356708769        195.75299521075203     
           4   71.288649845039117        1.3329972078511378        72.621647052890253     
           5   56.528488364548750       0.88638542898395500        57.414873793532706     
           6   34.454527986613002       0.51377690117233721        34.968304887785337     
           7   21.832244783398668       0.35273842661884880        22.184983210017517     
           8   14.121837104118658       0.27982211192603162        14.401659216044690     
           9   9.0147951104123916       0.13811842918494505        9.1529135395973373     
          10   6.1238120730895984       0.11754098270276155        6.2413530557923602     
          11   4.7603475128598696        4.6345634117349779E-002   4.8066931469772189     
          12   2.9935218161511816        3.8442470545266567E-002   3.0319642866964482     
          13   3.3885014262465107        1.4694775291017509E-002   3.4031962015375283     
          14   1.4384800836633136        3.2513191563782004E-002   1.4709932752270956     
          15  0.67386301375624647        2.0262100984818610E-002  0.69412511474106509     
          16  0.62598418537233369        1.4293920662761238E-002  0.64027810603509494     
          17  0.60098049261543141        8.4731990594485475E-003  0.60945369167487995     
          18   0.0000000000000000        9.9636257395064910E-003   9.9636257395064910E-003
          19  0.25964343875621487        0.0000000000000000       0.25964343875621487     
          20   0.0000000000000000        2.4686285982773823E-004   2.4686285982773823E-004
