   1.0000000000000000        0.0000000000000000       0.46600291028248553       0.72780229808163477            10000
 i   solar flux    satshine flux      total flux
 -----------------------------------------------
           1   1343.2621426695050        12.372443836347999        1355.6345865058531     
           2   124.28997076703101        2.9074253471967060        127.19739611422771     
           3   173.45275396250815        2.3967611655672547        175.84951512807541     
           4   66.860307664437642        1.3078362678221684        68.168143932259810     
           5   50.692148713820444       0.86719844672870550        51.559347160549152     
           6   31.093966006138139       0.49471949095440160        31.588685497092541     
           7   20.034653163382941       0.34342958459831091        20.378082747981253     
           8   12.677109840573380       0.17529699032981486        12.852406830903194     
           9   7.9379794781539132       0.15204016587500954        8.0900196440289225     
          10   6.3525901346586426        7.7026665989051168E-002   6.4296168006476941     
          11   3.4043137055560750        6.0412733364585254E-002   3.4647264389206605     
          12   3.4216633792364415        3.7626677605745326E-002   3.4592900568421867     
          13   3.1085509691918936        2.7457053994866858E-002   3.1360080231867604     
          14   2.1981109594986035        6.4645047386572589E-003   2.2045754642372608     
          15  0.73629901019411792        1.2505969063123819E-002  0.74880497925724177     
          16   1.2063197074804903        1.6460232361737995E-002   1.2227799398422283     
          17   1.0570984894466751        7.3316623802281997E-003   1.0644301518269033     
          18  0.67727683216861556        1.5040309613081311E-002  0.69231714178169690     
          19  0.20432093397131942        5.3624550153918873E-004  0.20485717947285861     
          20   0.0000000000000000        2.9898559926687471E-003   2.9898559926687471E-003
