 Curly R     I/F(total)  I/F(solar)   I/F(saturn)
 ---------------------------------------------------
  0.010    2.9037E-03    2.8775E-03    2.6153E-05
  0.020    5.8130E-03    5.7605E-03    5.2437E-05
  0.030    8.7281E-03    8.6492E-03    7.8852E-05
  0.040    1.1649E-02    1.1544E-02    1.0540E-04
  0.050    1.4577E-02    1.4445E-02    1.3209E-04
  0.060    1.7511E-02    1.7352E-02    1.5893E-04
  0.070    2.0452E-02    2.0266E-02    1.8591E-04
  0.080    2.3400E-02    2.3187E-02    2.1304E-04
  0.090    2.6355E-02    2.6115E-02    2.4032E-04
  0.100    2.9318E-02    2.9051E-02    2.6776E-04
  0.110    3.2289E-02    3.1994E-02    2.9535E-04
  0.120    3.5268E-02    3.4945E-02    3.2312E-04
  0.130    3.8256E-02    3.7905E-02    3.5105E-04
  0.140    4.1253E-02    4.0874E-02    3.7915E-04
  0.150    4.4258E-02    4.3851E-02    4.0743E-04
  0.160    4.7273E-02    4.6837E-02    4.3589E-04
  0.170    5.0298E-02    4.9834E-02    4.6453E-04
  0.180    5.3333E-02    5.2840E-02    4.9336E-04
  0.190    5.6378E-02    5.5856E-02    5.2239E-04
  0.200    5.9434E-02    5.8883E-02    5.5161E-04
  0.210    6.2501E-02    6.1920E-02    5.8104E-04
  0.220    6.5580E-02    6.4969E-02    6.1068E-04
  0.230    6.8670E-02    6.8029E-02    6.4052E-04
  0.240    7.1772E-02    7.1102E-02    6.7059E-04
  0.250    7.4887E-02    7.4186E-02    7.0087E-04
  0.260    7.8015E-02    7.7283E-02    7.3139E-04
  0.270    8.1156E-02    8.0394E-02    7.6214E-04
  0.280    8.4311E-02    8.3517E-02    7.9313E-04
  0.290    8.7480E-02    8.6655E-02    8.2437E-04
  0.300    9.0663E-02    8.9807E-02    8.5585E-04
  0.310    9.3861E-02    9.2974E-02    8.8760E-04
  0.320    9.7075E-02    9.6156E-02    9.1960E-04
  0.330    1.0031E-01    9.9353E-02    9.5188E-04
  0.340    1.0355E-01    1.0257E-01    9.8444E-04
  0.350    1.0681E-01    1.0580E-01    1.0173E-03
  0.360    1.1009E-01    1.0904E-01    1.0504E-03
  0.370    1.1339E-01    1.1231E-01    1.0838E-03
  0.380    1.1671E-01    1.1559E-01    1.1176E-03
  0.390    1.2005E-01    1.1889E-01    1.1516E-03
  0.400    1.2340E-01    1.2221E-01    1.1860E-03
  0.410    1.2678E-01    1.2555E-01    1.2207E-03
  0.420    1.3017E-01    1.2892E-01    1.2558E-03
  0.430    1.3359E-01    1.3230E-01    1.2912E-03
  0.440    1.3703E-01    1.3570E-01    1.3269E-03
  0.450    1.4049E-01    1.3913E-01    1.3631E-03
  0.460    1.4397E-01    1.4257E-01    1.3996E-03
  0.470    1.4748E-01    1.4604E-01    1.4364E-03
  0.480    1.5101E-01    1.4954E-01    1.4737E-03
  0.490    1.5457E-01    1.5306E-01    1.5114E-03
  0.500    1.5816E-01    1.5661E-01    1.5496E-03
  0.510    1.6177E-01    1.6018E-01    1.5881E-03
  0.520    1.6541E-01    1.6378E-01    1.6271E-03
  0.530    1.6907E-01    1.6741E-01    1.6666E-03
  0.540    1.7277E-01    1.7106E-01    1.7065E-03
  0.550    1.7650E-01    1.7475E-01    1.7469E-03
  0.560    1.8026E-01    1.7847E-01    1.7878E-03
  0.570    1.8405E-01    1.8222E-01    1.8292E-03
  0.580    1.8787E-01    1.8600E-01    1.8712E-03
  0.590    1.9173E-01    1.8981E-01    1.9137E-03
  0.600    1.9562E-01    1.9366E-01    1.9568E-03
  0.610    1.9955E-01    1.9755E-01    2.0004E-03
  0.620    2.0352E-01    2.0147E-01    2.0447E-03
  0.630    2.0752E-01    2.0543E-01    2.0895E-03
  0.640    2.1157E-01    2.0943E-01    2.1350E-03
  0.650    2.1565E-01    2.1347E-01    2.1812E-03
  0.660    2.1978E-01    2.1755E-01    2.2280E-03
  0.670    2.2396E-01    2.2168E-01    2.2755E-03
  0.680    2.2817E-01    2.2585E-01    2.3238E-03
  0.690    2.3244E-01    2.3007E-01    2.3728E-03
  0.700    2.3675E-01    2.3433E-01    2.4226E-03
  0.710    2.4112E-01    2.3864E-01    2.4732E-03
  0.720    2.4553E-01    2.4301E-01    2.5246E-03
  0.730    2.5000E-01    2.4743E-01    2.5769E-03
  0.740    2.5453E-01    2.5190E-01    2.6300E-03
  0.750    2.5911E-01    2.5643E-01    2.6841E-03
  0.760    2.6375E-01    2.6101E-01    2.7392E-03
  0.770    2.6846E-01    2.6566E-01    2.7952E-03
  0.780    2.7323E-01    2.7037E-01    2.8523E-03
  0.790    2.7806E-01    2.7515E-01    2.9104E-03
  0.800    2.8297E-01    2.8000E-01    2.9697E-03
  0.810    2.8794E-01    2.8491E-01    3.0301E-03
  0.820    2.9299E-01    2.8990E-01    3.0917E-03
  0.830    2.9812E-01    2.9497E-01    3.1546E-03
  0.840    3.0333E-01    3.0011E-01    3.2188E-03
  0.850    3.0862E-01    3.0534E-01    3.2844E-03
  0.860    3.1400E-01    3.1065E-01    3.3514E-03
  0.870    3.1947E-01    3.1605E-01    3.4198E-03
  0.880    3.2503E-01    3.2154E-01    3.4899E-03
  0.890    3.3070E-01    3.2714E-01    3.5616E-03
  0.900    3.3646E-01    3.3283E-01    3.6349E-03
  0.910    3.4234E-01    3.3863E-01    3.7101E-03
  0.920    3.4833E-01    3.4454E-01    3.7871E-03
  0.930    3.5443E-01    3.5056E-01    3.8661E-03
  0.940    3.6066E-01    3.5671E-01    3.9472E-03
  0.950    3.6702E-01    3.6299E-01    4.0305E-03
  0.960    3.7351E-01    3.6939E-01    4.1160E-03
  0.970    3.8014E-01    3.7594E-01    4.2040E-03
  0.980    3.8693E-01    3.8263E-01    4.2945E-03
  0.990    3.9387E-01    3.8948E-01    4.3878E-03
  1.000    4.0098E-01    3.9649E-01    4.4838E-03
