   1.0000000000000000        0.0000000000000000       0.46600291028248553       0.72780229808163477            10000
 i   solar flux    satshine flux      total flux
 -----------------------------------------------
           1   1323.4943395561436        12.164182436036938        1335.6585219921806     
           2   122.28596972261980        3.1398315935364050        125.42580131615620     
           3   187.44233623822680        2.3931562261004919        189.83549246432730     
           4   68.592050680599868        1.2058324647333889        69.797883145333259     
           5   56.729055722423283       0.77772908959566434        57.506784812018950     
           6   31.282168579336830       0.48624630535010582        31.768414884686937     
           7   18.335159584313367       0.31751577787809770        18.652675362191463     
           8   14.752053469927585       0.19371730800768688        14.945770777935271     
           9   7.0493732854681141       0.11258679724191650        7.1619600827100305     
          10   9.0422206278769828        8.1594759615260012E-002   9.1238153874922432     
          11   4.7845534620186516        8.6711706997885787E-002   4.8712651690165378     
          12   2.9921554573775935        5.6710555477545221E-002   3.0488660128551386     
          13   1.6671287571358269        2.7163768931438414E-002   1.6942925260672652     
          14   2.3909119396934706        1.7459967645479506E-002   2.4083719073389500     
          15  0.95204746732207957        1.1027469251101155E-002  0.96307493657318077     
          16   1.0028764400355228        8.7095749378717537E-003   1.0115860149733946     
          17  0.61079358086318591        7.1276220118802781E-003  0.61792120287506624     
          18  0.34627719882033225        5.2017877477369993E-003  0.35147898656806925     
          19   1.4374991764019351E-002   0.0000000000000000        1.4374991764019351E-002
          20   8.2235884650522131E-002   4.2255678845565647E-003   8.6461452535078698E-002
