 Curly R     I/F(total)  I/F(solar)   I/F(saturn)
 ---------------------------------------------------
  0.010    2.9121E-03    2.8857E-03    2.6396E-05
  0.020    5.8295E-03    5.7766E-03    5.2918E-05
  0.030    8.7524E-03    8.6728E-03    7.9570E-05
  0.040    1.1681E-02    1.1575E-02    1.0635E-04
  0.050    1.4616E-02    1.4483E-02    1.3327E-04
  0.060    1.7557E-02    1.7396E-02    1.6033E-04
  0.070    2.0504E-02    2.0317E-02    1.8753E-04
  0.080    2.3459E-02    2.3244E-02    2.1488E-04
  0.090    2.6420E-02    2.6178E-02    2.4238E-04
  0.100    2.9389E-02    2.9119E-02    2.7003E-04
  0.110    3.2365E-02    3.2067E-02    2.9783E-04
  0.120    3.5349E-02    3.5023E-02    3.2580E-04
  0.130    3.8341E-02    3.7987E-02    3.5393E-04
  0.140    4.1342E-02    4.0959E-02    3.8223E-04
  0.150    4.4351E-02    4.3940E-02    4.1070E-04
  0.160    4.7369E-02    4.6930E-02    4.3935E-04
  0.170    5.0397E-02    4.9929E-02    4.6818E-04
  0.180    5.3434E-02    5.2937E-02    4.9719E-04
  0.190    5.6481E-02    5.5955E-02    5.2639E-04
  0.200    5.9539E-02    5.8983E-02    5.5579E-04
  0.210    6.2606E-02    6.2021E-02    5.8538E-04
  0.220    6.5685E-02    6.5070E-02    6.1518E-04
  0.230    6.8775E-02    6.8130E-02    6.4519E-04
  0.240    7.1877E-02    7.1202E-02    6.7541E-04
  0.250    7.4991E-02    7.4285E-02    7.0585E-04
  0.260    7.8117E-02    7.7380E-02    7.3651E-04
  0.270    8.1255E-02    8.0488E-02    7.6740E-04
  0.280    8.4407E-02    8.3609E-02    7.9853E-04
  0.290    8.7572E-02    8.6742E-02    8.2991E-04
  0.300    9.0752E-02    8.9890E-02    8.6153E-04
  0.310    9.3945E-02    9.3052E-02    8.9340E-04
  0.320    9.7153E-02    9.6228E-02    9.2553E-04
  0.330    1.0038E-01    9.9418E-02    9.5794E-04
  0.340    1.0362E-01    1.0262E-01    9.9061E-04
  0.350    1.0687E-01    1.0585E-01    1.0236E-03
  0.360    1.1014E-01    1.0908E-01    1.0568E-03
  0.370    1.1343E-01    1.1234E-01    1.0904E-03
  0.380    1.1674E-01    1.1561E-01    1.1242E-03
  0.390    1.2006E-01    1.1890E-01    1.1584E-03
  0.400    1.2340E-01    1.2221E-01    1.1928E-03
  0.410    1.2676E-01    1.2554E-01    1.2277E-03
  0.420    1.3015E-01    1.2888E-01    1.2628E-03
  0.430    1.3355E-01    1.3225E-01    1.2983E-03
  0.440    1.3697E-01    1.3564E-01    1.3341E-03
  0.450    1.4041E-01    1.3904E-01    1.3704E-03
  0.460    1.4388E-01    1.4247E-01    1.4070E-03
  0.470    1.4737E-01    1.4593E-01    1.4439E-03
  0.480    1.5088E-01    1.4940E-01    1.4813E-03
  0.490    1.5442E-01    1.5290E-01    1.5191E-03
  0.500    1.5798E-01    1.5642E-01    1.5573E-03
  0.510    1.6157E-01    1.5997E-01    1.5960E-03
  0.520    1.6518E-01    1.6355E-01    1.6351E-03
  0.530    1.6882E-01    1.6715E-01    1.6746E-03
  0.540    1.7249E-01    1.7077E-01    1.7147E-03
  0.550    1.7619E-01    1.7443E-01    1.7552E-03
  0.560    1.7991E-01    1.7812E-01    1.7962E-03
  0.570    1.8367E-01    1.8183E-01    1.8378E-03
  0.580    1.8746E-01    1.8558E-01    1.8798E-03
  0.590    1.9128E-01    1.8936E-01    1.9225E-03
  0.600    1.9514E-01    1.9317E-01    1.9657E-03
  0.610    1.9903E-01    1.9702E-01    2.0095E-03
  0.620    2.0296E-01    2.0090E-01    2.0539E-03
  0.630    2.0692E-01    2.0482E-01    2.0989E-03
  0.640    2.1092E-01    2.0878E-01    2.1446E-03
  0.650    2.1497E-01    2.1277E-01    2.1909E-03
  0.660    2.1905E-01    2.1681E-01    2.2379E-03
  0.670    2.2317E-01    2.2089E-01    2.2857E-03
  0.680    2.2734E-01    2.2501E-01    2.3342E-03
  0.690    2.3156E-01    2.2917E-01    2.3835E-03
  0.700    2.3582E-01    2.3338E-01    2.4335E-03
  0.710    2.4013E-01    2.3764E-01    2.4844E-03
  0.720    2.4449E-01    2.4195E-01    2.5362E-03
  0.730    2.4890E-01    2.4631E-01    2.5888E-03
  0.740    2.5336E-01    2.5072E-01    2.6424E-03
  0.750    2.5789E-01    2.5519E-01    2.6969E-03
  0.760    2.6247E-01    2.5971E-01    2.7524E-03
  0.770    2.6711E-01    2.6430E-01    2.8090E-03
  0.780    2.7181E-01    2.6894E-01    2.8666E-03
  0.790    2.7658E-01    2.7365E-01    2.9254E-03
  0.800    2.8141E-01    2.7843E-01    2.9853E-03
  0.810    2.8632E-01    2.8327E-01    3.0465E-03
  0.820    2.9130E-01    2.8819E-01    3.1089E-03
  0.830    2.9635E-01    2.9318E-01    3.1727E-03
  0.840    3.0149E-01    2.9825E-01    3.2379E-03
  0.850    3.0670E-01    3.0340E-01    3.3045E-03
  0.860    3.1201E-01    3.0863E-01    3.3726E-03
  0.870    3.1740E-01    3.1396E-01    3.4424E-03
  0.880    3.2289E-01    3.1937E-01    3.5138E-03
  0.890    3.2847E-01    3.2489E-01    3.5870E-03
  0.900    3.3416E-01    3.3050E-01    3.6620E-03
  0.910    3.3996E-01    3.3622E-01    3.7390E-03
  0.920    3.4587E-01    3.4205E-01    3.8180E-03
  0.930    3.5189E-01    3.4799E-01    3.8992E-03
  0.940    3.5804E-01    3.5406E-01    3.9827E-03
  0.950    3.6432E-01    3.6025E-01    4.0686E-03
  0.960    3.7074E-01    3.6658E-01    4.1570E-03
  0.970    3.7730E-01    3.7305E-01    4.2481E-03
  0.980    3.8401E-01    3.7967E-01    4.3421E-03
  0.990    3.9088E-01    3.8644E-01    4.4392E-03
  1.000    3.9792E-01    3.9338E-01    4.5394E-03
