   1.0000000000000000        0.0000000000000000       0.46600291028248553       0.72780229808163477            10000
 i   solar flux    satshine flux      total flux
 -----------------------------------------------
           1   1293.1131335849648        11.881728988646250        1304.9948625736110     
           2   113.51107069848808        2.8325811009307285        116.34365179941881     
           3   176.30388125349589        2.2874245541604985        178.59130580765640     
           4   71.126139682251420        1.3299587904069841        72.456098472658411     
           5   56.437437864945224       0.89491005031768400        57.332347915262908     
           6   29.273957007786535       0.54385327059550770        29.817810278382044     
           7   23.319730946216083       0.37689566733849394        23.696626613554578     
           8   15.883601297325832       0.22930652127042375        16.112907818596256     
           9   9.7520031280967814       0.14776847178990615        9.8997715998866873     
          10   6.6753644599076436       0.12321365338495430        6.7985781132925975     
          11   6.2506070482073248        8.1004925398829725E-002   6.3316119736061545     
          12   3.4113051809694435        6.9952640433768545E-002   3.4812578214032119     
          13   1.7112650218184613        3.5455305089514173E-002   1.7467203269079754     
          14   1.8020030852753555        1.8333149964390175E-002   1.8203362352397456     
          15  0.47376050129179681        1.1952096337185483E-002  0.48571259762898228     
          16  0.22944969932056974        1.0536060620260766E-002  0.23998575994083052     
          17  0.54280860320960111        3.1079904396381494E-003  0.54591659364923928     
          18  0.14977392613518817        7.0311675568814312E-003  0.15680509369206960     
          19   0.0000000000000000        1.0944484353332471E-003   1.0944484353332471E-003
          20  0.44161242399521727        0.0000000000000000       0.44161242399521727     
