   1.0000000000000000        0.0000000000000000       0.46600291028248553       0.72780229808163477            10000
 i   solar flux    satshine flux      total flux
 -----------------------------------------------
           1   1311.1889525687466        12.403967902399440        1323.5929204711460     
           2   124.50525390293799        2.9414965812022982        127.44675048414030     
           3   176.87861129454080        2.4976486155650495        179.37625991010586     
           4   81.934266359147202        1.2316519687016603        83.165918327848857     
           5   60.168606770646107       0.89462780091862548        61.063234571564735     
           6   34.271708243806565       0.61330470402767889        34.885012947834241     
           7   25.755436498118023       0.36083169794316589        26.116268196061188     
           8   15.823251272747575       0.25423245329895033        16.077483726046523     
           9   11.695155615423715       0.19002010241662742        11.885175717840342     
          10   7.0459435013952110       0.10669802202249409        7.1526415234177048     
          11   5.3854830777185878        6.9852824541018793E-002   5.4553359022596064     
          12   2.8931238775307060        6.8372081915658675E-002   2.9614959594463648     
          13   1.0246845238484013        2.0181210751469728E-002   1.0448657345998711     
          14  0.64858497883277644        1.8289760579677104E-002  0.66687473941245357     
          15   1.3031863960509735        9.8684304586997562E-003   1.3130548265096733     
          16  0.31402803954875302        1.7461374232772713E-002  0.33148941378152574     
          17  0.50591338477933201        2.5396055725645820E-003  0.50845299035189662     
          18  0.14860278657205980        1.7174772766572196E-002  0.16577755933863200     
          19  0.39002102561613189        3.1332083156880726E-003  0.39315423393181997     
          20  0.13018752368122119        2.1432022249123703E-003  0.13233072590613357     
