 Curly R     I/F(total)  I/F(solar)   I/F(saturn)
 ---------------------------------------------------
  0.010    2.8113E-03    2.7849E-03    2.6383E-05
  0.020    5.6283E-03    5.5754E-03    5.2895E-05
  0.030    8.4511E-03    8.3716E-03    7.9538E-05
  0.040    1.1280E-02    1.1174E-02    1.0632E-04
  0.050    1.4115E-02    1.3982E-02    1.3323E-04
  0.060    1.6957E-02    1.6797E-02    1.6029E-04
  0.070    1.9806E-02    1.9619E-02    1.8749E-04
  0.080    2.2662E-02    2.2447E-02    2.1484E-04
  0.090    2.5525E-02    2.5283E-02    2.4234E-04
  0.100    2.8396E-02    2.8126E-02    2.7000E-04
  0.110    3.1275E-02    3.0977E-02    2.9782E-04
  0.120    3.4162E-02    3.3836E-02    3.2581E-04
  0.130    3.7058E-02    3.6704E-02    3.5396E-04
  0.140    3.9962E-02    3.9580E-02    3.8229E-04
  0.150    4.2876E-02    4.2465E-02    4.1079E-04
  0.160    4.5799E-02    4.5359E-02    4.3947E-04
  0.170    4.8731E-02    4.8263E-02    4.6834E-04
  0.180    5.1674E-02    5.1177E-02    4.9740E-04
  0.190    5.4627E-02    5.4100E-02    5.2665E-04
  0.200    5.7591E-02    5.7035E-02    5.5610E-04
  0.210    6.0566E-02    5.9980E-02    5.8576E-04
  0.220    6.3552E-02    6.2936E-02    6.1563E-04
  0.230    6.6550E-02    6.5904E-02    6.4571E-04
  0.240    6.9560E-02    6.8884E-02    6.7602E-04
  0.250    7.2583E-02    7.1877E-02    7.0655E-04
  0.260    7.5619E-02    7.4882E-02    7.3731E-04
  0.270    7.8668E-02    7.7900E-02    7.6831E-04
  0.280    8.1731E-02    8.0932E-02    7.9955E-04
  0.290    8.4808E-02    8.3977E-02    8.3104E-04
  0.300    8.7900E-02    8.7038E-02    8.6279E-04
  0.310    9.1007E-02    9.0113E-02    8.9480E-04
  0.320    9.4130E-02    9.3203E-02    9.2709E-04
  0.330    9.7269E-02    9.6309E-02    9.5965E-04
  0.340    1.0042E-01    9.9431E-02    9.9249E-04
  0.350    1.0360E-01    1.0257E-01    1.0256E-03
  0.360    1.0679E-01    1.0573E-01    1.0591E-03
  0.370    1.0999E-01    1.0890E-01    1.0928E-03
  0.380    1.1322E-01    1.1209E-01    1.1269E-03
  0.390    1.1647E-01    1.1531E-01    1.1612E-03
  0.400    1.1973E-01    1.1854E-01    1.1959E-03
  0.410    1.2302E-01    1.2179E-01    1.2310E-03
  0.420    1.2633E-01    1.2506E-01    1.2664E-03
  0.430    1.2966E-01    1.2835E-01    1.3022E-03
  0.440    1.3301E-01    1.3167E-01    1.3383E-03
  0.450    1.3638E-01    1.3501E-01    1.3748E-03
  0.460    1.3978E-01    1.3837E-01    1.4117E-03
  0.470    1.4321E-01    1.4176E-01    1.4491E-03
  0.480    1.4666E-01    1.4517E-01    1.4868E-03
  0.490    1.5013E-01    1.4861E-01    1.5249E-03
  0.500    1.5364E-01    1.5207E-01    1.5635E-03
  0.510    1.5717E-01    1.5556E-01    1.6026E-03
  0.520    1.6073E-01    1.5908E-01    1.6421E-03
  0.530    1.6432E-01    1.6263E-01    1.6821E-03
  0.540    1.6794E-01    1.6621E-01    1.7226E-03
  0.550    1.7159E-01    1.6982E-01    1.7636E-03
  0.560    1.7527E-01    1.7347E-01    1.8051E-03
  0.570    1.7899E-01    1.7714E-01    1.8472E-03
  0.580    1.8275E-01    1.8086E-01    1.8898E-03
  0.590    1.8654E-01    1.8460E-01    1.9330E-03
  0.600    1.9037E-01    1.8839E-01    1.9768E-03
  0.610    1.9423E-01    1.9221E-01    2.0212E-03
  0.620    1.9814E-01    1.9607E-01    2.0663E-03
  0.630    2.0209E-01    1.9998E-01    2.1120E-03
  0.640    2.0608E-01    2.0392E-01    2.1584E-03
  0.650    2.1012E-01    2.0791E-01    2.2054E-03
  0.660    2.1420E-01    2.1195E-01    2.2533E-03
  0.670    2.1833E-01    2.1603E-01    2.3018E-03
  0.680    2.2251E-01    2.2016E-01    2.3512E-03
  0.690    2.2674E-01    2.2434E-01    2.4013E-03
  0.700    2.3103E-01    2.2858E-01    2.4523E-03
  0.710    2.3537E-01    2.3286E-01    2.5042E-03
  0.720    2.3977E-01    2.3721E-01    2.5569E-03
  0.730    2.4422E-01    2.4161E-01    2.6106E-03
  0.740    2.4874E-01    2.4608E-01    2.6652E-03
  0.750    2.5333E-01    2.5061E-01    2.7209E-03
  0.760    2.5798E-01    2.5520E-01    2.7776E-03
  0.770    2.6270E-01    2.5986E-01    2.8354E-03
  0.780    2.6749E-01    2.6460E-01    2.8943E-03
  0.790    2.7236E-01    2.6941E-01    2.9544E-03
  0.800    2.7731E-01    2.7429E-01    3.0157E-03
  0.810    2.8234E-01    2.7926E-01    3.0783E-03
  0.820    2.8746E-01    2.8431E-01    3.1423E-03
  0.830    2.9266E-01    2.8945E-01    3.2076E-03
  0.840    2.9796E-01    2.9468E-01    3.2744E-03
  0.850    3.0335E-01    3.0001E-01    3.3427E-03
  0.860    3.0885E-01    3.0544E-01    3.4125E-03
  0.870    3.1445E-01    3.1097E-01    3.4841E-03
  0.880    3.2017E-01    3.1661E-01    3.5574E-03
  0.890    3.2600E-01    3.2237E-01    3.6325E-03
  0.900    3.3195E-01    3.2824E-01    3.7095E-03
  0.910    3.3803E-01    3.3424E-01    3.7885E-03
  0.920    3.4425E-01    3.4038E-01    3.8697E-03
  0.930    3.5060E-01    3.4665E-01    3.9530E-03
  0.940    3.5711E-01    3.5307E-01    4.0387E-03
  0.950    3.6377E-01    3.5964E-01    4.1269E-03
  0.960    3.7059E-01    3.6638E-01    4.2176E-03
  0.970    3.7759E-01    3.7328E-01    4.3111E-03
  0.980    3.8477E-01    3.8036E-01    4.4075E-03
  0.990    3.9214E-01    3.8764E-01    4.5069E-03
  1.000    3.9972E-01    3.9511E-01    4.6096E-03
