   1.0000000000000000        0.0000000000000000       0.46600291028248553       0.72780229808163477            10000
 i   solar flux    satshine flux      total flux
 -----------------------------------------------
           1   1329.7950665185795        12.308362083048287        1342.1034286016277     
           2   131.80512044510479        2.9963843618449673        134.80150480694977     
           3   188.18053553478950        2.4825170590053696        190.66305259379487     
           4   75.142207307299316        1.2273450907495034        76.369552398048825     
           5   61.950849824610899       0.86369994428538410        62.814549768896285     
           6   37.690073818876556       0.52892590511810889        38.218999723994663     
           7   23.328918262143048       0.33527687921942101        23.664195141362470     
           8   16.567049099030712       0.21650325807671325        16.783552357107425     
           9   9.3528208458497595       0.18062596109510895        9.5334468069448679     
          10   7.4028680682087842       0.11720717275966062        7.5200752409684446     
          11   3.5371464860873774        4.3513444249808825E-002   3.5806599303371862     
          12   3.9852220671978498        6.0314458943456328E-002   4.0455365261413059     
          13   1.1278389883679818        2.7584640702679353E-002   1.1554236290706612     
          14   1.3438712092894831        2.5808220946063470E-002   1.3696794302355466     
          15   1.2754450773678299        1.2723721606094590E-002   1.2881687989739246     
          16  0.79776694977959040        6.7797891077447364E-003  0.80454673888733508     
          17  0.81639367776056304        2.5133731981818270E-003  0.81890705095874483     
          18  0.15883065344017211        1.4006440493646310E-003  0.16023129748953674     
          19   6.9731334781390375E-002   4.2259608810591171E-003   7.3957295662449490E-002
          20  0.24781209375453359        0.0000000000000000       0.24781209375453359     
