 Curly R     I/F(total)  I/F(solar)   I/F(saturn)
 ---------------------------------------------------
  0.010    2.8508E-03    2.8246E-03    2.6182E-05
  0.020    5.7075E-03    5.6550E-03    5.2494E-05
  0.030    8.5704E-03    8.4915E-03    7.8939E-05
  0.040    1.1440E-02    1.1334E-02    1.0552E-04
  0.050    1.4316E-02    1.4184E-02    1.3224E-04
  0.060    1.7199E-02    1.7040E-02    1.5911E-04
  0.070    2.0089E-02    1.9903E-02    1.8613E-04
  0.080    2.2987E-02    2.2774E-02    2.1329E-04
  0.090    2.5893E-02    2.5652E-02    2.4061E-04
  0.100    2.8807E-02    2.8539E-02    2.6809E-04
  0.110    3.1729E-02    3.1433E-02    2.9573E-04
  0.120    3.4660E-02    3.4336E-02    3.2354E-04
  0.130    3.7600E-02    3.7248E-02    3.5151E-04
  0.140    4.0549E-02    4.0169E-02    3.7966E-04
  0.150    4.3507E-02    4.3099E-02    4.0799E-04
  0.160    4.6476E-02    4.6039E-02    4.3651E-04
  0.170    4.9455E-02    4.8989E-02    4.6521E-04
  0.180    5.2444E-02    5.1950E-02    4.9410E-04
  0.190    5.5444E-02    5.4921E-02    5.2319E-04
  0.200    5.8456E-02    5.7903E-02    5.5248E-04
  0.210    6.1479E-02    6.0897E-02    5.8198E-04
  0.220    6.4514E-02    6.3902E-02    6.1169E-04
  0.230    6.7562E-02    6.6920E-02    6.4161E-04
  0.240    7.0622E-02    6.9950E-02    6.7176E-04
  0.250    7.3695E-02    7.2993E-02    7.0214E-04
  0.260    7.6782E-02    7.6049E-02    7.3275E-04
  0.270    7.9883E-02    7.9119E-02    7.6359E-04
  0.280    8.2998E-02    8.2203E-02    7.9469E-04
  0.290    8.6128E-02    8.5302E-02    8.2603E-04
  0.300    8.9273E-02    8.8416E-02    8.5763E-04
  0.310    9.2435E-02    9.1545E-02    8.8949E-04
  0.320    9.5612E-02    9.4690E-02    9.2163E-04
  0.330    9.8806E-02    9.7852E-02    9.5404E-04
  0.340    1.0202E-01    1.0103E-01    9.8674E-04
  0.350    1.0525E-01    1.0423E-01    1.0197E-03
  0.360    1.0849E-01    1.0744E-01    1.0530E-03
  0.370    1.1176E-01    1.1067E-01    1.0866E-03
  0.380    1.1504E-01    1.1392E-01    1.1205E-03
  0.390    1.1835E-01    1.1720E-01    1.1547E-03
  0.400    1.2168E-01    1.2049E-01    1.1893E-03
  0.410    1.2502E-01    1.2380E-01    1.2242E-03
  0.420    1.2839E-01    1.2713E-01    1.2595E-03
  0.430    1.3178E-01    1.3049E-01    1.2951E-03
  0.440    1.3520E-01    1.3387E-01    1.3311E-03
  0.450    1.3864E-01    1.3727E-01    1.3674E-03
  0.460    1.4210E-01    1.4070E-01    1.4042E-03
  0.470    1.4559E-01    1.4415E-01    1.4413E-03
  0.480    1.4910E-01    1.4763E-01    1.4789E-03
  0.490    1.5265E-01    1.5113E-01    1.5169E-03
  0.500    1.5622E-01    1.5466E-01    1.5553E-03
  0.510    1.5982E-01    1.5822E-01    1.5941E-03
  0.520    1.6344E-01    1.6181E-01    1.6335E-03
  0.530    1.6710E-01    1.6543E-01    1.6733E-03
  0.540    1.7079E-01    1.6908E-01    1.7136E-03
  0.550    1.7452E-01    1.7276E-01    1.7543E-03
  0.560    1.7827E-01    1.7648E-01    1.7956E-03
  0.570    1.8206E-01    1.8023E-01    1.8375E-03
  0.580    1.8589E-01    1.8401E-01    1.8799E-03
  0.590    1.8976E-01    1.8783E-01    1.9228E-03
  0.600    1.9366E-01    1.9169E-01    1.9663E-03
  0.610    1.9760E-01    1.9559E-01    2.0105E-03
  0.620    2.0158E-01    1.9953E-01    2.0552E-03
  0.630    2.0561E-01    2.0351E-01    2.1006E-03
  0.640    2.0968E-01    2.0753E-01    2.1467E-03
  0.650    2.1379E-01    2.1160E-01    2.1934E-03
  0.660    2.1796E-01    2.1572E-01    2.2409E-03
  0.670    2.2217E-01    2.1988E-01    2.2891E-03
  0.680    2.2643E-01    2.2409E-01    2.3380E-03
  0.690    2.3074E-01    2.2835E-01    2.3877E-03
  0.700    2.3511E-01    2.3267E-01    2.4382E-03
  0.710    2.3953E-01    2.3704E-01    2.4896E-03
  0.720    2.4401E-01    2.4147E-01    2.5418E-03
  0.730    2.4855E-01    2.4596E-01    2.5949E-03
  0.740    2.5316E-01    2.5051E-01    2.6490E-03
  0.750    2.5783E-01    2.5512E-01    2.7040E-03
  0.760    2.6256E-01    2.5980E-01    2.7601E-03
  0.770    2.6737E-01    2.6455E-01    2.8171E-03
  0.780    2.7225E-01    2.6938E-01    2.8753E-03
  0.790    2.7721E-01    2.7427E-01    2.9346E-03
  0.800    2.8224E-01    2.7925E-01    2.9950E-03
  0.810    2.8736E-01    2.8431E-01    3.0567E-03
  0.820    2.9257E-01    2.8945E-01    3.1196E-03
  0.830    2.9786E-01    2.9468E-01    3.1839E-03
  0.840    3.0325E-01    3.0000E-01    3.2496E-03
  0.850    3.0874E-01    3.0542E-01    3.3166E-03
  0.860    3.1432E-01    3.1094E-01    3.3852E-03
  0.870    3.2002E-01    3.1656E-01    3.4554E-03
  0.880    3.2583E-01    3.2230E-01    3.5272E-03
  0.890    3.3175E-01    3.2815E-01    3.6007E-03
  0.900    3.3780E-01    3.3412E-01    3.6760E-03
  0.910    3.4397E-01    3.4022E-01    3.7532E-03
  0.920    3.5028E-01    3.4645E-01    3.8324E-03
  0.930    3.5674E-01    3.5282E-01    3.9136E-03
  0.940    3.6334E-01    3.5934E-01    3.9970E-03
  0.950    3.7010E-01    3.6602E-01    4.0827E-03
  0.960    3.7702E-01    3.7285E-01    4.1708E-03
  0.970    3.8412E-01    3.7986E-01    4.2614E-03
  0.980    3.9141E-01    3.8705E-01    4.3547E-03
  0.990    3.9888E-01    3.9443E-01    4.4508E-03
  1.000    4.0657E-01    4.0202E-01    4.5498E-03
