   1.0000000000000000        0.0000000000000000       0.46600291028248553       0.72780229808163477            10000
 i   solar flux    satshine flux      total flux
 -----------------------------------------------
           1   1272.8586770556963        11.954541139771854        1284.8132181954682     
           2   111.74269805577023        2.8190449084024674        114.56174296417269     
           3   163.01802478888769        2.3409469706495822        165.35897175953727     
           4   71.687861482050337        1.1998765455233373        72.887738027573675     
           5   54.032859714594338       0.84110414030195912        54.873963854896296     
           6   32.190605059098502       0.55332265820720594        32.743927717305709     
           7   20.847323060861839       0.32101235555870461        21.168335416420543     
           8   12.475658252981400       0.24899267621177365        12.724650929193174     
           9   9.7748936945275577       0.17357439321078585        9.9484680877383429     
          10   4.8742616123918747        8.3884392340456401E-002   4.9581460047323311     
          11   3.0614412815336376        6.4083343733501386E-002   3.1255246252671389     
          12   2.9270064724863145        7.3108371073683717E-002   3.0001148435599982     
          13   2.6686749607773272        1.7948064195577838E-002   2.6866230249729051     
          14   1.0313359940082467        1.4743014363824167E-002   1.0460790083720708     
          15   1.1454993367814816        2.0680957034714165E-002   1.1661802938161958     
          16   1.0651386250546639        4.1381682454938945E-003   1.0692767933001579     
          17  0.39370343085554760        3.2334402006807162E-003  0.39693687105622832     
          18  0.97812823616780797        0.0000000000000000       0.97812823616780797     
          19  0.16930129714577105        4.4904090618816551E-003  0.17379170620765272     
          20   1.0178325317961172        4.0604883518991150E-003   1.0218930201480163     
