   1.0000000000000000        0.0000000000000000       0.46600291028248553       0.72780229808163477            10000
 i   solar flux    satshine flux      total flux
 -----------------------------------------------
           1   1312.6670710515048        12.247485188402704        1324.9145562399074     
           2   128.41338677694296        2.8945506086286774        131.30793738557165     
           3   184.08329138062214        2.5075341542495555        186.59082553487170     
           4   75.421060654244215        1.2598387884538629        76.680899442698077     
           5   55.975453223050664       0.82017848826175921        56.795631711312424     
           6   35.356544193138468       0.55595877107737290        35.912502964215840     
           7   26.575102177971011       0.39538420326927398        26.970486381240285     
           8   16.176728807244132       0.24893295764730086        16.425661764891434     
           9   13.007751496850977       0.16623665911812852        13.173988155969106     
          10   5.7026412578247339       0.13201132003890126        5.8346525778636353     
          11   5.7669161143351513        8.0834265934114954E-002   5.8477503802692663     
          12   4.6718117991176404        4.9937143596042115E-002   4.7217489427136830     
          13   1.4397667628881716        4.5775899342070901E-002   1.4855426622302426     
          14   1.8280532411878965        1.7035675451003655E-002   1.8450889166389002     
          15  0.70185231582644370        2.4415750514418549E-002  0.72626806634086227     
          16   2.0656318013070472        5.0195032774118737E-003   2.0706513045844592     
          17  0.64017159172477611        9.2987756657573820E-003  0.64947036739053354     
          18  0.33210387370418681        6.5938770592323965E-003  0.33869775076341924     
          19  0.25661892842301376        0.0000000000000000       0.25661892842301376     
          20   0.0000000000000000        1.9238670165187171E-003   1.9238670165187171E-003
