   1.0000000000000000        0.0000000000000000       0.46600291028248553       0.72780229808163477            10000
 i   solar flux    satshine flux      total flux
 -----------------------------------------------
           1   1336.7928381714519        11.661098578295549        1348.4539367497475     
           2   118.39793190892023        2.9817888209800865        121.37972072990031     
           3   167.70898174733645        2.3079483073254226        170.01693005466188     
           4   68.026867129975301        1.3294708451228117        69.356337975098114     
           5   52.584514742950134       0.83687195339488485        53.421386696345017     
           6   31.907868560420688       0.55849275807090526        32.466361318491593     
           7   19.855430909840344       0.32509348896187851        20.180524398802223     
           8   14.391373604838968       0.21271586090862485        14.604089465747593     
           9   9.1362274397708116       0.13160834136331470        9.2678357811341261     
          10   6.3009696086110338        8.2931864128881441E-002   6.3839014727399155     
          11   4.0937728305619716        7.3287539747602728E-002   4.1670603703095743     
          12   2.6560833681004263        3.4294988763095828E-002   2.6903783568635222     
          13   1.2119443862872199        3.3101788878318016E-002   1.2450461751655379     
          14   2.3402653172843793        1.6151924541275193E-002   2.3564172418256546     
          15  0.98306909863231473        2.4277503107489936E-002   1.0073466017398047     
          16   1.1233878796915366        1.5130060879594886E-002   1.1385179405711314     
          17   0.0000000000000000        1.2574129271409211E-002   1.2574129271409211E-002
          18  0.23213054909896502        0.0000000000000000       0.23213054909896502     
          19  0.29854879855249605        0.0000000000000000       0.29854879855249605     
          20   0.0000000000000000        0.0000000000000000        0.0000000000000000     
