   1.0000000000000000        0.0000000000000000       0.46600291028248553       0.72780229808163477            10000
 i   solar flux    satshine flux      total flux
 -----------------------------------------------
           1   1302.4109324059405        11.967650127275290        1314.3785825332156     
           2   121.64972031308399        3.0870792645699470        124.73679957765394     
           3   186.31158696287395        2.4260411405823636        188.73762810345630     
           4   67.833862102092780        1.2819452642125047        69.115807366305290     
           5   54.843104636708986       0.88435773419339203        55.727462370902380     
           6   31.494462372633961       0.48207578477068802        31.976538157404651     
           7   21.053127579641945       0.32601397113227149        21.379141550774218     
           8   12.843368267625802       0.26618189228831995        13.109550159914122     
           9   8.4853178541490362       0.12640168238124722        8.6117195365302841     
          10   7.7617000008368198        9.2189194942380578E-002   7.8538891957792005     
          11   3.1423812191633083        7.4888908220751546E-002   3.2172701273840598     
          12   2.2915981433595389        4.3308655128408799E-002   2.3349067984879479     
          13   1.1275239975684577        1.9398113719625468E-002   1.1469221112880832     
          14   1.3033880738488395        1.4303183442440274E-002   1.3176912572912798     
          15  0.64769814905142076        2.6821707038769465E-003  0.65038031975529775     
          16   1.0443111802405740        1.2215007476949110E-002   1.0565261877175232     
          17  0.27912092026003676        9.0118971654018726E-004  0.28002210997657695     
          18   0.0000000000000000        5.0154163959643524E-003   5.0154163959643524E-003
          19   1.2492043611041254E-002   3.6974923716334741E-003   1.6189535982674728E-002
          20   5.0025546867465923E-002   0.0000000000000000        5.0025546867465923E-002
