   1.0000000000000000        0.0000000000000000       0.46600291028248553       0.72780229808163477            10000
 i   solar flux    satshine flux      total flux
 -----------------------------------------------
           1   1278.9352197979792        12.116184668043291        1291.0514044660226     
           2   132.61299048859848        2.9177128469896956        135.53070333558819     
           3   169.36303093008371        2.2907576354751349        171.65378856555884     
           4   70.726928177093868        1.1773231700968381        71.904251347190709     
           5   53.435935302824802       0.78882946632408546        54.224764769148891     
           6   30.622718424294661       0.57622360002768169        31.198942024322342     
           7   22.588297969535017       0.39716985693838258        22.985467826473400     
           8   11.849594643090935       0.21376983188665713        12.063364474977591     
           9   8.5601919714148913       0.18795101328237973        8.7481429846972709     
          10   8.6758433878527885       0.10741791815605098        8.7832613060088391     
          11   4.1925726336674556        8.7299875145471897E-002   4.2798725088129279     
          12   3.4345937988460102        3.8362538818479203E-002   3.4729563376644896     
          13   1.1619062467854091        3.7725142342727551E-002   1.1996313891281367     
          14  0.95716205303833124        3.7024136782349143E-002  0.99418618982068041     
          15  0.44935820438113039        1.1095941351278850E-002  0.46045414573240923     
          16  0.98102360834551072        5.5391857945639418E-003  0.98656279414007464     
          17  0.77934456918564976        9.2370703098964644E-003  0.78858163949554627     
          18  0.53686318144597722        7.3816582707122835E-003  0.54424483971668947     
          19  0.28147965979458744        0.0000000000000000       0.28147965979458744     
          20  0.18026213197953200        2.2963922188177703E-003  0.18255852419834978     
