   1.0000000000000000        0.0000000000000000       0.46600291028248553       0.72780229808163477            10000
 i   solar flux    satshine flux      total flux
 -----------------------------------------------
           1   1259.1955871117661        12.203560197845338        1271.3991473096114     
           2   118.45198720630029        2.9098090063924240        121.36179621269271     
           3   170.50622687200575        2.3644362966387007        172.87066316864446     
           4   71.364112819690831        1.4121043081626654        72.776217127853499     
           5   48.940256304543624       0.90187070619757470        49.842127010741201     
           6   30.705312084694221       0.51380443278669685        31.219116517480916     
           7   19.495050666867343       0.35100493807813415        19.846055604945477     
           8   13.577331494104072       0.21608605075497567        13.793417544859048     
           9   8.7915912342591138       0.19685246396483652        8.9884436982239500     
          10   4.8566260434817021       0.10736078373026553        4.9639868272119676     
          11   3.1297739828611322        6.7394287558857485E-002   3.1971682704199895     
          12   2.2436789946768503        3.9127855013911229E-002   2.2828068496907616     
          13   1.0859700760436128        1.1229130420299710E-002   1.0971992064639124     
          14  0.63937908908457797        3.4004674392481317E-002  0.67338376347705931     
          15  0.83645571892136328        2.2419927642790542E-002  0.85887564656415383     
          16  0.20898588052805947        2.0513196236324727E-003  0.21103720015169194     
          17  0.37725611332175457        0.0000000000000000       0.37725611332175457     
          18   8.3768310334012535E-003   1.4706607032519797E-005   8.3915376404337730E-003
          19   0.0000000000000000        1.2748027016840199E-003   1.2748027016840199E-003
          20   0.0000000000000000        0.0000000000000000        0.0000000000000000     
