   1.0000000000000000        0.0000000000000000       0.46600291028248553       0.72780229808163477            10000
 i   solar flux    satshine flux      total flux
 -----------------------------------------------
           1   1278.3146927041687        12.019469331426908        1290.3341620355957     
           2   130.91209519611010        2.9011749191150673        133.81327011522518     
           3   192.98598162690098        2.2854004121367435        195.27138203903772     
           4   76.629364300676428        1.2714373411391191        77.900801641815548     
           5   61.911872414130421       0.84022625389041272        62.752098668020835     
           6   32.937318642193006       0.57572888191426430        33.513047524107272     
           7   21.015936276821805       0.37914487017367338        21.395081146995476     
           8   15.301509702336496       0.19122395945766021        15.492733661794157     
           9   11.869932593512605       0.19018689094177538        12.060119484454381     
          10   9.8459711521353412        9.5069847233099455E-002   9.9410409993684414     
          11   4.2675605038004480        4.8664539291736926E-002   4.3162250430921851     
          12   2.5050234385201988        3.1326096853219722E-002   2.5363495353734185     
          13   1.2662622122520244        7.1809092565840102E-003   1.2734431215086084     
          14   1.4852501741405648        2.1029769021802820E-002   1.5062799431623677     
          15  0.66389686737213283        8.6968430865408293E-003  0.67259371045867367     
          16  0.23210374512025267        1.2231059567396787E-002  0.24433480468764945     
          17   1.8345408003411959E-002   0.0000000000000000        1.8345408003411959E-002
          18  0.63408666421069548        3.1738202809009609E-003  0.63726048449159645     
          19  0.22797917501692896        2.1722352384924465E-003  0.23015141025542141     
          20   0.0000000000000000        0.0000000000000000        0.0000000000000000     
