   1.0000000000000000        0.0000000000000000       0.46600291028248553       0.72780229808163477            10000
 i   solar flux    satshine flux      total flux
 -----------------------------------------------
           1   1371.3598758664230        12.061824170755521        1383.4217000371784     
           2   124.67094715743579        3.0307560884017510        127.70170324583754     
           3   178.48629022312326        2.4206030809445660        180.90689330406784     
           4   68.533163553391788        1.1763277031692352        69.709491256561023     
           5   51.686459461444898       0.87614357345134719        52.562603034896242     
           6   30.225139886874004       0.54772337945876681        30.772863266332770     
           7   19.023747897558103       0.38971317244452197        19.413461070002626     
           8   14.058835278321773       0.22314281908469899        14.281978097406473     
           9   7.7822081112296289       0.15821334240953053        7.9404214536391597     
          10   6.6576313479921403       0.10386950356305913        6.7615008515551995     
          11   5.2203931319637888        6.2744476286325720E-002   5.2831376082501142     
          12   3.8958219577219717        1.9368158540379519E-002   3.9151901162623512     
          13   2.1860362632112098        2.9516536167399944E-002   2.2155527993786097     
          14  0.79621351922153161        1.4299610081754352E-002  0.81051312930328601     
          15  0.68862151330946841        1.5679426235214438E-002  0.70430093954468287     
          16  0.41379458657888146        1.1081544190462178E-002  0.42487613076934366     
          17  0.60274018912116856        6.7694220354259128E-003  0.60950961115659452     
          18  0.35356616382852496        2.7572338263944069E-003  0.35632339765491938     
          19  0.31813753927617466        1.3218429860179183E-003  0.31945938226219256     
          20  0.28931154909044571        4.5033664047005578E-003  0.29381491549514627     
