   1.0000000000000000        0.0000000000000000       0.46600291028248553       0.72780229808163477            10000
 i   solar flux    satshine flux      total flux
 -----------------------------------------------
           1   1311.6880094986964        12.123939299225501        1323.8119487979218     
           2   119.90838945161369        2.6931811751129140        122.60157062672660     
           3   174.90613773376580        2.4043416884162361        177.31047942218203     
           4   74.201179396167745        1.1833100130091891        75.384489409176936     
           5   51.697199093906463       0.89250418713274848        52.589703281039213     
           6   32.318984514709783       0.45789175817475913        32.776876272884543     
           7   24.133034263944637       0.32899590610337848        24.462030170048017     
           8   15.825391341742192       0.22455698491513604        16.049948326657329     
           9   7.5406403952980225       0.11982343469325356        7.6604638299912757     
          10   6.6130090795544945       0.10316633734069579        6.7161754168951902     
          11   4.9371682263407726        4.2113408224625844E-002   4.9792816345653987     
          12   3.5984153592629067        4.9064435239378514E-002   3.6474797945022850     
          13   2.1139354918694258        1.7390841819579551E-002   2.1313263336890054     
          14   1.4214203220723172        1.2738176746427068E-002   1.4341584988187441     
          15   1.3264757544838677        7.8343823478261836E-003   1.3343101368316939     
          16  0.77003932801709185        1.1643102020799554E-002  0.78168243003789140     
          17  0.43771093291376229        4.2034302420643887E-003  0.44191436315582666     
          18  0.24223866454696880        3.6227840278280153E-004  0.24260094294975160     
          19  0.23743735006019734        3.0890295025010964E-003  0.24052637956269843     
          20  0.22198609923891965        0.0000000000000000       0.22198609923891965     
