   1.0000000000000000        0.0000000000000000       0.46600291028248553       0.72780229808163477            10000
 i   solar flux    satshine flux      total flux
 -----------------------------------------------
           1   1350.0864835887946        12.167638900941215        1362.2541224897359     
           2   114.45864006848387        2.8325976230268841        117.29123769151076     
           3   176.20303167532552        2.3580318103345141        178.56106348566004     
           4   68.979935755759442        1.1564621785246219        70.136397934284062     
           5   59.997452097219025       0.87872227075170517        60.876174367970727     
           6   30.597935662812752       0.51374221205785930        31.111677874870612     
           7   21.399815891930412       0.30972955468605612        21.709545446616467     
           8   10.862866582078965       0.23977386056804884        11.102640442647013     
           9   10.155841709450401       0.12722560280530595        10.283067312255707     
          10   5.0352358917505216        9.7731872913289330E-002   5.1329677646638112     
          11   3.2943348406596233        7.2987730861903063E-002   3.3673225715215263     
          12   1.9931834669693962        4.8147685455942613E-002   2.0413311524253386     
          13   2.5573740962282279        3.0781366904975835E-002   2.5881554631332038     
          14   1.5285975277541120        1.4981881994300235E-002   1.5435794097484121     
          15  0.90420293392501871        2.8998920800011818E-002  0.93320185472503048     
          16   1.1353670097364537        5.0386617617049221E-003   1.1404056714981585     
          17  0.63763999434147411        1.4247595351409917E-002  0.65188758969288407     
          18   4.8314587165502090E-002   4.8072447742475745E-003   5.3121831939749661E-002
          19   0.0000000000000000        3.2491874799427697E-003   3.2491874799427697E-003
          20  0.29302181773780600        0.0000000000000000       0.29302181773780600     
