   1.0000000000000000        0.0000000000000000       0.46600291028248553       0.72780229808163477            10000
 i   solar flux    satshine flux      total flux
 -----------------------------------------------
           1   1331.5599430484217        12.438358084788758        1343.9983011332104     
           2   113.26054856980016        2.7727518542713518        116.03330042407151     
           3   183.31371422666786        2.1426879730634742        185.45640219973134     
           4   74.373064643006217        1.3366973888838041        75.709762031890023     
           5   50.091419253665265       0.73268008716875144        50.824099340834017     
           6   29.787415318640718       0.51434913266172388        30.301764451302443     
           7   19.545881936298251       0.40647298690739925        19.952354923205650     
           8   13.396176019184159       0.18900176450098483        13.585177783685143     
           9   8.5100927517534295       0.12669660812523531        8.6367893598786640     
          10   5.3153813725137624        9.7866196266825162E-002   5.4132475687805872     
          11   4.1332795184664333        3.1579636781931202E-002   4.1648591552483643     
          12   2.3133916347783581        4.5065158182277430E-002   2.3584567929606357     
          13   1.9872247921302524        4.3150381542880686E-002   2.0303751736731330     
          14  0.23988047828534503        1.3123051532320639E-002  0.25300352981766566     
          15  0.52373503916655140        1.3240477441843018E-002  0.53697551660839438     
          16  0.90973340692985261        6.1505061145502877E-003  0.91588391304440286     
          17  0.68910108600638809        1.1950851341770737E-002  0.70105193734815885     
          18  0.19530715687428241        1.2056277245908621E-002  0.20736343412019104     
          19  0.35232656897353537        0.0000000000000000       0.35232656897353537     
          20   0.0000000000000000        4.7880552105844607E-003   4.7880552105844607E-003
