   1.0000000000000000        0.0000000000000000       0.46600291028248553       0.72780229808163477            10000
 i   solar flux    satshine flux      total flux
 -----------------------------------------------
           1   1297.6968431533214        11.727736496546818        1309.4245796498683     
           2   119.94449424843019        3.0002096644103240        122.94470391284051     
           3   169.19441279144178        2.5272998673276352        171.72171265876941     
           4   66.012572687058395        1.1437860457233582        67.156358732781754     
           5   50.538922800828523       0.81770870959019881        51.356631510418723     
           6   30.437300041663129       0.45067782379152477        30.887977865454655     
           7   19.968377023509319       0.34821289146868351        20.316589914978003     
           8   15.062337488084967       0.20105956047374732        15.263397048558716     
           9   11.194370236740381       0.13395656697492075        11.328326803715303     
          10   7.4972369736112316       0.10064143724763779        7.5978784108588693     
          11   5.7550450417381196        5.8397120287352319E-002   5.8134421620254715     
          12   3.9091124311722090        5.2723956552707237E-002   3.9618363877249161     
          13   1.6610700342504496        2.5001747014135087E-002   1.6860717812645847     
          14   1.3664323156825264        2.2489491123897601E-002   1.3889218068064240     
          15   1.0291922085241514        1.9413123860308305E-002   1.0486053323844597     
          16  0.19223870516460906        2.4811245566333021E-002  0.21704995073094208     
          17  0.33142754653277917        1.2572559342293385E-002  0.34400010587507257     
          18  0.23514226489328532        6.3685985524725422E-003  0.24151086344575787     
          19  0.18885153988966172        0.0000000000000000       0.18885153988966172     
          20  0.35948290980701914        2.2667013508387282E-003  0.36174961115785786     
