 Curly R     I/F(total)  I/F(solar)   I/F(saturn)
 ---------------------------------------------------
  0.010    2.8205E-03    2.7945E-03    2.6024E-05
  0.020    5.6469E-03    5.5947E-03    5.2178E-05
  0.030    8.4794E-03    8.4010E-03    7.8465E-05
  0.040    1.1318E-02    1.1213E-02    1.0489E-04
  0.050    1.4164E-02    1.4032E-02    1.3145E-04
  0.060    1.7016E-02    1.6858E-02    1.5816E-04
  0.070    1.9875E-02    1.9690E-02    1.8501E-04
  0.080    2.2742E-02    2.2530E-02    2.1201E-04
  0.090    2.5617E-02    2.5377E-02    2.3916E-04
  0.100    2.8499E-02    2.8232E-02    2.6647E-04
  0.110    3.1389E-02    3.1095E-02    2.9394E-04
  0.120    3.4288E-02    3.3967E-02    3.2158E-04
  0.130    3.7196E-02    3.6846E-02    3.4938E-04
  0.140    4.0112E-02    3.9735E-02    3.7735E-04
  0.150    4.3038E-02    4.2633E-02    4.0550E-04
  0.160    4.5974E-02    4.5540E-02    4.3383E-04
  0.170    4.8919E-02    4.8457E-02    4.6235E-04
  0.180    5.1875E-02    5.1383E-02    4.9105E-04
  0.190    5.4841E-02    5.4321E-02    5.1994E-04
  0.200    5.7818E-02    5.7269E-02    5.4904E-04
  0.210    6.0806E-02    6.0228E-02    5.7833E-04
  0.220    6.3806E-02    6.3198E-02    6.0783E-04
  0.230    6.6818E-02    6.6180E-02    6.3755E-04
  0.240    6.9842E-02    6.9174E-02    6.6748E-04
  0.250    7.2878E-02    7.2181E-02    6.9763E-04
  0.260    7.5928E-02    7.5200E-02    7.2801E-04
  0.270    7.8992E-02    7.8233E-02    7.5863E-04
  0.280    8.2069E-02    8.1279E-02    7.8948E-04
  0.290    8.5160E-02    8.4339E-02    8.2058E-04
  0.300    8.8266E-02    8.7414E-02    8.5193E-04
  0.310    9.1387E-02    9.0504E-02    8.8354E-04
  0.320    9.4524E-02    9.3609E-02    9.1541E-04
  0.330    9.7677E-02    9.6729E-02    9.4755E-04
  0.340    1.0085E-01    9.9866E-02    9.7997E-04
  0.350    1.0403E-01    1.0302E-01    1.0127E-03
  0.360    1.0724E-01    1.0619E-01    1.0457E-03
  0.370    1.1046E-01    1.0938E-01    1.0790E-03
  0.380    1.1370E-01    1.1259E-01    1.1126E-03
  0.390    1.1696E-01    1.1581E-01    1.1465E-03
  0.400    1.2024E-01    1.1906E-01    1.1807E-03
  0.410    1.2354E-01    1.2232E-01    1.2153E-03
  0.420    1.2686E-01    1.2561E-01    1.2502E-03
  0.430    1.3020E-01    1.2891E-01    1.2854E-03
  0.440    1.3356E-01    1.3224E-01    1.3211E-03
  0.450    1.3695E-01    1.3559E-01    1.3570E-03
  0.460    1.4036E-01    1.3897E-01    1.3934E-03
  0.470    1.4379E-01    1.4236E-01    1.4302E-03
  0.480    1.4725E-01    1.4579E-01    1.4673E-03
  0.490    1.5074E-01    1.4923E-01    1.5049E-03
  0.500    1.5425E-01    1.5271E-01    1.5429E-03
  0.510    1.5779E-01    1.5621E-01    1.5813E-03
  0.520    1.6136E-01    1.5974E-01    1.6202E-03
  0.530    1.6496E-01    1.6330E-01    1.6596E-03
  0.540    1.6858E-01    1.6688E-01    1.6994E-03
  0.550    1.7224E-01    1.7050E-01    1.7397E-03
  0.560    1.7593E-01    1.7415E-01    1.7805E-03
  0.570    1.7965E-01    1.7783E-01    1.8218E-03
  0.580    1.8341E-01    1.8154E-01    1.8637E-03
  0.590    1.8720E-01    1.8529E-01    1.9061E-03
  0.600    1.9103E-01    1.8908E-01    1.9491E-03
  0.610    1.9490E-01    1.9290E-01    1.9927E-03
  0.620    1.9880E-01    1.9676E-01    2.0369E-03
  0.630    2.0275E-01    2.0066E-01    2.0817E-03
  0.640    2.0673E-01    2.0460E-01    2.1272E-03
  0.650    2.1076E-01    2.0859E-01    2.1733E-03
  0.660    2.1484E-01    2.1262E-01    2.2202E-03
  0.670    2.1896E-01    2.1669E-01    2.2677E-03
  0.680    2.2313E-01    2.2081E-01    2.3160E-03
  0.690    2.2734E-01    2.2498E-01    2.3651E-03
  0.700    2.3161E-01    2.2920E-01    2.4150E-03
  0.710    2.3594E-01    2.3347E-01    2.4657E-03
  0.720    2.4031E-01    2.3780E-01    2.5172E-03
  0.730    2.4475E-01    2.4218E-01    2.5696E-03
  0.740    2.4924E-01    2.4662E-01    2.6230E-03
  0.750    2.5380E-01    2.5112E-01    2.6773E-03
  0.760    2.5842E-01    2.5569E-01    2.7326E-03
  0.770    2.6311E-01    2.6032E-01    2.7890E-03
  0.780    2.6787E-01    2.6502E-01    2.8464E-03
  0.790    2.7270E-01    2.6980E-01    2.9049E-03
  0.800    2.7761E-01    2.7464E-01    2.9646E-03
  0.810    2.8259E-01    2.7957E-01    3.0255E-03
  0.820    2.8766E-01    2.8457E-01    3.0877E-03
  0.830    2.9281E-01    2.8966E-01    3.1512E-03
  0.840    2.9806E-01    2.9484E-01    3.2160E-03
  0.850    3.0340E-01    3.0011E-01    3.2823E-03
  0.860    3.0883E-01    3.0548E-01    3.3502E-03
  0.870    3.1437E-01    3.1095E-01    3.4196E-03
  0.880    3.2002E-01    3.1653E-01    3.4906E-03
  0.890    3.2578E-01    3.2222E-01    3.5634E-03
  0.900    3.3166E-01    3.2802E-01    3.6380E-03
  0.910    3.3767E-01    3.3395E-01    3.7145E-03
  0.920    3.4380E-01    3.4001E-01    3.7931E-03
  0.930    3.5008E-01    3.4620E-01    3.8737E-03
  0.940    3.5650E-01    3.5254E-01    3.9566E-03
  0.950    3.6307E-01    3.5903E-01    4.0418E-03
  0.960    3.6981E-01    3.6568E-01    4.1295E-03
  0.970    3.7672E-01    3.7250E-01    4.2198E-03
  0.980    3.8381E-01    3.7950E-01    4.3129E-03
  0.990    3.9110E-01    3.8669E-01    4.4090E-03
  1.000    3.9859E-01    3.9408E-01    4.5081E-03
