   1.0000000000000000        0.0000000000000000       0.46600291028248553       0.72780229808163477            10000
 i   solar flux    satshine flux      total flux
 -----------------------------------------------
           1   1296.1685562144489        12.048774040877200        1308.2173302553260     
           2   117.16897939075616        2.8154617553942187        119.98444114615039     
           3   172.64703658049862        2.3109161951534936        174.95795277565210     
           4   64.541826448349667        1.2408750840001261        65.782701532349790     
           5   56.471576800130812       0.86261134418104723        57.334188144311860     
           6   30.647203925208760       0.56288584539128306        31.210089770600042     
           7   21.552140176098202       0.34831178134561641        21.900451957443817     
           8   16.430801411092204       0.20160061825180320        16.632402029344007     
           9   9.0023001654686627       0.14680284062174584        9.1491030060904084     
          10   9.0028632120826195       0.11399899197087272        9.1168622040534917     
          11   3.3694085942639278        5.9717788739964521E-002   3.4291263830038923     
          12   3.0290628921651930        8.1068728198612217E-002   3.1101316203638052     
          13   2.8606569774387798        4.6558110109738308E-002   2.9072150875485181     
          14   2.2599945265563290        2.9923129751026425E-002   2.2899176563073556     
          15  0.86953614023802217        1.6122582252403098E-002  0.88565872249042532     
          16  0.70516355118809271        1.5016414456652813E-002  0.72017996564474551     
          17  0.47136931969923557        3.1531443237312710E-002  0.50290076293654828     
          18  0.76885691378547472        1.7598449641697246E-002  0.78645536342717193     
          19  0.25146661661945979        7.9434593079742519E-003  0.25941007592743404     
          20   5.0648236143221179E-003   1.2063573300265463E-002   1.7128396914587580E-002
