   1.0000000000000000        0.0000000000000000       0.46600291028248553       0.72780229808163477            10000
 i   solar flux    satshine flux      total flux
 -----------------------------------------------
           1   1343.6606299626460        11.846137360562219        1355.5067673232081     
           2   111.46672899219054        2.8199719275568245        114.28670091974736     
           3   166.11566153869853        2.4413750565849006        168.55703659528342     
           4   62.686858534784299        1.1945443929216140        63.881402927705913     
           5   52.228198689750741       0.82171791556626572        53.049916605317009     
           6   29.180343760661827       0.48509114306114315        29.665434903722971     
           7   18.675474391719384       0.34959513848913382        19.025069530208519     
           8   13.021887138967895       0.20992068799091712        13.231807826958812     
           9   9.9768361733656281       0.18133634285503220        10.158172516220660     
          10   9.4749192555560473       0.12854212900396858        9.6034613845600152     
          11   4.9059740416245177        9.4185685862379631E-002   5.0001597274868974     
          12   2.5177833757778481        4.2807542980116735E-002   2.5605909187579647     
          13   1.7460712776519980        5.2650046640314814E-002   1.7987213242923128     
          14   1.6970643710947200        1.2587260110261043E-002   1.7096516312049810     
          15   1.1265437069754083        1.6891624989798872E-002   1.1434353319652071     
          16   1.5822490109845944        1.2493643232900647E-002   1.5947426542174949     
          17  0.37748098661684037        1.2213931731362360E-002  0.38969491834820275     
          18   1.0866304424357534        6.0534782008366496E-003   1.0926839206365899     
          19   0.0000000000000000        6.6857504509661939E-003   6.6857504509661939E-003
          20  0.22105868026172668        3.0686687017063550E-003  0.22412734896343303     
