   1.0000000000000000        0.0000000000000000       0.46600291028248553       0.72780229808163477            10000
 i   solar flux    satshine flux      total flux
 -----------------------------------------------
           1   1320.3083056491096        12.009586741078644        1332.3178923901883     
           2   115.42136407423376        2.9485509820198650        118.36991505625363     
           3   160.26123425395195        2.3493998218202634        162.61063407577223     
           4   70.004723889421854        1.2487070659386532        71.253430955360500     
           5   51.744498716085353       0.80214669552787377        52.546645411613227     
           6   31.790467893318258       0.55523372651047009        32.345701619828731     
           7   24.149552416560521       0.30072324096716507        24.450275657527687     
           8   14.342092630241492       0.20660718770946060        14.548699817950952     
           9   8.9462411888963587       0.22709609626340752        9.1733372851597661     
          10   7.0215245285566761        8.9965745755238358E-002   7.1114902743119144     
          11   3.2557830162882300        7.6427229538939281E-002   3.3322102458271692     
          12   4.1918941356230643        3.8959945354406632E-002   4.2308540809774708     
          13   2.0329990374420603        2.8654393768996925E-002   2.0616534312110573     
          14   1.1139095083130077        1.4765843613838564E-002   1.1286753519268462     
          15  0.57528460374838397        1.8377291261681653E-002  0.59366189501006561     
          16  0.59496687903105694        1.5632440409632017E-002  0.61059931944068890     
          17  0.82243008509632520        5.6169896333305575E-003  0.82804707472965577     
          18  0.61465916361475270        4.3675260063579316E-003  0.61902668962111063     
          19  0.22359892107812968        9.4334994669422912E-005  0.22369325607279911     
          20  0.18577075020632583        0.0000000000000000       0.18577075020632583     
