   1.0000000000000000        0.0000000000000000       0.46600291028248553       0.72780229808163477            10000
 i   solar flux    satshine flux      total flux
 -----------------------------------------------
           1   1305.0947648195684        12.114751564628314        1317.2095163841966     
           2   125.83497442248594        2.9664284798738825        128.80140290235983     
           3   175.55428009643762        2.4421528187652242        177.99643291520286     
           4   65.650954926954867        1.2383922334765283        66.889347160431399     
           5   53.097853748120826       0.89088219304918492        53.988735941170013     
           6   31.617670953894830       0.49479987220019472        32.112470826095027     
           7   18.196862266452023       0.33044744157157785        18.527309708023601     
           8   14.504468095416678       0.18788886290835163        14.692356958325030     
           9   9.9950473894011367       0.16636042687790603        10.161407816279043     
          10   5.9307428149319836        8.6537438583727769E-002   6.0172802535157111     
          11   3.6629230077594306        7.5148690438253091E-002   3.7380716981976838     
          12   2.7700944304848245        4.1750683629179698E-002   2.8118451141140044     
          13   1.3859782079894325        3.5355537409425125E-002   1.4213337453988577     
          14  0.98538643508847912        1.2456005014673270E-002  0.99784244010315237     
          15  0.10567269092792796        6.5334806915848956E-003  0.11220617161951285     
          16  0.47172081346606420        1.3600281229485426E-002  0.48532109469554963     
          17  0.11344803886712786        1.1259321771916002E-003  0.11457397104431946     
          18  0.34291012258905285        3.3462571252373821E-003  0.34625637971429024     
          19   0.0000000000000000        0.0000000000000000        0.0000000000000000     
          20  0.45148153439591798        5.7011884317028131E-004  0.45205165323908825     
