 Curly R     I/F(total)  I/F(solar)   I/F(saturn)
 ---------------------------------------------------
  0.010    2.7978E-03    2.7720E-03    2.5770E-05
  0.020    5.6013E-03    5.5496E-03    5.1669E-05
  0.030    8.4107E-03    8.3330E-03    7.7701E-05
  0.040    1.1226E-02    1.1122E-02    1.0387E-04
  0.050    1.4048E-02    1.3918E-02    1.3017E-04
  0.060    1.6877E-02    1.6720E-02    1.5662E-04
  0.070    1.9712E-02    1.9529E-02    1.8322E-04
  0.080    2.2555E-02    2.2345E-02    2.0996E-04
  0.090    2.5405E-02    2.5168E-02    2.3686E-04
  0.100    2.8263E-02    2.7999E-02    2.6391E-04
  0.110    3.1129E-02    3.0838E-02    2.9112E-04
  0.120    3.4003E-02    3.3684E-02    3.1850E-04
  0.130    3.6885E-02    3.6539E-02    3.4605E-04
  0.140    3.9776E-02    3.9402E-02    3.7377E-04
  0.150    4.2676E-02    4.2274E-02    4.0166E-04
  0.160    4.5586E-02    4.5156E-02    4.2974E-04
  0.170    4.8505E-02    4.8047E-02    4.5800E-04
  0.180    5.1434E-02    5.0947E-02    4.8645E-04
  0.190    5.4373E-02    5.3858E-02    5.1510E-04
  0.200    5.7323E-02    5.6779E-02    5.4395E-04
  0.210    6.0284E-02    5.9711E-02    5.7300E-04
  0.220    6.3256E-02    6.2654E-02    6.0226E-04
  0.230    6.6239E-02    6.5608E-02    6.3173E-04
  0.240    6.9235E-02    6.8574E-02    6.6143E-04
  0.250    7.2243E-02    7.1551E-02    6.9135E-04
  0.260    7.5263E-02    7.4542E-02    7.2150E-04
  0.270    7.8297E-02    7.7545E-02    7.5189E-04
  0.280    8.1344E-02    8.0561E-02    7.8252E-04
  0.290    8.4405E-02    8.3591E-02    8.1340E-04
  0.300    8.7480E-02    8.6635E-02    8.4453E-04
  0.310    9.0569E-02    8.9693E-02    8.7592E-04
  0.320    9.3674E-02    9.2766E-02    9.0759E-04
  0.330    9.6794E-02    9.5855E-02    9.3952E-04
  0.340    9.9930E-02    9.8958E-02    9.7174E-04
  0.350    1.0308E-01    1.0208E-01    1.0042E-03
  0.360    1.0625E-01    1.0522E-01    1.0371E-03
  0.370    1.0944E-01    1.0837E-01    1.0702E-03
  0.380    1.1264E-01    1.1154E-01    1.1036E-03
  0.390    1.1587E-01    1.1473E-01    1.1373E-03
  0.400    1.1911E-01    1.1794E-01    1.1714E-03
  0.410    1.2237E-01    1.2117E-01    1.2058E-03
  0.420    1.2565E-01    1.2441E-01    1.2406E-03
  0.430    1.2896E-01    1.2768E-01    1.2757E-03
  0.440    1.3228E-01    1.3097E-01    1.3111E-03
  0.450    1.3563E-01    1.3428E-01    1.3470E-03
  0.460    1.3899E-01    1.3761E-01    1.3832E-03
  0.470    1.4238E-01    1.4097E-01    1.4199E-03
  0.480    1.4580E-01    1.4434E-01    1.4569E-03
  0.490    1.4924E-01    1.4775E-01    1.4944E-03
  0.500    1.5271E-01    1.5117E-01    1.5323E-03
  0.510    1.5620E-01    1.5463E-01    1.5706E-03
  0.520    1.5972E-01    1.5811E-01    1.6094E-03
  0.530    1.6326E-01    1.6161E-01    1.6486E-03
  0.540    1.6684E-01    1.6515E-01    1.6884E-03
  0.550    1.7044E-01    1.6871E-01    1.7286E-03
  0.560    1.7408E-01    1.7231E-01    1.7694E-03
  0.570    1.7775E-01    1.7593E-01    1.8106E-03
  0.580    1.8144E-01    1.7959E-01    1.8525E-03
  0.590    1.8518E-01    1.8328E-01    1.8948E-03
  0.600    1.8894E-01    1.8701E-01    1.9378E-03
  0.610    1.9275E-01    1.9077E-01    1.9813E-03
  0.620    1.9659E-01    1.9456E-01    2.0255E-03
  0.630    2.0046E-01    1.9839E-01    2.0703E-03
  0.640    2.0438E-01    2.0227E-01    2.1157E-03
  0.650    2.0834E-01    2.0618E-01    2.1619E-03
  0.660    2.1234E-01    2.1013E-01    2.2087E-03
  0.670    2.1638E-01    2.1413E-01    2.2562E-03
  0.680    2.2047E-01    2.1817E-01    2.3045E-03
  0.690    2.2461E-01    2.2225E-01    2.3536E-03
  0.700    2.2879E-01    2.2639E-01    2.4034E-03
  0.710    2.3302E-01    2.3057E-01    2.4541E-03
  0.720    2.3731E-01    2.3480E-01    2.5056E-03
  0.730    2.4165E-01    2.3909E-01    2.5581E-03
  0.740    2.4604E-01    2.4343E-01    2.6114E-03
  0.750    2.5049E-01    2.4783E-01    2.6657E-03
  0.760    2.5501E-01    2.5229E-01    2.7209E-03
  0.770    2.5958E-01    2.5680E-01    2.7772E-03
  0.780    2.6422E-01    2.6139E-01    2.8345E-03
  0.790    2.6893E-01    2.6603E-01    2.8930E-03
  0.800    2.7370E-01    2.7075E-01    2.9526E-03
  0.810    2.7855E-01    2.7554E-01    3.0134E-03
  0.820    2.8348E-01    2.8040E-01    3.0754E-03
  0.830    2.8848E-01    2.8534E-01    3.1387E-03
  0.840    2.9357E-01    2.9036E-01    3.2033E-03
  0.850    2.9874E-01    2.9547E-01    3.2694E-03
  0.860    3.0400E-01    3.0066E-01    3.3369E-03
  0.870    3.0935E-01    3.0595E-01    3.4059E-03
  0.880    3.1481E-01    3.1133E-01    3.4765E-03
  0.890    3.2036E-01    3.1681E-01    3.5488E-03
  0.900    3.2602E-01    3.2240E-01    3.6229E-03
  0.910    3.3179E-01    3.2809E-01    3.6987E-03
  0.920    3.3768E-01    3.3391E-01    3.7764E-03
  0.930    3.4369E-01    3.3984E-01    3.8562E-03
  0.940    3.4983E-01    3.4590E-01    3.9380E-03
  0.950    3.5611E-01    3.5209E-01    4.0220E-03
  0.960    3.6253E-01    3.5842E-01    4.1083E-03
  0.970    3.6910E-01    3.6490E-01    4.1971E-03
  0.980    3.7582E-01    3.7153E-01    4.2884E-03
  0.990    3.8271E-01    3.7833E-01    4.3823E-03
  1.000    3.8977E-01    3.8529E-01    4.4791E-03
