   1.0000000000000000        0.0000000000000000       0.46600291028248553       0.72780229808163477            10000
 i   solar flux    satshine flux      total flux
 -----------------------------------------------
           1   1301.6355039005350        12.056784544187979        1313.6922884447231     
           2   120.13250576311093        2.8764127082985609        123.00891847140949     
           3   177.14489682100384        2.3688378409067847        179.51373466191063     
           4   80.383933715480310        1.2598930255899292        81.643826741070242     
           5   56.647279567780174       0.82041974290441322        57.467699310684587     
           6   33.334886433590377       0.55563691149208339        33.890523345082457     
           7   23.914117825243281       0.39410909247551623        24.308226917718798     
           8   15.274020294854633       0.23760450338190853        15.511624798236541     
           9   8.5959166751943936       0.17894777979377899        8.7748644549881725     
          10   4.5591696102245880        9.0756787531190791E-002   4.6499263977557792     
          11   4.5598091228556017        7.1494666247649663E-002   4.6313037891032511     
          12   2.2163984361388644        6.8462781717286258E-002   2.2848612178561507     
          13   1.5469704227275241        2.6530062131183602E-002   1.5735004848587077     
          14   1.4797670485135637        2.7378149223499678E-002   1.5071451977370633     
          15  0.39443993036759040        1.3930182542526121E-002  0.40837011291011649     
          16  0.64494722914552738        8.4465700781176430E-003  0.65339379922364504     
          17  0.19284678243206574        1.3966865852828690E-002  0.20681364828489443     
          18  0.57347460977510356        4.2655029681160552E-003  0.57774011274321957     
          19   0.0000000000000000        0.0000000000000000        0.0000000000000000     
          20   0.0000000000000000        0.0000000000000000        0.0000000000000000     
