   1.0000000000000000        0.0000000000000000       0.46600291028248553       0.72780229808163477            10000
 i   solar flux    satshine flux      total flux
 -----------------------------------------------
           1   1291.0313337711768        12.039933699316860        1303.0712674704937     
           2   126.60445731975003        2.9688064891170058        129.57326380886704     
           3   177.96438077139726        2.5514514505547052        180.51583222195197     
           4   71.286838742696972        1.2380541065469697        72.524892849243940     
           5   55.279905402604498       0.85402013147266531        56.133925534077164     
           6   30.265852002454803       0.66042014319762099        30.926272145652423     
           7   18.402039746583405       0.41070729485850405        18.812747041441909     
           8   12.366004235687178       0.23275269585233688        12.598756931539516     
           9   9.4986364530443446       0.13623222491797188        9.6348686779623165     
          10   6.7136872311819866        9.1885278929574390E-002   6.8055725101115607     
          11   3.7283142683060202        5.9344577026845619E-002   3.7876588453328659     
          12   2.3763137953327851        3.8952471272184437E-002   2.4152662666049696     
          13   1.5529293600264762        1.7866046897990550E-002   1.5707954069244667     
          14  0.68349665755242539        2.7845975335223278E-002  0.71134263288764865     
          15  0.77043523246475343        4.7037021422054771E-003  0.77513893460695893     
          16  0.43716309401935105        5.3756482622172872E-003  0.44253874228156836     
          17  0.29343102084972222        5.1678071579011184E-003  0.29859882800762333     
          18   0.0000000000000000        0.0000000000000000        0.0000000000000000     
          19   0.0000000000000000        0.0000000000000000        0.0000000000000000     
          20  0.24818576944983872        7.7576186298153093E-003  0.25594338807965406     
