   1.0000000000000000        0.0000000000000000       0.46600291028248553       0.72780229808163477            10000
 i   solar flux    satshine flux      total flux
 -----------------------------------------------
           1   1310.8450532640459        12.116054726733474        1322.9611079907793     
           2   118.31359163558869        2.9856862027973232        121.29927783838602     
           3   172.34831976793163        2.2193522378310666        174.56767200576269     
           4   72.032338192091487        1.2130937058296525        73.245431897921137     
           5   63.991186079850820       0.92025991403170715        64.911445993882523     
           6   29.454646986767770       0.50132014697518290        29.955967133742952     
           7   23.805979719960668       0.37009236744695329        24.176072087407622     
           8   16.101798384781567       0.15186521388578511        16.253663598667352     
           9   10.993123269535165       0.20489426153845394        11.198017531073619     
          10   5.1925035939218738        6.4997175085522940E-002   5.2575007690073967     
          11   3.5329962336233125        8.1136515112572333E-002   3.6141327487358850     
          12   2.5143134216360270        4.0488676256913450E-002   2.5548020978929404     
          13   1.8297819552503061        4.4737191019116801E-002   1.8745191462694228     
          14  0.78173043108008033        1.0425346275313970E-002  0.79215577735539433     
          15   1.7180709499512936        8.6543254498176094E-003   1.7267252754011113     
          16  0.84164124810240248        6.5918529924068369E-003  0.84823310109480932     
          17  0.41837721762619806        1.0247266858938188E-003  0.41940194431209188     
          18  0.29292618390092301        6.3913569217735984E-003  0.29931754082269663     
          19  0.22548549474074855        1.4252917153114600E-003  0.22691078645606003     
          20   0.0000000000000000        1.7274690904278672E-003   1.7274690904278672E-003
