   1.0000000000000000        0.0000000000000000       0.46600291028248553       0.72780229808163477            10000
 i   solar flux    satshine flux      total flux
 -----------------------------------------------
           1   1319.9710783011601        11.988248657640177        1331.9593269588004     
           2   114.84723624747572        3.0338446693668959        117.88108091684262     
           3   183.25167652228117        2.5036838289279078        185.75536035120908     
           4   70.311598233717831        1.1789342237405147        71.490532457458343     
           5   60.966332237751729       0.81876273962247192        61.785094977374200     
           6   34.765611600548709       0.55008767182073981        35.315699272369450     
           7   21.582973347228631       0.39190106190430962        21.974874409132941     
           8   16.708751207640120       0.23948002401315399        16.948231231653274     
           9   8.1515107730367724       0.16040272079157120        8.3119134938283441     
          10   5.8094534582757111       0.10418385418601654        5.9136373124617281     
          11   2.9244145647367672        5.8335903916286042E-002   2.9827504686530530     
          12   5.0313746438821259        5.5315279430297105E-002   5.0866899233124228     
          13   2.2816180613526273        2.0126184450729310E-002   2.3017442458033566     
          14   2.1861160418107972        2.2461664903165156E-002   2.2085777067139625     
          15  0.98317307357540451        2.5721630724056119E-002   1.0088947042994607     
          16   1.0532036256668216        1.1039059395483546E-002   1.0642426850623050     
          17  0.30761598274023949        1.7403209380525027E-002  0.32501919212076452     
          18  0.34695442529603904        2.6346701241860347E-003  0.34958909542022509     
          19   8.6740633876535647E-002   3.2980136405536533E-003   9.0038647517089301E-002
          20  0.54591593203605915        8.6037489780140392E-003  0.55451968101407323     
