   1.0000000000000000        0.0000000000000000       0.46600291028248553       0.72780229808163477            10000
 i   solar flux    satshine flux      total flux
 -----------------------------------------------
           1   1313.1137454433388        12.110795515778538        1325.2245409591173     
           2   119.79377468174232        2.9434682355010984        122.73724291724342     
           3   176.04724583407875        2.3712963921912826        178.41854222627003     
           4   72.994203591003696        1.2058472525387900        74.200050843542485     
           5   59.335261732679598       0.93292964737576622        60.268191380055363     
           6   32.528989432578669       0.54779574562501876        33.076785178203686     
           7   24.432516398611916       0.42238273449988328        24.854899133111800     
           8   16.120092468704740       0.21712541748221392        16.337217886186956     
           9   9.7651770760879728       0.16312931659470609        9.9283063926826784     
          10   5.8629886940228744       0.12140382219588580        5.9843925162187599     
          11   4.5769061863489418        7.8004280770656145E-002   4.6549104671195982     
          12   3.2699702947903218        6.5852472082420510E-002   3.3358227668727425     
          13   2.7477175946905139        2.7599948384769975E-002   2.7753175430752837     
          14   1.8247860785423429        4.5908046104058492E-002   1.8706941246464013     
          15  0.57868160636144261        2.5379826817750858E-002  0.60406143317919347     
          16   1.2646842291619513        1.7122258348675555E-002   1.2818064875106270     
          17  0.65456717308726986        2.3762409659417488E-003  0.65694341405321166     
          18  0.24146419423417426        2.1900623949172573E-003  0.24365425662909151     
          19  0.14862137005868362        0.0000000000000000       0.14862137005868362     
          20   2.4109324909005456E-002   6.0759575956127847E-003   3.0185282504618240E-002
