   1.0000000000000000        0.0000000000000000       0.46600291028248553       0.72780229808163477            10000
 i   solar flux    satshine flux      total flux
 -----------------------------------------------
           1   1361.8321717616445        12.102401660788574        1373.9345734224330     
           2   123.41266294060938        2.9158700891375702        126.32853302974695     
           3   192.96020963571459        2.2508704447512251        195.21108008046582     
           4   70.902949505977816        1.2579064756219629        72.160855981599781     
           5   59.685787104304481       0.82404048563123455        60.509827589935718     
           6   34.254042956422147       0.51668420479396859        34.770727161216115     
           7   23.856889330646620       0.35150853493366219        24.208397865580281     
           8   15.700788944503277       0.23346271351551803        15.934251658018795     
           9   8.5529436467970541       0.19755051185189434        8.7504941586489480     
          10   5.6565100647144737       0.10635833881998372        5.7628684035344575     
          11   3.5050579462222431        8.5732651472318205E-002   3.5907905976945611     
          12   1.6845848329960340        5.4101630622511485E-002   1.7386864636185455     
          13   1.8526538837804953        3.0956917006194674E-002   1.8836108007866901     
          14   1.2487762167636574        1.4257184722009302E-002   1.2630334014856666     
          15  0.53109554631232925        1.2730967787684448E-002  0.54382651410001370     
          16  0.10905131424312163        7.7969337459887957E-003  0.11684824798911042     
          17  0.43788963972112172        1.2502172391257009E-003  0.43913985696024743     
          18   1.9276796943761547E-002   0.0000000000000000        1.9276796943761547E-002
          19  0.23534678904349468        2.0560729992234921E-003  0.23740286204271818     
          20  0.20306623549866520        3.7560326771976706E-003  0.20682226817586288     
