 Curly R     I/F(total)  I/F(solar)   I/F(saturn)
 ---------------------------------------------------
  0.010    2.8340E-03    2.8079E-03    2.6190E-05
  0.020    5.6737E-03    5.6212E-03    5.2503E-05
  0.030    8.5192E-03    8.4402E-03    7.8943E-05
  0.040    1.1371E-02    1.1265E-02    1.0551E-04
  0.050    1.4229E-02    1.4096E-02    1.3221E-04
  0.060    1.7093E-02    1.6934E-02    1.5905E-04
  0.070    1.9964E-02    1.9778E-02    1.8603E-04
  0.080    2.2842E-02    2.2629E-02    2.1315E-04
  0.090    2.5728E-02    2.5487E-02    2.4042E-04
  0.100    2.8621E-02    2.8353E-02    2.6784E-04
  0.110    3.1522E-02    3.1226E-02    2.9541E-04
  0.120    3.4431E-02    3.4107E-02    3.2314E-04
  0.130    3.7348E-02    3.6997E-02    3.5103E-04
  0.140    4.0274E-02    3.9895E-02    3.7908E-04
  0.150    4.3209E-02    4.2801E-02    4.0731E-04
  0.160    4.6153E-02    4.5717E-02    4.3571E-04
  0.170    4.9106E-02    4.8642E-02    4.6428E-04
  0.180    5.2070E-02    5.1577E-02    4.9304E-04
  0.190    5.5043E-02    5.4521E-02    5.2199E-04
  0.200    5.8027E-02    5.7476E-02    5.5112E-04
  0.210    6.1022E-02    6.0442E-02    5.8045E-04
  0.220    6.4028E-02    6.3418E-02    6.0999E-04
  0.230    6.7045E-02    6.6406E-02    6.3972E-04
  0.240    7.0075E-02    6.9405E-02    6.6967E-04
  0.250    7.3116E-02    7.2416E-02    6.9984E-04
  0.260    7.6170E-02    7.5440E-02    7.3022E-04
  0.270    7.9237E-02    7.8476E-02    7.6084E-04
  0.280    8.2317E-02    8.1526E-02    7.9168E-04
  0.290    8.5411E-02    8.4589E-02    8.2277E-04
  0.300    8.8520E-02    8.7666E-02    8.5410E-04
  0.310    9.1643E-02    9.0757E-02    8.8568E-04
  0.320    9.4780E-02    9.3863E-02    9.1752E-04
  0.330    9.7934E-02    9.6984E-02    9.4962E-04
  0.340    1.0110E-01    1.0012E-01    9.8199E-04
  0.350    1.0429E-01    1.0327E-01    1.0146E-03
  0.360    1.0749E-01    1.0644E-01    1.0476E-03
  0.370    1.1071E-01    1.0963E-01    1.0808E-03
  0.380    1.1395E-01    1.1283E-01    1.1143E-03
  0.390    1.1721E-01    1.1606E-01    1.1482E-03
  0.400    1.2048E-01    1.1930E-01    1.1823E-03
  0.410    1.2378E-01    1.2256E-01    1.2168E-03
  0.420    1.2709E-01    1.2584E-01    1.2516E-03
  0.430    1.3043E-01    1.2914E-01    1.2868E-03
  0.440    1.3378E-01    1.3246E-01    1.3223E-03
  0.450    1.3716E-01    1.3581E-01    1.3581E-03
  0.460    1.4057E-01    1.3917E-01    1.3944E-03
  0.470    1.4399E-01    1.4256E-01    1.4310E-03
  0.480    1.4744E-01    1.4598E-01    1.4680E-03
  0.490    1.5092E-01    1.4941E-01    1.5054E-03
  0.500    1.5442E-01    1.5288E-01    1.5433E-03
  0.510    1.5795E-01    1.5636E-01    1.5815E-03
  0.520    1.6150E-01    1.5988E-01    1.6202E-03
  0.530    1.6508E-01    1.6342E-01    1.6594E-03
  0.540    1.6870E-01    1.6700E-01    1.6990E-03
  0.550    1.7234E-01    1.7060E-01    1.7392E-03
  0.560    1.7601E-01    1.7423E-01    1.7798E-03
  0.570    1.7972E-01    1.7790E-01    1.8209E-03
  0.580    1.8346E-01    1.8159E-01    1.8625E-03
  0.590    1.8723E-01    1.8532E-01    1.9047E-03
  0.600    1.9104E-01    1.8909E-01    1.9475E-03
  0.610    1.9488E-01    1.9289E-01    1.9908E-03
  0.620    1.9876E-01    1.9673E-01    2.0348E-03
  0.630    2.0268E-01    2.0061E-01    2.0794E-03
  0.640    2.0665E-01    2.0452E-01    2.1246E-03
  0.650    2.1065E-01    2.0848E-01    2.1704E-03
  0.660    2.1470E-01    2.1248E-01    2.2170E-03
  0.670    2.1879E-01    2.1653E-01    2.2642E-03
  0.680    2.2293E-01    2.2062E-01    2.3122E-03
  0.690    2.2712E-01    2.2475E-01    2.3610E-03
  0.700    2.3135E-01    2.2894E-01    2.4105E-03
  0.710    2.3564E-01    2.3318E-01    2.4609E-03
  0.720    2.3998E-01    2.3747E-01    2.5121E-03
  0.730    2.4438E-01    2.4182E-01    2.5642E-03
  0.740    2.4884E-01    2.4622E-01    2.6171E-03
  0.750    2.5336E-01    2.5068E-01    2.6711E-03
  0.760    2.5793E-01    2.5521E-01    2.7260E-03
  0.770    2.6258E-01    2.5980E-01    2.7819E-03
  0.780    2.6729E-01    2.6445E-01    2.8389E-03
  0.790    2.7208E-01    2.6918E-01    2.8971E-03
  0.800    2.7693E-01    2.7398E-01    2.9563E-03
  0.810    2.8187E-01    2.7885E-01    3.0168E-03
  0.820    2.8688E-01    2.8380E-01    3.0785E-03
  0.830    2.9198E-01    2.8884E-01    3.1415E-03
  0.840    2.9716E-01    2.9396E-01    3.2059E-03
  0.850    3.0244E-01    2.9917E-01    3.2717E-03
  0.860    3.0781E-01    3.0447E-01    3.3391E-03
  0.870    3.1328E-01    3.0988E-01    3.4079E-03
  0.880    3.1886E-01    3.1538E-01    3.4785E-03
  0.890    3.2455E-01    3.2100E-01    3.5507E-03
  0.900    3.3035E-01    3.2672E-01    3.6247E-03
  0.910    3.3627E-01    3.3257E-01    3.7006E-03
  0.920    3.4232E-01    3.3854E-01    3.7785E-03
  0.930    3.4850E-01    3.4465E-01    3.8585E-03
  0.940    3.5483E-01    3.5089E-01    3.9407E-03
  0.950    3.6130E-01    3.5728E-01    4.0253E-03
  0.960    3.6793E-01    3.6382E-01    4.1123E-03
  0.970    3.7472E-01    3.7052E-01    4.2018E-03
  0.980    3.8169E-01    3.7740E-01    4.2942E-03
  0.990    3.8884E-01    3.8445E-01    4.3894E-03
  1.000    3.9619E-01    3.9170E-01    4.4877E-03
