   1.0000000000000000        0.0000000000000000       0.46600291028248553       0.72780229808163477            10000
 i   solar flux    satshine flux      total flux
 -----------------------------------------------
           1   1348.6149779606328        12.440345001369804        1361.0553229620027     
           2   128.65578243783517        2.9171070857176251        131.57288952355279     
           3   174.85038069296223        2.2805541457093921        177.13093483867164     
           4   71.766892851245515        1.2436857453945840        73.010578596640102     
           5   56.535281436870299       0.83764728787206189        57.372928724742358     
           6   32.578336155394133       0.56896615939804307        33.147302314792178     
           7   22.994929212886372       0.33572067359220686        23.330649886478579     
           8   11.693009965071735       0.19139416670426460        11.884404131776000     
           9   10.892265838964583       0.13138357271605855        11.023649411680642     
          10   4.0312714146505808       0.10358050226454479        4.1348519169151254     
          11   4.3637345888043768        5.1867421195359802E-002   4.4156020099997368     
          12   2.9403952559548179        5.6746996013465244E-002   2.9971422519682833     
          13   2.4885737681770603        3.4168381224494462E-002   2.5227421494015547     
          14   1.0720887808364576        2.0602926892097428E-002   1.0926917077285552     
          15   1.0901201355810191        2.3122118291593708E-002   1.1132422538726128     
          16   1.3079104732884996        4.5494221426021350E-003   1.3124598954311018     
          17  0.61283496472224441        8.4165478730790569E-003  0.62125151259532352     
          18  0.44833847661335602        1.1679789648122048E-003  0.44950645557816821     
          19  0.44137734677689944        3.1548938850388107E-003  0.44453224066193825     
          20  0.96709769863073181        0.0000000000000000       0.96709769863073181     
