   1.0000000000000000        0.0000000000000000       0.46600291028248553       0.72780229808163477            10000
 i   solar flux    satshine flux      total flux
 -----------------------------------------------
           1   1324.2053519601589        12.087235063362625        1336.2925870235215     
           2   111.37097766225361        3.0173900507531308        114.38836771300674     
           3   176.94859912231627        2.3614789755531880        179.31007809786945     
           4   69.045886158152811        1.3395616629765612        70.385447821129375     
           5   54.103407524004965       0.84986162059927650        54.953269144604242     
           6   33.439444170193966       0.54647182294301155        33.985915993136977     
           7   19.969726780561214       0.35581400795076285        20.325540788511976     
           8   12.567677567977350       0.28163330782688567        12.849310875804235     
           9   7.5155202384543864       0.16413151246231950        7.6796517509167064     
          10   4.7042548614452553       0.12461429893877723        4.8288691603840324     
          11   4.7700384282095527        4.0761278257953282E-002   4.8107997064675061     
          12   2.1025079936634139        5.4772985818166475E-002   2.1572809794815804     
          13   2.2000236905284920        3.4483569603289861E-002   2.2345072601317817     
          14   1.6188908399030204        2.8352828954778697E-002   1.6472436688577992     
          15   1.3139897910603695        1.5639178824761200E-002   1.3296289698851307     
          16  0.26510873462264245        8.9346724201879810E-003  0.27404340704283042     
          17  0.27354161385995901        4.0536833662689498E-003  0.27759529722622794     
          18  0.24225640577273638        2.2263169234115637E-004  0.24247903746507754     
          19  0.31030156433414580        0.0000000000000000       0.31030156433414580     
          20  0.10412872245009624        0.0000000000000000       0.10412872245009624     
