   1.0000000000000000        0.0000000000000000       0.46600291028248553       0.72780229808163477            10000
 i   solar flux    satshine flux      total flux
 -----------------------------------------------
           1   1338.3824278568090        11.978317461975637        1350.3607453187847     
           2   125.70584313656160        2.9189737017540480        128.62481683831564     
           3   184.95797205597745        2.1707746249152353        187.12874668089268     
           4   73.281605822128114        1.2849340163551790        74.566539838483294     
           5   67.457404522825755       0.87584721131000220        68.333251734135757     
           6   32.113806602657348       0.55265017173036823        32.666456774387719     
           7   25.442726579569701       0.29556204814494480        25.738288627714645     
           8   13.737101000894336       0.26142025242750822        13.998521253321844     
           9   9.8776978712516872       0.13131671784513643        10.009014589096823     
          10   8.4466876410110885       0.13108714092995044        8.5777747819410397     
          11   4.6113410251210940        4.1502062284774724E-002   4.6528430874058690     
          12   3.8775412656157222        4.3127123636756928E-002   3.9206683892524792     
          13   1.8124982162339118        2.6434852822434761E-002   1.8389330690563466     
          14  0.98274153046120605        4.1164368167978145E-002   1.0239058986291842     
          15  0.91640756106216137        9.5491551788417714E-003  0.92595671624100317     
          16  0.87417089592859043        1.6878037191969970E-002  0.89104893312056044     
          17  0.28320366867777252        1.0779108932365514E-002  0.29398277761013802     
          18  0.52058564320798228        1.3435366427814406E-002  0.53402100963579668     
          19   0.0000000000000000        0.0000000000000000        0.0000000000000000     
          20   3.6585010071614590E-002   4.9407273500892291E-003   4.1525737421703818E-002
