   1.0000000000000000        0.0000000000000000       0.46600291028248553       0.72780229808163477            10000
 i   solar flux    satshine flux      total flux
 -----------------------------------------------
           1   1333.2707922012146        11.928597299543204        1345.1993895007579     
           2   124.04919928570877        2.8880256673417897        126.93722495305056     
           3   182.24963901212416        2.4550896878866229        184.70472870001078     
           4   74.780704329142708        1.2247860113047286        76.005490340447437     
           5   66.394528264933456       0.91589149839951278        67.310419763332973     
           6   36.519357144394590       0.54821893183796799        37.067576076232555     
           7   21.250092137111750       0.32539628851197677        21.575488425623728     
           8   17.123017400404024       0.17374497457253804        17.296762374976563     
           9   9.6664478349916081       0.16194951684436690        9.8283973518359744     
          10   7.3110949811171553        8.5065162549123455E-002   7.3961601436662789     
          11   4.5838036079092781        6.1483129945470713E-002   4.6452867378547484     
          12   2.9805498811895927        2.1210168042929023E-002   3.0017600492325216     
          13   1.3865164822344607        3.4319744165236712E-002   1.4208362263996974     
          14   1.3643209464601798        1.7643779728596071E-002   1.3819647261887757     
          15   1.4705291059878878        2.1297662702951265E-002   1.4918267686908391     
          16  0.52194403858161187        1.4469198522740439E-002  0.53641323710435229     
          17  0.58604197799258673        1.1281425450006285E-002  0.59732340344259305     
          18   1.6975878750772444        1.2390002044698284E-002   1.7099778771219427     
          19   0.0000000000000000        6.0875766274064947E-003   6.0875766274064947E-003
          20  0.39552265629520594        1.3303199081058514E-002  0.40882585537626448     
