   1.0000000000000000        0.0000000000000000       0.46600291028248553       0.72780229808163477            10000
 i   solar flux    satshine flux      total flux
 -----------------------------------------------
           1   1264.6824525458528        11.470008952025049        1276.1524614978778     
           2   125.50496750378950        3.0117228908116469        128.51669039460114     
           3   178.69985502030721        2.3806522657887736        181.08050728609598     
           4   78.831481339808533        1.2687192762563122        80.100200616064839     
           5   59.001794313988569       0.88073808479018811        59.882532398778757     
           6   33.532335720927890       0.55229344627829591        34.084629167206188     
           7   24.160013382769215       0.36263817476340665        24.522651557532622     
           8   14.034650706673359       0.21972695245570631        14.254377659129066     
           9   8.8826140770586441       0.16879552282244001        9.0514095998810848     
          10   7.2414296558404931        9.5299054003792502E-002   7.3367287098442855     
          11   4.1288608171390253        9.6197029779443763E-002   4.2250578469184692     
          12   4.0725464075303837        7.3685945833371153E-002   4.1462323533637546     
          13   3.1627700018672482        5.5902149878187084E-002   3.2186721517454351     
          14   1.6036981877770404        3.1543825583514561E-002   1.6352420133605550     
          15   1.4744682002134060        2.3881396043302368E-002   1.4983495962567084     
          16   1.2636090322609466        2.5969576758565937E-002   1.2895786090195125     
          17   1.3358100038458300        1.0528983395536233E-002   1.3463389872413662     
          18  0.91489874306945451        1.0271719635497525E-002  0.92517046270495207     
          19   0.0000000000000000        1.1825677042681887E-002   1.1825677042681887E-002
          20  0.11315956999049553        8.3700879376320293E-003  0.12152965792812756     
