   1.0000000000000000        0.0000000000000000       0.46600291028248553       0.72780229808163477            10000
 i   solar flux    satshine flux      total flux
 -----------------------------------------------
           1   1344.8288712121566        12.255120405850890        1357.0839916180075     
           2   124.69315406923359        3.0079007253921146        127.70105479462570     
           3   167.64923832801867        2.2344522101359581        169.88369053815464     
           4   70.228340502574113        1.3068521032527001        71.535192605826808     
           5   52.337721571860726       0.85887260129599852        53.196594173156726     
           6   34.288499547077471       0.50041602400007867        34.788915571077553     
           7   21.825364101241817       0.32436014726409246        22.149724248505908     
           8   16.631565582702741       0.22605193759452136        16.857617520297264     
           9   11.022034147172688       0.16617951178736348        11.188213658960052     
          10   8.3049714292923795        9.6985360050460753E-002   8.4019567893428402     
          11   4.4070620251834214        6.6727504036794727E-002   4.4737895292202161     
          12   3.7651557663986086        4.0128403909411720E-002   3.8052841703080205     
          13   2.1203295228095658        3.0333956013689028E-002   2.1506634788232546     
          14   2.2400094442911467        2.0176333398448369E-002   2.2601857776895948     
          15   1.0223703953961538        2.1585162182051140E-002   1.0439555575782049     
          16  0.60690322635823468        2.8701895908236786E-002  0.63560512226647148     
          17  0.48378562064642650        1.2199823718903675E-002  0.49598544436533015     
          18  0.15101777406050446        2.6114070166116201E-003  0.15362918107711607     
          19  0.24329652968677073        5.0584395179479229E-003  0.24835496920471867     
          20  0.43745660143159082        2.4619865362723930E-003  0.43991858796786321     
