   1.0000000000000000        0.0000000000000000       0.46600291028248553       0.72780229808163477            10000
 i   solar flux    satshine flux      total flux
 -----------------------------------------------
           1   1319.7286815493796        11.854879580569687        1331.5835611299494     
           2   122.93294609363161        3.1071158280226236        126.04006192165424     
           3   177.05256474892013        2.2793748994621787        179.33193964838230     
           4   76.379628519794281        1.2231386010617249        77.602767120856001     
           5   54.250074080085547       0.90994943825099617        55.160023518336544     
           6   29.986461508428210       0.63231690548003150        30.618778413908242     
           7   23.240353167276766       0.34342900685440841        23.583782174131173     
           8   12.479469883923123       0.26552347136559851        12.744993355288722     
           9   11.362574409551506       0.13264613369785608        11.495220543249362     
          10   7.2759297448270770        7.7194033769566434E-002   7.3531237785966432     
          11   3.8917512846730551        7.4847459827295543E-002   3.9665987445003505     
          12   3.1036098860750418        3.8191156721421815E-002   3.1418010427964638     
          13   3.4453655542930246        3.4409891492066649E-002   3.4797754457850911     
          14  0.75143472520223742        9.7139676620082178E-003  0.76114869286424569     
          15  0.61558271656448749        1.3039875899297499E-002  0.62862259246378493     
          16   3.7376147990395681E-002   1.2364499130575331E-002   4.9740647120971010E-002
          17  0.41030699894537853        2.3760121408854702E-003  0.41268301108626398     
          18  0.67774954489086903        4.9811208627041801E-003  0.68273066575357322     
          19  0.24995522165292164        0.0000000000000000       0.24995522165292164     
          20   5.2868758267220893E-002   7.6800562514729926E-004   5.3636763892368190E-002
