   1.0000000000000000        0.0000000000000000       0.46600291028248553       0.72780229808163477            10000
 i   solar flux    satshine flux      total flux
 -----------------------------------------------
           1   1304.7358241036081        12.494287569320470        1317.2301116729286     
           2   121.45616522932580        3.0128608128062555        124.46902604213206     
           3   178.95077859980773        2.4171360920910456        181.36791469189879     
           4   71.140510196700703        1.1947773320207600        72.335287528721466     
           5   51.855640527498032       0.87713142415654888        52.732771951654584     
           6   31.273340274828911       0.43975530298750198        31.713095577816414     
           7   19.243137736444023       0.35053234247913589        19.593670078923157     
           8   11.555629329076195       0.18278842306147061        11.738417752137666     
           9   8.9493016698789472       0.14399726752442696        9.0932989374033735     
          10   4.6900045066703271        8.5488415372483237E-002   4.7754929220428100     
          11   4.0698449500911771        4.0262116551653807E-002   4.1101070666428310     
          12   2.0507640483817080        3.0873099019685105E-002   2.0816371474013931     
          13   1.6027095885254883        4.5381842006485165E-002   1.6480914305319734     
          14  0.83199408472136005        1.5714474450635254E-002  0.84770855917199528     
          15   1.2284064126180334        2.1027309173889595E-002   1.2494337217919229     
          16   1.2700326133313251        5.0285458437944325E-003   1.2750611591751195     
          17  0.66361181663304536        6.0483382542238940E-003  0.66966015488726927     
          18  0.93983908199116706        7.7864722168106328E-003  0.94762555420797767     
          19  0.29053839272697318        2.5298942638235650E-003  0.29306828699079673     
          20  0.35205400654089730        0.0000000000000000       0.35205400654089730     
