 Curly R     I/F(total)  I/F(solar)   I/F(saturn)
 ---------------------------------------------------
  0.010    2.7815E-03    2.7556E-03    2.5966E-05
  0.020    5.5688E-03    5.5167E-03    5.2055E-05
  0.030    8.3619E-03    8.2836E-03    7.8270E-05
  0.040    1.1161E-02    1.1057E-02    1.0461E-04
  0.050    1.3967E-02    1.3836E-02    1.3109E-04
  0.060    1.6779E-02    1.6622E-02    1.5770E-04
  0.070    1.9599E-02    1.9414E-02    1.8445E-04
  0.080    2.2425E-02    2.2214E-02    2.1134E-04
  0.090    2.5259E-02    2.5021E-02    2.3838E-04
  0.100    2.8101E-02    2.7835E-02    2.6557E-04
  0.110    3.0950E-02    3.0657E-02    2.9291E-04
  0.120    3.3808E-02    3.3488E-02    3.2041E-04
  0.130    3.6675E-02    3.6327E-02    3.4807E-04
  0.140    3.9550E-02    3.9174E-02    3.7589E-04
  0.150    4.2434E-02    4.2031E-02    4.0388E-04
  0.160    4.5328E-02    4.4896E-02    4.3204E-04
  0.170    4.8232E-02    4.7772E-02    4.6038E-04
  0.180    5.1146E-02    5.0657E-02    4.8890E-04
  0.190    5.4070E-02    5.3553E-02    5.1761E-04
  0.200    5.7005E-02    5.6459E-02    5.4650E-04
  0.210    5.9951E-02    5.9376E-02    5.7559E-04
  0.220    6.2909E-02    6.2304E-02    6.0488E-04
  0.230    6.5878E-02    6.5244E-02    6.3438E-04
  0.240    6.8860E-02    6.8196E-02    6.6408E-04
  0.250    7.1854E-02    7.1160E-02    6.9400E-04
  0.260    7.4862E-02    7.4137E-02    7.2414E-04
  0.270    7.7882E-02    7.7128E-02    7.5451E-04
  0.280    8.0916E-02    8.0131E-02    7.8511E-04
  0.290    8.3965E-02    8.3149E-02    8.1594E-04
  0.300    8.7028E-02    8.6181E-02    8.4702E-04
  0.310    9.0106E-02    8.9228E-02    8.7835E-04
  0.320    9.3200E-02    9.2290E-02    9.0994E-04
  0.330    9.6310E-02    9.5368E-02    9.4178E-04
  0.340    9.9436E-02    9.8462E-02    9.7390E-04
  0.350    1.0258E-01    1.0157E-01    1.0063E-03
  0.360    1.0574E-01    1.0470E-01    1.0390E-03
  0.370    1.0892E-01    1.0785E-01    1.0720E-03
  0.380    1.1212E-01    1.1101E-01    1.1052E-03
  0.390    1.1533E-01    1.1419E-01    1.1388E-03
  0.400    1.1857E-01    1.1740E-01    1.1727E-03
  0.410    1.2182E-01    1.2062E-01    1.2069E-03
  0.420    1.2510E-01    1.2386E-01    1.2415E-03
  0.430    1.2840E-01    1.2712E-01    1.2764E-03
  0.440    1.3172E-01    1.3041E-01    1.3116E-03
  0.450    1.3507E-01    1.3372E-01    1.3473E-03
  0.460    1.3843E-01    1.3705E-01    1.3833E-03
  0.470    1.4183E-01    1.4041E-01    1.4196E-03
  0.480    1.4524E-01    1.4379E-01    1.4564E-03
  0.490    1.4869E-01    1.4719E-01    1.4936E-03
  0.500    1.5216E-01    1.5063E-01    1.5312E-03
  0.510    1.5565E-01    1.5408E-01    1.5692E-03
  0.520    1.5918E-01    1.5757E-01    1.6077E-03
  0.530    1.6273E-01    1.6109E-01    1.6466E-03
  0.540    1.6632E-01    1.6463E-01    1.6860E-03
  0.550    1.6994E-01    1.6821E-01    1.7259E-03
  0.560    1.7359E-01    1.7182E-01    1.7663E-03
  0.570    1.7727E-01    1.7546E-01    1.8072E-03
  0.580    1.8098E-01    1.7914E-01    1.8487E-03
  0.590    1.8474E-01    1.8285E-01    1.8907E-03
  0.600    1.8852E-01    1.8659E-01    1.9333E-03
  0.610    1.9235E-01    1.9037E-01    1.9764E-03
  0.620    1.9622E-01    1.9420E-01    2.0202E-03
  0.630    2.0012E-01    1.9806E-01    2.0646E-03
  0.640    2.0407E-01    2.0196E-01    2.1096E-03
  0.650    2.0806E-01    2.0591E-01    2.1554E-03
  0.660    2.1210E-01    2.0990E-01    2.2018E-03
  0.670    2.1618E-01    2.1393E-01    2.2489E-03
  0.680    2.2031E-01    2.1802E-01    2.2968E-03
  0.690    2.2450E-01    2.2215E-01    2.3454E-03
  0.700    2.2873E-01    2.2633E-01    2.3949E-03
  0.710    2.3302E-01    2.3057E-01    2.4452E-03
  0.720    2.3736E-01    2.3486E-01    2.4963E-03
  0.730    2.4176E-01    2.3921E-01    2.5483E-03
  0.740    2.4622E-01    2.4362E-01    2.6013E-03
  0.750    2.5074E-01    2.4809E-01    2.6552E-03
  0.760    2.5533E-01    2.5262E-01    2.7101E-03
  0.770    2.5998E-01    2.5722E-01    2.7660E-03
  0.780    2.6471E-01    2.6188E-01    2.8230E-03
  0.790    2.6950E-01    2.6662E-01    2.8812E-03
  0.800    2.7438E-01    2.7143E-01    2.9405E-03
  0.810    2.7933E-01    2.7633E-01    3.0010E-03
  0.820    2.8436E-01    2.8130E-01    3.0628E-03
  0.830    2.8948E-01    2.8635E-01    3.1259E-03
  0.840    2.9469E-01    2.9149E-01    3.1904E-03
  0.850    2.9999E-01    2.9673E-01    3.2564E-03
  0.860    3.0538E-01    3.0206E-01    3.3238E-03
  0.870    3.1088E-01    3.0749E-01    3.3929E-03
  0.880    3.1649E-01    3.1302E-01    3.4635E-03
  0.890    3.2220E-01    3.1867E-01    3.5359E-03
  0.900    3.2803E-01    3.2442E-01    3.6101E-03
  0.910    3.3398E-01    3.3030E-01    3.6862E-03
  0.920    3.4006E-01    3.3630E-01    3.7643E-03
  0.930    3.4628E-01    3.4243E-01    3.8445E-03
  0.940    3.5263E-01    3.4870E-01    3.9268E-03
  0.950    3.5912E-01    3.5511E-01    4.0115E-03
  0.960    3.6578E-01    3.6168E-01    4.0986E-03
  0.970    3.7259E-01    3.6840E-01    4.1883E-03
  0.980    3.7957E-01    3.7529E-01    4.2806E-03
  0.990    3.8673E-01    3.8235E-01    4.3758E-03
  1.000    3.9408E-01    3.8960E-01    4.4741E-03
