 Curly R     I/F(total)  I/F(solar)   I/F(saturn)
 ---------------------------------------------------
  0.010    2.8240E-03    2.7990E-03    2.5065E-05
  0.020    5.6536E-03    5.6033E-03    5.0252E-05
  0.030    8.4889E-03    8.4134E-03    7.5565E-05
  0.040    1.1330E-02    1.1229E-02    1.0101E-04
  0.050    1.4178E-02    1.4051E-02    1.2658E-04
  0.060    1.7032E-02    1.6880E-02    1.5230E-04
  0.070    1.9893E-02    1.9715E-02    1.7815E-04
  0.080    2.2761E-02    2.2557E-02    2.0414E-04
  0.090    2.5636E-02    2.5405E-02    2.3028E-04
  0.100    2.8518E-02    2.8262E-02    2.5657E-04
  0.110    3.1409E-02    3.1126E-02    2.8302E-04
  0.120    3.4307E-02    3.3998E-02    3.0963E-04
  0.130    3.7214E-02    3.6878E-02    3.3639E-04
  0.140    4.0129E-02    3.9766E-02    3.6333E-04
  0.150    4.3054E-02    4.2663E-02    3.9043E-04
  0.160    4.5987E-02    4.5570E-02    4.1771E-04
  0.170    4.8930E-02    4.8485E-02    4.4517E-04
  0.180    5.1883E-02    5.1411E-02    4.7282E-04
  0.190    5.4846E-02    5.4346E-02    5.0065E-04
  0.200    5.7820E-02    5.7291E-02    5.2868E-04
  0.210    6.0804E-02    6.0247E-02    5.5690E-04
  0.220    6.3800E-02    6.3214E-02    5.8533E-04
  0.230    6.6807E-02    6.6193E-02    6.1396E-04
  0.240    6.9825E-02    6.9183E-02    6.4282E-04
  0.250    7.2856E-02    7.2185E-02    6.7188E-04
  0.260    7.5900E-02    7.5199E-02    7.0118E-04
  0.270    7.8957E-02    7.8226E-02    7.3071E-04
  0.280    8.2026E-02    8.1266E-02    7.6047E-04
  0.290    8.5110E-02    8.4320E-02    7.9047E-04
  0.300    8.8208E-02    8.7387E-02    8.2073E-04
  0.310    9.1320E-02    9.0469E-02    8.5124E-04
  0.320    9.4448E-02    9.3566E-02    8.8201E-04
  0.330    9.7591E-02    9.6678E-02    9.1305E-04
  0.340    1.0075E-01    9.9805E-02    9.4437E-04
  0.350    1.0393E-01    1.0295E-01    9.7598E-04
  0.360    1.0712E-01    1.0611E-01    1.0079E-03
  0.370    1.1033E-01    1.0929E-01    1.0401E-03
  0.380    1.1355E-01    1.1248E-01    1.0726E-03
  0.390    1.1680E-01    1.1569E-01    1.1054E-03
  0.400    1.2007E-01    1.1893E-01    1.1385E-03
  0.410    1.2335E-01    1.2218E-01    1.1720E-03
  0.420    1.2665E-01    1.2545E-01    1.2058E-03
  0.430    1.2998E-01    1.2874E-01    1.2400E-03
  0.440    1.3333E-01    1.3205E-01    1.2745E-03
  0.450    1.3669E-01    1.3539E-01    1.3094E-03
  0.460    1.4009E-01    1.3874E-01    1.3447E-03
  0.470    1.4350E-01    1.4212E-01    1.3804E-03
  0.480    1.4694E-01    1.4552E-01    1.4165E-03
  0.490    1.5040E-01    1.4895E-01    1.4530E-03
  0.500    1.5389E-01    1.5240E-01    1.4900E-03
  0.510    1.5741E-01    1.5588E-01    1.5274E-03
  0.520    1.6095E-01    1.5938E-01    1.5652E-03
  0.530    1.6452E-01    1.6291E-01    1.6035E-03
  0.540    1.6812E-01    1.6647E-01    1.6423E-03
  0.550    1.7174E-01    1.7006E-01    1.6816E-03
  0.560    1.7540E-01    1.7368E-01    1.7214E-03
  0.570    1.7909E-01    1.7733E-01    1.7618E-03
  0.580    1.8282E-01    1.8101E-01    1.8027E-03
  0.590    1.8657E-01    1.8473E-01    1.8442E-03
  0.600    1.9036E-01    1.8848E-01    1.8862E-03
  0.610    1.9419E-01    1.9226E-01    1.9289E-03
  0.620    1.9805E-01    1.9608E-01    1.9722E-03
  0.630    2.0196E-01    1.9994E-01    2.0162E-03
  0.640    2.0590E-01    2.0384E-01    2.0608E-03
  0.650    2.0988E-01    2.0777E-01    2.1061E-03
  0.660    2.1390E-01    2.1175E-01    2.1521E-03
  0.670    2.1797E-01    2.1577E-01    2.1989E-03
  0.680    2.2208E-01    2.1984E-01    2.2465E-03
  0.690    2.2624E-01    2.2395E-01    2.2948E-03
  0.700    2.3045E-01    2.2811E-01    2.3440E-03
  0.710    2.3471E-01    2.3231E-01    2.3940E-03
  0.720    2.3902E-01    2.3657E-01    2.4450E-03
  0.730    2.4338E-01    2.4088E-01    2.4968E-03
  0.740    2.4780E-01    2.4525E-01    2.5497E-03
  0.750    2.5228E-01    2.4967E-01    2.6035E-03
  0.760    2.5681E-01    2.5415E-01    2.6584E-03
  0.770    2.6141E-01    2.5870E-01    2.7143E-03
  0.780    2.6608E-01    2.6330E-01    2.7714E-03
  0.790    2.7081E-01    2.6798E-01    2.8297E-03
  0.800    2.7561E-01    2.7272E-01    2.8892E-03
  0.810    2.8048E-01    2.7753E-01    2.9500E-03
  0.820    2.8543E-01    2.8242E-01    3.0121E-03
  0.830    2.9046E-01    2.8739E-01    3.0756E-03
  0.840    2.9557E-01    2.9243E-01    3.1406E-03
  0.850    3.0077E-01    2.9756E-01    3.2071E-03
  0.860    3.0606E-01    3.0278E-01    3.2752E-03
  0.870    3.1144E-01    3.0810E-01    3.3450E-03
  0.880    3.1692E-01    3.1351E-01    3.4166E-03
  0.890    3.2251E-01    3.1902E-01    3.4900E-03
  0.900    3.2820E-01    3.2463E-01    3.5653E-03
  0.910    3.3400E-01    3.3036E-01    3.6427E-03
  0.920    3.3992E-01    3.3620E-01    3.7222E-03
  0.930    3.4597E-01    3.4217E-01    3.8040E-03
  0.940    3.5215E-01    3.4826E-01    3.8882E-03
  0.950    3.5846E-01    3.5449E-01    3.9749E-03
  0.960    3.6492E-01    3.6086E-01    4.0642E-03
  0.970    3.7153E-01    3.6738E-01    4.1563E-03
  0.980    3.7830E-01    3.7405E-01    4.2514E-03
  0.990    3.8525E-01    3.8090E-01    4.3497E-03
  1.000    3.9237E-01    3.8792E-01    4.4513E-03
