   1.0000000000000000        0.0000000000000000       0.46600291028248553       0.72780229808163477            10000
 i   solar flux    satshine flux      total flux
 -----------------------------------------------
           1   1310.2617740920691        12.067108432159571        1322.3288825242287     
           2   124.09081915119448        2.8491011114723608        126.93992026266685     
           3   180.71266143236835        2.4514104403696804        183.16407187273802     
           4   70.023363353306564        1.1952018464133227        71.218565199719890     
           5   51.515300766609869       0.88567578440901451        52.400976551018886     
           6   32.464747213353128       0.48483553477908925        32.949582748132215     
           7   22.111084758275993       0.36844849214734660        22.479533250423341     
           8   11.671525779900929       0.20616901131701876        11.877694791217948     
           9   7.8814613929872541       0.12349844020521517        8.0049598331924692     
          10   4.9766218195243770        7.4913704399374934E-002   5.0515355239237518     
          11   4.3837822016264774        7.6495345517103783E-002   4.4602775471435807     
          12   2.5223891257927904        5.1858548742037443E-002   2.5742476745348277     
          13   2.8472030379886220        2.1053015487895631E-002   2.8682560534765176     
          14  0.61950338765220259        1.5564404893275971E-002  0.63506779254547852     
          15   1.7518944398875362        1.4164956728005038E-002   1.7660593966155413     
          16  0.86048871286225603        1.0779465442625935E-003  0.86156665940651866     
          17  0.15015366945533631        5.3944586189472290E-003  0.15554812807428353     
          18  0.56786374130118999        9.8100627834095747E-003  0.57767380408459956     
          19  0.37177996991335249        2.3470297036453447E-003  0.37412699961699786     
          20   2.7445017044789737E-002   5.2658741781321837E-003   3.2710891222921923E-002
