   1.0000000000000000        0.0000000000000000       0.46600291028248553       0.72780229808163477            10000
 i   solar flux    satshine flux      total flux
 -----------------------------------------------
           1   1381.7380095604324        12.478129629690139        1394.2161391901225     
           2   122.61526028432206        2.8617562544950439        125.47701653881711     
           3   165.37605801481607        2.3140265087932406        167.69008452360930     
           4   69.628377927468478        1.1144096057719579        70.742787533240431     
           5   61.098409684845507       0.84063555151935510        61.939045236364862     
           6   32.643758437973361       0.54448325095799277        33.188241688931356     
           7   17.759618660202928       0.30925308877321145        18.068871748976139     
           8   13.256814159998555       0.19664349445607862        13.453457654454633     
           9   11.143090514373878       0.14750837425617508        11.290598888630052     
          10   6.3242290852041876        8.4079110413065372E-002   6.4083081956172530     
          11   4.9808512046415139        6.8898855689637065E-002   5.0497500603311511     
          12   2.6173629170757260        4.3942110581614575E-002   2.6613050276573404     
          13   2.8220958553122495        3.5749833878571516E-002   2.8578456891908210     
          14   1.6503422354132271        3.4413120085337832E-002   1.6847553554985650     
          15  0.69584755887688887        2.3963143613008286E-002  0.71981070248989720     
          16  0.36995874835627890        1.2712320728163149E-002  0.38267106908444204     
          17  0.66455297357370346        7.8502165696650236E-003  0.67240319014336847     
          18  0.12462316218371194        6.3918307992283079E-003  0.13101499298294025     
          19   0.0000000000000000        3.2148657843610417E-003   3.2148657843610417E-003
          20   0.0000000000000000        0.0000000000000000        0.0000000000000000     
