   1.0000000000000000        0.0000000000000000       0.46600291028248553       0.72780229808163477            10000
 i   solar flux    satshine flux      total flux
 -----------------------------------------------
           1   1300.4707844361881        11.984692207677496        1312.4554766438655     
           2   122.10322535133945        2.9898634640487507        125.09308881538820     
           3   184.04911722258987        2.3569995332403311        186.40611675583020     
           4   80.124438814836225        1.3564663976361939        81.480905212472422     
           5   56.169322776200822       0.81651412625106790        56.985836902451886     
           6   35.322886912579932       0.48047118274690481        35.803358095326836     
           7   25.991955704030076       0.39642913120070039        26.388384835230777     
           8   14.474307561316028       0.21280719063395465        14.687114751949983     
           9   10.400237727203871       0.12491703086514686        10.525154758069018     
          10   8.1275622386263766       0.11707233678270942        8.2446345754090853     
          11   5.7020831779289516        4.1823929150123194E-002   5.7439071070790746     
          12   2.5589201240544792        3.9474138033332030E-002   2.5983942620878113     
          13   1.7197119673453245        2.6154604059520067E-002   1.7458665714048445     
          14   1.6751082635775361        1.5780334049311652E-002   1.6908885976268477     
          15   2.3396790122061715        1.4066061702351602E-002   2.3537450739085233     
          16   1.0498130361311853        0.0000000000000000        1.0498130361311853     
          17   1.1155419756032330        7.8217430135748816E-003   1.1233637186168079     
          18  0.20828998832401496        0.0000000000000000       0.20828998832401496     
          19  0.46936026479571480        0.0000000000000000       0.46936026479571480     
          20  0.23386811646712974        0.0000000000000000       0.23386811646712974     
