   1.0000000000000000        0.0000000000000000       0.46600291028248553       0.72780229808163477            10000
 i   solar flux    satshine flux      total flux
 -----------------------------------------------
           1   1323.8844136754847        11.950835711896756        1335.8352493873815     
           2   123.83326242192612        2.9289788918485531        126.76224131377468     
           3   168.61922279185211        2.0737071119800925        170.69292990383221     
           4   62.091741618626784        1.1488074577655201        63.240549076392305     
           5   53.227491186291104       0.85283585337336631        54.080327039664468     
           6   30.481075452487872       0.58704561898392671        31.068121071471797     
           7   20.687318765729209       0.31054887896194194        20.997867644691151     
           8   11.342339849218289       0.20117607438417698        11.543515923602467     
           9   7.3393747724551712       0.15235053108614952        7.4917253035413207     
          10   4.9609429437199104       0.11008113101379385        5.0710240747337041     
          11   2.7382271162126797        8.8270694756928697E-002   2.8264978109696082     
          12   2.6904655584556654        4.1928390985067239E-002   2.7323939494407328     
          13   2.6304235441581252        3.7725307624401634E-002   2.6681488517825267     
          14   1.4662732785912365        2.7460008788861314E-002   1.4937332873800977     
          15   1.5843987928803098        2.2914621845981194E-002   1.6073134147262911     
          16   6.7020397842596252E-002   1.1994998877478954E-002   7.9015396720075209E-002
          17  0.35020355670570524        1.3894162583128426E-002  0.36409771928883367     
          18  0.12682519405010340        7.7282763455563440E-003  0.13455347039565974     
          19  0.40537419494425825        4.2567598030127671E-003  0.40963095474727101     
          20  0.49526162435790655        1.1675353870611031E-003  0.49642915974496765     
