   1.0000000000000000        0.0000000000000000       0.46600291028248553       0.72780229808163477            10000
 i   solar flux    satshine flux      total flux
 -----------------------------------------------
           1   1324.0132459791585        11.851756638020509        1335.8650026171790     
           2   122.07276272596459        2.8894302888985663        124.96219301486316     
           3   167.60218933111233        2.1801442324731108        169.78233356358544     
           4   65.675348315950785        1.2505671829195124        66.925915498870296     
           5   55.124972754938184       0.82793242853915128        55.952905183477334     
           6   33.580298121488312       0.54222027011443785        34.122518391602753     
           7   19.053435548990507       0.30451582712650554        19.357951376117011     
           8   16.340092324768399       0.27404296929686378        16.614135294065264     
           9   8.4833824482523870       0.10232149359099671        8.5857039418433843     
          10   6.3760876841188407       0.14004945498284105        6.5161371391016818     
          11   3.4596877114058815        6.8741168597960714E-002   3.5284288800038421     
          12   2.6742893057491681        4.4036989553675611E-002   2.7183262953028438     
          13   3.0590551981484251        4.1588367461720691E-002   3.1006435656101456     
          14   1.7011299223492218        2.5356800228082791E-002   1.7264867225773046     
          15   1.4975176513419459        2.5549043921666233E-002   1.5230666952636120     
          16  0.44606753580772268        7.3483716845492535E-003  0.45341590749227195     
          17  0.82903102211375024        7.8069143395423342E-003  0.83683793645329252     
          18  0.50994196403470038        3.5903792820841749E-003  0.51353234331678455     
          19   0.0000000000000000        1.1201303048972808E-002   1.1201303048972808E-002
          20  0.19998153585770245        0.0000000000000000       0.19998153585770245     
