   1.0000000000000000        0.0000000000000000       0.46600291028248553       0.72780229808163477            10000
 i   solar flux    satshine flux      total flux
 -----------------------------------------------
           1   1300.3108766399148        11.933167022350061        1312.2440436622649     
           2   119.70178982630642        2.9898584978907343        122.69164832419716     
           3   179.15097913140005        2.2667882337174858        181.41776736511753     
           4   68.061613094451346        1.1665636495329421        69.228176743984292     
           5   59.989904174314447       0.84492904202939068        60.834833216343839     
           6   29.370971171658205       0.51690575143624196        29.887876923094446     
           7   26.264681295419194       0.37832930240420376        26.643010597823398     
           8   14.360658443775144       0.21889705192256423        14.579555495697708     
           9   9.0150866777304071       0.16981943557662665        9.1849061133070329     
          10   5.7592344754218043       0.11494953226779792        5.8741840076896024     
          11   4.3070100100727355        7.3066335725720258E-002   4.3800763457984555     
          12   2.0500056821963071        5.4489849071117445E-002   2.1044955312674247     
          13   3.4792782068852612        4.3135238061531585E-002   3.5224134449467930     
          14   1.6182980231743658        2.6211829762743416E-002   1.6445098529371092     
          15   1.2880895339112510        1.8970076921035934E-002   1.3070596108322869     
          16   1.2119540002333535        1.6503572310907707E-002   1.2284575725442612     
          17  0.99976851402761746        1.7948935010538174E-002   1.0177174490381555     
          18  0.97860791409675096        6.4294093424821412E-003  0.98503732343923311     
          19  0.44797532151469127        5.0895800761042945E-003  0.45306490159079554     
          20   0.0000000000000000        5.2403029320197787E-003   5.2403029320197787E-003
