   1.0000000000000000        0.0000000000000000       0.46600291028248553       0.72780229808163477            10000
 i   solar flux    satshine flux      total flux
 -----------------------------------------------
           1   1312.5944835001637        12.712741512025842        1325.3072250121895     
           2   115.22067750585317        2.7754777701010460        117.99615527595422     
           3   176.37531089876697        2.3319521494400286        178.70726304820701     
           4   66.883233416380421        1.2804762620119781        68.163709678392394     
           5   58.139827033272077       0.78242152120782182        58.922248554479900     
           6   32.075497510512065       0.56851622673573821        32.644013737247803     
           7   25.183362111473553       0.36782896017139471        25.551191071644947     
           8   12.854336548238624       0.24665375158438033        13.100990299823005     
           9   9.8033733441769968       0.15028247624010652        9.9536558204171026     
          10   5.9741406443306442       0.11944967800057134        6.0935903223312158     
          11   2.9323282501376742        8.2523454287100395E-002   3.0148517044247747     
          12   3.9795991999272697        5.1779090366508636E-002   4.0313782902937785     
          13   1.2864276290678276        3.6260588917272331E-002   1.3226882179850998     
          14   1.2303596582013303        1.3706115519928863E-002   1.2440657737212593     
          15   2.1874265042595740E-002   2.6749303931500983E-002   4.8623568974096726E-002
          16  0.43136934153104833        6.1272028110168119E-003  0.43749654434206514     
          17  0.41442459882940852        3.2524748586808647E-003  0.41767707368808937     
          18  0.38561090919407881        8.5408142532786182E-004  0.38646499061940665     
          19  0.42318704247818073        3.0818907259466005E-003  0.42626893320412734     
          20  0.23427546798264648        4.2376230631830411E-004  0.23469923028896478     
