   1.0000000000000000        0.0000000000000000       0.46600291028248553       0.72780229808163477            10000
 i   solar flux    satshine flux      total flux
 -----------------------------------------------
           1   1288.7962999606996        11.889994394586033        1300.6862943552856     
           2   126.24447519314820        2.9655702519271459        129.21004544507534     
           3   175.18169055529830        2.3972883617801122        177.57897891707842     
           4   79.378639543107838        1.3354718503213696        80.714111393429206     
           5   57.626276752564600       0.88734391916345035        58.513620671728049     
           6   35.354356954837172       0.53276471955027305        35.887121674387444     
           7   24.953592129457398       0.39798120350684385        25.351573332964243     
           8   13.579493220343629       0.26927722055210895        13.848770440895738     
           9   12.234336632704089       0.17865778949603120        12.412994422200120     
          10   4.8662514320106247       0.12527816605092940        4.9915295980615539     
          11   4.4080172733358420        6.6065728277158009E-002   4.4740830016129998     
          12   3.3163531273893865        6.6571741770001511E-002   3.3829248691593881     
          13   1.1701907301791123        5.5179649161964411E-002   1.2253703793410768     
          14   1.7733703269833838        1.1940726638753672E-002   1.7853110536221375     
          15   1.6273964656713544        1.9818881317873276E-002   1.6472153469892277     
          16   1.1609652523021754        2.3227795573802857E-003   1.1632880318595558     
          17  0.50563145985234692        1.0536580353977488E-002  0.51616804020632445     
          18   1.3470399257304961        4.6472763670100184E-003   1.3516872020975061     
          19  0.16069267388296593        4.3387833886800875E-004  0.16112655222183395     
          20  0.19105143624213258        3.4441710769633040E-003  0.19449560731909588     
