   1.0000000000000000        0.0000000000000000       0.46600291028248553       0.72780229808163477            10000
 i   solar flux    satshine flux      total flux
 -----------------------------------------------
           1   1292.1331457336605        11.760243051562659        1303.8933887852231     
           2   117.23961068044810        3.0708349577061589        120.31044563815425     
           3   173.48600061029373        2.2732885458078709        175.75928915610160     
           4   72.880010829937220        1.2287790205310383        74.108789850468256     
           5   54.676051058767506       0.85626122791424109        55.532312286681744     
           6   29.210414120311825       0.50699019966580949        29.717404319977636     
           7   19.941762479997962       0.35922327458161796        20.300985754579578     
           8   13.962154734004997       0.26314705568264224        14.225301789687640     
           9   6.3223774775660218       0.17114822603317822        6.4935257035992002     
          10   5.8292039594624079       0.12586451863073220        5.9550684780931400     
          11   3.8241553834675597        9.0015964998621412E-002   3.9141713484661809     
          12   2.6320431319918827        5.4862940948291750E-002   2.6869060729401744     
          13   2.3319516078436280        4.2995991991927301E-002   2.3749475998355551     
          14   1.0581681787540564        2.5458769761995431E-002   1.0836269485160519     
          15  0.67857855088168284        2.1494600906228022E-002  0.70007315178791085     
          16  0.39388811929958262        2.0328335445741856E-002  0.41421645474532448     
          17   0.0000000000000000        1.5976613738054313E-002   1.5976613738054313E-002
          18  0.28725762982364039        1.2726195368940613E-002  0.29998382519258099     
          19  0.12428932466322588        6.4217897040141142E-003  0.13071111436724001     
          20   0.0000000000000000        4.3733935643042315E-003   4.3733935643042315E-003
