   1.0000000000000000        0.0000000000000000       0.46600291028248553       0.72780229808163477            10000
 i   solar flux    satshine flux      total flux
 -----------------------------------------------
           1   1336.7213511016462        12.480855553453685        1349.2022066550999     
           2   125.31046198897842        2.9059774076895710        128.21643939666799     
           3   159.81123477758979        2.4056909751456796        162.21692575273548     
           4   68.939542498366265        1.2817685479956369        70.221311046361905     
           5   51.793458865525416       0.87845230490441795        52.671911170429837     
           6   32.414707615194565       0.53098703156086036        32.945694646755427     
           7   18.821473526263659       0.34250784097696285        19.163981367240623     
           8   16.137729061970695       0.22730381408056452        16.365032876051259     
           9   8.6801962623809246       0.14661220063820377        8.8268084630191286     
          10   4.7672706359507870       0.12161162395504943        4.8888822599058361     
          11   4.6461179760179014        4.5178792636078872E-002   4.6912967686539799     
          12   2.9464553420296626        6.7411841656146401E-002   3.0138671836858091     
          13   2.5751891449554183        2.7521432008713431E-002   2.6027105769641317     
          14  0.47339556457893017        1.7368829503741391E-002  0.49076439408267158     
          15   1.1930220887396146        1.0709325634163294E-002   1.2037314143737778     
          16   4.9454472733985955E-002   1.0830015734154383E-002   6.0284488468140336E-002
          17  0.14261556681686358        7.5166502410708123E-003  0.15013221705793439     
          18  0.23923251632641443        8.9104721608773679E-003  0.24814298848729180     
          19   7.4776226465149934E-002   0.0000000000000000        7.4776226465149934E-002
          20  0.31258312911445113        2.5158214945560056E-003  0.31509895060900711     
