   1.0000000000000000        0.0000000000000000       0.46600291028248553       0.72780229808163477            10000
 i   solar flux    satshine flux      total flux
 -----------------------------------------------
           1   1293.3181876537271        12.067403130030385        1305.3855907837576     
           2   111.08918121357446        3.0174272537972064        114.10660846737167     
           3   161.80353513384071        2.2942970069714090        164.09783214081213     
           4   71.114195432737588        1.2375514691294758        72.351746901867060     
           5   49.593643897254708       0.90116974310176789        50.494813640356476     
           6   36.134255416179649       0.54197520260928289        36.676230618788928     
           7   22.474745775226143       0.39814801007922102        22.872893785305365     
           8   15.951967666760886       0.28396129553163107        16.235928962292519     
           9   10.325993051387535       0.16254382395582281        10.488536875343357     
          10   6.1219886032332411       0.11866715415209683        6.2406557573853378     
          11   4.1089440835451372       0.11735122718221258        4.2262953107273500     
          12   4.0995961327686929        6.9338282949752181E-002   4.1689344157184447     
          13   1.7004616973586424        3.7799808184882815E-002   1.7382615055435251     
          14   1.0242778083039510        3.1045700965405838E-002   1.0553235092693569     
          15   6.3574593553440834E-002   2.3814243076153332E-002   8.7388836629594166E-002
          16  0.95798026122484392        3.7187500810429213E-003  0.96169901130588686     
          17   1.1921819151767994        8.2218260600017343E-003   1.2004037412368012     
          18  0.92065384517830384        5.0871022421610226E-003  0.92574094742046487     
          19  0.69506189056825418        3.4802883857059002E-003  0.69854217895396009     
          20   8.7690662886048515E-002   0.0000000000000000        8.7690662886048515E-002
