   1.0000000000000000        0.0000000000000000       0.46600291028248553       0.72780229808163477            10000
 i   solar flux    satshine flux      total flux
 -----------------------------------------------
           1   1372.1607310813140        12.525071104662342        1384.6858021859764     
           2   117.42506687919084        2.8714143291414844        120.29648120833232     
           3   173.70473655283206        2.3646332318335928        176.06936978466564     
           4   78.573200583595010        1.0154743217136548        79.588674905308665     
           5   54.398947131025466       0.78334198224973328        55.182289113275196     
           6   35.078664996661090       0.55071543820884750        35.629380434869937     
           7   19.943284981807647       0.26531426388042589        20.208599245688074     
           8   14.455010417243930       0.23322797438955403        14.688238391633483     
           9   9.7707275317151492       0.15185154492785016        9.9225790766430002     
          10   6.4875654992318879        8.0643915922449974E-002   6.5682094151543380     
          11   3.3168600047394525        6.0035079367181061E-002   3.3768950841066334     
          12   1.5400701049074601        3.7007409526945319E-002   1.5770775144344054     
          13   1.5377408630708502        2.8774354922318501E-002   1.5665152179931687     
          14  0.63480937027033679        1.8121262026124213E-002  0.65293063229646098     
          15   1.2114665010588221        2.1149031365350079E-002   1.2326155324241723     
          16  0.84693963822226603        1.4286872233572029E-002  0.86122651045583809     
          17  0.48646626471171628        9.0653554342297500E-003  0.49553162014594604     
          18   0.0000000000000000        4.9887510857293243E-003   4.9887510857293243E-003
          19   0.0000000000000000        6.8334601459272793E-003   6.8334601459272793E-003
          20   0.0000000000000000        0.0000000000000000        0.0000000000000000     
