   1.0000000000000000        0.0000000000000000       0.46600291028248553       0.72780229808163477            10000
 i   solar flux    satshine flux      total flux
 -----------------------------------------------
           1   1340.1739387646903        12.137770427079907        1352.3117091917702     
           2   126.11170265995668        2.8710270184575690        128.98272967841424     
           3   179.79023904315198        2.3878483007113087        182.17808734386330     
           4   74.848643440747821        1.2194532034061245        76.068096644153940     
           5   57.951195871312670       0.89061241367534150        58.841808284988012     
           6   33.330883976716393       0.58589407272323812        33.916778049439628     
           7   25.637399871676038       0.29556498093558264        25.932964852611622     
           8   17.080519582429776       0.20809177053979894        17.288611352969575     
           9   9.4374530435333988       0.14415627239455361        9.5816093159279525     
          10   5.1097375794706679        9.5074647872596091E-002   5.2048122273432638     
          11   3.9022364428473391        8.9851091727987109E-002   3.9920875345753259     
          12   3.2356068695360691        3.6859444832320579E-002   3.2724663143683896     
          13   2.0654989573966938        2.5758257080780708E-002   2.0912572144774746     
          14   1.4699324150190081        1.3880564261400304E-002   1.4838129792804085     
          15   1.5623564822062119        7.9527061820356057E-003   1.5703091883882476     
          16  0.77420494002318840        3.2566980997170277E-003  0.77746163812290547     
          17   1.4272915604471013        9.8325875335618269E-003   1.4371241479806631     
          18   3.9882501842509022E-002   0.0000000000000000        3.9882501842509022E-002
          19  0.38181354084718577        5.2344264729623433E-003  0.38704796732014812     
          20  0.75759532930282980        0.0000000000000000       0.75759532930282980     
