   1.0000000000000000        0.0000000000000000       0.46600291028248553       0.72780229808163477            10000
 i   solar flux    satshine flux      total flux
 -----------------------------------------------
           1   1312.0661432104657        12.033403612501216        1324.0995468229669     
           2   122.40568284452351        2.9349739220983611        125.34065676662188     
           3   182.43253350640785        2.3239276348364171        184.75646114124427     
           4   75.735597567889698        1.3532627329863669        77.088860300876064     
           5   58.861422396493410       0.94113435642883392        59.802556752922243     
           6   33.876664462192394       0.53441696750507639        34.411081429697468     
           7   24.363457771503423       0.35114157306093907        24.714599344564363     
           8   17.389566841175466       0.22958374957489763        17.619150590750362     
           9   10.525115462519912       0.14811466683410068        10.673230129354012     
          10   9.5038000500845001       0.10952334657145803        9.6133233966559590     
          11   6.8007003261745425        7.8398574675606306E-002   6.8790989008501491     
          12   1.9946036969440260        5.5927136701709970E-002   2.0505308336457357     
          13  0.62889832101263965        2.5979084555235142E-002  0.65487740556787477     
          14  0.76503973428876104        9.6317551489979031E-003  0.77467148943775899     
          15  0.53785639191778833        1.4074985180297383E-002  0.55193137709808571     
          16  0.78034795088789655        8.2477936556317206E-003  0.78859574454352832     
          17   0.0000000000000000        1.2510392880231788E-004   1.2510392880231788E-004
          18  0.24759659535997697        5.6376692855687740E-003  0.25323426464554571     
          19   0.0000000000000000        4.1136690361781225E-003   4.1136690361781225E-003
          20  0.29685189280299762        0.0000000000000000       0.29685189280299762     
