   1.0000000000000000        0.0000000000000000       0.46600291028248553       0.72780229808163477            10000
 i   solar flux    satshine flux      total flux
 -----------------------------------------------
           1   1341.4468846458872        12.554488094532065        1354.0013727404191     
           2   131.04596444707138        2.8642074006309657        133.91017184770234     
           3   190.97530719665014        2.5187419579851467        193.49404915463529     
           4   75.672044009244360        1.3443664554754482        77.016410464719812     
           5   60.172857011813747        1.0095076042424949        61.182364616056240     
           6   32.914571052683094       0.50634551495444824        33.420916567637541     
           7   25.389547373716109       0.35794144995131694        25.747488823667425     
           8   11.253937784539531       0.21544078219271506        11.469378566732246     
           9   13.747701782025180       0.14621775538278997        13.893919537407969     
          10   4.6787294006924283        9.1375871525143801E-002   4.7701052722175721     
          11   5.1847612034523234        4.6997992409251621E-002   5.2317591958615752     
          12   2.7306378338537090        3.8808675527791062E-002   2.7694465093814999     
          13   2.1585273174294821        2.6521926906452439E-002   2.1850492443359344     
          14   1.1747864838344990        1.4459226943419118E-002   1.1892457107779182     
          15  0.89170611859103788        2.4890041814627072E-002  0.91659616040566494     
          16   1.5121835846641500        1.0787016183415304E-002   1.5229706008475654     
          17   1.1774082403373975        1.4936531952728123E-002   1.1923447722901257     
          18  0.31436553135369877        5.1365777227861968E-004  0.31487918912597740     
          19  0.17474330284388820        2.5577788908479971E-003  0.17730108173473619     
          20   9.4194211063071229E-002   8.5662822538666201E-005   9.4279873885609891E-002
