   1.0000000000000000        0.0000000000000000       0.46600291028248553       0.72780229808163477            10000
 i   solar flux    satshine flux      total flux
 -----------------------------------------------
           1   1348.9942846797637        12.108174156474552        1361.1024588362384     
           2   124.74338950159770        3.0388359082120258        127.78222540980973     
           3   175.87511132979660        2.3706063170004263        178.24571764679703     
           4   74.844491268203768        1.3047228053710569        76.149214073574825     
           5   54.709701950862517       0.77941813501032409        55.489120085872841     
           6   31.939377721866506       0.57140378639281575        32.510781508259321     
           7   21.538770562498989       0.31308175135124727        21.851852313850237     
           8   17.609281430932413       0.21115474450351193        17.820436175435926     
           9   10.389100992711892       0.14430111143075688        10.533402104142649     
          10   7.0873969699140336       0.11586756364729051        7.2032645335613239     
          11   6.0579937372437520        7.0647399944373190E-002   6.1286411371881249     
          12   3.5731369105746538        5.2056248448376731E-002   3.6251931590230306     
          13   1.3580931383522301        3.6923568336037181E-002   1.3950167066882673     
          14   2.4411315609182993        2.5343107652276230E-002   2.4664746685705756     
          15   1.1021693130761681        1.4448188986459163E-002   1.1166175020626272     
          16   1.0945925910036762        2.0614952307098287E-002   1.1152075433107744     
          17  0.49661337214960499        6.8473391101237513E-003  0.50346071125972869     
          18  0.36196127328647476        2.9809761275489100E-003  0.36494224941402365     
          19  0.68420117955260673        1.8751871394860644E-004  0.68438869826655535     
          20   7.7168289146459873E-002   3.1150922614060399E-003   8.0283381407865909E-002
