   1.0000000000000000        0.0000000000000000       0.46600291028248553       0.72780229808163477            10000
 i   solar flux    satshine flux      total flux
 -----------------------------------------------
           1   1313.1389872616633        12.091505768571343        1325.2304930302346     
           2   124.51638341145380        3.0204923966278687        127.53687580808167     
           3   175.40017727192225        2.4071435714639393        177.80732084338618     
           4   70.727628596174611        1.3378906280482081        72.065519224222825     
           5   53.513752843805612       0.86297564254090453        54.376728486346515     
           6   30.315733334457438       0.55146830711851391        30.867201641575953     
           7   22.706426009998566       0.45302232575532725        23.159448335753893     
           8   14.658484370165294       0.22956270975775173        14.888047079923044     
           9   6.7414619491534129       0.16557974431835271        6.9070416934717658     
          10   5.8078676479120839        8.7394757544187476E-002   5.8952624054562710     
          11   3.7533215237493467        8.3433589898348787E-002   3.8367551136476954     
          12   1.8541687095870985        4.0917916092809460E-002   1.8950866256799079     
          13   2.2137594761868975        1.5246612331570059E-002   2.2290060885184677     
          14  0.70200165972541817        2.1761606477296670E-002  0.72376326620271481     
          15   1.2846474948749831        6.8247665191454995E-003   1.2914722613941285     
          16  0.48667755927057588        3.4367166612396111E-003  0.49011427593181550     
          17  0.62879759073696306        6.1094698151263555E-003  0.63490706055208945     
          18  0.13567510943009237        0.0000000000000000       0.13567510943009237     
          19  0.14629626029291656        4.4437380870076286E-003  0.15073999837992419     
          20   0.0000000000000000        7.3008309083028838E-003   7.3008309083028838E-003
