   1.0000000000000000        0.0000000000000000       0.46600291028248553       0.72780229808163477            10000
 i   solar flux    satshine flux      total flux
 -----------------------------------------------
           1   1335.0263904013111        12.321852179486967        1347.3482425807981     
           2   122.70320031636784        3.1129264563225987        125.81612677269044     
           3   165.29652587054110        2.2142714746384562        167.51079734517955     
           4   68.802964145951449        1.2744290632670421        70.077393209218485     
           5   49.895307792864095       0.80711806820319876        50.702425861067297     
           6   25.256389669146138       0.53070739846173443        25.787097067607874     
           7   27.100726840717002       0.31317011619677959        27.413896956913781     
           8   11.462589395668033       0.21060564519396080        11.673195040861994     
           9   11.860794917569391       0.13204155770679463        11.992836475276187     
          10   6.8841012752478656        9.3820626440547034E-002   6.9779219016884131     
          11   3.5996529038981189       0.10114310802431623        3.7007960119224350     
          12   2.6782065987350059        5.8641306852897139E-002   2.7368479055879029     
          13   1.6993326921619274        3.5926300416798403E-002   1.7352589925787258     
          14   2.0151750569966067        5.3823115387170620E-002   2.0689981723837771     
          15  0.91045542204138930        1.5284666783740587E-002  0.92574008882512993     
          16  0.56258144538391641        1.5751823557167269E-002  0.57833326894108372     
          17   1.5611615239938690        7.3892867315729664E-003   1.5685508107254420     
          18   1.0920832288617428        8.6989355709672835E-003   1.1007821644327100     
          19  0.46409718680880596        5.8749760275393836E-003  0.46997216283634535     
          20   9.5219944232338524E-002   9.0441369669567086E-003  0.10426408119929523     
