 Curly R     I/F(total)  I/F(solar)   I/F(saturn)
 ---------------------------------------------------
  0.010    2.8617E-03    2.8355E-03    2.6213E-05
  0.020    5.7289E-03    5.6764E-03    5.2560E-05
  0.030    8.6020E-03    8.5229E-03    7.9046E-05
  0.040    1.1481E-02    1.1375E-02    1.0567E-04
  0.050    1.4366E-02    1.4234E-02    1.3244E-04
  0.060    1.7258E-02    1.7099E-02    1.5936E-04
  0.070    2.0156E-02    1.9970E-02    1.8643E-04
  0.080    2.3062E-02    2.2848E-02    2.1365E-04
  0.090    2.5974E-02    2.5733E-02    2.4103E-04
  0.100    2.8894E-02    2.8625E-02    2.6857E-04
  0.110    3.1822E-02    3.1525E-02    2.9627E-04
  0.120    3.4757E-02    3.4433E-02    3.2414E-04
  0.130    3.7701E-02    3.7349E-02    3.5218E-04
  0.140    4.0653E-02    4.0273E-02    3.8040E-04
  0.150    4.3614E-02    4.3205E-02    4.0879E-04
  0.160    4.6584E-02    4.6146E-02    4.3737E-04
  0.170    4.9563E-02    4.9097E-02    4.6614E-04
  0.180    5.2552E-02    5.2057E-02    4.9509E-04
  0.190    5.5551E-02    5.5026E-02    5.2425E-04
  0.200    5.8560E-02    5.8006E-02    5.5360E-04
  0.210    6.1579E-02    6.0996E-02    5.8316E-04
  0.220    6.4610E-02    6.3997E-02    6.1293E-04
  0.230    6.7651E-02    6.7008E-02    6.4291E-04
  0.240    7.0704E-02    7.0031E-02    6.7311E-04
  0.250    7.3769E-02    7.3065E-02    7.0354E-04
  0.260    7.6846E-02    7.6112E-02    7.3419E-04
  0.270    7.9936E-02    7.9171E-02    7.6508E-04
  0.280    8.3039E-02    8.2242E-02    7.9622E-04
  0.290    8.6154E-02    8.5327E-02    8.2760E-04
  0.300    8.9284E-02    8.8425E-02    8.5923E-04
  0.310    9.2428E-02    9.1537E-02    8.9112E-04
  0.320    9.5586E-02    9.4663E-02    9.2327E-04
  0.330    9.8760E-02    9.7804E-02    9.5570E-04
  0.340    1.0195E-01    1.0096E-01    9.8841E-04
  0.350    1.0515E-01    1.0413E-01    1.0214E-03
  0.360    1.0837E-01    1.0732E-01    1.0547E-03
  0.370    1.1161E-01    1.1052E-01    1.0883E-03
  0.380    1.1487E-01    1.1374E-01    1.1222E-03
  0.390    1.1814E-01    1.1698E-01    1.1564E-03
  0.400    1.2143E-01    1.2024E-01    1.1909E-03
  0.410    1.2474E-01    1.2352E-01    1.2258E-03
  0.420    1.2807E-01    1.2681E-01    1.2610E-03
  0.430    1.3142E-01    1.3012E-01    1.2965E-03
  0.440    1.3479E-01    1.3346E-01    1.3324E-03
  0.450    1.3818E-01    1.3681E-01    1.3687E-03
  0.460    1.4160E-01    1.4019E-01    1.4054E-03
  0.470    1.4503E-01    1.4359E-01    1.4424E-03
  0.480    1.4849E-01    1.4701E-01    1.4798E-03
  0.490    1.5197E-01    1.5045E-01    1.5177E-03
  0.500    1.5548E-01    1.5392E-01    1.5560E-03
  0.510    1.5901E-01    1.5742E-01    1.5947E-03
  0.520    1.6257E-01    1.6094E-01    1.6338E-03
  0.530    1.6616E-01    1.6448E-01    1.6735E-03
  0.540    1.6977E-01    1.6806E-01    1.7135E-03
  0.550    1.7341E-01    1.7166E-01    1.7541E-03
  0.560    1.7709E-01    1.7529E-01    1.7952E-03
  0.570    1.8079E-01    1.7895E-01    1.8368E-03
  0.580    1.8452E-01    1.8264E-01    1.8789E-03
  0.590    1.8829E-01    1.8637E-01    1.9216E-03
  0.600    1.9209E-01    1.9013E-01    1.9648E-03
  0.610    1.9593E-01    1.9392E-01    2.0086E-03
  0.620    1.9980E-01    1.9775E-01    2.0531E-03
  0.630    2.0371E-01    2.0161E-01    2.0981E-03
  0.640    2.0765E-01    2.0551E-01    2.1438E-03
  0.650    2.1164E-01    2.0945E-01    2.1901E-03
  0.660    2.1567E-01    2.1343E-01    2.2371E-03
  0.670    2.1974E-01    2.1746E-01    2.2849E-03
  0.680    2.2385E-01    2.2152E-01    2.3333E-03
  0.690    2.2802E-01    2.2563E-01    2.3825E-03
  0.700    2.3222E-01    2.2979E-01    2.4325E-03
  0.710    2.3648E-01    2.3400E-01    2.4834E-03
  0.720    2.4079E-01    2.3826E-01    2.5350E-03
  0.730    2.4515E-01    2.4256E-01    2.5875E-03
  0.740    2.4957E-01    2.4693E-01    2.6410E-03
  0.750    2.5404E-01    2.5135E-01    2.6954E-03
  0.760    2.5858E-01    2.5583E-01    2.7507E-03
  0.770    2.6317E-01    2.6037E-01    2.8071E-03
  0.780    2.6784E-01    2.6497E-01    2.8645E-03
  0.790    2.7256E-01    2.6964E-01    2.9230E-03
  0.800    2.7736E-01    2.7438E-01    2.9827E-03
  0.810    2.8223E-01    2.7919E-01    3.0436E-03
  0.820    2.8718E-01    2.8408E-01    3.1057E-03
  0.830    2.9221E-01    2.8904E-01    3.1691E-03
  0.840    2.9732E-01    2.9409E-01    3.2339E-03
  0.850    3.0252E-01    2.9922E-01    3.3001E-03
  0.860    3.0781E-01    3.0444E-01    3.3677E-03
  0.870    3.1320E-01    3.0976E-01    3.4370E-03
  0.880    3.1869E-01    3.1518E-01    3.5079E-03
  0.890    3.2428E-01    3.2070E-01    3.5805E-03
  0.900    3.2999E-01    3.2633E-01    3.6550E-03
  0.910    3.3581E-01    3.3208E-01    3.7313E-03
  0.920    3.4176E-01    3.3795E-01    3.8097E-03
  0.930    3.4784E-01    3.4395E-01    3.8902E-03
  0.940    3.5405E-01    3.5008E-01    3.9729E-03
  0.950    3.6041E-01    3.5636E-01    4.0580E-03
  0.960    3.6693E-01    3.6279E-01    4.1456E-03
  0.970    3.7361E-01    3.6938E-01    4.2359E-03
  0.980    3.8047E-01    3.7614E-01    4.3290E-03
  0.990    3.8751E-01    3.8308E-01    4.4252E-03
  1.000    3.9474E-01    3.9022E-01    4.5245E-03
