   1.0000000000000000        0.0000000000000000       0.46600291028248553       0.72780229808163477            10000
 i   solar flux    satshine flux      total flux
 -----------------------------------------------
           1   1270.6668557679989        12.051645550775548        1282.7185013187743     
           2   116.78272795677009        2.9141828404756085        119.69691079724569     
           3   173.68797174198733        2.2491509411994759        175.93712268318680     
           4   77.449765524029999        1.3222351679437592        78.772000691973759     
           5   59.291495706312574       0.82688581193213484        60.118381518244711     
           6   33.242080488826822       0.52340996932728479        33.765490458154105     
           7   22.415768604867978       0.39517155448208507        22.810940159350064     
           8   16.492366765211131       0.23168989732850759        16.724056662539638     
           9   9.5389783859804851       0.18519249233112747        9.7241708783116128     
          10   5.0600374991618811        9.0799270644539756E-002   5.1508367698064212     
          11   5.2061408862290790        7.9301300733034610E-002   5.2854421869621140     
          12   3.3898040002003045        5.2256669190737265E-002   3.4420606693910418     
          13   3.7704156211803972        5.0119685579217872E-002   3.8205353067596151     
          14   1.6970167307155521        2.4295407611823465E-002   1.7213121383273755     
          15   1.4972728153010388        1.2641646443212921E-002   1.5099144617442517     
          16  0.65848312256029840        8.1193509747683589E-003  0.66660247353506674     
          17  0.30207165291516497        2.5121966293736270E-003  0.30458384954453860     
          18  0.36176680852317566        4.9726802451328734E-003  0.36673948876830853     
          19   4.8550880917101823E-002   5.6574828571342561E-003   5.4208363774236080E-002
          20   0.0000000000000000        1.1179719919471790E-002   1.1179719919471790E-002
