   1.0000000000000000        0.0000000000000000       0.46600291028248553       0.72780229808163477            10000
 i   solar flux    satshine flux      total flux
 -----------------------------------------------
           1   1316.8382178787517        11.969786491997080        1328.8080043707489     
           2   117.50472295747880        2.6912962151370574        120.19601917261586     
           3   179.48014413757048        2.2479795815507670        181.72812371912124     
           4   73.499088463186297        1.2120664412750470        74.711154904461338     
           5   51.796323031564370       0.82048307716778035        52.616806108732149     
           6   35.634842601422903       0.47669742231570073        36.111540023738605     
           7   24.586598768259112       0.33928756078003930        24.925886329039152     
           8   13.151651399588832       0.24064523918789452        13.392296638776727     
           9   10.275735493572988       0.15737290568969181        10.433108399262681     
          10   6.9336363960168512       0.10931050301588362        7.0429468990327351     
          11   1.9102191805039568        5.0731909189458135E-002   1.9609510896934150     
          12   3.9912885866348398        4.1955642446286932E-002   4.0332442290811263     
          13   1.1509084562551204        1.9026812003600214E-002   1.1699352682587205     
          14   1.0297578403836731        1.1100663908374659E-002   1.0408585042920477     
          15  0.87501244276308154        2.8913634172224078E-003  0.87790380618030395     
          16  0.20803853386341392        1.2327747577043054E-002  0.22036628144045697     
          17  0.47483681688745094        7.4328339029924306E-003  0.48226965079044337     
          18   4.3290439549929866E-002   7.6377024970123979E-003   5.0928142046942265E-002
          19   3.5882763040664963E-002   8.0064025899748983E-004   3.6683403299662451E-002
          20  0.11510380333904696        0.0000000000000000       0.11510380333904696     
