   1.0000000000000000        0.0000000000000000       0.46600291028248553       0.72780229808163477            10000
 i   solar flux    satshine flux      total flux
 -----------------------------------------------
           1   1328.2488589614391        12.195296054610253        1340.4441550160493     
           2   122.71597537842432        2.9435148369245074        125.65949021534882     
           3   170.80525285120200        2.2357718448363957        173.04102469603839     
           4   74.331769134483068        1.1438370011275181        75.475606135610590     
           5   52.998362368742868       0.82505108460016852        53.823413453343036     
           6   36.649854997020306       0.46533388470474402        37.115188881725047     
           7   18.150667214919572       0.34833628679677203        18.499003501716345     
           8   17.468183523464312       0.19348364828763959        17.661667171751951     
           9   9.6284286265073060       0.19857351567596812        9.8270021421832734     
          10   5.3150752320745482        6.0586504127726051E-002   5.3756617362022743     
          11   3.2247818648619369        9.2512949551721221E-002   3.3172948144136583     
          12  0.77885976895920461        5.2852659061324116E-002  0.83171242802052869     
          13   1.5780167536770786        3.5678712821285243E-002   1.6136954664983638     
          14   1.0269671607624875        2.8370194178940284E-002   1.0553373549414278     
          15  0.88296458341209916        5.8226455491771677E-003  0.88878722896127638     
          16  0.57184842685315029        1.1231079441928969E-002  0.58307950629507921     
          17  0.31692789061709542        5.1368176821596960E-003  0.32206470829925510     
          18  0.10630503377004712        7.6023279305166159E-003  0.11390736170056373     
          19   0.0000000000000000        1.1144115543282418E-003   1.1144115543282418E-003
          20   0.0000000000000000        0.0000000000000000        0.0000000000000000     
