   1.0000000000000000        0.0000000000000000       0.46600291028248553       0.72780229808163477            10000
 i   solar flux    satshine flux      total flux
 -----------------------------------------------
           1   1299.8507392213105        12.452508642416038        1312.3032478637265     
           2   128.64383806897777        2.9384169576108290        131.58225502658860     
           3   188.64654142482919        2.4558526268427436        191.10239405167195     
           4   75.277008672923046        1.1682024220519882        76.445211094975036     
           5   53.587545246187140       0.87148693239230179        54.459032178579442     
           6   38.152771569111607       0.53401728286364691        38.686788851975251     
           7   26.003401158156400       0.34246131729728857        26.345862475453689     
           8   15.826258667618898       0.15652382907822621        15.982782496697125     
           9   11.469960509261764       0.12688327270097058        11.596843781962734     
          10   6.8063902600047133        5.9180338991526672E-002   6.8655705989962401     
          11   4.4840802448597286        6.0385824204931694E-002   4.5444660690646606     
          12   3.8130364901391092        4.8004247021848100E-002   3.8610407371609572     
          13   1.9695542622887467        1.1280400925952774E-002   1.9808346632146996     
          14   1.1395396280315129        1.8842756443844672E-002   1.1583823844753576     
          15  0.78008946544406843        1.3438250150751509E-002  0.79352771559481994     
          16  0.44251564248550707        0.0000000000000000       0.44251564248550707     
          17  0.41162078512443279        5.6597106891084431E-003  0.41728049581354121     
          18  0.16280001755655205        3.8777143952871298E-003  0.16667773195183919     
          19  0.24505149502340334        2.0962771590381426E-003  0.24714777218244149     
          20  0.22983492553286539        4.9193605136825377E-003  0.23475428604654791     
