   1.0000000000000000        0.0000000000000000       0.46600291028248553       0.72780229808163477            10000
 i   solar flux    satshine flux      total flux
 -----------------------------------------------
           1   1295.6858929007456        11.885207824669585        1307.5711007254151     
           2   116.74418532048766        3.0657694154274986        119.80995473591516     
           3   181.08728052812177        2.3588362294802772        183.44611675760206     
           4   67.617093097035422        1.3223184232584644        68.939411520293888     
           5   54.853956491243089       0.90794447953776602        55.761900970780857     
           6   29.988259016172165       0.62650151451797820        30.614760530690145     
           7   18.290942580749856       0.35974590226755188        18.650688483017408     
           8   13.184605101741067       0.24616161174400983        13.430766713485076     
           9   12.646198352059553       0.13576441376312562        12.781962765822678     
          10   4.6714375956467107        9.2184326856880411E-002   4.7636219225035914     
          11   3.6257628119468084        7.0814364750400621E-002   3.6965771766972089     
          12   1.7230418786320416        3.9479149666445709E-002   1.7625210282984873     
          13   1.3826726081180543        1.3762032731898834E-002   1.3964346408499531     
          14  0.96567061363357887        2.0625394015214581E-002  0.98629600764879344     
          15  0.59172857287193870        1.1115399188624864E-002  0.60284397206056362     
          16   0.0000000000000000        1.3792390855502023E-002   1.3792390855502023E-002
          17  0.26212722474247152        1.3113557820710191E-004  0.26225836032067862     
          18  0.47947700223053130        0.0000000000000000       0.47947700223053130     
          19   0.0000000000000000        4.6028415170671693E-003   4.6028415170671693E-003
          20   0.0000000000000000        0.0000000000000000        0.0000000000000000     
