 Curly R     I/F(total)  I/F(solar)   I/F(saturn)
 ---------------------------------------------------
  0.010    2.7772E-03    2.7519E-03    2.5285E-05
  0.020    5.5597E-03    5.5089E-03    5.0704E-05
  0.030    8.3477E-03    8.2714E-03    7.6258E-05
  0.040    1.1142E-02    1.1040E-02    1.0195E-04
  0.050    1.3941E-02    1.3814E-02    1.2779E-04
  0.060    1.6748E-02    1.6594E-02    1.5377E-04
  0.070    1.9560E-02    1.9380E-02    1.7990E-04
  0.080    2.2380E-02    2.2174E-02    2.0619E-04
  0.090    2.5207E-02    2.4974E-02    2.3263E-04
  0.100    2.8041E-02    2.7781E-02    2.5923E-04
  0.110    3.0882E-02    3.0596E-02    2.8600E-04
  0.120    3.3732E-02    3.3419E-02    3.1293E-04
  0.130    3.6589E-02    3.6249E-02    3.4004E-04
  0.140    3.9456E-02    3.9088E-02    3.6732E-04
  0.150    4.2331E-02    4.1936E-02    3.9478E-04
  0.160    4.5215E-02    4.4792E-02    4.2243E-04
  0.170    4.8108E-02    4.7658E-02    4.5026E-04
  0.180    5.1011E-02    5.0533E-02    4.7829E-04
  0.190    5.3924E-02    5.3418E-02    5.0651E-04
  0.200    5.6848E-02    5.6313E-02    5.3494E-04
  0.210    5.9782E-02    5.9218E-02    5.6357E-04
  0.220    6.2727E-02    6.2135E-02    5.9242E-04
  0.230    6.5684E-02    6.5062E-02    6.2149E-04
  0.240    6.8652E-02    6.8001E-02    6.5078E-04
  0.250    7.1632E-02    7.0952E-02    6.8029E-04
  0.260    7.4625E-02    7.3915E-02    7.1004E-04
  0.270    7.7631E-02    7.6891E-02    7.4004E-04
  0.280    8.0650E-02    7.9880E-02    7.7027E-04
  0.290    8.3683E-02    8.2882E-02    8.0076E-04
  0.300    8.6730E-02    8.5898E-02    8.3151E-04
  0.310    8.9791E-02    8.8929E-02    8.6252E-04
  0.320    9.2867E-02    9.1974E-02    8.9381E-04
  0.330    9.5959E-02    9.5034E-02    9.2537E-04
  0.340    9.9067E-02    9.8110E-02    9.5723E-04
  0.350    1.0219E-01    1.0120E-01    9.8937E-04
  0.360    1.0533E-01    1.0431E-01    1.0218E-03
  0.370    1.0849E-01    1.0744E-01    1.0546E-03
  0.380    1.1167E-01    1.1058E-01    1.0876E-03
  0.390    1.1486E-01    1.1374E-01    1.1210E-03
  0.400    1.1807E-01    1.1692E-01    1.1548E-03
  0.410    1.2131E-01    1.2012E-01    1.1889E-03
  0.420    1.2456E-01    1.2334E-01    1.2233E-03
  0.430    1.2783E-01    1.2658E-01    1.2581E-03
  0.440    1.3113E-01    1.2984E-01    1.2932E-03
  0.450    1.3445E-01    1.3312E-01    1.3288E-03
  0.460    1.3779E-01    1.3642E-01    1.3647E-03
  0.470    1.4115E-01    1.3975E-01    1.4011E-03
  0.480    1.4454E-01    1.4310E-01    1.4379E-03
  0.490    1.4795E-01    1.4647E-01    1.4751E-03
  0.500    1.5139E-01    1.4987E-01    1.5127E-03
  0.510    1.5485E-01    1.5330E-01    1.5508E-03
  0.520    1.5834E-01    1.5675E-01    1.5894E-03
  0.530    1.6186E-01    1.6023E-01    1.6284E-03
  0.540    1.6541E-01    1.6374E-01    1.6680E-03
  0.550    1.6898E-01    1.6728E-01    1.7080E-03
  0.560    1.7259E-01    1.7084E-01    1.7486E-03
  0.570    1.7623E-01    1.7444E-01    1.7897E-03
  0.580    1.7990E-01    1.7807E-01    1.8314E-03
  0.590    1.8361E-01    1.8174E-01    1.8737E-03
  0.600    1.8735E-01    1.8543E-01    1.9165E-03
  0.610    1.9113E-01    1.8917E-01    1.9600E-03
  0.620    1.9494E-01    1.9294E-01    2.0041E-03
  0.630    1.9879E-01    1.9675E-01    2.0489E-03
  0.640    2.0269E-01    2.0059E-01    2.0944E-03
  0.650    2.0662E-01    2.0448E-01    2.1405E-03
  0.660    2.1059E-01    2.0841E-01    2.1874E-03
  0.670    2.1461E-01    2.1238E-01    2.2350E-03
  0.680    2.1868E-01    2.1639E-01    2.2835E-03
  0.690    2.2279E-01    2.2046E-01    2.3327E-03
  0.700    2.2695E-01    2.2457E-01    2.3827E-03
  0.710    2.3116E-01    2.2873E-01    2.4336E-03
  0.720    2.3542E-01    2.3294E-01    2.4854E-03
  0.730    2.3974E-01    2.3720E-01    2.5382E-03
  0.740    2.4411E-01    2.4152E-01    2.5918E-03
  0.750    2.4854E-01    2.4589E-01    2.6465E-03
  0.760    2.5303E-01    2.5033E-01    2.7022E-03
  0.770    2.5759E-01    2.5483E-01    2.7590E-03
  0.780    2.6220E-01    2.5939E-01    2.8169E-03
  0.790    2.6689E-01    2.6401E-01    2.8760E-03
  0.800    2.7165E-01    2.6871E-01    2.9362E-03
  0.810    2.7648E-01    2.7348E-01    2.9977E-03
  0.820    2.8138E-01    2.7832E-01    3.0606E-03
  0.830    2.8637E-01    2.8324E-01    3.1247E-03
  0.840    2.9143E-01    2.8824E-01    3.1903E-03
  0.850    2.9658E-01    2.9333E-01    3.2574E-03
  0.860    3.0183E-01    2.9850E-01    3.3260E-03
  0.870    3.0716E-01    3.0377E-01    3.3962E-03
  0.880    3.1259E-01    3.0913E-01    3.4680E-03
  0.890    3.1813E-01    3.1459E-01    3.5416E-03
  0.900    3.2377E-01    3.2015E-01    3.6171E-03
  0.910    3.2952E-01    3.2583E-01    3.6944E-03
  0.920    3.3539E-01    3.3161E-01    3.7738E-03
  0.930    3.4138E-01    3.3752E-01    3.8552E-03
  0.940    3.4750E-01    3.4356E-01    3.9388E-03
  0.950    3.5375E-01    3.4972E-01    4.0248E-03
  0.960    3.6014E-01    3.5602E-01    4.1131E-03
  0.970    3.6667E-01    3.6247E-01    4.2040E-03
  0.980    3.7337E-01    3.6907E-01    4.2975E-03
  0.990    3.8022E-01    3.7583E-01    4.3939E-03
  1.000    3.8725E-01    3.8276E-01    4.4932E-03
