   1.0000000000000000        0.0000000000000000       0.46600291028248553       0.72780229808163477            10000
 i   solar flux    satshine flux      total flux
 -----------------------------------------------
           1   1304.5460536533915        12.243758542266765        1316.7898121956582     
           2   114.63977307021798        3.0132415535537871        117.65301462377177     
           3   171.08990768720196        2.3217040380803260        173.41161172528228     
           4   72.176023454501092        1.3569520643561441        73.532975518857242     
           5   57.297917917665160       0.90447626045133589        58.202394178116492     
           6   33.573769029978614       0.49288769486848488        34.066656724847100     
           7   23.310410752648654       0.46704195265505288        23.777452705303705     
           8   13.517685384227388       0.25996321974864661        13.777648603976035     
           9   9.1701770473900197       0.16315018015592136        9.3333272275459418     
          10   6.9243938710683430        8.0813700948131742E-002   7.0052075720164746     
          11   4.6386747911230124        3.9828167105593656E-002   4.6785029582286057     
          12   1.6418319554622443        3.4780747976904072E-002   1.6766127034391483     
          13   2.3581696241157779        2.1229944863341756E-002   2.3793995689791196     
          14   1.8885087346798080        1.4123147452988667E-002   1.9026318821327965     
          15  0.67210477214949682        3.9540063381357255E-003  0.67605877848763252     
          16  0.40222819406465293        9.6387629117804293E-003  0.41186695697643338     
          17  0.37008637930773070        4.0309345624814780E-003  0.37411731387021219     
          18   0.0000000000000000        7.1141140864986298E-003   7.1141140864986298E-003
          19   0.0000000000000000        0.0000000000000000        0.0000000000000000     
          20  0.13991909969813060        3.9446301572911673E-003  0.14386372985542176     
