   1.0000000000000000        0.0000000000000000       0.46600291028248553       0.72780229808163477            10000
 i   solar flux    satshine flux      total flux
 -----------------------------------------------
           1   1259.9877557903737        11.834510757335467        1271.8222665477092     
           2   115.53627972142974        2.9207420643982749        118.45702178582800     
           3   174.99328429418068        2.1621374439320595        177.15542173811275     
           4   62.713382967220738        1.2964242361841576        64.009807203404890     
           5   57.020431412661949       0.84412968872259297        57.864561101384545     
           6   32.274032569945405       0.56340296679514168        32.837435536740543     
           7   19.240161938360217       0.34625830300405680        19.586420241364273     
           8   14.443600838277206       0.21348491386734131        14.657085752144548     
           9   11.739639747321579       0.14202134235842040        11.881661089680000     
          10   8.1955033129993833        7.8865396811319738E-002   8.2743687098107035     
          11   5.3735480173110970        6.5304416886168934E-002   5.4388524341972655     
          12   3.0971101662934615        3.7922057219425945E-002   3.1350322235128876     
          13   1.9351244858355432        2.5460629952043647E-002   1.9605851157875869     
          14   1.3189154286667601        2.1229825915007300E-002   1.3401452545817674     
          15  0.66920439249224728        2.2324524641628016E-002  0.69152891713387532     
          16   9.7888204585382957E-002   1.2924932302174267E-002  0.11081313688755723     
          17  0.55645924717170159        4.1815353569930784E-003  0.56064078252869465     
          18  0.19565139757935740        7.1554973462665730E-003  0.20280689492562398     
          19  0.10639245577891933        3.0037781021154176E-003  0.10939623388103474     
          20   0.0000000000000000        1.3445497045804079E-003   1.3445497045804079E-003
