 Curly R     I/F(total)  I/F(solar)   I/F(saturn)
 ---------------------------------------------------
  0.010    2.7013E-03    2.6761E-03    2.5175E-05
  0.020    5.4078E-03    5.3573E-03    5.0476E-05
  0.030    8.1198E-03    8.0439E-03    7.5907E-05
  0.040    1.0838E-02    1.0736E-02    1.0147E-04
  0.050    1.3561E-02    1.3434E-02    1.2717E-04
  0.060    1.6291E-02    1.6138E-02    1.5301E-04
  0.070    1.9027E-02    1.8849E-02    1.7899E-04
  0.080    2.1771E-02    2.1565E-02    2.0511E-04
  0.090    2.4521E-02    2.4289E-02    2.3138E-04
  0.100    2.7278E-02    2.7020E-02    2.5781E-04
  0.110    3.0042E-02    2.9758E-02    2.8439E-04
  0.120    3.2815E-02    3.2504E-02    3.1112E-04
  0.130    3.5595E-02    3.5257E-02    3.3803E-04
  0.140    3.8384E-02    3.8019E-02    3.6509E-04
  0.150    4.1181E-02    4.0789E-02    3.9233E-04
  0.160    4.3987E-02    4.3568E-02    4.1974E-04
  0.170    4.6803E-02    4.6355E-02    4.4733E-04
  0.180    4.9628E-02    4.9152E-02    4.7510E-04
  0.190    5.2462E-02    5.1959E-02    5.0306E-04
  0.200    5.5307E-02    5.4776E-02    5.3121E-04
  0.210    5.8162E-02    5.7602E-02    5.5955E-04
  0.220    6.1028E-02    6.0440E-02    5.8810E-04
  0.230    6.3905E-02    6.3288E-02    6.1685E-04
  0.240    6.6793E-02    6.6148E-02    6.4581E-04
  0.250    6.9694E-02    6.9019E-02    6.7499E-04
  0.260    7.2606E-02    7.1902E-02    7.0439E-04
  0.270    7.5531E-02    7.4797E-02    7.3401E-04
  0.280    7.8469E-02    7.7705E-02    7.6387E-04
  0.290    8.1420E-02    8.0626E-02    7.9396E-04
  0.300    8.4385E-02    8.3561E-02    8.2430E-04
  0.310    8.7364E-02    8.6509E-02    8.5489E-04
  0.320    9.0358E-02    8.9472E-02    8.8573E-04
  0.330    9.3367E-02    9.2450E-02    9.1684E-04
  0.340    9.6391E-02    9.5443E-02    9.4821E-04
  0.350    9.9431E-02    9.8451E-02    9.7986E-04
  0.360    1.0249E-01    1.0148E-01    1.0118E-03
  0.370    1.0556E-01    1.0452E-01    1.0440E-03
  0.380    1.0865E-01    1.0758E-01    1.0766E-03
  0.390    1.1176E-01    1.1065E-01    1.1094E-03
  0.400    1.1489E-01    1.1375E-01    1.1425E-03
  0.410    1.1803E-01    1.1686E-01    1.1760E-03
  0.420    1.2120E-01    1.1999E-01    1.2098E-03
  0.430    1.2439E-01    1.2314E-01    1.2440E-03
  0.440    1.2759E-01    1.2632E-01    1.2785E-03
  0.450    1.3082E-01    1.2951E-01    1.3133E-03
  0.460    1.3407E-01    1.3273E-01    1.3485E-03
  0.470    1.3735E-01    1.3596E-01    1.3842E-03
  0.480    1.4064E-01    1.3922E-01    1.4202E-03
  0.490    1.4397E-01    1.4251E-01    1.4566E-03
  0.500    1.4731E-01    1.4582E-01    1.4934E-03
  0.510    1.5069E-01    1.4915E-01    1.5306E-03
  0.520    1.5408E-01    1.5252E-01    1.5683E-03
  0.530    1.5751E-01    1.5590E-01    1.6065E-03
  0.540    1.6097E-01    1.5932E-01    1.6451E-03
  0.550    1.6445E-01    1.6277E-01    1.6842E-03
  0.560    1.6796E-01    1.6624E-01    1.7238E-03
  0.570    1.7151E-01    1.6975E-01    1.7639E-03
  0.580    1.7509E-01    1.7328E-01    1.8045E-03
  0.590    1.7870E-01    1.7685E-01    1.8457E-03
  0.600    1.8234E-01    1.8046E-01    1.8874E-03
  0.610    1.8602E-01    1.8409E-01    1.9297E-03
  0.620    1.8974E-01    1.8777E-01    1.9726E-03
  0.630    1.9350E-01    1.9148E-01    2.0162E-03
  0.640    1.9729E-01    1.9523E-01    2.0603E-03
  0.650    2.0113E-01    1.9903E-01    2.1051E-03
  0.660    2.0501E-01    2.0286E-01    2.1506E-03
  0.670    2.0893E-01    2.0673E-01    2.1969E-03
  0.680    2.1290E-01    2.1066E-01    2.2438E-03
  0.690    2.1691E-01    2.1462E-01    2.2915E-03
  0.700    2.2098E-01    2.1864E-01    2.3400E-03
  0.710    2.2509E-01    2.2270E-01    2.3893E-03
  0.720    2.2926E-01    2.2682E-01    2.4394E-03
  0.730    2.3348E-01    2.3099E-01    2.4904E-03
  0.740    2.3776E-01    2.3522E-01    2.5423E-03
  0.750    2.4210E-01    2.3950E-01    2.5951E-03
  0.760    2.4649E-01    2.4385E-01    2.6489E-03
  0.770    2.5096E-01    2.4825E-01    2.7037E-03
  0.780    2.5549E-01    2.5273E-01    2.7596E-03
  0.790    2.6008E-01    2.5727E-01    2.8165E-03
  0.800    2.6476E-01    2.6188E-01    2.8746E-03
  0.810    2.6950E-01    2.6657E-01    2.9339E-03
  0.820    2.7433E-01    2.7133E-01    2.9944E-03
  0.830    2.7923E-01    2.7618E-01    3.0562E-03
  0.840    2.8422E-01    2.8111E-01    3.1193E-03
  0.850    2.8931E-01    2.8612E-01    3.1838E-03
  0.860    2.9448E-01    2.9123E-01    3.2497E-03
  0.870    2.9976E-01    2.9644E-01    3.3172E-03
  0.880    3.0513E-01    3.0175E-01    3.3863E-03
  0.890    3.1062E-01    3.0716E-01    3.4570E-03
  0.900    3.1621E-01    3.1269E-01    3.5295E-03
  0.910    3.2193E-01    3.1833E-01    3.6038E-03
  0.920    3.2777E-01    3.2409E-01    3.6800E-03
  0.930    3.3374E-01    3.2999E-01    3.7583E-03
  0.940    3.3985E-01    3.3601E-01    3.8386E-03
  0.950    3.4611E-01    3.4219E-01    3.9212E-03
  0.960    3.5252E-01    3.4851E-01    4.0061E-03
  0.970    3.5908E-01    3.5499E-01    4.0935E-03
  0.980    3.6582E-01    3.6164E-01    4.1834E-03
  0.990    3.7274E-01    3.6846E-01    4.2762E-03
  1.000    3.7985E-01    3.7548E-01    4.3718E-03
