   1.0000000000000000        0.0000000000000000       0.46600291028248553       0.72780229808163477            10000
 i   solar flux    satshine flux      total flux
 -----------------------------------------------
           1   1255.4285016630224        12.749724823662181        1268.1782264866847     
           2   119.20568251752658        3.1016090050377620        122.30729152256434     
           3   177.20923406339261        2.4347860573556050        179.64402012074822     
           4   70.986484924614572        1.3401286360002087        72.326613560614774     
           5   53.722540866057535       0.86455616693217852        54.587097032989710     
           6   30.829847091872210       0.51021455911535007        31.340061650987561     
           7   20.820814958562654       0.38525019168361263        21.206065150246268     
           8   15.029308101274498       0.26205684084638098        15.291364942120879     
           9   10.445330988060128       0.13257428704534710        10.577905275105476     
          10   7.8762098526441333       0.10907730224272139        7.9852871548868549     
          11   4.2433567284788882        3.7248579278270862E-002   4.2806053077571589     
          12   2.9265510707740718        5.5876837658130736E-002   2.9824279084322027     
          13   1.7950114848439527        3.3714950007489169E-002   1.8287264348514418     
          14   1.6398554954447495        1.4810906633660949E-002   1.6546664020784105     
          15  0.88011931108941499        2.1783437667042473E-002  0.90190274875645748     
          16  0.17889221332381000        7.5685070622301979E-003  0.18646072038604020     
          17   1.1240413268422835        3.9108582646319385E-003   1.1279521851069154     
          18   1.0034755810182789        0.0000000000000000        1.0034755810182789     
          19  0.29226204133895411        6.8300843000542778E-004  0.29294504976895952     
          20  0.12624281970706708        4.9351177546950150E-003  0.13117793746176210     
