   1.0000000000000000        0.0000000000000000       0.46600291028248553       0.72780229808163477            10000
 i   solar flux    satshine flux      total flux
 -----------------------------------------------
           1   1308.8643750050921        12.361101112737909        1321.2254761178301     
           2   126.94431638391664        3.0001803330381094        129.94449671695475     
           3   182.38059289442492        2.5172691701930767        184.89786206461801     
           4   72.340563830185090        1.2853121021047704        73.625875932289858     
           5   51.466161356860127       0.87984093213770487        52.346002288997830     
           6   34.579189413253118       0.65137779962832842        35.230567212881446     
           7   22.425288196420809       0.35546041901588948        22.780748615436700     
           8   14.121459765522324       0.23492448535506469        14.356384250877388     
           9   8.8748797112490827       0.19076994750923537        9.0656496587583177     
          10   6.7711362054404045        8.6863904900613201E-002   6.8580001103410178     
          11   4.3099303633949555        7.2180600328044547E-002   4.3821109637230000     
          12   2.2893370908686785        2.8293408980235451E-002   2.3176304998489141     
          13   2.0249911695605758        3.6920312205555514E-002   2.0619114817661313     
          14  0.67989162057823604        1.9489367359556118E-002  0.69938098793779213     
          15  0.56400695087491870        6.6684004056477026E-003  0.57067535128056646     
          16   1.2284078786024717        1.6084628641756676E-002   1.2444925072442283     
          17  0.46961135132080184        4.2826572500299365E-003  0.47389400857083175     
          18  0.53201160531050196        3.3130073602395606E-003  0.53532461267074150     
          19   0.0000000000000000        0.0000000000000000        0.0000000000000000     
          20   0.0000000000000000        1.8822360608630585E-003   1.8822360608630585E-003
