 Curly R     I/F(total)  I/F(solar)   I/F(saturn)
 ---------------------------------------------------
  0.010    2.8064E-03    2.7801E-03    2.6294E-05
  0.020    5.6185E-03    5.5657E-03    5.2718E-05
  0.030    8.4366E-03    8.3573E-03    7.9276E-05
  0.040    1.1261E-02    1.1155E-02    1.0597E-04
  0.050    1.4092E-02    1.3959E-02    1.3281E-04
  0.060    1.6929E-02    1.6770E-02    1.5979E-04
  0.070    1.9774E-02    1.9587E-02    1.8692E-04
  0.080    2.2626E-02    2.2412E-02    2.1420E-04
  0.090    2.5485E-02    2.5243E-02    2.4163E-04
  0.100    2.8352E-02    2.8083E-02    2.6922E-04
  0.110    3.1227E-02    3.0930E-02    2.9698E-04
  0.120    3.4111E-02    3.3786E-02    3.2491E-04
  0.130    3.7003E-02    3.6650E-02    3.5300E-04
  0.140    3.9905E-02    3.9523E-02    3.8127E-04
  0.150    4.2815E-02    4.2405E-02    4.0972E-04
  0.160    4.5735E-02    4.5297E-02    4.3836E-04
  0.170    4.8665E-02    4.8198E-02    4.6718E-04
  0.180    5.1605E-02    5.1109E-02    4.9620E-04
  0.190    5.4556E-02    5.4030E-02    5.2541E-04
  0.200    5.7517E-02    5.6962E-02    5.5483E-04
  0.210    6.0490E-02    5.9905E-02    5.8446E-04
  0.220    6.3474E-02    6.2860E-02    6.1430E-04
  0.230    6.6470E-02    6.5826E-02    6.4436E-04
  0.240    6.9478E-02    6.8804E-02    6.7465E-04
  0.250    7.2499E-02    7.1794E-02    7.0516E-04
  0.260    7.5533E-02    7.4798E-02    7.3591E-04
  0.270    7.8581E-02    7.7814E-02    7.6690E-04
  0.280    8.1642E-02    8.0844E-02    7.9814E-04
  0.290    8.4718E-02    8.3888E-02    8.2963E-04
  0.300    8.7808E-02    8.6947E-02    8.6139E-04
  0.310    9.0913E-02    9.0020E-02    8.9341E-04
  0.320    9.4034E-02    9.3108E-02    9.2570E-04
  0.330    9.7171E-02    9.6213E-02    9.5828E-04
  0.340    1.0032E-01    9.9333E-02    9.9115E-04
  0.350    1.0349E-01    1.0247E-01    1.0243E-03
  0.360    1.0668E-01    1.0563E-01    1.0578E-03
  0.370    1.0989E-01    1.0880E-01    1.0916E-03
  0.380    1.1311E-01    1.1199E-01    1.1257E-03
  0.390    1.1636E-01    1.1520E-01    1.1601E-03
  0.400    1.1962E-01    1.1843E-01    1.1949E-03
  0.410    1.2290E-01    1.2167E-01    1.2300E-03
  0.420    1.2621E-01    1.2494E-01    1.2654E-03
  0.430    1.2953E-01    1.2823E-01    1.3013E-03
  0.440    1.3288E-01    1.3154E-01    1.3375E-03
  0.450    1.3625E-01    1.3488E-01    1.3741E-03
  0.460    1.3965E-01    1.3823E-01    1.4111E-03
  0.470    1.4306E-01    1.4162E-01    1.4485E-03
  0.480    1.4651E-01    1.4502E-01    1.4863E-03
  0.490    1.4998E-01    1.4845E-01    1.5246E-03
  0.500    1.5347E-01    1.5191E-01    1.5633E-03
  0.510    1.5699E-01    1.5539E-01    1.6025E-03
  0.520    1.6054E-01    1.5890E-01    1.6422E-03
  0.530    1.6412E-01    1.6244E-01    1.6823E-03
  0.540    1.6773E-01    1.6601E-01    1.7229E-03
  0.550    1.7137E-01    1.6961E-01    1.7641E-03
  0.560    1.7505E-01    1.7324E-01    1.8058E-03
  0.570    1.7875E-01    1.7690E-01    1.8480E-03
  0.580    1.8249E-01    1.8060E-01    1.8908E-03
  0.590    1.8626E-01    1.8433E-01    1.9342E-03
  0.600    1.9007E-01    1.8809E-01    1.9782E-03
  0.610    1.9392E-01    1.9190E-01    2.0228E-03
  0.620    1.9780E-01    1.9574E-01    2.0681E-03
  0.630    2.0173E-01    1.9962E-01    2.1140E-03
  0.640    2.0570E-01    2.0353E-01    2.1606E-03
  0.650    2.0970E-01    2.0750E-01    2.2079E-03
  0.660    2.1376E-01    2.1150E-01    2.2560E-03
  0.670    2.1786E-01    2.1555E-01    2.3048E-03
  0.680    2.2200E-01    2.1965E-01    2.3544E-03
  0.690    2.2619E-01    2.2379E-01    2.4048E-03
  0.700    2.3044E-01    2.2798E-01    2.4561E-03
  0.710    2.3474E-01    2.3223E-01    2.5082E-03
  0.720    2.3909E-01    2.3653E-01    2.5613E-03
  0.730    2.4350E-01    2.4088E-01    2.6152E-03
  0.740    2.4796E-01    2.4529E-01    2.6702E-03
  0.750    2.5249E-01    2.4976E-01    2.7262E-03
  0.760    2.5708E-01    2.5430E-01    2.7832E-03
  0.770    2.6173E-01    2.5889E-01    2.8413E-03
  0.780    2.6646E-01    2.6356E-01    2.9005E-03
  0.790    2.7125E-01    2.6829E-01    2.9609E-03
  0.800    2.7612E-01    2.7310E-01    3.0225E-03
  0.810    2.8106E-01    2.7798E-01    3.0854E-03
  0.820    2.8609E-01    2.8294E-01    3.1497E-03
  0.830    2.9119E-01    2.8798E-01    3.2153E-03
  0.840    2.9639E-01    2.9310E-01    3.2823E-03
  0.850    3.0167E-01    2.9832E-01    3.3509E-03
  0.860    3.0705E-01    3.0363E-01    3.4210E-03
  0.870    3.1253E-01    3.0903E-01    3.4928E-03
  0.880    3.1811E-01    3.1454E-01    3.5663E-03
  0.890    3.2380E-01    3.2015E-01    3.6415E-03
  0.900    3.2960E-01    3.2588E-01    3.7187E-03
  0.910    3.3552E-01    3.3172E-01    3.7978E-03
  0.920    3.4156E-01    3.3768E-01    3.8789E-03
  0.930    3.4774E-01    3.4378E-01    3.9622E-03
  0.940    3.5405E-01    3.5000E-01    4.0478E-03
  0.950    3.6051E-01    3.5637E-01    4.1358E-03
  0.960    3.6712E-01    3.6289E-01    4.2262E-03
  0.970    3.7388E-01    3.6957E-01    4.3193E-03
  0.980    3.8082E-01    3.7641E-01    4.4151E-03
  0.990    3.8793E-01    3.8342E-01    4.5139E-03
  1.000    3.9524E-01    3.9062E-01    4.6157E-03
