   1.0000000000000000        0.0000000000000000       0.46600291028248553       0.72780229808163477            10000
 i   solar flux    satshine flux      total flux
 -----------------------------------------------
           1   1315.4548952500309        12.146720260825568        1327.6016155108564     
           2   121.85331538817087        2.9649718902335294        124.81828727840440     
           3   174.15183259549426        2.3583740584258734        176.51020665392014     
           4   67.458110935508543        1.2962064889527436        68.754317424461291     
           5   58.623048986697356       0.84640688691370747        59.469455873611061     
           6   33.508421908822058       0.47654460954521027        33.984966518367266     
           7   21.574919895202562       0.36027465713916779        21.935194552341731     
           8   13.144696103574111       0.22813308591708933        13.372829189491201     
           9   12.537732009768204       0.11045417408156859        12.648186183849774     
          10   8.4062500185357401        5.7613196390091756E-002   8.4638632149258317     
          11   5.2980535153766217        6.4956066312267330E-002   5.3630095816888890     
          12   1.7591880467278258        5.2250004253018748E-002   1.8114380509808445     
          13   2.4655160939055794        1.9117913219493608E-002   2.4846340071250728     
          14   1.0648821445014303        2.3981786085399321E-002   1.0888639305868295     
          15  0.90578250367774737        1.7768953041035148E-002  0.92355145671878247     
          16  0.86631195906194136        9.3200817928402527E-003  0.87563204085478163     
          17  0.16704301742428596        1.1282529103129222E-002  0.17832554652741517     
          18   9.3811496171134975E-002   3.7000469613249791E-003   9.7511543132459952E-002
          19   0.0000000000000000        3.4866600066500459E-003   3.4866600066500459E-003
          20  0.10416943593237833        0.0000000000000000       0.10416943593237833     
