 Curly R     I/F(total)  I/F(solar)   I/F(saturn)
 ---------------------------------------------------
  0.010    2.8198E-03    2.7939E-03    2.5838E-05
  0.020    5.6451E-03    5.5933E-03    5.1805E-05
  0.030    8.4761E-03    8.3982E-03    7.7904E-05
  0.040    1.1313E-02    1.1209E-02    1.0414E-04
  0.050    1.4156E-02    1.4026E-02    1.3051E-04
  0.060    1.7006E-02    1.6849E-02    1.5702E-04
  0.070    1.9863E-02    1.9679E-02    1.8368E-04
  0.080    2.2726E-02    2.2516E-02    2.1049E-04
  0.090    2.5597E-02    2.5359E-02    2.3745E-04
  0.100    2.8475E-02    2.8210E-02    2.6457E-04
  0.110    3.1361E-02    3.1069E-02    2.9184E-04
  0.120    3.4255E-02    3.3935E-02    3.1928E-04
  0.130    3.7157E-02    3.6810E-02    3.4689E-04
  0.140    4.0067E-02    3.9693E-02    3.7466E-04
  0.150    4.2987E-02    4.2584E-02    4.0262E-04
  0.160    4.5916E-02    4.5485E-02    4.3075E-04
  0.170    4.8854E-02    4.8395E-02    4.5907E-04
  0.180    5.1802E-02    5.1315E-02    4.8757E-04
  0.190    5.4760E-02    5.4244E-02    5.1627E-04
  0.200    5.7729E-02    5.7184E-02    5.4517E-04
  0.210    6.0708E-02    6.0134E-02    5.7426E-04
  0.220    6.3698E-02    6.3095E-02    6.0357E-04
  0.230    6.6700E-02    6.6067E-02    6.3309E-04
  0.240    6.9714E-02    6.9051E-02    6.6283E-04
  0.250    7.2739E-02    7.2046E-02    6.9279E-04
  0.260    7.5777E-02    7.5054E-02    7.2297E-04
  0.270    7.8828E-02    7.8075E-02    7.5340E-04
  0.280    8.1893E-02    8.1109E-02    7.8406E-04
  0.290    8.4971E-02    8.4156E-02    8.1497E-04
  0.300    8.8063E-02    8.7217E-02    8.4613E-04
  0.310    9.1170E-02    9.0292E-02    8.7755E-04
  0.320    9.4291E-02    9.3382E-02    9.0924E-04
  0.330    9.7428E-02    9.6487E-02    9.4120E-04
  0.340    1.0058E-01    9.9608E-02    9.7343E-04
  0.350    1.0375E-01    1.0274E-01    1.0060E-03
  0.360    1.0694E-01    1.0590E-01    1.0388E-03
  0.370    1.1014E-01    1.0907E-01    1.0719E-03
  0.380    1.1336E-01    1.1226E-01    1.1053E-03
  0.390    1.1660E-01    1.1546E-01    1.1391E-03
  0.400    1.1986E-01    1.1869E-01    1.1731E-03
  0.410    1.2314E-01    1.2193E-01    1.2075E-03
  0.420    1.2644E-01    1.2520E-01    1.2423E-03
  0.430    1.2976E-01    1.2848E-01    1.2774E-03
  0.440    1.3310E-01    1.3179E-01    1.3129E-03
  0.450    1.3646E-01    1.3511E-01    1.3487E-03
  0.460    1.3985E-01    1.3846E-01    1.3849E-03
  0.470    1.4326E-01    1.4183E-01    1.4215E-03
  0.480    1.4669E-01    1.4523E-01    1.4585E-03
  0.490    1.5015E-01    1.4865E-01    1.4960E-03
  0.500    1.5363E-01    1.5210E-01    1.5338E-03
  0.510    1.5714E-01    1.5557E-01    1.5721E-03
  0.520    1.6068E-01    1.5907E-01    1.6108E-03
  0.530    1.6425E-01    1.6260E-01    1.6501E-03
  0.540    1.6784E-01    1.6615E-01    1.6897E-03
  0.550    1.7147E-01    1.6974E-01    1.7299E-03
  0.560    1.7512E-01    1.7335E-01    1.7706E-03
  0.570    1.7881E-01    1.7700E-01    1.8118E-03
  0.580    1.8253E-01    1.8068E-01    1.8536E-03
  0.590    1.8629E-01    1.8439E-01    1.8959E-03
  0.600    1.9008E-01    1.8814E-01    1.9387E-03
  0.610    1.9391E-01    1.9193E-01    1.9822E-03
  0.620    1.9777E-01    1.9575E-01    2.0263E-03
  0.630    2.0168E-01    1.9961E-01    2.0710E-03
  0.640    2.0563E-01    2.0351E-01    2.1163E-03
  0.650    2.0961E-01    2.0745E-01    2.1623E-03
  0.660    2.1364E-01    2.1143E-01    2.2090E-03
  0.670    2.1772E-01    2.1546E-01    2.2564E-03
  0.680    2.2184E-01    2.1954E-01    2.3046E-03
  0.690    2.2601E-01    2.2366E-01    2.3535E-03
  0.700    2.3024E-01    2.2783E-01    2.4032E-03
  0.710    2.3451E-01    2.3206E-01    2.4537E-03
  0.720    2.3884E-01    2.3633E-01    2.5050E-03
  0.730    2.4322E-01    2.4066E-01    2.5573E-03
  0.740    2.4766E-01    2.4505E-01    2.6104E-03
  0.750    2.5216E-01    2.4950E-01    2.6645E-03
  0.760    2.5673E-01    2.5401E-01    2.7195E-03
  0.770    2.6136E-01    2.5859E-01    2.7756E-03
  0.780    2.6606E-01    2.6323E-01    2.8326E-03
  0.790    2.7083E-01    2.6794E-01    2.8908E-03
  0.800    2.7568E-01    2.7273E-01    2.9501E-03
  0.810    2.8060E-01    2.7759E-01    3.0106E-03
  0.820    2.8560E-01    2.8253E-01    3.0723E-03
  0.830    2.9069E-01    2.8756E-01    3.1353E-03
  0.840    2.9587E-01    2.9267E-01    3.1996E-03
  0.850    3.0113E-01    2.9787E-01    3.2653E-03
  0.860    3.0650E-01    3.0316E-01    3.3324E-03
  0.870    3.1196E-01    3.0856E-01    3.4010E-03
  0.880    3.1753E-01    3.1406E-01    3.4712E-03
  0.890    3.2321E-01    3.1967E-01    3.5430E-03
  0.900    3.2900E-01    3.2539E-01    3.6165E-03
  0.910    3.3492E-01    3.3123E-01    3.6919E-03
  0.920    3.4097E-01    3.3720E-01    3.7691E-03
  0.930    3.4714E-01    3.4330E-01    3.8483E-03
  0.940    3.5346E-01    3.4953E-01    3.9295E-03
  0.950    3.5993E-01    3.5592E-01    4.0130E-03
  0.960    3.6655E-01    3.6246E-01    4.0987E-03
  0.970    3.7334E-01    3.6915E-01    4.1868E-03
  0.980    3.8030E-01    3.7603E-01    4.2775E-03
  0.990    3.8745E-01    3.8308E-01    4.3708E-03
  1.000    3.9478E-01    3.9032E-01    4.4670E-03
