   1.0000000000000000        0.0000000000000000       0.46600291028248553       0.72780229808163477            10000
 i   solar flux    satshine flux      total flux
 -----------------------------------------------
           1   1310.9455263739012        12.194724311098703        1323.1402506850000     
           2   114.81210156854479        3.0273066250209895        117.83940819356577     
           3   190.29606097252582        2.4936859762759216        192.78974694880174     
           4   70.545112013556746        1.3196251682856441        71.864737181842386     
           5   58.601462713710148       0.92119058778111940        59.522653301491268     
           6   38.177954150905386       0.58069018515861826        38.758644336064002     
           7   24.157068019990383       0.33392392222358747        24.490991942213970     
           8   18.331675105415286       0.24033649910682417        18.572011604522110     
           9   9.3074251437990654       0.19392879740336033        9.5013539412024262     
          10   5.6293493273703019        8.6708493388600441E-002   5.7160578207589028     
          11   3.4879879436989172        8.4920605360058465E-002   3.5729085490589756     
          12   2.7382065331879373        4.6402643129290086E-002   2.7846091763172272     
          13   2.8032613178573387        3.8949130179480117E-002   2.8422104480368189     
          14   1.0729771717296082        1.6386247994443399E-002   1.0893634197240516     
          15  0.61229077946792043        3.4522671741224146E-003  0.61574304664204282     
          16  0.80817674735615697        8.1976869543523272E-003  0.81637443431050927     
          17  0.50998405983976181        4.1324222143792352E-004  0.51039730206119971     
          18  0.50079692482894755        1.8737902047049025E-003  0.50267071503365246     
          19  0.18231776065786384        4.3498702060119319E-003  0.18666763086387578     
          20  0.20343419830634313        0.0000000000000000       0.20343419830634313     
