   1.0000000000000000        0.0000000000000000       0.46600291028248553       0.72780229808163477            10000
 i   solar flux    satshine flux      total flux
 -----------------------------------------------
           1   1354.1264582012541        12.534762345815480        1366.6612205470697     
           2   116.46021588964706        3.0990152152597301        119.55923110490679     
           3   177.13825012954189        2.2635571391274540        179.40180726866933     
           4   70.087381929889347        1.2708755462611079        71.358257476150456     
           5   55.627838575515426       0.81206495359233333        56.439903529107760     
           6   23.882846186503116       0.52221861644391221        24.405064802947027     
           7   22.563703455608934       0.33631227762996052        22.900015733238895     
           8   13.664905918276830       0.21978358596810582        13.884689504244935     
           9   8.5434900980436819       0.16721470883304221        8.7107048068767234     
          10   5.1642901711001308       0.13208058023088848        5.2963707513310192     
          11   3.3255094567329517        9.0210078313783734E-002   3.4157195350467355     
          12   2.4905529986566131        4.6427023845242832E-002   2.5369800225018557     
          13   1.6796746365527802        5.7348186500026495E-002   1.7370228230528066     
          14  0.47484285018635314        1.8503537333851700E-002  0.49334638752020482     
          15  0.60134887692115147        1.0150229743762264E-002  0.61149910666491369     
          16  0.15078017857413897        2.6941101006553469E-003  0.15347428867479432     
          17  0.23974349461122080        5.6186226851296392E-004  0.24030535687973376     
          18   9.1755694658648843E-002   0.0000000000000000        9.1755694658648843E-002
          19   0.0000000000000000        4.5785002382057547E-003   4.5785002382057547E-003
          20   0.0000000000000000        4.4458223143096403E-003   4.4458223143096403E-003
