   1.0000000000000000        0.0000000000000000       0.46600291028248553       0.72780229808163477            10000
 i   solar flux    satshine flux      total flux
 -----------------------------------------------
           1   1319.4297175466957        12.437004967118460        1331.8667225138140     
           2   117.76825635566013        2.8307085803553482        120.59896493601548     
           3   174.96368710376291        2.4190055696929331        177.38269267345584     
           4   76.481029993307061        1.2246729162614258        77.705702909568487     
           5   53.990350541127683       0.81479706512974948        54.805147606257435     
           6   35.942860967212269       0.47530303303290955        36.418164000245177     
           7   20.928898150303169       0.37021803120841373        21.299116181511582     
           8   11.485246880472182       0.26336623787811247        11.748613118350296     
           9   8.3515356874559181       0.14821627586291916        8.4997519633188379     
          10   5.1711027852444662       0.10919701474408121        5.2802997999885477     
          11   2.9680928555402453        6.1322923496059181E-002   3.0294157790363045     
          12   2.5468115740919686        3.4283473015442087E-002   2.5810950471074108     
          13  0.87719341139122131        2.2102969945533981E-002  0.89929638133675527     
          14  0.72061610557681632        1.6411288884245260E-002  0.73702739446106158     
          15   1.3565406117520906        1.2062984384835256E-002   1.3686035961369258     
          16  0.41695445900307926        8.3843681360018657E-003  0.42533882713908111     
          17   0.0000000000000000        0.0000000000000000        0.0000000000000000     
          18   0.0000000000000000        0.0000000000000000        0.0000000000000000     
          19  0.30642036480810048        0.0000000000000000       0.30642036480810048     
          20  0.16974136705387904        3.0538276994883816E-003  0.17279519475336744     
