   1.0000000000000000        0.0000000000000000       0.46600291028248553       0.72780229808163477            10000
 i   solar flux    satshine flux      total flux
 -----------------------------------------------
           1   1354.3400030481587        12.159171081879947        1366.4991741300387     
           2   122.91083861068451        2.8728401323943848        125.78367874307889     
           3   182.31334368713172        2.2178275054789776        184.53117119261069     
           4   73.265563585763658        1.3145754341062270        74.580139019869890     
           5   55.906871847218596       0.83292351050412927        56.739795357722727     
           6   28.308495279222214       0.44730222320184621        28.755797502424059     
           7   23.517249070540352       0.37263825317464772        23.889887323715001     
           8   17.311533986400534       0.24325276439975682        17.554786750800289     
           9   10.116138564225603       0.18403375161517879        10.300172315840781     
          10   7.8858239717715533       0.10078831877811141        7.9866122905496644     
          11   4.6448311815584731       0.10698273239729918        4.7518139139557727     
          12   2.7104312595661830        5.2422619526004167E-002   2.7628538790921873     
          13   2.5733512173264690        2.3050846412282111E-002   2.5964020637387510     
          14   1.7026372257377778        2.7217868775523242E-002   1.7298550945133011     
          15   1.2449627868799187        3.9333245084406570E-003   1.2488961113883594     
          16   5.2848241599642139E-002   1.5980062938571363E-002   6.8828304538213508E-002
          17  0.33286576343140312        6.6800617070866125E-003  0.33954582513848974     
          18   0.0000000000000000        7.8909029437535753E-003   7.8909029437535753E-003
          19   8.2923824143001409E-002   0.0000000000000000        8.2923824143001409E-002
          20   0.0000000000000000        4.6450431572763679E-003   4.6450431572763679E-003
