   1.0000000000000000        0.0000000000000000       0.46600291028248553       0.72780229808163477            10000
 i   solar flux    satshine flux      total flux
 -----------------------------------------------
           1   1309.6468675937406        12.340648721698557        1321.9875163154391     
           2   117.53105584986301        2.9796863607485951        120.51074221061161     
           3   185.12680864042173        2.5107598971018050        187.63756853752352     
           4   78.061596507189236        1.1689730788925399        79.230569586081771     
           5   62.773221598906531       0.90105237007114625        63.674273968977680     
           6   32.658049740684092       0.59944890653950489        33.257498647223599     
           7   21.664986071165103       0.31513973762392988        21.980125808789033     
           8   14.112016491359146       0.27684909318981205        14.388865584548958     
           9   8.5841456687589250       0.14418317100218472        8.7283288397611098     
          10   4.1629130519381645       0.10490780015770644        4.2678208520958707     
          11   5.6520808988846634        8.1086241205647447E-002   5.7331671400903108     
          12   2.4767241061779104        2.9374364570316079E-002   2.5060984707482263     
          13   2.3256601610886425        4.7277260824103828E-002   2.3729374219127464     
          14   1.3906308886868683        2.0841144257395298E-002   1.4114720329442636     
          15   1.1973574470380952        1.0382673551376103E-002   1.2077401205894713     
          16  0.70445021597134982        1.4453153976071038E-002  0.71890336994742088     
          17  0.52327528900054321        1.1334552655426312E-002  0.53460984165596948     
          18   0.0000000000000000        2.2650542733225459E-003   2.2650542733225459E-003
          19  0.30916344100568660        1.7844619219160702E-003  0.31094790292760266     
          20   0.0000000000000000        2.4707706654789794E-003   2.4707706654789794E-003
