   1.0000000000000000        0.0000000000000000       0.46600291028248553       0.72780229808163477            10000
 i   solar flux    satshine flux      total flux
 -----------------------------------------------
           1   1292.2920000349523        11.737853973299540        1304.0298540082517     
           2   118.31025301398961        2.7416534726629607        121.05190648665257     
           3   177.34439967934230        2.2856498429865133        179.63004952232882     
           4   67.414303310523366        1.2440721711910214        68.658375481714387     
           5   57.458189119342897       0.80001121091942973        58.258200330262326     
           6   33.042562519921816       0.58396523836014180        33.626527758281959     
           7   21.701860821446360       0.36000149060904846        22.061862312055407     
           8   15.727219838121245       0.24232826810017696        15.969548106221422     
           9   11.019277212139635       0.17544143694734360        11.194718649086978     
          10   6.5134196842586736       0.16944815078469369        6.6828678350433677     
          11   4.3684198104217389        7.3327268095407294E-002   4.4417470785171460     
          12   4.1503215780681852        8.9903294145289497E-002   4.2402248722134743     
          13   2.6394512111565751        2.7068848256298208E-002   2.6665200594128735     
          14   1.9103634183002569        3.3614900020984773E-002   1.9439783183212418     
          15   1.0047961296014403        9.5259896833445445E-003   1.0143221192847849     
          16  0.71030122010880103        2.3167078726528307E-002  0.73346829883532938     
          17  0.65841083603871953        0.0000000000000000       0.65841083603871953     
          18  0.28409162917774328        8.0388571006559488E-003  0.29213048627839922     
          19  0.57558684732568188        7.8415040061254795E-003  0.58342835133180737     
          20  0.34891582772954388        4.0601825158880708E-003  0.35297601024543196     
