   1.0000000000000000        0.0000000000000000       0.46600291028248553       0.72780229808163477            10000
 i   solar flux    satshine flux      total flux
 -----------------------------------------------
           1   1297.0271391952647        12.082547999723456        1309.1096871949881     
           2   119.91651299888345        3.0197163328825427        122.93622933176599     
           3   174.01647909062805        2.3407404176865372        176.35721950831459     
           4   68.776760205742576        1.2464683753510515        70.023228581093633     
           5   52.798230090009035       0.68550706732335587        53.483737157332392     
           6   34.972130007946895       0.52575465311051583        35.497884661057412     
           7   25.238460493336163       0.25290337460682211        25.491363867942987     
           8   15.234752857734962       0.21399943556737594        15.448752293302338     
           9   9.6710492345469934       0.15488430569896117        9.8259335402459538     
          10   7.4385392085220987        9.1967478581726755E-002   7.5305066871038253     
          11   5.6712107647357275        3.8375936042278208E-002   5.7095867007780061     
          12   2.6999226008840438        4.5808578663101680E-002   2.7457311795471453     
          13   2.3152751990792324        3.1652663952894122E-002   2.3469278630321266     
          14  0.97357904082964719        1.3934452256519373E-002  0.98751349308616654     
          15   1.0334364700618441        1.3478186385573568E-002   1.0469146564474177     
          16  0.65270701725767799        4.1707343655176419E-003  0.65687775162319562     
          17  0.51644701237697188        4.7975762050654503E-003  0.52124458858203737     
          18  0.55162947370194026        1.8148557342632667E-003  0.55344432943620359     
          19  0.48167492614263968        0.0000000000000000       0.48167492614263968     
          20  0.12925398961951542        4.0151784926259707E-003  0.13326916811214140     
