   1.0000000000000000        0.0000000000000000       0.46600291028248553       0.72780229808163477            10000
 i   solar flux    satshine flux      total flux
 -----------------------------------------------
           1   1321.9484387371144        12.041226829992929        1333.9896655671073     
           2   119.90181939997970        2.9647113089626602        122.86653070894236     
           3   180.84344975632297        2.5656990674633966        183.40914882378635     
           4   73.079277530063692        1.1984433424311647        74.277720872494854     
           5   54.077186107731322       0.96136488141363974        55.038550989144959     
           6   33.716475177259440       0.59148658215085592        34.307961759410297     
           7   21.824944662053625       0.40251769695233963        22.227462359005965     
           8   13.017476437587549       0.23678113088433711        13.254257568471886     
           9   7.7847033376074304       0.23004953497092498        8.0147528725783559     
          10   5.6226648357619631       0.13171749912369071        5.7543823348856540     
          11   1.9938211827349781        9.0201169384239388E-002   2.0840223521192174     
          12   3.1713639010591432        5.0947472266215113E-002   3.2223113733253586     
          13   1.6560200127618689        3.9800401516794190E-002   1.6958204142786630     
          14   1.4077972939175087        2.3299775139307592E-002   1.4310970690568163     
          15   1.2667659256270714        1.8305464743045161E-002   1.2850713903701165     
          16  0.58506106792004386        5.6628054359224968E-003  0.59072387335596632     
          17   0.0000000000000000        5.5760589296265589E-003   5.5760589296265589E-003
          18  0.28693118803429013        1.5502783236165007E-002  0.30243397127045513     
          19  0.29900841031105113        5.4265299289228729E-003  0.30443494023997403     
          20   0.0000000000000000        0.0000000000000000        0.0000000000000000     
