   1.0000000000000000        0.0000000000000000       0.46600291028248553       0.72780229808163477            10000
 i   solar flux    satshine flux      total flux
 -----------------------------------------------
           1   1320.8784846903297        12.130491782850095        1333.0089764731799     
           2   131.87962980101111        3.0640893831377776        134.94371918414888     
           3   181.65524851694045        2.3685967690236915        184.02384528596414     
           4   73.757759163439758        1.2572504486975367        75.015009612137291     
           5   61.064157862838435       0.86782003430044974        61.931977897138886     
           6   35.234002767310820       0.44982903472303470        35.683831802033858     
           7   25.920140994189346       0.36654517623611282        26.286686170425458     
           8   12.545155064799092       0.19371996717268686        12.738875031971778     
           9   9.3976933149640054       0.17663534215706572        9.5743286571210717     
          10   7.7491893409788837        9.8888753906818005E-002   7.8480780948857021     
          11   3.9617136825633450        6.6746708499609800E-002   4.0284603910629544     
          12   3.8142616420427462        3.7194470657619425E-002   3.8514561127003657     
          13   1.8906126085321306        4.9654987062348013E-002   1.9402675955944786     
          14   1.9158917206400283        1.8314494636402247E-002   1.9342062152764306     
          15   1.7398433913827471        9.8845077383068990E-003   1.7497278991210541     
          16   1.0664923819351819        1.1496029579140832E-002   1.0779884115143228     
          17  0.44027723489302650        2.6584453383057781E-003  0.44293568023133228     
          18  0.59877032707368250        4.9318150347663920E-003  0.60370214210844886     
          19   4.5637203947037283E-002   2.2481483976710482E-003   4.7885352344708330E-002
          20   0.0000000000000000        6.8118309313357894E-003   6.8118309313357894E-003
