 Curly R     I/F(total)  I/F(solar)   I/F(saturn)
 ---------------------------------------------------
  0.010    2.8084E-03    2.7826E-03    2.5866E-05
  0.020    5.6223E-03    5.5704E-03    5.1863E-05
  0.030    8.4418E-03    8.3638E-03    7.7991E-05
  0.040    1.1267E-02    1.1163E-02    1.0426E-04
  0.050    1.4099E-02    1.3968E-02    1.3066E-04
  0.060    1.6937E-02    1.6779E-02    1.5721E-04
  0.070    1.9781E-02    1.9597E-02    1.8390E-04
  0.080    2.2632E-02    2.2422E-02    2.1075E-04
  0.090    2.5491E-02    2.5253E-02    2.3775E-04
  0.100    2.8357E-02    2.8092E-02    2.6490E-04
  0.110    3.1230E-02    3.0938E-02    2.9222E-04
  0.120    3.4111E-02    3.3792E-02    3.1970E-04
  0.130    3.7001E-02    3.6654E-02    3.4736E-04
  0.140    3.9899E-02    3.9524E-02    3.7518E-04
  0.150    4.2806E-02    4.2403E-02    4.0319E-04
  0.160    4.5722E-02    4.5290E-02    4.3138E-04
  0.170    4.8647E-02    4.8187E-02    4.5975E-04
  0.180    5.1582E-02    5.1094E-02    4.8832E-04
  0.190    5.4527E-02    5.4010E-02    5.1708E-04
  0.200    5.7482E-02    5.6936E-02    5.4605E-04
  0.210    6.0448E-02    5.9873E-02    5.7522E-04
  0.220    6.3425E-02    6.2820E-02    6.0460E-04
  0.230    6.6413E-02    6.5779E-02    6.3420E-04
  0.240    6.9414E-02    6.8750E-02    6.6402E-04
  0.250    7.2426E-02    7.1732E-02    6.9407E-04
  0.260    7.5451E-02    7.4726E-02    7.2435E-04
  0.270    7.8488E-02    7.7733E-02    7.5487E-04
  0.280    8.1539E-02    8.0754E-02    7.8564E-04
  0.290    8.4604E-02    8.3787E-02    8.1665E-04
  0.300    8.7683E-02    8.6835E-02    8.4793E-04
  0.310    9.0776E-02    8.9897E-02    8.7947E-04
  0.320    9.3885E-02    9.2974E-02    9.1128E-04
  0.330    9.7009E-02    9.6066E-02    9.4337E-04
  0.340    1.0015E-01    9.9173E-02    9.7575E-04
  0.350    1.0331E-01    1.0230E-01    1.0084E-03
  0.360    1.0648E-01    1.0544E-01    1.0414E-03
  0.370    1.0967E-01    1.0860E-01    1.0747E-03
  0.380    1.1288E-01    1.1177E-01    1.1083E-03
  0.390    1.1611E-01    1.1497E-01    1.1422E-03
  0.400    1.1936E-01    1.1818E-01    1.1764E-03
  0.410    1.2262E-01    1.2141E-01    1.2110E-03
  0.420    1.2591E-01    1.2466E-01    1.2460E-03
  0.430    1.2922E-01    1.2794E-01    1.2813E-03
  0.440    1.3255E-01    1.3123E-01    1.3170E-03
  0.450    1.3590E-01    1.3455E-01    1.3531E-03
  0.460    1.3928E-01    1.3789E-01    1.3895E-03
  0.470    1.4268E-01    1.4125E-01    1.4264E-03
  0.480    1.4610E-01    1.4464E-01    1.4637E-03
  0.490    1.4956E-01    1.4805E-01    1.5014E-03
  0.500    1.5303E-01    1.5149E-01    1.5396E-03
  0.510    1.5654E-01    1.5496E-01    1.5782E-03
  0.520    1.6007E-01    1.5845E-01    1.6173E-03
  0.530    1.6363E-01    1.6197E-01    1.6568E-03
  0.540    1.6722E-01    1.6552E-01    1.6969E-03
  0.550    1.7084E-01    1.6910E-01    1.7375E-03
  0.560    1.7450E-01    1.7272E-01    1.7786E-03
  0.570    1.7818E-01    1.7636E-01    1.8202E-03
  0.580    1.8190E-01    1.8004E-01    1.8624E-03
  0.590    1.8566E-01    1.8376E-01    1.9052E-03
  0.600    1.8945E-01    1.8751E-01    1.9486E-03
  0.610    1.9329E-01    1.9129E-01    1.9927E-03
  0.620    1.9716E-01    1.9512E-01    2.0373E-03
  0.630    2.0107E-01    1.9898E-01    2.0826E-03
  0.640    2.0502E-01    2.0289E-01    2.1286E-03
  0.650    2.0901E-01    2.0684E-01    2.1753E-03
  0.660    2.1306E-01    2.1083E-01    2.2228E-03
  0.670    2.1714E-01    2.1487E-01    2.2710E-03
  0.680    2.2128E-01    2.1896E-01    2.3199E-03
  0.690    2.2547E-01    2.2310E-01    2.3697E-03
  0.700    2.2971E-01    2.2728E-01    2.4204E-03
  0.710    2.3400E-01    2.3153E-01    2.4719E-03
  0.720    2.3835E-01    2.3582E-01    2.5243E-03
  0.730    2.4275E-01    2.4018E-01    2.5776E-03
  0.740    2.4722E-01    2.4459E-01    2.6320E-03
  0.750    2.5175E-01    2.4907E-01    2.6873E-03
  0.760    2.5635E-01    2.5361E-01    2.7437E-03
  0.770    2.6101E-01    2.5821E-01    2.8012E-03
  0.780    2.6575E-01    2.6289E-01    2.8598E-03
  0.790    2.7056E-01    2.6764E-01    2.9196E-03
  0.800    2.7545E-01    2.7247E-01    2.9807E-03
  0.810    2.8042E-01    2.7737E-01    3.0430E-03
  0.820    2.8547E-01    2.8236E-01    3.1067E-03
  0.830    2.9061E-01    2.8744E-01    3.1718E-03
  0.840    2.9584E-01    2.9260E-01    3.2384E-03
  0.850    3.0117E-01    2.9786E-01    3.3065E-03
  0.860    3.0660E-01    3.0322E-01    3.3762E-03
  0.870    3.1213E-01    3.0868E-01    3.4475E-03
  0.880    3.1777E-01    3.1425E-01    3.5207E-03
  0.890    3.2353E-01    3.1993E-01    3.5956E-03
  0.900    3.2940E-01    3.2573E-01    3.6725E-03
  0.910    3.3541E-01    3.3166E-01    3.7515E-03
  0.920    3.4154E-01    3.3771E-01    3.8326E-03
  0.930    3.4782E-01    3.4390E-01    3.9159E-03
  0.940    3.5424E-01    3.5024E-01    4.0016E-03
  0.950    3.6082E-01    3.5673E-01    4.0898E-03
  0.960    3.6756E-01    3.6337E-01    4.1806E-03
  0.970    3.7446E-01    3.7019E-01    4.2742E-03
  0.980    3.8155E-01    3.7718E-01    4.3707E-03
  0.990    3.8883E-01    3.8436E-01    4.4703E-03
  1.000    3.9630E-01    3.9173E-01    4.5733E-03
