   1.0000000000000000        0.0000000000000000       0.46600291028248553       0.72780229808163477            10000
 i   solar flux    satshine flux      total flux
 -----------------------------------------------
           1   1280.9525891959943        12.015575357649068        1292.9681645536434     
           2   113.86545565967459        2.8977317256733159        116.76318738534790     
           3   178.99690678449855        2.2889649191059527        181.28587170360450     
           4   82.762782482339531        1.2480266824832502        84.010809164822788     
           5   54.568112173760554       0.90046533709904486        55.468577510859596     
           6   34.410146554633506       0.57027047749842541        34.980417032131932     
           7   19.243570009089851       0.36166403709661310        19.605234046186464     
           8   12.944262035124336       0.23322226759612244        13.177484302720458     
           9   9.5994622787331991       0.16483510757850778        9.7642973863117071     
          10   4.8685746729459867        9.6442914080642816E-002   4.9650175870266295     
          11   4.1700442851600759        7.4808350762262374E-002   4.2448526359223386     
          12   1.6522784328339994        4.5208398663670678E-002   1.6974868314976701     
          13   1.3029497076889311        2.8317966752819512E-002   1.3312676744417506     
          14   1.1972872622698125        1.0182676188603027E-002   1.2074699384584155     
          15  0.57295170138323970        1.2343744715400682E-003  0.57418607585477976     
          16  0.17858026669279059        1.1926146144279403E-002  0.19050641283706998     
          17  0.46332485441924737        4.6432250851842450E-003  0.46796807950443159     
          18  0.25027659705881855        6.4896551457923890E-003  0.25676625220461091     
          19   0.0000000000000000        0.0000000000000000        0.0000000000000000     
          20  0.23921400241680180        8.1535376281687364E-003  0.24736754004497052     
