 Curly R     I/F(total)  I/F(solar)   I/F(saturn)
 ---------------------------------------------------
  0.010    2.7461E-03    2.7206E-03    2.5558E-05
  0.020    5.4974E-03    5.4462E-03    5.1242E-05
  0.030    8.2541E-03    8.1771E-03    7.7056E-05
  0.040    1.1017E-02    1.0914E-02    1.0300E-04
  0.050    1.3785E-02    1.3656E-02    1.2908E-04
  0.060    1.6559E-02    1.6404E-02    1.5530E-04
  0.070    1.9340E-02    1.9159E-02    1.8166E-04
  0.080    2.2128E-02    2.1920E-02    2.0817E-04
  0.090    2.4922E-02    2.4688E-02    2.3482E-04
  0.100    2.7724E-02    2.7462E-02    2.6163E-04
  0.110    3.0533E-02    3.0245E-02    2.8859E-04
  0.120    3.3350E-02    3.3035E-02    3.1571E-04
  0.130    3.6176E-02    3.5833E-02    3.4299E-04
  0.140    3.9009E-02    3.8639E-02    3.7045E-04
  0.150    4.1851E-02    4.1453E-02    3.9807E-04
  0.160    4.4702E-02    4.4277E-02    4.2587E-04
  0.170    4.7563E-02    4.7109E-02    4.5385E-04
  0.180    5.0433E-02    4.9951E-02    4.8201E-04
  0.190    5.3313E-02    5.2803E-02    5.1036E-04
  0.200    5.6204E-02    5.5665E-02    5.3890E-04
  0.210    5.9105E-02    5.8537E-02    5.6764E-04
  0.220    6.2017E-02    6.1420E-02    5.9659E-04
  0.230    6.4940E-02    6.4314E-02    6.2574E-04
  0.240    6.7875E-02    6.7220E-02    6.5510E-04
  0.250    7.0823E-02    7.0138E-02    6.8468E-04
  0.260    7.3783E-02    7.3068E-02    7.1449E-04
  0.270    7.6756E-02    7.6011E-02    7.4452E-04
  0.280    7.9742E-02    7.8967E-02    7.7479E-04
  0.290    8.2742E-02    8.1936E-02    8.0530E-04
  0.300    8.5756E-02    8.4920E-02    8.3606E-04
  0.310    8.8785E-02    8.7918E-02    8.6707E-04
  0.320    9.1829E-02    9.0931E-02    8.9834E-04
  0.330    9.4889E-02    9.3959E-02    9.2988E-04
  0.340    9.7964E-02    9.7003E-02    9.6169E-04
  0.350    1.0106E-01    1.0006E-01    9.9378E-04
  0.360    1.0417E-01    1.0314E-01    1.0262E-03
  0.370    1.0729E-01    1.0623E-01    1.0588E-03
  0.380    1.1044E-01    1.0935E-01    1.0918E-03
  0.390    1.1360E-01    1.1248E-01    1.1251E-03
  0.400    1.1679E-01    1.1563E-01    1.1587E-03
  0.410    1.1999E-01    1.1880E-01    1.1927E-03
  0.420    1.2321E-01    1.2199E-01    1.2269E-03
  0.430    1.2646E-01    1.2520E-01    1.2616E-03
  0.440    1.2973E-01    1.2843E-01    1.2966E-03
  0.450    1.3302E-01    1.3168E-01    1.3319E-03
  0.460    1.3633E-01    1.3496E-01    1.3676E-03
  0.470    1.3967E-01    1.3826E-01    1.4038E-03
  0.480    1.4303E-01    1.4159E-01    1.4403E-03
  0.490    1.4642E-01    1.4494E-01    1.4772E-03
  0.500    1.4983E-01    1.4831E-01    1.5146E-03
  0.510    1.5327E-01    1.5172E-01    1.5523E-03
  0.520    1.5674E-01    1.5515E-01    1.5906E-03
  0.530    1.6024E-01    1.5861E-01    1.6293E-03
  0.540    1.6376E-01    1.6210E-01    1.6685E-03
  0.550    1.6732E-01    1.6561E-01    1.7081E-03
  0.560    1.7091E-01    1.6916E-01    1.7483E-03
  0.570    1.7454E-01    1.7275E-01    1.7890E-03
  0.580    1.7819E-01    1.7636E-01    1.8303E-03
  0.590    1.8188E-01    1.8001E-01    1.8720E-03
  0.600    1.8561E-01    1.8370E-01    1.9144E-03
  0.610    1.8938E-01    1.8742E-01    1.9574E-03
  0.620    1.9318E-01    1.9118E-01    2.0010E-03
  0.630    1.9702E-01    1.9498E-01    2.0452E-03
  0.640    2.0091E-01    1.9882E-01    2.0900E-03
  0.650    2.0484E-01    2.0270E-01    2.1356E-03
  0.660    2.0881E-01    2.0663E-01    2.1818E-03
  0.670    2.1282E-01    2.1060E-01    2.2288E-03
  0.680    2.1689E-01    2.1461E-01    2.2765E-03
  0.690    2.2100E-01    2.1868E-01    2.3250E-03
  0.700    2.2516E-01    2.2279E-01    2.3743E-03
  0.710    2.2938E-01    2.2696E-01    2.4244E-03
  0.720    2.3365E-01    2.3117E-01    2.4754E-03
  0.730    2.3798E-01    2.3545E-01    2.5273E-03
  0.740    2.4236E-01    2.3978E-01    2.5801E-03
  0.750    2.4680E-01    2.4417E-01    2.6339E-03
  0.760    2.5131E-01    2.4862E-01    2.6886E-03
  0.770    2.5588E-01    2.5314E-01    2.7445E-03
  0.780    2.6052E-01    2.5772E-01    2.8014E-03
  0.790    2.6523E-01    2.6237E-01    2.8594E-03
  0.800    2.7002E-01    2.6710E-01    2.9186E-03
  0.810    2.7487E-01    2.7189E-01    2.9790E-03
  0.820    2.7981E-01    2.7677E-01    3.0407E-03
  0.830    2.8483E-01    2.8173E-01    3.1037E-03
  0.840    2.8993E-01    2.8677E-01    3.1681E-03
  0.850    2.9513E-01    2.9189E-01    3.2340E-03
  0.860    3.0041E-01    2.9711E-01    3.3013E-03
  0.870    3.0580E-01    3.0243E-01    3.3702E-03
  0.880    3.1128E-01    3.0784E-01    3.4408E-03
  0.890    3.1687E-01    3.1336E-01    3.5131E-03
  0.900    3.2257E-01    3.1898E-01    3.5872E-03
  0.910    3.2838E-01    3.2472E-01    3.6632E-03
  0.920    3.3432E-01    3.3058E-01    3.7411E-03
  0.930    3.4038E-01    3.3655E-01    3.8212E-03
  0.940    3.4657E-01    3.4266E-01    3.9034E-03
  0.950    3.5290E-01    3.4891E-01    3.9879E-03
  0.960    3.5937E-01    3.5530E-01    4.0748E-03
  0.970    3.6600E-01    3.6183E-01    4.1643E-03
  0.980    3.7279E-01    3.6853E-01    4.2564E-03
  0.990    3.7974E-01    3.7539E-01    4.3514E-03
  1.000    3.8687E-01    3.8242E-01    4.4493E-03
