   1.0000000000000000        0.0000000000000000       0.46600291028248553       0.72780229808163477            10000
 i   solar flux    satshine flux      total flux
 -----------------------------------------------
           1   1303.0398712417073        11.531018237192486        1314.5708894788997     
           2   115.86457832868081        2.7774821617009970        118.64206049038181     
           3   174.28163578797165        2.2532568801905564        176.53489266816220     
           4   68.790909722987919        1.1489327916465057        69.939842514634421     
           5   55.375165320311481       0.77382311473099075        56.148988435042469     
           6   32.442991881728624       0.51116348799336464        32.954155369721988     
           7   20.369618141961141       0.37852158759765309        20.748139729558794     
           8   16.092189144164820       0.30894417708982053        16.401133321254640     
           9   10.786116321605689       0.15694649724564949        10.943062818851338     
          10   7.0817564498271821       0.10310704513628682        7.1848634949634693     
          11   5.2465805706480655        4.2968675232605190E-002   5.2895492458806705     
          12   3.1879892920750903        4.4644095061123920E-002   3.2326333871362141     
          13   1.2045020206000936        3.4928439979478219E-002   1.2394304605795718     
          14  0.72778008041900311        4.1650323647241118E-002  0.76943040406624419     
          15  0.59290586825759273        1.4762199666431365E-002  0.60766806792402406     
          16  0.41144627089167995        1.1137820772225623E-002  0.42258409166390559     
          17  0.16978692748123075        6.2062586067138251E-003  0.17599318608794459     
          18  0.29574864354662206        4.9752840186919462E-004  0.29624617194849123     
          19  0.16053916208117278        1.4986606182912723E-003  0.16203782269946404     
          20  0.14156468673599992        0.0000000000000000       0.14156468673599992     
