   1.0000000000000000        0.0000000000000000       0.46600291028248553       0.72780229808163477            10000
 i   solar flux    satshine flux      total flux
 -----------------------------------------------
           1   1335.9043776369999        12.776749832717798        1348.6811274697177     
           2   119.14750535437713        2.7999471696037395        121.94745252398087     
           3   188.13969443099325        2.5728665577702028        190.71256098876344     
           4   66.447972945741881        1.3006831435554640        67.748656089297342     
           5   54.949062595966687       0.89966029295798866        55.848722888924677     
           6   28.442707418355059       0.58235030404896171        29.025057722404021     
           7   19.712748281418314       0.40704889142763356        20.119797172845949     
           8   15.348967042141920       0.26651295967763677        15.615480001819558     
           9   7.3421796955767267       0.13653704604492731        7.4787167416216542     
          10   6.0742424008238576        8.1084734278409176E-002   6.1553271351022669     
          11   5.3834375221276938        9.0313506234369817E-002   5.4737510283620638     
          12   3.3802144046262326        3.1303477181576202E-002   3.4115178818078089     
          13   1.4505911032553329        2.7072563454796989E-002   1.4776636667101299     
          14   1.0774949846786461        1.3963780231598593E-002   1.0914587649102447     
          15  0.40711593268391133        9.7119986618092857E-003  0.41682793134572060     
          16  0.48992735003981619        5.7964165641726023E-003  0.49572376660398881     
          17  0.39654685002535384        1.0689348326692147E-002  0.40723619835204600     
          18   5.2931713311801978E-002   8.8670388576538427E-003   6.1798752169455823E-002
          19  0.27510929762309094        5.4241068485021016E-003  0.28053340447159303     
          20  0.14496805467664847        6.3547285522298346E-004  0.14560352753187145     
