   1.0000000000000000        0.0000000000000000       0.46600291028248553       0.72780229808163477            10000
 i   solar flux    satshine flux      total flux
 -----------------------------------------------
           1   1335.0324548702656        12.204756675663214        1347.2372115459289     
           2   128.25730493252865        2.9481762377276524        131.20548117025632     
           3   180.47295790080190        2.3183948572161586        182.79135275801806     
           4   72.326126229910770        1.2666796671970086        73.592805897107780     
           5   55.076752147358100       0.82099076772238622        55.897742915080485     
           6   34.108432822453672       0.57481226938024421        34.683245091833918     
           7   22.066168676253270       0.36079363808124770        22.426962314334517     
           8   12.742864819684151       0.26876478363068701        13.011629603314837     
           9   10.278195307446024       0.10814432430280267        10.386339631748827     
          10   5.3880113800437108        7.3275975288334183E-002   5.4612873553320451     
          11   4.7690346311815883        4.5197528563584367E-002   4.8142321597451723     
          12   3.3772797184068106        3.9973964374761847E-002   3.4172536827815723     
          13   2.0517564853522132        3.9959285924191283E-002   2.0917157712764043     
          14   2.2553630901390131        1.1670330362584745E-002   2.2670334205015981     
          15  0.86785018501686850        2.0715660386541046E-002  0.88856584540340955     
          16   1.3760637040298997        1.1354401594618554E-002   1.3874181056245183     
          17  0.52312313254845655        1.0199721641398207E-002  0.53332285418985470     
          18  0.40327759260140783        3.5794967345178798E-003  0.40685708933592574     
          19  0.14964862890285938        0.0000000000000000       0.14964862890285938     
          20   9.6911152169845971E-002   6.6512343230248237E-003  0.10356238649287079     
