   1.0000000000000000        0.0000000000000000       0.46600291028248553       0.72780229808163477            10000
 i   solar flux    satshine flux      total flux
 -----------------------------------------------
           1   1290.6798226203864        11.887146124290407        1302.5669687446768     
           2   112.26579210494387        2.9381986261310606        115.20399073107492     
           3   164.37937293927030        2.4606708174415437        166.84004375671185     
           4   74.817740084017245        1.2933205640614769        76.111060648078720     
           5   58.329921315036422       0.89750828736738897        59.227429602403809     
           6   37.546284661868533       0.54515893761410139        38.091443599482638     
           7   24.712159249981468       0.34574427240979921        25.057903522391268     
           8   17.594652443241046       0.24530935036402599        17.839961793605070     
           9   9.7947428506044325       0.16851158826446441        9.9632544388688977     
          10   5.8952464635020778        7.9819259630978093E-002   5.9750657231330555     
          11   4.4349157619053381        7.8414033461444196E-002   4.5133297953667819     
          12   2.5907905909709736        5.3022787098708023E-002   2.6438133780696815     
          13   2.6474225767356150        2.4576005800899896E-002   2.6719985825365149     
          14  0.93852193490687252        1.7329349002496958E-002  0.95585128390936946     
          15   1.4286035706037947        9.6666996318465117E-003   1.4382702702356411     
          16  0.55424477057671551        7.1463830279521858E-003  0.56139115360466774     
          17  0.70607495693461841        4.0312924876152074E-003  0.71010624942223366     
          18  0.35338160982493161        3.9030061207904168E-003  0.35728461594572203     
          19  0.16428908853317448        8.2196812092761532E-003  0.17250876974245063     
          20  0.28545729046019819        1.2474714734976903E-004  0.28558203760754797     
