   1.0000000000000000        0.0000000000000000       0.46600291028248553       0.72780229808163477            10000
 i   solar flux    satshine flux      total flux
 -----------------------------------------------
           1   1296.9213093403291        12.281442281881304        1309.2027516222104     
           2   116.64074690849117        3.0014669502311930        119.64221385872236     
           3   169.68629655270433        2.4594184233178287        172.14571497602216     
           4   69.866746779664368        1.1514524878019625        71.018199267466329     
           5   52.243910186924779       0.92766151257093066        53.171571699495708     
           6   33.157223039641124       0.46548516508067433        33.622708204721796     
           7   21.560630294946193       0.46411857625382419        22.024748871200018     
           8   15.124027202699031       0.22307505079773404        15.347102253496764     
           9   8.9043693757276632       0.19524969197058192        9.0996190676982458     
          10   7.2006275557785706        9.6850152766178005E-002   7.2974777085447489     
          11   4.6097508535320202        7.0506518776596000E-002   4.6802573723086160     
          12   2.7038395964045989        3.4669457838812312E-002   2.7385090542434112     
          13   2.3676606467566819        3.0828808063298227E-002   2.3984894548199800     
          14  0.94612676041093602        4.3601907022950432E-003  0.95048695111323112     
          15   1.1231882400007260        5.5631907111359539E-003   1.1287514307118620     
          16  0.52334661577181663        1.1827642058919684E-002  0.53517425783073636     
          17   7.5740066962622338E-002   6.3638461082592603E-003   8.2103913070881593E-002
          18  0.75603808914333193        6.5708836049373663E-003  0.76260897274826933     
          19  0.20254114129939715        6.8616765854178242E-004  0.20322730895793895     
          20   0.0000000000000000        0.0000000000000000        0.0000000000000000     
