   1.0000000000000000        0.0000000000000000       0.46600291028248553       0.72780229808163477            10000
 i   solar flux    satshine flux      total flux
 -----------------------------------------------
           1   1308.2471023019507        12.119364623736770        1320.3664669256875     
           2   117.58468856915484        2.8043896479827026        120.38907821713754     
           3   175.56055923659019        2.5040553661716483        178.06461460276185     
           4   66.633732627446321        1.1797868420195867        67.813519469465902     
           5   48.415986330125492       0.78137460634910083        49.197360936474595     
           6   27.214303540144702       0.49814962311673400        27.712453163261436     
           7   21.896693710187364       0.33291495774733360        22.229608667934698     
           8   11.574061111980832       0.22552202375307015        11.799583135733902     
           9   9.4955954516941006       0.13358960414603652        9.6291850558401375     
          10   7.1297873502448637        7.2918450876939503E-002   7.2027058011218035     
          11   4.0825130887142134        5.1278555647879455E-002   4.1337916443620930     
          12   3.4800764347804254        3.9045397616823511E-002   3.5191218323972491     
          13   1.4653809235603363        2.9974437976694357E-002   1.4953553615370307     
          14   1.2750965617365362        2.3090817221780777E-002   1.2981873789583169     
          15  0.68981612459699282        9.2008599403458867E-003  0.69901698453733874     
          16  0.11587178823537736        2.1973514927765107E-002  0.13784530316314247     
          17  0.71764005580966794        1.7360760473515233E-002  0.73500081628318314     
          18  0.75416708505194285        9.2599260895708073E-003  0.76342701114151368     
          19  0.27039470203882443        7.4246355907351342E-003  0.27781933762955957     
          20  0.13307209751590010        0.0000000000000000       0.13307209751590010     
