 Curly R     I/F(total)  I/F(solar)   I/F(saturn)
 ---------------------------------------------------
  0.010    2.7629E-03    2.7368E-03    2.6040E-05
  0.020    5.5314E-03    5.4792E-03    5.2208E-05
  0.030    8.3057E-03    8.2272E-03    7.8509E-05
  0.040    1.1086E-02    1.0981E-02    1.0494E-04
  0.050    1.3873E-02    1.3742E-02    1.3152E-04
  0.060    1.6667E-02    1.6508E-02    1.5823E-04
  0.070    1.9467E-02    1.9282E-02    1.8509E-04
  0.080    2.2274E-02    2.2062E-02    2.1210E-04
  0.090    2.5089E-02    2.4850E-02    2.3926E-04
  0.100    2.7912E-02    2.7645E-02    2.6658E-04
  0.110    3.0743E-02    3.0449E-02    2.9405E-04
  0.120    3.3582E-02    3.3260E-02    3.2169E-04
  0.130    3.6429E-02    3.6080E-02    3.4950E-04
  0.140    3.9286E-02    3.8908E-02    3.7748E-04
  0.150    4.2151E-02    4.1746E-02    4.0563E-04
  0.160    4.5026E-02    4.4592E-02    4.3397E-04
  0.170    4.7911E-02    4.7449E-02    4.6249E-04
  0.180    5.0806E-02    5.0315E-02    4.9119E-04
  0.190    5.3712E-02    5.3192E-02    5.2009E-04
  0.200    5.6628E-02    5.6079E-02    5.4919E-04
  0.210    5.9556E-02    5.8977E-02    5.7850E-04
  0.220    6.2494E-02    6.1886E-02    6.0801E-04
  0.230    6.5445E-02    6.4808E-02    6.3773E-04
  0.240    6.8408E-02    6.7741E-02    6.6767E-04
  0.250    7.1384E-02    7.0686E-02    6.9784E-04
  0.260    7.4373E-02    7.3645E-02    7.2823E-04
  0.270    7.7375E-02    7.6616E-02    7.5886E-04
  0.280    8.0391E-02    7.9601E-02    7.8973E-04
  0.290    8.3421E-02    8.2601E-02    8.2085E-04
  0.300    8.6466E-02    8.5614E-02    8.5222E-04
  0.310    8.9526E-02    8.8643E-02    8.8386E-04
  0.320    9.2602E-02    9.1686E-02    9.1576E-04
  0.330    9.5694E-02    9.4746E-02    9.4793E-04
  0.340    9.8802E-02    9.7822E-02    9.8039E-04
  0.350    1.0193E-01    1.0091E-01    1.0131E-03
  0.360    1.0507E-01    1.0402E-01    1.0462E-03
  0.370    1.0823E-01    1.0715E-01    1.0795E-03
  0.380    1.1141E-01    1.1030E-01    1.1132E-03
  0.390    1.1461E-01    1.1346E-01    1.1471E-03
  0.400    1.1783E-01    1.1665E-01    1.1814E-03
  0.410    1.2107E-01    1.1985E-01    1.2161E-03
  0.420    1.2433E-01    1.2308E-01    1.2511E-03
  0.430    1.2761E-01    1.2632E-01    1.2864E-03
  0.440    1.3091E-01    1.2959E-01    1.3221E-03
  0.450    1.3424E-01    1.3288E-01    1.3582E-03
  0.460    1.3759E-01    1.3619E-01    1.3947E-03
  0.470    1.4096E-01    1.3953E-01    1.4316E-03
  0.480    1.4436E-01    1.4289E-01    1.4689E-03
  0.490    1.4779E-01    1.4628E-01    1.5066E-03
  0.500    1.5124E-01    1.4970E-01    1.5447E-03
  0.510    1.5472E-01    1.5314E-01    1.5833E-03
  0.520    1.5823E-01    1.5661E-01    1.6224E-03
  0.530    1.6176E-01    1.6010E-01    1.6619E-03
  0.540    1.6533E-01    1.6363E-01    1.7019E-03
  0.550    1.6893E-01    1.6719E-01    1.7425E-03
  0.560    1.7256E-01    1.7078E-01    1.7835E-03
  0.570    1.7623E-01    1.7440E-01    1.8251E-03
  0.580    1.7992E-01    1.7806E-01    1.8672E-03
  0.590    1.8366E-01    1.8175E-01    1.9099E-03
  0.600    1.8743E-01    1.8547E-01    1.9532E-03
  0.610    1.9124E-01    1.8924E-01    1.9971E-03
  0.620    1.9508E-01    1.9304E-01    2.0416E-03
  0.630    1.9897E-01    1.9688E-01    2.0868E-03
  0.640    2.0290E-01    2.0077E-01    2.1327E-03
  0.650    2.0687E-01    2.0469E-01    2.1792E-03
  0.660    2.1089E-01    2.0866E-01    2.2265E-03
  0.670    2.1495E-01    2.1268E-01    2.2745E-03
  0.680    2.1907E-01    2.1674E-01    2.3232E-03
  0.690    2.2323E-01    2.2085E-01    2.3728E-03
  0.700    2.2744E-01    2.2502E-01    2.4232E-03
  0.710    2.3171E-01    2.2923E-01    2.4744E-03
  0.720    2.3603E-01    2.3350E-01    2.5265E-03
  0.730    2.4041E-01    2.3783E-01    2.5796E-03
  0.740    2.4485E-01    2.4222E-01    2.6336E-03
  0.750    2.4935E-01    2.4666E-01    2.6886E-03
  0.760    2.5392E-01    2.5117E-01    2.7446E-03
  0.770    2.5855E-01    2.5575E-01    2.8017E-03
  0.780    2.6325E-01    2.6039E-01    2.8599E-03
  0.790    2.6803E-01    2.6511E-01    2.9192E-03
  0.800    2.7288E-01    2.6990E-01    2.9797E-03
  0.810    2.7781E-01    2.7477E-01    3.0415E-03
  0.820    2.8283E-01    2.7972E-01    3.1046E-03
  0.830    2.8792E-01    2.8476E-01    3.1691E-03
  0.840    2.9311E-01    2.8988E-01    3.2350E-03
  0.850    2.9840E-01    2.9509E-01    3.3023E-03
  0.860    3.0378E-01    3.0041E-01    3.3712E-03
  0.870    3.0926E-01    3.0582E-01    3.4418E-03
  0.880    3.1485E-01    3.1134E-01    3.5140E-03
  0.890    3.2056E-01    3.1697E-01    3.5880E-03
  0.900    3.2638E-01    3.2271E-01    3.6638E-03
  0.910    3.3232E-01    3.2858E-01    3.7416E-03
  0.920    3.3840E-01    3.3458E-01    3.8214E-03
  0.930    3.4461E-01    3.4071E-01    3.9034E-03
  0.940    3.5097E-01    3.4698E-01    3.9876E-03
  0.950    3.5748E-01    3.5341E-01    4.0742E-03
  0.960    3.6415E-01    3.5999E-01    4.1632E-03
  0.970    3.7099E-01    3.6674E-01    4.2549E-03
  0.980    3.7801E-01    3.7366E-01    4.3493E-03
  0.990    3.8522E-01    3.8077E-01    4.4467E-03
  1.000    3.9263E-01    3.8808E-01    4.5472E-03
