   1.0000000000000000        0.0000000000000000       0.46600291028248553       0.72780229808163477            10000
 i   solar flux    satshine flux      total flux
 -----------------------------------------------
           1   1304.3603808073904        11.536093571336011        1315.8964743787265     
           2   114.10371505220894        2.8580137911978940        116.96172884340683     
           3   180.72007823144784        2.2440361173683594        182.96411434881620     
           4   62.944632858082485        1.2180849126314734        64.162717770713954     
           5   47.427798319412261       0.88741779135595111        48.315216110768212     
           6   30.880040126649362       0.59549867104131604        31.475538797690678     
           7   23.214741176692090       0.32366358784091970        23.538404764533009     
           8   11.845700535431812       0.27112443644238349        12.116824971874195     
           9   7.7658902893616624       0.11415228482159721        7.8800425741832596     
          10   6.2942997824885873       0.11001798225346306        6.4043177647420508     
          11   2.5696930900221790        6.4525511849894343E-002   2.6342186018720732     
          12   3.8690292829473796        4.0187656655149728E-002   3.9092169396025294     
          13  0.48304016160647051        3.4894712752214542E-002  0.51793487435868502     
          14   1.1834162882539536        1.7295261099857576E-002   1.2007115493538112     
          15  0.76239907139467555        1.7156154796530602E-002  0.77955522619120621     
          16  0.29945475146705297        0.0000000000000000       0.29945475146705297     
          17  0.64919556864617123        0.0000000000000000       0.64919556864617123     
          18  0.15816609747431476        1.0685266672539597E-003  0.15923462414156872     
          19  0.40766647984816262        0.0000000000000000       0.40766647984816262     
          20   0.0000000000000000        3.1395878255900795E-003   3.1395878255900795E-003
