   1.0000000000000000        0.0000000000000000       0.46600291028248553       0.72780229808163477            10000
 i   solar flux    satshine flux      total flux
 -----------------------------------------------
           1   1322.4689234217340        11.997811842186433        1334.4667352639203     
           2   120.25739675748221        3.0333486117568791        123.29074536923909     
           3   182.85742797195780        2.3025165437526511        185.15994451571046     
           4   70.191420304986934        1.2462009211593852        71.437621226146319     
           5   56.772773299093551       0.89807693595415095        57.670850235047702     
           6   32.559247212970149       0.48400597922517408        33.043253192195323     
           7   22.574511799161588       0.32091609469517546        22.895427893856763     
           8   13.398651450552270       0.21268763883187020        13.611339089384140     
           9   11.612498824572150       0.14013038465522745        11.752629209227377     
          10   6.8377105980557022       0.11595492892743170        6.9536655269831336     
          11   5.9023190951679041        7.0837745814913186E-002   5.9731568409828171     
          12   3.1823634490999959        4.4178681331796969E-002   3.2265421304317927     
          13   3.3907522065040414        4.0701681376550516E-002   3.4314538878805920     
          14   1.8745421861153826        1.7538355863268903E-002   1.8920805419786515     
          15   1.2339993040412214        9.2980481320926265E-003   1.2432973521733139     
          16  0.15290154373951459        6.2715914605784183E-003  0.15917313520009302     
          17  0.84414294632155618        9.0948250564493183E-003  0.85323777137800549     
          18  0.17635545331437158        8.3868929324798034E-003  0.18474234624685137     
          19   0.0000000000000000        0.0000000000000000        0.0000000000000000     
          20   0.0000000000000000        2.9190371697418215E-003   2.9190371697418215E-003
