   1.0000000000000000        0.0000000000000000       0.46600291028248553       0.72780229808163477            10000
 i   solar flux    satshine flux      total flux
 -----------------------------------------------
           1   1323.0295059722891        12.386524081674326        1335.4160300539634     
           2   117.21110820141551        3.0314955536444157        120.24260375505993     
           3   177.70416208399504        2.2584398101387912        179.96260189413383     
           4   70.621559441260004        1.3272387781774417        71.948798219437450     
           5   52.017330110028681       0.84629283932013000        52.863622949348809     
           6   28.104701740398895       0.58798035018040584        28.692682090579300     
           7   25.875474643155862       0.42947950756982689        26.304954150725688     
           8   11.290008681942897       0.21188046978549299        11.501889151728390     
           9   8.4095237648145922       0.16051314581556167        8.5700369106301544     
          10   6.6581466431265719       0.12437916516024559        6.7825258082868176     
          11   5.8691256761821267        5.5883126860582263E-002   5.9250088030427088     
          12   3.4916099756353800        5.9089004380836252E-002   3.5506989800162163     
          13   2.3829064461443838        2.4770949865991335E-002   2.4076773960103752     
          14   1.1950840940348475        3.2386096564877967E-002   1.2274701905997254     
          15  0.81688672578634192        9.3486079446312743E-003  0.82623533373097324     
          16  0.25943156607238677        1.6287584002415451E-002  0.27571915007480219     
          17   0.0000000000000000        7.8120976511374578E-003   7.8120976511374578E-003
          18   2.3093380528887458E-002   5.9812140456010762E-003   2.9074594574488535E-002
          19  0.27577364110052155        0.0000000000000000       0.27577364110052155     
          20   1.3932384115410503E-002   0.0000000000000000        1.3932384115410503E-002
