   1.0000000000000000        0.0000000000000000       0.46600291028248553       0.72780229808163477            10000
 i   solar flux    satshine flux      total flux
 -----------------------------------------------
           1   1342.7352154873859        12.208151504481455        1354.9433669918674     
           2   121.12720227948982        2.8734345471231570        124.00063682661298     
           3   190.50450633345702        2.4991332072204164        193.00363954067743     
           4   73.720189856940905        1.2612753792025950        74.981465236143507     
           5   58.196190805492776       0.87671638409465991        59.072907189587433     
           6   34.887705953107996       0.63349227843206957        35.521198231540069     
           7   23.079057482913431       0.35190664136828631        23.430964124281719     
           8   12.280406610331909       0.21361411880684772        12.494020729138757     
           9   10.999522904369869       0.17019583742666100        11.169718741796530     
          10   6.5770606435450620        8.7000270740840657E-002   6.6640609142859031     
          11   5.1247338516099745        8.8470092533339720E-002   5.2132039441433147     
          12   2.1074028799668163        6.8726849440797669E-002   2.1761297294076138     
          13   1.2415606102495302        2.4927927046616099E-002   1.2664885372961463     
          14   1.6163207152200803        3.5269772295640614E-002   1.6515904875157208     
          15  0.54193710226040237        1.6298666537706234E-002  0.55823576879810866     
          16  0.45179056843399756        1.4583318096593667E-002  0.46637388653059125     
          17  0.80320123257811815        9.5030177106375062E-003  0.81270425028875570     
          18   0.0000000000000000        9.3304328024825106E-003   9.3304328024825106E-003
          19  0.80991467851040699        6.8695743371973012E-003  0.81678425284760425     
          20   5.3605358186095541E-002   3.4534537140354965E-003   5.7058811900131040E-002
