   1.0000000000000000        0.0000000000000000       0.46600291028248553       0.72780229808163477            10000
 i   solar flux    satshine flux      total flux
 -----------------------------------------------
           1   1291.1970887816060        12.142239764983703        1303.3393285465897     
           2   124.96405853079335        2.9445142433756604        127.90857277416902     
           3   179.70533610737982        2.4621880748162734        182.16752418219610     
           4   74.121401709379825        1.1966040889867513        75.318005798366571     
           5   57.090948136319767       0.83827522037487912        57.929223356694649     
           6   33.056810213605651       0.47452728287238877        33.531337496478038     
           7   23.684329337416401       0.38558327160106015        24.069912609017461     
           8   13.123140192094461       0.23835041385266365        13.361490605947123     
           9   9.9455391455936795       0.17226400318568175        10.117803148779361     
          10   6.4930634673434060        7.7654912636527462E-002   6.5707183799799331     
          11   5.2712032583877004        6.1065268429524852E-002   5.3322685268172254     
          12   4.0056028930074898        6.0921568193330396E-002   4.0665244612008200     
          13   2.3289188278527897        2.3419327599361432E-002   2.3523381554521512     
          14   1.9477701483556493        3.4612023207573693E-002   1.9823821715632231     
          15   1.1735534554144036        3.1446116935334598E-002   1.2049995723497382     
          16   1.0639386320396982        3.9858993382621026E-003   1.0679245313779604     
          17  0.54232340535766421        5.6693257134791649E-003  0.54799273107114332     
          18  0.55133765272605251        6.1102543683971512E-003  0.55744790709444969     
          19  0.21105531437515010        7.9242950033065664E-003  0.21897960937845667     
          20  0.26387030426125246        0.0000000000000000       0.26387030426125246     
