 Curly R     I/F(total)  I/F(solar)   I/F(saturn)
 ---------------------------------------------------
  0.010    2.7684E-03    2.7425E-03    2.5828E-05
  0.020    5.5424E-03    5.4906E-03    5.1784E-05
  0.030    8.3223E-03    8.2444E-03    7.7872E-05
  0.040    1.1108E-02    1.1004E-02    1.0409E-04
  0.050    1.3901E-02    1.3770E-02    1.3045E-04
  0.060    1.6700E-02    1.6543E-02    1.5696E-04
  0.070    1.9506E-02    1.9322E-02    1.8360E-04
  0.080    2.2319E-02    2.2109E-02    2.1040E-04
  0.090    2.5140E-02    2.4902E-02    2.3735E-04
  0.100    2.7968E-02    2.7703E-02    2.6445E-04
  0.110    3.0804E-02    3.0512E-02    2.9171E-04
  0.120    3.3649E-02    3.3329E-02    3.1914E-04
  0.130    3.6502E-02    3.6155E-02    3.4673E-04
  0.140    3.9363E-02    3.8989E-02    3.7450E-04
  0.150    4.2234E-02    4.1832E-02    4.0244E-04
  0.160    4.5115E-02    4.4684E-02    4.3056E-04
  0.170    4.8005E-02    4.7546E-02    4.5887E-04
  0.180    5.0905E-02    5.0418E-02    4.8737E-04
  0.190    5.3816E-02    5.3300E-02    5.1606E-04
  0.200    5.6737E-02    5.6192E-02    5.4494E-04
  0.210    5.9669E-02    5.9095E-02    5.7404E-04
  0.220    6.2613E-02    6.2010E-02    6.0334E-04
  0.230    6.5569E-02    6.4936E-02    6.3285E-04
  0.240    6.8537E-02    6.7874E-02    6.6258E-04
  0.250    7.1517E-02    7.0824E-02    6.9254E-04
  0.260    7.4510E-02    7.3787E-02    7.2272E-04
  0.270    7.7517E-02    7.6764E-02    7.5314E-04
  0.280    8.0537E-02    7.9753E-02    7.8380E-04
  0.290    8.3571E-02    8.2757E-02    8.1471E-04
  0.300    8.6620E-02    8.5775E-02    8.4588E-04
  0.310    8.9684E-02    8.8807E-02    8.7730E-04
  0.320    9.2764E-02    9.1855E-02    9.0899E-04
  0.330    9.5859E-02    9.4918E-02    9.4095E-04
  0.340    9.8971E-02    9.7998E-02    9.7319E-04
  0.350    1.0210E-01    1.0109E-01    1.0057E-03
  0.360    1.0525E-01    1.0421E-01    1.0385E-03
  0.370    1.0841E-01    1.0734E-01    1.0717E-03
  0.380    1.1159E-01    1.1049E-01    1.1051E-03
  0.390    1.1479E-01    1.1366E-01    1.1388E-03
  0.400    1.1802E-01    1.1684E-01    1.1729E-03
  0.410    1.2126E-01    1.2005E-01    1.2073E-03
  0.420    1.2452E-01    1.2328E-01    1.2421E-03
  0.430    1.2780E-01    1.2653E-01    1.2772E-03
  0.440    1.3111E-01    1.2980E-01    1.3127E-03
  0.450    1.3444E-01    1.3309E-01    1.3485E-03
  0.460    1.3779E-01    1.3641E-01    1.3847E-03
  0.470    1.4117E-01    1.3975E-01    1.4214E-03
  0.480    1.4457E-01    1.4311E-01    1.4584E-03
  0.490    1.4800E-01    1.4650E-01    1.4958E-03
  0.500    1.5145E-01    1.4992E-01    1.5337E-03
  0.510    1.5493E-01    1.5336E-01    1.5720E-03
  0.520    1.5844E-01    1.5683E-01    1.6108E-03
  0.530    1.6198E-01    1.6033E-01    1.6500E-03
  0.540    1.6555E-01    1.6386E-01    1.6897E-03
  0.550    1.6915E-01    1.6742E-01    1.7299E-03
  0.560    1.7278E-01    1.7101E-01    1.7706E-03
  0.570    1.7644E-01    1.7463E-01    1.8118E-03
  0.580    1.8014E-01    1.7829E-01    1.8536E-03
  0.590    1.8387E-01    1.8198E-01    1.8959E-03
  0.600    1.8764E-01    1.8570E-01    1.9388E-03
  0.610    1.9145E-01    1.8947E-01    1.9823E-03
  0.620    1.9530E-01    1.9327E-01    2.0264E-03
  0.630    1.9919E-01    1.9711E-01    2.0711E-03
  0.640    2.0311E-01    2.0100E-01    2.1165E-03
  0.650    2.0709E-01    2.0492E-01    2.1626E-03
  0.660    2.1110E-01    2.0889E-01    2.2093E-03
  0.670    2.1516E-01    2.1291E-01    2.2568E-03
  0.680    2.1927E-01    2.1697E-01    2.3050E-03
  0.690    2.2343E-01    2.2108E-01    2.3540E-03
  0.700    2.2765E-01    2.2524E-01    2.4038E-03
  0.710    2.3191E-01    2.2946E-01    2.4544E-03
  0.720    2.3623E-01    2.3372E-01    2.5059E-03
  0.730    2.4061E-01    2.3805E-01    2.5582E-03
  0.740    2.4504E-01    2.4243E-01    2.6115E-03
  0.750    2.4954E-01    2.4688E-01    2.6657E-03
  0.760    2.5411E-01    2.5138E-01    2.7209E-03
  0.770    2.5874E-01    2.5596E-01    2.7772E-03
  0.780    2.6344E-01    2.6060E-01    2.8345E-03
  0.790    2.6821E-01    2.6532E-01    2.8929E-03
  0.800    2.7306E-01    2.7011E-01    2.9525E-03
  0.810    2.7799E-01    2.7497E-01    3.0133E-03
  0.820    2.8300E-01    2.7992E-01    3.0754E-03
  0.830    2.8809E-01    2.8495E-01    3.1388E-03
  0.840    2.9328E-01    2.9008E-01    3.2035E-03
  0.850    2.9856E-01    2.9529E-01    3.2697E-03
  0.860    3.0394E-01    3.0060E-01    3.3374E-03
  0.870    3.0942E-01    3.0602E-01    3.4066E-03
  0.880    3.1501E-01    3.1154E-01    3.4775E-03
  0.890    3.2072E-01    3.1717E-01    3.5502E-03
  0.900    3.2654E-01    3.2292E-01    3.6246E-03
  0.910    3.3249E-01    3.2879E-01    3.7009E-03
  0.920    3.3857E-01    3.3479E-01    3.7792E-03
  0.930    3.4480E-01    3.4094E-01    3.8596E-03
  0.940    3.5116E-01    3.4722E-01    3.9422E-03
  0.950    3.5769E-01    3.5366E-01    4.0272E-03
  0.960    3.6437E-01    3.6026E-01    4.1146E-03
  0.970    3.7123E-01    3.6703E-01    4.2046E-03
  0.980    3.7828E-01    3.7398E-01    4.2973E-03
  0.990    3.8552E-01    3.8112E-01    4.3929E-03
  1.000    3.9296E-01    3.8847E-01    4.4916E-03
