   1.0000000000000000        0.0000000000000000       0.46600291028248553       0.72780229808163477            10000
 i   solar flux    satshine flux      total flux
 -----------------------------------------------
           1   1276.8574124068548        12.097505039274914        1288.9549174461297     
           2   109.25771429431609        3.0462475905474720        112.30396188486355     
           3   165.01749307204310        2.2980881782297811        167.31558125027288     
           4   76.918886477883930        1.2845621502425082        78.203448628126438     
           5   57.765938958717925       0.80480910921627236        58.570748067934197     
           6   29.089442215023610       0.56527981724459608        29.654722032268207     
           7   21.119095948703198       0.30259824564289095        21.421694194346088     
           8   14.026019009630780       0.22837256598966288        14.254391575620442     
           9   11.347539297848774       0.18276262763968404        11.530301925488459     
          10   7.3463864577367985       0.13806743857663042        7.4844538963134291     
          11   4.1804441483593662        6.1165421434823744E-002   4.2416095697941900     
          12   3.2188948035031073        5.7034426376948465E-002   3.2759292298800560     
          13   1.6739318936835166        2.3755282277795952E-002   1.6976871759613126     
          14   2.6198780770615109        1.7739109902417650E-002   2.6376171869639284     
          15  0.30465398955926126        1.3778575459100162E-002  0.31843256501836142     
          16   1.3996800337474462        3.7821083616574910E-003   1.4034621421091038     
          17  0.29002635257349607        1.0220272806267694E-002  0.30024662537976377     
          18  0.39298233032661273        2.6643270089993920E-004  0.39324876302751266     
          19   0.0000000000000000        5.8253159357716444E-003   5.8253159357716444E-003
          20   0.0000000000000000        2.9796752938428055E-004   2.9796752938428055E-004
