   1.0000000000000000        0.0000000000000000       0.46600291028248553       0.72780229808163477            10000
 i   solar flux    satshine flux      total flux
 -----------------------------------------------
           1   1272.7099788216142        12.001864252521964        1284.7118430741361     
           2   119.32897145966896        2.8470332483105065        122.17600470797947     
           3   174.82201351558194        2.4725750450647599        177.29458856064670     
           4   71.520369020470611        1.2084489932169331        72.728818013687544     
           5   55.969139290518036       0.93367591865953870        56.902815209177575     
           6   32.936447679472607       0.50523451581377532        33.441682195286383     
           7   20.212808893367075       0.40979825351907484        20.622607146886150     
           8   15.852435626585969       0.21258749785072087        16.065023124436689     
           9   9.5751577275103994       0.18235107692320326        9.7575088044336020     
          10   5.4137513757512092       0.12541641175958135        5.5391677875107908     
          11   3.7094268189702335        7.9867564918552833E-002   3.7892943838887865     
          12   3.4604819689838706        5.7719625427500740E-002   3.5182015944113711     
          13   1.5500734937220686        3.5262163844311349E-002   1.5853356575663800     
          14  0.97315227630774770        2.9507582236345621E-002   1.0026598585440933     
          15  0.96741322079684366        1.7585684375760947E-002  0.98499890517260458     
          16   0.0000000000000000        1.4797100779701583E-002   1.4797100779701583E-002
          17   3.1541896702604405E-002   8.6736250781256526E-003   4.0215521780730054E-002
          18  0.28991288215981703        2.6434294253318392E-004  0.29017722510235022     
          19   0.0000000000000000        0.0000000000000000        0.0000000000000000     
          20   0.0000000000000000        0.0000000000000000        0.0000000000000000     
