   1.0000000000000000        0.0000000000000000       0.46600291028248553       0.72780229808163477            10000
 i   solar flux    satshine flux      total flux
 -----------------------------------------------
           1   1326.3499742443917        11.816651258045644        1338.1666255024372     
           2   123.48594339279467        2.9740582755655480        126.46000166836022     
           3   189.66080764698256        2.4145442062413971        192.07535185322396     
           4   70.525938144915344        1.2102915504275149        71.736229695342857     
           5   55.929273789184663       0.89509005178203627        56.824363840966697     
           6   33.537537880148811       0.62323951636840924        34.160777396517219     
           7   22.383552459369117       0.39578433776274485        22.779336797131862     
           8   13.896236916662646       0.29134332823670273        14.187580244899349     
           9   7.4277383726345869       0.20378768099529487        7.6315260536298819     
          10   5.1209328840193971       0.10336433615226547        5.2242972201716622     
          11   4.5141162753748052        6.6266433078992978E-002   4.5803827084537980     
          12   3.2272098345824012        6.3785243729814214E-002   3.2909950783122155     
          13   3.0399275907097159        4.0841062311343934E-002   3.0807686530210598     
          14   2.6232620625333563        8.0973757534054010E-003   2.6313594382867618     
          15   1.4117767487483284        1.1070688509944677E-002   1.4228474372582731     
          16  0.21597684420409130        1.2049933013965033E-002  0.22802677721805634     
          17  0.72762889908518036        9.3400201330187341E-003  0.73696891921819907     
          18  0.40323446988168765        3.6880924593621629E-003  0.40692256234104979     
          19  0.85775748350676084        2.2750540751879907E-003  0.86003253758194886     
          20  0.10343054084436618        3.7454896756522168E-003  0.10717603052001839     
