   1.0000000000000000        0.0000000000000000       0.46600291028248553       0.72780229808163477            10000
 i   solar flux    satshine flux      total flux
 -----------------------------------------------
           1   1314.3416981847618        12.323202349911929        1326.6649005346737     
           2   121.54718344098151        3.0576666736828653        124.60485011466437     
           3   177.04017736470422        2.2091622807149025        179.24933964541913     
           4   69.785436350013256        1.2128997835577493        70.998336133571001     
           5   59.691190185999126       0.81425668855742062        60.505446874556547     
           6   30.217565706602951       0.57057140886174229        30.788137115464693     
           7   21.563164111107010       0.30442322565857122        21.867587336765581     
           8   12.193884691301079       0.17874682960848301        12.372631520909563     
           9   9.6864744094292288       0.14809988519244316        9.8345742946216728     
          10   6.9616079833484799       0.11313245062899091        7.0747404339774711     
          11   3.5734811231030057        8.7148393800988308E-002   3.6606295169039940     
          12   4.0439957290020434        5.9682124092096396E-002   4.1036778530941396     
          13   2.1236289279853127        2.0866602415727863E-002   2.1444955304010405     
          14   1.2786855295196844        2.2447590409684068E-002   1.3011331199293685     
          15  0.48576354336204830        1.1751620362865612E-002  0.49751516372491389     
          16  0.39927918257312633        8.3042904963833604E-003  0.40758347306950971     
          17  0.32698841138123541        3.6680012658985178E-003  0.33065641264713391     
          18   5.9715574034892090E-002   4.5693705900940141E-003   6.4284944624986101E-002
          19  0.18580652130789305        5.2063130289220451E-003  0.19101283433681510     
          20   0.0000000000000000        5.0928002828511132E-005   5.0928002828511132E-005
