   1.0000000000000000        0.0000000000000000       0.46600291028248553       0.72780229808163477            10000
 i   solar flux    satshine flux      total flux
 -----------------------------------------------
           1   1352.3474919880396        12.446737214827587        1364.7942292028672     
           2   121.74952874665827        2.8854533958896584        124.63498214254793     
           3   158.69090345584974        2.3740807875940670        161.06498424344380     
           4   69.147354413653417        1.2890147536465184        70.436369167299929     
           5   51.190921979352197       0.83593672406713282        52.026858703419329     
           6   29.470895413112480       0.62524510519761234        30.096140518310094     
           7   23.876751736259674       0.37752433837304566        24.254276074632720     
           8   15.131885912008851       0.28455282533865539        15.416438737347507     
           9   7.9382936864236573       0.15176449531998587        8.0900581817436432     
          10   4.8459989685383462       0.12182439270405787        4.9678233612424041     
          11   3.4478641620714097        5.9310239823906784E-002   3.5071744018953166     
          12   2.2558483597168810        6.4097085870685744E-002   2.3199454455875665     
          13   2.6257239252655080        4.5229523095671673E-002   2.6709534483611796     
          14  0.76826327118908455        2.4772470165354752E-002  0.79303574135443933     
          15  0.57378055353537694        9.2303063493522110E-003  0.58301085988472912     
          16  0.52177740048810461        1.1638288618692896E-002  0.53341568910679749     
          17  0.47747547172583260        8.3472881369031308E-003  0.48582275986273571     
          18   2.9117137934628411E-002   3.4847018031425515E-004   2.9465608114942667E-002
          19  0.22775499682356803        1.5072414489514895E-002  0.24282741131308294     
          20   0.0000000000000000        4.8871931694082806E-003   4.8871931694082806E-003
