   1.0000000000000000        0.0000000000000000       0.46600291028248553       0.72780229808163477            10000
 i   solar flux    satshine flux      total flux
 -----------------------------------------------
           1   1298.1907758961911        12.242871696032710        1310.4336475922239     
           2   118.89461285942605        3.0366929113882506        121.93130577081430     
           3   187.30674857602222        2.4735703035587679        189.78031887958099     
           4   71.771575742637026        1.1908052620897911        72.962381004726822     
           5   56.000547347571910       0.88661327652108679        56.887160624092999     
           6   31.267695771997367       0.50795162127518290        31.775647393272550     
           7   25.195582891183470       0.34786510074521126        25.543447991928680     
           8   15.081558226433605       0.25972377007228831        15.341281996505893     
           9   8.3254919297002044       0.22197153919814896        8.5474634688983535     
          10   6.6060104611988280        9.1215560565196210E-002   6.6972260217640240     
          11   5.1138117886283698        6.6465288640435674E-002   5.1802770772688058     
          12   1.7453001074921530        2.0380769488126352E-002   1.7656808769802794     
          13   2.0569952740338979        5.4838886695790248E-002   2.1118341607296882     
          14   1.1296853628777903        1.8201171516967967E-002   1.1478865343947582     
          15  0.90359655203316336        2.0857715780357385E-002  0.92445426781352069     
          16  0.36685674801529489        1.5359918131195379E-002  0.38221666614649025     
          17  0.17165603033318763        1.8127329675068072E-003  0.17346876330069444     
          18  0.13974155719801065        4.9545300011923097E-003  0.14469608719920296     
          19  0.27421379421717185        3.7037268258139655E-003  0.27791752104298584     
          20   0.0000000000000000        6.5398251891599481E-004   6.5398251891599481E-004
