   1.0000000000000000        0.0000000000000000       0.46600291028248553       0.72780229808163477            10000
 i   solar flux    satshine flux      total flux
 -----------------------------------------------
           1   1342.3089215904627        12.484510595756019        1354.7934321862188     
           2   124.29543418548531        2.9059365777558486        127.20137076324116     
           3   173.38104839636014        2.2676058812039419        175.64865427756408     
           4   67.709062260531567        1.1673743861439301        68.876436646675501     
           5   51.107450751381251       0.90076782012201961        52.008218571503271     
           6   31.530741210096984       0.51180375791114974        32.042544968008137     
           7   21.474182371891509       0.35731965791432291        21.831502029805833     
           8   12.760192609560598       0.22554713499161089        12.985739744552209     
           9   9.4227804129293560       0.14947226710434280        9.5722526800336993     
          10   6.7424029526556204       0.11921283410280159        6.8616157867584224     
          11   4.6194167058422018        6.3270562475449793E-002   4.6826872683176513     
          12   2.3307931413105201        4.0056980197206465E-002   2.3708501215077264     
          13   1.4048878751003495        3.0596526987787392E-002   1.4354844020881370     
          14   1.3207647342086750        3.1845647251045731E-002   1.3526103814597208     
          15  0.35421947371020296        1.6533031176320993E-002  0.37075250488652395     
          16   1.1806408260661929        4.2968520644336618E-003   1.1849376781306267     
          17  0.32871036605103832        4.1136307886851207E-003  0.33282399683972341     
          18  0.27642172503405532        0.0000000000000000       0.27642172503405532     
          19   0.0000000000000000        0.0000000000000000        0.0000000000000000     
          20   0.0000000000000000        0.0000000000000000        0.0000000000000000     
