   1.0000000000000000        0.0000000000000000       0.46600291028248553       0.72780229808163477            10000
 i   solar flux    satshine flux      total flux
 -----------------------------------------------
           1   1296.0653489225183        11.636626242069278        1307.7019751645876     
           2   116.96554889112373        2.9518376897962741        119.91738658092001     
           3   160.04091501314537        2.1504205498969657        162.19133556304234     
           4   69.489793789942453        1.2739658110957934        70.763759601038245     
           5   51.854399641626486       0.88850365697104516        52.742903298597533     
           6   32.766685798430238       0.49838418095956294        33.265069979389800     
           7   22.647848900593260       0.39139850023632400        23.039247400829584     
           8   12.489385058666993       0.22751826781711029        12.716903326484104     
           9   8.2158326290529402       0.17455981069986887        8.3903924397528087     
          10   6.9206487270890564       0.10446694687614490        7.0251156739652014     
          11   5.1297742234988792        7.1110480876123011E-002   5.2008847043750022     
          12   2.0640810778933045        3.8604188112344118E-002   2.1026852660056488     
          13   2.1883232773297454        4.4806648221033814E-002   2.2331299255507790     
          14  0.61131765942146798        2.2992494161836827E-002  0.63431015358330478     
          15   1.4289221569710757        2.3675219583314366E-002   1.4525973765543900     
          16   1.7171329082942433        1.5691217622804551E-002   1.7328241259170478     
          17  0.44425065560395927        1.4682015501168806E-002  0.45893267110512809     
          18   1.0384837073187596        3.6121002380591870E-003   1.0420958075568187     
          19  0.50280209483974703        2.8924706978790881E-003  0.50569456553762615     
          20  0.74842087207585251        4.0153769835471597E-003  0.75243624905939965     
