   1.0000000000000000        0.0000000000000000       0.46600291028248553       0.72780229808163477            10000
 i   solar flux    satshine flux      total flux
 -----------------------------------------------
           1   1228.3689285860278        11.857281011607908        1240.2262095976357     
           2   117.66262282528218        2.9051368595444353        120.56775968482663     
           3   174.12653261898586        2.4345735614006290        176.56110618038650     
           4   72.955564353992415        1.2418372265033928        74.197401580495807     
           5   53.534324645669145       0.85096058834604538        54.385285234015193     
           6   30.802309174782575       0.50247977752716111        31.304788952309735     
           7   22.930765960810518       0.39288190094473896        23.323647861755259     
           8   14.930549147447712       0.25445790863757012        15.185007056085283     
           9   8.5099566100321411       0.12086278666188427        8.6308193966940259     
          10   5.9077265595595270       0.10588045194953039        6.0136070115090572     
          11   4.2804143856160186        6.9052273989112303E-002   4.3494666596051310     
          12   2.7438187993101435        4.0593803718909173E-002   2.7844126030290526     
          13   1.6501052248097596        2.1991582124038987E-002   1.6720968069337987     
          14   1.2429331309120786        2.6982062174547832E-002   1.2699151930866264     
          15  0.80775304774673118        2.3696806336246327E-002  0.83144985408297756     
          16  0.64009373531896652        2.4335955486976504E-002  0.66442969080594305     
          17  0.30553197173825619        5.8926026301037932E-003  0.31142457436835996     
          18   7.3969745061988283E-003   5.0824885263675594E-003   1.2479463032566387E-002
          19  0.10411089368076949        4.4450955810873835E-003  0.10855598926185688     
          20   0.0000000000000000        9.9879095437401290E-003   9.9879095437401290E-003
