   1.0000000000000000        0.0000000000000000       0.46600291028248553       0.72780229808163477            10000
 i   solar flux    satshine flux      total flux
 -----------------------------------------------
           1   1301.9499069312590        11.916566396309351        1313.8664733275684     
           2   123.19953844727192        3.0296301245267210        126.22916857179864     
           3   177.28778407596621        2.4248000609136455        179.71258413687985     
           4   70.543494921066753        1.3437694773567053        71.887264398423454     
           5   54.057020096175577       0.83237909126278742        54.889399187438364     
           6   31.468625445761127       0.54532247671900713        32.013947922480135     
           7   20.359487899278829       0.34286457276444382        20.702352472043273     
           8   14.701554705878944       0.23917661449764827        14.940731320376592     
           9   7.7136852410935326       0.15432594777947817        7.8680111888730107     
          10   4.8489728495659161        9.8744303022106572E-002   4.9477171525880230     
          11   2.0879237331344851        4.6898867534237595E-002   2.1348226006687225     
          12   2.6848190350433954        6.4068758781649263E-002   2.7488877938250447     
          13   2.3013593588004353        3.7106013719498038E-002   2.3384653725199334     
          14  0.68870041002930127        2.8018568213152004E-002  0.71671897824245323     
          15  0.92543704385493175        1.3541900493641842E-002  0.93897894434857354     
          16   1.0533166505383440        4.0078159524815742E-003   1.0573244664908257     
          17  0.80209445038507288        8.4762190559494448E-003  0.81057066944102230     
          18  0.37360071055558247        2.4893028404720007E-003  0.37609001339605447     
          19  0.13724323125327520        0.0000000000000000       0.13724323125327520     
          20  0.10032188000200298        2.1731812144084670E-004  0.10053919812344383     
