 Curly R     I/F(total)  I/F(solar)   I/F(saturn)
 ---------------------------------------------------
  0.010    2.7907E-03    2.7653E-03    2.5351E-05
  0.020    5.5869E-03    5.5361E-03    5.0834E-05
  0.030    8.3890E-03    8.3125E-03    7.6451E-05
  0.040    1.1197E-02    1.1095E-02    1.0221E-04
  0.050    1.4012E-02    1.3883E-02    1.2810E-04
  0.060    1.6833E-02    1.6678E-02    1.5415E-04
  0.070    1.9660E-02    1.9480E-02    1.8034E-04
  0.080    2.2495E-02    2.2288E-02    2.0668E-04
  0.090    2.5337E-02    2.5104E-02    2.3318E-04
  0.100    2.8187E-02    2.7927E-02    2.5984E-04
  0.110    3.1045E-02    3.0758E-02    2.8666E-04
  0.120    3.3910E-02    3.3597E-02    3.1364E-04
  0.130    3.6785E-02    3.6444E-02    3.4080E-04
  0.140    3.9667E-02    3.9299E-02    3.6814E-04
  0.150    4.2559E-02    4.2164E-02    3.9565E-04
  0.160    4.5460E-02    4.5037E-02    4.2335E-04
  0.170    4.8371E-02    4.7920E-02    4.5124E-04
  0.180    5.1292E-02    5.0812E-02    4.7932E-04
  0.190    5.4223E-02    5.3715E-02    5.0760E-04
  0.200    5.7164E-02    5.6628E-02    5.3608E-04
  0.210    6.0116E-02    5.9552E-02    5.6476E-04
  0.220    6.3080E-02    6.2486E-02    5.9366E-04
  0.230    6.6055E-02    6.5432E-02    6.2278E-04
  0.240    6.9042E-02    6.8390E-02    6.5212E-04
  0.250    7.2041E-02    7.1360E-02    6.8169E-04
  0.260    7.5053E-02    7.4342E-02    7.1150E-04
  0.270    7.8079E-02    7.7337E-02    7.4154E-04
  0.280    8.1117E-02    8.0345E-02    7.7183E-04
  0.290    8.4170E-02    8.3367E-02    8.0238E-04
  0.300    8.7237E-02    8.6403E-02    8.3318E-04
  0.310    9.0318E-02    8.9454E-02    8.6425E-04
  0.320    9.3415E-02    9.2519E-02    8.9559E-04
  0.330    9.6527E-02    9.5600E-02    9.2721E-04
  0.340    9.9655E-02    9.8696E-02    9.5911E-04
  0.350    1.0280E-01    1.0181E-01    9.9131E-04
  0.360    1.0596E-01    1.0494E-01    1.0238E-03
  0.370    1.0914E-01    1.0809E-01    1.0566E-03
  0.380    1.1234E-01    1.1125E-01    1.0897E-03
  0.390    1.1556E-01    1.1443E-01    1.1232E-03
  0.400    1.1879E-01    1.1763E-01    1.1570E-03
  0.410    1.2205E-01    1.2086E-01    1.1911E-03
  0.420    1.2532E-01    1.2410E-01    1.2256E-03
  0.430    1.2862E-01    1.2736E-01    1.2604E-03
  0.440    1.3194E-01    1.3064E-01    1.2957E-03
  0.450    1.3528E-01    1.3395E-01    1.3313E-03
  0.460    1.3864E-01    1.3727E-01    1.3672E-03
  0.470    1.4203E-01    1.4062E-01    1.4036E-03
  0.480    1.4544E-01    1.4400E-01    1.4404E-03
  0.490    1.4887E-01    1.4740E-01    1.4777E-03
  0.500    1.5234E-01    1.5082E-01    1.5154E-03
  0.510    1.5582E-01    1.5427E-01    1.5535E-03
  0.520    1.5934E-01    1.5775E-01    1.5921E-03
  0.530    1.6288E-01    1.6125E-01    1.6311E-03
  0.540    1.6646E-01    1.6479E-01    1.6707E-03
  0.550    1.7006E-01    1.6835E-01    1.7108E-03
  0.560    1.7369E-01    1.7194E-01    1.7514E-03
  0.570    1.7736E-01    1.7557E-01    1.7925E-03
  0.580    1.8106E-01    1.7922E-01    1.8342E-03
  0.590    1.8479E-01    1.8291E-01    1.8764E-03
  0.600    1.8856E-01    1.8664E-01    1.9193E-03
  0.610    1.9236E-01    1.9040E-01    1.9627E-03
  0.620    1.9620E-01    1.9420E-01    2.0068E-03
  0.630    2.0009E-01    1.9803E-01    2.0515E-03
  0.640    2.0401E-01    2.0191E-01    2.0969E-03
  0.650    2.0797E-01    2.0582E-01    2.1430E-03
  0.660    2.1197E-01    2.0978E-01    2.1898E-03
  0.670    2.1602E-01    2.1378E-01    2.2373E-03
  0.680    2.2011E-01    2.1783E-01    2.2856E-03
  0.690    2.2426E-01    2.2192E-01    2.3347E-03
  0.700    2.2845E-01    2.2606E-01    2.3846E-03
  0.710    2.3269E-01    2.3025E-01    2.4354E-03
  0.720    2.3698E-01    2.3449E-01    2.4870E-03
  0.730    2.4133E-01    2.3879E-01    2.5396E-03
  0.740    2.4573E-01    2.4314E-01    2.5931E-03
  0.750    2.5020E-01    2.4755E-01    2.6475E-03
  0.760    2.5472E-01    2.5202E-01    2.7030E-03
  0.770    2.5931E-01    2.5655E-01    2.7595E-03
  0.780    2.6396E-01    2.6114E-01    2.8171E-03
  0.790    2.6868E-01    2.6580E-01    2.8759E-03
  0.800    2.7347E-01    2.7053E-01    2.9359E-03
  0.810    2.7833E-01    2.7534E-01    2.9970E-03
  0.820    2.8328E-01    2.8022E-01    3.0595E-03
  0.830    2.8830E-01    2.8517E-01    3.1233E-03
  0.840    2.9340E-01    2.9021E-01    3.1885E-03
  0.850    2.9859E-01    2.9534E-01    3.2551E-03
  0.860    3.0387E-01    3.0055E-01    3.3233E-03
  0.870    3.0925E-01    3.0585E-01    3.3930E-03
  0.880    3.1472E-01    3.1126E-01    3.4644E-03
  0.890    3.2030E-01    3.1676E-01    3.5376E-03
  0.900    3.2598E-01    3.2237E-01    3.6125E-03
  0.910    3.3178E-01    3.2809E-01    3.6894E-03
  0.920    3.3770E-01    3.3393E-01    3.7683E-03
  0.930    3.4374E-01    3.3989E-01    3.8492E-03
  0.940    3.4991E-01    3.4598E-01    3.9323E-03
  0.950    3.5622E-01    3.5220E-01    4.0178E-03
  0.960    3.6267E-01    3.5857E-01    4.1057E-03
  0.970    3.6928E-01    3.6508E-01    4.1961E-03
  0.980    3.7605E-01    3.7176E-01    4.2892E-03
  0.990    3.8298E-01    3.7860E-01    4.3852E-03
  1.000    3.9010E-01    3.8562E-01    4.4842E-03
