   1.0000000000000000        0.0000000000000000       0.46600291028248553       0.72780229808163477            10000
 i   solar flux    satshine flux      total flux
 -----------------------------------------------
           1   1293.7537397467552        11.985850251945182        1305.7395899987005     
           2   119.93971745979511        2.9420263139294240        122.88174377372452     
           3   172.17562011719332        2.4049466617078870        174.58056677890121     
           4   77.893301607188874        1.2697376690550772        79.163039276243950     
           5   57.629801102562567       0.85170436318146348        58.481505465744029     
           6   33.992453609640791       0.60920510236376191        34.601658712004550     
           7   25.065429727140287       0.37686688771414384        25.442296614854431     
           8   13.742234086642380       0.22758676569352748        13.969820852335907     
           9   11.014586408650985       0.11709698932574450        11.131683397976730     
          10   6.3963229557329608       0.10015811559739018        6.4964810713303507     
          11   2.6560998147296386        7.1924706725979087E-002   2.7280245214556178     
          12   1.5855585618240886        5.1262777633295897E-002   1.6368213394573845     
          13   2.2870668038501010        1.9614925361841819E-002   2.3066817292119426     
          14   1.2758840410281076        3.1095898052575042E-002   1.3069799390806827     
          15  0.35281022982562166        3.4772486644033526E-002  0.38758271646965520     
          16  0.35480297521098692        7.9664146434072214E-003  0.36276938985439411     
          17   8.7679286990307109E-002   1.2277363011664863E-002   9.9956650001971972E-002
          18   0.0000000000000000        1.2491635899942755E-002   1.2491635899942755E-002
          19   0.0000000000000000        5.4197671131702282E-003   5.4197671131702282E-003
          20  0.12011698502373394        3.9286412230896406E-003  0.12404562624682358     
