   1.0000000000000000        0.0000000000000000       0.46600291028248553       0.72780229808163477            10000
 i   solar flux    satshine flux      total flux
 -----------------------------------------------
           1   1358.3466720018462        12.087689272396069        1370.4343612742423     
           2   109.60255866230597        3.0761722561242144        112.67873091843018     
           3   166.39811845552759        2.1604133811622068        168.55853183668981     
           4   65.540518588431794        1.2170898995588866        66.757608487990680     
           5   52.811288801541195       0.89647734536577595        53.707766146906970     
           6   29.298469138851722       0.54215552133112244        29.840624660182844     
           7   22.296341227743948       0.38592269397842976        22.682263921722377     
           8   11.356596930669697       0.19854445155459349        11.555141382224290     
           9   9.5162965999603149       0.16867037421500139        9.6849669741753157     
          10   4.3363847255760337       0.10075602257625400        4.4371407481522880     
          11   2.5394790175530719        6.4129383103920468E-002   2.6036084006569924     
          12   1.9391245085062805        3.2422580038799408E-002   1.9715470885450799     
          13   2.2798582857525052        3.2061240820163067E-002   2.3119195265726682     
          14  0.63389897686400798        1.9755680572352243E-002  0.65365465743636020     
          15  0.39218825245029465        7.7200053398893001E-003  0.39990825779018396     
          16  0.54527131735189682        1.2343352286464399E-002  0.55761466963836126     
          17   0.0000000000000000        2.9080264510165789E-003   2.9080264510165789E-003
          18  0.13689364133542345        4.9349535772576798E-003  0.14182859491268113     
          19   0.0000000000000000        8.6279843891963800E-003   8.6279843891963800E-003
          20  0.45982865242234156        7.5117876016086061E-004  0.46057983118250240     
