 Curly R     I/F(total)  I/F(solar)   I/F(saturn)
 ---------------------------------------------------
  0.010    2.8417E-03    2.8160E-03    2.5628E-05
  0.020    5.6890E-03    5.6377E-03    5.1384E-05
  0.030    8.5424E-03    8.4652E-03    7.7272E-05
  0.040    1.1402E-02    1.1299E-02    1.0329E-04
  0.050    1.4268E-02    1.4139E-02    1.2945E-04
  0.060    1.7141E-02    1.6985E-02    1.5576E-04
  0.070    2.0021E-02    1.9839E-02    1.8220E-04
  0.080    2.2908E-02    2.2699E-02    2.0879E-04
  0.090    2.5803E-02    2.5567E-02    2.3554E-04
  0.100    2.8706E-02    2.8443E-02    2.6244E-04
  0.110    3.1616E-02    3.1327E-02    2.8950E-04
  0.120    3.4535E-02    3.4219E-02    3.1672E-04
  0.130    3.7463E-02    3.7119E-02    3.4411E-04
  0.140    4.0400E-02    4.0029E-02    3.7166E-04
  0.150    4.3346E-02    4.2947E-02    3.9940E-04
  0.160    4.6302E-02    4.5875E-02    4.2731E-04
  0.170    4.9268E-02    4.8813E-02    4.5540E-04
  0.180    5.2244E-02    5.1761E-02    4.8368E-04
  0.190    5.5231E-02    5.4719E-02    5.1216E-04
  0.200    5.8229E-02    5.7688E-02    5.4083E-04
  0.210    6.1238E-02    6.0668E-02    5.6970E-04
  0.220    6.4259E-02    6.3660E-02    5.9878E-04
  0.230    6.7291E-02    6.6663E-02    6.2807E-04
  0.240    7.0337E-02    6.9679E-02    6.5757E-04
  0.250    7.3395E-02    7.2707E-02    6.8730E-04
  0.260    7.6466E-02    7.5748E-02    7.1725E-04
  0.270    7.9550E-02    7.8803E-02    7.4744E-04
  0.280    8.2649E-02    8.1871E-02    7.7786E-04
  0.290    8.5763E-02    8.4954E-02    8.0853E-04
  0.300    8.8891E-02    8.8051E-02    8.3945E-04
  0.310    9.2034E-02    9.1163E-02    8.7063E-04
  0.320    9.5193E-02    9.4291E-02    9.0207E-04
  0.330    9.8369E-02    9.7435E-02    9.3378E-04
  0.340    1.0156E-01    1.0060E-01    9.6577E-04
  0.350    1.0477E-01    1.0377E-01    9.9805E-04
  0.360    1.0800E-01    1.0697E-01    1.0306E-03
  0.370    1.1124E-01    1.1018E-01    1.0635E-03
  0.380    1.1451E-01    1.1341E-01    1.0966E-03
  0.390    1.1779E-01    1.1666E-01    1.1301E-03
  0.400    1.2109E-01    1.1993E-01    1.1640E-03
  0.410    1.2442E-01    1.2322E-01    1.1981E-03
  0.420    1.2776E-01    1.2653E-01    1.2326E-03
  0.430    1.3113E-01    1.2986E-01    1.2674E-03
  0.440    1.3452E-01    1.3322E-01    1.3026E-03
  0.450    1.3793E-01    1.3660E-01    1.3382E-03
  0.460    1.4137E-01    1.4000E-01    1.3742E-03
  0.470    1.4483E-01    1.4342E-01    1.4105E-03
  0.480    1.4832E-01    1.4687E-01    1.4473E-03
  0.490    1.5183E-01    1.5035E-01    1.4844E-03
  0.500    1.5537E-01    1.5385E-01    1.5220E-03
  0.510    1.5894E-01    1.5738E-01    1.5601E-03
  0.520    1.6253E-01    1.6094E-01    1.5985E-03
  0.530    1.6616E-01    1.6452E-01    1.6375E-03
  0.540    1.6982E-01    1.6814E-01    1.6770E-03
  0.550    1.7350E-01    1.7179E-01    1.7169E-03
  0.560    1.7722E-01    1.7547E-01    1.7573E-03
  0.570    1.8098E-01    1.7918E-01    1.7983E-03
  0.580    1.8476E-01    1.8292E-01    1.8398E-03
  0.590    1.8859E-01    1.8671E-01    1.8819E-03
  0.600    1.9245E-01    1.9052E-01    1.9246E-03
  0.610    1.9635E-01    1.9438E-01    1.9679E-03
  0.620    2.0028E-01    1.9827E-01    2.0118E-03
  0.630    2.0426E-01    2.0221E-01    2.0563E-03
  0.640    2.0828E-01    2.0618E-01    2.1015E-03
  0.650    2.1235E-01    2.1020E-01    2.1474E-03
  0.660    2.1646E-01    2.1427E-01    2.1939E-03
  0.670    2.2062E-01    2.1838E-01    2.2413E-03
  0.680    2.2482E-01    2.2253E-01    2.2893E-03
  0.690    2.2908E-01    2.2674E-01    2.3382E-03
  0.700    2.3338E-01    2.3100E-01    2.3879E-03
  0.710    2.3775E-01    2.3531E-01    2.4384E-03
  0.720    2.4216E-01    2.3967E-01    2.4898E-03
  0.730    2.4664E-01    2.4410E-01    2.5422E-03
  0.740    2.5118E-01    2.4858E-01    2.5954E-03
  0.750    2.5578E-01    2.5313E-01    2.6497E-03
  0.760    2.6044E-01    2.5773E-01    2.7050E-03
  0.770    2.6517E-01    2.6241E-01    2.7613E-03
  0.780    2.6998E-01    2.6716E-01    2.8187E-03
  0.790    2.7485E-01    2.7197E-01    2.8773E-03
  0.800    2.7981E-01    2.7687E-01    2.9371E-03
  0.810    2.8484E-01    2.8184E-01    2.9982E-03
  0.820    2.8996E-01    2.8689E-01    3.0605E-03
  0.830    2.9516E-01    2.9203E-01    3.1243E-03
  0.840    3.0045E-01    2.9726E-01    3.1894E-03
  0.850    3.0584E-01    3.0259E-01    3.2560E-03
  0.860    3.1133E-01    3.0801E-01    3.3242E-03
  0.870    3.1693E-01    3.1353E-01    3.3940E-03
  0.880    3.2263E-01    3.1916E-01    3.4655E-03
  0.890    3.2844E-01    3.2490E-01    3.5388E-03
  0.900    3.3438E-01    3.3077E-01    3.6140E-03
  0.910    3.4044E-01    3.3675E-01    3.6912E-03
  0.920    3.4663E-01    3.4286E-01    3.7704E-03
  0.930    3.5297E-01    3.4911E-01    3.8518E-03
  0.940    3.5944E-01    3.5551E-01    3.9354E-03
  0.950    3.6608E-01    3.6205E-01    4.0215E-03
  0.960    3.7287E-01    3.6876E-01    4.1102E-03
  0.970    3.7984E-01    3.7563E-01    4.2015E-03
  0.980    3.8698E-01    3.8269E-01    4.2957E-03
  0.990    3.9432E-01    3.8993E-01    4.3928E-03
  1.000    4.0186E-01    3.9736E-01    4.4932E-03
