   1.0000000000000000        0.0000000000000000       0.46600291028248553       0.72780229808163477            10000
 i   solar flux    satshine flux      total flux
 -----------------------------------------------
           1   1331.5396298566445        11.959779927091828        1343.4994097837364     
           2   116.52389794798954        2.7985852993392424        119.32248324732878     
           3   180.16924718764966        2.3731453231383042        182.54239251078798     
           4   71.341038807903260        1.1909601841023922        72.531998992005654     
           5   59.117915930787554       0.86345016488664983        59.981366095674204     
           6   33.171818092156357       0.53050375429217300        33.702321846448527     
           7   22.482773966821753       0.36130930360413965        22.844083270425894     
           8   14.483545589961716       0.25411106932359312        14.737656659285310     
           9   8.6304008471279765       0.15444098161474945        8.7848418287427261     
          10   7.0135890122038465       0.10733505157088664        7.1209240637747335     
          11   3.5636578907930154        7.9062090561980269E-002   3.6427199813549955     
          12   4.1867237750343715        3.9565702742299431E-002   4.2262894777766711     
          13   2.0677077976949692        1.9836003774803684E-002   2.0875438014697729     
          14   1.9044086249305545        3.1439922046242415E-002   1.9358485469767970     
          15  0.38224165552690942        1.6279135506356127E-002  0.39852079103326554     
          16  0.74744202937583326        1.5678470937413955E-002  0.76312050031324719     
          17  0.13768895365165751        2.0203050802927343E-003  0.13970925873195025     
          18  0.38082876601311888        1.1065230871375405E-002  0.39189399688449428     
          19  0.30396958069494512        4.1762192774351054E-003  0.30814579997238023     
          20   3.9071334375911988E-002   7.0016078120723390E-003   4.6072942187984328E-002
