   1.0000000000000000        0.0000000000000000       0.46600291028248553       0.72780229808163477            10000
 i   solar flux    satshine flux      total flux
 -----------------------------------------------
           1   1338.8297065377956        12.659853459467593        1351.4895599972631     
           2   112.18994183031286        2.8619993377536601        115.05194116806652     
           3   171.11388413638775        2.3348884246765262        173.44877256106429     
           4   61.491413248814951        1.1658996362079901        62.657312885022939     
           5   56.065194300014909       0.74391764790532022        56.809111947920229     
           6   31.813827292624413       0.51855896467662543        32.332386257301039     
           7   18.477012301810444       0.37753827101899745        18.854550572829442     
           8   14.096096802217245       0.22635600088677479        14.322452803104019     
           9   10.630194058429245       0.18981557820354736        10.820009636632792     
          10   4.8473006772648626        9.8069229635539545E-002   4.9453699069004022     
          11   3.7299378560405407        7.8198654141566945E-002   3.8081365101821079     
          12   3.4141378076528888        3.1628725330760089E-002   3.4457665329836487     
          13   1.5770856900305230        1.9411307193381567E-002   1.5964969972239045     
          14  0.92452591845949139        9.0212483935021674E-003  0.93354716685299355     
          15  0.38133505622753616        2.0393364581636736E-002  0.40172842080917293     
          16  0.84094702827958823        1.1697649505809133E-002  0.85264467778539732     
          17   0.0000000000000000        4.6200651541190131E-003   4.6200651541190131E-003
          18   0.0000000000000000        4.2432337170429206E-003   4.2432337170429206E-003
          19  0.17207088828264067        0.0000000000000000       0.17207088828264067     
          20   0.0000000000000000        0.0000000000000000        0.0000000000000000     
