   1.0000000000000000        0.0000000000000000       0.46600291028248553       0.72780229808163477            10000
 i   solar flux    satshine flux      total flux
 -----------------------------------------------
           1   1306.7780319910694        11.966110780584525        1318.7441427716540     
           2   117.57601985916168        3.0466157429895540        120.62263560215123     
           3   186.73522827367492        2.2807353420963175        189.01596361577123     
           4   76.354245355945181        1.1957074587949816        77.549952814740166     
           5   51.182786631393377       0.80761691533384516        51.990403546727222     
           6   31.022036636264644       0.51365551013231026        31.535692146396954     
           7   20.085976893313408       0.36114151183324833        20.447118405146657     
           8   12.818012871129500       0.18995288444434735        13.007965755573847     
           9   8.8086990501603353       0.16094393663681991        8.9696429867971545     
          10   3.9224229684378362        8.6515256038320068E-002   4.0089382244761564     
          11   5.1111792059324852        6.9671272175069035E-002   5.1808504781075539     
          12   3.3522936976674269        6.0248581481106907E-002   3.4125422791485338     
          13   2.0745435650238910        3.3040031108329836E-002   2.1075835961322209     
          14  0.69562632085988230        1.1305217591927267E-002  0.70693153845180956     
          15   1.1753292108971412        2.5077889617569613E-002   1.2004071005147108     
          16  0.56348231923801173        1.6695322441898020E-002  0.58017764167990971     
          17  0.83680365905681331        0.0000000000000000       0.83680365905681331     
          18  0.18298194572187670        0.0000000000000000       0.18298194572187670     
          19  0.37906206382019514        2.7279118136545682E-005  0.37908934293833169     
          20   0.0000000000000000        0.0000000000000000        0.0000000000000000     
