   1.0000000000000000        0.0000000000000000       0.46600291028248553       0.72780229808163477            10000
 i   solar flux    satshine flux      total flux
 -----------------------------------------------
           1   1319.0582118942441        11.809245113838911        1330.8674570080830     
           2   127.18929378324395        2.9731458145739560        130.16243959781792     
           3   177.29292575720973        2.4289208972877105        179.72184665449743     
           4   77.643463130196110        1.2482525276997549        78.891715657895872     
           5   52.764122653777378       0.85980288889897105        53.623925542676346     
           6   32.401976175669084       0.50356732926765446        32.905543504936738     
           7   18.876099529897232       0.39083874351610676        19.266938273413338     
           8   15.249264707464180       0.21874101666941687        15.468005724133597     
           9   8.9576199210654259       0.18524627078413308        9.1428661918495582     
          10   6.0159892047077967       0.11301932677923082        6.1290085314870275     
          11   4.9075705840189725        8.9718704604160343E-002   4.9972892886231328     
          12   1.8814743071052278        5.0473348158138379E-002   1.9319476552633661     
          13   1.8640420225392211        4.2726011855124466E-002   1.9067680343943456     
          14   1.1699142668993838        2.9634079844842141E-002   1.1995483467442261     
          15   2.2200570437240228        1.1878638235062024E-002   2.2319356819590848     
          16   1.2467554225841846        4.9265111566144061E-003   1.2516819337407989     
          17  0.96268801393251469        1.2000957240147138E-002  0.97468897117266184     
          18  0.16471106769472624        4.0492697143095042E-003  0.16876033740903573     
          19   0.0000000000000000        3.3761267249881053E-003   3.3761267249881053E-003
          20   0.0000000000000000        1.8367663171041087E-003   1.8367663171041087E-003
