   1.0000000000000000        0.0000000000000000       0.46600291028248553       0.72780229808163477            10000
 i   solar flux    satshine flux      total flux
 -----------------------------------------------
           1   1256.7155670767697        11.948657025797932        1268.6642241025677     
           2   120.83954195379854        2.9847117575476418        123.82425371134619     
           3   178.39621310983557        2.5472948298946863        180.94350793973027     
           4   75.733237982614469        1.3121591592825408        77.045397141897013     
           5   52.648738866575350       0.90417946057336263        53.552918327148710     
           6   36.172454308378484       0.56469275569990662        36.737147064078393     
           7   19.354189111635193       0.37168334147211046        19.725872453107304     
           8   13.669058968133207       0.25176224351799831        13.920821211651205     
           9   10.851508210417077       0.13550627150348804        10.987014481920564     
          10   5.0394357112055506        9.6077033701150213E-002   5.1355127449067011     
          11   3.7273996319360791        5.7185060437523222E-002   3.7845846923736022     
          12   1.5994644454223599        5.5627524088463380E-002   1.6550919695108233     
          13   1.2592180850136365        1.5182105122096126E-002   1.2744001901357327     
          14  0.38977333537488185        4.9310292882675966E-002  0.43908362825755781     
          15  0.93453502385447074        5.7354950160363287E-003  0.94027051887050705     
          16  0.13402746564479406        7.7409892888067062E-003  0.14176845493360077     
          17   8.5536462636460600E-002   6.6792422537325308E-003   9.2215704890193137E-002
          18  0.50695852229588723        4.4533508449304581E-003  0.51141187314081771     
          19  0.25145325623939230        2.5870046013480681E-003  0.25404026084074038     
          20  0.15407999902260244        4.4209691665407979E-003  0.15850096818914325     
