 Curly R     I/F(total)  I/F(solar)   I/F(saturn)
 ---------------------------------------------------
  0.010    2.6947E-03    2.6693E-03    2.5418E-05
  0.020    5.3949E-03    5.3439E-03    5.0966E-05
  0.030    8.1008E-03    8.0241E-03    7.6648E-05
  0.040    1.0813E-02    1.0710E-02    1.0247E-04
  0.050    1.3531E-02    1.3402E-02    1.2842E-04
  0.060    1.6255E-02    1.6101E-02    1.5453E-04
  0.070    1.8987E-02    1.8806E-02    1.8078E-04
  0.080    2.1725E-02    2.1518E-02    2.0718E-04
  0.090    2.4470E-02    2.4236E-02    2.3373E-04
  0.100    2.7223E-02    2.6963E-02    2.6045E-04
  0.110    2.9984E-02    2.9697E-02    2.8732E-04
  0.120    3.2753E-02    3.2438E-02    3.1437E-04
  0.130    3.5530E-02    3.5188E-02    3.4158E-04
  0.140    3.8316E-02    3.7947E-02    3.6898E-04
  0.150    4.1110E-02    4.0714E-02    3.9655E-04
  0.160    4.3914E-02    4.3490E-02    4.2430E-04
  0.170    4.6728E-02    4.6276E-02    4.5225E-04
  0.180    4.9551E-02    4.9071E-02    4.8038E-04
  0.190    5.2385E-02    5.1876E-02    5.0872E-04
  0.200    5.5229E-02    5.4692E-02    5.3726E-04
  0.210    5.8084E-02    5.7518E-02    5.6601E-04
  0.220    6.0950E-02    6.0355E-02    5.9497E-04
  0.230    6.3828E-02    6.3204E-02    6.2415E-04
  0.240    6.6718E-02    6.6064E-02    6.5356E-04
  0.250    6.9620E-02    6.8937E-02    6.8320E-04
  0.260    7.2535E-02    7.1822E-02    7.1307E-04
  0.270    7.5463E-02    7.4719E-02    7.4319E-04
  0.280    7.8404E-02    7.7630E-02    7.7355E-04
  0.290    8.1359E-02    8.0555E-02    8.0417E-04
  0.300    8.4329E-02    8.3494E-02    8.3505E-04
  0.310    8.7314E-02    8.6447E-02    8.6620E-04
  0.320    9.0313E-02    8.9416E-02    8.9763E-04
  0.330    9.3329E-02    9.2399E-02    9.2934E-04
  0.340    9.6360E-02    9.5399E-02    9.6134E-04
  0.350    9.9409E-02    9.8415E-02    9.9363E-04
  0.360    1.0247E-01    1.0145E-01    1.0262E-03
  0.370    1.0556E-01    1.0450E-01    1.0591E-03
  0.380    1.0866E-01    1.0757E-01    1.0924E-03
  0.390    1.1178E-01    1.1065E-01    1.1260E-03
  0.400    1.1492E-01    1.1376E-01    1.1599E-03
  0.410    1.1808E-01    1.1688E-01    1.1941E-03
  0.420    1.2126E-01    1.2003E-01    1.2287E-03
  0.430    1.2446E-01    1.2320E-01    1.2637E-03
  0.440    1.2768E-01    1.2638E-01    1.2991E-03
  0.450    1.3093E-01    1.2959E-01    1.3348E-03
  0.460    1.3420E-01    1.3283E-01    1.3710E-03
  0.470    1.3749E-01    1.3608E-01    1.4075E-03
  0.480    1.4081E-01    1.3936E-01    1.4445E-03
  0.490    1.4415E-01    1.4267E-01    1.4819E-03
  0.500    1.4752E-01    1.4600E-01    1.5198E-03
  0.510    1.5091E-01    1.4936E-01    1.5581E-03
  0.520    1.5434E-01    1.5274E-01    1.5969E-03
  0.530    1.5779E-01    1.5615E-01    1.6362E-03
  0.540    1.6127E-01    1.5960E-01    1.6760E-03
  0.550    1.6478E-01    1.6307E-01    1.7163E-03
  0.560    1.6833E-01    1.6657E-01    1.7572E-03
  0.570    1.7191E-01    1.7011E-01    1.7986E-03
  0.580    1.7552E-01    1.7367E-01    1.8405E-03
  0.590    1.7916E-01    1.7728E-01    1.8831E-03
  0.600    1.8284E-01    1.8091E-01    1.9262E-03
  0.610    1.8656E-01    1.8459E-01    1.9700E-03
  0.620    1.9031E-01    1.8830E-01    2.0144E-03
  0.630    1.9411E-01    1.9205E-01    2.0595E-03
  0.640    1.9795E-01    1.9584E-01    2.1052E-03
  0.650    2.0182E-01    1.9967E-01    2.1517E-03
  0.660    2.0575E-01    2.0355E-01    2.1989E-03
  0.670    2.0971E-01    2.0747E-01    2.2469E-03
  0.680    2.1373E-01    2.1143E-01    2.2956E-03
  0.690    2.1779E-01    2.1545E-01    2.3452E-03
  0.700    2.2190E-01    2.1951E-01    2.3956E-03
  0.710    2.2607E-01    2.2362E-01    2.4468E-03
  0.720    2.3029E-01    2.2779E-01    2.4990E-03
  0.730    2.3456E-01    2.3201E-01    2.5521E-03
  0.740    2.3889E-01    2.3629E-01    2.6061E-03
  0.750    2.4328E-01    2.4062E-01    2.6612E-03
  0.760    2.4774E-01    2.4502E-01    2.7173E-03
  0.770    2.5226E-01    2.4948E-01    2.7745E-03
  0.780    2.5684E-01    2.5401E-01    2.8328E-03
  0.790    2.6150E-01    2.5861E-01    2.8923E-03
  0.800    2.6623E-01    2.6327E-01    2.9530E-03
  0.810    2.7103E-01    2.6801E-01    3.0149E-03
  0.820    2.7591E-01    2.7283E-01    3.0782E-03
  0.830    2.8087E-01    2.7773E-01    3.1428E-03
  0.840    2.8592E-01    2.8271E-01    3.2089E-03
  0.850    2.9106E-01    2.8778E-01    3.2764E-03
  0.860    2.9629E-01    2.9294E-01    3.3455E-03
  0.870    3.0161E-01    2.9820E-01    3.4163E-03
  0.880    3.0704E-01    3.0355E-01    3.4887E-03
  0.890    3.1257E-01    3.0901E-01    3.5629E-03
  0.900    3.1821E-01    3.1457E-01    3.6390E-03
  0.910    3.2396E-01    3.2025E-01    3.7171E-03
  0.920    3.2984E-01    3.2604E-01    3.7971E-03
  0.930    3.3584E-01    3.3196E-01    3.8794E-03
  0.940    3.4197E-01    3.3801E-01    3.9638E-03
  0.950    3.4824E-01    3.4419E-01    4.0507E-03
  0.960    3.5465E-01    3.5051E-01    4.1400E-03
  0.970    3.6122E-01    3.5699E-01    4.2320E-03
  0.980    3.6794E-01    3.6362E-01    4.3267E-03
  0.990    3.7483E-01    3.7041E-01    4.4244E-03
  1.000    3.8190E-01    3.7738E-01    4.5252E-03
