   1.0000000000000000        0.0000000000000000       0.46600291028248553       0.72780229808163477            10000
 i   solar flux    satshine flux      total flux
 -----------------------------------------------
           1   1343.5576725769608        12.311223478606450        1355.8688960555673     
           2   124.64825169824303        2.9475195196162027        127.59577121785924     
           3   181.71612875349570        2.4041694155230560        184.12029816901875     
           4   71.456517510962826        1.2220767351665245        72.678594246129350     
           5   58.097231675402703       0.82551479629067837        58.922746471693380     
           6   28.509137549424278       0.53214906291572217        29.041286612339999     
           7   23.320291867884450       0.30384599767463838        23.624137865559089     
           8   14.074135675905199       0.24342795091925210        14.317563626824450     
           9   9.9875342833658660       0.14396432710537529        10.131498610471242     
          10   7.3908700284083757       0.13319790205351528        7.5240679304618912     
          11   4.4743706237391647        7.5963621606857809E-002   4.5503342453460229     
          12   4.2502217794717438        5.3557016682993466E-002   4.3037787961547371     
          13   1.8793375345656165        2.4699996800213373E-002   1.9040375313658298     
          14  0.54310790633397876        2.7766581864038131E-002  0.57087448819801689     
          15  0.10335210334117757        1.3290598349010321E-002  0.11664270169018789     
          16  0.20302899409412400        1.1366817454012464E-002  0.21439581154813647     
          17  0.38926289754216303        1.4011681669240975E-002  0.40327457921140403     
          18  0.17226873127564379        7.4858455245957701E-003  0.17975457680023957     
          19  0.15592405963519593        9.1671396372516416E-003  0.16509119927244756     
          20  0.23719484200316532        0.0000000000000000       0.23719484200316532     
