 Curly R     I/F(total)  I/F(solar)   I/F(saturn)
 ---------------------------------------------------
  0.010    2.8410E-03    2.8152E-03    2.5816E-05
  0.020    5.6871E-03    5.6353E-03    5.1762E-05
  0.030    8.5385E-03    8.4607E-03    7.7840E-05
  0.040    1.1396E-02    1.1291E-02    1.0405E-04
  0.050    1.4258E-02    1.4128E-02    1.3041E-04
  0.060    1.7127E-02    1.6970E-02    1.5690E-04
  0.070    2.0002E-02    1.9819E-02    1.8354E-04
  0.080    2.2884E-02    2.2674E-02    2.1033E-04
  0.090    2.5773E-02    2.5535E-02    2.3727E-04
  0.100    2.8668E-02    2.8404E-02    2.6437E-04
  0.110    3.1571E-02    3.1279E-02    2.9163E-04
  0.120    3.4481E-02    3.4162E-02    3.1904E-04
  0.130    3.7399E-02    3.7053E-02    3.4663E-04
  0.140    4.0326E-02    3.9951E-02    3.7439E-04
  0.150    4.3261E-02    4.2858E-02    4.0232E-04
  0.160    4.6204E-02    4.5774E-02    4.3043E-04
  0.170    4.9156E-02    4.8698E-02    4.5872E-04
  0.180    5.2118E-02    5.1631E-02    4.8721E-04
  0.190    5.5089E-02    5.4573E-02    5.1588E-04
  0.200    5.8070E-02    5.7526E-02    5.4475E-04
  0.210    6.1062E-02    6.0488E-02    5.7382E-04
  0.220    6.4064E-02    6.3461E-02    6.0309E-04
  0.230    6.7077E-02    6.6444E-02    6.3258E-04
  0.240    7.0101E-02    6.9439E-02    6.6228E-04
  0.250    7.3137E-02    7.2444E-02    6.9220E-04
  0.260    7.6184E-02    7.5462E-02    7.2235E-04
  0.270    7.9244E-02    7.8492E-02    7.5272E-04
  0.280    8.2317E-02    8.1534E-02    7.8334E-04
  0.290    8.5403E-02    8.4589E-02    8.1420E-04
  0.300    8.8503E-02    8.7657E-02    8.4530E-04
  0.310    9.1616E-02    9.0740E-02    8.7666E-04
  0.320    9.4744E-02    9.3836E-02    9.0829E-04
  0.330    9.7887E-02    9.6947E-02    9.4018E-04
  0.340    1.0104E-01    1.0007E-01    9.7234E-04
  0.350    1.0422E-01    1.0321E-01    1.0048E-03
  0.360    1.0741E-01    1.0637E-01    1.0375E-03
  0.370    1.1062E-01    1.0954E-01    1.0705E-03
  0.380    1.1384E-01    1.1274E-01    1.1039E-03
  0.390    1.1708E-01    1.1594E-01    1.1375E-03
  0.400    1.2034E-01    1.1917E-01    1.1715E-03
  0.410    1.2362E-01    1.2241E-01    1.2058E-03
  0.420    1.2692E-01    1.2568E-01    1.2404E-03
  0.430    1.3024E-01    1.2896E-01    1.2754E-03
  0.440    1.3358E-01    1.3227E-01    1.3107E-03
  0.450    1.3694E-01    1.3559E-01    1.3464E-03
  0.460    1.4032E-01    1.3894E-01    1.3825E-03
  0.470    1.4372E-01    1.4231E-01    1.4189E-03
  0.480    1.4715E-01    1.4570E-01    1.4557E-03
  0.490    1.5061E-01    1.4911E-01    1.4930E-03
  0.500    1.5408E-01    1.5255E-01    1.5307E-03
  0.510    1.5759E-01    1.5602E-01    1.5688E-03
  0.520    1.6111E-01    1.5951E-01    1.6073E-03
  0.530    1.6467E-01    1.6303E-01    1.6463E-03
  0.540    1.6826E-01    1.6657E-01    1.6858E-03
  0.550    1.7187E-01    1.7014E-01    1.7257E-03
  0.560    1.7551E-01    1.7375E-01    1.7662E-03
  0.570    1.7919E-01    1.7738E-01    1.8072E-03
  0.580    1.8289E-01    1.8105E-01    1.8486E-03
  0.590    1.8663E-01    1.8474E-01    1.8907E-03
  0.600    1.9041E-01    1.8847E-01    1.9333E-03
  0.610    1.9422E-01    1.9224E-01    1.9765E-03
  0.620    1.9806E-01    1.9604E-01    2.0203E-03
  0.630    2.0195E-01    1.9988E-01    2.0647E-03
  0.640    2.0587E-01    2.0376E-01    2.1097E-03
  0.650    2.0983E-01    2.0767E-01    2.1554E-03
  0.660    2.1383E-01    2.1163E-01    2.2018E-03
  0.670    2.1788E-01    2.1563E-01    2.2489E-03
  0.680    2.2197E-01    2.1968E-01    2.2967E-03
  0.690    2.2611E-01    2.2376E-01    2.3453E-03
  0.700    2.3030E-01    2.2790E-01    2.3947E-03
  0.710    2.3453E-01    2.3209E-01    2.4449E-03
  0.720    2.3882E-01    2.3632E-01    2.4959E-03
  0.730    2.4316E-01    2.4061E-01    2.5479E-03
  0.740    2.4756E-01    2.4496E-01    2.6007E-03
  0.750    2.5201E-01    2.4936E-01    2.6544E-03
  0.760    2.5652E-01    2.5381E-01    2.7092E-03
  0.770    2.6110E-01    2.5833E-01    2.7650E-03
  0.780    2.6574E-01    2.6292E-01    2.8218E-03
  0.790    2.7045E-01    2.6757E-01    2.8797E-03
  0.800    2.7523E-01    2.7229E-01    2.9388E-03
  0.810    2.8008E-01    2.7708E-01    2.9990E-03
  0.820    2.8500E-01    2.8194E-01    3.0606E-03
  0.830    2.9001E-01    2.8689E-01    3.1234E-03
  0.840    2.9510E-01    2.9191E-01    3.1876E-03
  0.850    3.0027E-01    2.9702E-01    3.2532E-03
  0.860    3.0554E-01    3.0222E-01    3.3203E-03
  0.870    3.1090E-01    3.0751E-01    3.3889E-03
  0.880    3.1635E-01    3.1289E-01    3.4592E-03
  0.890    3.2191E-01    3.1838E-01    3.5311E-03
  0.900    3.2758E-01    3.2398E-01    3.6049E-03
  0.910    3.3336E-01    3.2968E-01    3.6805E-03
  0.920    3.3926E-01    3.3550E-01    3.7581E-03
  0.930    3.4528E-01    3.4145E-01    3.8378E-03
  0.940    3.5144E-01    3.4752E-01    3.9197E-03
  0.950    3.5773E-01    3.5373E-01    4.0039E-03
  0.960    3.6417E-01    3.6008E-01    4.0905E-03
  0.970    3.7076E-01    3.6658E-01    4.1797E-03
  0.980    3.7751E-01    3.7323E-01    4.2716E-03
  0.990    3.8442E-01    3.8006E-01    4.3663E-03
  1.000    3.9152E-01    3.8706E-01    4.4642E-03
