   1.0000000000000000        0.0000000000000000       0.46600291028248553       0.72780229808163477            10000
 i   solar flux    satshine flux      total flux
 -----------------------------------------------
           1   1331.3727984454063        12.418976620749808        1343.7917750661561     
           2   120.14439296608589        2.8987053689107909        123.04309833499669     
           3   174.14048629282095        2.3669973732424658        176.50748366606342     
           4   77.051211112680733        1.2096386642731127        78.260849776953847     
           5   57.464602646352006       0.85852932698387108        58.323131973335876     
           6   29.655334247897965       0.57733522300328277        30.232669470901246     
           7   19.124315866343444       0.30774168003824104        19.432057546381685     
           8   17.171458049407470       0.22698706439515695        17.398445113802627     
           9   9.9359366803098847       0.17080210929194858        10.106738789601833     
          10   8.6818073813092642       0.11232149202444243        8.7941288733337064     
          11   7.8125459250819738        8.9728825222102820E-002   7.9022747503040769     
          12   2.7268115499731369        3.5121525832803743E-002   2.7619330758059406     
          13   2.2429061638586263        2.4194641738216355E-002   2.2671008055968427     
          14  0.65238075967540854        2.0616793043674211E-002  0.67299755271908279     
          15  0.74268909071253963        2.1592138788749236E-002  0.76428122950128885     
          16   1.2909141156175716        0.0000000000000000        1.2909141156175716     
          17  0.47187541451054738        1.4698279615141566E-003  0.47334524247206156     
          18  0.13206520074793537        1.9569389223931472E-003  0.13402213967032853     
          19  0.13223146630664900        1.9452682328750597E-003  0.13417673453952406     
          20   0.0000000000000000        0.0000000000000000        0.0000000000000000     
