   1.0000000000000000        0.0000000000000000       0.46600291028248553       0.72780229808163477            10000
 i   solar flux    satshine flux      total flux
 -----------------------------------------------
           1   1307.1583490610446        12.024073045607695        1319.1824221066524     
           2   117.98043779469052        2.8899245074196105        120.87036230211012     
           3   179.66854678281049        2.3668722883867699        182.03541907119725     
           4   72.343937465074802        1.2280933534999487        73.572030818574746     
           5   55.095073649323609       0.81703249569202074        55.912106145015628     
           6   31.999445575824904       0.42991918876434404        32.429364764589245     
           7   19.380531649928333       0.35436810851462774        19.734899758442960     
           8   13.988745608587402       0.16458268809053064        14.153328296677934     
           9   10.542406144738793       0.15168728919330229        10.694093433932096     
          10   6.8306324202527628       0.11034680458016835        6.9409792248329314     
          11   5.5239255721838241        8.2206276515777069E-002   5.6061318486996008     
          12   3.8299629686584384        4.8912411338975621E-002   3.8788753799974143     
          13   2.5713324369927801        5.2419429860854919E-002   2.6237518668536350     
          14   1.6977436951291802        3.5864054664274905E-002   1.7336077497934552     
          15   1.2414839921238470        8.3158643185162716E-003   1.2497998564423631     
          16   1.0963672008305345        2.5727452246987543E-002   1.1220946530775220     
          17  0.83446303895145435        0.0000000000000000       0.83446303895145435     
          18  0.57807087947070213        0.0000000000000000       0.57807087947070213     
          19  0.33245512024525281        3.8588519604115384E-003  0.33631397220566434     
          20   0.0000000000000000        0.0000000000000000        0.0000000000000000     
