   1.0000000000000000        0.0000000000000000       0.46600291028248553       0.72780229808163477            10000
 i   solar flux    satshine flux      total flux
 -----------------------------------------------
           1   1292.6914737451211        11.902356068479374        1304.5938298136005     
           2   125.24217303653580        2.9993670902148386        128.24154012675064     
           3   179.58652644218751        2.3931121925060195        181.97963863469352     
           4   71.129711790632896        1.2839010448488601        72.413612835481757     
           5   59.575696853360121       0.78671308237021265        60.362409935730334     
           6   33.408803466658327       0.54286750759441660        33.951670974252742     
           7   23.296034583015462       0.34186379824144714        23.637898381256910     
           8   15.911546247522661       0.23704302403055708        16.148589271553220     
           9   11.008226870312745       0.12734313778154724        11.135570008094293     
          10   6.8685584659442522        8.9040879322341615E-002   6.9575993452665941     
          11   4.2891952884213422        4.1132523262337434E-002   4.3303278116836799     
          12   2.7802268397361116        4.3435449580400312E-002   2.8236622893165118     
          13   2.7417402131590127        5.4651127084178075E-002   2.7963913402431908     
          14   1.6593748864694544        1.7421257069485111E-002   1.6767961435389396     
          15  0.99032336779706975        1.9542766104491703E-002   1.0098661339015615     
          16  0.73813647338134669        9.4750861654771708E-003  0.74761155954682390     
          17  0.11663499923513268        0.0000000000000000       0.11663499923513268     
          18  0.21469704312940505        0.0000000000000000       0.21469704312940505     
          19  0.21398022364960939        4.4448233046369299E-003  0.21842504695424633     
          20  0.16519230111895558        4.6771109200011551E-003  0.16986941203895672     
