   1.0000000000000000        0.0000000000000000       0.46600291028248553       0.72780229808163477            10000
 i   solar flux    satshine flux      total flux
 -----------------------------------------------
           1   1295.5949158838948        12.211705384120457        1307.8066212680153     
           2   126.18178526245494        2.9018170110831294        129.08360227353808     
           3   193.14284398629673        2.4716586737181170        195.61450266001484     
           4   74.009590085780275        1.3148477033151973        75.324437789095469     
           5   56.983643334154699       0.93534245295277396        57.918985787107474     
           6   37.226821963077860       0.54110391143899073        37.767925874516848     
           7   22.999336613285443       0.38478679832379059        23.384123411609234     
           8   12.465580801907095       0.20752684395630586        12.673107645863400     
           9   9.2000535509484305       0.18667525706379762        9.3867288080122275     
          10   5.1346869869425555        5.7620015441353235E-002   5.1923070023839086     
          11   5.3607173920777917        8.6035566574055714E-002   5.4467529586518477     
          12   2.1527260216810333        3.6128676474012127E-002   2.1888546981550454     
          13   1.9061489587744322        3.5938125697912673E-002   1.9420870844723450     
          14  0.68725454003921005        2.5848734457477415E-002  0.71310327449668742     
          15  0.91208262582180866        3.4679679326989222E-003  0.91555059375450754     
          16  0.73956303657551559        7.8118667137073742E-003  0.74737490328922296     
          17  0.29210568426314709        4.6253193779192984E-003  0.29673100364106642     
          18  0.58727661443344670        1.2887996042525461E-002  0.60016461047597214     
          19  0.37714887797088553        4.7745524198504544E-003  0.38192343039073601     
          20   7.4528921576841878E-002   9.5075394956329658E-003   8.4036461072474838E-002
