 Curly R     I/F(total)  I/F(solar)   I/F(saturn)
 ---------------------------------------------------
  0.010    2.7779E-03    2.7519E-03    2.5975E-05
  0.020    5.5615E-03    5.5094E-03    5.2075E-05
  0.030    8.3510E-03    8.2727E-03    7.8306E-05
  0.040    1.1147E-02    1.1042E-02    1.0467E-04
  0.050    1.3949E-02    1.3818E-02    1.3117E-04
  0.060    1.6758E-02    1.6600E-02    1.5781E-04
  0.070    1.9574E-02    1.9390E-02    1.8459E-04
  0.080    2.2398E-02    2.2186E-02    2.1152E-04
  0.090    2.5229E-02    2.4990E-02    2.3860E-04
  0.100    2.8068E-02    2.7802E-02    2.6584E-04
  0.110    3.0915E-02    3.0622E-02    2.9323E-04
  0.120    3.3771E-02    3.3450E-02    3.2079E-04
  0.130    3.6635E-02    3.6287E-02    3.4851E-04
  0.140    3.9509E-02    3.9132E-02    3.7640E-04
  0.150    4.2392E-02    4.1987E-02    4.0447E-04
  0.160    4.5284E-02    4.4852E-02    4.3272E-04
  0.170    4.8187E-02    4.7726E-02    4.6115E-04
  0.180    5.1100E-02    5.0611E-02    4.8977E-04
  0.190    5.4024E-02    5.3506E-02    5.1858E-04
  0.200    5.6959E-02    5.6412E-02    5.4759E-04
  0.210    5.9906E-02    5.9329E-02    5.7681E-04
  0.220    6.2864E-02    6.2258E-02    6.0623E-04
  0.230    6.5835E-02    6.5199E-02    6.3587E-04
  0.240    6.8818E-02    6.8152E-02    6.6573E-04
  0.250    7.1814E-02    7.1119E-02    6.9581E-04
  0.260    7.4824E-02    7.4098E-02    7.2612E-04
  0.270    7.7847E-02    7.7091E-02    7.5667E-04
  0.280    8.0885E-02    8.0098E-02    7.8746E-04
  0.290    8.3937E-02    8.3119E-02    8.1850E-04
  0.300    8.7005E-02    8.6155E-02    8.4980E-04
  0.310    9.0088E-02    8.9207E-02    8.8136E-04
  0.320    9.3187E-02    9.2274E-02    9.1319E-04
  0.330    9.6303E-02    9.5358E-02    9.4529E-04
  0.340    9.9436E-02    9.8458E-02    9.7768E-04
  0.350    1.0259E-01    1.0158E-01    1.0104E-03
  0.360    1.0575E-01    1.0471E-01    1.0433E-03
  0.370    1.0894E-01    1.0787E-01    1.0766E-03
  0.380    1.1215E-01    1.1104E-01    1.1102E-03
  0.390    1.1537E-01    1.1423E-01    1.1441E-03
  0.400    1.1862E-01    1.1744E-01    1.1784E-03
  0.410    1.2189E-01    1.2068E-01    1.2130E-03
  0.420    1.2518E-01    1.2393E-01    1.2480E-03
  0.430    1.2849E-01    1.2721E-01    1.2833E-03
  0.440    1.3182E-01    1.3050E-01    1.3190E-03
  0.450    1.3518E-01    1.3383E-01    1.3550E-03
  0.460    1.3856E-01    1.3717E-01    1.3915E-03
  0.470    1.4197E-01    1.4054E-01    1.4283E-03
  0.480    1.4541E-01    1.4394E-01    1.4656E-03
  0.490    1.4887E-01    1.4736E-01    1.5033E-03
  0.500    1.5235E-01    1.5081E-01    1.5415E-03
  0.510    1.5587E-01    1.5429E-01    1.5801E-03
  0.520    1.5942E-01    1.5780E-01    1.6191E-03
  0.530    1.6299E-01    1.6133E-01    1.6587E-03
  0.540    1.6660E-01    1.6490E-01    1.6987E-03
  0.550    1.7024E-01    1.6850E-01    1.7393E-03
  0.560    1.7391E-01    1.7213E-01    1.7803E-03
  0.570    1.7761E-01    1.7579E-01    1.8220E-03
  0.580    1.8136E-01    1.7949E-01    1.8641E-03
  0.590    1.8513E-01    1.8323E-01    1.9069E-03
  0.600    1.8895E-01    1.8700E-01    1.9502E-03
  0.610    1.9280E-01    1.9081E-01    1.9942E-03
  0.620    1.9670E-01    1.9466E-01    2.0388E-03
  0.630    2.0063E-01    1.9855E-01    2.0841E-03
  0.640    2.0461E-01    2.0248E-01    2.1300E-03
  0.650    2.0864E-01    2.0646E-01    2.1766E-03
  0.660    2.1271E-01    2.1048E-01    2.2240E-03
  0.670    2.1682E-01    2.1455E-01    2.2721E-03
  0.680    2.2099E-01    2.1867E-01    2.3210E-03
  0.690    2.2520E-01    2.2283E-01    2.3706E-03
  0.700    2.2947E-01    2.2705E-01    2.4211E-03
  0.710    2.3380E-01    2.3132E-01    2.4725E-03
  0.720    2.3818E-01    2.3565E-01    2.5248E-03
  0.730    2.4261E-01    2.4004E-01    2.5779E-03
  0.740    2.4711E-01    2.4448E-01    2.6321E-03
  0.750    2.5167E-01    2.4899E-01    2.6872E-03
  0.760    2.5630E-01    2.5356E-01    2.7433E-03
  0.770    2.6100E-01    2.5820E-01    2.8006E-03
  0.780    2.6576E-01    2.6290E-01    2.8589E-03
  0.790    2.7060E-01    2.6768E-01    2.9184E-03
  0.800    2.7552E-01    2.7254E-01    2.9791E-03
  0.810    2.8051E-01    2.7747E-01    3.0410E-03
  0.820    2.8559E-01    2.8249E-01    3.1043E-03
  0.830    2.9075E-01    2.8758E-01    3.1689E-03
  0.840    2.9601E-01    2.9277E-01    3.2349E-03
  0.850    3.0135E-01    2.9805E-01    3.3024E-03
  0.860    3.0680E-01    3.0343E-01    3.3715E-03
  0.870    3.1234E-01    3.0890E-01    3.4422E-03
  0.880    3.1799E-01    3.1448E-01    3.5145E-03
  0.890    3.2376E-01    3.2017E-01    3.5886E-03
  0.900    3.2964E-01    3.2597E-01    3.6646E-03
  0.910    3.3564E-01    3.3190E-01    3.7425E-03
  0.920    3.4177E-01    3.3795E-01    3.8225E-03
  0.930    3.4803E-01    3.4413E-01    3.9046E-03
  0.940    3.5444E-01    3.5045E-01    3.9889E-03
  0.950    3.6099E-01    3.5692E-01    4.0756E-03
  0.960    3.6770E-01    3.6354E-01    4.1648E-03
  0.970    3.7457E-01    3.7032E-01    4.2566E-03
  0.980    3.8162E-01    3.7727E-01    4.3512E-03
  0.990    3.8885E-01    3.8440E-01    4.4488E-03
  1.000    3.9627E-01    3.9172E-01    4.5495E-03
