   1.0000000000000000        0.0000000000000000       0.46600291028248553       0.72780229808163477            10000
 i   solar flux    satshine flux      total flux
 -----------------------------------------------
           1   1359.7632848010162        11.835270058984719        1371.5985548600008     
           2   122.07706220429785        2.9935639331938431        125.07062613749169     
           3   197.07964516736834        2.2677189679993384        199.34736413536768     
           4   70.604464545657990        1.2275186649323855        71.831983210590380     
           5   57.354999701184575       0.81282363623269571        58.167823337417268     
           6   38.272971727235372       0.53158369093274493        38.804555418168114     
           7   25.656629254661716       0.35459764040787295        26.011226895069591     
           8   14.123019085283069       0.22892381155218969        14.351942896835258     
           9   9.1498350707752039       0.18690125663424462        9.3367363274094490     
          10   5.7906774402823693       0.12449345592739898        5.9151708962097684     
          11   4.4932100695049693        9.1975963090497631E-002   4.5851860325954670     
          12   2.9140792006685858        5.1091311715289855E-002   2.9651705123838759     
          13   3.2841433263203097        3.7880352173149154E-002   3.3220236784934589     
          14  0.78166008286865174        2.5298200772426976E-002  0.80695828364107869     
          15   1.1905320399226795        1.4689362899865503E-002   1.2052214028225450     
          16   1.4094548272154497        2.2352937183321240E-003   1.4116901209337818     
          17  0.39670884577421617        1.2792097576966464E-003  0.39798805553191280     
          18  0.58010324784267309        1.3138269259735588E-002  0.59324151710240869     
          19   4.8034979776186128E-002   0.0000000000000000        4.8034979776186128E-002
          20  0.50539084421316027        0.0000000000000000       0.50539084421316027     
