   1.0000000000000000        0.0000000000000000       0.46600291028248553       0.72780229808163477            10000
 i   solar flux    satshine flux      total flux
 -----------------------------------------------
           1   1353.9948281240972        11.877982119846182        1365.8728102439434     
           2   124.21022581668025        2.9490316195460871        127.15925743622634     
           3   180.55271085811344        2.3127188230506790        182.86542968116413     
           4   67.725631086518320        1.2138840743623678        68.939515160880688     
           5   61.186303567178271       0.76926761343692096        61.955571180615195     
           6   32.642490407472387       0.49929707025587405        33.141787477728258     
           7   21.244106464001323       0.34683224860507278        21.590938712606395     
           8   13.520350616397726       0.26532809973086152        13.785678716128588     
           9   9.4405068020253289       0.18121490108626306        9.6217217031115911     
          10   5.6067062302476733        8.3049127743832607E-002   5.6897553579915057     
          11   3.8767570394021313        6.1611439392736556E-002   3.9383684787948678     
          12   4.5691648877634119        4.2129921603384760E-002   4.6112948093667967     
          13  0.82392680386128170        3.5464451591013163E-002  0.85939125545229489     
          14   2.1604956311916292        8.9795003692587499E-003   2.1694751315608878     
          15  0.54632041950088917        8.4989672924138497E-003  0.55481938679330300     
          16  0.42795523404522345        7.7825550406555866E-003  0.43573778908587901     
          17  0.53215182687840956        0.0000000000000000       0.53215182687840956     
          18  0.18759033308848377        4.7526428760059853E-003  0.19234297596448977     
          19   0.0000000000000000        4.9865885562952782E-003   4.9865885562952782E-003
          20  0.62862588122666030        0.0000000000000000       0.62862588122666030     
