   1.0000000000000000        0.0000000000000000       0.46600291028248553       0.72780229808163477            10000
 i   solar flux    satshine flux      total flux
 -----------------------------------------------
           1   1313.3788848649431        11.969075414529559        1325.3479602794725     
           2   121.85169517790180        2.9172103222728425        124.76890550017464     
           3   176.44398533254966        2.3098773047798207        178.75386263732949     
           4   77.188807474411078        1.2815885801058380        78.470396054516911     
           5   54.304876911433041       0.81987255603023423        55.124749467463275     
           6   30.957217776432358       0.58762712190643074        31.544844898338788     
           7   21.528234610446393       0.37471342558058335        21.902948036026977     
           8   14.319942926266155       0.21566851113417723        14.535611437400332     
           9   10.719744700561787       0.10402557228797896        10.823770272849766     
          10   6.7167548954621239       0.11212160313264415        6.8288764985947683     
          11   3.5172188272621554        4.7319795331438409E-002   3.5645386225935938     
          12   3.6133444457748323        7.1364034259511072E-002   3.6847084800343435     
          13   2.1204489541128564        2.9621746213789612E-002   2.1500707003266459     
          14   1.9878157979758111        1.9724642101770138E-002   2.0075404400775811     
          15   2.1223413259387782        1.4962728095667123E-002   2.1373040540344452     
          16  0.40108369746297734        7.3413481240590828E-004  0.40181783227538326     
          17  0.50538621199718814        1.3387834313254597E-002  0.51877404631044277     
          18  0.50931476580722246        2.4634275405756201E-003  0.51177819334779806     
          19   0.0000000000000000        5.9109854046630952E-003   5.9109854046630952E-003
          20  0.32250217705130146        5.2906181884979850E-003  0.32779279523979943     
