   1.0000000000000000        0.0000000000000000       0.46600291028248553       0.72780229808163477            10000
 i   solar flux    satshine flux      total flux
 -----------------------------------------------
           1   1307.0370923253697        11.900670949918284        1318.9377632752880     
           2   121.59448390412176        2.9269091247177048        124.52139302883947     
           3   175.58648298166432        2.5643189013715859        178.15080188303591     
           4   73.500321861754074        1.3040689593157682        74.804390821069845     
           5   62.346619624897400       0.95684054464840718        63.303460169545808     
           6   31.247948228055712       0.52348240821048220        31.771430636266196     
           7   17.970388456439800       0.38033659119006474        18.350725047629865     
           8   16.721404691492168       0.27808545104184523        16.999490142534015     
           9   9.9060173219497099       0.22365905933448138        10.129676381284192     
          10   5.6300044471400863       0.10031158576345157        5.7303160329035379     
          11   5.2330735666512540        5.8887196276017059E-002   5.2919607629272711     
          12   3.0843134298547881        6.9245845645777529E-002   3.1535592755005655     
          13   1.4754106962941675        4.7371814448931709E-002   1.5227825107430992     
          14   2.1306077876877141        2.6138256558319979E-002   2.1567460442460340     
          15  0.49374956810367071        5.4573910643173360E-003  0.49920695916798807     
          16   1.1243087955790192        3.5610200105317498E-003   1.1278698155895510     
          17  0.34074597326583983        1.2846331461205205E-002  0.35359230472704506     
          18  0.38465126581917203        3.1623660824933648E-003  0.38781363190166540     
          19  0.45248174863038765        0.0000000000000000       0.45248174863038765     
          20   9.5613349742658199E-002   1.8949580315480927E-003   9.7508307774206299E-002
