   1.0000000000000000        0.0000000000000000       0.46600291028248553       0.72780229808163477            10000
 i   solar flux    satshine flux      total flux
 -----------------------------------------------
           1   1338.9457203783013        11.839345398523376        1350.7850657768247     
           2   123.57668134598562        2.9225922327638059        126.49927357874942     
           3   187.35123078307734        2.3368472790595032        189.68807806213684     
           4   75.715105603182266        1.2393719213994241        76.954477524581691     
           5   58.834429133076057       0.83274027141958162        59.667169404495638     
           6   40.373393286130259       0.51150825300188019        40.884901539132137     
           7   22.094995030476724       0.41724339017726031        22.512238420653986     
           8   14.709508607255303       0.18409377989973924        14.893602387155042     
           9   8.6613526736185520       0.15723926047243092        8.8185919340909837     
          10   7.6263217457604018       0.10349395820785294        7.7298157039682547     
          11   4.6575283351677612        6.0488520569221826E-002   4.7180168557369830     
          12   2.6933884964144976        4.3661496304631307E-002   2.7370499927191290     
          13   2.3290155873146432        2.9243224928263777E-002   2.3582588122429069     
          14   2.0564176602058621        1.1295397604451083E-002   2.0677130578103133     
          15  0.74043005498977643        1.3366630043400975E-002  0.75379668503317743     
          16  0.35967805600352676        3.5451894369124765E-003  0.36322324544043921     
          17   9.8030801231796083E-002   6.8290502421612361E-003  0.10485985147395732     
          18  0.35792731912763576        6.3234754724270726E-003  0.36425079460006282     
          19  0.12432579585060399        3.2098999464033619E-003  0.12753569579700735     
          20  0.32193315939473710        1.3080133574968371E-003  0.32324117275223396     
