 Curly R     I/F(total)  I/F(solar)   I/F(saturn)
 ---------------------------------------------------
  0.010    2.8690E-03    2.8438E-03    2.5185E-05
  0.020    5.7436E-03    5.6931E-03    5.0497E-05
  0.030    8.6241E-03    8.5482E-03    7.5939E-05
  0.040    1.1511E-02    1.1409E-02    1.0151E-04
  0.050    1.4404E-02    1.4276E-02    1.2723E-04
  0.060    1.7303E-02    1.7150E-02    1.5308E-04
  0.070    2.0210E-02    2.0031E-02    1.7907E-04
  0.080    2.3123E-02    2.2918E-02    2.0521E-04
  0.090    2.6044E-02    2.5813E-02    2.3150E-04
  0.100    2.8973E-02    2.8715E-02    2.5795E-04
  0.110    3.1910E-02    3.1626E-02    2.8455E-04
  0.120    3.4855E-02    3.4544E-02    3.1131E-04
  0.130    3.7809E-02    3.7471E-02    3.3824E-04
  0.140    4.0772E-02    4.0406E-02    3.6534E-04
  0.150    4.3743E-02    4.3351E-02    3.9261E-04
  0.160    4.6725E-02    4.6305E-02    4.2006E-04
  0.170    4.9716E-02    4.9268E-02    4.4769E-04
  0.180    5.2717E-02    5.2242E-02    4.7550E-04
  0.190    5.5729E-02    5.5226E-02    5.0351E-04
  0.200    5.8752E-02    5.8220E-02    5.3171E-04
  0.210    6.1786E-02    6.1226E-02    5.6011E-04
  0.220    6.4832E-02    6.4243E-02    5.8871E-04
  0.230    6.7889E-02    6.7272E-02    6.1752E-04
  0.240    7.0959E-02    7.0313E-02    6.4655E-04
  0.250    7.4042E-02    7.3366E-02    6.7580E-04
  0.260    7.7138E-02    7.6433E-02    7.0527E-04
  0.270    8.0248E-02    7.9513E-02    7.3498E-04
  0.280    8.3371E-02    8.2606E-02    7.6492E-04
  0.290    8.6509E-02    8.5714E-02    7.9510E-04
  0.300    8.9662E-02    8.8836E-02    8.2553E-04
  0.310    9.2830E-02    9.1974E-02    8.5622E-04
  0.320    9.6014E-02    9.5127E-02    8.8717E-04
  0.330    9.9214E-02    9.8296E-02    9.1839E-04
  0.340    1.0243E-01    1.0148E-01    9.4988E-04
  0.350    1.0567E-01    1.0468E-01    9.8165E-04
  0.360    1.0892E-01    1.0790E-01    1.0137E-03
  0.370    1.1219E-01    1.1114E-01    1.0461E-03
  0.380    1.1548E-01    1.1440E-01    1.0787E-03
  0.390    1.1879E-01    1.1767E-01    1.1117E-03
  0.400    1.2212E-01    1.2097E-01    1.1450E-03
  0.410    1.2547E-01    1.2429E-01    1.1787E-03
  0.420    1.2884E-01    1.2762E-01    1.2126E-03
  0.430    1.3223E-01    1.3098E-01    1.2469E-03
  0.440    1.3565E-01    1.3437E-01    1.2816E-03
  0.450    1.3909E-01    1.3777E-01    1.3167E-03
  0.460    1.4255E-01    1.4120E-01    1.3521E-03
  0.470    1.4604E-01    1.4465E-01    1.3879E-03
  0.480    1.4955E-01    1.4813E-01    1.4241E-03
  0.490    1.5309E-01    1.5163E-01    1.4607E-03
  0.500    1.5666E-01    1.5517E-01    1.4977E-03
  0.510    1.6026E-01    1.5872E-01    1.5352E-03
  0.520    1.6389E-01    1.6231E-01    1.5731E-03
  0.530    1.6754E-01    1.6593E-01    1.6115E-03
  0.540    1.7123E-01    1.6958E-01    1.6504E-03
  0.550    1.7495E-01    1.7326E-01    1.6897E-03
  0.560    1.7870E-01    1.7697E-01    1.7295E-03
  0.570    1.8249E-01    1.8072E-01    1.7699E-03
  0.580    1.8631E-01    1.8450E-01    1.8108E-03
  0.590    1.9017E-01    1.8831E-01    1.8523E-03
  0.600    1.9406E-01    1.9217E-01    1.8943E-03
  0.610    1.9800E-01    1.9606E-01    1.9369E-03
  0.620    2.0197E-01    1.9999E-01    1.9801E-03
  0.630    2.0599E-01    2.0396E-01    2.0239E-03
  0.640    2.1005E-01    2.0798E-01    2.0684E-03
  0.650    2.1415E-01    2.1204E-01    2.1136E-03
  0.660    2.1830E-01    2.1614E-01    2.1594E-03
  0.670    2.2250E-01    2.2030E-01    2.2059E-03
  0.680    2.2675E-01    2.2450E-01    2.2532E-03
  0.690    2.3105E-01    2.2875E-01    2.3013E-03
  0.700    2.3540E-01    2.3305E-01    2.3501E-03
  0.710    2.3981E-01    2.3741E-01    2.3998E-03
  0.720    2.4428E-01    2.4183E-01    2.4503E-03
  0.730    2.4880E-01    2.4630E-01    2.5017E-03
  0.740    2.5339E-01    2.5083E-01    2.5540E-03
  0.750    2.5804E-01    2.5543E-01    2.6072E-03
  0.760    2.6275E-01    2.6009E-01    2.6615E-03
  0.770    2.6754E-01    2.6482E-01    2.7167E-03
  0.780    2.7240E-01    2.6963E-01    2.7730E-03
  0.790    2.7733E-01    2.7450E-01    2.8304E-03
  0.800    2.8234E-01    2.7946E-01    2.8890E-03
  0.810    2.8744E-01    2.8449E-01    2.9487E-03
  0.820    2.9261E-01    2.8961E-01    3.0097E-03
  0.830    2.9788E-01    2.9481E-01    3.0720E-03
  0.840    3.0324E-01    3.0010E-01    3.1356E-03
  0.850    3.0869E-01    3.0549E-01    3.2007E-03
  0.860    3.1425E-01    3.1098E-01    3.2672E-03
  0.870    3.1991E-01    3.1657E-01    3.3352E-03
  0.880    3.2568E-01    3.2228E-01    3.4048E-03
  0.890    3.3157E-01    3.2809E-01    3.4761E-03
  0.900    3.3757E-01    3.3402E-01    3.5492E-03
  0.910    3.4371E-01    3.4008E-01    3.6241E-03
  0.920    3.4997E-01    3.4627E-01    3.7009E-03
  0.930    3.5638E-01    3.5260E-01    3.7798E-03
  0.940    3.6293E-01    3.5907E-01    3.8607E-03
  0.950    3.6964E-01    3.6569E-01    3.9439E-03
  0.960    3.7651E-01    3.7248E-01    4.0294E-03
  0.970    3.8355E-01    3.7943E-01    4.1174E-03
  0.980    3.9077E-01    3.8656E-01    4.2080E-03
  0.990    3.9818E-01    3.9388E-01    4.3013E-03
  1.000    4.0579E-01    4.0139E-01    4.3974E-03
