 Curly R     I/F(total)  I/F(solar)   I/F(saturn)
 ---------------------------------------------------
  0.010    2.8962E-03    2.8704E-03    2.5793E-05
  0.020    5.7978E-03    5.7461E-03    5.1711E-05
  0.030    8.7050E-03    8.6272E-03    7.7756E-05
  0.040    1.1618E-02    1.1514E-02    1.0393E-04
  0.050    1.4537E-02    1.4407E-02    1.3024E-04
  0.060    1.7463E-02    1.7306E-02    1.5669E-04
  0.070    2.0395E-02    2.0212E-02    1.8328E-04
  0.080    2.3334E-02    2.3124E-02    2.1001E-04
  0.090    2.6281E-02    2.6044E-02    2.3689E-04
  0.100    2.9234E-02    2.8970E-02    2.6392E-04
  0.110    3.2196E-02    3.1905E-02    2.9111E-04
  0.120    3.5165E-02    3.4847E-02    3.1845E-04
  0.130    3.8143E-02    3.7797E-02    3.4596E-04
  0.140    4.1129E-02    4.0755E-02    3.7363E-04
  0.150    4.4124E-02    4.3722E-02    4.0147E-04
  0.160    4.7128E-02    4.6698E-02    4.2949E-04
  0.170    5.0141E-02    4.9684E-02    4.5768E-04
  0.180    5.3165E-02    5.2679E-02    4.8606E-04
  0.190    5.6198E-02    5.5683E-02    5.1462E-04
  0.200    5.9242E-02    5.8698E-02    5.4338E-04
  0.210    6.2296E-02    6.1724E-02    5.7233E-04
  0.220    6.5362E-02    6.4760E-02    6.0148E-04
  0.230    6.8439E-02    6.7808E-02    6.3084E-04
  0.240    7.1528E-02    7.0868E-02    6.6041E-04
  0.250    7.4629E-02    7.3939E-02    6.9019E-04
  0.260    7.7743E-02    7.7022E-02    7.2020E-04
  0.270    8.0869E-02    8.0119E-02    7.5043E-04
  0.280    8.4009E-02    8.3228E-02    7.8090E-04
  0.290    8.7163E-02    8.6351E-02    8.1160E-04
  0.300    9.0331E-02    8.9488E-02    8.4255E-04
  0.310    9.3513E-02    9.2640E-02    8.7375E-04
  0.320    9.6711E-02    9.5806E-02    9.0520E-04
  0.330    9.9924E-02    9.8987E-02    9.3692E-04
  0.340    1.0315E-01    1.0218E-01    9.6890E-04
  0.350    1.0640E-01    1.0540E-01    1.0012E-03
  0.360    1.0966E-01    1.0863E-01    1.0337E-03
  0.370    1.1294E-01    1.1187E-01    1.0665E-03
  0.380    1.1624E-01    1.1514E-01    1.0997E-03
  0.390    1.1956E-01    1.1842E-01    1.1331E-03
  0.400    1.2289E-01    1.2172E-01    1.1669E-03
  0.410    1.2625E-01    1.2505E-01    1.2010E-03
  0.420    1.2962E-01    1.2839E-01    1.2354E-03
  0.430    1.3302E-01    1.3175E-01    1.2701E-03
  0.440    1.3644E-01    1.3513E-01    1.3052E-03
  0.450    1.3988E-01    1.3854E-01    1.3407E-03
  0.460    1.4334E-01    1.4196E-01    1.3765E-03
  0.470    1.4683E-01    1.4542E-01    1.4127E-03
  0.480    1.5034E-01    1.4889E-01    1.4493E-03
  0.490    1.5388E-01    1.5239E-01    1.4863E-03
  0.500    1.5744E-01    1.5591E-01    1.5237E-03
  0.510    1.6103E-01    1.5946E-01    1.5615E-03
  0.520    1.6464E-01    1.6304E-01    1.5998E-03
  0.530    1.6829E-01    1.6665E-01    1.6385E-03
  0.540    1.7196E-01    1.7028E-01    1.6776E-03
  0.550    1.7566E-01    1.7395E-01    1.7173E-03
  0.560    1.7940E-01    1.7764E-01    1.7574E-03
  0.570    1.8317E-01    1.8137E-01    1.7980E-03
  0.580    1.8697E-01    1.8513E-01    1.8392E-03
  0.590    1.9080E-01    1.8892E-01    1.8809E-03
  0.600    1.9467E-01    1.9275E-01    1.9231E-03
  0.610    1.9858E-01    1.9661E-01    1.9659E-03
  0.620    2.0252E-01    2.0051E-01    2.0093E-03
  0.630    2.0651E-01    2.0445E-01    2.0533E-03
  0.640    2.1053E-01    2.0843E-01    2.0979E-03
  0.650    2.1459E-01    2.1245E-01    2.1432E-03
  0.660    2.1870E-01    2.1651E-01    2.1891E-03
  0.670    2.2286E-01    2.2062E-01    2.2357E-03
  0.680    2.2706E-01    2.2477E-01    2.2831E-03
  0.690    2.3130E-01    2.2897E-01    2.3311E-03
  0.700    2.3560E-01    2.3322E-01    2.3800E-03
  0.710    2.3995E-01    2.3752E-01    2.4296E-03
  0.720    2.4435E-01    2.4187E-01    2.4801E-03
  0.730    2.4881E-01    2.4628E-01    2.5314E-03
  0.740    2.5332E-01    2.5074E-01    2.5835E-03
  0.750    2.5790E-01    2.5526E-01    2.6366E-03
  0.760    2.6253E-01    2.5984E-01    2.6907E-03
  0.770    2.6723E-01    2.6449E-01    2.7457E-03
  0.780    2.7200E-01    2.6920E-01    2.8018E-03
  0.790    2.7684E-01    2.7398E-01    2.8589E-03
  0.800    2.8175E-01    2.7883E-01    2.9171E-03
  0.810    2.8673E-01    2.8376E-01    2.9765E-03
  0.820    2.9180E-01    2.8876E-01    3.0371E-03
  0.830    2.9694E-01    2.9385E-01    3.0989E-03
  0.840    3.0218E-01    2.9902E-01    3.1621E-03
  0.850    3.0750E-01    3.0427E-01    3.2266E-03
  0.860    3.1291E-01    3.0962E-01    3.2926E-03
  0.870    3.1843E-01    3.1507E-01    3.3600E-03
  0.880    3.2404E-01    3.2062E-01    3.4290E-03
  0.890    3.2977E-01    3.2627E-01    3.4996E-03
  0.900    3.3560E-01    3.3203E-01    3.5720E-03
  0.910    3.4156E-01    3.3791E-01    3.6461E-03
  0.920    3.4764E-01    3.4392E-01    3.7221E-03
  0.930    3.5385E-01    3.5005E-01    3.8001E-03
  0.940    3.6020E-01    3.5632E-01    3.8802E-03
  0.950    3.6669E-01    3.6273E-01    3.9624E-03
  0.960    3.7333E-01    3.6929E-01    4.0470E-03
  0.970    3.8014E-01    3.7601E-01    4.1340E-03
  0.980    3.8712E-01    3.8290E-01    4.2235E-03
  0.990    3.9428E-01    3.8996E-01    4.3157E-03
  1.000    4.0163E-01    3.9722E-01    4.4108E-03
