   1.0000000000000000        0.0000000000000000       0.46600291028248553       0.72780229808163477            10000
 i   solar flux    satshine flux      total flux
 -----------------------------------------------
           1   1350.7737326353167        12.553423895146864        1363.3271565304635     
           2   121.05763225067390        3.0235423356777380        124.08117458635164     
           3   172.03037669790771        2.3249140147891350        174.35529071269684     
           4   71.313006733661652        1.2493709170507037        72.562377650712349     
           5   59.117324298615472       0.84415354919989638        59.961477847815367     
           6   31.889185722145342       0.51645289980534659        32.405638621950686     
           7   22.681207694984582       0.39877265259262107        23.079980347577205     
           8   13.929590481174250       0.24900072812815871        14.178591209302409     
           9   9.1791793780675768       0.13471981894525384        9.3138991970128302     
          10   5.7220526208627511        9.4798477779106022E-002   5.8168510986418571     
          11   4.4559806915141111        4.0328348267998498E-002   4.4963090397821093     
          12   1.5087143967565790        3.6062931095676501E-002   1.5447773278522556     
          13   1.0649033375287396        2.2966028216181589E-002   1.0878693657449212     
          14   1.1819895422283351        1.8857053491941302E-002   1.2008465957202763     
          15   1.1312496439183379        1.8366145865374436E-002   1.1496157897837123     
          16  0.91844289978147964        8.4261026655505916E-003  0.92686900244703019     
          17  0.35911227290474462        0.0000000000000000       0.35911227290474462     
          18   0.0000000000000000        1.3661363426817917E-002   1.3661363426817917E-002
          19   6.6207998932850273E-002   2.0115176613157617E-003   6.8219516594166030E-002
          20  0.54442118002432516        4.1234988930601924E-003  0.54854467891738534     
