   1.0000000000000000        0.0000000000000000       0.46600291028248553       0.72780229808163477            10000
 i   solar flux    satshine flux      total flux
 -----------------------------------------------
           1   1346.6339987291203        11.807708223399402        1358.4417069525198     
           2   122.41765440269705        2.7894530111288214        125.20710741382588     
           3   180.07967688040048        2.3671496171840740        182.44682649758457     
           4   69.922739419620370        1.2428665700997756        71.165605989720149     
           5   57.289738926801789       0.86207730134614846        58.151816228147936     
           6   35.076973721469514       0.53182165684588800        35.608795378315399     
           7   20.059437807596339       0.31270846608283259        20.372146273679171     
           8   16.931132365222854       0.24718977645197188        17.178322141674826     
           9   10.209760069796149       0.13329295436512081        10.343053024161270     
          10   8.1674122470731039        7.9886969999091090E-002   8.2472992170721948     
          11   5.1111225722016780        7.2729136196395913E-002   5.1838517083980742     
          12   3.2124536792785263        3.6333730329420638E-002   3.2487874096079468     
          13   1.8615676675781778        1.8433449820744432E-002   1.8800011173989222     
          14  0.65249457921093290        2.8030277259825227E-002  0.68052485647075811     
          15  0.93312754724782432        8.5631001286486878E-003  0.94169064737647301     
          16  0.42514907564329285        4.8692523084177030E-003  0.43001832795171058     
          17  0.41380995280465127        3.3449608748667699E-003  0.41715491367951801     
          18   0.0000000000000000        5.4833193453025500E-003   5.4833193453025500E-003
          19   0.0000000000000000        5.0209607205138652E-003   5.0209607205138652E-003
          20   3.1469125096295160E-002   2.6415283575265884E-003   3.4110653453821749E-002
