   1.0000000000000000        0.0000000000000000       0.46600291028248553       0.72780229808163477            10000
 i   solar flux    satshine flux      total flux
 -----------------------------------------------
           1   1335.2049447064214        12.018374422722754        1347.2233191291441     
           2   118.18748515918828        2.9042682120443004        121.09175337123258     
           3   174.46342376211294        2.3829388998583498        176.84636266197128     
           4   69.853998934481623        1.3084621701580448        71.162461104639675     
           5   53.536373067365886       0.93883409426792841        54.475207161633811     
           6   36.469753619601974       0.48676858138011675        36.956522200982093     
           7   24.225612172274545       0.32575751975704542        24.551369692031589     
           8   16.821004323066802       0.22225306325529368        17.043257386322097     
           9   7.8922963267583333       0.14604821591874637        8.0383445426770788     
          10   5.8903301661076366       0.11611277285744950        6.0064429389650860     
          11   3.6391151477370673        5.3174336460991824E-002   3.6922894841980591     
          12   3.6055628630317340        4.3203373105910430E-002   3.6487662361376443     
          13   2.0717312378360315        4.2680029774488967E-002   2.1144112676105205     
          14  0.88267963318431386        3.0124201738127378E-002  0.91280383492244122     
          15   1.4377456537717452        3.4367395860220674E-002   1.4721130496319659     
          16  0.63627972498065244        8.9368191013095705E-003  0.64521654408196205     
          17  0.33450955157084827        1.2748718295048141E-002  0.34725826986589642     
          18  0.17467091763479614        4.3526142257401985E-003  0.17902353186053635     
          19  0.16014093392609852        5.3499523253489637E-003  0.16549088625144748     
          20  0.22686041930215348        3.0351326153233728E-003  0.22989555191747685     
