 Curly R     I/F(total)  I/F(solar)   I/F(saturn)
 ---------------------------------------------------
  0.010    2.8141E-03    2.7886E-03    2.5505E-05
  0.020    5.6341E-03    5.5830E-03    5.1136E-05
  0.030    8.4601E-03    8.3832E-03    7.6894E-05
  0.040    1.1292E-02    1.1190E-02    1.0278E-04
  0.050    1.4131E-02    1.4002E-02    1.2881E-04
  0.060    1.6977E-02    1.6822E-02    1.5497E-04
  0.070    1.9829E-02    1.9648E-02    1.8127E-04
  0.080    2.2689E-02    2.2481E-02    2.0772E-04
  0.090    2.5557E-02    2.5322E-02    2.3431E-04
  0.100    2.8432E-02    2.8171E-02    2.6106E-04
  0.110    3.1315E-02    3.1027E-02    2.8796E-04
  0.120    3.4207E-02    3.3892E-02    3.1502E-04
  0.130    3.7107E-02    3.6765E-02    3.4225E-04
  0.140    4.0016E-02    3.9647E-02    3.6964E-04
  0.150    4.2935E-02    4.2537E-02    3.9720E-04
  0.160    4.5863E-02    4.5438E-02    4.2494E-04
  0.170    4.8800E-02    4.8348E-02    4.5286E-04
  0.180    5.1748E-02    5.1267E-02    4.8096E-04
  0.190    5.4707E-02    5.4198E-02    5.0925E-04
  0.200    5.7676E-02    5.7138E-02    5.3773E-04
  0.210    6.0657E-02    6.0090E-02    5.6642E-04
  0.220    6.3649E-02    6.3053E-02    5.9530E-04
  0.230    6.6652E-02    6.6028E-02    6.2439E-04
  0.240    6.9669E-02    6.9015E-02    6.5370E-04
  0.250    7.2697E-02    7.2014E-02    6.8323E-04
  0.260    7.5739E-02    7.5026E-02    7.1298E-04
  0.270    7.8794E-02    7.8051E-02    7.4296E-04
  0.280    8.1863E-02    8.1090E-02    7.7317E-04
  0.290    8.4946E-02    8.4143E-02    8.0363E-04
  0.300    8.8044E-02    8.7210E-02    8.3433E-04
  0.310    9.1157E-02    9.0292E-02    8.6530E-04
  0.320    9.4286E-02    9.3389E-02    8.9652E-04
  0.330    9.7430E-02    9.6502E-02    9.2801E-04
  0.340    1.0059E-01    9.9632E-02    9.5977E-04
  0.350    1.0377E-01    1.0278E-01    9.9182E-04
  0.360    1.0697E-01    1.0594E-01    1.0242E-03
  0.370    1.1018E-01    1.0912E-01    1.0568E-03
  0.380    1.1341E-01    1.1232E-01    1.0897E-03
  0.390    1.1666E-01    1.1554E-01    1.1230E-03
  0.400    1.1993E-01    1.1878E-01    1.1566E-03
  0.410    1.2323E-01    1.2204E-01    1.1905E-03
  0.420    1.2654E-01    1.2531E-01    1.2247E-03
  0.430    1.2987E-01    1.2861E-01    1.2593E-03
  0.440    1.3323E-01    1.3193E-01    1.2943E-03
  0.450    1.3661E-01    1.3528E-01    1.3296E-03
  0.460    1.4001E-01    1.3865E-01    1.3653E-03
  0.470    1.4344E-01    1.4204E-01    1.4014E-03
  0.480    1.4689E-01    1.4545E-01    1.4379E-03
  0.490    1.5037E-01    1.4889E-01    1.4748E-03
  0.500    1.5387E-01    1.5236E-01    1.5121E-03
  0.510    1.5741E-01    1.5586E-01    1.5499E-03
  0.520    1.6097E-01    1.5938E-01    1.5881E-03
  0.530    1.6456E-01    1.6293E-01    1.6268E-03
  0.540    1.6818E-01    1.6651E-01    1.6660E-03
  0.550    1.7183E-01    1.7012E-01    1.7056E-03
  0.560    1.7551E-01    1.7376E-01    1.7458E-03
  0.570    1.7923E-01    1.7744E-01    1.7865E-03
  0.580    1.8298E-01    1.8115E-01    1.8277E-03
  0.590    1.8676E-01    1.8489E-01    1.8695E-03
  0.600    1.9058E-01    1.8867E-01    1.9119E-03
  0.610    1.9444E-01    1.9249E-01    1.9548E-03
  0.620    1.9834E-01    1.9634E-01    1.9984E-03
  0.630    2.0228E-01    2.0024E-01    2.0426E-03
  0.640    2.0626E-01    2.0417E-01    2.0874E-03
  0.650    2.1028E-01    2.0815E-01    2.1329E-03
  0.660    2.1435E-01    2.1217E-01    2.1791E-03
  0.670    2.1847E-01    2.1624E-01    2.2261E-03
  0.680    2.2263E-01    2.2035E-01    2.2738E-03
  0.690    2.2684E-01    2.2452E-01    2.3222E-03
  0.700    2.3110E-01    2.2873E-01    2.3715E-03
  0.710    2.3541E-01    2.3299E-01    2.4216E-03
  0.720    2.3978E-01    2.3731E-01    2.4725E-03
  0.730    2.4421E-01    2.4168E-01    2.5243E-03
  0.740    2.4869E-01    2.4612E-01    2.5771E-03
  0.750    2.5324E-01    2.5061E-01    2.6308E-03
  0.760    2.5785E-01    2.5516E-01    2.6855E-03
  0.770    2.6253E-01    2.5978E-01    2.7412E-03
  0.780    2.6727E-01    2.6447E-01    2.7980E-03
  0.790    2.7209E-01    2.6923E-01    2.8560E-03
  0.800    2.7698E-01    2.7406E-01    2.9150E-03
  0.810    2.8194E-01    2.7897E-01    2.9753E-03
  0.820    2.8699E-01    2.8396E-01    3.0369E-03
  0.830    2.9212E-01    2.8903E-01    3.0998E-03
  0.840    2.9734E-01    2.9418E-01    3.1640E-03
  0.850    3.0266E-01    2.9943E-01    3.2297E-03
  0.860    3.0806E-01    3.0477E-01    3.2968E-03
  0.870    3.1357E-01    3.1020E-01    3.3656E-03
  0.880    3.1918E-01    3.1574E-01    3.4359E-03
  0.890    3.2490E-01    3.2139E-01    3.5080E-03
  0.900    3.3074E-01    3.2715E-01    3.5819E-03
  0.910    3.3669E-01    3.3303E-01    3.6577E-03
  0.920    3.4277E-01    3.3904E-01    3.7354E-03
  0.930    3.4899E-01    3.4517E-01    3.8152E-03
  0.940    3.5534E-01    3.5144E-01    3.8973E-03
  0.950    3.6184E-01    3.5786E-01    3.9816E-03
  0.960    3.6850E-01    3.6443E-01    4.0684E-03
  0.970    3.7531E-01    3.7116E-01    4.1577E-03
  0.980    3.8230E-01    3.7805E-01    4.2497E-03
  0.990    3.8948E-01    3.8513E-01    4.3447E-03
  1.000    3.9684E-01    3.9240E-01    4.4426E-03
