   1.0000000000000000        0.0000000000000000       0.46600291028248553       0.72780229808163477            10000
 i   solar flux    satshine flux      total flux
 -----------------------------------------------
           1   1321.4135470193123        11.946362020065482        1333.3599090393777     
           2   122.15805241495235        2.9344620907363326        125.09251450568868     
           3   183.93492665201092        2.4327847306799781        186.36771138269089     
           4   67.476893379005986        1.2182084021670561        68.695101781173037     
           5   56.674152980256260       0.87135046380986636        57.545503444066128     
           6   31.218829014309666       0.58652366324956895        31.805352677559235     
           7   21.012916154857447       0.34098345302278493        21.353899607880230     
           8   14.423413646100318       0.26035625898985443        14.683769905090173     
           9   12.707407884512669       0.17242153763647317        12.879829422149143     
          10   5.6159048968023439        9.6690023863888988E-002   5.7125949206662332     
          11   3.1756272117276581        4.1534097154569925E-002   3.2171613088822282     
          12   3.1121597410413839        5.7344169261341435E-002   3.1695039103027254     
          13   2.7412563486004555        2.0612613212495058E-002   2.7618689618129504     
          14  0.77520402237491681        2.9470911746794105E-002  0.80467493412171087     
          15   1.2755954429140048        1.6473821892028919E-002   1.2920692648060337     
          16   1.2236330828914674        1.8221600423763895E-003   1.2254552429338439     
          17  0.48700161006040654        3.9841193728055134E-003  0.49098572943321206     
          18   6.5368517822509742E-002   6.7135224512017387E-003   7.2082040273711484E-002
          19  0.10338463103999231        5.2849790862724384E-003  0.10866961012626475     
          20   6.4062337353506152E-002   4.7678749351895101E-003   6.8830212288695666E-002
