   1.0000000000000000        0.0000000000000000       0.46600291028248553       0.72780229808163477            10000
 i   solar flux    satshine flux      total flux
 -----------------------------------------------
           1   1293.5117981932224        11.907437628570687        1305.4192358217931     
           2   111.71986675709368        2.9889909547994673        114.70885771189315     
           3   167.30053032339890        2.2964085860456573        169.59693890944456     
           4   72.179505355256808        1.2857905000899192        73.465295855346724     
           5   53.831589167873901       0.84452759642927810        54.676116764303181     
           6   31.337565965674518       0.55005295388593833        31.887618919560456     
           7   19.075237659823870       0.29258225950393324        19.367819919327804     
           8   10.410822189702436       0.26980718743836513        10.680629377140802     
           9   8.8280428204365951       0.18620084945291523        9.0142436698895096     
          10   5.9520728273543746        7.7343421217363484E-002   6.0294162485717377     
          11   4.4693132606684003        7.9521862200838248E-002   4.5488351228692387     
          12   3.3821199773996380        4.2193979058309621E-002   3.4243139564579477     
          13   2.6044498332309782        3.4024363308410237E-002   2.6384741965393883     
          14   1.8900862152135998        2.7116175858053260E-002   1.9172023910716529     
          15  0.91734951768306627        9.6331177209599255E-003  0.92698263540402615     
          16  0.64838732212145911        1.8821358220025806E-002  0.66720868034148495     
          17  0.54054791062590557        1.0500009584408915E-003  0.54159791158434645     
          18  0.54216169963512240        2.4920985457077796E-003  0.54465379818083015     
          19   0.0000000000000000        5.2886004913068928E-003   5.2886004913068928E-003
          20   0.0000000000000000        7.1230996064295081E-003   7.1230996064295081E-003
