   1.0000000000000000        0.0000000000000000       0.46600291028248553       0.72780229808163477            10000
 i   solar flux    satshine flux      total flux
 -----------------------------------------------
           1   1261.5183292226488        12.216065577094829        1273.7343947997438     
           2   125.07018858547670        3.1836506090407686        128.25383919451747     
           3   183.54091042288093        2.5295870649255345        186.07049748780645     
           4   71.012005742925297        1.3250899283953668        72.337095671320668     
           5   63.329039292733739       0.88095044485096496        64.209989737584706     
           6   34.240160109833596       0.51619873823983620        34.756358848073432     
           7   22.032004129980464       0.38651763871535971        22.418521768695825     
           8   15.061669566070329       0.23666520051445308        15.298334766584782     
           9   11.266379028430048       0.13361555320172325        11.399994581631772     
          10   5.7420128183705756        9.6768523657672315E-002   5.8387813420282484     
          11   4.0613164723676949        8.1161405380795984E-002   4.1424778777484912     
          12   3.7780149069184406        5.2115563575445216E-002   3.8301304704938857     
          13   1.6999828103112329        1.6970867686701870E-002   1.7169536779979349     
          14  0.93038068861857148        1.7094283638422775E-002  0.94747497225699429     
          15  0.82846468585943678        2.4808928107696773E-002  0.85327361396713353     
          16  0.38042134435834618        6.6636756832126765E-003  0.38708502004155887     
          17  0.26069613248942936        1.1237143686296400E-002  0.27193327617572577     
          18  0.21457018566122768        0.0000000000000000       0.21457018566122768     
          19   0.0000000000000000        6.3674725865906631E-003   6.3674725865906631E-003
          20  0.30738296658565595        0.0000000000000000       0.30738296658565595     
