   1.0000000000000000        0.0000000000000000       0.46600291028248553       0.72780229808163477            10000
 i   solar flux    satshine flux      total flux
 -----------------------------------------------
           1   1306.2602637227876        12.405272079092324        1318.6655358018800     
           2   116.76273115101947        2.8571725849456948        119.61990373596517     
           3   169.13013616074619        2.4149655950668940        171.54510175581308     
           4   72.018835789787573        1.1008053437132888        73.119641133500863     
           5   55.011066516814957       0.90662250329746930        55.917689020112427     
           6   36.610691122862271       0.53265274798888462        37.143343870851155     
           7   22.094204654207200       0.36383610599110361        22.458040760198305     
           8   14.748824855740965       0.26098750605715504        15.009812361798121     
           9   8.0935019247491731       0.14794074541654778        8.2414426701657213     
          10   5.9661897562125858        9.7119805156567429E-002   6.0633095613691532     
          11   3.2289180693016681        7.3278240354989629E-002   3.3021963096566576     
          12   2.7928092978569445        3.5751187807643671E-002   2.8285604856645881     
          13   1.2727430108161948        3.8672756044361045E-002   1.3114157668605557     
          14   2.3969763559305854        3.3505836520096026E-002   2.4304821924506816     
          15   1.3420199906840327        1.3191376075110747E-002   1.3552113667591434     
          16  0.59987934216245131        7.4215038917283425E-003  0.60730084605417967     
          17  0.49804598148387974        6.4079820267046146E-003  0.50445396351058436     
          18  0.37533508766885204        0.0000000000000000       0.37533508766885204     
          19  0.22433901926119615        2.9447025735101938E-003  0.22728372183470635     
          20  0.13781908367269399        1.0370870850479785E-003  0.13885617075774198     
