   1.0000000000000000        0.0000000000000000       0.46600291028248553       0.72780229808163477            10000
 i   solar flux    satshine flux      total flux
 -----------------------------------------------
           1   1303.6983575366080        12.249942378337062        1315.9482999149450     
           2   115.99661261791596        2.8634804216121914        118.86009303952815     
           3   182.74611770628223        2.4360966661633863        185.18221437244563     
           4   75.151509338729426        1.2528933987667337        76.404402737496156     
           5   57.567369923031336       0.86225784842614828        58.429627771457483     
           6   36.954372663464504       0.60893436017049929        37.563307023635005     
           7   25.702207591966022       0.34794671821880840        26.050154310184830     
           8   18.233976501750490       0.24257414375676822        18.476550645507260     
           9   10.864701953135528       0.17868148889135982        11.043383442026888     
          10   6.9484754164265032       0.11316611291532451        7.0616415293418280     
          11   5.7089509626265089        8.9236692270414031E-002   5.7981876548969229     
          12   2.0085711458638933        4.8969690241654235E-002   2.0575408361055474     
          13   1.1710280974898990        3.6499296361585852E-002   1.2075273938514848     
          14   1.4668601403145991        1.8308943169441035E-002   1.4851690834840401     
          15  0.65269203412096388        1.6752531717987761E-002  0.66944456583895162     
          16  0.22029004534044738        4.2809432155171637E-003  0.22457098855596455     
          17  0.16847744050303071        4.9974773254004160E-003  0.17347491782843114     
          18  0.96076320697127304        4.5627620574194058E-003  0.96532596902869250     
          19   0.0000000000000000        1.7381564919216898E-003   1.7381564919216898E-003
          20  0.38690026647182152        0.0000000000000000       0.38690026647182152     
