   1.0000000000000000        0.0000000000000000       0.46600291028248553       0.72780229808163477            10000
 i   solar flux    satshine flux      total flux
 -----------------------------------------------
           1   1317.2539845396368        12.112365542322486        1329.3663500819594     
           2   129.37341353036314        3.0015204306786281        132.37493396104176     
           3   178.03923156990862        2.4226897311531475        180.46192130106178     
           4   65.873295037523604        1.1970061827352378        67.070301220258841     
           5   59.797412860844666       0.88401239074238724        60.681425251587051     
           6   34.837746212128607       0.60545091734826229        35.443197129476872     
           7   22.488713931212715       0.35048296491462400        22.839196896127337     
           8   14.645251087122922       0.25364087643851907        14.898891963561441     
           9   10.847114527008294       0.12602055699898213        10.973135084007277     
          10   7.0933226124238793       0.10643871483382722        7.1997613272577068     
          11   4.5520971604829885        4.5746391516106329E-002   4.5978435519990946     
          12   4.0126175783352105        4.1930996195706172E-002   4.0545485745309167     
          13   1.9904193713937888        2.2959193786742771E-002   2.0133785651805316     
          14  0.93986028127885501        3.3105726098192838E-002  0.97296600737704786     
          15  0.62200902282385351        1.3304033265939381E-002  0.63531305608979294     
          16   1.0292164192152120        5.9321713530378220E-003   1.0351485905682498     
          17   0.0000000000000000        7.9098975426097687E-003   7.9098975426097687E-003
          18   3.1339320592424412E-002   2.1967699098218376E-003   3.3536090502246249E-002
          19  0.55077467891627285        6.7173035797854271E-003  0.55749198249605825     
          20   0.0000000000000000        4.5475246796084588E-003   4.5475246796084588E-003
