   1.0000000000000000        0.0000000000000000       0.46600291028248553       0.72780229808163477            10000
 i   solar flux    satshine flux      total flux
 -----------------------------------------------
           1   1291.0693426810399        12.202688707737730        1303.2720313887776     
           2   131.46941284341418        2.9189696787739834        134.38838252218815     
           3   173.09243972108496        2.3835397035180690        175.47597942460303     
           4   76.189675831083633        1.3381910463249858        77.527866877408613     
           5   53.782989567332912       0.85543869928689786        54.638428266619812     
           6   36.380348533482689       0.54931423570188931        36.929662769184581     
           7   23.836542232169293       0.33222468728854948        24.168766919457841     
           8   15.964887444497885       0.22751280045250874        16.192400244950395     
           9   10.012249597679785       0.13324953577613161        10.145499133455917     
          10   7.5360919680922480        9.8544467961250479E-002   7.6346364360534986     
          11   4.8108011164944342        5.7576111724405118E-002   4.8683772282188391     
          12   3.5050600160489047        5.0796984070440698E-002   3.5558570001193455     
          13   2.9868149967072108        3.6508222990986647E-002   3.0233232196981974     
          14   2.2877041242929845        3.1676412144660701E-002   2.3193805364376452     
          15   1.6121440172070400        1.9107474633419101E-002   1.6312514918404590     
          16   1.2109776739878910        1.3813733191450285E-003   1.2123590473070360     
          17  0.43807086878232843        2.4554466692003795E-002  0.46262533547433221     
          18   2.7779127715087257E-002   6.4655919323470838E-003   3.4244719647434342E-002
          19  0.28512369382692687        5.9629785103329181E-003  0.29108667233725977     
          20  0.24392111960527518        6.7366896944865817E-003  0.25065780929976178     
