   1.0000000000000000        0.0000000000000000       0.46600291028248553       0.72780229808163477            10000
 i   solar flux    satshine flux      total flux
 -----------------------------------------------
           1   1334.3452267435248        12.218713972558728        1346.5639407160836     
           2   121.32794731744394        2.9726436676391184        124.30059098508306     
           3   178.90004218044567        2.3337780471468337        181.23382022759250     
           4   71.200366652210064        1.2743053650264584        72.474672017236529     
           5   57.411565779394728       0.77446431412246952        58.186030093517196     
           6   30.431256953485189       0.51478750288475716        30.946044456369947     
           7   21.434581943750224       0.33810971406172258        21.772691657811947     
           8   15.564090221446886       0.23843136321458425        15.802521584661470     
           9   8.5245052386159443       0.20680974438179242        8.7313149829977359     
          10   7.3402235431914962       0.10236602721315115        7.4425895704046470     
          11   4.4171537413152437        6.7787616507269374E-002   4.4849413578225130     
          12   3.2651590510975490        2.0464086569700030E-002   3.2856231376672489     
          13   1.8184079159343460        3.1572158021863181E-002   1.8499800739562091     
          14   1.6149640232771683        1.7067604502399972E-002   1.6320316277795683     
          15  0.30546693885219300        2.3966459604846394E-002  0.32943339845703939     
          16   4.6134758765634269E-002   1.7149087464780693E-002   6.3283846230414970E-002
          17  0.21831188561656009        5.0025287270126567E-003  0.22331441434357274     
          18  0.39595256578739868        2.1883914622366440E-003  0.39814095724963533     
          19   0.0000000000000000        4.1427389080388923E-003   4.1427389080388923E-003
          20   0.0000000000000000        0.0000000000000000        0.0000000000000000     
