   1.0000000000000000        0.0000000000000000       0.46600291028248553       0.72780229808163477            10000
 i   solar flux    satshine flux      total flux
 -----------------------------------------------
           1   1349.0324520835975        11.586972949054203        1360.6194250326516     
           2   122.97802097212362        2.9922508272290074        125.97027179935262     
           3   179.42200597939637        2.2749045081471286        181.69691048754351     
           4   65.030058384972250        1.1958452830676023        66.225903668039848     
           5   56.499739291039461       0.89280584762458914        57.392545138664047     
           6   31.513677854142394       0.57432441271281631        32.088002266855213     
           7   23.074831875655164       0.35443114350887522        23.429263019164040     
           8   11.104732432797423       0.25953710395985691        11.364269536757281     
           9   10.517168518569896       0.23881280210143727        10.755981320671333     
          10   5.2278784841859327        8.1250301623934151E-002   5.3091287858098672     
          11   4.4457801120409837        6.6422523997173424E-002   4.5122026360381575     
          12   2.4557999558981356        5.5595640823104961E-002   2.5113955967212407     
          13   1.0407407282799106        3.9303342137542420E-002   1.0800440704174530     
          14  0.99660778946983897        2.8694485994707235E-002   1.0253022754645462     
          15  0.11537239849821598        1.0707663729412923E-002  0.12608006222762891     
          16  0.49557042087584274        2.2266700009655381E-002  0.51783712088549816     
          17  0.58476760068443934        3.4818292853364559E-003  0.58824942996977581     
          18  0.33546479258443423        5.8898478156781901E-003  0.34135464040011243     
          19  0.20148178578654674        9.1693955016338702E-003  0.21065118128818061     
          20  0.10763195011253879        7.5721467003811503E-004  0.10838916478257690     
