   1.0000000000000000        0.0000000000000000       0.46600291028248553       0.72780229808163477            10000
 i   solar flux    satshine flux      total flux
 -----------------------------------------------
           1   1349.8369375375237        12.345780990238989        1362.1827185277627     
           2   124.93912468086864        3.0250098710106350        127.96413455187928     
           3   182.70277465019427        2.2617663127521510        184.96454096294642     
           4   69.244854326779404        1.2033426494394768        70.448196976218881     
           5   51.929534766363332       0.83592711755023597        52.765461883913567     
           6   30.199865495937342       0.58810390936377555        30.787969405301116     
           7   21.578064048125015       0.33133921693348500        21.909403265058501     
           8   14.611096562586546       0.24307043981113416        14.854167002397681     
           9   7.4390518132782475       0.18697052930738747        7.6260223425856353     
          10   6.8466964647507780       0.11512875590090774        6.9618252206516855     
          11   4.1814349162732434        6.1279640725681511E-002   4.2427145569989246     
          12   2.7641437325336953        4.5948529907431188E-002   2.8100922624411266     
          13   1.1411165622456581        2.6658701853674176E-002   1.1677752640993322     
          14   1.0336447912258895        1.9183956649758225E-002   1.0528287478756477     
          15  0.33974170943246174        5.4258373283181489E-003  0.34516754676077988     
          16  0.21212219955663170        1.4611952682266923E-002  0.22673415223889862     
          17  0.50284230101255134        6.1455069879800869E-003  0.50898780800053145     
          18  0.13774286554420503        4.9678702749227375E-003  0.14271073581912777     
          19  0.25600268540973392        0.0000000000000000       0.25600268540973392     
          20   0.0000000000000000        3.8510464488028789E-003   3.8510464488028789E-003
