   1.0000000000000000        0.0000000000000000       0.46600291028248553       0.72780229808163477            10000
 i   solar flux    satshine flux      total flux
 -----------------------------------------------
           1   1324.7213357598946        12.006991452750084        1336.7283272126447     
           2   129.85742103127888        2.9409657299359182        132.79838676121480     
           3   182.74731131045928        2.5528716224476864        185.30018293290698     
           4   80.432321338489913        1.2660689802471972        81.698390318737111     
           5   62.157742738944307       0.86908985077688017        63.026832589721188     
           6   37.745545739401962       0.57290112832946649        38.318446867731431     
           7   26.519871770291175       0.36427016742250506        26.884141937713679     
           8   15.475616768871920       0.22838699615897989        15.704003765030899     
           9   12.806360088482649       0.17132551595568080        12.977685604438330     
          10   5.2282907414655426       0.10216479437718466        5.3304555358427272     
          11   3.3046066532373350        6.8037884830835949E-002   3.3726445380681711     
          12   2.4557609281845041        3.7155321338577713E-002   2.4929162495230819     
          13   3.0597944515484046        2.5090286320488080E-002   3.0848847378688928     
          14  0.49028806365076416        1.8076270396622289E-002  0.50836433404738646     
          15  0.52976380491183062        1.1815038067255770E-002  0.54157884297908643     
          16   1.0135055897680303        0.0000000000000000        1.0135055897680303     
          17  0.57577751361947593        1.1938966884698716E-002  0.58771648050417469     
          18  0.50391253605171515        4.3632906496583069E-003  0.50827582670137350     
          19  0.91780957616420511        2.9653479727377728E-003  0.92077492413694284     
          20  0.13925223891051491        1.1085945080875415E-003  0.14036083341860245     
