   1.0000000000000000        0.0000000000000000       0.46600291028248553       0.72780229808163477            10000
 i   solar flux    satshine flux      total flux
 -----------------------------------------------
           1   1335.4974328131045        11.768805205336848        1347.2662380184413     
           2   118.19257273289013        2.8950597097852078        121.08763244267533     
           3   180.79386091920645        2.4632476243530101        183.25710854355947     
           4   74.764439390138122        1.2574290667533270        76.021868456891454     
           5   54.984183276458090       0.92067531849054740        55.904858594948635     
           6   30.920697651476274       0.53772616957088892        31.458423821047163     
           7   20.565931917515087       0.32686416521366757        20.892796082728754     
           8   12.427282838290118       0.26762474093115046        12.694907579221269     
           9   9.0073738544553521       0.11720834684489534        9.1245822013002478     
          10   4.3719309476647563       0.13194180614040976        4.5038727538051662     
          11   2.8028817306956126        5.3625224002993709E-002   2.8565069546986064     
          12   2.3566365789467589        2.3749292566248883E-002   2.3803858715130080     
          13   1.5636340085330818        2.7080233708695174E-002   1.5907142422417770     
          14  0.98037335757051680        1.8719778891373551E-002  0.99909313646189035     
          15   1.1226078172678373        1.7028655563063731E-002   1.1396364728309010     
          16  0.47561576888890794        1.5193497272269769E-002  0.49080926616117770     
          17  0.48669964615179379        1.0088135919806519E-002  0.49678778207160029     
          18  0.57515775624532106        8.9965222547140292E-003  0.58415427850003510     
          19  0.39128783982020088        2.8690183490269684E-003  0.39415685816922785     
          20  0.52002780349803823        3.7813872149337520E-003  0.52380919071297194     
