 Curly R     I/F(total)  I/F(solar)   I/F(saturn)
 ---------------------------------------------------
  0.010    2.8614E-03    2.8364E-03    2.5035E-05
  0.020    5.7282E-03    5.6780E-03    5.0195E-05
  0.030    8.6006E-03    8.5251E-03    7.5485E-05
  0.040    1.1479E-02    1.1378E-02    1.0091E-04
  0.050    1.4363E-02    1.4237E-02    1.2647E-04
  0.060    1.7254E-02    1.7102E-02    1.5216E-04
  0.070    2.0151E-02    1.9973E-02    1.7800E-04
  0.080    2.3056E-02    2.2852E-02    2.0399E-04
  0.090    2.5967E-02    2.5737E-02    2.3013E-04
  0.100    2.8886E-02    2.8629E-02    2.5642E-04
  0.110    3.1812E-02    3.1529E-02    2.8287E-04
  0.120    3.4747E-02    3.4437E-02    3.0948E-04
  0.130    3.7689E-02    3.7353E-02    3.3626E-04
  0.140    4.0641E-02    4.0277E-02    3.6321E-04
  0.150    4.3601E-02    4.3210E-02    3.9033E-04
  0.160    4.6570E-02    4.6152E-02    4.1763E-04
  0.170    4.9549E-02    4.9104E-02    4.4511E-04
  0.180    5.2537E-02    5.2065E-02    4.7278E-04
  0.190    5.5536E-02    5.5035E-02    5.0064E-04
  0.200    5.8545E-02    5.8017E-02    5.2871E-04
  0.210    6.1565E-02    6.1008E-02    5.5697E-04
  0.220    6.4596E-02    6.4011E-02    5.8544E-04
  0.230    6.7639E-02    6.7025E-02    6.1412E-04
  0.240    7.0694E-02    7.0051E-02    6.4302E-04
  0.250    7.3760E-02    7.3088E-02    6.7214E-04
  0.260    7.6840E-02    7.6138E-02    7.0150E-04
  0.270    7.9932E-02    7.9201E-02    7.3109E-04
  0.280    8.3038E-02    8.2277E-02    7.6091E-04
  0.290    8.6158E-02    8.5367E-02    7.9099E-04
  0.300    8.9292E-02    8.8471E-02    8.2132E-04
  0.310    9.2441E-02    9.1589E-02    8.5191E-04
  0.320    9.5605E-02    9.4723E-02    8.8277E-04
  0.330    9.8785E-02    9.7871E-02    9.1390E-04
  0.340    1.0198E-01    1.0104E-01    9.4531E-04
  0.350    1.0519E-01    1.0422E-01    9.7701E-04
  0.360    1.0842E-01    1.0741E-01    1.0090E-03
  0.370    1.1167E-01    1.1063E-01    1.0413E-03
  0.380    1.1494E-01    1.1386E-01    1.0739E-03
  0.390    1.1822E-01    1.1711E-01    1.1068E-03
  0.400    1.2152E-01    1.2038E-01    1.1401E-03
  0.410    1.2485E-01    1.2367E-01    1.1737E-03
  0.420    1.2819E-01    1.2698E-01    1.2077E-03
  0.430    1.3156E-01    1.3031E-01    1.2420E-03
  0.440    1.3494E-01    1.3367E-01    1.2766E-03
  0.450    1.3835E-01    1.3704E-01    1.3117E-03
  0.460    1.4178E-01    1.4044E-01    1.3471E-03
  0.470    1.4524E-01    1.4386E-01    1.3829E-03
  0.480    1.4872E-01    1.4730E-01    1.4192E-03
  0.490    1.5223E-01    1.5077E-01    1.4559E-03
  0.500    1.5576E-01    1.5427E-01    1.4930E-03
  0.510    1.5932E-01    1.5779E-01    1.5305E-03
  0.520    1.6290E-01    1.6134E-01    1.5685E-03
  0.530    1.6652E-01    1.6491E-01    1.6070E-03
  0.540    1.7016E-01    1.6852E-01    1.6460E-03
  0.550    1.7384E-01    1.7215E-01    1.6854E-03
  0.560    1.7754E-01    1.7582E-01    1.7254E-03
  0.570    1.8128E-01    1.7952E-01    1.7659E-03
  0.580    1.8505E-01    1.8325E-01    1.8070E-03
  0.590    1.8886E-01    1.8701E-01    1.8487E-03
  0.600    1.9270E-01    1.9081E-01    1.8909E-03
  0.610    1.9658E-01    1.9465E-01    1.9337E-03
  0.620    2.0050E-01    1.9852E-01    1.9772E-03
  0.630    2.0445E-01    2.0243E-01    2.0213E-03
  0.640    2.0845E-01    2.0638E-01    2.0660E-03
  0.650    2.1248E-01    2.1037E-01    2.1115E-03
  0.660    2.1656E-01    2.1441E-01    2.1576E-03
  0.670    2.2069E-01    2.1849E-01    2.2045E-03
  0.680    2.2486E-01    2.2261E-01    2.2522E-03
  0.690    2.2908E-01    2.2678E-01    2.3006E-03
  0.700    2.3335E-01    2.3100E-01    2.3499E-03
  0.710    2.3767E-01    2.3527E-01    2.4000E-03
  0.720    2.4204E-01    2.3959E-01    2.4510E-03
  0.730    2.4647E-01    2.4397E-01    2.5028E-03
  0.740    2.5095E-01    2.4840E-01    2.5557E-03
  0.750    2.5550E-01    2.5289E-01    2.6094E-03
  0.760    2.6010E-01    2.5744E-01    2.6642E-03
  0.770    2.6477E-01    2.6205E-01    2.7201E-03
  0.780    2.6950E-01    2.6673E-01    2.7770E-03
  0.790    2.7431E-01    2.7147E-01    2.8351E-03
  0.800    2.7918E-01    2.7629E-01    2.8944E-03
  0.810    2.8413E-01    2.8117E-01    2.9548E-03
  0.820    2.8915E-01    2.8614E-01    3.0166E-03
  0.830    2.9426E-01    2.9118E-01    3.0797E-03
  0.840    2.9945E-01    2.9630E-01    3.1441E-03
  0.850    3.0472E-01    3.0151E-01    3.2101E-03
  0.860    3.1009E-01    3.0681E-01    3.2775E-03
  0.870    3.1555E-01    3.1221E-01    3.3465E-03
  0.880    3.2111E-01    3.1770E-01    3.4172E-03
  0.890    3.2678E-01    3.2329E-01    3.4896E-03
  0.900    3.3255E-01    3.2899E-01    3.5638E-03
  0.910    3.3844E-01    3.3480E-01    3.6399E-03
  0.920    3.4444E-01    3.4072E-01    3.7180E-03
  0.930    3.5057E-01    3.4677E-01    3.7982E-03
  0.940    3.5683E-01    3.5295E-01    3.8805E-03
  0.950    3.6323E-01    3.5927E-01    3.9652E-03
  0.960    3.6978E-01    3.6573E-01    4.0523E-03
  0.970    3.7648E-01    3.7234E-01    4.1420E-03
  0.980    3.8334E-01    3.7910E-01    4.2344E-03
  0.990    3.9037E-01    3.8604E-01    4.3297E-03
  1.000    3.9758E-01    3.9315E-01    4.4280E-03
