   1.0000000000000000        0.0000000000000000       0.46600291028248553       0.72780229808163477            10000
 i   solar flux    satshine flux      total flux
 -----------------------------------------------
           1   1304.4746981997573        11.563277171467782        1316.0379753712250     
           2   147.57782294602708        3.2798647859011290        150.85768773192822     
           3   193.64662032329250        2.4957754370940313        196.14239576038653     
           4   63.673235331535658        1.2047134712155572        64.877948802751220     
           5   93.869537656750040       0.85709979465230357        94.726637451402340     
           6   24.364651020303373       0.93830415014679325        25.302955170450169     
           7   38.923650244897857       0.43621382231519917        39.359864067213053     
           8   14.131364144556303       0.49023871036856609        14.621602854924868     
           9   21.357380732280198       0.29432595765323072        21.651706689933430     
          10   1.6095512962127509       0.37337298642242156        1.9829242826351725     
          11   14.404186600543465        2.3638118824042958E-003   14.406550412425869     
          12   5.8647871601629875        1.5407699529838936E-003   5.8663279301159710     
          13   6.6252033805202526        0.0000000000000000        6.6252033805202526     
          14   1.2357822714786801        0.0000000000000000        1.2357822714786801     
          15   0.0000000000000000        0.0000000000000000        0.0000000000000000     
          16   0.0000000000000000        0.0000000000000000        0.0000000000000000     
          17   0.0000000000000000        0.0000000000000000        0.0000000000000000     
          18   0.0000000000000000        0.0000000000000000        0.0000000000000000     
          19   0.0000000000000000        0.0000000000000000        0.0000000000000000     
          20  0.19699564485756063        0.0000000000000000       0.19699564485756063     
