   1.0000000000000000        0.0000000000000000       0.46600291028248553       0.72780229808163477            10000
 i   solar flux    satshine flux      total flux
 -----------------------------------------------
           1   1392.0898723555101        12.132820368098537        1404.2226927236086     
           2   132.45361185557226        3.1128607939914947        135.56647264956376     
           3   185.13371009509126        2.3533560419256019        187.48706613701685     
           4   68.227943427858193        1.0793245394706161        69.307267967328812     
           5   55.563842455157697       0.83640583813550407        56.400248293293203     
           6   33.236932607728960       0.45878014931188937        33.695712757040852     
           7   20.154604127867383       0.29314335018818272        20.447747478055565     
           8   13.151085996960546       0.22386658618413652        13.374952583144683     
           9   10.845303566096906       0.14557438963108690        10.990877955727992     
          10   5.8554373692030595        8.6234762762875908E-002   5.9416721319659356     
          11   3.5182277314926487        8.5148434079320781E-002   3.6033761655719694     
          12   2.9621478241593087        5.1255170856908373E-002   3.0134029950162171     
          13   2.2804261273809363        1.1767934128594473E-002   2.2921940615095306     
          14   1.3992918451760166        3.6516336169930039E-002   1.4358081813459467     
          15   1.2734635459036370        4.5713022370144378E-003   1.2780348481406514     
          16  0.91970280958750084        5.9614497906976130E-003  0.92566425937819841     
          17  0.22603596263493164        1.6017394017403219E-002  0.24205335665233485     
          18   0.0000000000000000        1.2338206076776265E-002   1.2338206076776265E-002
          19   0.0000000000000000        8.7668464868323696E-003   8.7668464868323696E-003
          20  0.16577115416967433        3.8544316788096424E-003  0.16962558584848397     
