   1.0000000000000000        0.0000000000000000       0.46600291028248553       0.72780229808163477            10000
 i   solar flux    satshine flux      total flux
 -----------------------------------------------
           1   1315.5869492046243        12.312898848806421        1327.8998480534308     
           2   128.14772855138952        2.8638803770019892        131.01160892839150     
           3   183.57903888482764        2.4477133658981316        186.02675225072576     
           4   69.937190287227637        1.2832303103346072        71.220420597562239     
           5   55.397078860946110       0.86738905093939034        56.264467911885497     
           6   29.260818018994254       0.60482612798159829        29.865644146975853     
           7   22.459908688786118       0.32784672039598856        22.787755409182108     
           8   11.837286340894638       0.23456470286703429        12.071851043761672     
           9   10.442487303939721       0.17593905205857130        10.618426355998292     
          10   5.3988715901916535        8.5987848288963983E-002   5.4848594384806173     
          11   2.4972945534508795        5.7605510528774051E-002   2.5549000639796535     
          12   2.2071928175886057        7.0711866686803945E-002   2.2779046842754096     
          13   1.9073618685172695        1.8041306251304529E-002   1.9254031747685740     
          14  0.61082536084015548        4.2299298223566588E-002  0.65312465906372208     
          15  0.73041622293964736        1.2376802487334740E-002  0.74279302542698211     
          16   1.2181257892163064        7.8832688688141653E-003   1.2260090580851206     
          17  0.15715375315450442        1.0540890949079508E-002  0.16769464410358392     
          18  0.23618603217672207        1.2071348762815730E-002  0.24825738093953781     
          19   0.0000000000000000        4.7219517995357911E-003   4.7219517995357911E-003
          20  0.10654307552122794        0.0000000000000000       0.10654307552122794     
