   1.0000000000000000        0.0000000000000000       0.46600291028248553       0.72780229808163477            10000
 i   solar flux    satshine flux      total flux
 -----------------------------------------------
           1   1327.2717037312434        11.844099700022898        1339.1158034312664     
           2   122.55217504479759        2.8883344199753114        125.44050946477290     
           3   184.57893739739455        2.4473102314634625        187.02624762885802     
           4   69.942117167753082        1.2080922995448480        71.150209467297927     
           5   60.653044422284196       0.67898886785687984        61.332033290141077     
           6   34.406870184727914       0.48400163655787398        34.890871821285785     
           7   25.665642907922930       0.31849943879990705        25.984142346722837     
           8   15.783822115512653       0.23777221436941340        16.021594329882067     
           9   9.8128559368270096       0.13492887450066854        9.9477848113276774     
          10   5.9082556033289038        7.3462843256406340E-002   5.9817184465853099     
          11   3.3078709225948453        6.3591995467741108E-002   3.3714629180625866     
          12   2.9088286319771326        2.3302556903966192E-002   2.9321311888810988     
          13   1.5169289562842561        1.5772576430580207E-002   1.5327015327148363     
          14   1.9589160825527328        1.3363835746858465E-002   1.9722799182995912     
          15  0.61341662021929433        2.5009615372115095E-002  0.63842623559140943     
          16  0.16320560892805902        4.6360035394021198E-003  0.16784161246746115     
          17  0.43547509525912032        4.6687295208555444E-003  0.44014382477997588     
          18   0.0000000000000000        0.0000000000000000        0.0000000000000000     
          19  0.12907312374330196        5.4124762924613993E-005  0.12912724850622656     
          20  0.22964469374516508        0.0000000000000000       0.22964469374516508     
