   1.0000000000000000        0.0000000000000000       0.46600291028248553       0.72780229808163477            10000
 i   solar flux    satshine flux      total flux
 -----------------------------------------------
           1   1294.3587286272268        12.103717356033521        1306.4624459832603     
           2   109.44877064940637        2.7545163873727527        112.20328703677912     
           3   174.10370842585502        2.0826006392830805        176.18630906513809     
           4   68.012987936663791        1.1990940957653611        69.212082032429151     
           5   57.845150897426805       0.89338248088744310        58.738533378314251     
           6   29.760103435992107       0.49801366785155499        30.258117103843663     
           7   23.158408671733582       0.38969294361063511        23.548101615344216     
           8   12.887702910673429       0.24256719209991606        13.130270102773345     
           9   8.6992015061787242       0.14582529301853214        8.8450267991972567     
          10   6.8421842113631008       0.11634849785019925        6.9585327092133005     
          11   3.9288664056894351        7.8778733121035102E-002   4.0076451388104699     
          12   1.9571162816864414        6.2272259177416620E-002   2.0193885408638579     
          13   2.3898816675082459        3.3986219380499595E-002   2.4238678868887455     
          14   1.2546818129096808        1.3472696644737098E-002   1.2681545095544180     
          15   1.1488894349097143        2.8779808539213855E-002   1.1776692434489282     
          16  0.20836987229341389        5.4017626227130296E-003  0.21377163491612691     
          17  0.59547364352446031        5.3436016176025870E-003  0.60081724514206292     
          18  0.16866676805737263        4.7138194015073709E-003  0.17338058745887999     
          19   0.0000000000000000        0.0000000000000000        0.0000000000000000     
          20  0.37086241376675561        0.0000000000000000       0.37086241376675561     
