   1.0000000000000000        0.0000000000000000       0.46600291028248553       0.72780229808163477            10000
 i   solar flux    satshine flux      total flux
 -----------------------------------------------
           1   1326.8682920451988        12.082482404781302        1338.9507744499801     
           2   117.76089668217803        2.8350458770382607        120.59594255921628     
           3   169.34016072033737        2.2259750029637022        171.56613572330107     
           4   67.813586212466433        1.1918274036191221        69.005413616085548     
           5   50.714420622419077       0.89564353293263410        51.610064155351708     
           6   30.314826293512247       0.51221021269376654        30.827036506206014     
           7   22.213511721855475       0.28954574447441311        22.503057466329889     
           8   13.196639700290108       0.18969301101327421        13.386332711303382     
           9   8.5542374144311939       0.17015373733346767        8.7243911517646620     
          10   4.3458849222764293        9.1336334734169675E-002   4.4372212570105987     
          11   2.9755717237590686        8.3074856799527350E-002   3.0586465805585958     
          12   4.3185781950362676        4.9881683456795091E-002   4.3684598784930628     
          13   2.3783672432073395        3.4479880639657817E-002   2.4128471238469973     
          14   1.2526348637958422        8.9291953460352621E-003   1.2615640591418775     
          15  0.81782913926143153        2.6272753360763460E-002  0.84410189262219504     
          16  0.75320972404550135        1.0616287893474755E-002  0.76382601193897615     
          17  0.54888689517782641        0.0000000000000000       0.54888689517782641     
          18   0.0000000000000000        7.4990992282362601E-003   7.4990992282362601E-003
          19  0.28166856059339851        1.0968602246343077E-003  0.28276542081803280     
          20   0.0000000000000000        4.4818300802825948E-003   4.4818300802825948E-003
