   1.0000000000000000        0.0000000000000000       0.46600291028248553       0.72780229808163477            10000
 i   solar flux    satshine flux      total flux
 -----------------------------------------------
           1   1305.2157085191313        12.409515362455361        1317.6252238815866     
           2   119.45175214364174        2.9568085761104181        122.40856071975216     
           3   180.95461304451459        2.3621609288604875        183.31677397337506     
           4   71.646295363972541        1.1624382996823182        72.808733663654863     
           5   49.086244027427405       0.92145344059974454        50.007697468027146     
           6   30.193440181756188       0.66391014240426616        30.857350324160453     
           7   24.178714635836116       0.42700783498645223        24.605722470822567     
           8   15.405377511794184       0.23156104829426555        15.636938560088449     
           9   10.092928087538271       0.15749326621280982        10.250421353751081     
          10   8.2734693881629209       0.12717374920391813        8.4006431373668384     
          11   6.0679132772067845        5.9849549695515897E-002   6.1277628269023001     
          12   2.7456723560013852        4.3059914382282724E-002   2.7887322703836679     
          13   3.8144750146182833        2.5098179470714254E-002   3.8395731940889974     
          14   1.7345558919803605        2.2130616762401255E-002   1.7566865087427619     
          15  0.54086653556183040        9.3675620518943042E-003  0.55023409761372466     
          16  0.53065845769586883        2.3330472659216598E-004  0.53089176242246106     
          17  0.56931172141451480        4.7855313502486166E-003  0.57409725276476342     
          18  0.35510007684297268        1.3629837767072878E-003  0.35646306061967997     
          19  0.27897549882588590        2.1110012669204549E-003  0.28108650009280634     
          20  0.20533968557655657        4.0954193409545227E-003  0.20943510491751111     
