   1.0000000000000000        0.0000000000000000       0.46600291028248553       0.72780229808163477            10000
 i   solar flux    satshine flux      total flux
 -----------------------------------------------
           1   1308.0636164401644        12.078058290743893        1320.1416747309083     
           2   116.47372405518158        2.9005773619707300        119.37430141715231     
           3   171.60555422317441        2.3505216526730526        173.95607587584746     
           4   67.012668220065265        1.2966636768338193        68.309331896899081     
           5   60.720045351472848       0.85623546263403383        61.576280814106880     
           6   25.135882137668823       0.55534036130106668        25.691222498969889     
           7   22.216421765183551       0.36318920177043640        22.579610966953986     
           8   13.316011490918580       0.19914822217463526        13.515159713093215     
           9   9.8002385639315328       0.14004821557662936        9.9402867795081615     
          10   5.6853684882800009       0.11386925419841969        5.7992377424784207     
          11   3.2151652833447542        7.4008975250595979E-002   3.2891742585953501     
          12   3.9626541165797620        3.6267052612943405E-002   3.9989211691927053     
          13   1.6140485523631787        4.2950360203721880E-002   1.6569989125669005     
          14   1.7617392876861027        2.5031564471392403E-002   1.7867708521574950     
          15   1.0053529929163094        1.6750934574183703E-002   1.0221039274904931     
          16   0.0000000000000000        1.4781017693246573E-002   1.4781017693246573E-002
          17  0.52070725810957552        1.2759908610524796E-002  0.53346716672010031     
          18  0.27554862500839605        3.1915244836533364E-004  0.27586777745676139     
          19   0.0000000000000000        0.0000000000000000        0.0000000000000000     
          20  0.16584452013633663        9.9609317381117758E-003  0.17580545187444840     
