   1.0000000000000000        0.0000000000000000       0.46600291028248553       0.72780229808163477            10000
 i   solar flux    satshine flux      total flux
 -----------------------------------------------
           1   1288.5223331406994        11.862426330602633        1300.3847594713020     
           2   126.61344664553080        2.9462027459990634        129.55964939152986     
           3   161.51929089467947        2.3637766696202931        163.88306756429978     
           4   73.001755585138341        1.3009760465890379        74.302731631727383     
           5   50.035924283502261       0.86030210082950032        50.896226384331761     
           6   30.906280524586148       0.55277795785894213        31.459058482445091     
           7   22.096630237224645       0.38400330690578532        22.480633544130431     
           8   13.599761723172071       0.26367803031845638        13.863439753490526     
           9   8.8933412035623789       0.12798900131632934        9.0213302048787085     
          10   6.3910177331846185       0.12509919326943217        6.5161169264540506     
          11   5.4226121155038829        6.2424358125881568E-002   5.4850364736297648     
          12   2.5153323338044360        6.4458570005603510E-002   2.5797909038100393     
          13   2.4500952146884236        4.0572814488069278E-002   2.4906680291764931     
          14   1.3271613955046446        3.2540496617891185E-002   1.3597018921225359     
          15   1.0792797851023266        2.1484933491537590E-002   1.1007647185938643     
          16  0.19227877675261257        1.2860382332427710E-002  0.20513915908504027     
          17   1.0269341390869247        5.9152423447047528E-003   1.0328493814316295     
          18  0.33059344670343849        6.6872277986862383E-003  0.33728067450212473     
          19  0.20143502903969088        5.6238937972253626E-003  0.20705892283691624     
          20   8.5975070912425594E-002   0.0000000000000000        8.5975070912425594E-002
