   1.0000000000000000        0.0000000000000000       0.46600291028248553       0.72780229808163477            10000
 i   solar flux    satshine flux      total flux
 -----------------------------------------------
           1   1339.2763105120721        12.055227050760694        1351.3315375628329     
           2   118.23440241746741        2.8947103020429759        121.12911271951039     
           3   173.56435801472338        2.3715238330828381        175.93588184780623     
           4   79.494567448793632        1.2143911633993547        80.708958612192987     
           5   55.575224782506332       0.87514156297112655        56.450366345477455     
           6   31.477369268060379       0.51528322306313812        31.992652491123518     
           7   22.784515912517815       0.33731967743924829        23.121835589957062     
           8   15.136193833361428       0.19979190389156243        15.335985737252990     
           9   9.6569164323245005       0.13095287790675000        9.7878693102312511     
          10   7.8565691115262499        6.8283972553152536E-002   7.9248530840794027     
          11   3.7827073272130267        6.6592975025076287E-002   3.8493003022381029     
          12   3.2197386902494425        3.1319235102895485E-002   3.2510579253523382     
          13   1.3825654866003569        1.9164885037133306E-002   1.4017303716374903     
          14   1.5588522081909284        2.4438153231197142E-002   1.5832903614221256     
          15  0.54717613585738945        3.6593940423134668E-003  0.55083552989970286     
          16   8.8499163124770106E-003   6.4800917558128701E-003   1.5330008068289880E-002
          17  0.46221813614744012        1.9218964641176069E-002  0.48143710078861618     
          18  0.66062108780466422        0.0000000000000000       0.66062108780466422     
          19  0.31875992723338242        9.0062046899388806E-003  0.32776613192332132     
          20   0.0000000000000000        3.3593828729535638E-003   3.3593828729535638E-003
