   1.0000000000000000        0.0000000000000000       0.46600291028248553       0.72780229808163477            10000
 i   solar flux    satshine flux      total flux
 -----------------------------------------------
           1   1323.3458793636034        12.659379037532970        1336.0052584011364     
           2   123.45396722124279        2.9745336179222495        126.42850083916504     
           3   179.42337901881126        2.3127651854037632        181.73614420421504     
           4   69.106890292182058        1.1864631990451777        70.293353491227236     
           5   56.172457082326943       0.72791831543150287        56.900375397758445     
           6   30.008726686932913       0.47653966745159032        30.485266354384503     
           7   20.113271098672946       0.38211703795861546        20.495388136631561     
           8   12.775132144120153       0.22672740563493085        13.001859549755084     
           9   9.9335993492901018       0.16817866984275401        10.101778019132857     
          10   4.2039279900918505       0.10473832945329439        4.3086663195451447     
          11   4.2037858463591231        7.0978802130519700E-002   4.2747646484896427     
          12   1.5976556207231356        5.5649672671490291E-002   1.6533052933946260     
          13   1.9470009750988992        2.0497605975557751E-002   1.9674985810744570     
          14  0.78158722267828429        2.6107854398562495E-002  0.80769507707684673     
          15  0.60291097953601613        1.5840996010565316E-002  0.61875197554658146     
          16  0.20469137833983903        1.1834060009001432E-002  0.21652543834884047     
          17   0.0000000000000000        8.6608552212855423E-003   8.6608552212855423E-003
          18  0.22248458266022100        8.3119639639012994E-003  0.23079654662412230     
          19   0.0000000000000000        1.3864794558560347E-003   1.3864794558560347E-003
          20   0.0000000000000000        8.9401419298078232E-003   8.9401419298078232E-003
