 Curly R     I/F(total)  I/F(solar)   I/F(saturn)
 ---------------------------------------------------
  0.010    2.8741E-03    2.8487E-03    2.5414E-05
  0.020    5.7533E-03    5.7023E-03    5.0948E-05
  0.030    8.6378E-03    8.5612E-03    7.6605E-05
  0.040    1.1528E-02    1.1425E-02    1.0239E-04
  0.050    1.4424E-02    1.4295E-02    1.2830E-04
  0.060    1.7326E-02    1.7171E-02    1.5435E-04
  0.070    2.0234E-02    2.0053E-02    1.8053E-04
  0.080    2.3149E-02    2.2942E-02    2.0685E-04
  0.090    2.6070E-02    2.5837E-02    2.3331E-04
  0.100    2.8999E-02    2.8739E-02    2.5991E-04
  0.110    3.1934E-02    3.1648E-02    2.8667E-04
  0.120    3.4878E-02    3.4564E-02    3.1357E-04
  0.130    3.7829E-02    3.7488E-02    3.4063E-04
  0.140    4.0788E-02    4.0420E-02    3.6785E-04
  0.150    4.3756E-02    4.3361E-02    3.9524E-04
  0.160    4.6732E-02    4.6309E-02    4.2279E-04
  0.170    4.9717E-02    4.9267E-02    4.5051E-04
  0.180    5.2712E-02    5.2234E-02    4.7840E-04
  0.190    5.5716E-02    5.5210E-02    5.0648E-04
  0.200    5.8730E-02    5.8195E-02    5.3473E-04
  0.210    6.1754E-02    6.1191E-02    5.6318E-04
  0.220    6.4789E-02    6.4197E-02    5.9181E-04
  0.230    6.7834E-02    6.7214E-02    6.2065E-04
  0.240    7.0891E-02    7.0241E-02    6.4968E-04
  0.250    7.3959E-02    7.3280E-02    6.7893E-04
  0.260    7.7039E-02    7.6331E-02    7.0838E-04
  0.270    8.0132E-02    7.9394E-02    7.3805E-04
  0.280    8.3237E-02    8.2469E-02    7.6794E-04
  0.290    8.6355E-02    8.5557E-02    7.9806E-04
  0.300    8.9486E-02    8.8658E-02    8.2841E-04
  0.310    9.2632E-02    9.1773E-02    8.5900E-04
  0.320    9.5791E-02    9.4901E-02    8.8984E-04
  0.330    9.8965E-02    9.8045E-02    9.2093E-04
  0.340    1.0215E-01    1.0120E-01    9.5228E-04
  0.350    1.0536E-01    1.0438E-01    9.8389E-04
  0.360    1.0858E-01    1.0757E-01    1.0158E-03
  0.370    1.1182E-01    1.1077E-01    1.0479E-03
  0.380    1.1507E-01    1.1399E-01    1.0804E-03
  0.390    1.1835E-01    1.1723E-01    1.1131E-03
  0.400    1.2164E-01    1.2049E-01    1.1462E-03
  0.410    1.2494E-01    1.2376E-01    1.1795E-03
  0.420    1.2827E-01    1.2706E-01    1.2132E-03
  0.430    1.3162E-01    1.3037E-01    1.2472E-03
  0.440    1.3499E-01    1.3371E-01    1.2815E-03
  0.450    1.3838E-01    1.3706E-01    1.3162E-03
  0.460    1.4179E-01    1.4044E-01    1.3512E-03
  0.470    1.4522E-01    1.4383E-01    1.3866E-03
  0.480    1.4868E-01    1.4725E-01    1.4224E-03
  0.490    1.5216E-01    1.5070E-01    1.4586E-03
  0.500    1.5566E-01    1.5416E-01    1.4951E-03
  0.510    1.5919E-01    1.5766E-01    1.5321E-03
  0.520    1.6274E-01    1.6117E-01    1.5695E-03
  0.530    1.6632E-01    1.6472E-01    1.6073E-03
  0.540    1.6993E-01    1.6829E-01    1.6456E-03
  0.550    1.7357E-01    1.7189E-01    1.6843E-03
  0.560    1.7724E-01    1.7551E-01    1.7235E-03
  0.570    1.8094E-01    1.7917E-01    1.7632E-03
  0.580    1.8466E-01    1.8286E-01    1.8034E-03
  0.590    1.8842E-01    1.8658E-01    1.8441E-03
  0.600    1.9222E-01    1.9033E-01    1.8853E-03
  0.610    1.9605E-01    1.9412E-01    1.9271E-03
  0.620    1.9991E-01    1.9794E-01    1.9695E-03
  0.630    2.0381E-01    2.0180E-01    2.0124E-03
  0.640    2.0775E-01    2.0570E-01    2.0560E-03
  0.650    2.1173E-01    2.0963E-01    2.1002E-03
  0.660    2.1575E-01    2.1361E-01    2.1450E-03
  0.670    2.1981E-01    2.1762E-01    2.1905E-03
  0.680    2.2392E-01    2.2168E-01    2.2367E-03
  0.690    2.2807E-01    2.2579E-01    2.2837E-03
  0.700    2.3227E-01    2.2994E-01    2.3313E-03
  0.710    2.3651E-01    2.3413E-01    2.3798E-03
  0.720    2.4081E-01    2.3838E-01    2.4290E-03
  0.730    2.4516E-01    2.4268E-01    2.4790E-03
  0.740    2.4956E-01    2.4703E-01    2.5299E-03
  0.750    2.5403E-01    2.5144E-01    2.5817E-03
  0.760    2.5854E-01    2.5591E-01    2.6344E-03
  0.770    2.6313E-01    2.6044E-01    2.6881E-03
  0.780    2.6777E-01    2.6503E-01    2.7427E-03
  0.790    2.7248E-01    2.6968E-01    2.7984E-03
  0.800    2.7726E-01    2.7440E-01    2.8551E-03
  0.810    2.8211E-01    2.7920E-01    2.9129E-03
  0.820    2.8703E-01    2.8406E-01    2.9719E-03
  0.830    2.9204E-01    2.8901E-01    3.0320E-03
  0.840    2.9712E-01    2.9403E-01    3.0934E-03
  0.850    3.0229E-01    2.9914E-01    3.1561E-03
  0.860    3.0755E-01    3.0433E-01    3.2202E-03
  0.870    3.1290E-01    3.0962E-01    3.2856E-03
  0.880    3.1835E-01    3.1500E-01    3.3525E-03
  0.890    3.2390E-01    3.2048E-01    3.4209E-03
  0.900    3.2956E-01    3.2607E-01    3.4909E-03
  0.910    3.3533E-01    3.3177E-01    3.5626E-03
  0.920    3.4122E-01    3.3758E-01    3.6360E-03
  0.930    3.4722E-01    3.4351E-01    3.7112E-03
  0.940    3.5336E-01    3.4958E-01    3.7884E-03
  0.950    3.5964E-01    3.5577E-01    3.8675E-03
  0.960    3.6606E-01    3.6211E-01    3.9486E-03
  0.970    3.7263E-01    3.6859E-01    4.0320E-03
  0.980    3.7936E-01    3.7524E-01    4.1176E-03
  0.990    3.8625E-01    3.8205E-01    4.2057E-03
  1.000    3.9333E-01    3.8903E-01    4.2963E-03
