   1.0000000000000000        0.0000000000000000       0.46600291028248553       0.72780229808163477            10000
 i   solar flux    satshine flux      total flux
 -----------------------------------------------
           1   1269.2638089146706        12.091331526308540        1281.3551404409791     
           2   130.87148680121004        2.9586745388264570        133.83016134003648     
           3   181.26778486296325        2.3031737519025839        183.57095861486584     
           4   77.091861095997444        1.2902270642539158        78.382088160251357     
           5   59.599476242699666       0.88726811066567901        60.486744353365346     
           6   33.794495784975595       0.60720393331348543        34.401699718289080     
           7   21.841208814870406       0.32862462858218189        22.169833443452589     
           8   14.923234192137873       0.26049533573492234        15.183729527872796     
           9   7.4726391502033147       0.18125487853400879        7.6538940287373238     
          10   9.0157532088582411       0.13661284726021097        9.1523660561184528     
          11   3.2660947681686583        7.7945835834962771E-002   3.3440406040036210     
          12   2.6534215787855189        4.6603952660927282E-002   2.7000255314464461     
          13   1.8879431900157955        3.6952421475398595E-002   1.9248956114911941     
          14   1.4768340281185224        1.6187188510168343E-002   1.4930212166286907     
          15  0.84107169197166443        1.0830193676698980E-002  0.85190188564836344     
          16  0.89358130253058965        7.4321661647446977E-005  0.89365562419223710     
          17   1.8128256990181103E-002   3.2068855210193709E-003   2.1335142511200472E-002
          18  0.26550534666305425        1.0834227910520554E-003  0.26658876945410631     
          19  0.35591011475165302        0.0000000000000000       0.35591011475165302     
          20  0.16920771764617495        0.0000000000000000       0.16920771764617495     
