   1.0000000000000000        0.0000000000000000       0.46600291028248553       0.72780229808163477            10000
 i   solar flux    satshine flux      total flux
 -----------------------------------------------
           1   1263.0259099851585        12.090090477805104        1275.1160004629635     
           2   121.05211415879674        2.8733357811793803        123.92544993997612     
           3   181.83123455269993        2.3597264895368504        184.19096104223678     
           4   78.253421392552042        1.0888374230551194        79.342258815607167     
           5   55.310035700902141       0.86535812384328670        56.175393824745427     
           6   27.616958682197595       0.48276187351545657        28.099720555713052     
           7   20.900476250916711       0.28071160334765338        21.181187854264365     
           8   15.904709785478303       0.23137682078121924        16.136086606259521     
           9   9.4342229936490938       0.18297457937422756        9.6171975730233221     
          10   7.4798172242610708        8.0103930805280874E-002   7.5599211550663519     
          11   4.3957371401485634        6.2361111013902952E-002   4.4580982511624665     
          12   3.5205718727813031        3.5356823596464269E-002   3.5559286963777672     
          13   1.7113321947221094        2.9153922558104735E-002   1.7404861172802142     
          14  0.89412627285592361        2.3178926264705808E-002  0.91730519912062947     
          15   1.2186888249092644        1.0954895800205290E-002   1.2296437207094697     
          16  0.84441475823631373        8.1185944630153082E-003  0.85253335269932906     
          17   7.7806812193006766E-002   1.2231486653366553E-002   9.0038298846373321E-002
          18  0.38142668000616092        1.4372251519273641E-002  0.39579893152543455     
          19  0.30673180844809766        6.0516904939598819E-003  0.31278349894205754     
          20   0.0000000000000000        1.1246180860897792E-003   1.1246180860897792E-003
