 Curly R     I/F(total)  I/F(solar)   I/F(saturn)
 ---------------------------------------------------
  0.010    2.7084E-03    2.6827E-03    2.5716E-05
  0.020    5.4223E-03    5.3707E-03    5.1557E-05
  0.030    8.1419E-03    8.0644E-03    7.7526E-05
  0.040    1.0867E-02    1.0764E-02    1.0363E-04
  0.050    1.3599E-02    1.3469E-02    1.2986E-04
  0.060    1.6338E-02    1.6181E-02    1.5623E-04
  0.070    1.9083E-02    1.8900E-02    1.8275E-04
  0.080    2.1835E-02    2.1625E-02    2.0940E-04
  0.090    2.4594E-02    2.4358E-02    2.3621E-04
  0.100    2.7361E-02    2.7098E-02    2.6317E-04
  0.110    3.0136E-02    2.9845E-02    2.9028E-04
  0.120    3.2919E-02    3.2601E-02    3.1755E-04
  0.130    3.5710E-02    3.5365E-02    3.4498E-04
  0.140    3.8510E-02    3.8137E-02    3.7259E-04
  0.150    4.1319E-02    4.0918E-02    4.0036E-04
  0.160    4.4137E-02    4.3709E-02    4.2830E-04
  0.170    4.6965E-02    4.6509E-02    4.5643E-04
  0.180    4.9803E-02    4.9318E-02    4.8474E-04
  0.190    5.2651E-02    5.2138E-02    5.1323E-04
  0.200    5.5510E-02    5.4968E-02    5.4192E-04
  0.210    5.8380E-02    5.7809E-02    5.7080E-04
  0.220    6.1261E-02    6.0661E-02    5.9989E-04
  0.230    6.4154E-02    6.3525E-02    6.2918E-04
  0.240    6.7059E-02    6.6400E-02    6.5868E-04
  0.250    6.9976E-02    6.9288E-02    6.8840E-04
  0.260    7.2907E-02    7.2188E-02    7.1834E-04
  0.270    7.5850E-02    7.5102E-02    7.4851E-04
  0.280    7.8807E-02    7.8028E-02    7.7891E-04
  0.290    8.1779E-02    8.0969E-02    8.0955E-04
  0.300    8.4764E-02    8.3924E-02    8.4043E-04
  0.310    8.7765E-02    8.6894E-02    8.7157E-04
  0.320    9.0781E-02    8.9878E-02    9.0296E-04
  0.330    9.3813E-02    9.2879E-02    9.3461E-04
  0.340    9.6862E-02    9.5895E-02    9.6654E-04
  0.350    9.9927E-02    9.8928E-02    9.9873E-04
  0.360    1.0301E-01    1.0198E-01    1.0312E-03
  0.370    1.0611E-01    1.0505E-01    1.0640E-03
  0.380    1.0923E-01    1.0813E-01    1.0971E-03
  0.390    1.1237E-01    1.1124E-01    1.1304E-03
  0.400    1.1553E-01    1.1436E-01    1.1641E-03
  0.410    1.1870E-01    1.1750E-01    1.1981E-03
  0.420    1.2190E-01    1.2067E-01    1.2325E-03
  0.430    1.2512E-01    1.2385E-01    1.2672E-03
  0.440    1.2836E-01    1.2706E-01    1.3022E-03
  0.450    1.3163E-01    1.3029E-01    1.3376E-03
  0.460    1.3492E-01    1.3354E-01    1.3734E-03
  0.470    1.3823E-01    1.3682E-01    1.4095E-03
  0.480    1.4157E-01    1.4012E-01    1.4460E-03
  0.490    1.4493E-01    1.4345E-01    1.4829E-03
  0.500    1.4832E-01    1.4680E-01    1.5203E-03
  0.510    1.5173E-01    1.5018E-01    1.5580E-03
  0.520    1.5518E-01    1.5358E-01    1.5962E-03
  0.530    1.5865E-01    1.5702E-01    1.6349E-03
  0.540    1.6216E-01    1.6048E-01    1.6740E-03
  0.550    1.6569E-01    1.6398E-01    1.7135E-03
  0.560    1.6926E-01    1.6750E-01    1.7536E-03
  0.570    1.7285E-01    1.7106E-01    1.7941E-03
  0.580    1.7649E-01    1.7465E-01    1.8352E-03
  0.590    1.8015E-01    1.7828E-01    1.8768E-03
  0.600    1.8386E-01    1.8194E-01    1.9190E-03
  0.610    1.8760E-01    1.8564E-01    1.9617E-03
  0.620    1.9138E-01    1.8937E-01    2.0050E-03
  0.630    1.9520E-01    1.9315E-01    2.0489E-03
  0.640    1.9906E-01    1.9697E-01    2.0935E-03
  0.650    2.0296E-01    2.0082E-01    2.1386E-03
  0.660    2.0691E-01    2.0472E-01    2.1845E-03
  0.670    2.1090E-01    2.0867E-01    2.2310E-03
  0.680    2.1494E-01    2.1266E-01    2.2783E-03
  0.690    2.1903E-01    2.1670E-01    2.3262E-03
  0.700    2.2317E-01    2.2079E-01    2.3750E-03
  0.710    2.2736E-01    2.2494E-01    2.4245E-03
  0.720    2.3161E-01    2.2913E-01    2.4748E-03
  0.730    2.3591E-01    2.3338E-01    2.5260E-03
  0.740    2.4027E-01    2.3769E-01    2.5781E-03
  0.750    2.4469E-01    2.4206E-01    2.6311E-03
  0.760    2.4918E-01    2.4649E-01    2.6850E-03
  0.770    2.5373E-01    2.5099E-01    2.7399E-03
  0.780    2.5835E-01    2.5555E-01    2.7958E-03
  0.790    2.6304E-01    2.6019E-01    2.8528E-03
  0.800    2.6781E-01    2.6489E-01    2.9108E-03
  0.810    2.7265E-01    2.6968E-01    2.9701E-03
  0.820    2.7757E-01    2.7454E-01    3.0305E-03
  0.830    2.8257E-01    2.7948E-01    3.0921E-03
  0.840    2.8767E-01    2.8451E-01    3.1551E-03
  0.850    2.9285E-01    2.8963E-01    3.2194E-03
  0.860    2.9813E-01    2.9485E-01    3.2852E-03
  0.870    3.0351E-01    3.0016E-01    3.3524E-03
  0.880    3.0899E-01    3.0557E-01    3.4212E-03
  0.890    3.1459E-01    3.1110E-01    3.4916E-03
  0.900    3.2029E-01    3.1673E-01    3.5637E-03
  0.910    3.2612E-01    3.2248E-01    3.6376E-03
  0.920    3.3208E-01    3.2836E-01    3.7134E-03
  0.930    3.3816E-01    3.3437E-01    3.7911E-03
  0.940    3.4439E-01    3.4052E-01    3.8710E-03
  0.950    3.5076E-01    3.4681E-01    3.9530E-03
  0.960    3.5729E-01    3.5325E-01    4.0373E-03
  0.970    3.6397E-01    3.5985E-01    4.1241E-03
  0.980    3.7083E-01    3.6662E-01    4.2134E-03
  0.990    3.7788E-01    3.7357E-01    4.3055E-03
  1.000    3.8511E-01    3.8071E-01    4.4005E-03
