   1.0000000000000000        0.0000000000000000       0.46600291028248553       0.72780229808163477            10000
 i   solar flux    satshine flux      total flux
 -----------------------------------------------
           1   1316.7516118426047        11.989942046114628        1328.7415538887194     
           2   125.17994537298215        3.0400046908736771        128.21995006385583     
           3   176.10689262566368        2.4426095468189355        178.54950217248262     
           4   79.673965458074775        1.2993657084592349        80.973331166534010     
           5   58.717017096250785       0.97824907598010724        59.695266172230895     
           6   33.218082646945618       0.51337097160016709        33.731453618545785     
           7   23.799385599667406       0.42763116190325001        24.227016761570656     
           8   17.225991817815292       0.21522500245523687        17.441216820270530     
           9   12.719878544565344       0.16839412697910813        12.888272671544451     
          10   7.8708703366293182       0.13561624832290747        8.0064865849522260     
          11   5.2254408865307909        8.4362725941970876E-002   5.3098036124727619     
          12   2.2841980079096902        6.5267294593410630E-002   2.3494653025031007     
          13   2.4270541205808587        4.0622252282471454E-002   2.4676763728633300     
          14   1.9518245012662059        2.9514727031523337E-002   1.9813392282977291     
          15   1.4014713250049673        8.8156206226766738E-003   1.4102869456276439     
          16  0.72786478084118988        1.1746876395206146E-003  0.72903946848071055     
          17  0.74919276344569785        0.0000000000000000       0.74919276344569785     
          18  0.18874613397450501        8.8825900431417030E-003  0.19762872401764672     
          19  0.16708374621342714        0.0000000000000000       0.16708374621342714     
          20  0.29914302036444679        0.0000000000000000       0.29914302036444679     
