   1.0000000000000000        0.0000000000000000       0.46600291028248553       0.72780229808163477            10000
 i   solar flux    satshine flux      total flux
 -----------------------------------------------
           1   1286.0116884194308        11.919741131285436        1297.9314295507163     
           2   114.56641767379212        2.8822285884180490        117.44864626221016     
           3   180.37141645537096        2.4952987023412376        182.86671515771221     
           4   64.906848255938598        1.1744764917089245        66.081324747647528     
           5   59.432805910008987       0.88728442177737765        60.320090331786368     
           6   35.526679622780406       0.52209871702873556        36.048778339809139     
           7   21.082681260515514       0.37782672845280968        21.460507988968324     
           8   16.592863703561271       0.27263243000610832        16.865496133567380     
           9   10.494064388554975       0.15163299385148069        10.645697382406455     
          10   8.0646339409740850        9.4119549460202179E-002   8.1587534904342878     
          11   4.9660360419955243        7.4408249018174985E-002   5.0404442910136993     
          12   2.7358803387204751        4.2119564803948836E-002   2.7779999035244241     
          13   2.0780013391569954        5.3261710485967173E-002   2.1312630496429623     
          14  0.88714700646260558        3.5776265434782198E-002  0.92292327189738776     
          15   1.5279147741194117        9.0366981164259445E-003   1.5369514722358377     
          16   1.2732880232981965        7.3515712907813967E-003   1.2806395945889779     
          17   1.3168380016877472        3.6688483805399686E-003   1.3205068500682873     
          18  0.78786530288513368        8.4287834839789685E-003  0.79629408636911270     
          19   1.0165512309639770        1.2218679802404417E-002   1.0287699107663815     
          20   0.0000000000000000        2.9553685235093772E-003   2.9553685235093772E-003
