 Curly R     I/F(total)  I/F(solar)   I/F(saturn)
 ---------------------------------------------------
  0.010    2.7567E-03    2.7313E-03    2.5355E-05
  0.020    5.5185E-03    5.4677E-03    5.0835E-05
  0.030    8.2859E-03    8.2094E-03    7.6444E-05
  0.040    1.1059E-02    1.0957E-02    1.0218E-04
  0.050    1.3838E-02    1.3710E-02    1.2806E-04
  0.060    1.6623E-02    1.6469E-02    1.5408E-04
  0.070    1.9415E-02    1.9234E-02    1.8024E-04
  0.080    2.2213E-02    2.2006E-02    2.0654E-04
  0.090    2.5018E-02    2.4785E-02    2.3299E-04
  0.100    2.7831E-02    2.7571E-02    2.5960E-04
  0.110    3.0651E-02    3.0365E-02    2.8637E-04
  0.120    3.3479E-02    3.3165E-02    3.1329E-04
  0.130    3.6315E-02    3.5974E-02    3.4039E-04
  0.140    3.9159E-02    3.8791E-02    3.6765E-04
  0.150    4.2012E-02    4.1617E-02    3.9508E-04
  0.160    4.4874E-02    4.4451E-02    4.2270E-04
  0.170    4.7745E-02    4.7294E-02    4.5049E-04
  0.180    5.0626E-02    5.0147E-02    4.7848E-04
  0.190    5.3516E-02    5.3009E-02    5.0665E-04
  0.200    5.6417E-02    5.5882E-02    5.3503E-04
  0.210    5.9328E-02    5.8765E-02    5.6360E-04
  0.220    6.2251E-02    6.1658E-02    5.9238E-04
  0.230    6.5184E-02    6.4563E-02    6.2137E-04
  0.240    6.8129E-02    6.7479E-02    6.5058E-04
  0.250    7.1087E-02    7.0407E-02    6.8001E-04
  0.260    7.4056E-02    7.3347E-02    7.0967E-04
  0.270    7.7039E-02    7.6299E-02    7.3956E-04
  0.280    8.0034E-02    7.9264E-02    7.6970E-04
  0.290    8.3043E-02    8.2243E-02    8.0008E-04
  0.300    8.6066E-02    8.5235E-02    8.3071E-04
  0.310    8.9104E-02    8.8242E-02    8.6160E-04
  0.320    9.2156E-02    9.1263E-02    8.9275E-04
  0.330    9.5224E-02    9.4299E-02    9.2418E-04
  0.340    9.8307E-02    9.7351E-02    9.5588E-04
  0.350    1.0141E-01    1.0042E-01    9.8787E-04
  0.360    1.0452E-01    1.0350E-01    1.0202E-03
  0.370    1.0766E-01    1.0660E-01    1.0527E-03
  0.380    1.1081E-01    1.0972E-01    1.0856E-03
  0.390    1.1398E-01    1.1286E-01    1.1189E-03
  0.400    1.1717E-01    1.1602E-01    1.1524E-03
  0.410    1.2038E-01    1.1919E-01    1.1863E-03
  0.420    1.2361E-01    1.2238E-01    1.2205E-03
  0.430    1.2685E-01    1.2560E-01    1.2551E-03
  0.440    1.3013E-01    1.2884E-01    1.2900E-03
  0.450    1.3342E-01    1.3209E-01    1.3253E-03
  0.460    1.3673E-01    1.3537E-01    1.3610E-03
  0.470    1.4007E-01    1.3868E-01    1.3971E-03
  0.480    1.4344E-01    1.4200E-01    1.4336E-03
  0.490    1.4683E-01    1.4535E-01    1.4705E-03
  0.500    1.5024E-01    1.4873E-01    1.5079E-03
  0.510    1.5368E-01    1.5213E-01    1.5457E-03
  0.520    1.5715E-01    1.5556E-01    1.5839E-03
  0.530    1.6065E-01    1.5902E-01    1.6226E-03
  0.540    1.6417E-01    1.6251E-01    1.6618E-03
  0.550    1.6773E-01    1.6603E-01    1.7015E-03
  0.560    1.7131E-01    1.6957E-01    1.7417E-03
  0.570    1.7493E-01    1.7315E-01    1.7824E-03
  0.580    1.7859E-01    1.7676E-01    1.8237E-03
  0.590    1.8227E-01    1.8041E-01    1.8656E-03
  0.600    1.8600E-01    1.8409E-01    1.9080E-03
  0.610    1.8976E-01    1.8781E-01    1.9510E-03
  0.620    1.9356E-01    1.9156E-01    1.9947E-03
  0.630    1.9739E-01    1.9535E-01    2.0389E-03
  0.640    2.0127E-01    1.9919E-01    2.0839E-03
  0.650    2.0519E-01    2.0306E-01    2.1295E-03
  0.660    2.0916E-01    2.0698E-01    2.1758E-03
  0.670    2.1317E-01    2.1094E-01    2.2229E-03
  0.680    2.1722E-01    2.1495E-01    2.2707E-03
  0.690    2.2133E-01    2.1901E-01    2.3193E-03
  0.700    2.2549E-01    2.2312E-01    2.3687E-03
  0.710    2.2970E-01    2.2728E-01    2.4190E-03
  0.720    2.3396E-01    2.3149E-01    2.4701E-03
  0.730    2.3828E-01    2.3576E-01    2.5222E-03
  0.740    2.4266E-01    2.4009E-01    2.5751E-03
  0.750    2.4711E-01    2.4448E-01    2.6291E-03
  0.760    2.5161E-01    2.4893E-01    2.6840E-03
  0.770    2.5619E-01    2.5344E-01    2.7401E-03
  0.780    2.6083E-01    2.5803E-01    2.7972E-03
  0.790    2.6554E-01    2.6269E-01    2.8554E-03
  0.800    2.7033E-01    2.6742E-01    2.9149E-03
  0.810    2.7520E-01    2.7223E-01    2.9756E-03
  0.820    2.8015E-01    2.7712E-01    3.0375E-03
  0.830    2.8519E-01    2.8209E-01    3.1009E-03
  0.840    2.9032E-01    2.8715E-01    3.1656E-03
  0.850    2.9554E-01    2.9231E-01    3.2318E-03
  0.860    3.0086E-01    2.9757E-01    3.2996E-03
  0.870    3.0629E-01    3.0292E-01    3.3690E-03
  0.880    3.1183E-01    3.0839E-01    3.4400E-03
  0.890    3.1748E-01    3.1396E-01    3.5129E-03
  0.900    3.2325E-01    3.1966E-01    3.5876E-03
  0.910    3.2915E-01    3.2548E-01    3.6642E-03
  0.920    3.3518E-01    3.3143E-01    3.7430E-03
  0.930    3.4135E-01    3.3753E-01    3.8239E-03
  0.940    3.4768E-01    3.4377E-01    3.9070E-03
  0.950    3.5416E-01    3.5017E-01    3.9926E-03
  0.960    3.6081E-01    3.5673E-01    4.0807E-03
  0.970    3.6764E-01    3.6346E-01    4.1715E-03
  0.980    3.7465E-01    3.7039E-01    4.2652E-03
  0.990    3.8187E-01    3.7751E-01    4.3618E-03
  1.000    3.8930E-01    3.8484E-01    4.4617E-03
