   1.0000000000000000        0.0000000000000000       0.46600291028248553       0.72780229808163477            10000
 i   solar flux    satshine flux      total flux
 -----------------------------------------------
           1   1296.7302218338423        11.853533031468571        1308.5837548653108     
           2   109.85980152945385        2.7607365358585203        112.62053806531237     
           3   171.77152608761455        2.3439396132054462        174.11546570081998     
           4   75.749074381070955        1.3043914788293549        77.053465859900314     
           5   59.090707952167264       0.97514287720074044        60.065850829368003     
           6   34.950555557288503       0.59617652720093017        35.546732084489435     
           7   22.116653337507209       0.36819138287784936        22.484844720385059     
           8   16.660729936717310       0.24927810351178620        16.910008040229098     
           9   11.033544274876418       0.12650000395740743        11.160044278833825     
          10   5.8200128608963100       0.11400951407156033        5.9340223749678707     
          11   3.2443631380938616        7.1102804610575249E-002   3.3154659427044368     
          12   3.3729285715786230        4.4756560630597693E-002   3.4176851322092205     
          13   2.2399798505960344        2.5990919890956497E-002   2.2659707704869909     
          14   1.0999027301776039        2.6388289018840255E-002   1.1262910191964441     
          15   1.5663759311048644        8.2295456542775761E-003   1.5746054767591420     
          16  0.81939674748925606        1.8116516578639209E-002  0.83751326406789528     
          17   1.1805182297929391        5.0965146986934199E-003   1.1856147444916325     
          18  0.42799007492438063        3.3887824821805120E-003  0.43137885740656112     
          19  0.20142834944600177        0.0000000000000000       0.20142834944600177     
          20   2.4529732649814385E-002   4.1945165774572978E-003   2.8724249227271681E-002
