   1.0000000000000000        0.0000000000000000       0.46600291028248553       0.72780229808163477            10000
 i   solar flux    satshine flux      total flux
 -----------------------------------------------
           1   1311.9748369045767        11.806291834986620        1323.7811287395634     
           2   121.01765353352519        3.0193885390134363        124.03704207253863     
           3   180.55009868220529        2.4484355078721367        182.99853419007744     
           4   71.195765888007472        1.2239945204302973        72.419760408437767     
           5   60.878544843980073       0.88112751370047737        61.759672357680550     
           6   29.698907641964492       0.51791749757311389        30.216825139537605     
           7   20.931453515050048       0.37228961919298792        21.303743134243035     
           8   15.887261968361710       0.27054465582029213        16.157806624182001     
           9   10.296670637203807       0.15582937487796752        10.452500012081774     
          10   5.4152840555400052        9.7867933280870498E-002   5.5131519888208755     
          11   3.7416961830005300        5.6552893895485803E-002   3.7982490768960160     
          12   1.6104921363087807        5.5870990919114571E-002   1.6663631272278954     
          13   2.0506824646791650        3.2078534345092266E-002   2.0827609990242575     
          14  0.88327547660340178        1.9932026928155613E-002  0.90320750353155743     
          15   1.0867399484660900        1.9615328410285179E-002   1.1063552768763751     
          16  0.28860005202521766        1.5933924608575103E-003  0.29019344448607515     
          17  0.35750684133787258        1.0120918027834210E-002  0.36762775936570680     
          18  0.24407944421061897        6.8706851472556023E-003  0.25095012935787459     
          19   4.5492067207450311E-002   8.8459887932362195E-004   4.6376666086773932E-002
          20   0.0000000000000000        5.0927116594357263E-003   5.0927116594357263E-003
