   1.0000000000000000        0.0000000000000000       0.46600291028248553       0.72780229808163477            10000
 i   solar flux    satshine flux      total flux
 -----------------------------------------------
           1   1305.5237376273240        12.107634341447501        1317.6313719687714     
           2   120.47190608359051        2.8058721899723253        123.27777827356283     
           3   183.84335126599041        2.5007316409859195        186.34408290697633     
           4   79.076054580639791        1.3246856949920054        80.400740275631790     
           5   56.186599468831403       0.93704565018467312        57.123645119016075     
           6   38.238104433931355       0.66833449257033850        38.906438926501693     
           7   23.998292990988929       0.38238519999484338        24.380678190983772     
           8   12.703740924353582       0.20718437633797465        12.910925300691556     
           9   10.412494512291650       0.16874529891393891        10.581239811205588     
          10   4.8977436659390516        9.5829910917821115E-002   4.9935735768568730     
          11   4.8603292718573066        8.5793281937855348E-002   4.9461225537951616     
          12   1.7411904599070600        5.4022153949385837E-002   1.7952126138564459     
          13   1.7737373255117701        2.7334805226449998E-002   1.8010721307382200     
          14   1.4482843848191218        2.3896749161835998E-002   1.4721811339809578     
          15   1.0246450790197263        1.4216040029258454E-002   1.0388611190489847     
          16  0.77931543501160250        3.7954780211531605E-003  0.78311091303275571     
          17  0.28194444079569503        1.9882564796032186E-003  0.28393269727529824     
          18  0.19425961715812176        0.0000000000000000       0.19425961715812176     
          19  0.40066441861914626        5.1716196280379286E-003  0.40583603824718417     
          20   0.0000000000000000        0.0000000000000000        0.0000000000000000     
