   1.0000000000000000        0.0000000000000000       0.46600291028248553       0.72780229808163477            10000
 i   solar flux    satshine flux      total flux
 -----------------------------------------------
           1   1248.6739241494561        12.004037864968867        1260.6779620144250     
           2   129.67917297751930        2.9419614794796116        132.62113445699890     
           3   185.62033862870362        2.4297361286427184        188.05007475734635     
           4   76.500510459227911        1.2896067821881430        77.790117241416056     
           5   63.788650568816053       0.77254313557539389        64.561193704391442     
           6   28.992985636415192       0.57401566596958320        29.567001302384774     
           7   22.951840246562199       0.38518795105902476        23.337028197621223     
           8   13.296798785763878       0.26078604075340056        13.557584826517278     
           9   11.815761751478242       0.20671023131020616        12.022471982788447     
          10   6.2137696523038857       0.10308729824351301        6.3168569505473986     
          11   4.4424455863753440        4.7157844347419993E-002   4.4896034307227639     
          12   3.0556571126570549        4.2592341838010694E-002   3.0982494544950656     
          13   2.6915325387435147        2.5359345930877530E-002   2.7168918846743924     
          14   2.0473264491925143        3.8777548261753940E-002   2.0861039974542681     
          15   1.1446714010301573        1.7825820726021787E-002   1.1624972217561791     
          16  0.31311463902990744        1.2398780461463131E-002  0.32551341949137058     
          17  0.56519372639891530        0.0000000000000000       0.56519372639891530     
          18  0.33958494237175096        1.1965113821086983E-002  0.35155005619283797     
          19   0.0000000000000000        0.0000000000000000        0.0000000000000000     
          20  0.39878938911866091        3.8704696468458731E-004  0.39917643608334552     
