   1.0000000000000000        0.0000000000000000       0.46600291028248553       0.72780229808163477            10000
 i   solar flux    satshine flux      total flux
 -----------------------------------------------
           1   1306.1927677637000        12.071964320563911        1318.2647320842639     
           2   117.65257006325666        2.8896773262611428        120.54224738951780     
           3   180.37433662959722        2.4713448773464641        182.84568150694369     
           4   72.988803560843394        1.1927153161969415        74.181518877040332     
           5   58.305803681567241       0.87271428384872740        59.178517965415971     
           6   32.821182082814246       0.54335694087037378        33.364539023684621     
           7   22.699743377472885       0.34952186581481914        23.049265243287703     
           8   14.075463685190336       0.25612310488077772        14.331586790071114     
           9   9.5123946119843303       0.14009702922879552        9.6524916412131265     
          10   6.2541785190320898       0.10021718821312141        6.3543957072452111     
          11   6.3350815902760242        7.2213032232144495E-002   6.4072946225081688     
          12   3.6406778692353745        8.0752486446498212E-002   3.7214303556818726     
          13   2.1907687304268277        4.6547436979431547E-002   2.2373161674062594     
          14   2.4106691710791335        3.1235564826217053E-002   2.4419047359053505     
          15  0.76166485851316701        8.7796782706781665E-003  0.77044453678384517     
          16  0.10874217097607089        2.8591753757906759E-002  0.13733392473397765     
          17  0.50682879233211398        5.0461966203306967E-003  0.51187498895244465     
          18   1.0051082646724880        1.3496710267790641E-002   1.0186049749402786     
          19  0.31567894318103779        7.8479895826757129E-003  0.32352693276371347     
          20  0.34957854793625603        9.2517862003764668E-003  0.35883033413663251     
