   1.0000000000000000        0.0000000000000000       0.46600291028248553       0.72780229808163477            10000
 i   solar flux    satshine flux      total flux
 -----------------------------------------------
           1   1303.9859355417834        11.819300014604607        1315.8052355563880     
           2   127.80666795666602        3.0143349224471936        130.82100287911322     
           3   172.64251728061612        2.2679332033961894        174.91045048401230     
           4   76.018958345670924        1.2930703854349734        77.312028731105897     
           5   59.082420658378794       0.86346257182577590        59.945883230204572     
           6   32.875844050415175       0.57877678067356619        33.454620831088739     
           7   24.663921347858153       0.37077582247645841        25.034697170334610     
           8   17.069600374552245       0.25951514825666328        17.329115522808909     
           9   10.528326033158535       0.15512902641338525        10.683455059571921     
          10   8.0718409861959284       0.11654538137242457        8.1883863675683521     
          11   4.5023696072045079        7.0184307916318869E-002   4.5725539151208263     
          12   2.0599703201483841        4.4838798213448369E-002   2.1048091183618323     
          13   1.8586382223453564        4.0020043833553572E-002   1.8986582661789100     
          14  0.64422475681605251        1.4430595239422814E-002  0.65865535205547532     
          15   1.3273710900423383        1.4035819313760016E-002   1.3414069093560983     
          16  0.78100756492692014        1.2271806715083643E-002  0.79327937164200379     
          17  0.58640187336692851        4.1333417413751180E-003  0.59053521510830365     
          18  0.25835348414395032        6.5082197302714162E-003  0.26486170387422175     
          19  0.68660766254410799        3.5208752985394819E-003  0.69012853784264749     
          20  0.18512689746444369        0.0000000000000000       0.18512689746444369     
