   1.0000000000000000        0.0000000000000000       0.46600291028248553       0.72780229808163477            10000
 i   solar flux    satshine flux      total flux
 -----------------------------------------------
           1   1298.7891048342747        12.106380212636042        1310.8954850469106     
           2   123.28634711096825        3.0959977792999633        126.38234489026821     
           3   175.63597799448843        2.4088002198473100        178.04477821433574     
           4   72.756079688861675        1.2721105052397126        74.028190194101384     
           5   53.195782589693138       0.82687614540144716        54.022658735094588     
           6   30.727235760897926       0.43756685562807013        31.164802616525996     
           7   19.225190491502925       0.38143132134309299        19.606621812846019     
           8   10.901640925017130       0.22416574674481726        11.125806671761946     
           9   7.3667258903252737       0.14340835067299892        7.5101342409982728     
          10   3.9703504058639325       0.11532966522606432        4.0856800710899970     
          11   2.4153213066060806        6.0701455059384707E-002   2.4760227616654653     
          12   2.6030835125109348        3.5611741793508754E-002   2.6386952543044435     
          13  0.89652260388771932        3.9226861350775792E-002  0.93574946523849512     
          14  0.75051562112905423        1.0340423137956507E-002  0.76085604426701070     
          15  0.53912982411679056        8.1825898789493201E-003  0.54731241399573993     
          16   1.1858378418413444        4.8582315594642347E-003   1.1906960734008087     
          17  0.26489927390427614        8.5511241490066059E-003  0.27345039805328275     
          18  0.16917988810726439        4.4839335745748441E-003  0.17366382168183925     
          19   0.0000000000000000        0.0000000000000000        0.0000000000000000     
          20  0.14079655502955285        0.0000000000000000       0.14079655502955285     
