   1.0000000000000000        0.0000000000000000       0.46600291028248553       0.72780229808163477            10000
 i   solar flux    satshine flux      total flux
 -----------------------------------------------
           1   1283.2035240457913        11.751791399683928        1294.9553154454752     
           2   117.35237784036693        2.9789578421405079        120.33133568250743     
           3   166.29168042611556        2.4881041197520970        168.77978454586767     
           4   66.382296978851940        1.3072282253982048        67.689525204250145     
           5   54.292159669370122       0.81084146556189329        55.103001134932015     
           6   30.688331985891491       0.55729756550216103        31.245629551393652     
           7   19.571541830510760       0.30589899001224002        19.877440820522999     
           8   15.328081356692891       0.16869021431546047        15.496771571008352     
           9   8.8886726347171798       0.11136258131165841        9.0000352160288379     
          10   4.8679041521466315        8.4278968019497066E-002   4.9521831201661284     
          11   5.7559601232478101        5.6357546113168226E-002   5.8123176693609784     
          12   3.6859411598006067        2.2678606677906457E-002   3.7086197664785132     
          13   1.9286152799944682        3.8148643048836819E-002   1.9667639230433052     
          14   1.2552301911053898        1.4159284015995055E-002   1.2693894751213848     
          15  0.26749825936425908        1.6615341530550616E-002  0.28411360089480969     
          16  0.44529719909894000        6.6615861224100072E-003  0.45195878522135002     
          17  0.48899350116529350        0.0000000000000000       0.48899350116529350     
          18  0.39006234604418938        5.7858327822875571E-003  0.39584817882647694     
          19   0.0000000000000000        2.5214717043476609E-003   2.5214717043476609E-003
          20  0.19848534129845485        8.0156061459794453E-003  0.20650094744443431     
