   1.0000000000000000        0.0000000000000000       0.46600291028248553       0.72780229808163477            10000
 i   solar flux    satshine flux      total flux
 -----------------------------------------------
           1   1328.0120330876957        11.767013374557560        1339.7790464622533     
           2   113.43813874103142        2.7816107885842247        116.21974952961565     
           3   174.05398937340232        2.3325522341121703        176.38654160751449     
           4   67.896167139832144        1.2255825048691855        69.121749644701325     
           5   52.232950037010070       0.86512750042306230        53.098077537433134     
           6   32.100656198065835       0.53168959304099994        32.632345791106836     
           7   19.788505883785014       0.34299662416058180        20.131502507945594     
           8   17.140524398466521       0.20695642922589791        17.347480827692419     
           9   9.0808489972945114       0.19522351768485433        9.2760725149793650     
          10   7.2464207560130207       0.14019185658550043        7.3866126125985208     
          11   3.9861977181253132        8.8649005125886124E-002   4.0748467232511993     
          12   3.5678152903579647        3.9223379030987313E-002   3.6070386693889520     
          13   1.1432612021305899        8.3932860397128144E-003   1.1516544881703028     
          14   1.6302547725840846        4.2057914305285188E-002   1.6723126868893698     
          15  0.19448264580859692        1.2309187803621311E-002  0.20679183361221823     
          16  0.87050208296179876        2.7310492523551666E-002  0.89781257548535043     
          17  0.27465171197168947        1.1037392654143514E-002  0.28568910462583297     
          18   0.0000000000000000        9.7285020073561053E-003   9.7285020073561053E-003
          19   0.0000000000000000        5.9473028751546569E-003   5.9473028751546569E-003
          20   9.1710004776593704E-002   4.7112357538372542E-003   9.6421240530430954E-002
