   1.0000000000000000        0.0000000000000000       0.46600291028248553       0.72780229808163477            10000
 i   solar flux    satshine flux      total flux
 -----------------------------------------------
           1   1323.8818508871595        11.954790291650571        1335.8366411788102     
           2   118.49074929954745        2.9394238887272439        121.43017318827469     
           3   179.07681615663512        2.5023906989775888        181.57920685561271     
           4   76.594563524196118        1.3052212594214598        77.899784783617577     
           5   57.487668271146433       0.81197313665930437        58.299641407805737     
           6   39.018079278062181       0.59771376193407522        39.615793039996255     
           7   23.188594065691710       0.35884543287875453        23.547439498570466     
           8   17.374504738624928       0.27292379308521142        17.647428531710140     
           9   10.120376760921875       0.16460999229070408        10.284986753212578     
          10   6.0396930793723929       0.11922613182948340        6.1589192112018765     
          11   3.7397244919732953        7.1825224548627373E-002   3.8115497165219225     
          12   3.4223967198046461        5.0159906266749307E-002   3.4725566260713956     
          13  0.97893375478555122        2.5031218415225938E-002   1.0039649732007772     
          14  0.54435169193682165        1.5391638710100653E-002  0.55974333064692228     
          15  0.58693050874345687        7.3477728884562043E-003  0.59427828163191310     
          16  0.47229542597662716        1.0907118457268031E-002  0.48320254443389521     
          17   1.2096852745181499        8.4506474162768467E-003   1.2181359219344268     
          18  0.12248886532927046        0.0000000000000000       0.12248886532927046     
          19  0.29965667264129092        2.6632754346204717E-003  0.30231994807591139     
          20   0.0000000000000000        0.0000000000000000        0.0000000000000000     
