   1.0000000000000000        0.0000000000000000       0.46600291028248553       0.72780229808163477            10000
 i   solar flux    satshine flux      total flux
 -----------------------------------------------
           1   1292.0178147994229        11.971291843669841        1303.9891066430928     
           2   124.41918206541422        3.2013509211197073        127.62053298653393     
           3   170.17175830237272        2.3274002076882878        172.49915851006102     
           4   67.555384346045443        1.1619180288631195        68.717302374908556     
           5   57.883765536582047       0.87956231502026094        58.763327851602305     
           6   33.755840620882182       0.63050864232115988        34.386349263203343     
           7   18.679460825407276       0.28174535681570845        18.961206182222984     
           8   15.608831705736181       0.25436155725173581        15.863193262987917     
           9   10.314946380428852       0.12605731911129972        10.441003699540152     
          10   5.8488669962446984        6.1020091656333354E-002   5.9098870879010317     
          11   2.9432529806404295        8.3604456062185542E-002   3.0268574367026151     
          12   3.0057212054955387        3.4360534072691101E-002   3.0400817395682296     
          13   1.5926757971037238        1.8923624881760890E-002   1.6115994219854846     
          14   1.1735414910445254        1.4202209845177387E-002   1.1877437008897027     
          15  0.61100527731250387        5.1194463022523513E-003  0.61612472361475623     
          16   1.0511637442089969        8.2449322585259003E-003   1.0594086764675228     
          17  0.37007720705671832        5.8266483755362378E-004  0.37065987189427196     
          18  0.16675852354816129        8.6295156954504272E-003  0.17538803924361171     
          19  0.29214501159719619        0.0000000000000000       0.29214501159719619     
          20  0.16801701087986626        0.0000000000000000       0.16801701087986626     
