   1.0000000000000000        0.0000000000000000       0.46600291028248553       0.72780229808163477            10000
 i   solar flux    satshine flux      total flux
 -----------------------------------------------
           1   1318.3957517980443        12.168707171293491        1330.5644589693379     
           2   121.41812907164784        2.9235689119708930        124.34169798361873     
           3   174.24892866919876        2.3769819423250507        176.62591061152381     
           4   68.204995305218887        1.1456324993226712        69.350627804541560     
           5   55.668377718008912       0.88241259815209228        56.550790316161006     
           6   32.337519904319663       0.50875670898038872        32.846276613300049     
           7   20.707197512758455       0.35553848341599759        21.062735996174453     
           8   12.627803346205891       0.16686155472980668        12.794664900935697     
           9   10.419186558059629       0.14653842642275489        10.565724984482383     
          10   7.0560768874022486       0.11663975087224156        7.1727166382744905     
          11   3.5972437746770605        6.8634889105407937E-002   3.6658786637824683     
          12   1.5900613771715553        3.2844205773050597E-002   1.6229055829446060     
          13   2.2449143252331041        4.1081994772765862E-002   2.2859963200058697     
          14   1.1979829153232044        2.1611083780387012E-002   1.2195939991035916     
          15  0.68632110535786328        3.9230054169127147E-003  0.69024411077477599     
          16   5.9683390525152556E-002   8.1959520036442284E-003   6.7879342528796779E-002
          17  0.41097486904521241        4.7874105265954250E-003  0.41576227957180784     
          18  0.74026930779610911        4.4999099015196643E-003  0.74476921769762883     
          19   0.0000000000000000        3.9007373000788013E-003   3.9007373000788013E-003
          20  0.22960651313802705        0.0000000000000000       0.22960651313802705     
