 Curly R     I/F(total)  I/F(solar)   I/F(saturn)
 ---------------------------------------------------
  0.010    2.8261E-03    2.8002E-03    2.5884E-05
  0.020    5.6576E-03    5.6057E-03    5.1895E-05
  0.030    8.4949E-03    8.4169E-03    7.8036E-05
  0.040    1.1338E-02    1.1234E-02    1.0431E-04
  0.050    1.4188E-02    1.4057E-02    1.3072E-04
  0.060    1.7044E-02    1.6886E-02    1.5727E-04
  0.070    1.9906E-02    1.9722E-02    1.8397E-04
  0.080    2.2776E-02    2.2565E-02    2.1081E-04
  0.090    2.5652E-02    2.5415E-02    2.3780E-04
  0.100    2.8537E-02    2.8272E-02    2.6495E-04
  0.110    3.1429E-02    3.1136E-02    2.9225E-04
  0.120    3.4329E-02    3.4009E-02    3.1972E-04
  0.130    3.7237E-02    3.6889E-02    3.4735E-04
  0.140    4.0154E-02    3.9778E-02    3.7514E-04
  0.150    4.3079E-02    4.2676E-02    4.0312E-04
  0.160    4.6014E-02    4.5583E-02    4.3127E-04
  0.170    4.8958E-02    4.8499E-02    4.5960E-04
  0.180    5.1912E-02    5.1424E-02    4.8812E-04
  0.190    5.4876E-02    5.4359E-02    5.1683E-04
  0.200    5.7851E-02    5.7305E-02    5.4573E-04
  0.210    6.0836E-02    6.0261E-02    5.7484E-04
  0.220    6.3832E-02    6.3228E-02    6.0414E-04
  0.230    6.6839E-02    6.6206E-02    6.3366E-04
  0.240    6.9859E-02    6.9195E-02    6.6340E-04
  0.250    7.2890E-02    7.2197E-02    6.9335E-04
  0.260    7.5934E-02    7.5211E-02    7.2353E-04
  0.270    7.8991E-02    7.8237E-02    7.5394E-04
  0.280    8.2061E-02    8.1276E-02    7.8458E-04
  0.290    8.5145E-02    8.4329E-02    8.1547E-04
  0.300    8.8242E-02    8.7396E-02    8.4661E-04
  0.310    9.1355E-02    9.0477E-02    8.7800E-04
  0.320    9.4482E-02    9.3572E-02    9.0966E-04
  0.330    9.7624E-02    9.6683E-02    9.4158E-04
  0.340    1.0078E-01    9.9809E-02    9.7377E-04
  0.350    1.0396E-01    1.0295E-01    1.0063E-03
  0.360    1.0715E-01    1.0611E-01    1.0390E-03
  0.370    1.1036E-01    1.0929E-01    1.0721E-03
  0.380    1.1358E-01    1.1248E-01    1.1055E-03
  0.390    1.1683E-01    1.1569E-01    1.1391E-03
  0.400    1.2009E-01    1.1892E-01    1.1731E-03
  0.410    1.2338E-01    1.2217E-01    1.2075E-03
  0.420    1.2668E-01    1.2544E-01    1.2421E-03
  0.430    1.3000E-01    1.2873E-01    1.2771E-03
  0.440    1.3335E-01    1.3204E-01    1.3125E-03
  0.450    1.3672E-01    1.3537E-01    1.3482E-03
  0.460    1.4011E-01    1.3872E-01    1.3843E-03
  0.470    1.4352E-01    1.4210E-01    1.4208E-03
  0.480    1.4696E-01    1.4550E-01    1.4577E-03
  0.490    1.5042E-01    1.4892E-01    1.4950E-03
  0.500    1.5391E-01    1.5237E-01    1.5328E-03
  0.510    1.5742E-01    1.5585E-01    1.5709E-03
  0.520    1.6096E-01    1.5935E-01    1.6095E-03
  0.530    1.6453E-01    1.6288E-01    1.6486E-03
  0.540    1.6813E-01    1.6644E-01    1.6881E-03
  0.550    1.7175E-01    1.7002E-01    1.7281E-03
  0.560    1.7541E-01    1.7364E-01    1.7686E-03
  0.570    1.7910E-01    1.7729E-01    1.8096E-03
  0.580    1.8282E-01    1.8097E-01    1.8512E-03
  0.590    1.8658E-01    1.8468E-01    1.8932E-03
  0.600    1.9037E-01    1.8843E-01    1.9359E-03
  0.610    1.9420E-01    1.9222E-01    1.9791E-03
  0.620    1.9806E-01    1.9604E-01    2.0230E-03
  0.630    2.0196E-01    1.9989E-01    2.0674E-03
  0.640    2.0590E-01    2.0379E-01    2.1125E-03
  0.650    2.0989E-01    2.0773E-01    2.1583E-03
  0.660    2.1391E-01    2.1171E-01    2.2047E-03
  0.670    2.1798E-01    2.1573E-01    2.2518E-03
  0.680    2.2210E-01    2.1980E-01    2.2997E-03
  0.690    2.2626E-01    2.2392E-01    2.3483E-03
  0.700    2.3048E-01    2.2808E-01    2.3977E-03
  0.710    2.3474E-01    2.3229E-01    2.4479E-03
  0.720    2.3905E-01    2.3656E-01    2.4990E-03
  0.730    2.4342E-01    2.4087E-01    2.5509E-03
  0.740    2.4785E-01    2.4525E-01    2.6037E-03
  0.750    2.5234E-01    2.4968E-01    2.6574E-03
  0.760    2.5688E-01    2.5417E-01    2.7121E-03
  0.770    2.6149E-01    2.5872E-01    2.7678E-03
  0.780    2.6617E-01    2.6334E-01    2.8246E-03
  0.790    2.7091E-01    2.6803E-01    2.8824E-03
  0.800    2.7573E-01    2.7279E-01    2.9413E-03
  0.810    2.8062E-01    2.7762E-01    3.0015E-03
  0.820    2.8559E-01    2.8252E-01    3.0628E-03
  0.830    2.9063E-01    2.8751E-01    3.1254E-03
  0.840    2.9577E-01    2.9258E-01    3.1894E-03
  0.850    3.0099E-01    2.9773E-01    3.2547E-03
  0.860    3.0630E-01    3.0298E-01    3.3214E-03
  0.870    3.1171E-01    3.0832E-01    3.3897E-03
  0.880    3.1721E-01    3.1375E-01    3.4596E-03
  0.890    3.2283E-01    3.1930E-01    3.5310E-03
  0.900    3.2855E-01    3.2494E-01    3.6043E-03
  0.910    3.3439E-01    3.3071E-01    3.6793E-03
  0.920    3.4034E-01    3.3659E-01    3.7562E-03
  0.930    3.4643E-01    3.4259E-01    3.8351E-03
  0.940    3.5265E-01    3.4873E-01    3.9160E-03
  0.950    3.5900E-01    3.5500E-01    3.9992E-03
  0.960    3.6551E-01    3.6142E-01    4.0847E-03
  0.970    3.7217E-01    3.6799E-01    4.1725E-03
  0.980    3.7899E-01    3.7472E-01    4.2630E-03
  0.990    3.8598E-01    3.8163E-01    4.3561E-03
  1.000    3.9316E-01    3.8871E-01    4.4521E-03
