   1.0000000000000000        0.0000000000000000       0.46600291028248553       0.72780229808163477            10000
 i   solar flux    satshine flux      total flux
 -----------------------------------------------
           1   1345.5021345540827        12.322664501770618        1357.8247990558532     
           2   123.89040481288589        2.9277186447969066        126.81812345768280     
           3   183.28323920629060        2.4888033578638775        185.77204256415448     
           4   69.143543844963801        1.2168927048363785        70.360436549800184     
           5   66.240390639855605       0.86341342085412021        67.103804060709720     
           6   33.687154952256435       0.47045138740873782        34.157606339665172     
           7   24.147007884689607       0.36787626413303914        24.514884148822645     
           8   14.563125040866137       0.21689465742188682        14.780019698288024     
           9   10.537821051353120       0.13667481804583234        10.674495869398953     
          10   4.9117316949675942        7.6640727218952584E-002   4.9883724221865471     
          11   4.5652841293499913        9.3793931175874215E-002   4.6590780605258653     
          12   2.6916430413625765        5.0683890587656488E-002   2.7423269319502328     
          13   1.4676060491658083        2.7834662198798564E-002   1.4954407113646069     
          14  0.78227326720186219        2.2345437658091376E-002  0.80461870485995357     
          15  0.53522002732016194        8.8639920850162564E-004  0.53610642652866358     
          16   1.0443053267418867        6.0404528162993822E-003   1.0503457795581861     
          17  0.40357745754267244        0.0000000000000000       0.40357745754267244     
          18  0.26477114751133235        5.4526079126015724E-003  0.27022375542393390     
          19  0.24997386492795787        4.2535214857043540E-003  0.25422738641366222     
          20   0.0000000000000000        0.0000000000000000        0.0000000000000000     
