   1.0000000000000000        0.0000000000000000       0.46600291028248553       0.72780229808163477            10000
 i   solar flux    satshine flux      total flux
 -----------------------------------------------
           1   1293.9236590246414        12.199880592066579        1306.1235396167081     
           2   125.46531456274714        2.9791478123853521        128.44446237513250     
           3   175.81618664774982        2.5136361157542759        178.32982276350410     
           4   79.150878592288038        1.2862213338239554        80.437099926111998     
           5   53.813736414382376       0.87812948608230568        54.691865900464684     
           6   30.296273020836225       0.53171932148282108        30.827992342319046     
           7   21.300863938175091       0.36406852460715938        21.664932462782250     
           8   15.210991803549909       0.23534583167091619        15.446337635220825     
           9   6.6837620422708728       0.14375328351818059        6.8275153257890535     
          10   8.0561843749416457       0.11884294176196665        8.1750273167036127     
          11   5.1184058467269740        7.0244433324197011E-002   5.1886502800511707     
          12   3.0868486307887566        4.8336451685884747E-002   3.1351850824746412     
          13   1.2586327889982383        5.3567111469180681E-002   1.3121999004674190     
          14  0.99511520190638203        1.9680790971853272E-002   1.0147959928782353     
          15   1.4038508001199859        3.2678392434010418E-002   1.4365291925539962     
          16  0.24251376764431171        7.3123892643298322E-003  0.24982615690864154     
          17  0.18808531031766298        1.2318204052698773E-002  0.20040351437036175     
          18   0.0000000000000000        2.6630656672611860E-003   2.6630656672611860E-003
          19   0.0000000000000000        1.0268692121080321E-002   1.0268692121080321E-002
          20  0.22643172497005118        2.2789188994147215E-003  0.22871064386946591     
