   1.0000000000000000        0.0000000000000000       0.46600291028248553       0.72780229808163477            10000
 i   solar flux    satshine flux      total flux
 -----------------------------------------------
           1   1283.5313107446873        11.748007080362081        1295.2793178250495     
           2   123.52399056869393        3.0522054991735308        126.57619606786746     
           3   174.01288108826665        2.4688100865521414        176.48169117481879     
           4   71.904675955599373        1.2558512991646733        73.160527254764048     
           5   60.862780641661359       0.90537826651521414        61.768158908176574     
           6   34.758344520287643       0.55496121033326995        35.313305730620911     
           7   23.897461929373346       0.37833796471125508        24.275799894084603     
           8   14.091768737129286       0.26769789213150635        14.359466629260792     
           9   8.1944657643074486       0.15938298896414635        8.3538487532715955     
          10   7.6520584238740206        8.9182630465372947E-002   7.7412410543393939     
          11   3.6777459619049067        4.4516820269479035E-002   3.7222627821743859     
          12   3.4977138076687373        4.2613041775503825E-002   3.5403268494442410     
          13  0.84874682423009595        3.2008764097530576E-002  0.88075558832762657     
          14   1.8158247403659988        1.3149580485707623E-002   1.8289743208517064     
          15  0.60921635360303616        2.2783914108778912E-002  0.63200026771181506     
          16   1.3609272833058363        4.8572939245414498E-003   1.3657845772303778     
          17  0.18742610778012395        1.2275757919433337E-002  0.19970186569955728     
          18   7.4298203806642024E-002   5.5628073637672424E-003   7.9861011170409266E-002
          19  0.21609638659065702        9.7198070759139579E-003  0.22581619366657099     
          20   0.0000000000000000        4.8351350303440788E-003   4.8351350303440788E-003
