   1.0000000000000000        0.0000000000000000       0.46600291028248553       0.72780229808163477            10000
 i   solar flux    satshine flux      total flux
 -----------------------------------------------
           1   1306.2300274600150        12.486698866899328        1318.7167263269143     
           2   119.00872292154145        2.8528871212536191        121.86161004279506     
           3   162.67169546325604        2.2651636755921003        164.93685913884815     
           4   73.231873044025235        1.1542813437974395        74.386154387822671     
           5   44.807958927112459       0.89565658682911176        45.703615513941571     
           6   27.979954330552307       0.42744215012737896        28.407396480679687     
           7   18.827182260083106       0.33859043105663345        19.165772691139740     
           8   12.011817567102405       0.19918182327128070        12.210999390373685     
           9   8.8947340646195698       0.15534656710316214        9.0500806317227322     
          10   5.3881522774950588        9.1807591137082908E-002   5.4799598686321414     
          11   3.5420572424303653        7.7276085273943945E-002   3.6193333277043092     
          12   3.3094044934415594        5.1275150389082626E-002   3.3606796438306419     
          13   1.9350263686326348        2.9666369601733810E-002   1.9646927382343686     
          14  0.64812589487280725        2.1520603770357825E-002  0.66964649864316506     
          15   1.2987403474709724        1.1940559222565665E-002   1.3106809066935381     
          16  0.55282757629563462        1.5122857295656392E-002  0.56795043359129105     
          17   6.7693059194349106E-002   0.0000000000000000        6.7693059194349106E-002
          18   0.0000000000000000        3.6317392188015660E-003   3.6317392188015660E-003
          19  0.24155007173043352        3.5240155972817355E-003  0.24507408732771527     
          20  0.31350659342718712        4.5474542792068627E-003  0.31805404770639401     
