   1.0000000000000000        0.0000000000000000       0.46600291028248553       0.72780229808163477            10000
 i   solar flux    satshine flux      total flux
 -----------------------------------------------
           1   1295.2292890029796        12.201164353586178        1307.4304533565657     
           2   120.27307680301753        3.1160336373439210        123.38911044036145     
           3   173.11882189868857        2.1895233607224860        175.30834525941106     
           4   70.630409025315345        1.2112990161102799        71.841708041425619     
           5   52.416401203625860       0.74372671963274362        53.160127923258607     
           6   36.499561687865658       0.52153413536147264        37.021095823227128     
           7   20.633254495006497       0.35768252831773417        20.990937023324232     
           8   12.564415288133624       0.20834648932575014        12.772761777459374     
           9   9.9411264664339001       0.17410228015936605        10.115228746593266     
          10   5.2665353026918975       0.13797378994930087        5.4045090926411987     
          11   4.5761572989665114       0.10446713946024420        4.6806244384267552     
          12   3.3763340377517652        3.4045711510488560E-002   3.4103797492622538     
          13   3.3272232748133086        3.9881731655967124E-002   3.3671050064692758     
          14   1.5687230495524567        2.2126568713825515E-002   1.5908496182662821     
          15  0.65549375034177404        3.2658329124463224E-002  0.68815207946623724     
          16  0.44700666910279158        9.7201221271529959E-003  0.45672679122994458     
          17  0.28150481666367938        1.0221209635611607E-002  0.29172602629929101     
          18  0.11556331339078769        4.7754236326555313E-003  0.12033873702344322     
          19  0.14038603049228587        0.0000000000000000       0.14038603049228587     
          20  0.10794393471585369        0.0000000000000000       0.10794393471585369     
