   1.0000000000000000        0.0000000000000000       0.46600291028248553       0.72780229808163477            10000
 i   solar flux    satshine flux      total flux
 -----------------------------------------------
           1   1344.1817764288035        12.405923529990133        1356.5876999587936     
           2   124.29288881063496        3.0489853556083819        127.34187416624334     
           3   178.00895505617530        2.5950746296514127        180.60402968582670     
           4   73.803426577743380        1.2992905861705200        75.102717163913894     
           5   57.935632608342431       0.86936847344837331        58.805001081790806     
           6   34.656566565779052       0.51226885574658898        35.168835421525642     
           7   25.899642926008120       0.33003826936634567        26.229681195374464     
           8   15.523287091864162       0.22809836309417605        15.751385454958339     
           9   8.7157806039365973       0.12048508054719879        8.8362656844837968     
          10   7.2513152006398380       0.13722450723958687        7.3885397078794250     
          11   4.2004911053406273        7.2644593323500109E-002   4.2731356986641273     
          12   3.4937950270554015        5.9298115371409096E-002   3.5530931424268104     
          13   2.9306883871417582        5.1714279919423720E-002   2.9824026670611818     
          14   1.1066629087231514        2.4674264100503000E-002   1.1313371728236545     
          15   1.2864288631468552        7.7406674533548863E-003   1.2941695306002101     
          16  0.55202159606463730        1.2505531234826410E-002  0.56452712729946375     
          17  0.77182695608927854        4.3057588384457224E-003  0.77613271492772429     
          18  0.43129459584171881        8.4678831106292669E-003  0.43976247895234810     
          19   0.0000000000000000        0.0000000000000000        0.0000000000000000     
          20  0.25957653016617555        2.6270483002266772E-003  0.26220357846640224     
