   1.0000000000000000        0.0000000000000000       0.46600291028248553       0.72780229808163477            10000
 i   solar flux    satshine flux      total flux
 -----------------------------------------------
           1   1319.3161378403497        12.012459537220240        1331.3285973775698     
           2   116.95095228303576        2.9441116506163709        119.89506393365212     
           3   177.76044207790832        2.1946162892086654        179.95505836711698     
           4   76.543248085055396        1.1511680702269929        77.694416155282383     
           5   58.942075333280229       0.77289686768482635        59.714972200965057     
           6   30.747248557243555       0.50476341225714882        31.252011969500703     
           7   19.253397816249564       0.35435678530425319        19.607754601553818     
           8   11.952118745906404       0.21524456020694593        12.167363306113350     
           9   9.8388638589173958       0.13118543118690373        9.9700492901042992     
          10   4.2992393928644228       0.11272220114850325        4.4119615940129258     
          11   4.1168263877376940        8.7579914184055654E-002   4.2044063019217495     
          12   1.9848259162699604        5.8821579501534112E-002   2.0436474957714945     
          13   1.5332151954405404        2.9725716135591090E-002   1.5629409115761315     
          14  0.58797376313283678        2.3994940002769753E-002  0.61196870313560658     
          15  0.74142999861162451        1.7781569200612339E-003  0.74320815553168573     
          16  0.67462574247497142        1.3712414660368629E-002  0.68833815713534008     
          17  0.58557936007721856        3.4252146407239819E-003  0.58900457471794254     
          18  0.47914994923305276        8.2109232778393784E-003  0.48736087251089216     
          19  0.14988625520236784        6.4463044385851742E-003  0.15633255964095302     
          20   0.0000000000000000        8.0627186438978829E-003   8.0627186438978829E-003
