   1.0000000000000000        0.0000000000000000       0.46600291028248553       0.72780229808163477            10000
 i   solar flux    satshine flux      total flux
 -----------------------------------------------
           1   1349.0314934878809        12.542041629399652        1361.5735351172805     
           2   132.31230327301466        2.9724365359942237        135.28473980900890     
           3   171.16197990330460        2.3596440224156852        173.52162392572029     
           4   69.217682442172531        1.2756575489287147        70.493339991101251     
           5   50.708482013822156       0.89851524137839966        51.606997255200554     
           6   29.593744495169492       0.46762377781389969        30.061368272983390     
           7   19.196934973496816       0.35441815154480577        19.551353125041622     
           8   13.156728706642102       0.23259184360030608        13.389320550242408     
           9   8.5377047953762624       0.17197410352767653        8.7096788989039382     
          10   5.9166444455710021        9.3641950731329832E-002   6.0102863963023321     
          11   5.1511867879008548        6.0999111230643437E-002   5.2121858991314980     
          12   2.5112165763635144        5.6997603641182240E-002   2.5682141800046967     
          13   2.6588886038909543        4.6356157554638414E-002   2.7052447614455928     
          14   1.0167017307945716        3.8663911066882439E-002   1.0553656418614541     
          15   1.5848167669615725        2.3159419712302953E-002   1.6079761866738753     
          16   1.1504054714135405        1.0406771769700318E-002   1.1608122431832408     
          17  0.62442343978939674        1.0117531893842376E-002  0.63454097168323909     
          18  0.42238701866197492        1.0007771053118342E-002  0.43239478971509326     
          19  0.41911374027754961        1.1257860773427374E-002  0.43037160105097699     
          20  0.20526784687661676        3.3570990640260897E-003  0.20862494594064285     
