   1.0000000000000000        0.0000000000000000       0.46600291028248553       0.72780229808163477            10000
 i   solar flux    satshine flux      total flux
 -----------------------------------------------
           1   1314.9124198781219        11.958047473850803        1326.8704673519728     
           2   116.65169118575952        2.9971737040556303        119.64886488981514     
           3   184.70962816646772        2.3711548569587513        187.08078302342648     
           4   72.874422742195918        1.2958886638933822        74.170311406089297     
           5   60.508095319827028       0.93508599639036094        61.443181316217391     
           6   34.325452638074026       0.53349426091503893        34.858946898989068     
           7   26.403987220375917       0.40373209066100268        26.807719311036919     
           8   16.369125546732615       0.25440418692892547        16.623529733661542     
           9   11.042942731860867       0.19779955817554376        11.240742290036410     
          10   7.2800904888765308       0.11096130754287133        7.3910517964194025     
          11   5.5572424634589064        9.6786551490392808E-002   5.6540290149492991     
          12   4.1772669423134019        5.5204790654039458E-002   4.2324717329674417     
          13   2.5048554879580545        3.0106327470889521E-002   2.5349618154289439     
          14   2.4619238975407569        1.7663138338277012E-002   2.4795870358790340     
          15  0.79190931301642231        1.2774284878773761E-002  0.80468359789519606     
          16   1.7396642609841761        1.8646699576627974E-002   1.7583109605608040     
          17  0.49316206883608499        2.2341148616087120E-003  0.49539618369769373     
          18  0.64520186110768241        1.9397702597581852E-003  0.64714163136744063     
          19  0.14898560742151273        2.8326946129127507E-003  0.15181830203442548     
          20  0.40103836997383802        5.6007226626138308E-003  0.40663909263645187     
