   1.0000000000000000        0.0000000000000000       0.46600291028248553       0.72780229808163477            10000
 i   solar flux    satshine flux      total flux
 -----------------------------------------------
           1   1268.8603969411970        11.760626343493456        1280.6210232846904     
           2   115.02598995943586        3.0043727582906476        118.03036271772650     
           3   187.46681753204012        2.4170977815376489        189.88391531357777     
           4   67.581884766382203        1.3142093133959034        68.896094079778109     
           5   63.053704122003928       0.82005649334594277        63.873760615349873     
           6   35.650097935631095       0.53700437375083843        36.187102309381935     
           7   26.388003308011051       0.33094357360483018        26.718946881615881     
           8   14.343145626015460       0.22872356382831355        14.571869189843774     
           9   7.9837352663370105       0.14724017008463053        8.1309754364216413     
          10   4.7628271282835719       0.10585136670610759        4.8686784949896795     
          11   5.0366572094790723        5.3160863343670976E-002   5.0898180728227436     
          12   2.4978436225088205        5.4360748725815769E-002   2.5522043712346365     
          13   1.7716626179772881        3.1925941668310330E-002   1.8035885596455985     
          14   1.4035616149216532        3.6470460150948195E-002   1.4400320750726014     
          15  0.28268430624288543        1.2360979763151123E-002  0.29504528600603658     
          16  0.94802064842796840        8.1993720937540322E-003  0.95622002052172239     
          17  0.25285263986164686        5.2784677523240965E-003  0.25813110761397096     
          18  0.62080376084487321        8.6236140315840652E-003  0.62942737487645728     
          19  0.36218418015430620        0.0000000000000000       0.36218418015430620     
          20   8.2542514619967908E-002   2.5531399236998768E-003   8.5095654543667784E-002
