   1.0000000000000000        0.0000000000000000       0.46600291028248553       0.72780229808163477            10000
 i   solar flux    satshine flux      total flux
 -----------------------------------------------
           1   1317.6355516355338        12.264643865909933        1329.9001955014437     
           2   118.89353335935486        2.9085514210263272        121.80208478038119     
           3   166.82218098185760        2.2856098117887305        169.10779079364633     
           4   66.704277299610411        1.1412491092723511        67.845526408882762     
           5   53.714137113027519       0.72135456841490730        54.435491681442429     
           6   28.667937772382004       0.46692881110210810        29.134866583484111     
           7   20.597258578424203       0.25775908927137059        20.855017667695574     
           8   14.601448557441280       0.24127776568763970        14.842726323128920     
           9   9.3961862054211505        9.2895952015694963E-002   9.4890821574368456     
          10   6.0575278869650564        7.3785568837046761E-002   6.1313134558021032     
          11   5.2850790706202853        4.6895444674154900E-002   5.3319745152944398     
          12   2.0659675846865122        1.7246723232476911E-002   2.0832143079189893     
          13   3.9270744440926841        3.7715126115174906E-002   3.9647895702078588     
          14   1.9660131135177183        1.6456169928657075E-002   1.9824692834463755     
          15   1.2417036174364062        1.0350452728035163E-002   1.2520540701644414     
          16  0.52032360925074383        7.6346754951404040E-003  0.52795828474588424     
          17  0.80321291051910781        8.1438649934328756E-005  0.80329434916904219     
          18  0.24965936781509110        4.0910192556869378E-004  0.25006846974065977     
          19  0.39244575523223341        6.0616670727814707E-003  0.39850742230501490     
          20   9.1769389367183339E-003   5.6499636163042681E-003   1.4826902553022603E-002
