   1.0000000000000000        0.0000000000000000       0.46600291028248553       0.72780229808163477            10000
 i   solar flux    satshine flux      total flux
 -----------------------------------------------
           1   1288.9706382466907        11.763152189870823        1300.7337904365615     
           2   114.54450182061117        2.9835520279032828        117.52805384851446     
           3   164.90520096934358        2.2563655258624955        167.16156649520607     
           4   72.195805981625995        1.2430730633598377        73.438879044985839     
           5   57.186442569965209       0.83933064576577743        58.025773215730986     
           6   32.696214023891415       0.54504227126876093        33.241256295160177     
           7   23.666590377764983       0.39174786812263518        24.058338245887619     
           8   12.490665658608894       0.23312650128476711        12.723792159893661     
           9   9.4488857426225294       0.14223078604671263        9.5911165286692412     
          10   7.0296723951945665       0.10713889888810252        7.1368112940826691     
          11   4.0612275439312242        5.6352212119370214E-002   4.1175797560505947     
          12   4.0630645551015032        4.2992084681679740E-002   4.1060566397831826     
          13   2.1119121371708705        1.4201261161315622E-002   2.1261133983321860     
          14  0.77747977640218346        4.4350555784220203E-002  0.82183033218640367     
          15  0.39995754878828260        6.6267912401753041E-003  0.40658434002845789     
          16  0.98947522261862175        1.6003735302737503E-002   1.0054789579213592     
          17  0.27088156975407585        2.3259830262392315E-003  0.27320755278031505     
          18  0.14678510133128647        5.7113958140543363E-003  0.15249649714534080     
          19  0.12671516125246787        5.6300284071039508E-003  0.13234518965957182     
          20   0.0000000000000000        3.6116898020783239E-003   3.6116898020783239E-003
