   1.0000000000000000        0.0000000000000000       0.46600291028248553       0.72780229808163477            10000
 i   solar flux    satshine flux      total flux
 -----------------------------------------------
           1   1306.2100015005078        12.145838105582445        1318.3558396060903     
           2   123.11278557229571        2.9840699568301612        126.09685552912586     
           3   178.75928790468149        2.2728199990327278        181.03210790371421     
           4   67.919962137085676        1.2642287209362155        69.184190858021893     
           5   58.057989629890386       0.85904591624462812        58.917035546135011     
           6   26.661440217596699       0.47468154815488961        27.136121765751589     
           7   25.550737686331004       0.34263293433926556        25.893370620670268     
           8   11.589307818791744       0.23142751793586480        11.820735336727608     
           9   9.0696394750738136       0.13831106955200140        9.2079505446258150     
          10   4.3867489277472513        9.9476070077067047E-002   4.4862249978243183     
          11   5.0230872107535118        8.7671923334766116E-002   5.1107591340882781     
          12   3.1896996333513896        3.0040436134679396E-002   3.2197400694860692     
          13   2.1375928333626280        2.4772850014385533E-002   2.1623656833770135     
          14   2.0641206898439286        1.6463582995420549E-002   2.0805842728393493     
          15   1.1377626645432821        2.2377990756080234E-002   1.1601406552993623     
          16   0.0000000000000000        3.4069945844148550E-003   3.4069945844148550E-003
          17  0.59395647998974810        5.8665979824272891E-003  0.59982307797217538     
          18  0.53939040961614959        8.8862472613694329E-003  0.54827665687751903     
          19   0.0000000000000000        4.2025152898132858E-003   4.2025152898132858E-003
          20   4.6603161520457910E-002   6.5714009899071300E-003   5.3174562510365037E-002
