 Curly R     I/F(total)  I/F(solar)   I/F(saturn)
 ---------------------------------------------------
  0.010    2.8002E-03    2.7743E-03    2.5837E-05
  0.020    5.6059E-03    5.5541E-03    5.1803E-05
  0.030    8.4175E-03    8.3396E-03    7.7901E-05
  0.040    1.1235E-02    1.1131E-02    1.0414E-04
  0.050    1.4059E-02    1.3929E-02    1.3051E-04
  0.060    1.6890E-02    1.6733E-02    1.5702E-04
  0.070    1.9727E-02    1.9543E-02    1.8368E-04
  0.080    2.2571E-02    2.2361E-02    2.1049E-04
  0.090    2.5423E-02    2.5186E-02    2.3745E-04
  0.100    2.8282E-02    2.8018E-02    2.6457E-04
  0.110    3.1149E-02    3.0858E-02    2.9185E-04
  0.120    3.4025E-02    3.3705E-02    3.1928E-04
  0.130    3.6908E-02    3.6561E-02    3.4689E-04
  0.140    3.9801E-02    3.9426E-02    3.7467E-04
  0.150    4.2702E-02    4.2300E-02    4.0262E-04
  0.160    4.5613E-02    4.5182E-02    4.3075E-04
  0.170    4.8533E-02    4.8074E-02    4.5906E-04
  0.180    5.1463E-02    5.0976E-02    4.8756E-04
  0.190    5.4404E-02    5.3888E-02    5.1625E-04
  0.200    5.7355E-02    5.6810E-02    5.4514E-04
  0.210    6.0317E-02    5.9743E-02    5.7422E-04
  0.220    6.3290E-02    6.2687E-02    6.0352E-04
  0.230    6.6275E-02    6.5642E-02    6.3302E-04
  0.240    6.9272E-02    6.8609E-02    6.6274E-04
  0.250    7.2281E-02    7.1588E-02    6.9268E-04
  0.260    7.5302E-02    7.4579E-02    7.2285E-04
  0.270    7.8337E-02    7.7584E-02    7.5325E-04
  0.280    8.1386E-02    8.0602E-02    7.8389E-04
  0.290    8.4448E-02    8.3633E-02    8.1477E-04
  0.300    8.7524E-02    8.6678E-02    8.4590E-04
  0.310    9.0616E-02    8.9738E-02    8.7729E-04
  0.320    9.3722E-02    9.2813E-02    9.0893E-04
  0.330    9.6844E-02    9.5903E-02    9.4085E-04
  0.340    9.9982E-02    9.9009E-02    9.7304E-04
  0.350    1.0314E-01    1.0213E-01    1.0055E-03
  0.360    1.0631E-01    1.0527E-01    1.0383E-03
  0.370    1.0950E-01    1.0843E-01    1.0713E-03
  0.380    1.1271E-01    1.1160E-01    1.1047E-03
  0.390    1.1593E-01    1.1479E-01    1.1384E-03
  0.400    1.1918E-01    1.1800E-01    1.1724E-03
  0.410    1.2244E-01    1.2124E-01    1.2067E-03
  0.420    1.2573E-01    1.2449E-01    1.2414E-03
  0.430    1.2903E-01    1.2776E-01    1.2764E-03
  0.440    1.3236E-01    1.3105E-01    1.3118E-03
  0.450    1.3571E-01    1.3436E-01    1.3475E-03
  0.460    1.3909E-01    1.3770E-01    1.3836E-03
  0.470    1.4248E-01    1.4106E-01    1.4202E-03
  0.480    1.4590E-01    1.4445E-01    1.4571E-03
  0.490    1.4935E-01    1.4785E-01    1.4944E-03
  0.500    1.5282E-01    1.5129E-01    1.5321E-03
  0.510    1.5632E-01    1.5475E-01    1.5703E-03
  0.520    1.5985E-01    1.5824E-01    1.6089E-03
  0.530    1.6340E-01    1.6175E-01    1.6480E-03
  0.540    1.6698E-01    1.6530E-01    1.6875E-03
  0.550    1.7060E-01    1.6887E-01    1.7275E-03
  0.560    1.7424E-01    1.7247E-01    1.7681E-03
  0.570    1.7792E-01    1.7611E-01    1.8091E-03
  0.580    1.8163E-01    1.7978E-01    1.8507E-03
  0.590    1.8537E-01    1.8348E-01    1.8928E-03
  0.600    1.8915E-01    1.8721E-01    1.9355E-03
  0.610    1.9296E-01    1.9099E-01    1.9788E-03
  0.620    1.9682E-01    1.9479E-01    2.0227E-03
  0.630    2.0071E-01    1.9864E-01    2.0672E-03
  0.640    2.0464E-01    2.0253E-01    2.1123E-03
  0.650    2.0861E-01    2.0646E-01    2.1581E-03
  0.660    2.1263E-01    2.1043E-01    2.2046E-03
  0.670    2.1669E-01    2.1444E-01    2.2518E-03
  0.680    2.2080E-01    2.1850E-01    2.2997E-03
  0.690    2.2495E-01    2.2260E-01    2.3484E-03
  0.700    2.2916E-01    2.2676E-01    2.3978E-03
  0.710    2.3341E-01    2.3096E-01    2.4481E-03
  0.720    2.3772E-01    2.3522E-01    2.4992E-03
  0.730    2.4208E-01    2.3953E-01    2.5512E-03
  0.740    2.4650E-01    2.4390E-01    2.6041E-03
  0.750    2.5098E-01    2.4832E-01    2.6579E-03
  0.760    2.5552E-01    2.5281E-01    2.7127E-03
  0.770    2.6012E-01    2.5736E-01    2.7686E-03
  0.780    2.6479E-01    2.6197E-01    2.8254E-03
  0.790    2.6953E-01    2.6665E-01    2.8834E-03
  0.800    2.7435E-01    2.7140E-01    2.9425E-03
  0.810    2.7923E-01    2.7623E-01    3.0027E-03
  0.820    2.8420E-01    2.8113E-01    3.0642E-03
  0.830    2.8924E-01    2.8611E-01    3.1270E-03
  0.840    2.9437E-01    2.9118E-01    3.1911E-03
  0.850    2.9959E-01    2.9633E-01    3.2566E-03
  0.860    3.0490E-01    3.0158E-01    3.3236E-03
  0.870    3.1031E-01    3.0692E-01    3.3921E-03
  0.880    3.1582E-01    3.1236E-01    3.4622E-03
  0.890    3.2144E-01    3.1790E-01    3.5340E-03
  0.900    3.2716E-01    3.2355E-01    3.6075E-03
  0.910    3.3300E-01    3.2932E-01    3.6828E-03
  0.920    3.3897E-01    3.3521E-01    3.7601E-03
  0.930    3.4506E-01    3.4122E-01    3.8394E-03
  0.940    3.5129E-01    3.4737E-01    3.9208E-03
  0.950    3.5766E-01    3.5366E-01    4.0045E-03
  0.960    3.6418E-01    3.6009E-01    4.0905E-03
  0.970    3.7086E-01    3.6668E-01    4.1790E-03
  0.980    3.7771E-01    3.7344E-01    4.2701E-03
  0.990    3.8473E-01    3.8037E-01    4.3641E-03
  1.000    3.9194E-01    3.8748E-01    4.4609E-03
