   1.0000000000000000        0.0000000000000000       0.46600291028248553       0.72780229808163477            10000
 i   solar flux    satshine flux      total flux
 -----------------------------------------------
           1   1330.4933949097488        12.404636982722119        1342.8980318924710     
           2   124.92398956118114        2.8446395990762032        127.76862916025735     
           3   169.59578740643838        2.2950806475175622        171.89086805395593     
           4   68.480886982396669        1.1547240937601497        69.635611076156820     
           5   54.756569788164185       0.93305120287107457        55.689620991035262     
           6   30.554176975204129       0.50547370700285832        31.059650682206986     
           7   20.559466651608197       0.34531977384768242        20.904786425455878     
           8   11.129489777608530       0.19911827057069573        11.328608048179225     
           9   9.3790022855574815       0.13022475087262839        9.5092270364301097     
          10   4.9131803903221725        7.2265070397573170E-002   4.9854454607197454     
          11   4.4749551041151960        6.8026724571708802E-002   4.5429818286869050     
          12   2.8169663226824277        3.1042914396580575E-002   2.8480092370790082     
          13   1.2774467979012984        3.6541574196893488E-002   1.3139883720981920     
          14   1.2123087580041250        1.4497328448248683E-002   1.2268060864523735     
          15   1.5238348966126880        2.5420350047653074E-002   1.5492552466603411     
          16  0.89210495877229290        2.5270605997299855E-002  0.91737556476959270     
          17  0.14261909618757582        1.1759330189874151E-002  0.15437842637744997     
          18  0.36246008478601704        2.2960526089755040E-003  0.36475613739499257     
          19  0.22354440453037266        3.6639405062644549E-003  0.22720834503663712     
          20   0.0000000000000000        8.4800412919711250E-004   8.4800412919711250E-004
