   1.0000000000000000        0.0000000000000000       0.46600291028248553       0.72780229808163477            10000
 i   solar flux    satshine flux      total flux
 -----------------------------------------------
           1   1315.8996878161543        12.485574848052565        1328.3852626642067     
           2   119.47542974195842        2.8546923618376034        122.33012210379603     
           3   167.04028775990633        2.3100951977038422        169.35038295761018     
           4   62.442129026408928        1.2675611405295590        63.709690166938486     
           5   54.618826879449102       0.82853376935017253        55.447360648799275     
           6   34.387489947693382       0.49948327166483530        34.886973219358218     
           7   27.257402030629056       0.33065875751795210        27.588060788147008     
           8   15.626359531390523       0.19996119486978250        15.826320726260306     
           9   8.5504470427101396       0.13601196129532245        8.6864590040054619     
          10   6.6437931963280397        4.2064294715230127E-002   6.6858574910432695     
          11   5.5697987433856397        5.4063096474231909E-002   5.6238618398598721     
          12   2.9200462099349993        3.0778411229727340E-002   2.9508246211647267     
          13   1.6898012571364038        2.7040807391363553E-002   1.7168420645277673     
          14  0.85596345476388236        2.3620779186179535E-002  0.87958423395006191     
          15   1.3177042190013202        5.5995778417335064E-003   1.3233037968430537     
          16  0.99398146508078300        2.3466440314270256E-003  0.99632810911221004     
          17  0.44055794367345058        7.6805501229763483E-004  0.44132599868574823     
          18  0.10272138283469145        2.2836487379797907E-003  0.10500503157267124     
          19  0.42571809316320625        4.0275291573853766E-003  0.42974562232059160     
          20  0.38811199908103511        1.9338595107921070E-003  0.39004585859182722     
