 Curly R     I/F(total)  I/F(solar)   I/F(saturn)
 ---------------------------------------------------
  0.010    2.8214E-03    2.7948E-03    2.6555E-05
  0.020    5.6482E-03    5.5949E-03    5.3233E-05
  0.030    8.4806E-03    8.4006E-03    8.0039E-05
  0.040    1.1319E-02    1.1212E-02    1.0698E-04
  0.050    1.4163E-02    1.4029E-02    1.3405E-04
  0.060    1.7014E-02    1.6853E-02    1.6125E-04
  0.070    1.9871E-02    1.9683E-02    1.8860E-04
  0.080    2.2735E-02    2.2519E-02    2.1609E-04
  0.090    2.5606E-02    2.5362E-02    2.4373E-04
  0.100    2.8484E-02    2.8213E-02    2.7151E-04
  0.110    3.1370E-02    3.1071E-02    2.9945E-04
  0.120    3.4264E-02    3.3936E-02    3.2755E-04
  0.130    3.7166E-02    3.6810E-02    3.5581E-04
  0.140    4.0076E-02    3.9692E-02    3.8424E-04
  0.150    4.2994E-02    4.2582E-02    4.1284E-04
  0.160    4.5922E-02    4.5480E-02    4.4161E-04
  0.170    4.8859E-02    4.8388E-02    4.7056E-04
  0.180    5.1805E-02    5.1305E-02    4.9969E-04
  0.190    5.4761E-02    5.4232E-02    5.2901E-04
  0.200    5.7727E-02    5.7168E-02    5.5852E-04
  0.210    6.0703E-02    6.0115E-02    5.8822E-04
  0.220    6.3690E-02    6.3072E-02    6.1813E-04
  0.230    6.6688E-02    6.6040E-02    6.4825E-04
  0.240    6.9698E-02    6.9019E-02    6.7857E-04
  0.250    7.2719E-02    7.2010E-02    7.0911E-04
  0.260    7.5752E-02    7.5013E-02    7.3988E-04
  0.270    7.8798E-02    7.8027E-02    7.7087E-04
  0.280    8.1857E-02    8.1055E-02    8.0209E-04
  0.290    8.4929E-02    8.4095E-02    8.3355E-04
  0.300    8.8014E-02    8.7149E-02    8.6526E-04
  0.310    9.1113E-02    9.0216E-02    8.9722E-04
  0.320    9.4227E-02    9.3298E-02    9.2944E-04
  0.330    9.7356E-02    9.6394E-02    9.6192E-04
  0.340    1.0050E-01    9.9505E-02    9.9468E-04
  0.350    1.0366E-01    1.0263E-01    1.0277E-03
  0.360    1.0684E-01    1.0577E-01    1.0610E-03
  0.370    1.1003E-01    1.0893E-01    1.0946E-03
  0.380    1.1324E-01    1.1211E-01    1.1285E-03
  0.390    1.1647E-01    1.1530E-01    1.1628E-03
  0.400    1.1971E-01    1.1852E-01    1.1973E-03
  0.410    1.2298E-01    1.2175E-01    1.2322E-03
  0.420    1.2626E-01    1.2499E-01    1.2674E-03
  0.430    1.2957E-01    1.2826E-01    1.3029E-03
  0.440    1.3289E-01    1.3155E-01    1.3388E-03
  0.450    1.3624E-01    1.3486E-01    1.3751E-03
  0.460    1.3961E-01    1.3819E-01    1.4117E-03
  0.470    1.4300E-01    1.4155E-01    1.4487E-03
  0.480    1.4641E-01    1.4492E-01    1.4861E-03
  0.490    1.4985E-01    1.4832E-01    1.5239E-03
  0.500    1.5331E-01    1.5175E-01    1.5621E-03
  0.510    1.5680E-01    1.5520E-01    1.6008E-03
  0.520    1.6032E-01    1.5868E-01    1.6399E-03
  0.530    1.6386E-01    1.6218E-01    1.6794E-03
  0.540    1.6743E-01    1.6571E-01    1.7194E-03
  0.550    1.7103E-01    1.6927E-01    1.7599E-03
  0.560    1.7466E-01    1.7286E-01    1.8009E-03
  0.570    1.7832E-01    1.7648E-01    1.8424E-03
  0.580    1.8201E-01    1.8013E-01    1.8844E-03
  0.590    1.8574E-01    1.8381E-01    1.9270E-03
  0.600    1.8950E-01    1.8753E-01    1.9701E-03
  0.610    1.9329E-01    1.9128E-01    2.0138E-03
  0.620    1.9713E-01    1.9507E-01    2.0581E-03
  0.630    2.0100E-01    1.9889E-01    2.1030E-03
  0.640    2.0491E-01    2.0276E-01    2.1485E-03
  0.650    2.0886E-01    2.0666E-01    2.1947E-03
  0.660    2.1285E-01    2.1061E-01    2.2416E-03
  0.670    2.1689E-01    2.1460E-01    2.2891E-03
  0.680    2.2097E-01    2.1864E-01    2.3374E-03
  0.690    2.2510E-01    2.2272E-01    2.3864E-03
  0.700    2.2928E-01    2.2685E-01    2.4362E-03
  0.710    2.3351E-01    2.3102E-01    2.4867E-03
  0.720    2.3779E-01    2.3526E-01    2.5381E-03
  0.730    2.4213E-01    2.3954E-01    2.5903E-03
  0.740    2.4653E-01    2.4388E-01    2.6434E-03
  0.750    2.5098E-01    2.4828E-01    2.6975E-03
  0.760    2.5550E-01    2.5274E-01    2.7524E-03
  0.770    2.6008E-01    2.5727E-01    2.8084E-03
  0.780    2.6472E-01    2.6186E-01    2.8653E-03
  0.790    2.6944E-01    2.6652E-01    2.9233E-03
  0.800    2.7423E-01    2.7125E-01    2.9824E-03
  0.810    2.7910E-01    2.7605E-01    3.0427E-03
  0.820    2.8404E-01    2.8094E-01    3.1041E-03
  0.830    2.8907E-01    2.8590E-01    3.1667E-03
  0.840    2.9418E-01    2.9095E-01    3.2306E-03
  0.850    2.9939E-01    2.9610E-01    3.2958E-03
  0.860    3.0469E-01    3.0133E-01    3.3624E-03
  0.870    3.1009E-01    3.0666E-01    3.4305E-03
  0.880    3.1560E-01    3.1210E-01    3.5000E-03
  0.890    3.2121E-01    3.1764E-01    3.5711E-03
  0.900    3.2694E-01    3.2330E-01    3.6438E-03
  0.910    3.3279E-01    3.2907E-01    3.7182E-03
  0.920    3.3877E-01    3.3497E-01    3.7944E-03
  0.930    3.4488E-01    3.4101E-01    3.8725E-03
  0.940    3.5113E-01    3.4718E-01    3.9525E-03
  0.950    3.5753E-01    3.5350E-01    4.0345E-03
  0.960    3.6409E-01    3.5997E-01    4.1187E-03
  0.970    3.7081E-01    3.6661E-01    4.2051E-03
  0.980    3.7771E-01    3.7342E-01    4.2938E-03
  0.990    3.8480E-01    3.8041E-01    4.3850E-03
  1.000    3.9208E-01    3.8760E-01    4.4788E-03
