   1.0000000000000000        0.0000000000000000       0.46600291028248553       0.72780229808163477            10000
 i   solar flux    satshine flux      total flux
 -----------------------------------------------
           1   1291.8146336415721        11.974693722024066        1303.7893273635962     
           2   119.69983976396182        3.0234836686214606        122.72332343258329     
           3   177.80716822800363        2.4019642017910168        180.20913242979464     
           4   71.106711539674620        1.2505135017666120        72.357225041441239     
           5   62.749892832399155       0.88062746778160650        63.630520300180763     
           6   32.119736180978094       0.51707913659974614        32.636815317577842     
           7   25.347965967319880       0.34265904863158925        25.690625015951468     
           8   16.115120082255057       0.23995491062471724        16.355074992879775     
           9   8.3986885942184308       0.16360185819772588        8.5622904524161569     
          10   6.2524540836697131        9.7447264769231351E-002   6.3499013484389444     
          11   3.5941762418650578       0.10121681022312998        3.6953930520881877     
          12   2.0340336762261324        5.3277129234713269E-002   2.0873108054608456     
          13   1.9972380436284174        3.7000190111878654E-002   2.0342382337402962     
          14  0.99851005517580127        2.4635446023970501E-002   1.0231455011997719     
          15   1.8613921038928856        1.6653815010535762E-002   1.8780459189034213     
          16  0.37187811056708037        4.6927658221534770E-003  0.37657087638923387     
          17  0.23690676321820106        2.3578995933237943E-003  0.23926466281152486     
          18  0.51547448942605278        1.3831968897392485E-002  0.52930645832344525     
          19   7.6032225203354675E-002   4.8071525406501109E-003   8.0839377744004792E-002
          20  0.19752406943157297        2.2179773443501394E-003  0.19974204677592311     
