   1.0000000000000000        0.0000000000000000       0.46600291028248553       0.72780229808163477            10000
 i   solar flux    satshine flux      total flux
 -----------------------------------------------
           1   1336.2514017430644        11.962954977164104        1348.2143567202286     
           2   129.67847283277450        2.9285100616196029        132.60698289439409     
           3   165.28543030475117        2.1768379815389594        167.46226828629014     
           4   64.298388223105434        1.1659957679500814        65.464383991055513     
           5   55.534070184006566       0.76681915391022981        56.300889337916793     
           6   29.533700421548286       0.53279620998663657        30.066496631534921     
           7   19.080265237505643       0.27583668910705378        19.356101926612695     
           8   16.408926294344909       0.22408899851516997        16.633015292860080     
           9   9.6903860117986991       0.17872555044653604        9.8691115622452354     
          10   5.7289228194556019       0.12774279578450740        5.8566656152401091     
          11   3.8968774908935027        7.1119187427380479E-002   3.9679966783208833     
          12   4.0045271352598206        3.6278890959817088E-002   4.0408060262196379     
          13   1.5414336918245444        4.3257035913429817E-002   1.5846907277379743     
          14   1.1554445652201062        2.5973326785583447E-002   1.1814178920056897     
          15   1.1452450676420132        4.2618503646099704E-002   1.1878635712881129     
          16  0.79263543619220567        1.1890674031987906E-002  0.80452611022419362     
          17  0.57110480903091609        9.4891334650934658E-003  0.58059394249600960     
          18  0.11116277978033948        5.2662131720219336E-003  0.11642899295236141     
          19   0.0000000000000000        0.0000000000000000        0.0000000000000000     
          20  0.13368582133129642        1.1475809459858530E-002  0.14516163079115496     
