   1.0000000000000000        0.0000000000000000       0.46600291028248553       0.72780229808163477            10000
 i   solar flux    satshine flux      total flux
 -----------------------------------------------
           1   1341.0394192495769        12.545624835800945        1353.5850440853778     
           2   116.76107166842654        2.9387372565955125        119.69980892502205     
           3   172.13987722285106        2.4294807848302624        174.56935800768133     
           4   71.280844026403528        1.1229709854394319        72.403815011842966     
           5   54.413794818305732       0.84112803744984244        55.254922855755574     
           6   32.425762553633454       0.52572245275083096        32.951485006384289     
           7   19.992091651386417       0.34533367844942908        20.337425329835845     
           8   11.807339970672880       0.22402382150679315        12.031363792179674     
           9   8.9377580547770439       0.10211443710293897        9.0398724918799829     
          10   5.3270661547136919       0.10847301062121989        5.4355391653349114     
          11   3.5355846455976829        5.2914014112922528E-002   3.5884986597106057     
          12   3.1794270706788459        4.2967291095960078E-002   3.2223943617748061     
          13   2.2541299339820475        3.1186225759121299E-002   2.2853161597411686     
          14   1.1092097051352259        1.1147860959134101E-002   1.1203575660943599     
          15   1.2712282774490009        2.3293719944958796E-002   1.2945219973939597     
          16  0.14786781957826992        1.9988747147824250E-003  0.14986669429305233     
          17  0.35118016064724539        1.5058311868785677E-002  0.36623847251603109     
          18   0.0000000000000000        1.0526922395085795E-002   1.0526922395085795E-002
          19   0.0000000000000000        4.1868505085761272E-003   4.1868505085761272E-003
          20   0.0000000000000000        0.0000000000000000        0.0000000000000000     
