   1.0000000000000000        0.0000000000000000       0.46600291028248553       0.72780229808163477            10000
 i   solar flux    satshine flux      total flux
 -----------------------------------------------
           1   1346.6648049888711        11.891021148984860        1358.5558261378560     
           2   127.06893884380531        2.8907324352593182        129.95967127906462     
           3   184.19905905345581        2.2579902005839871        186.45704925403979     
           4   72.678376555864958        1.2797460463479167        73.958122602212867     
           5   52.434415434188224       0.73747737611949860        53.171892810307725     
           6   29.573628051313193       0.49102554657756819        30.064653597890761     
           7   27.690558156157852       0.34155200726720952        28.032110163425063     
           8   18.439329487864146       0.20791402385065111        18.647243511714798     
           9   10.896452491487610       0.16018999973460801        11.056642491222219     
          10   6.2179939202105041       0.10020106815844795        6.3181949883689521     
          11   3.3163581642478155        7.8115680532445192E-002   3.3944738447802605     
          12   4.3314266196678606        7.4663853939398173E-002   4.4060904736072590     
          13   1.7058103116886301        2.8969308589256844E-002   1.7347796202778869     
          14  0.77735445039482953        3.3587635274289922E-002  0.81094208566911941     
          15  0.53285486997434939        2.2351278148883266E-002  0.55520614812323266     
          16  0.53160937919974727        1.4387964023844424E-002  0.54599734322359172     
          17  0.73745407877342362        1.7252356015857728E-002  0.75470643478928134     
          18   9.2212291597869422E-002   1.6125701179740645E-002  0.10833799277761007     
          19   0.0000000000000000        9.0168753026318039E-003   9.0168753026318039E-003
          20   0.0000000000000000        1.3227881697069139E-002   1.3227881697069139E-002
