   1.0000000000000000        0.0000000000000000       0.46600291028248553       0.72780229808163477            10000
 i   solar flux    satshine flux      total flux
 -----------------------------------------------
           1   1252.4822661568257        12.223987935809530        1264.7062540926352     
           2   115.87058767700464        2.7294134114378141        118.60000108844245     
           3   174.19397143834811        2.2934138420610011        176.48738528040911     
           4   73.565933976186855        1.1413172050140505        74.707251181200903     
           5   54.464619814881132       0.86029479690522426        55.324914611786355     
           6   34.849844482316101       0.56156983673581995        35.411414319051921     
           7   22.356323609959716       0.36204300293394465        22.718366612893661     
           8   13.430878480825749       0.25661688472391242        13.687495365549662     
           9   10.521088550769049       0.17197712801967638        10.693065678788725     
          10   7.0649790807587047        9.2550077112998938E-002   7.1575291578717035     
          11   5.0403649078179482        7.2360554493649185E-002   5.1127254623115972     
          12   2.7185248105023896        4.1614806577163196E-002   2.7601396170795529     
          13   2.4862296982439829        4.0286476224539361E-002   2.5265161744685223     
          14   1.8436561254678188        1.1245372555017208E-002   1.8549014980228360     
          15  0.86687316428131800        1.1710511976411615E-002  0.87858367625772960     
          16  0.33903935437276195        6.8258700689043635E-003  0.34586522444166629     
          17  0.22213252179796455        8.8278895296980773E-003  0.23096041132766262     
          18  0.59408204053905911        9.1899143280794945E-003  0.60327195486713858     
          19   0.0000000000000000        2.2661152513635051E-003   2.2661152513635051E-003
          20   0.0000000000000000        0.0000000000000000        0.0000000000000000     
