   1.0000000000000000        0.0000000000000000       0.46600291028248553       0.72780229808163477            10000
 i   solar flux    satshine flux      total flux
 -----------------------------------------------
           1   1331.8791304398176        11.831511739753402        1343.7106421795709     
           2   122.70766850234344        3.0024283590938676        125.71009686143731     
           3   182.52275651433274        2.4861747508417249        185.00893126517445     
           4   69.667377085673039        1.3777878661495861        71.045164951822628     
           5   55.435941150429542       0.70939607747806954        56.145337227907611     
           6   30.832774737954995       0.55735363081786304        31.390128368772860     
           7   20.082320778538296       0.33336481516351385        20.415685593701809     
           8   13.085631564895063       0.24670246917013933        13.332334034065203     
           9   9.0021780787600854       0.16763518685484260        9.1698132656149287     
          10   3.5964465941388162       0.10989219085554451        3.7063387849943608     
          11   4.4165293032552979        5.9788433516610756E-002   4.4763177367719083     
          12   1.8112932011699336        5.7342672430498121E-002   1.8686358736004318     
          13   2.0218889514441529        1.6784362795644683E-002   2.0386733142397975     
          14   1.4190160501942861        1.3993527119664156E-002   1.4330095773139502     
          15  0.91749935629775026        7.7994421045574584E-003  0.92529879840230767     
          16  0.92600267563604743        1.1232911874276472E-002  0.93723558751032388     
          17  0.35888579918426466        1.9912114196976990E-003  0.36087701060396238     
          18  0.12721826958999466        4.9821202509182936E-003  0.13220038984091295     
          19  0.25867428821824356        1.7757357119534429E-003  0.26045002393019701     
          20   0.0000000000000000        8.1227590661147318E-004   8.1227590661147318E-004
