   1.0000000000000000        0.0000000000000000       0.46600291028248553       0.72780229808163477            10000
 i   solar flux    satshine flux      total flux
 -----------------------------------------------
           1   1305.6793183127045        12.219083892838936        1317.8984022055433     
           2   128.15894444498062        2.9109253329230511        131.06986977790368     
           3   171.47872723865376        2.3574525595698903        173.83617979822364     
           4   75.250309666545604        1.2351023489137023        76.485412015459303     
           5   60.395556600995697       0.88827036189282116        61.283826962888519     
           6   37.351072869402643       0.55783806222750609        37.908910931630146     
           7   21.896005028424163       0.36970863570885559        22.265713664133020     
           8   13.897500925377086       0.28144246229610970        14.178943387673195     
           9   13.765022504889128       0.19791855030134059        13.962941055190468     
          10   4.9331608499382611        8.3535242082062505E-002   5.0166960920203234     
          11   6.3574759657764535        8.2864207291145020E-002   6.4403401730675984     
          12   1.8194859531155199        3.2408427800801685E-002   1.8518943809163215     
          13   3.1676234606579117        3.6617677036055105E-002   3.2042411376939666     
          14   1.7073648302493130        2.6989574846228367E-002   1.7343544050955413     
          15   1.5478072185486902        1.4249891539338651E-002   1.5620571100880289     
          16  0.92946221656530637        8.0949597726326979E-003  0.93755717633793911     
          17   0.0000000000000000        1.4149334350522014E-002   1.4149334350522014E-002
          18  0.23463839829827468        1.0309058988578347E-002  0.24494745728685302     
          19  0.20666626195304053        1.1550371104542536E-003  0.20782129906349478     
          20  0.12104030262293898        4.2136945346336061E-003  0.12525399715757260     
