   1.0000000000000000        0.0000000000000000       0.46600291028248553       0.72780229808163477            10000
 i   solar flux    satshine flux      total flux
 -----------------------------------------------
           1   1321.5108725437105        12.116885383302407        1333.6277579270129     
           2   133.17560563971051        3.0216248368554059        136.19723047656592     
           3   179.97054883147030        2.4359701970436447        182.40651902851394     
           4   78.704422661143582        1.2015862938899169        79.906008955033499     
           5   60.289772375592264       0.87877726439143300        61.168549639983695     
           6   36.599688157488870       0.60334523503061910        37.203033392519487     
           7   21.698544480031295       0.33882903424768063        22.037373514278976     
           8   12.280348037770455       0.23893747210371524        12.519285509874171     
           9   10.062710903012277       0.19075027870912628        10.253461181721404     
          10   5.5856989170971953       0.11231432296738790        5.6980132400645829     
          11   3.2729271048429833        7.3954977738698469E-002   3.3468820825816818     
          12   2.1408260081214188        3.7534350211640193E-002   2.1783603583330589     
          13   2.3019846282297332        4.5410779198876552E-002   2.3473954074286096     
          14   1.4423472402576585        9.2395938850828446E-003   1.4515868341427414     
          15  0.82207165030188833        1.9551368148969690E-002  0.84162301845085807     
          16   1.3614308984651617        1.5300821857040091E-002   1.3767317203222018     
          17   1.0318846765902354        4.4938944593559266E-003   1.0363785710495914     
          18  0.29559613776051102        4.4899046143421452E-003  0.30008604237485315     
          19  0.28152790275009509        4.2844397066044149E-003  0.28581234245669951     
          20  0.13089068411152444        4.1372073830197205E-003  0.13502789149454417     
