   1.0000000000000000        0.0000000000000000       0.46600291028248553       0.72780229808163477            10000
 i   solar flux    satshine flux      total flux
 -----------------------------------------------
           1   1355.8580672044441        11.863517816882105        1367.7215850213261     
           2   118.83770816592489        2.9744105308690783        121.81211869679397     
           3   172.12445625435916        2.3461803533496748        174.47063660770883     
           4   72.334052446082907        1.2090091975023012        73.543061643585204     
           5   54.044517619999468       0.85135839840694572        54.895876018406412     
           6   32.247032584674280       0.49442922561380065        32.741461810288079     
           7   21.007051576648294       0.38882400855463872        21.395875585202933     
           8   15.562003486816147       0.19109903427253638        15.753102521088683     
           9   9.3819262058613955       0.16444918132442229        9.5463753871858170     
          10   6.5856585620443342       0.13991886839943840        6.7255774304437725     
          11   3.5542221830942360        6.7166027836532083E-002   3.6213882109307680     
          12   4.9025319860426544        7.3135412068780742E-002   4.9756673981114350     
          13  0.90438123521469216        5.0813876020399419E-002  0.95519511123509160     
          14   1.3046481837799111        3.4467527479668962E-002   1.3391157112595800     
          15  0.49393948796405052        2.6474285759672329E-002  0.52041377372372288     
          16   1.0406460579939627        2.1097244939613916E-002   1.0617433029335765     
          17  0.81343910433605815        1.9776631585166668E-002  0.83321573592122478     
          18  0.43861998156494980        2.9833955786498999E-003  0.44160337714359971     
          19  0.18975882821352444        1.1340587894789114E-002  0.20109941610831356     
          20  0.16583599615145453        2.2195475461542231E-003  0.16805554369760875     
