   1.0000000000000000        0.0000000000000000       0.46600291028248553       0.72780229808163477            10000
 i   solar flux    satshine flux      total flux
 -----------------------------------------------
           1   1316.1805385872203        12.308545113833048        1328.4890837010535     
           2   121.67976846341881        2.9356775388213179        124.61544600224013     
           3   173.26753817488651        2.2898842207528727        175.55742239563938     
           4   61.758180072162460        1.1370369364949577        62.895217008657418     
           5   53.113020301309824       0.87363076326328060        53.986651064573103     
           6   26.796767150538884       0.50584130837063512        27.302608458909518     
           7   23.549228737450697       0.30857280759276257        23.857801545043461     
           8   12.241269955683489       0.22584300190496620        12.467112957588455     
           9   10.921888899056405       0.13521804693448924        11.057106945990895     
          10   7.2095365028616527       0.11090062370484004        7.3204371265664925     
          11   3.8232559169769029        7.5445587939860656E-002   3.8987015049167635     
          12   2.6260032542362812        6.1867992658343793E-002   2.6878712468946251     
          13   1.6908145450405285        3.2576972761798294E-002   1.7233915178023269     
          14   1.1702060996958443        2.3709044423046374E-002   1.1939151441188907     
          15  0.95810812697189252        9.0517959558868138E-003  0.96715992292777930     
          16   0.0000000000000000        8.1806067454203279E-003   8.1806067454203279E-003
          17  0.70909901616776105        8.2497921777742993E-003  0.71734880834553538     
          18  0.25998188656021581        0.0000000000000000       0.25998188656021581     
          19  0.41366547473454801        0.0000000000000000       0.41366547473454801     
          20   0.0000000000000000        0.0000000000000000        0.0000000000000000     
