   1.0000000000000000        0.0000000000000000       0.46600291028248553       0.72780229808163477            10000
 i   solar flux    satshine flux      total flux
 -----------------------------------------------
           1   1331.8731873867582        12.392885395781148        1344.2660727825394     
           2   125.86576188932284        3.0612193140232895        128.92698120334612     
           3   175.58325656124771        2.4337150511925980        178.01697161244030     
           4   72.256784430947945        1.3327702755500315        73.589554706497978     
           5   55.552679887335934       0.93946940336011908        56.492149290696055     
           6   30.323501074371052       0.54030009651935740        30.863801170890408     
           7   17.602176127822101       0.38501822375823719        17.987194351580339     
           8   11.464461401626355       0.20590286374577080        11.670364265372125     
           9   7.6680660195265293       0.15652078722114304        7.8245868067476723     
          10   8.9450865069898349       0.10124386728148101        9.0463303742713155     
          11   5.2386508468883441        7.8061768707497828E-002   5.3167126155958417     
          12   2.1339017325889578        5.2592853819576513E-002   2.1864945864085343     
          13   2.5908405195739372        3.9214873408399409E-002   2.6300553929823365     
          14  0.91921143788427206        2.0839749306381498E-002  0.94005118719065361     
          15   1.0124504607682763        1.4265499765381657E-002   1.0267159605336580     
          16   1.1544129413146416        1.8124607679831789E-002   1.1725375489944734     
          17  0.47592825351882040        1.0291545208351179E-002  0.48621979872717158     
          18   0.0000000000000000        4.8684809683287337E-003   4.8684809683287337E-003
          19  0.15697098062213408        0.0000000000000000       0.15697098062213408     
          20  0.29220111214218358        0.0000000000000000       0.29220111214218358     
