 Curly R     I/F(total)  I/F(solar)   I/F(saturn)
 ---------------------------------------------------
  0.010    2.8289E-03    2.8034E-03    2.5503E-05
  0.020    5.6630E-03    5.6119E-03    5.1138E-05
  0.030    8.5026E-03    8.4257E-03    7.6909E-05
  0.040    1.1348E-02    1.1245E-02    1.0282E-04
  0.050    1.4199E-02    1.4070E-02    1.2887E-04
  0.060    1.7057E-02    1.6902E-02    1.5507E-04
  0.070    1.9921E-02    1.9739E-02    1.8141E-04
  0.080    2.2792E-02    2.2584E-02    2.0791E-04
  0.090    2.5669E-02    2.5435E-02    2.3456E-04
  0.100    2.8555E-02    2.8293E-02    2.6138E-04
  0.110    3.1447E-02    3.1159E-02    2.8836E-04
  0.120    3.4348E-02    3.4032E-02    3.1550E-04
  0.130    3.7257E-02    3.6914E-02    3.4282E-04
  0.140    4.0174E-02    3.9803E-02    3.7032E-04
  0.150    4.3100E-02    4.2702E-02    3.9799E-04
  0.160    4.6035E-02    4.5609E-02    4.2585E-04
  0.170    4.8979E-02    4.8525E-02    4.5390E-04
  0.180    5.1933E-02    5.1451E-02    4.8215E-04
  0.190    5.4897E-02    5.4387E-02    5.1059E-04
  0.200    5.7872E-02    5.7332E-02    5.3923E-04
  0.210    6.0857E-02    6.0289E-02    5.6808E-04
  0.220    6.3853E-02    6.3256E-02    5.9715E-04
  0.230    6.6861E-02    6.6234E-02    6.2643E-04
  0.240    6.9880E-02    6.9224E-02    6.5594E-04
  0.250    7.2912E-02    7.2226E-02    6.8568E-04
  0.260    7.5956E-02    7.5240E-02    7.1565E-04
  0.270    7.9013E-02    7.8267E-02    7.4586E-04
  0.280    8.2084E-02    8.1308E-02    7.7631E-04
  0.290    8.5168E-02    8.4361E-02    8.0702E-04
  0.300    8.8267E-02    8.7429E-02    8.3799E-04
  0.310    9.1380E-02    9.0511E-02    8.6922E-04
  0.320    9.4509E-02    9.3608E-02    9.0072E-04
  0.330    9.7653E-02    9.6721E-02    9.3250E-04
  0.340    1.0081E-01    9.9849E-02    9.6457E-04
  0.350    1.0399E-01    1.0299E-01    9.9693E-04
  0.360    1.0718E-01    1.0615E-01    1.0296E-03
  0.370    1.1040E-01    1.0933E-01    1.0626E-03
  0.380    1.1363E-01    1.1253E-01    1.0958E-03
  0.390    1.1687E-01    1.1574E-01    1.1294E-03
  0.400    1.2014E-01    1.1898E-01    1.1634E-03
  0.410    1.2343E-01    1.2223E-01    1.1977E-03
  0.420    1.2674E-01    1.2551E-01    1.2323E-03
  0.430    1.3007E-01    1.2880E-01    1.2673E-03
  0.440    1.3342E-01    1.3212E-01    1.3026E-03
  0.450    1.3679E-01    1.3546E-01    1.3384E-03
  0.460    1.4019E-01    1.3882E-01    1.3745E-03
  0.470    1.4361E-01    1.4220E-01    1.4110E-03
  0.480    1.4706E-01    1.4561E-01    1.4479E-03
  0.490    1.5053E-01    1.4904E-01    1.4853E-03
  0.500    1.5403E-01    1.5250E-01    1.5231E-03
  0.510    1.5755E-01    1.5599E-01    1.5613E-03
  0.520    1.6111E-01    1.5951E-01    1.6000E-03
  0.530    1.6469E-01    1.6305E-01    1.6392E-03
  0.540    1.6830E-01    1.6662E-01    1.6789E-03
  0.550    1.7194E-01    1.7022E-01    1.7190E-03
  0.560    1.7562E-01    1.7386E-01    1.7597E-03
  0.570    1.7932E-01    1.7752E-01    1.8009E-03
  0.580    1.8307E-01    1.8122E-01    1.8427E-03
  0.590    1.8684E-01    1.8496E-01    1.8850E-03
  0.600    1.9066E-01    1.8873E-01    1.9279E-03
  0.610    1.9451E-01    1.9254E-01    1.9714E-03
  0.620    1.9840E-01    1.9638E-01    2.0156E-03
  0.630    2.0233E-01    2.0027E-01    2.0603E-03
  0.640    2.0630E-01    2.0419E-01    2.1058E-03
  0.650    2.1031E-01    2.0816E-01    2.1519E-03
  0.660    2.1437E-01    2.1217E-01    2.1987E-03
  0.670    2.1847E-01    2.1623E-01    2.2463E-03
  0.680    2.2263E-01    2.2033E-01    2.2946E-03
  0.690    2.2683E-01    2.2449E-01    2.3437E-03
  0.700    2.3108E-01    2.2869E-01    2.3936E-03
  0.710    2.3539E-01    2.3295E-01    2.4444E-03
  0.720    2.3975E-01    2.3726E-01    2.4960E-03
  0.730    2.4417E-01    2.4162E-01    2.5486E-03
  0.740    2.4865E-01    2.4605E-01    2.6020E-03
  0.750    2.5319E-01    2.5054E-01    2.6565E-03
  0.760    2.5780E-01    2.5509E-01    2.7119E-03
  0.770    2.6247E-01    2.5970E-01    2.7684E-03
  0.780    2.6721E-01    2.6439E-01    2.8260E-03
  0.790    2.7203E-01    2.6914E-01    2.8848E-03
  0.800    2.7692E-01    2.7397E-01    2.9447E-03
  0.810    2.8189E-01    2.7888E-01    3.0058E-03
  0.820    2.8694E-01    2.8387E-01    3.0683E-03
  0.830    2.9208E-01    2.8894E-01    3.1320E-03
  0.840    2.9730E-01    2.9411E-01    3.1972E-03
  0.850    3.0263E-01    2.9936E-01    3.2638E-03
  0.860    3.0805E-01    3.0471E-01    3.3320E-03
  0.870    3.1357E-01    3.1017E-01    3.4018E-03
  0.880    3.1920E-01    3.1572E-01    3.4732E-03
  0.890    3.2494E-01    3.2139E-01    3.5464E-03
  0.900    3.3080E-01    3.2718E-01    3.6214E-03
  0.910    3.3679E-01    3.3309E-01    3.6984E-03
  0.920    3.4291E-01    3.3913E-01    3.7774E-03
  0.930    3.4916E-01    3.4530E-01    3.8586E-03
  0.940    3.5556E-01    3.5162E-01    3.9420E-03
  0.950    3.6211E-01    3.5809E-01    4.0277E-03
  0.960    3.6883E-01    3.6471E-01    4.1160E-03
  0.970    3.7572E-01    3.7151E-01    4.2070E-03
  0.980    3.8278E-01    3.7848E-01    4.3007E-03
  0.990    3.9004E-01    3.8564E-01    4.3975E-03
  1.000    3.9750E-01    3.9301E-01    4.4973E-03
