   1.0000000000000000        0.0000000000000000       0.46600291028248553       0.72780229808163477            10000
 i   solar flux    satshine flux      total flux
 -----------------------------------------------
           1   1326.3553334275261        12.593882520302275        1338.9492159478284     
           2   114.74363011133302        2.6657747276690951        117.40940483900211     
           3   171.82352970528950        2.3916065057956759        174.21513621108517     
           4   64.664688993964205        1.1666585931383118        65.831347587102513     
           5   55.437855196002552       0.79443662019562844        56.232291816198178     
           6   30.170640966951989       0.48307308198130511        30.653714048933296     
           7   19.091940615256082       0.27815644890022750        19.370097064156308     
           8   13.346354990927800       0.20346104858111622        13.549816039508917     
           9   9.6433881668842432       0.13057343380358266        9.7739616006878265     
          10   5.6860709835614145       0.10592236799991524        5.7919933515613300     
          11   3.6411920139443623        6.8686896745029646E-002   3.7098789106893921     
          12   2.2396659662001168        3.4690683989556013E-002   2.2743566501896728     
          13   2.6262060276663735        3.1686547642265445E-002   2.6578925753086389     
          14   1.4906991348115741        2.3421320980568591E-002   1.5141204557921426     
          15  0.97889791313933938        4.3000727967133648E-003  0.98319798593605279     
          16  0.73672107284484367        0.0000000000000000       0.73672107284484367     
          17  0.72552967053147588        5.1921800382891785E-003  0.73072185056976502     
          18  0.18790614861064678        0.0000000000000000       0.18790614861064678     
          19   0.0000000000000000        0.0000000000000000        0.0000000000000000     
          20   1.8412507438208284E-002   0.0000000000000000        1.8412507438208284E-002
