 Curly R     I/F(total)  I/F(solar)   I/F(saturn)
 ---------------------------------------------------
  0.010    2.8437E-03    2.8169E-03    2.6781E-05
  0.020    5.6926E-03    5.6389E-03    5.3677E-05
  0.030    8.5469E-03    8.4662E-03    8.0693E-05
  0.040    1.1407E-02    1.1299E-02    1.0783E-04
  0.050    1.4273E-02    1.4138E-02    1.3510E-04
  0.060    1.7145E-02    1.6982E-02    1.6249E-04
  0.070    2.0023E-02    1.9833E-02    1.9002E-04
  0.080    2.2908E-02    2.2691E-02    2.1768E-04
  0.090    2.5800E-02    2.5555E-02    2.4548E-04
  0.100    2.8699E-02    2.8426E-02    2.7342E-04
  0.110    3.1606E-02    3.1304E-02    3.0152E-04
  0.120    3.4520E-02    3.4190E-02    3.2976E-04
  0.130    3.7442E-02    3.7084E-02    3.5816E-04
  0.140    4.0372E-02    3.9985E-02    3.8671E-04
  0.150    4.3311E-02    4.2895E-02    4.1543E-04
  0.160    4.6258E-02    4.5814E-02    4.4432E-04
  0.170    4.9215E-02    4.8742E-02    4.7337E-04
  0.180    5.2181E-02    5.1678E-02    5.0260E-04
  0.190    5.5157E-02    5.4625E-02    5.3202E-04
  0.200    5.8142E-02    5.7581E-02    5.6161E-04
  0.210    6.1138E-02    6.0547E-02    5.9140E-04
  0.220    6.4145E-02    6.3523E-02    6.2138E-04
  0.230    6.7162E-02    6.6511E-02    6.5156E-04
  0.240    7.0191E-02    6.9509E-02    6.8194E-04
  0.250    7.3232E-02    7.2519E-02    7.1253E-04
  0.260    7.6285E-02    7.5541E-02    7.4334E-04
  0.270    7.9350E-02    7.8575E-02    7.7436E-04
  0.280    8.2428E-02    8.1622E-02    8.0562E-04
  0.290    8.5519E-02    8.4682E-02    8.3710E-04
  0.300    8.8623E-02    8.7755E-02    8.6882E-04
  0.310    9.1742E-02    9.0841E-02    9.0079E-04
  0.320    9.4875E-02    9.3942E-02    9.3300E-04
  0.330    9.8023E-02    9.7058E-02    9.6547E-04
  0.340    1.0119E-01    1.0019E-01    9.9821E-04
  0.350    1.0437E-01    1.0333E-01    1.0312E-03
  0.360    1.0756E-01    1.0650E-01    1.0645E-03
  0.370    1.1077E-01    1.0967E-01    1.0981E-03
  0.380    1.1400E-01    1.1287E-01    1.1319E-03
  0.390    1.1725E-01    1.1608E-01    1.1661E-03
  0.400    1.2051E-01    1.1931E-01    1.2005E-03
  0.410    1.2380E-01    1.2256E-01    1.2353E-03
  0.420    1.2710E-01    1.2583E-01    1.2704E-03
  0.430    1.3043E-01    1.2912E-01    1.3059E-03
  0.440    1.3377E-01    1.3243E-01    1.3416E-03
  0.450    1.3714E-01    1.3576E-01    1.3778E-03
  0.460    1.4052E-01    1.3911E-01    1.4143E-03
  0.470    1.4393E-01    1.4248E-01    1.4511E-03
  0.480    1.4737E-01    1.4588E-01    1.4884E-03
  0.490    1.5082E-01    1.4930E-01    1.5260E-03
  0.500    1.5430E-01    1.5274E-01    1.5641E-03
  0.510    1.5781E-01    1.5621E-01    1.6025E-03
  0.520    1.6134E-01    1.5970E-01    1.6414E-03
  0.530    1.6491E-01    1.6322E-01    1.6808E-03
  0.540    1.6849E-01    1.6677E-01    1.7205E-03
  0.550    1.7211E-01    1.7035E-01    1.7608E-03
  0.560    1.7576E-01    1.7396E-01    1.8015E-03
  0.570    1.7944E-01    1.7759E-01    1.8427E-03
  0.580    1.8314E-01    1.8126E-01    1.8845E-03
  0.590    1.8689E-01    1.8496E-01    1.9267E-03
  0.600    1.9066E-01    1.8869E-01    1.9695E-03
  0.610    1.9447E-01    1.9246E-01    2.0129E-03
  0.620    1.9832E-01    1.9626E-01    2.0568E-03
  0.630    2.0220E-01    2.0010E-01    2.1013E-03
  0.640    2.0613E-01    2.0398E-01    2.1464E-03
  0.650    2.1009E-01    2.0790E-01    2.1922E-03
  0.660    2.1409E-01    2.1185E-01    2.2386E-03
  0.670    2.1814E-01    2.1585E-01    2.2857E-03
  0.680    2.2223E-01    2.1989E-01    2.3335E-03
  0.690    2.2636E-01    2.2398E-01    2.3820E-03
  0.700    2.3055E-01    2.2812E-01    2.4313E-03
  0.710    2.3478E-01    2.3230E-01    2.4813E-03
  0.720    2.3906E-01    2.3653E-01    2.5322E-03
  0.730    2.4340E-01    2.4082E-01    2.5838E-03
  0.740    2.4779E-01    2.4516E-01    2.6364E-03
  0.750    2.5224E-01    2.4955E-01    2.6898E-03
  0.760    2.5675E-01    2.5400E-01    2.7441E-03
  0.770    2.6132E-01    2.5852E-01    2.7994E-03
  0.780    2.6595E-01    2.6309E-01    2.8557E-03
  0.790    2.7065E-01    2.6774E-01    2.9130E-03
  0.800    2.7542E-01    2.7245E-01    2.9714E-03
  0.810    2.8026E-01    2.7723E-01    3.0309E-03
  0.820    2.8518E-01    2.8208E-01    3.0916E-03
  0.830    2.9017E-01    2.8702E-01    3.1534E-03
  0.840    2.9525E-01    2.9203E-01    3.2166E-03
  0.850    3.0041E-01    2.9713E-01    3.2810E-03
  0.860    3.0566E-01    3.0231E-01    3.3468E-03
  0.870    3.1100E-01    3.0759E-01    3.4141E-03
  0.880    3.1645E-01    3.1296E-01    3.4828E-03
  0.890    3.2199E-01    3.1844E-01    3.5530E-03
  0.900    3.2764E-01    3.2402E-01    3.6249E-03
  0.910    3.3341E-01    3.2971E-01    3.6985E-03
  0.920    3.3929E-01    3.3551E-01    3.7739E-03
  0.930    3.4529E-01    3.4144E-01    3.8512E-03
  0.940    3.5143E-01    3.4750E-01    3.9303E-03
  0.950    3.5771E-01    3.5369E-01    4.0116E-03
  0.960    3.6412E-01    3.6003E-01    4.0949E-03
  0.970    3.7070E-01    3.6651E-01    4.1806E-03
  0.980    3.7743E-01    3.7316E-01    4.2686E-03
  0.990    3.8433E-01    3.7997E-01    4.3591E-03
  1.000    3.9141E-01    3.8696E-01    4.4521E-03
