   1.0000000000000000        0.0000000000000000       0.46600291028248553       0.72780229808163477            10000
 i   solar flux    satshine flux      total flux
 -----------------------------------------------
           1   1299.1285941140609        11.975072642994496        1311.1036667570554     
           2   124.49024009589805        3.0227517578636336        127.51299185376168     
           3   183.27350699199530        2.3527797579070655        185.62628674990236     
           4   71.423098669260824        1.2130631614959735        72.636161830756791     
           5   51.989709538596756       0.97227060568735602        52.961980144284112     
           6   32.287008838650706       0.54196541295247402        32.828974251603178     
           7   20.035880492008239       0.33787779208960816        20.373758284097846     
           8   13.603302648457550       0.21120892696348723        13.814511575421037     
           9   8.2681082778835258       0.13962651396777614        8.4077347918513023     
          10   5.0803831738429004       0.11091704720338878        5.1913002210462889     
          11   4.2264394794954043        6.7641471619506732E-002   4.2940809511149114     
          12   1.8383886747943425        3.1430561206590740E-002   1.8698192360009334     
          13   1.4185375005884859        3.3711051110961683E-002   1.4522485516994477     
          14   1.0210361587059482        2.4164958503880170E-002   1.0452011172098283     
          15  0.64553809015426666        9.8883701007907842E-003  0.65542646025505746     
          16  0.16876538534902763        1.9547681910806948E-002  0.18831306725983457     
          17  0.24552026485753914        4.6002199786257195E-003  0.25012048483616484     
          18  0.13074848079272919        4.9435221461280199E-003  0.13569200293885722     
          19  0.24347937960970101        2.5579580962112659E-003  0.24603733770591227     
          20  0.24175844025634469        7.0585473114371925E-004  0.24246429498748839     
