 Curly R     I/F(total)  I/F(solar)   I/F(saturn)
 ---------------------------------------------------
  0.010    2.7848E-03    2.7594E-03    2.5475E-05
  0.020    5.5753E-03    5.5242E-03    5.1081E-05
  0.030    8.3717E-03    8.2948E-03    7.6822E-05
  0.040    1.1174E-02    1.1071E-02    1.0270E-04
  0.050    1.3983E-02    1.3854E-02    1.2872E-04
  0.060    1.6799E-02    1.6644E-02    1.5488E-04
  0.070    1.9621E-02    1.9440E-02    1.8119E-04
  0.080    2.2451E-02    2.2243E-02    2.0765E-04
  0.090    2.5288E-02    2.5053E-02    2.3427E-04
  0.100    2.8132E-02    2.7871E-02    2.6104E-04
  0.110    3.0985E-02    3.0697E-02    2.8798E-04
  0.120    3.3846E-02    3.3531E-02    3.1508E-04
  0.130    3.6716E-02    3.6373E-02    3.4235E-04
  0.140    3.9594E-02    3.9224E-02    3.6980E-04
  0.150    4.2482E-02    4.2084E-02    3.9742E-04
  0.160    4.5379E-02    4.4953E-02    4.2522E-04
  0.170    4.8285E-02    4.7832E-02    4.5321E-04
  0.180    5.1202E-02    5.0721E-02    4.8139E-04
  0.190    5.4130E-02    5.3620E-02    5.0977E-04
  0.200    5.7068E-02    5.6529E-02    5.3834E-04
  0.210    6.0017E-02    5.9450E-02    5.6712E-04
  0.220    6.2978E-02    6.2381E-02    5.9611E-04
  0.230    6.5950E-02    6.5325E-02    6.2532E-04
  0.240    6.8935E-02    6.8280E-02    6.5474E-04
  0.250    7.1932E-02    7.1247E-02    6.8439E-04
  0.260    7.4942E-02    7.4228E-02    7.1427E-04
  0.270    7.7965E-02    7.7221E-02    7.4438E-04
  0.280    8.1002E-02    8.0228E-02    7.7474E-04
  0.290    8.4054E-02    8.3248E-02    8.0535E-04
  0.300    8.7119E-02    8.6283E-02    8.3621E-04
  0.310    9.0200E-02    8.9333E-02    8.6733E-04
  0.320    9.3297E-02    9.2398E-02    8.9872E-04
  0.330    9.6409E-02    9.5478E-02    9.3038E-04
  0.340    9.9537E-02    9.8575E-02    9.6232E-04
  0.350    1.0268E-01    1.0169E-01    9.9456E-04
  0.360    1.0585E-01    1.0482E-01    1.0271E-03
  0.370    1.0903E-01    1.0797E-01    1.0599E-03
  0.380    1.1223E-01    1.1113E-01    1.0931E-03
  0.390    1.1544E-01    1.1432E-01    1.1265E-03
  0.400    1.1868E-01    1.1752E-01    1.1603E-03
  0.410    1.2194E-01    1.2074E-01    1.1945E-03
  0.420    1.2522E-01    1.2399E-01    1.2289E-03
  0.430    1.2852E-01    1.2725E-01    1.2638E-03
  0.440    1.3184E-01    1.3054E-01    1.2990E-03
  0.450    1.3518E-01    1.3385E-01    1.3345E-03
  0.460    1.3855E-01    1.3718E-01    1.3705E-03
  0.470    1.4194E-01    1.4053E-01    1.4069E-03
  0.480    1.4536E-01    1.4391E-01    1.4436E-03
  0.490    1.4880E-01    1.4732E-01    1.4808E-03
  0.500    1.5227E-01    1.5075E-01    1.5184E-03
  0.510    1.5576E-01    1.5420E-01    1.5565E-03
  0.520    1.5928E-01    1.5769E-01    1.5950E-03
  0.530    1.6283E-01    1.6120E-01    1.6340E-03
  0.540    1.6641E-01    1.6474E-01    1.6735E-03
  0.550    1.7002E-01    1.6831E-01    1.7135E-03
  0.560    1.7367E-01    1.7191E-01    1.7540E-03
  0.570    1.7734E-01    1.7555E-01    1.7950E-03
  0.580    1.8105E-01    1.7921E-01    1.8366E-03
  0.590    1.8479E-01    1.8291E-01    1.8787E-03
  0.600    1.8857E-01    1.8665E-01    1.9214E-03
  0.610    1.9238E-01    1.9042E-01    1.9647E-03
  0.620    1.9624E-01    1.9423E-01    2.0087E-03
  0.630    2.0013E-01    1.9808E-01    2.0533E-03
  0.640    2.0406E-01    2.0196E-01    2.0985E-03
  0.650    2.0803E-01    2.0589E-01    2.1444E-03
  0.660    2.1205E-01    2.0986E-01    2.1910E-03
  0.670    2.1611E-01    2.1387E-01    2.2384E-03
  0.680    2.2022E-01    2.1793E-01    2.2865E-03
  0.690    2.2438E-01    2.2204E-01    2.3354E-03
  0.700    2.2858E-01    2.2620E-01    2.3851E-03
  0.710    2.3284E-01    2.3040E-01    2.4357E-03
  0.720    2.3714E-01    2.3466E-01    2.4871E-03
  0.730    2.4151E-01    2.3897E-01    2.5394E-03
  0.740    2.4593E-01    2.4334E-01    2.5926E-03
  0.750    2.5041E-01    2.4776E-01    2.6468E-03
  0.760    2.5495E-01    2.5225E-01    2.7020E-03
  0.770    2.5955E-01    2.5679E-01    2.7583E-03
  0.780    2.6422E-01    2.6141E-01    2.8156E-03
  0.790    2.6896E-01    2.6609E-01    2.8741E-03
  0.800    2.7377E-01    2.7084E-01    2.9337E-03
  0.810    2.7865E-01    2.7566E-01    2.9946E-03
  0.820    2.8361E-01    2.8056E-01    3.0567E-03
  0.830    2.8865E-01    2.8553E-01    3.1202E-03
  0.840    2.9377E-01    2.9059E-01    3.1850E-03
  0.850    2.9898E-01    2.9573E-01    3.2513E-03
  0.860    3.0428E-01    3.0096E-01    3.3190E-03
  0.870    3.0968E-01    3.0629E-01    3.3884E-03
  0.880    3.1517E-01    3.1171E-01    3.4593E-03
  0.890    3.2076E-01    3.1723E-01    3.5320E-03
  0.900    3.2646E-01    3.2286E-01    3.6065E-03
  0.910    3.3228E-01    3.2859E-01    3.6829E-03
  0.920    3.3821E-01    3.3445E-01    3.7612E-03
  0.930    3.4426E-01    3.4042E-01    3.8416E-03
  0.940    3.5044E-01    3.4652E-01    3.9242E-03
  0.950    3.5676E-01    3.5275E-01    4.0091E-03
  0.960    3.6322E-01    3.5912E-01    4.0964E-03
  0.970    3.6982E-01    3.6564E-01    4.1862E-03
  0.980    3.7659E-01    3.7231E-01    4.2787E-03
  0.990    3.8351E-01    3.7914E-01    4.3740E-03
  1.000    3.9061E-01    3.8614E-01    4.4723E-03
