   1.0000000000000000        0.0000000000000000       0.46600291028248553       0.72780229808163477            10000
 i   solar flux    satshine flux      total flux
 -----------------------------------------------
           1   1313.2042609461673        12.182464275844067        1325.3867252220114     
           2   120.24525724294318        3.0894390073415545        123.33469625028474     
           3   168.80194285625402        2.4202906217943179        171.22223347804834     
           4   65.245974408681946        1.2816336647107318        66.527608073392670     
           5   51.510091300135890       0.77251064948782600        52.282601949623718     
           6   33.210229262344157       0.58917022413378395        33.799399486477938     
           7   18.754971473418632       0.36243623612625780        19.117407709544889     
           8   11.752368049251505       0.25320090796805728        12.005568957219563     
           9   7.1505408020454873       0.11453854273709931        7.2650793447825865     
          10   3.2029661819570627        7.3217523216846797E-002   3.2761837051739096     
          11   3.7428467269487715        6.6624058372320549E-002   3.8094707853210918     
          12   2.8618491761478584        2.9243791740592138E-002   2.8910929678884507     
          13   1.3032404091531857        3.0272567060678865E-002   1.3335129762138647     
          14  0.86547348236276367        1.5945172521331073E-002  0.88141865488409477     
          15  0.51566517054216066        9.1515818667198112E-003  0.52481675240888048     
          16  0.48176848316441478        7.4216825672707943E-003  0.48919016573168556     
          17  0.85649016422782698        0.0000000000000000       0.85649016422782698     
          18  0.26825872937693679        2.8451269691355259E-004  0.26854324207385033     
          19  0.25979987185556208        0.0000000000000000       0.25979987185556208     
          20   0.0000000000000000        3.2137248384682521E-003   3.2137248384682521E-003
