 Curly R     I/F(total)  I/F(solar)   I/F(saturn)
 ---------------------------------------------------
  0.010    2.8150E-03    2.7891E-03    2.5917E-05
  0.020    5.6355E-03    5.5836E-03    5.1967E-05
  0.030    8.4617E-03    8.3836E-03    7.8155E-05
  0.040    1.1294E-02    1.1189E-02    1.0448E-04
  0.050    1.4132E-02    1.4001E-02    1.3096E-04
  0.060    1.6977E-02    1.6819E-02    1.5758E-04
  0.070    1.9828E-02    1.9643E-02    1.8435E-04
  0.080    2.2686E-02    2.2475E-02    2.1127E-04
  0.090    2.5551E-02    2.5313E-02    2.3836E-04
  0.100    2.8423E-02    2.8158E-02    2.6560E-04
  0.110    3.1304E-02    3.1011E-02    2.9301E-04
  0.120    3.4192E-02    3.3871E-02    3.2059E-04
  0.130    3.7088E-02    3.6739E-02    3.4835E-04
  0.140    3.9992E-02    3.9616E-02    3.7628E-04
  0.150    4.2905E-02    4.2501E-02    4.0439E-04
  0.160    4.5828E-02    4.5395E-02    4.3269E-04
  0.170    4.8759E-02    4.8298E-02    4.6118E-04
  0.180    5.1700E-02    5.1210E-02    4.8986E-04
  0.190    5.4651E-02    5.4132E-02    5.1875E-04
  0.200    5.7612E-02    5.7064E-02    5.4784E-04
  0.210    6.0583E-02    6.0006E-02    5.7713E-04
  0.220    6.3566E-02    6.2959E-02    6.0664E-04
  0.230    6.6559E-02    6.5923E-02    6.3638E-04
  0.240    6.9564E-02    6.8898E-02    6.6633E-04
  0.250    7.2581E-02    7.1885E-02    6.9652E-04
  0.260    7.5610E-02    7.4883E-02    7.2694E-04
  0.270    7.8652E-02    7.7894E-02    7.5760E-04
  0.280    8.1706E-02    8.0918E-02    7.8851E-04
  0.290    8.4774E-02    8.3954E-02    8.1967E-04
  0.300    8.7856E-02    8.7005E-02    8.5109E-04
  0.310    9.0951E-02    9.0069E-02    8.8278E-04
  0.320    9.4062E-02    9.3147E-02    9.1474E-04
  0.330    9.7187E-02    9.6240E-02    9.4698E-04
  0.340    1.0033E-01    9.9348E-02    9.7951E-04
  0.350    1.0348E-01    1.0247E-01    1.0123E-03
  0.360    1.0666E-01    1.0561E-01    1.0454E-03
  0.370    1.0985E-01    1.0877E-01    1.0789E-03
  0.380    1.1305E-01    1.1194E-01    1.1126E-03
  0.390    1.1628E-01    1.1513E-01    1.1467E-03
  0.400    1.1952E-01    1.1834E-01    1.1811E-03
  0.410    1.2278E-01    1.2157E-01    1.2158E-03
  0.420    1.2606E-01    1.2481E-01    1.2509E-03
  0.430    1.2937E-01    1.2808E-01    1.2864E-03
  0.440    1.3269E-01    1.3137E-01    1.3222E-03
  0.450    1.3603E-01    1.3467E-01    1.3584E-03
  0.460    1.3940E-01    1.3800E-01    1.3950E-03
  0.470    1.4279E-01    1.4135E-01    1.4320E-03
  0.480    1.4620E-01    1.4473E-01    1.4695E-03
  0.490    1.4963E-01    1.4812E-01    1.5073E-03
  0.500    1.5309E-01    1.5155E-01    1.5456E-03
  0.510    1.5658E-01    1.5499E-01    1.5843E-03
  0.520    1.6009E-01    1.5846E-01    1.6235E-03
  0.530    1.6362E-01    1.6196E-01    1.6631E-03
  0.540    1.6719E-01    1.6549E-01    1.7033E-03
  0.550    1.7079E-01    1.6904E-01    1.7439E-03
  0.560    1.7441E-01    1.7262E-01    1.7851E-03
  0.570    1.7806E-01    1.7624E-01    1.8268E-03
  0.580    1.8175E-01    1.7988E-01    1.8690E-03
  0.590    1.8547E-01    1.8356E-01    1.9119E-03
  0.600    1.8922E-01    1.8727E-01    1.9553E-03
  0.610    1.9301E-01    1.9101E-01    1.9993E-03
  0.620    1.9683E-01    1.9479E-01    2.0439E-03
  0.630    2.0069E-01    1.9860E-01    2.0891E-03
  0.640    2.0459E-01    2.0245E-01    2.1351E-03
  0.650    2.0852E-01    2.0634E-01    2.1817E-03
  0.660    2.1250E-01    2.1027E-01    2.2290E-03
  0.670    2.1652E-01    2.1424E-01    2.2770E-03
  0.680    2.2058E-01    2.1826E-01    2.3258E-03
  0.690    2.2469E-01    2.2231E-01    2.3754E-03
  0.700    2.2884E-01    2.2642E-01    2.4258E-03
  0.710    2.3305E-01    2.3057E-01    2.4770E-03
  0.720    2.3730E-01    2.3477E-01    2.5291E-03
  0.730    2.4160E-01    2.3902E-01    2.5820E-03
  0.740    2.4596E-01    2.4332E-01    2.6359E-03
  0.750    2.5037E-01    2.4768E-01    2.6908E-03
  0.760    2.5484E-01    2.5210E-01    2.7466E-03
  0.770    2.5937E-01    2.5657E-01    2.8035E-03
  0.780    2.6397E-01    2.6111E-01    2.8615E-03
  0.790    2.6862E-01    2.6570E-01    2.9205E-03
  0.800    2.7335E-01    2.7037E-01    2.9808E-03
  0.810    2.7814E-01    2.7510E-01    3.0422E-03
  0.820    2.8301E-01    2.7990E-01    3.1048E-03
  0.830    2.8795E-01    2.8478E-01    3.1688E-03
  0.840    2.9297E-01    2.8973E-01    3.2341E-03
  0.850    2.9807E-01    2.9477E-01    3.3008E-03
  0.860    3.0326E-01    2.9989E-01    3.3690E-03
  0.870    3.0853E-01    3.0509E-01    3.4387E-03
  0.880    3.1390E-01    3.1039E-01    3.5100E-03
  0.890    3.1936E-01    3.1578E-01    3.5830E-03
  0.900    3.2493E-01    3.2127E-01    3.6577E-03
  0.910    3.3060E-01    3.2687E-01    3.7342E-03
  0.920    3.3639E-01    3.3257E-01    3.8127E-03
  0.930    3.4229E-01    3.3839E-01    3.8931E-03
  0.940    3.4831E-01    3.4433E-01    3.9755E-03
  0.950    3.5446E-01    3.5040E-01    4.0602E-03
  0.960    3.6074E-01    3.5659E-01    4.1471E-03
  0.970    3.6717E-01    3.6293E-01    4.2364E-03
  0.980    3.7374E-01    3.6941E-01    4.3283E-03
  0.990    3.8047E-01    3.7605E-01    4.4227E-03
  1.000    3.8737E-01    3.8285E-01    4.5200E-03
