   1.0000000000000000        0.0000000000000000       0.46600291028248553       0.72780229808163477            10000
 i   solar flux    satshine flux      total flux
 -----------------------------------------------
           1   1308.7144567952128        12.156638332188390        1320.8710951274011     
           2   129.45224465240261        3.0100083140910736        132.46225296649368     
           3   182.26861940751269        2.3988545969360424        184.66747400444874     
           4   75.673710365757756        1.3341676045002513        77.007877970258008     
           5   55.743862934033352       0.85984496694124668        56.603707900974598     
           6   33.032423075088559       0.64567245023645337        33.678095525325013     
           7   20.536785115160832       0.36358418995940800        20.900369305120240     
           8   11.608534857498428       0.21918772782018728        11.827722585318616     
           9   11.847914577234800       0.13400725686485640        11.981921834099657     
          10   4.3723587576864578        8.7608026835271635E-002   4.4599667845217290     
          11   4.6558061662237531        5.6362980740027886E-002   4.7121691469637810     
          12   3.0251454877455006        3.3531777632190153E-002   3.0586772653776908     
          13   1.7035279877850091        3.9052304686594042E-002   1.7425802924716032     
          14  0.82400687159058605        2.0203354700742981E-002  0.84421022629132902     
          15  0.52693950695128611        9.0064170358319096E-003  0.53594592398711804     
          16   1.1096731743506254        8.3537013251911863E-003   1.1180268756758165     
          17  0.96728865564662836        7.0492345897722759E-003  0.97433789023640061     
          18  0.25360200800231703        6.4544777230112248E-003  0.26005648572532825     
          19  0.39225384970145499        1.4190895648536129E-005  0.39226804059710352     
          20  0.78775526825964981        8.5498262179276672E-003  0.79630509447757747     
