   1.0000000000000000        0.0000000000000000       0.46600291028248553       0.72780229808163477            10000
 i   solar flux    satshine flux      total flux
 -----------------------------------------------
           1   1330.9056267955450        12.145262658432214        1343.0508894539771     
           2   119.54259017090767        3.0037154163605080        122.54630558726818     
           3   165.53378727384617        2.0835683603637141        167.61735563420990     
           4   68.441320177833916        1.1641164155411878        69.605436593375103     
           5   52.854638287355904       0.80153877821841146        53.656177065574319     
           6   31.806063739502655       0.47593395380444936        32.281997693307105     
           7   22.373084578588589       0.36877953194796492        22.741864110536554     
           8   17.479697202486129       0.28823802107005042        17.767935223556179     
           9   9.1834461576275217       0.15764239638635441        9.3410885540138757     
          10   6.0704789866493432       0.15494560159374904        6.2254245882430919     
          11   3.8340712291161672        8.1261226222084731E-002   3.9153324553382518     
          12   2.3873233863303955        4.8196683058189610E-002   2.4355200693885850     
          13   2.2227210154219179        3.5837619693017110E-002   2.2585586351149352     
          14   1.6429717733103890        3.7495772701258583E-002   1.6804675460116476     
          15  0.51688471444673256        1.3462910257681232E-002  0.53034762470441377     
          16  0.94919190109675577        1.0810812218506502E-002  0.96000271331526232     
          17   1.0606827830831906        1.9701041455825446E-002   1.0803838245390160     
          18  0.48840170674488498        6.9806005412555577E-003  0.49538230728614052     
          19  0.38170930043539486        5.2078099735173005E-003  0.38691711040891213     
          20   6.4019457014767661E-002   6.1688803586451124E-004   6.4636345050632177E-002
