   1.0000000000000000        0.0000000000000000       0.46600291028248553       0.72780229808163477            10000
 i   solar flux    satshine flux      total flux
 -----------------------------------------------
           1   1339.6268614577962        12.004237453061231        1351.6310989108574     
           2   118.82206830950039        3.0007707826390537        121.82283909213945     
           3   180.58575583606577        2.1322866466810630        182.71804248274682     
           4   68.439310649466151        1.3101218989235475        69.749432548389692     
           5   58.902253143314255       0.89477188132314422        59.797025024637399     
           6   35.219492726719650       0.47629824987595359        35.695790976595603     
           7   23.183045245088689       0.41477624317172679        23.597821488260415     
           8   16.368562106346115       0.23105770387342400        16.599619810219540     
           9   11.523576175160805       0.16522390523988514        11.688800080400691     
          10   8.0258208334733130       0.16297689099318341        8.1887977244664967     
          11   7.1509064468407502        7.8625654726265232E-002   7.2295321015670151     
          12   2.5080220207264174        4.9707217082809056E-002   2.5577292378092267     
          13   1.6958943992880919        2.2906661650262981E-002   1.7188010609383548     
          14   2.3808894455448382        1.9961740740233568E-002   2.4008511862850717     
          15   1.7221575752275173        1.7978361724078171E-002   1.7401359369515954     
          16   2.0647761695362421        7.0751393711473059E-003   2.0718513089073896     
          17  0.44538103826095832        4.2586974758774734E-003  0.44963973573683580     
          18  0.52369746558341435        2.6359506449787008E-003  0.52633341622839303     
          19  0.60055289459679129        4.4250976674866599E-003  0.60497799226427795     
          20  0.32349841177058014        6.2915962800345730E-004  0.32412757139858361     
