   1.0000000000000000        0.0000000000000000       0.46600291028248553       0.72780229808163477            10000
 i   solar flux    satshine flux      total flux
 -----------------------------------------------
           1   1316.0703114659912        11.939445187490584        1328.0097566534816     
           2   117.45406221101187        2.9145953254417329        120.36865753645361     
           3   176.89253927794834        2.4579055405694370        179.35044481851779     
           4   66.790231598589642        1.1963599486862617        67.986591547275907     
           5   58.123173173829230       0.89662304416597804        59.019796217995207     
           6   33.352380021763487       0.52871089883113842        33.881090920594623     
           7   23.753836917109055       0.34871807672037780        24.102554993829433     
           8   13.664900875805614       0.24277726006017128        13.907678135865785     
           9   12.072266395487416       0.15313361441131945        12.225400009898735     
          10   5.2442145795789656        7.8734460223511382E-002   5.3229490398024772     
          11   5.0503660972703184        3.5636362476567943E-002   5.0860024597468865     
          12   2.5902429125222000        6.9692469152986353E-002   2.6599353816751865     
          13   2.4266032774239341        2.2455656267739037E-002   2.4490589336916733     
          14   2.2274904081024909        1.2516683791237396E-002   2.2400070918937285     
          15  0.37622075639261798        2.3278615821662737E-002  0.39949937221428072     
          16  0.92064106296475123        7.4269903194622575E-003  0.92806805328421349     
          17  0.76494387180045309        3.9089771673612743E-003  0.76885284896781436     
          18   6.2908811298995532E-002   2.5145216222539849E-003   6.5423332921249522E-002
          19   0.0000000000000000        4.3552919585778628E-003   4.3552919585778628E-003
          20   0.0000000000000000        1.2102062831510774E-003   1.2102062831510774E-003
