   1.0000000000000000        0.0000000000000000       0.46600291028248553       0.72780229808163477            10000
 i   solar flux    satshine flux      total flux
 -----------------------------------------------
           1   1290.1443472755057        11.957268684611092        1302.1016159601168     
           2   121.64768268156786        2.9275392273810512        124.57522190894890     
           3   180.42949527327698        2.2919756487648555        182.72147092204185     
           4   81.324314869260633        1.3464585086232865        82.670773377883918     
           5   60.188180824552646       0.77989969340578391        60.968080517958427     
           6   31.235467831650013       0.57826781838645624        31.813735650036470     
           7   19.999606499989195       0.46326386145756343        20.462870361446758     
           8   16.480426960231238       0.23133908279613061        16.711766043027367     
           9   7.9771415835374402       0.16814938648400768        8.1452909700214473     
          10   6.2734839822944348       0.11319304802706368        6.3866770303214988     
          11   4.3639556293062984        6.6330534088892515E-002   4.4302861633951913     
          12   3.2187134018101551        5.6446194951520305E-002   3.2751595967616756     
          13   2.7339719333448529        4.6378997500604244E-002   2.7803509308454570     
          14   2.2201323931089272        3.1710991474087305E-002   2.2518433845830144     
          15  0.61043772162081544        2.1064696649967518E-002  0.63150241827078291     
          16  0.31718745415407557        8.3018031546868744E-003  0.32548925730876244     
          17  0.46137153498587014        7.6514422284731766E-003  0.46902297721434333     
          18  0.41762257906410916        3.8155298957862059E-003  0.42143810895989536     
          19  0.50745378689862664        1.9671068041887700E-003  0.50942089370281540     
          20  0.18888128542253085        0.0000000000000000       0.18888128542253085     
