   1.0000000000000000        0.0000000000000000       0.46600291028248553       0.72780229808163477            10000
 i   solar flux    satshine flux      total flux
 -----------------------------------------------
           1   1375.1232755505969        11.982443719677853        1387.1057192702747     
           2   114.59826372587193        3.0790274773204231        117.67729120319235     
           3   184.66583985840299        2.3028164914107521        186.96865634981373     
           4   68.536367121627080        1.1818087044571062        69.718175826084192     
           5   56.185626103284918       0.92470202668299939        57.110328129967918     
           6   32.702246877779274       0.55963148890239178        33.261878366681664     
           7   22.899502683272317       0.36812407183113499        23.267626755103453     
           8   14.562223433155275       0.24970638704553294        14.811929820200808     
           9   9.3542762597467917       0.14846673183393283        9.5027429915807247     
          10   5.7643639114678322       0.10000499413758394        5.8643689056054162     
          11   4.0728366490912205        6.4055916601507445E-002   4.1368925656927278     
          12   3.4533227434441418        6.2634878286955853E-002   3.5159576217310975     
          13   2.5918643284479073        1.8823955696717611E-002   2.6106882841446248     
          14   1.6395628465995291        1.3574451408987184E-002   1.6531372980085164     
          15  0.71696862440311571        6.9259620039872783E-003  0.72389458640710302     
          16  0.53932359972741906        2.3509186356322043E-002  0.56283278608374110     
          17  0.10505953957567363        1.1772098773669056E-002  0.11683163834934268     
          18  0.38283188020588854        6.6171040646434707E-003  0.38944898427053204     
          19   0.0000000000000000        8.0188945608145844E-003   8.0188945608145844E-003
          20   0.0000000000000000        2.7534486252789514E-003   2.7534486252789514E-003
