   1.0000000000000000        0.0000000000000000       0.46600291028248553       0.72780229808163477            10000
 i   solar flux    satshine flux      total flux
 -----------------------------------------------
           1   1367.4464598836548        12.415749086052042        1379.8622089697069     
           2   114.38062843779862        2.9543748109453545        117.33500324874397     
           3   176.31413216672928        2.3208658294444877        178.63499799617378     
           4   68.520814408905167        1.1752079386110283        69.696022347516191     
           5   62.036013384646033       0.89742484453607141        62.933438229182102     
           6   32.818842641199879       0.45187446686878302        33.270717108068659     
           7   21.639135734006384       0.33186151301096245        21.970997247017348     
           8   14.183627996500379       0.19818723739277100        14.381815233893150     
           9   10.300596011970885       0.14953783421187725        10.450133846182762     
          10   7.9489029611649471        8.0864972115446965E-002   8.0297679332803948     
          11   3.3407755004948259        6.8266362183245055E-002   3.4090418626780710     
          12   3.8599376983976637        3.7956448753393525E-002   3.8978941471510571     
          13   2.9649753179601008        1.6903423242716740E-002   2.9818787412028174     
          14   1.4764478224410418        9.8907760663339769E-003   1.4863385985073758     
          15  0.86409484313014795        9.0392408927027611E-003  0.87313408402285075     
          16  0.88109235857505097        1.7921683932476475E-002  0.89901404250752748     
          17   5.2771069216210116E-002   3.8908031445734907E-003   5.6661872360783606E-002
          18  0.19587275043339059        7.6406654089553171E-003  0.20351341584234589     
          19   3.7109229469783511E-002   0.0000000000000000        3.7109229469783511E-002
          20   0.0000000000000000        3.8790100771031910E-003   3.8790100771031910E-003
