   1.0000000000000000        0.0000000000000000       0.46600291028248553       0.72780229808163477            10000
 i   solar flux    satshine flux      total flux
 -----------------------------------------------
           1   1315.9716289323919        11.668894504452570        1327.6405234368444     
           2   124.06817955321962        2.8022560653265063        126.87043561854613     
           3   177.22158926263828        2.4001159782947994        179.62170524093307     
           4   74.648509787072982        1.1591116623527107        75.807621449425696     
           5   62.354671747655530       0.94631228294580638        63.300984030601334     
           6   32.714120195552127       0.54480252170391874        33.258922717256048     
           7   21.317279442588795       0.38305985469799003        21.700339297286785     
           8   11.368417282754283       0.29440058837343791        11.662817871127722     
           9   11.338382721186973       0.16569527088761868        11.504077992074592     
          10   5.3927039831100414       0.10556089684203537        5.4982648799520764     
          11   3.3965137208100988        6.3577257347669530E-002   3.4600909781577682     
          12   1.9227782170888961        4.3744381092784612E-002   1.9665225981816807     
          13   1.8245449864536372        2.9579282192391459E-002   1.8541242686460286     
          14   1.6009161425960559        2.3330472850959141E-002   1.6242466154470150     
          15  0.71887116173131316        3.8963515243669784E-003  0.72276751325568012     
          16  0.88232182812504278        1.1423868066394083E-003  0.88346421493168215     
          17  0.28573089248027839        7.8234182495248057E-003  0.29355431072980320     
          18  0.53049398778845291        3.8654003068442572E-003  0.53435938809529715     
          19  0.31682805712249523        5.0181482050500039E-003  0.32184620532754521     
          20  0.15684121765155315        0.0000000000000000       0.15684121765155315     
