   1.0000000000000000        0.0000000000000000       0.46600291028248553       0.72780229808163477            10000
 i   solar flux    satshine flux      total flux
 -----------------------------------------------
           1   1334.3642673250433        12.386442171926749        1346.7507094969701     
           2   121.07915541712588        2.8151024562722067        123.89425787339808     
           3   169.95023440797809        2.3250249500176170        172.27525935799571     
           4   69.116248719876751        1.2261052829350028        70.342354002811760     
           5   54.225252415497252       0.86676300188748845        55.092015417384744     
           6   33.780831848068679       0.56144098127132724        34.342272829340004     
           7   22.094629699763221       0.34137694294452492        22.436006642707746     
           8   14.946454312843727       0.21124769806002064        15.157702010903748     
           9   8.9169999008930443       0.17923281918470899        9.0962327200777526     
          10   7.3399485242765747        9.5518674549039395E-002   7.4354671988256138     
          11   5.0640103091943178        9.3075187799202944E-002   5.1570854969935205     
          12   3.6472576095817861        3.1801354886096270E-002   3.6790589644678824     
          13   1.4086191477730643        4.7379637960275840E-002   1.4559987857333401     
          14   1.5752357274546984        1.5544226946414634E-002   1.5907799544011130     
          15  0.93310126921770742        1.2682129210768169E-002  0.94578339842847559     
          16  0.92376766492107232        8.4166451690797905E-003  0.93218431009015212     
          17  0.36613709494415553        9.3072107444703567E-003  0.37544430568862586     
          18  0.27981063038534587        1.0576077563109632E-002  0.29038670794845550     
          19  0.56896185743297967        4.2696060301156977E-003  0.57323146346309539     
          20   0.0000000000000000        2.8129786951228979E-003   2.8129786951228979E-003
