   1.0000000000000000        0.0000000000000000       0.46600291028248553       0.72780229808163477            10000
 i   solar flux    satshine flux      total flux
 -----------------------------------------------
           1   1329.9215074998083        12.089713612029456        1342.0112211118378     
           2   130.01630087024253        2.9467471838810853        132.96304805412362     
           3   179.31043553792273        2.2084324682368739        181.51886800615961     
           4   76.635160458333658        1.2645385380978340        77.899698996431496     
           5   63.771476714649786       0.85013750971067226        64.621614224360457     
           6   34.106940787211755       0.52413143388382455        34.631072221095579     
           7   26.167150175262194       0.35922379661235337        26.526373971874548     
           8   16.514009696999739       0.25479229125641373        16.768801988256154     
           9   10.715684953232033       0.17760085015800131        10.893285803390034     
          10   7.6295606638445932       0.12362521347590200        7.7531858773204956     
          11   4.7074658926843469        6.8756006486559232E-002   4.7762218991709062     
          12   3.2769283959040711        4.2192050192814939E-002   3.3191204460968859     
          13   2.5667538241233516        4.3090636566197535E-002   2.6098444606895490     
          14   1.7631182183207665        3.2319448521696957E-002   1.7954376668424634     
          15   1.0643032786192457        1.9870449624196304E-002   1.0841737282434420     
          16   9.4658362059768020E-002   3.0224551567664848E-002  0.12488291362743287     
          17  0.65153959275439299        6.2972904960686476E-003  0.65783688325046163     
          18  0.26522899506814351        1.2372150682328845E-002  0.27760114575047234     
          19  0.44055310700270123        1.2091321441983677E-002  0.45264442844468489     
          20  0.27104384037796009        1.5399500803145211E-003  0.27258379045827463     
