   1.0000000000000000        0.0000000000000000       0.46600291028248553       0.72780229808163477            10000
 i   solar flux    satshine flux      total flux
 -----------------------------------------------
           1   1356.0172189404120        11.632896615937993        1367.6501155563501     
           2   121.14976557379615        2.9439013247489516        124.09366689854510     
           3   182.69599388477491        2.3426139285051768        185.03860781328009     
           4   71.172315143130447        1.1325539395647124        72.304869082695163     
           5   55.488085166314541       0.88542865452834574        56.373513820842888     
           6   29.001920245421797       0.52055133723620839        29.522471582658007     
           7   21.147037931504961       0.34732608249288505        21.494364013997846     
           8   16.912427685909130       0.22418899139858844        17.136616677307718     
           9   7.8292067198562219       0.15130992667292634        7.9805166465291482     
          10   4.7415491058788835        8.8066670354974924E-002   4.8296157762338581     
          11   5.2879471024892624        6.1465836902973935E-002   5.3494129393922361     
          12   2.3298503748822710        8.9761536844231812E-002   2.4196119117265029     
          13   3.8856323501501242        3.1212174789137168E-002   3.9168445249392612     
          14   2.1073783283915413        3.0057967699463131E-002   2.1374362960910043     
          15   1.6156572164646092        1.2538552473959489E-002   1.6281957689385687     
          16   1.4767823537602118        8.1485216568167752E-003   1.4849308754170285     
          17   1.4154766659766329        1.0510540252876581E-002   1.4259872062295096     
          18  0.26562553267863137        1.2435350549415665E-003  0.26686906773357294     
          19  0.24002770947538743        3.0590722606998800E-003  0.24308678173608730     
          20   0.0000000000000000        9.9519607849430963E-004   9.9519607849430963E-004
