   1.0000000000000000        0.0000000000000000       0.46600291028248553       0.72780229808163477            10000
 i   solar flux    satshine flux      total flux
 -----------------------------------------------
           1   1326.1045924029540        12.362803307740833        1338.4673957106950     
           2   121.16597535131881        2.7370051389730197        123.90298049029182     
           3   169.87993491720488        2.2623695661059542        172.14230448331082     
           4   71.538500646559257        1.2610912000572501        72.799591846616508     
           5   54.670244739672114       0.89999567718557427        55.570240416857686     
           6   33.363008759853884       0.58161705700198840        33.944625816855869     
           7   25.461828509018019       0.38190075556913411        25.843729264587154     
           8   15.741240872344346       0.26975075972675588        16.010991632071100     
           9   10.403385102525759       0.19345562802985222        10.596840730555611     
          10   5.0675835464348271       0.12084684911302611        5.1884303955478535     
          11   4.3237353081082652        8.0115455444246489E-002   4.4038507635525121     
          12   2.4725392278179363        3.5942212421726183E-002   2.5084814402396627     
          13   3.2813349149019553        2.0315881867882281E-002   3.3016507967698376     
          14   1.0951023437543108        3.1615442869680911E-002   1.1267177866239917     
          15  0.85180981118063537        1.3449039908786037E-002  0.86525885108942135     
          16  0.38190952580612497        5.6190952148114622E-003  0.38752862102093644     
          17   1.2477664292223274        1.5155952085123823E-002   1.2629223813074513     
          18  0.73428668664351138        2.2062701320271272E-002  0.75634938796378259     
          19  0.24447506607659086        6.5959131676656341E-003  0.25107097924425648     
          20  0.15199999935318381        1.5022547033935777E-003  0.15350225405657739     
