   1.0000000000000000        0.0000000000000000       0.46600291028248553       0.72780229808163477            10000
 i   solar flux    satshine flux      total flux
 -----------------------------------------------
           1   1324.9095386196768        12.166865795756218        1337.0764044154330     
           2   112.62346654002823        2.9931231113315877        115.61658965135982     
           3   173.73512835787199        2.3700316532339585        176.10516001110594     
           4   76.692512394470938        1.2646331644048869        77.957145558875823     
           5   54.344997624733260       0.82818375573889202        55.173181380472151     
           6   33.583490231566707       0.57304573696892536        34.156535968535628     
           7   22.483187862595017       0.28330640362780385        22.766494266222821     
           8   14.704527441694939       0.23535105471678075        14.939878496411719     
           9   9.8923368573811548       0.14334313376214897        10.035679991143304     
          10   5.1957595746697383       0.12393143208624696        5.3196910067559848     
          11   4.8481656748025710        5.8324695175816260E-002   4.9064903699783873     
          12   3.3684853767144749        5.2658466634681739E-002   3.4211438433491566     
          13   2.7525720284135509        3.6615416270525836E-002   2.7891874446840768     
          14  0.99370632880677956        2.0687790554283832E-002   1.0143941193610635     
          15  0.90388776904816015        1.5143794321103680E-002  0.91903156336926384     
          16  0.26244133649955576        1.0119668925212228E-002  0.27256100542476797     
          17   1.3970228454648939        6.6899830755747083E-005   1.3970897452956497     
          18  0.26950617447744979        1.3305144461648717E-002  0.28281131893909850     
          19  0.11837596061129406        0.0000000000000000       0.11837596061129406     
          20  0.13883391954135538        7.8759594073938982E-003  0.14670987894874926     
