   1.0000000000000000        0.0000000000000000       0.46600291028248553       0.72780229808163477            10000
 i   solar flux    satshine flux      total flux
 -----------------------------------------------
           1   1314.2741716426742        12.447084367469667        1326.7212560101439     
           2   128.44313814447281        2.7822201673840325        131.22535831185684     
           3   171.33995344926458        2.4155915579212595        173.75554500718584     
           4   78.770953486119836        1.0955887627548599        79.866542248874694     
           5   56.527567960879715       0.86944623308200475        57.397014193961716     
           6   32.551934773452359       0.49353566953004790        33.045470442982406     
           7   24.897788337378234       0.38483285642968473        25.282621193807920     
           8   15.662025085231805       0.20358881919179045        15.865613904423595     
           9   8.4247653989820037       0.15080827189428850        8.5755736708762917     
          10   7.6964455979421906        8.8264988763359559E-002   7.7847105867055504     
          11   4.0994372685915383        6.8500188184004288E-002   4.1679374567755429     
          12   2.3661514173032892        3.1564653248040635E-002   2.3977160705513296     
          13   1.6437078057617374        2.2068729585279528E-002   1.6657765353470169     
          14   2.0322450292300593        1.2602067753729478E-002   2.0448470969837889     
          15  0.70388394730420523        7.0300562349756473E-003  0.71091400353918088     
          16  0.78123875565524781        5.4928340802414734E-003  0.78673158973548929     
          17   0.0000000000000000        2.9015204195409101E-003   2.9015204195409101E-003
          18  0.18930680417596857        7.5346136384697813E-004  0.19006026553981556     
          19   0.0000000000000000        1.0357521012598547E-002   1.0357521012598547E-002
          20   0.0000000000000000        0.0000000000000000        0.0000000000000000     
