   1.0000000000000000        0.0000000000000000       0.46600291028248553       0.72780229808163477            10000
 i   solar flux    satshine flux      total flux
 -----------------------------------------------
           1   1352.3826140330070        12.219233354448310        1364.6018473874553     
           2   125.24196511739629        2.8605189114773073        128.10248402887359     
           3   188.25587590962459        2.1925244248080906        190.44840033443268     
           4   67.691843707518800        1.2013132964323345        68.893157003951131     
           5   57.471589520052333       0.74311823662229370        58.214707756674628     
           6   29.077545842017813       0.56192328859070506        29.639469130608518     
           7   24.425964840622079       0.29753599393264885        24.723500834554727     
           8   12.390317536891914       0.21716707904963586        12.607484615941550     
           9   9.7236217564680949       0.15676292436444694        9.8803846808325417     
          10   5.6780730733618565       0.12235605189530832        5.8004291252571649     
          11   4.7933001236913668        5.9984153522726992E-002   4.8532842772140938     
          12   2.3460370536655430        2.6074067649807978E-002   2.3721111213153510     
          13   1.1841752921717230        3.8078759513661659E-002   1.2222540516853846     
          14  0.81277502118669775        3.8949092440333420E-002  0.85172411362703115     
          15   1.1466744414519505        8.6169500706121463E-003   1.1552913915225627     
          16  0.52128326207949938        1.6826211584253833E-002  0.53810947366375317     
          17  0.85739588410073009        9.2775885041467832E-003  0.86667347260487682     
          18  0.31842927267249660        3.3369712471684083E-003  0.32176624391966502     
          19  0.38528962157393953        0.0000000000000000       0.38528962157393953     
          20   0.0000000000000000        7.7001791437753793E-003   7.7001791437753793E-003
