   1.0000000000000000        0.0000000000000000       0.46600291028248553       0.72780229808163477            10000
 i   solar flux    satshine flux      total flux
 -----------------------------------------------
           1   1356.0648436745923        12.286342640621617        1368.3511863152139     
           2   123.92074520153696        3.0110863014486715        126.93183150298563     
           3   173.50672802759394        2.4684602366297885        175.97518826422373     
           4   75.521365333344022        1.3091306772127955        76.830496010556814     
           5   52.079798462009180       0.95150378098236377        53.031302242991543     
           6   30.175023876915489       0.62371182735517006        30.798735704270658     
           7   18.132966093245972       0.39982253421870234        18.532788627464676     
           8   12.420363774225727       0.21810367520412738        12.638467449429854     
           9   7.2729274869856173       0.18938796598679550        7.4623154529724127     
          10   5.9580123313199795       0.11414760179749442        6.0721599331174740     
          11   5.0389910071680220        4.5740865908214030E-002   5.0847318730762359     
          12   1.6224446261003278        5.8348645998321763E-002   1.6807932720986496     
          13   1.9448825755314458        1.8694856083344088E-002   1.9635774316147898     
          14  0.77478468835142866        3.7992787717010382E-002  0.81277747606843909     
          15  0.79589810371484893        1.8167142718322794E-002  0.81406524643317169     
          16  0.79291656460070015        1.0827846302658869E-002  0.80374441090335902     
          17  0.14083011569571868        7.3565653035732080E-003  0.14818668099929189     
          18  0.15804383249539333        1.3068745448431167E-002  0.17111257794382451     
          19   0.0000000000000000        3.2306067161754419E-003   3.2306067161754419E-003
          20  0.33892948491977315        6.3574664181389941E-004  0.33956523156158702     
