 Curly R     I/F(total)  I/F(solar)   I/F(saturn)
 ---------------------------------------------------
  0.010    2.9063E-03    2.8802E-03    2.6135E-05
  0.020    5.8182E-03    5.7658E-03    5.2402E-05
  0.030    8.7359E-03    8.6571E-03    7.8802E-05
  0.040    1.1660E-02    1.1554E-02    1.0534E-04
  0.050    1.4590E-02    1.4458E-02    1.3202E-04
  0.060    1.7527E-02    1.7368E-02    1.5884E-04
  0.070    2.0470E-02    2.0284E-02    1.8581E-04
  0.080    2.3421E-02    2.3208E-02    2.1294E-04
  0.090    2.6379E-02    2.6138E-02    2.4021E-04
  0.100    2.9344E-02    2.9076E-02    2.6765E-04
  0.110    3.2317E-02    3.2022E-02    2.9525E-04
  0.120    3.5299E-02    3.4976E-02    3.2302E-04
  0.130    3.8289E-02    3.7938E-02    3.5096E-04
  0.140    4.1287E-02    4.0908E-02    3.7907E-04
  0.150    4.4295E-02    4.3887E-02    4.0736E-04
  0.160    4.7311E-02    4.6875E-02    4.3584E-04
  0.170    5.0338E-02    4.9873E-02    4.6451E-04
  0.180    5.3374E-02    5.2881E-02    4.9337E-04
  0.190    5.6420E-02    5.5898E-02    5.2242E-04
  0.200    5.9477E-02    5.8926E-02    5.5168E-04
  0.210    6.2545E-02    6.1964E-02    5.8115E-04
  0.220    6.5624E-02    6.5013E-02    6.1083E-04
  0.230    6.8715E-02    6.8074E-02    6.4073E-04
  0.240    7.1817E-02    7.1147E-02    6.7086E-04
  0.250    7.4932E-02    7.4231E-02    7.0121E-04
  0.260    7.8060E-02    7.7328E-02    7.3180E-04
  0.270    8.1200E-02    8.0438E-02    7.6263E-04
  0.280    8.4354E-02    8.3561E-02    7.9371E-04
  0.290    8.7522E-02    8.6697E-02    8.2504E-04
  0.300    9.0704E-02    8.9848E-02    8.5663E-04
  0.310    9.3901E-02    9.3012E-02    8.8849E-04
  0.320    9.7113E-02    9.6192E-02    9.2063E-04
  0.330    1.0034E-01    9.9387E-02    9.5304E-04
  0.340    1.0358E-01    1.0260E-01    9.8575E-04
  0.350    1.0684E-01    1.0583E-01    1.0187E-03
  0.360    1.1012E-01    1.0907E-01    1.0521E-03
  0.370    1.1342E-01    1.1233E-01    1.0857E-03
  0.380    1.1673E-01    1.1561E-01    1.1196E-03
  0.390    1.2006E-01    1.1891E-01    1.1539E-03
  0.400    1.2341E-01    1.2222E-01    1.1885E-03
  0.410    1.2678E-01    1.2556E-01    1.2234E-03
  0.420    1.3017E-01    1.2891E-01    1.2588E-03
  0.430    1.3358E-01    1.3229E-01    1.2944E-03
  0.440    1.3701E-01    1.3568E-01    1.3305E-03
  0.450    1.4047E-01    1.3910E-01    1.3670E-03
  0.460    1.4395E-01    1.4254E-01    1.4038E-03
  0.470    1.4745E-01    1.4601E-01    1.4411E-03
  0.480    1.5097E-01    1.4949E-01    1.4788E-03
  0.490    1.5452E-01    1.5301E-01    1.5169E-03
  0.500    1.5810E-01    1.5654E-01    1.5554E-03
  0.510    1.6170E-01    1.6011E-01    1.5945E-03
  0.520    1.6533E-01    1.6370E-01    1.6340E-03
  0.530    1.6899E-01    1.6731E-01    1.6740E-03
  0.540    1.7267E-01    1.7096E-01    1.7145E-03
  0.550    1.7639E-01    1.7463E-01    1.7555E-03
  0.560    1.8014E-01    1.7834E-01    1.7971E-03
  0.570    1.8392E-01    1.8208E-01    1.8392E-03
  0.580    1.8773E-01    1.8585E-01    1.8819E-03
  0.590    1.9157E-01    1.8965E-01    1.9252E-03
  0.600    1.9545E-01    1.9348E-01    1.9691E-03
  0.610    1.9937E-01    1.9735E-01    2.0136E-03
  0.620    2.0332E-01    2.0126E-01    2.0588E-03
  0.630    2.0731E-01    2.0521E-01    2.1046E-03
  0.640    2.1134E-01    2.0919E-01    2.1511E-03
  0.650    2.1542E-01    2.1322E-01    2.1984E-03
  0.660    2.1953E-01    2.1728E-01    2.2464E-03
  0.670    2.2369E-01    2.2139E-01    2.2952E-03
  0.680    2.2789E-01    2.2555E-01    2.3447E-03
  0.690    2.3214E-01    2.2975E-01    2.3951E-03
  0.700    2.3644E-01    2.3399E-01    2.4464E-03
  0.710    2.4079E-01    2.3829E-01    2.4985E-03
  0.720    2.4519E-01    2.4264E-01    2.5515E-03
  0.730    2.4964E-01    2.4704E-01    2.6055E-03
  0.740    2.5415E-01    2.5149E-01    2.6605E-03
  0.750    2.5872E-01    2.5601E-01    2.7165E-03
  0.760    2.6335E-01    2.6058E-01    2.7736E-03
  0.770    2.6804E-01    2.6521E-01    2.8318E-03
  0.780    2.7279E-01    2.6990E-01    2.8912E-03
  0.790    2.7761E-01    2.7466E-01    2.9517E-03
  0.800    2.8251E-01    2.7949E-01    3.0135E-03
  0.810    2.8747E-01    2.8439E-01    3.0766E-03
  0.820    2.9251E-01    2.8937E-01    3.1411E-03
  0.830    2.9762E-01    2.9442E-01    3.2069E-03
  0.840    3.0282E-01    2.9955E-01    3.2743E-03
  0.850    3.0811E-01    3.0476E-01    3.3432E-03
  0.860    3.1348E-01    3.1007E-01    3.4137E-03
  0.870    3.1895E-01    3.1546E-01    3.4859E-03
  0.880    3.2451E-01    3.2095E-01    3.5599E-03
  0.890    3.3017E-01    3.2654E-01    3.6357E-03
  0.900    3.3594E-01    3.3223E-01    3.7135E-03
  0.910    3.4182E-01    3.3803E-01    3.7933E-03
  0.920    3.4782E-01    3.4394E-01    3.8752E-03
  0.930    3.5394E-01    3.4998E-01    3.9594E-03
  0.940    3.6018E-01    3.5613E-01    4.0460E-03
  0.950    3.6656E-01    3.6242E-01    4.1350E-03
  0.960    3.7308E-01    3.6885E-01    4.2267E-03
  0.970    3.7975E-01    3.7542E-01    4.3212E-03
  0.980    3.8657E-01    3.8215E-01    4.4186E-03
  0.990    3.9356E-01    3.8904E-01    4.5190E-03
  1.000    4.0072E-01    3.9609E-01    4.6228E-03
