   1.0000000000000000        0.0000000000000000       0.46600291028248553       0.72780229808163477            10000
 i   solar flux    satshine flux      total flux
 -----------------------------------------------
           1   1366.3053093703486        12.038810948980268        1378.3441203193288     
           2   123.74596332678483        2.7988464535303543        126.54480978031519     
           3   170.56891772876926        2.1689028957092473        172.73782062447850     
           4   64.625863034112442        1.0981939350798655        65.724056969192304     
           5   55.979602381917907       0.79220788403586517        56.771810265953775     
           6   33.610544448457070       0.55686828001971167        34.167412728476783     
           7   21.569739690930902       0.35207548282985984        21.921815173760763     
           8   14.363996936185757       0.21096387582433226        14.574960812010088     
           9   10.244664325816991       0.10437868970910272        10.349043015526094     
          10   7.4311692040320816       0.10801631780411512        7.5391855218361963     
          11   4.2265293271957063        4.3613837886385204E-002   4.2701431650820911     
          12   3.4956921544302215        3.8230051486082786E-002   3.5339222059163045     
          13   1.7563161217181151        2.0943712608060619E-002   1.7772598343261758     
          14  0.82952222691347188        1.6515732592130166E-002  0.84603795950560201     
          15  0.57487879990841895        1.4057084609508280E-002  0.58893588451792722     
          16  0.27207256660763146        1.3923327125554791E-002  0.28599589373318623     
          17  0.58553413843099167        1.0336840769720097E-002  0.59587097920071175     
          18  0.13887556496209291        4.2192365778618447E-003  0.14309480153995477     
          19  0.18452270876880597        4.9124960170907582E-003  0.18943520478589673     
          20   2.6912185911541636E-002   0.0000000000000000        2.6912185911541636E-002
