   1.0000000000000000        0.0000000000000000       0.46600291028248553       0.72780229808163477            10000
 i   solar flux    satshine flux      total flux
 -----------------------------------------------
           1   1320.6299187055874        12.222773161380765        1332.8526918669681     
           2   124.21973472059889        2.7648515783753895        126.98458629897428     
           3   184.76885750381507        2.4683749819218175        187.23723248573688     
           4   75.653443607034831        1.3343544545772312        76.987798061612068     
           5   58.620298746262812       0.82042093022542228        59.440719676488236     
           6   32.044153968189590       0.50907607507327701        32.553230043262865     
           7   22.305013209844109       0.37408737536882236        22.679100585212932     
           8   16.669531905844437       0.26382032984289311        16.933352235687330     
           9   9.1684423093621650       0.14226848657775448        9.3107107959399187     
          10   5.9385835845637889        8.1585055834648923E-002   6.0201686403984382     
          11   3.9183987892322492        6.5923357594774273E-002   3.9843221468270236     
          12   3.4758259202808337        3.9254594388737560E-002   3.5150805146695712     
          13   1.3209725606198102        2.6200314290323410E-002   1.3471728749101335     
          14   1.3645423208523000        2.5883041061435706E-002   1.3904253619137357     
          15  0.44166063505695730        1.6612829676112027E-002  0.45827346473306935     
          16   1.4942571758979231        7.5379831089415232E-003   1.5017951590068646     
          17  0.47481401199834783        4.5873909290516292E-003  0.47940140292739947     
          18   0.0000000000000000        0.0000000000000000        0.0000000000000000     
          19   0.0000000000000000        2.9072864290248194E-003   2.9072864290248194E-003
          20  0.30564094162217287        3.9807757291451156E-003  0.30962171735131799     
