 Curly R     I/F(total)  I/F(solar)   I/F(saturn)
 ---------------------------------------------------
  0.010    2.8310E-03    2.8050E-03    2.5995E-05
  0.020    5.6676E-03    5.6154E-03    5.2111E-05
  0.030    8.5100E-03    8.4317E-03    7.8350E-05
  0.040    1.1359E-02    1.1254E-02    1.0472E-04
  0.050    1.4214E-02    1.4082E-02    1.3121E-04
  0.060    1.7075E-02    1.6917E-02    1.5784E-04
  0.070    1.9944E-02    1.9759E-02    1.8461E-04
  0.080    2.2819E-02    2.2608E-02    2.1152E-04
  0.090    2.5702E-02    2.5464E-02    2.3858E-04
  0.100    2.8593E-02    2.8327E-02    2.6578E-04
  0.110    3.1492E-02    3.1199E-02    2.9314E-04
  0.120    3.4399E-02    3.4079E-02    3.2065E-04
  0.130    3.7315E-02    3.6967E-02    3.4832E-04
  0.140    4.0239E-02    3.9863E-02    3.7616E-04
  0.150    4.3173E-02    4.2769E-02    4.0417E-04
  0.160    4.6116E-02    4.5684E-02    4.3235E-04
  0.170    4.9069E-02    4.8609E-02    4.6070E-04
  0.180    5.2033E-02    5.1543E-02    4.8924E-04
  0.190    5.5006E-02    5.4488E-02    5.1797E-04
  0.200    5.7991E-02    5.7444E-02    5.4689E-04
  0.210    6.0987E-02    6.0411E-02    5.7601E-04
  0.220    6.3994E-02    6.3389E-02    6.0533E-04
  0.230    6.7013E-02    6.6378E-02    6.3486E-04
  0.240    7.0045E-02    6.9380E-02    6.6460E-04
  0.250    7.3089E-02    7.2394E-02    6.9456E-04
  0.260    7.6146E-02    7.5421E-02    7.2474E-04
  0.270    7.9217E-02    7.8462E-02    7.5516E-04
  0.280    8.2301E-02    8.1516E-02    7.8581E-04
  0.290    8.5400E-02    8.4584E-02    8.1670E-04
  0.300    8.8514E-02    8.7666E-02    8.4784E-04
  0.310    9.1643E-02    9.0764E-02    8.7924E-04
  0.320    9.4788E-02    9.3877E-02    9.1089E-04
  0.330    9.7948E-02    9.7006E-02    9.4282E-04
  0.340    1.0113E-01    1.0015E-01    9.7503E-04
  0.350    1.0432E-01    1.0331E-01    1.0075E-03
  0.360    1.0753E-01    1.0649E-01    1.0403E-03
  0.370    1.1076E-01    1.0969E-01    1.0734E-03
  0.380    1.1401E-01    1.1291E-01    1.1068E-03
  0.390    1.1728E-01    1.1614E-01    1.1405E-03
  0.400    1.2057E-01    1.1940E-01    1.1745E-03
  0.410    1.2388E-01    1.2267E-01    1.2088E-03
  0.420    1.2721E-01    1.2597E-01    1.2435E-03
  0.430    1.3056E-01    1.2928E-01    1.2786E-03
  0.440    1.3394E-01    1.3262E-01    1.3140E-03
  0.450    1.3733E-01    1.3598E-01    1.3498E-03
  0.460    1.4075E-01    1.3937E-01    1.3860E-03
  0.470    1.4420E-01    1.4278E-01    1.4225E-03
  0.480    1.4767E-01    1.4621E-01    1.4595E-03
  0.490    1.5117E-01    1.4967E-01    1.4969E-03
  0.500    1.5469E-01    1.5316E-01    1.5347E-03
  0.510    1.5825E-01    1.5667E-01    1.5729E-03
  0.520    1.6183E-01    1.6022E-01    1.6117E-03
  0.530    1.6544E-01    1.6379E-01    1.6508E-03
  0.540    1.6908E-01    1.6739E-01    1.6905E-03
  0.550    1.7275E-01    1.7102E-01    1.7306E-03
  0.560    1.7646E-01    1.7469E-01    1.7713E-03
  0.570    1.8020E-01    1.7838E-01    1.8125E-03
  0.580    1.8397E-01    1.8212E-01    1.8542E-03
  0.590    1.8778E-01    1.8588E-01    1.8965E-03
  0.600    1.9162E-01    1.8968E-01    1.9394E-03
  0.610    1.9551E-01    1.9353E-01    1.9829E-03
  0.620    1.9943E-01    1.9741E-01    2.0270E-03
  0.630    2.0340E-01    2.0132E-01    2.0717E-03
  0.640    2.0740E-01    2.0529E-01    2.1171E-03
  0.650    2.1145E-01    2.0929E-01    2.1632E-03
  0.660    2.1555E-01    2.1334E-01    2.2100E-03
  0.670    2.1969E-01    2.1743E-01    2.2575E-03
  0.680    2.2388E-01    2.2158E-01    2.3057E-03
  0.690    2.2812E-01    2.2577E-01    2.3547E-03
  0.700    2.3241E-01    2.3001E-01    2.4046E-03
  0.710    2.3676E-01    2.3431E-01    2.4552E-03
  0.720    2.4116E-01    2.3866E-01    2.5068E-03
  0.730    2.4562E-01    2.4306E-01    2.5592E-03
  0.740    2.5014E-01    2.4753E-01    2.6126E-03
  0.750    2.5473E-01    2.5206E-01    2.6669E-03
  0.760    2.5937E-01    2.5665E-01    2.7222E-03
  0.770    2.6409E-01    2.6131E-01    2.7786E-03
  0.780    2.6887E-01    2.6604E-01    2.8360E-03
  0.790    2.7373E-01    2.7084E-01    2.8946E-03
  0.800    2.7866E-01    2.7571E-01    2.9543E-03
  0.810    2.8368E-01    2.8066E-01    3.0153E-03
  0.820    2.8877E-01    2.8569E-01    3.0775E-03
  0.830    2.9395E-01    2.9081E-01    3.1410E-03
  0.840    2.9922E-01    2.9601E-01    3.2060E-03
  0.850    3.0458E-01    3.0131E-01    3.2723E-03
  0.860    3.1004E-01    3.0670E-01    3.3401E-03
  0.870    3.1560E-01    3.1219E-01    3.4095E-03
  0.880    3.2127E-01    3.1779E-01    3.4806E-03
  0.890    3.2705E-01    3.2350E-01    3.5533E-03
  0.900    3.3295E-01    3.2932E-01    3.6278E-03
  0.910    3.3897E-01    3.3526E-01    3.7042E-03
  0.920    3.4511E-01    3.4133E-01    3.7826E-03
  0.930    3.5139E-01    3.4753E-01    3.8630E-03
  0.940    3.5782E-01    3.5387E-01    3.9456E-03
  0.950    3.6439E-01    3.6036E-01    4.0304E-03
  0.960    3.7112E-01    3.6700E-01    4.1177E-03
  0.970    3.7801E-01    3.7380E-01    4.2074E-03
  0.980    3.8508E-01    3.8078E-01    4.2998E-03
  0.990    3.9233E-01    3.8793E-01    4.3950E-03
  1.000    3.9977E-01    3.9528E-01    4.4931E-03
