   1.0000000000000000        0.0000000000000000       0.46600291028248553       0.72780229808163477            10000
 i   solar flux    satshine flux      total flux
 -----------------------------------------------
           1   1361.2249372478702        12.630807562937282        1373.8557448108074     
           2   120.88102787269744        3.0692701552427710        123.95029802794022     
           3   177.77897970890919        2.2621376541807998        180.04111736309000     
           4   74.963328618665926        1.2128330866318828        76.176161705297815     
           5   55.235580019809490       0.79779845799321258        56.033378477802700     
           6   32.347741085890839       0.49384178298243103        32.841582868873267     
           7   23.390237226220989       0.30567639850165157        23.695913624722643     
           8   13.022462149156995       0.30449385244777122        13.326956001604767     
           9   8.6628140274188645       0.15787228112323190        8.8206863085420970     
          10   4.8603156650580939       0.10766092904232169        4.9679765941004153     
          11   2.2980209466030739        5.0047809259051272E-002   2.3480687558621249     
          12   2.4424874802467960        3.4047491694074485E-002   2.4765349719408705     
          13   2.4941668587353565        2.7583293349924362E-002   2.5217501520852807     
          14   1.6978389590148755        1.9967585135788130E-002   1.7178065441506636     
          15  0.96060612050253313        1.8807601331839931E-002  0.97941372183437303     
          16  0.39442332655155032        8.7964366041859091E-003  0.40321976315573621     
          17  0.75925019136394511        4.0863367085232100E-003  0.76333652807246832     
          18  0.23496603711053929        4.1729543914997971E-004  0.23538333254968927     
          19   7.2084159939223257E-003   5.1492049281527119E-003   1.2357620922075038E-002
          20  0.13481559146473429        4.9118360651244745E-003  0.13972742752985876     
