 Curly R     I/F(total)  I/F(solar)   I/F(saturn)
 ---------------------------------------------------
  0.010    2.7593E-03    2.7345E-03    2.4821E-05
  0.020    5.5237E-03    5.4739E-03    4.9771E-05
  0.030    8.2934E-03    8.2186E-03    7.4854E-05
  0.040    1.1069E-02    1.0969E-02    1.0007E-04
  0.050    1.3850E-02    1.3725E-02    1.2543E-04
  0.060    1.6637E-02    1.6486E-02    1.5093E-04
  0.070    1.9431E-02    1.9254E-02    1.7658E-04
  0.080    2.2231E-02    2.2029E-02    2.0238E-04
  0.090    2.5038E-02    2.4810E-02    2.2833E-04
  0.100    2.7853E-02    2.7598E-02    2.5444E-04
  0.110    3.0675E-02    3.0394E-02    2.8071E-04
  0.120    3.3504E-02    3.3197E-02    3.0715E-04
  0.130    3.6342E-02    3.6008E-02    3.3376E-04
  0.140    3.9188E-02    3.8827E-02    3.6054E-04
  0.150    4.2043E-02    4.1655E-02    3.8750E-04
  0.160    4.4906E-02    4.4492E-02    4.1464E-04
  0.170    4.7779E-02    4.7337E-02    4.4197E-04
  0.180    5.0662E-02    5.0192E-02    4.6949E-04
  0.190    5.3554E-02    5.3057E-02    4.9721E-04
  0.200    5.6457E-02    5.5932E-02    5.2514E-04
  0.210    5.9370E-02    5.8817E-02    5.5326E-04
  0.220    6.2295E-02    6.1713E-02    5.8160E-04
  0.230    6.5231E-02    6.4620E-02    6.1016E-04
  0.240    6.8178E-02    6.7539E-02    6.3894E-04
  0.250    7.1138E-02    7.0470E-02    6.6795E-04
  0.260    7.4110E-02    7.3413E-02    6.9719E-04
  0.270    7.7095E-02    7.6369E-02    7.2668E-04
  0.280    8.0094E-02    7.9338E-02    7.5641E-04
  0.290    8.3106E-02    8.2320E-02    7.8639E-04
  0.300    8.6133E-02    8.5316E-02    8.1663E-04
  0.310    8.9174E-02    8.8327E-02    8.4713E-04
  0.320    9.2231E-02    9.1353E-02    8.7791E-04
  0.330    9.5303E-02    9.4394E-02    9.0897E-04
  0.340    9.8392E-02    9.7451E-02    9.4031E-04
  0.350    1.0150E-01    1.0052E-01    9.7195E-04
  0.360    1.0462E-01    1.0362E-01    1.0039E-03
  0.370    1.0776E-01    1.0672E-01    1.0361E-03
  0.380    1.1092E-01    1.0985E-01    1.0687E-03
  0.390    1.1409E-01    1.1299E-01    1.1016E-03
  0.400    1.1729E-01    1.1616E-01    1.1348E-03
  0.410    1.2051E-01    1.1934E-01    1.1684E-03
  0.420    1.2375E-01    1.2254E-01    1.2023E-03
  0.430    1.2700E-01    1.2577E-01    1.2366E-03
  0.440    1.3029E-01    1.2901E-01    1.2713E-03
  0.450    1.3359E-01    1.3228E-01    1.3063E-03
  0.460    1.3692E-01    1.3558E-01    1.3418E-03
  0.470    1.4027E-01    1.3889E-01    1.3776E-03
  0.480    1.4365E-01    1.4223E-01    1.4139E-03
  0.490    1.4705E-01    1.4560E-01    1.4506E-03
  0.500    1.5048E-01    1.4899E-01    1.4877E-03
  0.510    1.5393E-01    1.5241E-01    1.5253E-03
  0.520    1.5742E-01    1.5586E-01    1.5634E-03
  0.530    1.6093E-01    1.5933E-01    1.6019E-03
  0.540    1.6448E-01    1.6284E-01    1.6410E-03
  0.550    1.6806E-01    1.6638E-01    1.6805E-03
  0.560    1.7166E-01    1.6994E-01    1.7206E-03
  0.570    1.7531E-01    1.7355E-01    1.7612E-03
  0.580    1.7898E-01    1.7718E-01    1.8024E-03
  0.590    1.8270E-01    1.8085E-01    1.8442E-03
  0.600    1.8645E-01    1.8456E-01    1.8865E-03
  0.610    1.9023E-01    1.8831E-01    1.9295E-03
  0.620    1.9406E-01    1.9209E-01    1.9731E-03
  0.630    1.9793E-01    1.9591E-01    2.0174E-03
  0.640    2.0184E-01    1.9978E-01    2.0623E-03
  0.650    2.0580E-01    2.0369E-01    2.1080E-03
  0.660    2.0980E-01    2.0765E-01    2.1543E-03
  0.670    2.1385E-01    2.1165E-01    2.2015E-03
  0.680    2.1795E-01    2.1570E-01    2.2493E-03
  0.690    2.2209E-01    2.1980E-01    2.2980E-03
  0.700    2.2630E-01    2.2395E-01    2.3476E-03
  0.710    2.3055E-01    2.2815E-01    2.3980E-03
  0.720    2.3487E-01    2.3242E-01    2.4493E-03
  0.730    2.3924E-01    2.3674E-01    2.5015E-03
  0.740    2.4367E-01    2.4112E-01    2.5546E-03
  0.750    2.4817E-01    2.4556E-01    2.6088E-03
  0.760    2.5274E-01    2.5007E-01    2.6640E-03
  0.770    2.5737E-01    2.5465E-01    2.7203E-03
  0.780    2.6208E-01    2.5930E-01    2.7777E-03
  0.790    2.6686E-01    2.6402E-01    2.8363E-03
  0.800    2.7172E-01    2.6882E-01    2.8961E-03
  0.810    2.7666E-01    2.7370E-01    2.9572E-03
  0.820    2.8169E-01    2.7867E-01    3.0196E-03
  0.830    2.8681E-01    2.8373E-01    3.0834E-03
  0.840    2.9202E-01    2.8887E-01    3.1486E-03
  0.850    2.9733E-01    2.9412E-01    3.2153E-03
  0.860    3.0274E-01    2.9946E-01    3.2836E-03
  0.870    3.0827E-01    3.0491E-01    3.3536E-03
  0.880    3.1390E-01    3.1047E-01    3.4253E-03
  0.890    3.1965E-01    3.1615E-01    3.4987E-03
  0.900    3.2553E-01    3.2196E-01    3.5741E-03
  0.910    3.3154E-01    3.2789E-01    3.6516E-03
  0.920    3.3769E-01    3.3395E-01    3.7311E-03
  0.930    3.4398E-01    3.4016E-01    3.8128E-03
  0.940    3.5042E-01    3.4653E-01    3.8968E-03
  0.950    3.5703E-01    3.5305E-01    3.9834E-03
  0.960    3.6381E-01    3.5974E-01    4.0725E-03
  0.970    3.7077E-01    3.6661E-01    4.1643E-03
  0.980    3.7792E-01    3.7366E-01    4.2591E-03
  0.990    3.8528E-01    3.8092E-01    4.3570E-03
  1.000    3.9285E-01    3.8839E-01    4.4581E-03
