   1.0000000000000000        0.0000000000000000       0.46600291028248553       0.72780229808163477            10000
 i   solar flux    satshine flux      total flux
 -----------------------------------------------
           1   1311.9083495226914        11.819627991918347        1323.7279775146098     
           2   118.12617906815613        2.8684913724446583        120.99467044060079     
           3   169.52216896800863        2.3162435499868068        171.83841251799544     
           4   79.966921714641160        1.0911436237534315        81.058065338394584     
           5   59.022483092862728       0.85785772833027496        59.880340821193002     
           6   32.359841153000204       0.49216237132825208        32.852003524328452     
           7   21.924710395949631       0.34337123601992497        22.268081631969558     
           8   15.590729201354018       0.21866504376367621        15.809394245117694     
           9   12.143300659423264       0.16061372113787270        12.303914380561137     
          10   5.9300633460654950        8.4456751604609942E-002   6.0145200976701050     
          11   4.9667150642133810        7.0330072937872037E-002   5.0370451371512530     
          12   2.3645399214313225        5.0240672731603410E-002   2.4147805941629259     
          13   2.4080182764309450        4.1011502363742847E-002   2.4490297787946878     
          14   1.0499299310735730        1.0422095918656570E-002   1.0603520269922295     
          15  0.98912804843139279        1.5397431564942814E-002   1.0045254799963357     
          16  0.19311947697956774        1.6261675496903404E-002  0.20938115247647116     
          17   0.0000000000000000        5.7804457575365287E-003   5.7804457575365287E-003
          18   0.0000000000000000        7.4602903013019364E-004   7.4602903013019364E-004
          19   0.0000000000000000        9.9126259392853903E-003   9.9126259392853903E-003
          20   0.0000000000000000        4.3238940033965464E-004   4.3238940033965464E-004
