   1.0000000000000000        0.0000000000000000       0.46600291028248553       0.72780229808163477            10000
 i   solar flux    satshine flux      total flux
 -----------------------------------------------
           1   1329.9557028976694        12.101831547754404        1342.0575344454239     
           2   122.16126094051695        2.8811835706746405        125.04244451119159     
           3   172.70518796075123        2.3459293663917049        175.05111732714295     
           4   64.327296024039526        1.0848788814701182        65.412174905509644     
           5   51.736318163720291       0.81251374998479686        52.548831913705087     
           6   29.598063962491931       0.54043097705041376        30.138494939542344     
           7   15.373641027163984       0.39217383649707421        15.765814863661058     
           8   16.143065797031486       0.22908878003707536        16.372154577068560     
           9   7.5059456386845813       0.15436709013148919        7.6603127288160708     
          10   4.5780674046294987       0.10483595449722430        4.6829033591267226     
          11   4.1086552539949892        6.4190035322340952E-002   4.1728452893173298     
          12   2.4755817206342785        5.6354833105601167E-002   2.5319365537398797     
          13  0.97937315163672456        1.2100549518708478E-002  0.99147370115543298     
          14  0.58458648529556156        3.1117598216887785E-002  0.61570408351244932     
          15   0.0000000000000000        1.1816159209060328E-002   1.1816159209060328E-002
          16   5.6891182390279953E-002   1.7339469120689417E-002   7.4230651510969373E-002
          17   0.0000000000000000        5.6392131524301723E-003   5.6392131524301723E-003
          18   6.2846582704170734E-002   1.2759471602165650E-002   7.5606054306336379E-002
          19   0.0000000000000000        0.0000000000000000        0.0000000000000000     
          20   0.0000000000000000        1.3703155539231417E-003   1.3703155539231417E-003
