   1.0000000000000000        0.0000000000000000       0.46600291028248553       0.72780229808163477            10000
 i   solar flux    satshine flux      total flux
 -----------------------------------------------
           1   327.35740972985570        14.527167226748785        341.88457695660446     
           2   314.19705593217174        2.5213649579783630        316.71842089015007     
           3   118.30474779638588        2.6270731414308082        120.93182093781670     
           4   87.777484204820993        1.2008898321614792        88.978374036982473     
           5   50.857458878083023       0.89304181225581269        51.750500690338832     
           6   33.795493361815666       0.63177857128833725        34.427271933104002     
           7   23.404999634648675       0.37575349210097619        23.780753126749651     
           8   15.893528525145296       0.27942652444428939        16.172955049589586     
           9   11.696232834996213       0.16328000454551908        11.859512839541733     
          10   8.3794894312783548       0.11773989584126454        8.4972293271196193     
          11   4.0096884971536921        5.9589465174372275E-002   4.0692779623280648     
          12   1.9942175929489749        4.2629191058900832E-002   2.0368467840078757     
          13   3.6397360100668843        2.8516549045551766E-002   3.6682525591124362     
          14   1.7464436187082570        2.8523694647161802E-002   1.7749673133554189     
          15   1.1863239439439384        1.6699752576711441E-002   1.2030236965206498     
          16  0.29619288067174376        1.5712900316207680E-002  0.31190578098795146     
          17  0.25202043482097058        4.5093588212981863E-003  0.25652979364226874     
          18  0.52469188172077175        1.5313191769158081E-003  0.52622320089768759     
          19  0.28330014901377842        4.3187384737186727E-003  0.28761888748749709     
          20   0.0000000000000000        4.6400656493496495E-004   4.6400656493496495E-004
