   1.0000000000000000        0.0000000000000000       0.46600291028248553       0.72780229808163477            10000
 i   solar flux    satshine flux      total flux
 -----------------------------------------------
           1   1338.1551468796040        11.963548334733959        1350.1186952143380     
           2   122.84114328451037        3.0509306559654426        125.89207394047581     
           3   188.47728094297361        2.3611943504039967        190.83847529337760     
           4   71.040115479133163        1.2034045966845284        72.243520075817685     
           5   54.793237909345216       0.83364452530467859        55.626882434649893     
           6   28.475305965865999       0.47360699584770272        28.948912961713702     
           7   20.414250780414637       0.36977555502495996        20.784026335439599     
           8   11.734603761575780       0.24157721365835777        11.976180975234138     
           9   12.246377824081979       0.15114469724044019        12.397522521322418     
          10   5.0050798195425612       0.10563305810281540        5.1107128776453763     
          11   2.5718169771134693        2.8143032047333497E-002   2.5999600091608031     
          12   2.8669448487931177        6.2146595054929948E-002   2.9290914438480478     
          13   1.6608405889849494        5.2390921341567309E-002   1.7132315103265165     
          14  0.55094184665965229        2.6486199378618402E-002  0.57742804603827069     
          15  0.95839979632828398        1.1439517184424038E-002  0.96983931351270802     
          16   1.0170286208716779        2.4099685674693092E-002   1.0411283065463710     
          17  0.91264245199436100        0.0000000000000000       0.91264245199436100     
          18  0.88502387408412320        0.0000000000000000       0.88502387408412320     
          19  0.35236149332837563        0.0000000000000000       0.35236149332837563     
          20   0.0000000000000000        4.4795933099351691E-003   4.4795933099351691E-003
