   1.0000000000000000        0.0000000000000000       0.46600291028248553       0.72780229808163477            10000
 i   solar flux    satshine flux      total flux
 -----------------------------------------------
           1   1304.9039854827140        11.899936465009912        1316.8039219477239     
           2   124.97812905881240        2.9984866288856060        127.97661568769800     
           3   185.69677660222271        2.6326285345138514        188.32940513673657     
           4   75.627481244604041        1.4007886787821981        77.028269923386233     
           5   55.180892699024419       0.93589227220165971        56.116784971226082     
           6   32.662524493451556       0.69468560290149795        33.357210096353057     
           7   25.120639129133991       0.37048364047447979        25.491122769608470     
           8   15.775500898665307       0.31343196897038572        16.088932867635691     
           9   9.3628777087263941       0.15348351262426335        9.5163612213506568     
          10   5.6002710365954913        8.2762559802763286E-002   5.6830335963982543     
          11   4.9506041647517973        5.8054458075085191E-002   5.0086586228268821     
          12   2.8130076213103843        3.4398762472712494E-002   2.8474063837830967     
          13   1.1912400968298145        2.5897325852748367E-002   1.2171374226825629     
          14   1.7002456530900310        5.7755133824948070E-003   1.7060211664725258     
          15   1.0300151697216897        2.0776604362795405E-002   1.0507917740844852     
          16  0.88464993454705010        5.0521290498415248E-003  0.88970206359689163     
          17  0.19494354823145066        1.1444999797906558E-002  0.20638854802935722     
          18   0.0000000000000000        5.4095025165969172E-003   5.4095025165969172E-003
          19   0.0000000000000000        0.0000000000000000        0.0000000000000000     
          20  0.20856670096876861        4.9365211037762048E-003  0.21350322207254482     
