   1.0000000000000000        0.0000000000000000       0.46600291028248553       0.72780229808163477            10000
 i   solar flux    satshine flux      total flux
 -----------------------------------------------
           1   1304.4814105620935        12.347577867271459        1316.8289884293649     
           2   113.78355235988272        2.9767800139786154        116.76033237386133     
           3   166.80104992927716        2.2239574283380512        169.02500735761521     
           4   70.164735506219884        1.3027447024114083        71.467480208631287     
           5   58.461869110371666       0.80287704455259357        59.264746154924261     
           6   31.611633713470994       0.49763730443199655        32.109271017902991     
           7   20.990779537281391       0.25947015952822544        21.250249696809615     
           8   13.612537602586984       0.21773793318573817        13.830275535772723     
           9   9.2815385872831371       0.11544198270810044        9.3969805699912374     
          10   5.6188391014944603       0.10210425953989870        5.7209433610343590     
          11   4.2997531339747841        8.5655291147669885E-002   4.3854084251224537     
          12   2.9424129800215875        3.0595529748383598E-002   2.9730085097699712     
          13   1.6730687934944257        1.6908545606773087E-002   1.6899773391011987     
          14  0.94046302623840194        9.4693922651224432E-003  0.94993241850352439     
          15  0.51191665490482008        5.9558376469488819E-003  0.51787249255176893     
          16   5.4249792081261516E-002   9.6513125046914488E-003   6.3901104585952967E-002
          17   1.1486822831953214        1.5733528056598698E-003   1.1502556360009812     
          18   0.0000000000000000        7.6677097619755417E-003   7.6677097619755417E-003
          19   0.0000000000000000        7.3187151428895109E-004   7.3187151428895109E-004
          20   0.0000000000000000        5.2445113873349092E-003   5.2445113873349092E-003
