   1.0000000000000000        0.0000000000000000       0.46600291028248553       0.72780229808163477            10000
 i   solar flux    satshine flux      total flux
 -----------------------------------------------
           1   1319.3587700410499        12.126621974242370        1331.4853920152923     
           2   122.94178490829974        3.1274550817092051        126.06923999000894     
           3   184.01900318818943        2.3245579966726662        186.34356118486210     
           4   69.557784944568894        1.1726875881673380        70.730472532736229     
           5   56.606618763801990       0.83346638028137110        57.440085144083362     
           6   27.049288102998396       0.57115883445634885        27.620446937454744     
           7   22.443730615599925       0.32902390974087148        22.772754525340797     
           8   15.558603859606780       0.24880510250167437        15.807408962108454     
           9   10.794624153350469       0.14713552759809057        10.941759680948559     
          10   6.1002522283297580       0.11846994769987990        6.2187221760296376     
          11   6.6808727846322693        5.0142966713412361E-002   6.7310157513456819     
          12   2.6656106592612496        5.4766243131588260E-002   2.7203769023928377     
          13   2.2788441536440516        5.8677601420548162E-002   2.3375217550645999     
          14   1.1963643663412964        2.0837446419895968E-002   1.2172018127611923     
          15   1.7965208119169338        1.5968389155586023E-002   1.8124892010725198     
          16  0.68110109343384684        1.2647295194280869E-002  0.69374838862812771     
          17  0.25346799421286187        6.9355525483315089E-003  0.26040354676119337     
          18  0.59673109215835074        5.1795500322675313E-003  0.60191064219061829     
          19  0.25868698409107205        1.4345976483621049E-002  0.27303296057469312     
          20   3.3782641895151774E-002   8.8848312507637354E-003   4.2667473145915513E-002
