   1.0000000000000000        0.0000000000000000       0.46600291028248553       0.72780229808163477            10000
 i   solar flux    satshine flux      total flux
 -----------------------------------------------
           1   1300.1087371128733        12.452701935676256        1312.5614390485496     
           2   132.37626415840577        2.9356146886692125        135.31187884707498     
           3   167.35281177099597        2.3911034475291397        169.74391521852510     
           4   81.698677565138325        1.1845557012041319        82.883233266342458     
           5   67.118664971196765       0.83242615952520937        67.951091130721977     
           6   33.466354524793253       0.61639569334989697        34.082750218143147     
           7   23.148996307468167       0.33978394966130065        23.488780257129466     
           8   15.125052095215242       0.25485925744174492        15.379911352656986     
           9   8.2371796919962748       0.16763877701032551        8.4048184690065995     
          10   5.3389497841324722       0.12199408330685532        5.4609438674393278     
          11   3.0157972397090691        6.3794469982809202E-002   3.0795917096918783     
          12   3.6447479421754179        5.9696974902792667E-002   3.7044449170782103     
          13  0.78232290693818807        2.0836240411519248E-002  0.80315914734970728     
          14  0.80326553466256378        3.2891118778255547E-002  0.83615665344081935     
          15  0.38977801929825917        2.8850739648973042E-002  0.41862875894723223     
          16  0.33923620884171796        1.4163737858854322E-002  0.35339994670057229     
          17  0.11233783398626983        4.5098407581306229E-004  0.11278881806208289     
          18  0.29061700392134315        2.0400661271799351E-003  0.29265707004852309     
          19   0.0000000000000000        0.0000000000000000        0.0000000000000000     
          20  0.23804485452622082        0.0000000000000000       0.23804485452622082     
