   1.0000000000000000        0.0000000000000000       0.46600291028248553       0.72780229808163477            10000
 i   solar flux    satshine flux      total flux
 -----------------------------------------------
           1   1320.7562554501023        11.934331753842313        1332.6905872039447     
           2   115.73763784530888        3.0179774793639922        118.75561532467287     
           3   183.97992031934257        2.1814460769748245        186.16136639631739     
           4   68.411210297968594        1.3108500729018762        69.722060370870466     
           5   58.672101305160766       0.80445907896757252        59.476560384128341     
           6   28.899116874810307       0.51377803143827916        29.412894906248585     
           7   20.529663422785426       0.32831475218608480        20.857978174971510     
           8   11.861748132075109       0.22129158315071845        12.083039715225826     
           9   10.561487466740093       0.15422132609869901        10.715708792838793     
          10   6.4009210521698474        9.1251761540762311E-002   6.4921728137106101     
          11   4.4505437141493838        6.2030392267736600E-002   4.5125741064171203     
          12   1.0487283225223794        4.0051576106511708E-002   1.0887798986288910     
          13   1.4600755830793843        1.5052101653315702E-002   1.4751276847327000     
          14  0.60804206894423529        2.2036850439919802E-002  0.63007891938415506     
          15   1.1501740719793454        2.1942024962423728E-002   1.1721160969417692     
          16  0.68255793657776009        9.2623530470825489E-003  0.69182028962484265     
          17  0.67339133975063437        8.7421909206798990E-003  0.68213353067131421     
          18  0.74271380972278256        0.0000000000000000       0.74271380972278256     
          19  0.33992654359373919        3.9262523627552805E-003  0.34385279595649448     
          20  0.51398370167316365        5.2496577275354325E-003  0.51923335940069903     
