   1.0000000000000000        0.0000000000000000       0.46600291028248553       0.72780229808163477            10000
 i   solar flux    satshine flux      total flux
 -----------------------------------------------
           1   1302.2049926868879        12.380672340824013        1314.5856650277119     
           2   120.23877194280219        2.8539569230038815        123.09272886580607     
           3   183.01167965268675        2.3208974790818444        185.33257713176860     
           4   75.990205451595017        1.2006748790853601        77.190880330680372     
           5   60.604935573870648       0.87229601881785712        61.477231592688504     
           6   31.272567041181397       0.59749940666121770        31.870066447842614     
           7   26.630332323227783       0.33175736956875573        26.962089692796539     
           8   16.860496339522690       0.24628419978702729        17.106780539309717     
           9   13.934046108589374       0.19522064503222075        14.129266753621595     
          10   8.4062677509890982       0.10207244614306743        8.5083401971321653     
          11   4.6116142467147858        4.8012699820223735E-002   4.6596269465350098     
          12   2.6292971642922724        6.1914515177066129E-002   2.6912116794693386     
          13   1.5836815876389658        2.0270474019929475E-002   1.6039520616588954     
          14  0.83040607848674652        2.0013324913615557E-002  0.85041940340036204     
          15   1.1461809963477010        2.9877952011948997E-002   1.1760589483596500     
          16   1.0098617962719345        1.2780099399350158E-002   1.0226418956712846     
          17  0.14590022344812020        1.0160564409720256E-002  0.15606078785784047     
          18  0.62545612154904262        2.9048599852792680E-003  0.62836098153432185     
          19   0.0000000000000000        0.0000000000000000        0.0000000000000000     
          20   7.1631353281262841E-002   9.5968164795137752E-003   8.1228169760776611E-002
