   1.0000000000000000        0.0000000000000000       0.46600291028248553       0.72780229808163477            10000
 i   solar flux    satshine flux      total flux
 -----------------------------------------------
           1   1313.7907037917294        12.101418059280380        1325.8921218510097     
           2   123.21926399246757        2.9701491957438422        126.18941318821142     
           3   177.37763004675440        2.3185059553458909        179.69613600210030     
           4   70.601718162578422        1.2344342123577738        71.836152374936191     
           5   55.483417225315385       0.86957572772101355        56.352992953036399     
           6   30.345737494465503       0.46021532809848015        30.805952822563984     
           7   24.474353237329918       0.35600960484887945        24.830362842178797     
           8   14.371061678934790       0.26415771392744253        14.635219392862233     
           9   9.0553641614581011       0.12932943322494020        9.1846935946830417     
          10   4.1089240959608349       0.10971846265283834        4.2186425586136735     
          11   5.3708635096213309        6.4354604796491952E-002   5.4352181144178227     
          12   2.8058395585976572        5.0215360699499383E-002   2.8560549192971565     
          13   2.5329329079595189        5.7521707504281892E-002   2.5904546154638006     
          14   1.2150694222636835        2.0496990804444299E-002   1.2355664130681279     
          15  0.93825437732356609        1.8367752715947101E-002  0.95662213003951324     
          16  0.31144643639685043        9.1636342995173401E-003  0.32061007069636777     
          17  0.45809159170660613        1.2492230480005804E-002  0.47058382218661193     
          18   5.2885556252630583E-002   5.8538243482968164E-003   5.8739380600927399E-002
          19  0.39862508496558907        6.0238896916324925E-004  0.39922747393475233     
          20  0.62897482705552199        2.9227614102690269E-003  0.63189758846579103     
