   1.0000000000000000        0.0000000000000000       0.46600291028248553       0.72780229808163477            10000
 i   solar flux    satshine flux      total flux
 -----------------------------------------------
           1   1345.1905896620958        12.654461776592962        1357.8450514386889     
           2   123.54559943846246        2.7330350701845045        126.27863450864696     
           3   171.13907351302078        2.5393005849343013        173.67837409795507     
           4   75.441741036002327        1.1865125666926588        76.628253602694983     
           5   59.684411869918947       0.88836351360428489        60.572775383523229     
           6   34.910579802775999       0.53969273442018983        35.450272537196192     
           7   19.188223464783455       0.39176616127212688        19.579989626055582     
           8   15.346459599652277       0.19779014732107630        15.544249746973353     
           9   9.5497947583608127       0.15130713721455577        9.7011018955753681     
          10   5.3324977460459078        9.5578126314190201E-002   5.4280758723600977     
          11   3.5636270794175342        9.1430068919272078E-002   3.6550571483368062     
          12   1.6142370849421788        6.1663621785620591E-002   1.6759007067277993     
          13   1.7486009605095663        4.9023059902164587E-002   1.7976240204117309     
          14   1.2147631438334727        2.4540252847569530E-002   1.2393033966810423     
          15   1.1309281460757061        3.6113619898283184E-002   1.1670417659739893     
          16  0.49908385865198712        1.0491713326535267E-002  0.50957557197852243     
          17  0.72695856181142338        1.0405298563976616E-002  0.73736386037540003     
          18  0.23027122803622599        1.1644423652553979E-002  0.24191565168877996     
          19   0.0000000000000000        0.0000000000000000        0.0000000000000000     
          20  0.44372432605205014        7.5867568993572294E-003  0.45131108295140737     
