   1.0000000000000000        0.0000000000000000       0.46600291028248553       0.72780229808163477            10000
 i   solar flux    satshine flux      total flux
 -----------------------------------------------
           1   1347.2598590783757        11.863227494110500        1359.1230865724863     
           2   121.53414577624795        2.8566039318695466        124.39074970811750     
           3   169.32054954672606        2.3161046984330329        171.63665424515909     
           4   66.989017605153975        1.2666483155021000        68.255665920656071     
           5   55.442764869054429       0.86068645357014650        56.303451322624575     
           6   28.938097894341276       0.53674508318154002        29.474842977522815     
           7   25.777141007763703       0.36668898575200259        26.143829993515705     
           8   12.856372352055502       0.27751046117087874        13.133882813226380     
           9   10.143802714945597       0.15313338728576309        10.296936102231360     
          10   7.4363269396389864       0.12749422368877034        7.5638211633277566     
          11   7.7930178068556941        8.6129241836712708E-002   7.8791470486924071     
          12   3.7173569194653631        6.4486355371749196E-002   3.7818432748371125     
          13   2.5076518361086588        4.1174813828408943E-002   2.5488266499370678     
          14   1.2819813079544218        2.5784534762980614E-002   1.3077658427174024     
          15  0.74642214532994666        2.8758672909421943E-002  0.77518081823936857     
          16   1.0123914286697615        1.0289851923406611E-002   1.0226812805931682     
          17  0.15901918579472718        1.7037917978824074E-002  0.17605710377355124     
          18  0.83119382598886271        1.4062991444152372E-002  0.84525681743301506     
          19  0.16928019711823283        6.9447224449554329E-004  0.16997466936272837     
          20   0.0000000000000000        6.9668995173587578E-003   6.9668995173587578E-003
