   1.0000000000000000        0.0000000000000000       0.46600291028248553       0.72780229808163477            10000
 i   solar flux    satshine flux      total flux
 -----------------------------------------------
           1   1347.3293505409938        11.943964134362394        1359.2733146753562     
           2   128.90962554709142        2.8622332253141618        131.77185877240558     
           3   185.23154280737629        2.4164610308583017        187.64800383823459     
           4   73.743518960771212        1.1484934629163093        74.892012423687518     
           5   62.108095860991199       0.88189635291637025        62.989992213907570     
           6   30.191642231869409       0.44005063590406979        30.631692867773477     
           7   27.534223152591562       0.37361044091968137        27.907833593511242     
           8   15.350081000482993       0.24098426486158350        15.591065265344577     
           9   11.671069807892316       0.11669536591845686        11.787765173810772     
          10   7.6558403469848493       0.11411995066534898        7.7699602976501980     
          11   6.4778773891297110        7.8568157289611529E-002   6.5564455464193223     
          12   2.6223738523986815        5.5130281473534763E-002   2.6775041338722163     
          13   3.0303722868097345        2.3189207463260152E-002   3.0535614942729947     
          14   1.6923134084363032        2.2582992700834293E-002   1.7148964011371375     
          15   1.7934971365137877        7.8073386004494719E-003   1.8013044751142373     
          16   1.2017544991408891        2.5161292670044821E-003   1.2042706284078935     
          17  0.47878011886250477        7.3353436252218086E-003  0.48611546248772658     
          18  0.13597278518319228        0.0000000000000000       0.13597278518319228     
          19   5.8824130421001250E-002   0.0000000000000000        5.8824130421001250E-002
          20  0.14153835677784576        2.8668438236073412E-003  0.14440520060145309     
