   1.0000000000000000        0.0000000000000000       0.46600291028248553       0.72780229808163477            10000
 i   solar flux    satshine flux      total flux
 -----------------------------------------------
           1   1351.2005175782019        11.879875799529753        1363.0803933777318     
           2   113.89568089445818        3.0041265318827199        116.89980742634090     
           3   183.76087929322088        2.3142419401381615        186.07512123335906     
           4   77.648646365783904        1.1973413927533629        78.845987758537262     
           5   57.438772542389735       0.76942618223504911        58.208198724624786     
           6   36.978967644164200       0.55686244723816491        37.535830091402367     
           7   21.342808660079395       0.30454041873251736        21.647349078811914     
           8   17.560509183897061       0.23484607789044015        17.795355261787503     
           9   10.087832211262128       0.15678767247831685        10.244619883740445     
          10   6.6359852849166394       0.10095911104683042        6.7369443959634694     
          11   4.0301202592231409        5.4851793007685591E-002   4.0849720522308264     
          12   2.8414368871404090        7.2104176499262720E-002   2.9135410636396717     
          13   2.6911777841335600        3.9469142142527405E-002   2.7306469262760875     
          14   1.3870018083330162        1.8369583185729736E-002   1.4053713915187460     
          15  0.87403209869609155        3.8900447622039709E-002  0.91293254631813125     
          16   1.1753896036464917        1.3445603822286685E-002   1.1888352074687785     
          17  0.52133689183097665        3.5287789541002348E-003  0.52486567078507684     
          18  0.38213196475726646        0.0000000000000000       0.38213196475726646     
          19  0.64182637414880661        3.4386929451060660E-003  0.64526506709391263     
          20   0.0000000000000000        0.0000000000000000        0.0000000000000000     
