   1.0000000000000000        0.0000000000000000       0.46600291028248553       0.72780229808163477            10000
 i   solar flux    satshine flux      total flux
 -----------------------------------------------
           1   1331.4456910114159        12.119930418199143        1343.5656214296150     
           2   121.87074271018570        3.1321181995049492        125.00286090969064     
           3   176.54295262761445        2.2361382065491422        178.77909083416358     
           4   67.309365236234896        1.2164233554147843        68.525788591649686     
           5   56.024060613203659       0.77990032958719679        56.803960942790859     
           6   35.602734995553305       0.51090779466565672        36.113642790218961     
           7   24.675328330626229       0.37927174251441736        25.054600073140648     
           8   16.370508533237818       0.23693055892067277        16.607439092158490     
           9   7.3852507029443917       0.16797789515036182        7.5532285980947531     
          10   7.9590712953303342        9.2721466825369345E-002   8.0517927621557028     
          11   4.3436149848175507        6.7857408702432329E-002   4.4114723935199827     
          12   2.7082869587655831        6.3872161331272076E-002   2.7721591200968554     
          13   1.0986471828467006        3.7457185431259685E-002   1.1361043682779604     
          14   1.4778186226102532        2.0670020526564359E-002   1.4984886431368176     
          15   2.1024827576308014        2.2753701552657265E-002   2.1252364591834585     
          16   1.2244177036419219        2.3999980642494794E-003   1.2268177017061714     
          17  0.57227594546963700        8.9269180746962967E-003  0.58120286354433326     
          18   1.1348639220269834        1.0933385146647025E-003   1.1359572605416481     
          19  0.67637082668363679        8.7096071963014641E-003  0.68508043387993822     
          20  0.27514732748404624        5.3932050360887881E-003  0.28054053252013506     
