   1.0000000000000000        0.0000000000000000       0.46600291028248553       0.72780229808163477            10000
 i   solar flux    satshine flux      total flux
 -----------------------------------------------
           1   1330.3197265401900        12.369013867264785        1342.6887404074548     
           2   121.65289334411932        2.9291162816632812        124.58200962578260     
           3   175.70287632587349        2.3806696614961571        178.08354598736966     
           4   62.769812148106162        1.1539017050301335        63.923713853136299     
           5   53.535414661626206       0.91029115942447258        54.445705821050680     
           6   34.414739984574197       0.51502228828974916        34.929762272863947     
           7   21.219129526871818       0.37412560125929606        21.593255128131116     
           8   14.444326376977010       0.22072508577203948        14.665051462749050     
           9   9.8113452992963488       0.18934771933621317        10.000693018632562     
          10   6.0515600318540530       0.12870495348335623        6.1802649853374092     
          11   3.5054623204110218        3.6592700230945692E-002   3.5420550206419676     
          12   2.3367316025808686        5.2096355015671579E-002   2.3888279575965403     
          13   2.6083373351622052        2.6504993046546355E-002   2.6348423282087516     
          14   1.4528981621125621        3.2407369805122418E-002   1.4853055319176844     
          15   1.1031890220250622        5.3878519226192509E-003   1.1085768739476813     
          16  0.77905186138678628        1.4285995544438063E-002  0.79333785693122438     
          17  0.55271165369428754        2.5063303012600627E-003  0.55521798399554756     
          18   0.0000000000000000        9.7287901375575497E-003   9.7287901375575497E-003
          19  0.47049828388020154        1.7650554053011839E-003  0.47226333928550274     
          20  0.25033667468241161        1.6978041251347797E-003  0.25203447880754637     
