   1.0000000000000000        0.0000000000000000       0.46600291028248553       0.72780229808163477            10000
 i   solar flux    satshine flux      total flux
 -----------------------------------------------
           1   1297.8889757521713        12.315276333143620        1310.2042520853149     
           2   116.95356793721982        2.9565915823166606        119.91015951953648     
           3   184.63329911477189        2.3383106009805830        186.97160971575246     
           4   74.192703382619186        1.3106172203970288        75.503320603016221     
           5   54.882862913802811       0.82502080365778396        55.707883717460597     
           6   34.467549704114369       0.52004927541336954        34.987598979527739     
           7   25.482548205945534       0.35732867139816887        25.839876877343702     
           8   12.718487567779949       0.24831163333503872        12.966799201114988     
           9   11.688518809930141       0.16091176878310928        11.849430578713250     
          10   6.8081863179489019       0.10446503574017615        6.9126513536890783     
          11   4.2973155758728838        8.9096842475748186E-002   4.3864124183486322     
          12   1.1223308742921267        4.2023802299267415E-002   1.1643546765913941     
          13   1.3768924674452947        4.9131769874403840E-002   1.4260242373196985     
          14  0.67057865507254377        3.0349594001276507E-002  0.70092824907382023     
          15  0.72353954382585683        1.4072882375804781E-002  0.73761242620166156     
          16  0.68530972696204262        2.2834260767022180E-002  0.70814398772906484     
          17  0.36300781920297492        8.1438799442570386E-003  0.37115169914723195     
          18  0.60976083474804244        1.7426553066057733E-002  0.62718738781410022     
          19  0.74375966135147220        5.7651010901401270E-003  0.74952476244161237     
          20  0.30527620560921853        1.1375935056688342E-002  0.31665214066590686     
