 Curly R     I/F(total)  I/F(solar)   I/F(saturn)
 ---------------------------------------------------
  0.010    2.7828E-03    2.7566E-03    2.6195E-05
  0.020    5.5708E-03    5.5183E-03    5.2519E-05
  0.030    8.3645E-03    8.2855E-03    7.8975E-05
  0.040    1.1164E-02    1.1058E-02    1.0557E-04
  0.050    1.3970E-02    1.3837E-02    1.3229E-04
  0.060    1.6781E-02    1.6622E-02    1.5916E-04
  0.070    1.9600E-02    1.9414E-02    1.8618E-04
  0.080    2.2425E-02    2.2212E-02    2.1334E-04
  0.090    2.5258E-02    2.5017E-02    2.4065E-04
  0.100    2.8098E-02    2.7829E-02    2.6812E-04
  0.110    3.0945E-02    3.0649E-02    2.9575E-04
  0.120    3.3801E-02    3.3477E-02    3.2354E-04
  0.130    3.6664E-02    3.6313E-02    3.5150E-04
  0.140    3.9537E-02    3.9157E-02    3.7963E-04
  0.150    4.2418E-02    4.2010E-02    4.0793E-04
  0.160    4.5309E-02    4.4872E-02    4.3641E-04
  0.170    4.8208E-02    4.7743E-02    4.6508E-04
  0.180    5.1118E-02    5.0624E-02    4.9393E-04
  0.190    5.4038E-02    5.3515E-02    5.2298E-04
  0.200    5.6969E-02    5.6416E-02    5.5222E-04
  0.210    5.9910E-02    5.9328E-02    5.8166E-04
  0.220    6.2862E-02    6.2251E-02    6.1131E-04
  0.230    6.5826E-02    6.5185E-02    6.4118E-04
  0.240    6.8802E-02    6.8131E-02    6.7126E-04
  0.250    7.1791E-02    7.1089E-02    7.0156E-04
  0.260    7.4792E-02    7.4060E-02    7.3209E-04
  0.270    7.7806E-02    7.7043E-02    7.6285E-04
  0.280    8.0834E-02    8.0040E-02    7.9386E-04
  0.290    8.3876E-02    8.3050E-02    8.2511E-04
  0.300    8.6932E-02    8.6075E-02    8.5661E-04
  0.310    9.0003E-02    8.9114E-02    8.8837E-04
  0.320    9.3089E-02    9.2169E-02    9.2039E-04
  0.330    9.6191E-02    9.5238E-02    9.5268E-04
  0.340    9.9309E-02    9.8324E-02    9.8526E-04
  0.350    1.0244E-01    1.0143E-01    1.0181E-03
  0.360    1.0560E-01    1.0455E-01    1.0513E-03
  0.370    1.0877E-01    1.0768E-01    1.0847E-03
  0.380    1.1196E-01    1.1084E-01    1.1185E-03
  0.390    1.1516E-01    1.1401E-01    1.1526E-03
  0.400    1.1839E-01    1.1720E-01    1.1870E-03
  0.410    1.2164E-01    1.2042E-01    1.2217E-03
  0.420    1.2491E-01    1.2365E-01    1.2568E-03
  0.430    1.2819E-01    1.2690E-01    1.2922E-03
  0.440    1.3151E-01    1.3018E-01    1.3280E-03
  0.450    1.3484E-01    1.3348E-01    1.3642E-03
  0.460    1.3820E-01    1.3680E-01    1.4007E-03
  0.470    1.4158E-01    1.4014E-01    1.4377E-03
  0.480    1.4499E-01    1.4351E-01    1.4750E-03
  0.490    1.4842E-01    1.4690E-01    1.5128E-03
  0.500    1.5188E-01    1.5033E-01    1.5510E-03
  0.510    1.5536E-01    1.5377E-01    1.5896E-03
  0.520    1.5888E-01    1.5725E-01    1.6287E-03
  0.530    1.6242E-01    1.6075E-01    1.6682E-03
  0.540    1.6599E-01    1.6428E-01    1.7082E-03
  0.550    1.6960E-01    1.6785E-01    1.7488E-03
  0.560    1.7323E-01    1.7144E-01    1.7898E-03
  0.570    1.7690E-01    1.7507E-01    1.8314E-03
  0.580    1.8061E-01    1.7873E-01    1.8735E-03
  0.590    1.8435E-01    1.8243E-01    1.9161E-03
  0.600    1.8812E-01    1.8616E-01    1.9594E-03
  0.610    1.9193E-01    1.8993E-01    2.0032E-03
  0.620    1.9579E-01    1.9374E-01    2.0476E-03
  0.630    1.9968E-01    1.9758E-01    2.0927E-03
  0.640    2.0361E-01    2.0147E-01    2.1385E-03
  0.650    2.0759E-01    2.0540E-01    2.1849E-03
  0.660    2.1161E-01    2.0938E-01    2.2320E-03
  0.670    2.1568E-01    2.1340E-01    2.2799E-03
  0.680    2.1979E-01    2.1746E-01    2.3284E-03
  0.690    2.2396E-01    2.2158E-01    2.3778E-03
  0.700    2.2818E-01    2.2575E-01    2.4280E-03
  0.710    2.3245E-01    2.2997E-01    2.4790E-03
  0.720    2.3677E-01    2.3424E-01    2.5309E-03
  0.730    2.4115E-01    2.3857E-01    2.5837E-03
  0.740    2.4560E-01    2.4296E-01    2.6374E-03
  0.750    2.5010E-01    2.4741E-01    2.6921E-03
  0.760    2.5467E-01    2.5192E-01    2.7478E-03
  0.770    2.5930E-01    2.5650E-01    2.8045E-03
  0.780    2.6401E-01    2.6115E-01    2.8624E-03
  0.790    2.6878E-01    2.6586E-01    2.9214E-03
  0.800    2.7364E-01    2.7066E-01    2.9815E-03
  0.810    2.7857E-01    2.7552E-01    3.0429E-03
  0.820    2.8358E-01    2.8047E-01    3.1056E-03
  0.830    2.8868E-01    2.8551E-01    3.1697E-03
  0.840    2.9386E-01    2.9063E-01    3.2351E-03
  0.850    2.9914E-01    2.9584E-01    3.3021E-03
  0.860    3.0451E-01    3.0114E-01    3.3706E-03
  0.870    3.0999E-01    3.0655E-01    3.4407E-03
  0.880    3.1557E-01    3.1206E-01    3.5125E-03
  0.890    3.2126E-01    3.1768E-01    3.5861E-03
  0.900    3.2707E-01    3.2341E-01    3.6616E-03
  0.910    3.3300E-01    3.2926E-01    3.7390E-03
  0.920    3.3906E-01    3.3524E-01    3.8186E-03
  0.930    3.4525E-01    3.4135E-01    3.9004E-03
  0.940    3.5158E-01    3.4760E-01    3.9845E-03
  0.950    3.5807E-01    3.5399E-01    4.0711E-03
  0.960    3.6470E-01    3.6054E-01    4.1603E-03
  0.970    3.7150E-01    3.6725E-01    4.2523E-03
  0.980    3.7848E-01    3.7413E-01    4.3472E-03
  0.990    3.8564E-01    3.8119E-01    4.4453E-03
  1.000    3.9299E-01    3.8844E-01    4.5467E-03
