   1.0000000000000000        0.0000000000000000       0.46600291028248553       0.72780229808163477            10000
 i   solar flux    satshine flux      total flux
 -----------------------------------------------
           1   1312.6071476671386        12.051338501607271        1324.6584861687459     
           2   119.46286643962667        2.8440054563255224        122.30687189595218     
           3   178.48173562946772        2.3879364289454355        180.86967205841316     
           4   70.793121974375325        1.1819205160468236        71.975042490422155     
           5   57.966305453277151       0.88064515643808683        58.846950609715236     
           6   30.984670994025443       0.55507665669878226        31.539747650724227     
           7   20.990954276465018       0.36060000791308633        21.351554284378103     
           8   12.915660489780244       0.21216909256537797        13.127829582345623     
           9   11.356504845147729       0.12623683193108945        11.482741677078819     
          10   6.6965808274634400       0.10941968170084053        6.8060005091642806     
          11   7.0818100297853981        6.7253907125464543E-002   7.1490639369108626     
          12   3.4597769807379919        2.0334072614175445E-002   3.4801110533521675     
          13   2.4710029439060177        3.8720187034895229E-002   2.5097231309409129     
          14   1.0257246780908311        1.2430498288101397E-002   1.0381551763789325     
          15   1.6284692486408399        4.2246678964487959E-003   1.6326939165372887     
          16  0.59669880163726430        1.8589255019648279E-002  0.61528805665691255     
          17  0.26740954630914604        7.1155141357049888E-003  0.27452506044485103     
          18  0.21258312163344389        6.4743250920115498E-003  0.21905744672545543     
          19   3.0592947284601830E-002   5.1557556568360393E-003   3.5748702941437872E-002
          20   0.0000000000000000        8.9557490726944970E-003   8.9557490726944970E-003
