   1.0000000000000000        0.0000000000000000       0.46600291028248553       0.72780229808163477            10000
 i   solar flux    satshine flux      total flux
 -----------------------------------------------
           1   1289.0245217830736        11.680924610921078        1300.7054463939946     
           2   124.49169210069613        2.8781416405892060        127.36983374128533     
           3   177.24796766479187        2.3486909849890414        179.59665864978092     
           4   73.433704437955583        1.2718975217791697        74.705601959734750     
           5   55.489221339747004       0.75534229256043395        56.244563632307440     
           6   33.185285111739731       0.56456569347726915        33.749850805217001     
           7   19.747166647093486       0.35251718501256557        20.099683832106052     
           8   14.567650491990371       0.26021059458185508        14.827861086572225     
           9   10.659477309201826       0.14215557955548055        10.801632888757306     
          10   6.3906392922604951        5.0726942603815488E-002   6.4413662348643106     
          11   5.7397115746264999        4.1969528659963701E-002   5.7816811032864637     
          12   2.0648381444281294        4.7151286741884783E-002   2.1119894311700143     
          13   1.5357993079660921        2.6728293776971345E-002   1.5625276017430634     
          14  0.23558654627602182        1.4038235799355212E-002  0.24962478207537703     
          15  0.76602697794495933        1.3903464857005488E-002  0.77993044280196477     
          16  0.42279227318151608        1.7592590213848936E-003  0.42455153220290098     
          17  0.39050175385580560        0.0000000000000000       0.39050175385580560     
          18  0.19496136965468588        0.0000000000000000       0.19496136965468588     
          19   0.0000000000000000        0.0000000000000000        0.0000000000000000     
          20   0.0000000000000000        0.0000000000000000        0.0000000000000000     
