   1.0000000000000000        0.0000000000000000       0.46600291028248553       0.72780229808163477            10000
 i   solar flux    satshine flux      total flux
 -----------------------------------------------
           1   1315.8965397828479        12.115151859930847        1328.0116916427787     
           2   109.63624908879186        2.9137362585298145        112.54998534732167     
           3   168.59540747153002        2.4029722436810186        170.99837971521103     
           4   64.265497010478441        1.2772061261936185        65.542703136672060     
           5   52.636351288786287       0.85527717723410712        53.491628466020394     
           6   28.888275778318864       0.46869195014154402        29.356967728460408     
           7   17.024250465225119       0.34161725984752483        17.365867725072643     
           8   12.714485574847764       0.20109056173750170        12.915576136585265     
           9   7.6878235743305314       0.15716655592359108        7.8449901302541223     
          10   5.5102356000495307        6.3795495188637211E-002   5.5740310952381682     
          11   3.1086031452925167        6.1907442671108946E-002   3.1705105879636255     
          12   1.7961451244973436        3.9686369120880631E-002   1.8358314936182243     
          13   2.4068755633150172        3.9397432758182124E-002   2.4462729960731995     
          14   1.2561425996084912        8.5797115725993658E-003   1.2647223111810906     
          15  0.74883136276280293        2.6630426033346141E-002  0.77546178879614902     
          16  0.69526079403906826        1.0577147208245544E-002  0.70583794124731380     
          17  0.57638538493160640        1.7677249905888513E-002  0.59406263483749489     
          18   0.0000000000000000        1.1106938739597012E-002   1.1106938739597012E-002
          19   3.5333776839844962E-002   0.0000000000000000        3.5333776839844962E-002
          20   0.0000000000000000        3.7336914507189413E-003   3.7336914507189413E-003
