   1.0000000000000000        0.0000000000000000       0.46600291028248553       0.72780229808163477            10000
 i   solar flux    satshine flux      total flux
 -----------------------------------------------
           1   1320.8668829341912        12.153641578215140        1333.0205245124064     
           2   119.77966605810958        3.0028433116448863        122.78250936975446     
           3   183.31541729220078        2.5615364870099304        185.87695377921071     
           4   75.915699620258195        1.0740140296973435        76.989713649955533     
           5   53.673250664974177       0.89453960931236254        54.567790274286537     
           6   34.447420715793349       0.57625337080245387        35.023674086595804     
           7   16.285897753890097       0.38283946475470260        16.668737218644800     
           8   16.199392683336729       0.22280042244884357        16.422193105785574     
           9   9.0275191809999669       0.12515418999542596        9.1526733709953927     
          10   4.9861519800916199        8.8861064710718418E-002   5.0750130448023381     
          11   4.4229895674953434        6.3824766374788913E-002   4.4868143338701323     
          12   2.1906979031278762        5.2122862147792090E-002   2.2428207652756682     
          13   1.1778601146516232        2.5792493662838707E-002   1.2036526083144619     
          14  0.16140062366125840        2.1445102982102768E-002  0.18284572664336118     
          15  0.81175798471962057        2.4610518635848665E-003  0.81421903658320549     
          16  0.55289893980017424        4.8534066598238121E-003  0.55775234645999805     
          17  0.30345268570107681        5.2257930125075656E-003  0.30867847871358439     
          18   0.0000000000000000        5.3423317286541835E-003   5.3423317286541835E-003
          19   0.0000000000000000        1.3274929318884317E-003   1.3274929318884317E-003
          20   0.0000000000000000        5.3036204412991988E-003   5.3036204412991988E-003
