   1.0000000000000000        0.0000000000000000       0.46600291028248553       0.72780229808163477            10000
 i   solar flux    satshine flux      total flux
 -----------------------------------------------
           1   1323.9524177039470        12.569213519631564        1336.5216312235787     
           2   121.22237572707517        3.1257010728577526        124.34807679993293     
           3   163.93912980869362        2.4729862336387165        166.41211604233234     
           4   71.097940773756761        1.4538364589594772        72.551777232716233     
           5   52.875772389724624       0.85270258491309847        53.728474974637720     
           6   32.718093469553864       0.51319956471381301        33.231293034267679     
           7   21.970125000936342       0.38815281577584193        22.358277816712185     
           8   13.616360841320864       0.22643137403418009        13.842792215355043     
           9   10.997598762396361       0.18654239154465602        11.184141153941017     
          10   6.5878673871582194        8.9479827637565429E-002   6.6773472147957849     
          11   3.3240017813374179        4.9322691195016269E-002   3.3733244725324343     
          12   3.5492197841332436        3.9557167487623376E-002   3.5887769516208667     
          13   1.5172234520853465        2.2083684724803834E-002   1.5393071368101503     
          14  0.29607146611404517        1.8207997743770573E-002  0.31427946385781574     
          15   1.4297638514426998        2.0190162511939860E-002   1.4499540139546396     
          16  0.50986772249191681        2.7296515919196774E-003  0.51259737408383643     
          17  0.70066668082327932        2.1009592320226527E-004  0.70087677674648163     
          18  0.18415408259934724        4.7941679516489335E-003  0.18894825055099618     
          19  0.31471765217597203        0.0000000000000000       0.31471765217597203     
          20   0.0000000000000000        0.0000000000000000        0.0000000000000000     
