 Curly R     I/F(total)  I/F(solar)   I/F(saturn)
 ---------------------------------------------------
  0.010    2.8387E-03    2.8120E-03    2.6738E-05
  0.020    5.6829E-03    5.6293E-03    5.3612E-05
  0.030    8.5328E-03    8.4521E-03    8.0625E-05
  0.040    1.1389E-02    1.1281E-02    1.0778E-04
  0.050    1.4251E-02    1.4115E-02    1.3508E-04
  0.060    1.7119E-02    1.6956E-02    1.6253E-04
  0.070    1.9994E-02    1.9804E-02    1.9014E-04
  0.080    2.2876E-02    2.2658E-02    2.1790E-04
  0.090    2.5765E-02    2.5519E-02    2.4582E-04
  0.100    2.8661E-02    2.8387E-02    2.7390E-04
  0.110    3.1565E-02    3.1263E-02    3.0215E-04
  0.120    3.4477E-02    3.4146E-02    3.3058E-04
  0.130    3.7397E-02    3.7037E-02    3.5918E-04
  0.140    4.0325E-02    3.9937E-02    3.8796E-04
  0.150    4.3262E-02    4.2845E-02    4.1693E-04
  0.160    4.6208E-02    4.5762E-02    4.4609E-04
  0.170    4.9163E-02    4.8688E-02    4.7544E-04
  0.180    5.2128E-02    5.1623E-02    5.0499E-04
  0.190    5.5102E-02    5.4568E-02    5.3475E-04
  0.200    5.8087E-02    5.7522E-02    5.6471E-04
  0.210    6.1082E-02    6.0487E-02    5.9489E-04
  0.220    6.4088E-02    6.3463E-02    6.2528E-04
  0.230    6.7105E-02    6.6450E-02    6.5590E-04
  0.240    7.0134E-02    6.9447E-02    6.8676E-04
  0.250    7.3175E-02    7.2457E-02    7.1784E-04
  0.260    7.6227E-02    7.5478E-02    7.4917E-04
  0.270    7.9292E-02    7.8512E-02    7.8075E-04
  0.280    8.2371E-02    8.1558E-02    8.1258E-04
  0.290    8.5462E-02    8.4618E-02    8.4467E-04
  0.300    8.8567E-02    8.7690E-02    8.7703E-04
  0.310    9.1687E-02    9.0777E-02    9.0967E-04
  0.320    9.4821E-02    9.3878E-02    9.4258E-04
  0.330    9.7970E-02    9.6994E-02    9.7578E-04
  0.340    1.0113E-01    1.0012E-01    1.0093E-03
  0.350    1.0431E-01    1.0327E-01    1.0431E-03
  0.360    1.0751E-01    1.0643E-01    1.0772E-03
  0.370    1.1073E-01    1.0961E-01    1.1116E-03
  0.380    1.1396E-01    1.1281E-01    1.1464E-03
  0.390    1.1721E-01    1.1602E-01    1.1815E-03
  0.400    1.2047E-01    1.1926E-01    1.2169E-03
  0.410    1.2376E-01    1.2251E-01    1.2527E-03
  0.420    1.2707E-01    1.2578E-01    1.2889E-03
  0.430    1.3039E-01    1.2907E-01    1.3254E-03
  0.440    1.3374E-01    1.3238E-01    1.3623E-03
  0.450    1.3711E-01    1.3571E-01    1.3996E-03
  0.460    1.4050E-01    1.3906E-01    1.4374E-03
  0.470    1.4391E-01    1.4244E-01    1.4755E-03
  0.480    1.4735E-01    1.4583E-01    1.5141E-03
  0.490    1.5081E-01    1.4926E-01    1.5531E-03
  0.500    1.5429E-01    1.5270E-01    1.5925E-03
  0.510    1.5781E-01    1.5617E-01    1.6325E-03
  0.520    1.6135E-01    1.5967E-01    1.6729E-03
  0.530    1.6491E-01    1.6320E-01    1.7138E-03
  0.540    1.6851E-01    1.6675E-01    1.7552E-03
  0.550    1.7213E-01    1.7033E-01    1.7971E-03
  0.560    1.7578E-01    1.7394E-01    1.8396E-03
  0.570    1.7947E-01    1.7758E-01    1.8826E-03
  0.580    1.8318E-01    1.8126E-01    1.9262E-03
  0.590    1.8693E-01    1.8496E-01    1.9704E-03
  0.600    1.9072E-01    1.8870E-01    2.0152E-03
  0.610    1.9454E-01    1.9248E-01    2.0606E-03
  0.620    1.9839E-01    1.9629E-01    2.1067E-03
  0.630    2.0229E-01    2.0013E-01    2.1535E-03
  0.640    2.0622E-01    2.0402E-01    2.2009E-03
  0.650    2.1020E-01    2.0795E-01    2.2490E-03
  0.660    2.1421E-01    2.1191E-01    2.2979E-03
  0.670    2.1827E-01    2.1593E-01    2.3476E-03
  0.680    2.2238E-01    2.1998E-01    2.3980E-03
  0.690    2.2653E-01    2.2408E-01    2.4493E-03
  0.700    2.3073E-01    2.2823E-01    2.5014E-03
  0.710    2.3498E-01    2.3243E-01    2.5543E-03
  0.720    2.3928E-01    2.3668E-01    2.6082E-03
  0.730    2.4364E-01    2.4098E-01    2.6630E-03
  0.740    2.4806E-01    2.4534E-01    2.7188E-03
  0.750    2.5253E-01    2.4975E-01    2.7755E-03
  0.760    2.5706E-01    2.5423E-01    2.8333E-03
  0.770    2.6166E-01    2.5876E-01    2.8922E-03
  0.780    2.6632E-01    2.6337E-01    2.9522E-03
  0.790    2.7105E-01    2.6803E-01    3.0134E-03
  0.800    2.7585E-01    2.7277E-01    3.0758E-03
  0.810    2.8073E-01    2.7759E-01    3.1395E-03
  0.820    2.8568E-01    2.8247E-01    3.2044E-03
  0.830    2.9071E-01    2.8744E-01    3.2707E-03
  0.840    2.9583E-01    2.9249E-01    3.3385E-03
  0.850    3.0104E-01    2.9763E-01    3.4077E-03
  0.860    3.0634E-01    3.0286E-01    3.4784E-03
  0.870    3.1173E-01    3.0818E-01    3.5508E-03
  0.880    3.1723E-01    3.1361E-01    3.6248E-03
  0.890    3.2283E-01    3.1913E-01    3.7006E-03
  0.900    3.2854E-01    3.2477E-01    3.7782E-03
  0.910    3.3437E-01    3.3052E-01    3.8577E-03
  0.920    3.4032E-01    3.3639E-01    3.9392E-03
  0.930    3.4640E-01    3.4238E-01    4.0228E-03
  0.940    3.5262E-01    3.4851E-01    4.1086E-03
  0.950    3.5897E-01    3.5478E-01    4.1967E-03
  0.960    3.6548E-01    3.6119E-01    4.2872E-03
  0.970    3.7214E-01    3.6776E-01    4.3802E-03
  0.980    3.7897E-01    3.7449E-01    4.4759E-03
  0.990    3.8597E-01    3.8140E-01    4.5744E-03
  1.000    3.9316E-01    3.8849E-01    4.6758E-03
