   1.0000000000000000        0.0000000000000000       0.46600291028248553       0.72780229808163477            10000
 i   solar flux    satshine flux      total flux
 -----------------------------------------------
           1   1288.6665123099028        11.624815189972537        1300.2913274998755     
           2   123.40130696581615        2.9585026993481964        126.35980966516435     
           3   178.95577171843630        2.4910392305060012        181.44681094894230     
           4   75.026196281649931        1.2782718073461947        76.304468088996131     
           5   59.547339150747803       0.89714832124483879        60.444487471992645     
           6   34.893456270814383       0.54397117071132384        35.437427441525706     
           7   26.134176300965244       0.33831149568976204        26.472487796655006     
           8   13.526434563168358       0.28719102583514372        13.813625589003502     
           9   11.462593279820826       0.16220868664904714        11.624801966469873     
          10   9.4769751469061276       0.14080250952892420        9.6177776564350523     
          11   6.6298958344923706        8.2239636623148010E-002   6.7121354711155190     
          12   2.7689257911190106        6.6866153084089969E-002   2.8357919442031005     
          13   3.5641663161386039        3.0657916557412908E-002   3.5948242326960167     
          14   1.3331478428792047        2.0102560044051133E-002   1.3532504029232559     
          15   1.3081402924464778        2.4139689621081008E-002   1.3322799820675588     
          16  0.69794140935725235        3.0249939648518888E-002  0.72819134900577120     
          17  0.10694604152725566        9.3786371517726955E-003  0.11632467867902836     
          18  0.10683378760857823        1.0164719778882640E-002  0.11699850738746087     
          19  0.26533464368145926        2.9041073254433137E-003  0.26823875100690259     
          20   0.0000000000000000        7.8566399714942552E-003   7.8566399714942552E-003
