 Curly R     I/F(total)  I/F(solar)   I/F(saturn)
 ---------------------------------------------------
  0.010    2.9114E-03    2.8855E-03    2.5895E-05
  0.020    5.8286E-03    5.7767E-03    5.1917E-05
  0.030    8.7517E-03    8.6736E-03    7.8067E-05
  0.040    1.1681E-02    1.1577E-02    1.0435E-04
  0.050    1.4617E-02    1.4486E-02    1.3077E-04
  0.060    1.7559E-02    1.7402E-02    1.5732E-04
  0.070    2.0508E-02    2.0324E-02    1.8402E-04
  0.080    2.3465E-02    2.3254E-02    2.1086E-04
  0.090    2.6429E-02    2.6191E-02    2.3785E-04
  0.100    2.9400E-02    2.9135E-02    2.6499E-04
  0.110    3.2380E-02    3.2087E-02    2.9229E-04
  0.120    3.5367E-02    3.5047E-02    3.1974E-04
  0.130    3.8363E-02    3.8016E-02    3.4736E-04
  0.140    4.1368E-02    4.0993E-02    3.7514E-04
  0.150    4.4383E-02    4.3979E-02    4.0309E-04
  0.160    4.7406E-02    4.6975E-02    4.3122E-04
  0.170    5.0439E-02    4.9980E-02    4.5952E-04
  0.180    5.3482E-02    5.2994E-02    4.8801E-04
  0.190    5.6536E-02    5.6019E-02    5.1668E-04
  0.200    5.9600E-02    5.9054E-02    5.4554E-04
  0.210    6.2675E-02    6.2100E-02    5.7460E-04
  0.220    6.5761E-02    6.5158E-02    6.0386E-04
  0.230    6.8860E-02    6.8226E-02    6.3332E-04
  0.240    7.1970E-02    7.1307E-02    6.6299E-04
  0.250    7.5092E-02    7.4399E-02    6.9288E-04
  0.260    7.8228E-02    7.7505E-02    7.2299E-04
  0.270    8.1376E-02    8.0623E-02    7.5332E-04
  0.280    8.4538E-02    8.3754E-02    7.8389E-04
  0.290    8.7714E-02    8.6900E-02    8.1469E-04
  0.300    9.0905E-02    9.0059E-02    8.4574E-04
  0.310    9.4110E-02    9.3233E-02    8.7703E-04
  0.320    9.7331E-02    9.6422E-02    9.0858E-04
  0.330    1.0057E-01    9.9627E-02    9.4040E-04
  0.340    1.0382E-01    1.0285E-01    9.7248E-04
  0.350    1.0709E-01    1.0608E-01    1.0048E-03
  0.360    1.1038E-01    1.0934E-01    1.0375E-03
  0.370    1.1368E-01    1.1261E-01    1.0704E-03
  0.380    1.1700E-01    1.1590E-01    1.1036E-03
  0.390    1.2034E-01    1.1921E-01    1.1372E-03
  0.400    1.2370E-01    1.2253E-01    1.1710E-03
  0.410    1.2708E-01    1.2588E-01    1.2052E-03
  0.420    1.3048E-01    1.2924E-01    1.2397E-03
  0.430    1.3391E-01    1.3263E-01    1.2746E-03
  0.440    1.3735E-01    1.3604E-01    1.3097E-03
  0.450    1.4081E-01    1.3947E-01    1.3453E-03
  0.460    1.4430E-01    1.4292E-01    1.3812E-03
  0.470    1.4782E-01    1.4640E-01    1.4175E-03
  0.480    1.5135E-01    1.4990E-01    1.4542E-03
  0.490    1.5492E-01    1.5342E-01    1.4913E-03
  0.500    1.5850E-01    1.5697E-01    1.5289E-03
  0.510    1.6212E-01    1.6055E-01    1.5668E-03
  0.520    1.6576E-01    1.6416E-01    1.6052E-03
  0.530    1.6943E-01    1.6779E-01    1.6440E-03
  0.540    1.7313E-01    1.7145E-01    1.6833E-03
  0.550    1.7686E-01    1.7514E-01    1.7231E-03
  0.560    1.8062E-01    1.7886E-01    1.7633E-03
  0.570    1.8442E-01    1.8261E-01    1.8041E-03
  0.580    1.8824E-01    1.8640E-01    1.8454E-03
  0.590    1.9210E-01    1.9022E-01    1.8873E-03
  0.600    1.9600E-01    1.9407E-01    1.9297E-03
  0.610    1.9993E-01    1.9796E-01    1.9727E-03
  0.620    2.0390E-01    2.0188E-01    2.0162E-03
  0.630    2.0791E-01    2.0585E-01    2.0604E-03
  0.640    2.1196E-01    2.0985E-01    2.1052E-03
  0.650    2.1605E-01    2.1390E-01    2.1507E-03
  0.660    2.2018E-01    2.1798E-01    2.1969E-03
  0.670    2.2436E-01    2.2211E-01    2.2437E-03
  0.680    2.2858E-01    2.2629E-01    2.2913E-03
  0.690    2.3285E-01    2.3051E-01    2.3397E-03
  0.700    2.3717E-01    2.3478E-01    2.3888E-03
  0.710    2.4154E-01    2.3910E-01    2.4387E-03
  0.720    2.4596E-01    2.4347E-01    2.4894E-03
  0.730    2.5043E-01    2.4789E-01    2.5410E-03
  0.740    2.5497E-01    2.5237E-01    2.5936E-03
  0.750    2.5956E-01    2.5691E-01    2.6470E-03
  0.760    2.6421E-01    2.6151E-01    2.7014E-03
  0.770    2.6892E-01    2.6617E-01    2.7568E-03
  0.780    2.7370E-01    2.7089E-01    2.8132E-03
  0.790    2.7855E-01    2.7568E-01    2.8708E-03
  0.800    2.8347E-01    2.8054E-01    2.9294E-03
  0.810    2.8846E-01    2.8547E-01    2.9892E-03
  0.820    2.9352E-01    2.9047E-01    3.0503E-03
  0.830    2.9867E-01    2.9556E-01    3.1126E-03
  0.840    3.0390E-01    3.0072E-01    3.1762E-03
  0.850    3.0922E-01    3.0598E-01    3.2412E-03
  0.860    3.1462E-01    3.1131E-01    3.3077E-03
  0.870    3.2012E-01    3.1675E-01    3.3756E-03
  0.880    3.2572E-01    3.2227E-01    3.4452E-03
  0.890    3.3142E-01    3.2790E-01    3.5163E-03
  0.900    3.3723E-01    3.3364E-01    3.5892E-03
  0.910    3.4315E-01    3.3949E-01    3.6639E-03
  0.920    3.4919E-01    3.4545E-01    3.7405E-03
  0.930    3.5535E-01    3.5153E-01    3.8190E-03
  0.940    3.6164E-01    3.5774E-01    3.8997E-03
  0.950    3.6807E-01    3.6409E-01    3.9825E-03
  0.960    3.7465E-01    3.7058E-01    4.0676E-03
  0.970    3.8137E-01    3.7722E-01    4.1552E-03
  0.980    3.8826E-01    3.8401E-01    4.2452E-03
  0.990    3.9531E-01    3.9098E-01    4.3380E-03
  1.000    4.0255E-01    3.9811E-01    4.4336E-03
