   1.0000000000000000        0.0000000000000000       0.46600291028248553       0.72780229808163477            10000
 i   solar flux    satshine flux      total flux
 -----------------------------------------------
           1   1347.6213973933804        12.020833671400547        1359.6422310647811     
           2   120.59765974494512        2.8443164183945226        123.44197616333965     
           3   180.04975789090525        2.2388933814065335        182.28865127231180     
           4   68.528233649179583        1.2375709499160334        69.765804599095617     
           5   55.081282663295980       0.78526687714247201        55.866549540438449     
           6   29.167545537656444       0.57892833657304632        29.746473874229491     
           7   24.120760643352739       0.34571277213333007        24.466473415486067     
           8   15.858462861910589       0.25664198093602958        16.115104842846620     
           9   8.3398687560443214       0.13676015087976112        8.4766289069240823     
          10   5.4688679079877716        8.3062390642667766E-002   5.5519302986304391     
          11   3.8046307848699774        5.4587008052195823E-002   3.8592177929221734     
          12   1.9237228634268488        4.3834599725103507E-002   1.9675574631519523     
          13   2.5960225731196771        2.0983297405599684E-002   2.6170058705252770     
          14   1.2353318027214857        3.7629329497796196E-002   1.2729611322192820     
          15   1.5793384425933381        2.2872123695750021E-002   1.6022105662890882     
          16   1.0811681089687128        1.5762382652785324E-002   1.0969304916214981     
          17  0.57138713761925708        5.8488564213362449E-003  0.57723599404059334     
          18  0.30061527309800479        0.0000000000000000       0.30061527309800479     
          19   0.0000000000000000        3.2573184930510400E-003   3.2573184930510400E-003
          20   9.9465607775252179E-002   0.0000000000000000        9.9465607775252179E-002
