 Curly R     I/F(total)  I/F(solar)   I/F(saturn)
 ---------------------------------------------------
  0.010    2.8166E-03    2.7909E-03    2.5638E-05
  0.020    5.6384E-03    5.5870E-03    5.1409E-05
  0.030    8.4659E-03    8.3886E-03    7.7316E-05
  0.040    1.1299E-02    1.1196E-02    1.0336E-04
  0.050    1.4139E-02    1.4009E-02    1.2955E-04
  0.060    1.6984E-02    1.6828E-02    1.5589E-04
  0.070    1.9837E-02    1.9654E-02    1.8237E-04
  0.080    2.2696E-02    2.2487E-02    2.0902E-04
  0.090    2.5562E-02    2.5326E-02    2.3581E-04
  0.100    2.8436E-02    2.8173E-02    2.6277E-04
  0.110    3.1317E-02    3.1027E-02    2.8990E-04
  0.120    3.4206E-02    3.3889E-02    3.1719E-04
  0.130    3.7104E-02    3.6759E-02    3.4466E-04
  0.140    4.0009E-02    3.9637E-02    3.7230E-04
  0.150    4.2924E-02    4.2524E-02    4.0013E-04
  0.160    4.5848E-02    4.5420E-02    4.2815E-04
  0.170    4.8781E-02    4.8325E-02    4.5635E-04
  0.180    5.1724E-02    5.1240E-02    4.8476E-04
  0.190    5.4677E-02    5.4164E-02    5.1336E-04
  0.200    5.7641E-02    5.7099E-02    5.4217E-04
  0.210    6.0615E-02    6.0044E-02    5.7119E-04
  0.220    6.3600E-02    6.3000E-02    6.0043E-04
  0.230    6.6597E-02    6.5967E-02    6.2989E-04
  0.240    6.9606E-02    6.8946E-02    6.5957E-04
  0.250    7.2626E-02    7.1937E-02    6.8949E-04
  0.260    7.5659E-02    7.4940E-02    7.1965E-04
  0.270    7.8706E-02    7.7956E-02    7.5005E-04
  0.280    8.1765E-02    8.0984E-02    7.8071E-04
  0.290    8.4838E-02    8.4027E-02    8.1162E-04
  0.300    8.7926E-02    8.7083E-02    8.4280E-04
  0.310    9.1028E-02    9.0154E-02    8.7425E-04
  0.320    9.4145E-02    9.3239E-02    9.0597E-04
  0.330    9.7278E-02    9.6340E-02    9.3799E-04
  0.340    1.0043E-01    9.9456E-02    9.7029E-04
  0.350    1.0359E-01    1.0259E-01    1.0029E-03
  0.360    1.0677E-01    1.0574E-01    1.0358E-03
  0.370    1.0997E-01    1.0890E-01    1.0690E-03
  0.380    1.1319E-01    1.1209E-01    1.1026E-03
  0.390    1.1643E-01    1.1529E-01    1.1365E-03
  0.400    1.1968E-01    1.1851E-01    1.1707E-03
  0.410    1.2296E-01    1.2175E-01    1.2053E-03
  0.420    1.2625E-01    1.2501E-01    1.2403E-03
  0.430    1.2957E-01    1.2829E-01    1.2756E-03
  0.440    1.3290E-01    1.3159E-01    1.3113E-03
  0.450    1.3626E-01    1.3492E-01    1.3474E-03
  0.460    1.3965E-01    1.3826E-01    1.3839E-03
  0.470    1.4305E-01    1.4163E-01    1.4208E-03
  0.480    1.4648E-01    1.4503E-01    1.4581E-03
  0.490    1.4994E-01    1.4844E-01    1.4959E-03
  0.500    1.5342E-01    1.5189E-01    1.5341E-03
  0.510    1.5693E-01    1.5535E-01    1.5728E-03
  0.520    1.6046E-01    1.5885E-01    1.6120E-03
  0.530    1.6403E-01    1.6237E-01    1.6517E-03
  0.540    1.6762E-01    1.6593E-01    1.6918E-03
  0.550    1.7124E-01    1.6951E-01    1.7325E-03
  0.560    1.7490E-01    1.7312E-01    1.7738E-03
  0.570    1.7858E-01    1.7677E-01    1.8155E-03
  0.580    1.8230E-01    1.8044E-01    1.8579E-03
  0.590    1.8605E-01    1.8415E-01    1.9009E-03
  0.600    1.8984E-01    1.8790E-01    1.9444E-03
  0.610    1.9367E-01    1.9168E-01    1.9886E-03
  0.620    1.9753E-01    1.9550E-01    2.0335E-03
  0.630    2.0143E-01    1.9935E-01    2.0790E-03
  0.640    2.0537E-01    2.0325E-01    2.1252E-03
  0.650    2.0936E-01    2.0719E-01    2.1721E-03
  0.660    2.1338E-01    2.1117E-01    2.2198E-03
  0.670    2.1746E-01    2.1519E-01    2.2682E-03
  0.680    2.2157E-01    2.1926E-01    2.3174E-03
  0.690    2.2574E-01    2.2337E-01    2.3674E-03
  0.700    2.2996E-01    2.2754E-01    2.4183E-03
  0.710    2.3422E-01    2.3175E-01    2.4701E-03
  0.720    2.3855E-01    2.3602E-01    2.5228E-03
  0.730    2.4292E-01    2.4035E-01    2.5764E-03
  0.740    2.4736E-01    2.4473E-01    2.6310E-03
  0.750    2.5185E-01    2.4916E-01    2.6866E-03
  0.760    2.5641E-01    2.5366E-01    2.7433E-03
  0.770    2.6103E-01    2.5823E-01    2.8011E-03
  0.780    2.6572E-01    2.6286E-01    2.8600E-03
  0.790    2.7048E-01    2.6756E-01    2.9202E-03
  0.800    2.7531E-01    2.7233E-01    2.9815E-03
  0.810    2.8022E-01    2.7717E-01    3.0442E-03
  0.820    2.8520E-01    2.8210E-01    3.1082E-03
  0.830    2.9028E-01    2.8710E-01    3.1736E-03
  0.840    2.9543E-01    2.9219E-01    3.2404E-03
  0.850    3.0068E-01    2.9737E-01    3.3089E-03
  0.860    3.0603E-01    3.0265E-01    3.3789E-03
  0.870    3.1147E-01    3.0802E-01    3.4505E-03
  0.880    3.1702E-01    3.1349E-01    3.5240E-03
  0.890    3.2267E-01    3.1908E-01    3.5992E-03
  0.900    3.2845E-01    3.2477E-01    3.6764E-03
  0.910    3.3434E-01    3.3059E-01    3.7557E-03
  0.920    3.4036E-01    3.3652E-01    3.8370E-03
  0.930    3.4652E-01    3.4260E-01    3.9206E-03
  0.940    3.5281E-01    3.4881E-01    4.0065E-03
  0.950    3.5926E-01    3.5516E-01    4.0949E-03
  0.960    3.6586E-01    3.6167E-01    4.1859E-03
  0.970    3.7263E-01    3.6835E-01    4.2797E-03
  0.980    3.7958E-01    3.7520E-01    4.3763E-03
  0.990    3.8671E-01    3.8223E-01    4.4760E-03
  1.000    3.9404E-01    3.8946E-01    4.5790E-03
