   1.0000000000000000        0.0000000000000000       0.46600291028248553       0.72780229808163477            10000
 i   solar flux    satshine flux      total flux
 -----------------------------------------------
           1   1312.4006318921868        11.986353369444057        1324.3869852616308     
           2   121.11232623909893        3.0219407584302442        124.13426699752918     
           3   175.60548716489077        2.3337478434377306        177.93923500832850     
           4   76.792353295799643        1.2318974493692045        78.024250745168843     
           5   52.273627496289244       0.93401146996326956        53.207638966252510     
           6   30.572435868013557       0.47271645144365437        31.045152319457213     
           7   22.066843734839409       0.35111826232267590        22.417961997162084     
           8   14.057015822052001       0.25063760064063861        14.307653422692640     
           9   6.3122488583740886       0.12110644826771723        6.4333553066418059     
          10   6.5808268237763157       0.12142947992372657        6.7022563037000422     
          11   3.1566518736724500        6.4217015982359793E-002   3.2208688896548097     
          12   3.3830753424197568        3.7294560562808138E-002   3.4203699029825652     
          13   1.0812583322712930        4.5948220904572103E-002   1.1272065531758650     
          14   1.1516391181803005        3.0124412625910504E-002   1.1817635308062111     
          15  0.46079197972145386        6.9978454720106015E-003  0.46778982519346446     
          16  0.49672065943450239        1.6432944015159281E-002  0.51315360344966165     
          17   9.4111260066662705E-003   3.1666666571480407E-003   1.2577792663814312E-002
          18   9.2572056805286893E-002   6.0870342376619603E-003   9.8659091042948857E-002
          19   0.0000000000000000        0.0000000000000000        0.0000000000000000     
          20   0.0000000000000000        0.0000000000000000        0.0000000000000000     
