   1.0000000000000000        0.0000000000000000       0.46600291028248553       0.72780229808163477            10000
 i   solar flux    satshine flux      total flux
 -----------------------------------------------
           1   1325.8164689583368        12.047861865567764        1337.8643308239045     
           2   126.51945193685961        2.9515566536153757        129.47100859047498     
           3   188.42389174121425        2.3571647390876378        190.78105648030188     
           4   70.357561721558028        1.2131113461579299        71.570673067715958     
           5   56.921081072194568       0.83593097759861612        57.757012049793182     
           6   30.313923116009441       0.63835985368648751        30.952282969695929     
           7   25.170419614963834       0.36480016687717171        25.535219781841004     
           8   17.893855166297641       0.26786350656578534        18.161718672863426     
           9   10.508047937577544       0.18697871914919259        10.695026656726737     
          10   6.4396245209741263        9.3770879580654276E-002   6.5333954005547810     
          11   4.9630683086195884        7.1632825527304378E-002   5.0347011341468928     
          12   3.4521889170199644        4.5678169135074116E-002   3.4978670861550385     
          13   1.4605617115094558        1.8203114090399434E-002   1.4787648255998553     
          14   1.8106667640373537        2.3075081975524409E-002   1.8337418460128780     
          15  0.96070892140089237        1.9618466432427609E-002  0.98032738783331996     
          16  0.69133389566572467        6.7720607424113779E-003  0.69810595640813600     
          17   0.0000000000000000        1.9229454027056444E-002   1.9229454027056444E-002
          18  0.41104387391198716        1.2436400699590320E-002  0.42348027461157750     
          19   0.0000000000000000        7.3122402434455452E-004   7.3122402434455452E-004
          20  0.53270348819053526        8.5478255224149090E-005  0.53278896644575946     
