Albedo  I/F(total)      I/F(solar)      I/F(saturn)	    I/F(total)^2    I/F(solar)^2    I/F(saturn)^2
-----------------------------------------------------------------------------------------------------
0.010	2.814543e-03	2.788763e-03	2.578268e-05	7.924509e-06	7.780018e-06	6.650384e-10
0.020	5.634601e-03	5.582891e-03	5.169341e-05	3.175992e-05	3.117995e-05	2.673379e-09
0.030	8.460348e-03	8.382610e-03	7.773561e-05	7.160324e-05	7.029342e-05	6.045428e-09
0.040	1.129208e-02	1.118818e-02	1.039119e-04	1.275570e-04	1.252208e-04	1.080233e-08
0.050	1.413003e-02	1.399979e-02	1.302263e-04	1.997290e-04	1.960650e-04	1.696616e-08
0.060	1.697444e-02	1.681775e-02	1.566816e-04	2.882344e-04	2.829388e-04	2.455961e-08
0.070	1.982557e-02	1.964226e-02	1.832812e-04	3.931932e-04	3.859577e-04	3.360623e-08
0.080	2.268365e-02	2.247364e-02	2.100291e-04	5.147292e-04	5.052453e-04	4.413084e-08
0.090	2.554896e-02	2.531208e-02	2.369289e-04	6.529830e-04	6.409339e-04	5.615891e-08
0.100	2.842179e-02	2.815781e-02	2.639836e-04	8.080819e-04	7.931464e-04	6.971643e-08
0.110	3.130242e-02	3.101121e-02	2.911972e-04	9.801878e-04	9.620377e-04	8.483061e-08
0.120	3.419102e-02	3.387251e-02	3.185738e-04	1.169438e-03	1.147754e-03	1.015309e-07
0.130	3.708800e-02	3.674196e-02	3.461176e-04	1.376005e-03	1.350446e-03	1.198459e-07
0.140	3.999361e-02	3.961991e-02	3.738315e-04	1.600051e-03	1.570282e-03	1.398069e-07
0.150	4.290814e-02	4.250633e-02	4.017207e-04	1.841753e-03	1.807434e-03	1.614451e-07
0.160	4.583178e-02	4.540204e-02	4.297898e-04	2.101291e-03	2.062079e-03	1.847934e-07
0.170	4.876504e-02	4.830721e-02	4.580432e-04	2.378866e-03	2.334401e-03	2.098864e-07
0.180	5.170824e-02	5.122175e-02	4.864842e-04	2.674676e-03	2.624596e-03	2.367584e-07
0.190	5.466154e-02	5.414645e-02	5.151158e-04	2.988920e-03	2.932871e-03	2.654482e-07
0.200	5.762541e-02	5.708136e-02	5.439458e-04	3.321836e-03	3.259432e-03	2.959932e-07
0.210	6.059998e-02	6.002703e-02	5.729764e-04	3.673642e-03	3.604504e-03	3.284315e-07
0.220	6.358609e-02	6.298351e-02	6.022198e-04	4.044555e-03	3.968334e-03	3.628074e-07
0.230	6.658307e-02	6.595139e-02	6.316702e-04	4.434838e-03	4.351108e-03	3.991602e-07
0.240	6.959255e-02	6.893112e-02	6.613403e-04	4.844762e-03	4.753150e-03	4.375368e-07
0.250	7.261378e-02	7.192261e-02	6.912318e-04	5.274588e-03	5.174668e-03	4.779838e-07
0.260	7.564825e-02	7.492665e-02	7.213504e-04	5.724601e-03	5.615972e-03	5.205468e-07
0.270	7.869569e-02	7.794366e-02	7.517068e-04	6.195050e-03	6.077295e-03	5.652763e-07
0.280	8.175625e-02	8.097402e-02	7.823013e-04	6.686339e-03	6.559038e-03	6.122265e-07
0.290	8.483079e-02	8.401772e-02	8.131440e-04	7.198705e-03	7.061389e-03	6.614473e-07
0.300	8.791984e-02	8.707547e-02	8.442372e-04	7.732477e-03	7.584713e-03	7.129974e-07
0.310	9.102334e-02	9.014763e-02	8.755899e-04	8.288023e-03	8.129386e-03	7.669355e-07
0.320	9.414226e-02	9.323481e-02	9.072055e-04	8.865706e-03	8.695688e-03	8.233210e-07
0.330	9.727673e-02	9.633758e-02	9.390957e-04	9.465888e-03	9.284064e-03	8.822200e-07
0.340	1.004273e-01	9.945597e-02	9.712625e-04	1.008893e-02	9.894773e-03	9.436950e-07
0.350	1.035949e-01	1.025908e-01	1.003719e-03	1.073541e-02	1.052841e-02	1.007810e-06
0.360	1.067788e-01	1.057421e-01	1.036467e-03	1.140545e-02	1.118511e-02	1.074644e-06
0.370	1.099806e-01	1.089106e-01	1.069514e-03	1.209966e-02	1.186546e-02	1.144264e-06
0.380	1.132006e-01	1.120979e-01	1.102879e-03	1.281856e-02	1.257010e-02	1.216763e-06
0.390	1.164396e-01	1.153024e-01	1.136550e-03	1.356260e-02	1.329903e-02	1.292196e-06
0.400	1.196974e-01	1.185268e-01	1.170552e-03	1.433210e-02	1.405320e-02	1.370670e-06
0.410	1.229751e-01	1.217705e-01	1.204887e-03	1.512775e-02	1.483292e-02	1.452252e-06
0.420	1.262735e-01	1.250341e-01	1.239573e-03	1.595015e-02	1.563864e-02	1.537067e-06
0.430	1.295934e-01	1.283185e-01	1.274606e-03	1.679987e-02	1.647100e-02	1.625172e-06
0.440	1.329343e-01	1.316243e-01	1.310005e-03	1.767717e-02	1.733054e-02	1.716691e-06
0.450	1.362979e-01	1.349520e-01	1.345777e-03	1.858302e-02	1.821790e-02	1.811722e-06
0.460	1.396848e-01	1.383026e-01	1.381931e-03	1.951802e-02	1.913378e-02	1.910366e-06
0.470	1.430951e-01	1.416764e-01	1.418476e-03	2.048266e-02	2.007859e-02	2.012739e-06
0.480	1.465301e-01	1.450746e-01	1.455430e-03	2.147779e-02	2.105334e-02	2.118970e-06
0.490	1.499902e-01	1.484973e-01	1.492798e-03	2.250410e-02	2.205843e-02	2.229168e-06
0.500	1.534764e-01	1.519459e-01	1.530603e-03	2.356234e-02	2.309483e-02	2.343499e-06
0.510	1.569899e-01	1.554211e-01	1.568839e-03	2.465346e-02	2.416331e-02	2.462045e-06
0.520	1.605308e-01	1.589234e-01	1.607536e-03	2.577809e-02	2.526456e-02	2.584999e-06
0.530	1.641004e-01	1.624538e-01	1.646696e-03	2.693724e-02	2.639948e-02	2.712464e-06
0.540	1.676996e-01	1.660133e-01	1.686342e-03	2.813177e-02	2.756896e-02	2.844643e-06
0.550	1.713287e-01	1.696024e-01	1.726481e-03	2.936246e-02	2.877387e-02	2.981668e-06
0.560	1.749898e-01	1.732228e-01	1.767134e-03	3.063073e-02	3.001537e-02	3.123733e-06
0.570	1.786836e-01	1.768752e-01	1.808310e-03	3.193746e-02	3.129442e-02	3.270991e-06
0.580	1.824103e-01	1.805604e-01	1.850033e-03	3.328355e-02	3.261201e-02	3.423669e-06
0.590	1.861722e-01	1.842800e-01	1.892315e-03	3.467047e-02	3.396939e-02	3.581941e-06
0.600	1.899698e-01	1.880344e-01	1.935172e-03	3.609930e-02	3.536768e-02	3.746007e-06
0.610	1.938041e-01	1.918256e-01	1.978631e-03	3.757110e-02	3.680808e-02	3.916151e-06
0.620	1.976770e-01	1.956541e-01	2.022704e-03	3.908768e-02	3.829199e-02	4.092550e-06
0.630	2.015891e-01	1.995216e-01	2.067411e-03	4.065006e-02	3.982075e-02	4.275453e-06
0.640	2.055422e-01	2.034295e-01	2.112776e-03	4.225997e-02	4.139567e-02	4.465132e-06
0.650	2.095375e-01	2.073790e-01	2.158818e-03	4.391874e-02	4.301876e-02	4.661864e-06
0.660	2.135767e-01	2.113711e-01	2.205563e-03	4.562809e-02	4.469102e-02	4.865911e-06
0.670	2.176608e-01	2.154082e-01	2.253032e-03	4.738977e-02	4.641435e-02	5.077609e-06
0.680	2.217923e-01	2.194914e-01	2.301250e-03	4.920585e-02	4.819046e-02	5.297264e-06
0.690	2.259723e-01	2.236222e-01	2.350250e-03	5.107797e-02	5.002147e-02	5.525253e-06
0.700	2.302029e-01	2.278027e-01	2.400054e-03	5.300831e-02	5.190890e-02	5.761882e-06
0.710	2.344854e-01	2.320348e-01	2.450688e-03	5.499887e-02	5.385565e-02	6.007566e-06
0.720	2.388223e-01	2.363200e-01	2.502188e-03	5.705206e-02	5.586309e-02	6.262708e-06
0.730	2.432155e-01	2.406605e-01	2.554578e-03	5.917032e-02	5.793373e-02	6.527689e-06
0.740	2.476664e-01	2.450586e-01	2.607906e-03	6.135589e-02	6.007070e-02	6.803050e-06
0.750	2.521786e-01	2.495165e-01	2.662193e-03	6.361177e-02	6.227617e-02	7.089198e-06
0.760	2.567534e-01	2.540358e-01	2.717484e-03	6.594049e-02	6.455231e-02	7.386716e-06
0.770	2.613934e-01	2.586198e-01	2.773809e-03	6.834531e-02	6.690284e-02	7.696095e-06
0.780	2.661019e-01	2.632705e-01	2.831222e-03	7.082935e-02	6.933048e-02	8.017990e-06
0.790	2.708811e-01	2.679911e-01	2.889754e-03	7.339652e-02	7.183910e-02	8.352906e-06
0.800	2.757338e-01	2.727842e-01	2.949460e-03	7.604956e-02	7.443132e-02	8.701628e-06
0.810	2.806632e-01	2.776525e-01	3.010378e-03	7.879319e-02	7.711204e-02	9.064781e-06
0.820	2.856725e-01	2.826000e-01	3.072570e-03	8.163050e-02	7.988423e-02	9.443183e-06
0.830	2.907652e-01	2.876292e-01	3.136079e-03	8.456680e-02	8.275284e-02	9.837578e-06
0.840	2.959455e-01	2.927440e-01	3.200974e-03	8.760689e-02	8.572214e-02	1.024890e-05
0.850	3.012160e-01	2.979487e-01	3.267302e-03	9.075473e-02	8.879721e-02	1.067807e-05
0.860	3.065814e-01	3.032459e-01	3.335140e-03	9.401681e-02	9.198265e-02	1.112606e-05
0.870	3.120460e-01	3.086418e-01	3.404538e-03	9.739808e-02	9.528516e-02	1.159389e-05
0.880	3.176148e-01	3.141391e-01	3.475594e-03	1.009055e-01	9.870934e-02	1.208285e-05
0.890	3.232919e-01	3.197437e-01	3.548360e-03	1.045447e-01	1.022631e-01	1.259414e-05
0.900	3.290827e-01	3.254597e-01	3.622925e-03	1.083233e-01	1.059515e-01	1.312899e-05
0.910	3.349928e-01	3.312934e-01	3.699393e-03	1.122488e-01	1.097840e-01	1.368899e-05
0.920	3.410285e-01	3.372501e-01	3.777831e-03	1.163302e-01	1.137674e-01	1.427569e-05
0.930	3.471951e-01	3.433363e-01	3.858359e-03	1.205750e-01	1.179105e-01	1.489069e-05
0.940	3.534997e-01	3.495587e-01	3.941065e-03	1.249937e-01	1.222231e-01	1.553592e-05
0.950	3.599486e-01	3.559239e-01	4.026052e-03	1.295968e-01	1.267145e-01	1.621335e-05
0.960	3.665533e-01	3.624377e-01	4.113480e-03	1.343947e-01	1.313960e-01	1.692509e-05
0.970	3.733162e-01	3.691133e-01	4.203464e-03	1.394003e-01	1.362794e-01	1.767359e-05
0.980	3.802487e-01	3.759528e-01	4.296110e-03	1.446264e-01	1.413771e-01	1.846139e-05
0.990	3.873615e-01	3.829696e-01	4.391599e-03	1.500872e-01	1.467038e-01	1.929122e-05
1.000	3.946622e-01	3.901731e-01	4.490081e-03	1.557987e-01	1.522745e-01	2.016621e-05
