   1.0000000000000000        0.0000000000000000       0.46600291028248553       0.72780229808163477            10000
 i   solar flux    satshine flux      total flux
 -----------------------------------------------
           1   1348.6434426615665        12.508923787055659        1361.1523664486222     
           2   127.45666365916776        2.9901625186614913        130.44682617782925     
           3   189.24653781373053        2.5614887898238825        191.80802660355440     
           4   79.674132206509739        1.1970664457457738        80.871198652255515     
           5   57.972726839581178       0.94524586095864194        58.917972700539821     
           6   34.016134277182680       0.52277717800996470        34.538911455192647     
           7   23.329040919783090       0.36025717680513658        23.689298096588224     
           8   13.442494140821703       0.20566652924104684        13.648160670062749     
           9   10.701382783291091       0.17114010057278589        10.872522883863876     
          10   6.7474187052032368        9.1921207356742154E-002   6.8393399125599794     
          11   3.4289147272064087        6.4404725472012550E-002   3.4933194526784210     
          12   3.6108265838153062        5.7515688271859267E-002   3.6683422720871652     
          13   1.2521171513016078        2.8379486929750987E-002   1.2804966382313587     
          14   1.3201335966290779        9.1542727241797402E-003   1.3292878693532577     
          15  0.21583174215787476        2.5932020065735245E-003  0.21842494416444830     
          16  0.76428876760092379        4.3248872592874642E-003  0.76861365486021127     
          17  0.28771398012590926        6.2773024421120798E-003  0.29399128256802132     
          18  0.13829929235950081        0.0000000000000000       0.13829929235950081     
          19  0.12775825787175993        0.0000000000000000       0.12775825787175993     
          20   0.0000000000000000        0.0000000000000000        0.0000000000000000     
