   1.0000000000000000        0.0000000000000000       0.46600291028248553       0.72780229808163477            10000
 i   solar flux    satshine flux      total flux
 -----------------------------------------------
           1   1352.8597364028474        12.237276352506875        1365.0970127553542     
           2   117.82148309858604        2.9176150113461028        120.73909810993214     
           3   180.25200889740086        2.4755608828155267        182.72756978021638     
           4   67.413904759671553        1.2547256415112380        68.668630401182796     
           5   59.977897354237612       0.87496329896822922        60.852860653205845     
           6   29.468094044415778       0.54172922414705749        30.009823268562837     
           7   19.756079362184003       0.33439411527004131        20.090473477454044     
           8   12.166057775287953       0.28134349765336786        12.447401272941320     
           9   10.451128344248811       0.13279147783661926        10.583919822085431     
          10   6.5617140229923745       0.10726004739307900        6.6689740703854534     
          11   4.4517448943941202        5.8530417783196072E-002   4.5102753121773160     
          12   3.1447822774564815        4.1651831737659545E-002   3.1864341091941411     
          13   1.6620084757313536        3.4825948493698959E-002   1.6968344242250526     
          14   1.1177764036654316        1.9236559391529882E-002   1.1370129630569614     
          15  0.68799738346659456        1.5739799840142971E-002  0.70373718330673751     
          16  0.93328976021550369        1.5599440252806667E-002  0.94888920046831038     
          17   1.3955076930729717        0.0000000000000000        1.3955076930729717     
          18  0.26738611602032863        0.0000000000000000       0.26738611602032863     
          19  0.14791000109794925        0.0000000000000000       0.14791000109794925     
          20   9.8267461356632668E-002   1.2972905748652303E-002  0.11124036710528497     
