 Curly R     I/F(total)  I/F(solar)   I/F(saturn)
 ---------------------------------------------------
  0.010    2.8993E-03    2.8732E-03    2.6029E-05
  0.020    5.8039E-03    5.7517E-03    5.2185E-05
  0.030    8.7141E-03    8.6356E-03    7.8472E-05
  0.040    1.1630E-02    1.1525E-02    1.0489E-04
  0.050    1.4552E-02    1.4421E-02    1.3145E-04
  0.060    1.7481E-02    1.7323E-02    1.5815E-04
  0.070    2.0416E-02    2.0231E-02    1.8499E-04
  0.080    2.3358E-02    2.3146E-02    2.1198E-04
  0.090    2.6307E-02    2.6068E-02    2.3912E-04
  0.100    2.9263E-02    2.8997E-02    2.6641E-04
  0.110    3.2227E-02    3.1933E-02    2.9387E-04
  0.120    3.5199E-02    3.4878E-02    3.2148E-04
  0.130    3.8179E-02    3.7830E-02    3.4927E-04
  0.140    4.1168E-02    4.0791E-02    3.7722E-04
  0.150    4.4166E-02    4.3760E-02    4.0535E-04
  0.160    4.7172E-02    4.6738E-02    4.3366E-04
  0.170    5.0188E-02    4.9726E-02    4.6216E-04
  0.180    5.3214E-02    5.2723E-02    4.9084E-04
  0.190    5.6250E-02    5.5730E-02    5.1972E-04
  0.200    5.9296E-02    5.8747E-02    5.4879E-04
  0.210    6.2353E-02    6.1775E-02    5.7807E-04
  0.220    6.5421E-02    6.4813E-02    6.0756E-04
  0.230    6.8500E-02    6.7863E-02    6.3726E-04
  0.240    7.1591E-02    7.0924E-02    6.6718E-04
  0.250    7.4695E-02    7.3997E-02    6.9732E-04
  0.260    7.7811E-02    7.7083E-02    7.2770E-04
  0.270    8.0939E-02    8.0181E-02    7.5831E-04
  0.280    8.4082E-02    8.3292E-02    7.8916E-04
  0.290    8.7237E-02    8.6417E-02    8.2026E-04
  0.300    9.0407E-02    8.9556E-02    8.5162E-04
  0.310    9.3592E-02    9.2709E-02    8.8323E-04
  0.320    9.6792E-02    9.5877E-02    9.1511E-04
  0.330    1.0001E-01    9.9060E-02    9.4727E-04
  0.340    1.0324E-01    1.0226E-01    9.7971E-04
  0.350    1.0649E-01    1.0547E-01    1.0124E-03
  0.360    1.0975E-01    1.0870E-01    1.0455E-03
  0.370    1.1303E-01    1.1195E-01    1.0788E-03
  0.380    1.1633E-01    1.1522E-01    1.1124E-03
  0.390    1.1965E-01    1.1850E-01    1.1464E-03
  0.400    1.2299E-01    1.2181E-01    1.1807E-03
  0.410    1.2634E-01    1.2513E-01    1.2153E-03
  0.420    1.2972E-01    1.2847E-01    1.2503E-03
  0.430    1.3312E-01    1.3183E-01    1.2856E-03
  0.440    1.3654E-01    1.3522E-01    1.3214E-03
  0.450    1.3998E-01    1.3862E-01    1.3574E-03
  0.460    1.4345E-01    1.4205E-01    1.3939E-03
  0.470    1.4693E-01    1.4550E-01    1.4308E-03
  0.480    1.5045E-01    1.4898E-01    1.4681E-03
  0.490    1.5398E-01    1.5248E-01    1.5058E-03
  0.500    1.5755E-01    1.5600E-01    1.5439E-03
  0.510    1.6114E-01    1.5956E-01    1.5825E-03
  0.520    1.6475E-01    1.6313E-01    1.6215E-03
  0.530    1.6840E-01    1.6674E-01    1.6610E-03
  0.540    1.7207E-01    1.7037E-01    1.7010E-03
  0.550    1.7578E-01    1.7404E-01    1.7415E-03
  0.560    1.7951E-01    1.7773E-01    1.7826E-03
  0.570    1.8328E-01    1.8146E-01    1.8241E-03
  0.580    1.8708E-01    1.8522E-01    1.8662E-03
  0.590    1.9092E-01    1.8901E-01    1.9089E-03
  0.600    1.9479E-01    1.9284E-01    1.9521E-03
  0.610    1.9869E-01    1.9670E-01    1.9960E-03
  0.620    2.0264E-01    2.0060E-01    2.0405E-03
  0.630    2.0662E-01    2.0453E-01    2.0856E-03
  0.640    2.1064E-01    2.0851E-01    2.1314E-03
  0.650    2.1471E-01    2.1253E-01    2.1779E-03
  0.660    2.1882E-01    2.1659E-01    2.2251E-03
  0.670    2.2297E-01    2.2069E-01    2.2730E-03
  0.680    2.2717E-01    2.2484E-01    2.3217E-03
  0.690    2.3141E-01    2.2904E-01    2.3711E-03
  0.700    2.3571E-01    2.3328E-01    2.4214E-03
  0.710    2.4005E-01    2.3758E-01    2.4725E-03
  0.720    2.4445E-01    2.4193E-01    2.5245E-03
  0.730    2.4891E-01    2.4633E-01    2.5774E-03
  0.740    2.5342E-01    2.5079E-01    2.6313E-03
  0.750    2.5799E-01    2.5530E-01    2.6861E-03
  0.760    2.6262E-01    2.5988E-01    2.7419E-03
  0.770    2.6732E-01    2.6452E-01    2.7988E-03
  0.780    2.7208E-01    2.6922E-01    2.8568E-03
  0.790    2.7691E-01    2.7400E-01    2.9159E-03
  0.800    2.8182E-01    2.7884E-01    2.9762E-03
  0.810    2.8680E-01    2.8376E-01    3.0377E-03
  0.820    2.9186E-01    2.8876E-01    3.1005E-03
  0.830    2.9700E-01    2.9383E-01    3.1646E-03
  0.840    3.0222E-01    2.9899E-01    3.2301E-03
  0.850    3.0754E-01    3.0424E-01    3.2971E-03
  0.860    3.1294E-01    3.0958E-01    3.3656E-03
  0.870    3.1845E-01    3.1501E-01    3.4357E-03
  0.880    3.2406E-01    3.2055E-01    3.5074E-03
  0.890    3.2977E-01    3.2619E-01    3.5809E-03
  0.900    3.3560E-01    3.3194E-01    3.6562E-03
  0.910    3.4154E-01    3.3781E-01    3.7333E-03
  0.920    3.4761E-01    3.4379E-01    3.8125E-03
  0.930    3.5380E-01    3.4991E-01    3.8938E-03
  0.940    3.6014E-01    3.5616E-01    3.9773E-03
  0.950    3.6662E-01    3.6255E-01    4.0631E-03
  0.960    3.7325E-01    3.6910E-01    4.1514E-03
  0.970    3.8004E-01    3.7580E-01    4.2422E-03
  0.980    3.8700E-01    3.8266E-01    4.3358E-03
  0.990    3.9414E-01    3.8971E-01    4.4322E-03
  1.000    4.0147E-01    3.9694E-01    4.5317E-03
