   1.0000000000000000        0.0000000000000000       0.46600291028248553       0.72780229808163477            10000
 i   solar flux    satshine flux      total flux
 -----------------------------------------------
           1   1319.0156018278112        12.005075911132613        1331.0206777389437     
           2   120.49917017942877        3.0702936514771451        123.56946383090592     
           3   185.49931379050878        2.2252032793622356        187.72451706987101     
           4   79.348660342459254        1.4065219456583768        80.755182288117638     
           5   60.442456491601860       0.77995189971991430        61.222408391321771     
           6   31.420920651458559       0.58147643432737306        32.002397085785930     
           7   22.174752678975928       0.31940605194920368        22.494158730925133     
           8   13.670419982916810       0.21440558532352011        13.884825568240331     
           9   9.8116494175470788       0.17444328392506045        9.9860927014721383     
          10   6.4354349993584377        9.5319415052870157E-002   6.5307544144113079     
          11   5.4862291863771437        6.2671156222834964E-002   5.5489003425999783     
          12   2.9134155316664034        3.4908848750464905E-002   2.9483243804168682     
          13   1.6006391801037601        2.2601748393567957E-002   1.6232409284973279     
          14   2.1311761775650000        1.9516597724684125E-002   2.1506927752896843     
          15   1.5852590553337949        9.5254801320778274E-004   1.5862116033470026     
          16   1.0507621934052160        8.9771803019543118E-003   1.0597393737071703     
          17  0.67902985704851715        1.0224337971736889E-002  0.68925419502025409     
          18  0.77611357988768004        1.3855548895437246E-002  0.78996912878311731     
          19  0.32940804598356405        1.1532157628237965E-002  0.34094020361180200     
          20  0.13828734426839670        5.3790825771551616E-003  0.14366642684555186     
