   1.0000000000000000        0.0000000000000000       0.46600291028248553       0.72780229808163477            10000
 i   solar flux    satshine flux      total flux
 -----------------------------------------------
           1   1346.4703392951005        12.588997097607649        1359.0593363927082     
           2   119.79209661890670        3.1272418525958430        122.91933847150254     
           3   185.23275813964983        2.2700115431204990        187.50276968277032     
           4   70.916372189620873        1.3039099150543454        72.220282104675221     
           5   60.954438136438149       0.95739884488822258        61.911836981326374     
           6   34.534414649617538       0.56440235225777435        35.098817001875311     
           7   23.482091175592497       0.43876085114698471        23.920852026739482     
           8   17.486336605313422       0.22681447942118102        17.713151084734601     
           9   9.8738337734397970       0.18408644165745047        10.057920215097248     
          10   7.2644357189353430       0.14083631105655409        7.4052720299918970     
          11   4.8659294605277621       0.11336623613613737        4.9792956966638995     
          12   3.4116182595431104        7.6376101903057242E-002   3.4879943614461677     
          13   1.7989019175035990        3.6077729966461441E-002   1.8349796474700604     
          14  0.97551382982178769        2.8476108897021429E-002   1.0039899387188091     
          15  0.31773648691182799        1.7217297339675443E-002  0.33495378425150341     
          16   1.3377351703091420        1.4490951535214057E-002   1.3522261218443561     
          17  0.66260432008307457        1.1756079567971462E-002  0.67436039965104599     
          18  0.28855327181654805        5.0871559988915419E-003  0.29364042781543959     
          19  0.28983426075312574        5.2231321729001804E-003  0.29505739292602590     
          20   0.0000000000000000        5.2663376815699310E-003   5.2663376815699310E-003
