   1.0000000000000000        0.0000000000000000       0.46600291028248553       0.72780229808163477            10000
 i   solar flux    satshine flux      total flux
 -----------------------------------------------
           1   1361.2204269771255        12.231889431230652        1373.4523164083562     
           2   116.16074027759389        3.2074243876520425        119.36816466524593     
           3   167.41943369660751        2.4151632621513590        169.83459695875888     
           4   68.165439006633662        1.2500628324731056        69.415501839106767     
           5   50.571582360168193       0.82942712756377546        51.401009487731969     
           6   28.512635961970805       0.53663031197631972        29.049266273947126     
           7   19.808628765416849       0.32584354380827835        20.134472309225128     
           8   12.682572155016182       0.24268402003203579        12.925256175048217     
           9   7.3695908634442731       0.11046216566890144        7.4800530291131748     
          10   6.5275149041218867       0.10843742011891863        6.6359523242408054     
          11   4.1228535860303888        3.6097201818995006E-002   4.1589507878493839     
          12   2.5667214064944210        3.9046679823133368E-002   2.6057680863175543     
          13   1.8785745614553537        3.1342500529216957E-002   1.9099170619845707     
          14  0.43467731046818880        4.4617245861912042E-002  0.47929455633010087     
          15  0.84349582339356566        2.1292225974811750E-002  0.86478804936837739     
          16  0.13828914398970238        9.1722993425356857E-003  0.14746144333223807     
          17  0.18107655907982595        1.1058190462416288E-002  0.19213474954224224     
          18  0.16081159425609434        6.4959361953754958E-005  0.16087655361804809     
          19  0.28094454239377220        0.0000000000000000       0.28094454239377220     
          20   7.4720908709406009E-002   1.3772003599145113E-003   7.6098109069320519E-002
