   1.0000000000000000        0.0000000000000000       0.46600291028248553       0.72780229808163477            10000
 i   solar flux    satshine flux      total flux
 -----------------------------------------------
           1   1323.3054048177919        12.197153563263170        1335.5025583810550     
           2   117.61895988646391        3.0654031289407273        120.68436301540464     
           3   176.25108391937002        2.2899915383180005        178.54107545768801     
           4   68.998408978725053        1.2213541745162073        70.219763153241260     
           5   47.803515557663978       0.80806337716191312        48.611578934825893     
           6   33.769645136800030       0.58187218269696028        34.351517319496992     
           7   20.115151648458713       0.39546433471495118        20.510615983173665     
           8   13.405995972078435       0.20712353483464516        13.613119506913080     
           9   8.8300007746108093       0.17230226944296698        9.0023030440537770     
          10   5.9948763191172354        8.8887551139042870E-002   6.0837638702562780     
          11   3.0248092342687518        7.2373343298826040E-002   3.0971825775675779     
          12   3.0520619279126167        6.0001082428838774E-002   3.1120630103414553     
          13   1.6962294442994597        5.0107895764225321E-002   1.7463373400636850     
          14  0.66642595443700303        9.3086810464298089E-003  0.67573463548343282     
          15  0.79616310693340941        2.7557880900081346E-002  0.82372098783349079     
          16  0.42807478972263791        1.5096520137342532E-002  0.44317130985998043     
          17   1.5921483385443819E-002   1.5844936832697328E-002   3.1766420218141148E-002
          18  0.43245529780263903        0.0000000000000000       0.43245529780263903     
          19  0.47738241837590650        3.2151215906802816E-003  0.48059753996658677     
          20   7.5261038229265290E-002   4.8462587889150539E-003   8.0107297018180340E-002
