   1.0000000000000000        0.0000000000000000       0.46600291028248553       0.72780229808163477            10000
 i   solar flux    satshine flux      total flux
 -----------------------------------------------
           1   1367.1336668992460        12.389584705529172        1379.5232516047752     
           2   121.80360610113942        3.0579027444282918        124.86150884556771     
           3   174.21234891884194        2.3150313290009938        176.52738024784293     
           4   66.347476061372177        1.1746414063860331        67.522117467758207     
           5   50.244071903366617       0.81595467137734456        51.060026574743965     
           6   27.575201289906396       0.46328155447893904        28.038482844385335     
           7   21.307773103411257       0.37063961956481994        21.678412722976077     
           8   13.569321658750926       0.21486629159658915        13.784187950347516     
           9   8.1086283090402027       0.14373011528134080        8.2523584243215442     
          10   6.0417157733172591        8.1317930460446705E-002   6.1230337037777058     
          11   3.8940996770313991        7.9134095407846966E-002   3.9732337724392459     
          12   3.4718531625653566        5.6478001112452422E-002   3.5283311636778092     
          13   2.0741008731396251        3.5441672281062708E-002   2.1095425454206880     
          14   1.2574111918227713        2.4329347543518322E-002   1.2817405393662895     
          15  0.98139495440516944        1.4781071723975714E-002  0.99617602612914513     
          16  0.44520487399291375        1.8810204636280158E-002  0.46401507862919389     
          17  0.55194653498235802        1.0607471095372491E-002  0.56255400607773054     
          18  0.25329313898343081        6.8261718336606993E-003  0.26011931081709150     
          19  0.72198805758876272        8.3476602596874172E-003  0.73033571784845019     
          20  0.13063367076334237        6.9062986416807805E-003  0.13753996940502314     
