   1.0000000000000000        0.0000000000000000       0.46600291028248553       0.72780229808163477            10000
 i   solar flux    satshine flux      total flux
 -----------------------------------------------
           1   1314.3233714691062        11.676187501871739        1325.9995589709779     
           2   130.94615774613189        3.0168889679142072        133.96304671404610     
           3   184.92577842885521        2.4466014713149877        187.37237990017019     
           4   73.470807642447340        1.2588024293571112        74.729610071804458     
           5   56.329726431349442       0.90023234051667511        57.229958771866116     
           6   32.973726616995080       0.52464940417724215        33.498376021172319     
           7   20.810684664552596       0.33127685700110149        21.141961521553696     
           8   18.020725913588223       0.23034617717671349        18.251072090764936     
           9   10.805052648643045       0.16665658746203185        10.971709236105077     
          10   7.7244029055971533        8.4443340914128459E-002   7.8088462465112816     
          11   4.9055419928888888        9.0317065619569453E-002   4.9958590585084579     
          12   3.1434105784613573        5.1171656829760832E-002   3.1945822352911182     
          13   1.9203134221023155        2.5108115447737972E-002   1.9454215375500534     
          14  0.82933089102882918        1.8462286265597129E-002  0.84779317729442627     
          15   1.3346411250539940        1.1906685537173268E-002   1.3465478105911672     
          16  0.63149124110648858        5.2968546554510217E-003  0.63678809576193962     
          17  0.57159392788606667        1.3157322112696516E-002  0.58475124999876316     
          18  0.12542694437832841        4.0497558807208860E-004  0.12583191996640050     
          19  0.43170983737832469        1.5422538843232771E-003  0.43325209126264796     
          20   1.9732469616015141E-002   3.9520443959966507E-004   2.0127674055614806E-002
