   1.0000000000000000        0.0000000000000000       0.46600291028248553       0.72780229808163477            10000
 i   solar flux    satshine flux      total flux
 -----------------------------------------------
           1   1304.3738702329119        11.745873904660325        1316.1197441375723     
           2   117.66469639276880        2.9372835978678631        120.60197999063666     
           3   174.53724752098447        2.2835379605151109        176.82078548149957     
           4   79.216012757331683        1.3805194410317736        80.596532198363462     
           5   58.776166032199292       0.92623142381773471        59.702397456017025     
           6   32.307347099398370       0.57437119561641392        32.881718295014785     
           7   23.524933250725333       0.38726433755443840        23.912197588279771     
           8   16.092731281221010       0.24990895406101446        16.342640235282023     
           9   10.812685434047967       0.16327039314345718        10.975955827191425     
          10   5.2735544326063728        8.4656464778840271E-002   5.3582108973852129     
          11   6.4873015156224509        9.3258674186820045E-002   6.5805601898092707     
          12   2.7786071979739155        3.4194812365112577E-002   2.8128020103390283     
          13   1.8688105019213102        2.5626315645421494E-002   1.8944368175667317     
          14   1.5158261155122821        2.4463020549458578E-002   1.5402891360617406     
          15  0.56448803172420103        2.3815247304093085E-002  0.58830327902829416     
          16  0.38609429498765740        5.5305195764669525E-003  0.39162481456412435     
          17  0.32748664857900267        8.0364318945117894E-003  0.33552308047351448     
          18   0.0000000000000000        1.0658536132622796E-002   1.0658536132622796E-002
          19   4.3785321687599216E-002   2.8688025772997056E-003   4.6654124264898920E-002
          20  0.51515502716978689        2.9601233110005064E-003  0.51811515048078738     
