   1.0000000000000000        0.0000000000000000       0.46600291028248553       0.72780229808163477            10000
 i   solar flux    satshine flux      total flux
 -----------------------------------------------
           1   1314.5752206334071        11.621203230208543        1326.1964238636156     
           2   119.16067499090070        2.8721282197551417        122.03280321065584     
           3   164.62592750980238        2.3429595585895688        166.96888706839195     
           4   70.554097116786124        1.2040928532294799        71.758189970015607     
           5   52.365806624703481       0.79243747334068482        53.158244098044165     
           6   32.149380676022858       0.48347564396770659        32.632856319990566     
           7   22.979648858966684       0.34673070502350267        23.326379563990187     
           8   17.048053187945655       0.24377798177496160        17.291831169720616     
           9   9.4555976982984919       0.15005250954740576        9.6056502078458976     
          10   5.2849947854328452       0.11693301544022806        5.4019278008730733     
          11   4.0188984345002083        7.8170860401441833E-002   4.0970692949016501     
          12   1.6164562736156691        3.0324648349260849E-002   1.6467809219649299     
          13   1.5095189840734657        4.4078743175944374E-002   1.5535977272494101     
          14   1.0034887787319500        1.9103635385318760E-002   1.0225924141172686     
          15   1.1850880567739051        2.8554271373135525E-002   1.2136423281470405     
          16  0.84539004757770109        1.1588313518027436E-002  0.85697836109572856     
          17  0.14693754191792655        9.6181195908377759E-003  0.15655566150876432     
          18  0.56318162852092446        7.2176325587720727E-003  0.57039926107969652     
          19   0.0000000000000000        2.4399056942026641E-003   2.4399056942026641E-003
          20  0.30668981506800153        4.5430689015620342E-003  0.31123288396956356     
