   1.0000000000000000        0.0000000000000000       0.46600291028248553       0.72780229808163477            10000
 i   solar flux    satshine flux      total flux
 -----------------------------------------------
           1   1367.7477052827790        11.823624781871269        1379.5713300646503     
           2   119.14138562439967        3.0954682366147765        122.23685386101445     
           3   174.19402416047996        2.4876390819063241        176.68166324238629     
           4   74.910982490621052        1.2810263470799776        76.192008837701025     
           5   55.111274321212491       0.92848860966835067        56.039762930880840     
           6   32.110725541779914       0.48700219405985617        32.597727735839769     
           7   16.535931122658905       0.35567086519200403        16.891601987850908     
           8   16.194416952332126       0.21701299711311395        16.411429949445239     
           9   8.7070082438049443       0.19552491106579356        8.9025331548707385     
          10   5.3568836995126690        9.9537659668691172E-002   5.4564213591813600     
          11   4.2191910980177205        9.3901292577211304E-002   4.3130923905949317     
          12   2.3107224133396103        4.6886635868886882E-002   2.3576090492084973     
          13   2.6769564521009404        4.1359932751505138E-002   2.7183163848524456     
          14  0.72869941876066158        2.4932515392880415E-002  0.75363193415354202     
          15  0.84779901836475047        1.0635881631872139E-002  0.85843489999662259     
          16  0.64815204618593714        9.9403280941447458E-003  0.65809237428008194     
          17  0.92028022780157759        2.6809301533015285E-004  0.92054832081690774     
          18  0.64762266161693449        1.0677611540593162E-002  0.65830027315752770     
          19  0.10019611729354477        7.8528229338747039E-003  0.10804894022741948     
          20  0.36849700804967311        1.1112647188958689E-002  0.37960965523863183     
