   1.0000000000000000        0.0000000000000000       0.46600291028248553       0.72780229808163477            10000
 i   solar flux    satshine flux      total flux
 -----------------------------------------------
           1   1365.9988498689340        12.630039699100642        1378.6288895680348     
           2   127.30295730968197        2.7809459595799835        130.08390326926195     
           3   179.42671848301649        2.3398746195897258        181.76659310260621     
           4   65.858806005565100        1.1456743600456181        67.004480365610718     
           5   48.464336539417388       0.81527964022744714        49.279616179644833     
           6   30.272564114159564       0.52999151287547486        30.802555627035041     
           7   21.107519596795292       0.27659588983851446        21.384115486633807     
           8   13.727556934970936       0.23665107113330699        13.964208006104244     
           9   11.160394882729753       0.13636394284623121        11.296758825575983     
          10   5.7056769672761352       0.10518360673375796        5.8108605740098929     
          11   3.8937899655003818        7.7128727456430096E-002   3.9709186929568121     
          12   1.8434560309080543        6.4370304127754630E-002   1.9078263350358089     
          13   1.4289518865445583        2.3015990698842616E-002   1.4519678772434008     
          14   1.6316066196004462        2.0938692610104000E-002   1.6525453122105502     
          15  0.34325968600103385        6.0638478733817626E-003  0.34932353387441561     
          16  0.58018397051324222        9.1130033714590507E-003  0.58929697388470126     
          17  0.14415563169640216        2.9104173021746249E-003  0.14706604899857678     
          18  0.13050707993129906        4.5961701681357095E-003  0.13510325009943477     
          19   4.0257883427663836E-002   4.3557616987857165E-003   4.4613645126449553E-002
          20  0.60113683785635486        2.3195546113904228E-003  0.60345639246774530     
