   1.0000000000000000        0.0000000000000000       0.46600291028248553       0.72780229808163477            10000
 i   solar flux    satshine flux      total flux
 -----------------------------------------------
           1   1295.4862645805222        11.608600473027286        1307.0948650535495     
           2   117.39685840996694        2.8876461314939470        120.28450454146089     
           3   179.95078956639946        2.3075549892632194        182.25834455566269     
           4   66.835172808344879        1.1818861612557321        68.017058969600612     
           5   57.998292175602522       0.89005878049933396        58.888350956101853     
           6   33.282091141471454       0.52122751789031030        33.803318659361764     
           7   23.060795962797467       0.37417492034543393        23.434970883142903     
           8   13.506440361975235       0.23683019305062944        13.743270555025864     
           9   8.1034845539667568       0.15943079037118360        8.2629153443379408     
          10   5.4440400200877068       0.10528754890247301        5.5493275689901802     
          11   3.9435411285991036        7.4960239614824301E-002   4.0185013682139274     
          12   2.8465418169630210        4.2605963423943731E-002   2.8891477803869647     
          13   1.6358991991465501        3.5353445943883330E-002   1.6712526450904335     
          14   1.0198984837963190        5.3511822508606624E-003   1.0252496660471797     
          15   1.1611197866227430        2.7208082278117916E-002   1.1883278689008610     
          16  0.69443488862715941        4.4809095976511065E-003  0.69891579822481054     
          17   1.2560097020506396        9.4982987195360181E-003   1.2655080007701756     
          18   1.1615188397165146        1.7368701534281967E-003   1.1632557098699428     
          19  0.28327823857524242        6.3638718913320916E-003  0.28964211046657451     
          20  0.34128957875805144        0.0000000000000000       0.34128957875805144     
