   1.0000000000000000        0.0000000000000000       0.46600291028248553       0.72780229808163477            10000
 i   solar flux    satshine flux      total flux
 -----------------------------------------------
           1   1303.5122517427267        12.129205721329482        1315.6414574640562     
           2   125.51181627732061        2.9744926473876161        128.48630892470823     
           3   190.83222435587842        2.5217470093503231        193.35397136522874     
           4   67.917436762286783        1.2558062792649838        69.173243041551771     
           5   57.917591167588157       0.92983029468005229        58.847421462268208     
           6   41.379659906553378       0.50513040689688626        41.884790313450267     
           7   24.347148160418428       0.33426000044303561        24.681408160861462     
           8   17.277034572664213       0.25325778355107037        17.530292356215284     
           9   10.178933147156208       0.17592350588275363        10.354856653038961     
          10   6.5095501348292277       0.13311806800694867        6.6426682028361768     
          11   4.1490208994757207        5.5298767079127911E-002   4.2043196665548486     
          12   2.2642493097697622        5.1852012395573140E-002   2.3161013221653355     
          13   2.0953251839845852        3.3014125300588913E-002   2.1283393092851743     
          14   2.3746665935891671        1.2196784135462905E-002   2.3868633777246302     
          15  0.80028311118770223        7.5361595862541760E-003  0.80781927077395643     
          16  0.47239870049097893        1.8127163239627118E-002  0.49052586373060603     
          17  0.18101494497112161        7.9808711379634519E-003  0.18899581610908506     
          18  0.71666002298956011        0.0000000000000000       0.71666002298956011     
          19   0.0000000000000000        0.0000000000000000        0.0000000000000000     
          20   0.0000000000000000        6.3544301777349803E-004   6.3544301777349803E-004
