   1.0000000000000000        0.0000000000000000       0.46600291028248553       0.72780229808163477            10000
 i   solar flux    satshine flux      total flux
 -----------------------------------------------
           1   1259.2024013464072        11.795569273213170        1270.9979706196204     
           2   124.94001527297492        2.9422990612872448        127.88231433426216     
           3   171.17580604821131        2.3835292389779692        173.55933528718927     
           4   75.571852760486507        1.3646023551915214        76.936455115678029     
           5   53.442868648677916       0.87979902867032667        54.322667677348242     
           6   35.803903372926911       0.55200230692941121        36.355905679856320     
           7   21.586193407001765       0.32440160814910879        21.910595015150875     
           8   18.140316607842184       0.20977494066459890        18.350091548506782     
           9   11.050229310984722       0.16713430427857517        11.217363615263297     
          10   9.1549303798807564        8.9405648129291290E-002   9.2443360280100482     
          11   4.5520089317554913        8.3904942771437119E-002   4.6359138745269286     
          12   2.6000980937398279        6.2005451731163008E-002   2.6621035454709912     
          13   3.0802794932572288        4.2608596072049407E-002   3.1228880893292783     
          14   1.1056053663065146        4.6313101974106020E-002   1.1519184682806207     
          15  0.60424539687359746        0.0000000000000000       0.60424539687359746     
          16  0.62431407162628150        4.9916920915673525E-003  0.62930576371784885     
          17  0.54600170272445392        4.5269363935888565E-003  0.55052863911804273     
          18   0.0000000000000000        0.0000000000000000        0.0000000000000000     
          19   7.3390319026471529E-002   9.7242798715381582E-003   8.3114598898009692E-002
          20  0.31553112371313824        2.7958336562517827E-003  0.31832695736939004     
