   1.0000000000000000        0.0000000000000000       0.46600291028248553       0.72780229808163477            10000
 i   solar flux    satshine flux      total flux
 -----------------------------------------------
           1   1294.6350854917971        12.342587849142381        1306.9776733409394     
           2   112.09979430167715        3.0766870163212370        115.17648131799838     
           3   178.54758410218557        2.4480175507483435        180.99560165293391     
           4   76.854807475536262        1.2557653583149415        78.110572833851208     
           5   56.848239059247078       0.82623789753801336        57.674476956785092     
           6   37.606420943622467       0.55110724099224340        38.157528184614712     
           7   20.214447908633687       0.41829299653488577        20.632740905168571     
           8   14.009020772207069       0.22778037271001011        14.236801144917079     
           9   8.9180025671406256       0.19199871182263759        9.1100012789632636     
          10   4.4384205158535686        8.0978972686328893E-002   4.5193994885398974     
          11   3.6588979452446440        6.3969761218741136E-002   3.7228677064633851     
          12   2.2581784509598584        3.8289465233534666E-002   2.2964679161933930     
          13   1.1269978560214575        2.9251316311828167E-002   1.1562491723332857     
          14   1.1029713226980982        1.1311806880567463E-002   1.1142831295786657     
          15  0.86589011931726101        1.0066102738867566E-002  0.87595622205612855     
          16   0.0000000000000000        3.8307981946001141E-003   3.8307981946001141E-003
          17  0.23815933063575492        0.0000000000000000       0.23815933063575492     
          18  0.13894545519585533        9.7362069300616788E-004  0.13991907588886149     
          19  0.46413105698406087        0.0000000000000000       0.46413105698406087     
          20   0.0000000000000000        0.0000000000000000        0.0000000000000000     
