   1.0000000000000000        0.0000000000000000       0.46600291028248553       0.72780229808163477            10000
 i   solar flux    satshine flux      total flux
 -----------------------------------------------
           1   1296.9854220246280        11.913649179156279        1308.8990712037842     
           2   121.28916409600247        2.9417978870393795        124.23096198304185     
           3   176.51190973651674        2.1929253817002561        178.70483511821701     
           4   70.857319894689610        1.2568743263306548        72.114194221020270     
           5   57.815673425491866       0.77413345357676877        58.589806879068632     
           6   30.384571830930657       0.53359207915479667        30.918163910085454     
           7   26.500024654116139       0.37070002421406245        26.870724678330202     
           8   14.597474678993873       0.21337177992674275        14.810846458920615     
           9   10.191115617225567       0.16340363678091591        10.354519254006483     
          10   8.9540668281769928        8.8610906966430120E-002   9.0426777351434229     
          11   6.3809794828377058        5.9199008414043942E-002   6.4401784912517499     
          12   3.2632678888395183        4.0980356198803074E-002   3.3042482450383215     
          13   1.9359117771133569        3.1512634280963230E-002   1.9674244113943202     
          14   2.4896281538500338        1.2316171323344874E-002   2.5019443251733788     
          15   2.1383726904949079        6.1418801860684642E-003   2.1445145706809763     
          16  0.90226420132037433        9.3704866069933401E-003  0.91163468792736768     
          17  0.38271145617585683        5.4436937028704375E-003  0.38815514987872729     
          18  0.19330107889032799        4.1180645956631666E-003  0.19741914348599116     
          19   2.1681881321279430E-002   4.8462757570200592E-003   2.6528157078299489E-002
          20  0.35200250664710164        3.4140379283489452E-004  0.35234391043993651     
