 Curly R     I/F(total)  I/F(solar)   I/F(saturn)
 ---------------------------------------------------
  0.010    2.7999E-03    2.7742E-03    2.5678E-05
  0.020    5.6051E-03    5.5536E-03    5.1481E-05
  0.030    8.4159E-03    8.3385E-03    7.7414E-05
  0.040    1.1233E-02    1.1129E-02    1.0348E-04
  0.050    1.4055E-02    1.3926E-02    1.2968E-04
  0.060    1.6884E-02    1.6728E-02    1.5602E-04
  0.070    1.9720E-02    1.9537E-02    1.8250E-04
  0.080    2.2562E-02    2.2353E-02    2.0913E-04
  0.090    2.5412E-02    2.5176E-02    2.3591E-04
  0.100    2.8269E-02    2.8006E-02    2.6284E-04
  0.110    3.1134E-02    3.0844E-02    2.8993E-04
  0.120    3.4006E-02    3.3689E-02    3.1718E-04
  0.130    3.6887E-02    3.6542E-02    3.4460E-04
  0.140    3.9776E-02    3.9404E-02    3.7219E-04
  0.150    4.2675E-02    4.2275E-02    3.9995E-04
  0.160    4.5582E-02    4.5154E-02    4.2789E-04
  0.170    4.8499E-02    4.8043E-02    4.5601E-04
  0.180    5.1425E-02    5.0941E-02    4.8432E-04
  0.190    5.4362E-02    5.3849E-02    5.1282E-04
  0.200    5.7309E-02    5.6767E-02    5.4151E-04
  0.210    6.0267E-02    5.9696E-02    5.7041E-04
  0.220    6.3235E-02    6.2636E-02    5.9952E-04
  0.230    6.6216E-02    6.5587E-02    6.2883E-04
  0.240    6.9208E-02    6.8550E-02    6.5836E-04
  0.250    7.2213E-02    7.1524E-02    6.8812E-04
  0.260    7.5230E-02    7.4512E-02    7.1810E-04
  0.270    7.8260E-02    7.7511E-02    7.4832E-04
  0.280    8.1303E-02    8.0525E-02    7.7877E-04
  0.290    8.4361E-02    8.3551E-02    8.0947E-04
  0.300    8.7432E-02    8.6592E-02    8.4043E-04
  0.310    9.0519E-02    8.9647E-02    8.7164E-04
  0.320    9.3620E-02    9.2717E-02    9.0311E-04
  0.330    9.6737E-02    9.5803E-02    9.3486E-04
  0.340    9.9871E-02    9.8904E-02    9.6689E-04
  0.350    1.0302E-01    1.0202E-01    9.9920E-04
  0.360    1.0619E-01    1.0516E-01    1.0318E-03
  0.370    1.0937E-01    1.0831E-01    1.0647E-03
  0.380    1.1258E-01    1.1148E-01    1.0979E-03
  0.390    1.1580E-01    1.1467E-01    1.1315E-03
  0.400    1.1904E-01    1.1787E-01    1.1653E-03
  0.410    1.2230E-01    1.2110E-01    1.1995E-03
  0.420    1.2558E-01    1.2435E-01    1.2341E-03
  0.430    1.2888E-01    1.2761E-01    1.2689E-03
  0.440    1.3221E-01    1.3090E-01    1.3042E-03
  0.450    1.3555E-01    1.3421E-01    1.3398E-03
  0.460    1.3892E-01    1.3755E-01    1.3758E-03
  0.470    1.4232E-01    1.4091E-01    1.4122E-03
  0.480    1.4574E-01    1.4429E-01    1.4490E-03
  0.490    1.4918E-01    1.4769E-01    1.4863E-03
  0.500    1.5265E-01    1.5113E-01    1.5239E-03
  0.510    1.5615E-01    1.5459E-01    1.5620E-03
  0.520    1.5967E-01    1.5807E-01    1.6006E-03
  0.530    1.6323E-01    1.6159E-01    1.6396E-03
  0.540    1.6681E-01    1.6513E-01    1.6791E-03
  0.550    1.7043E-01    1.6871E-01    1.7191E-03
  0.560    1.7407E-01    1.7231E-01    1.7596E-03
  0.570    1.7775E-01    1.7595E-01    1.8006E-03
  0.580    1.8146E-01    1.7962E-01    1.8422E-03
  0.590    1.8521E-01    1.8333E-01    1.8844E-03
  0.600    1.8900E-01    1.8707E-01    1.9271E-03
  0.610    1.9282E-01    1.9085E-01    1.9704E-03
  0.620    1.9668E-01    1.9466E-01    2.0143E-03
  0.630    2.0058E-01    1.9852E-01    2.0589E-03
  0.640    2.0452E-01    2.0241E-01    2.1041E-03
  0.650    2.0850E-01    2.0635E-01    2.1500E-03
  0.660    2.1253E-01    2.1033E-01    2.1967E-03
  0.670    2.1661E-01    2.1436E-01    2.2440E-03
  0.680    2.2073E-01    2.1843E-01    2.2921E-03
  0.690    2.2490E-01    2.2256E-01    2.3410E-03
  0.700    2.2912E-01    2.2673E-01    2.3907E-03
  0.710    2.3339E-01    2.3095E-01    2.4412E-03
  0.720    2.3772E-01    2.3523E-01    2.4926E-03
  0.730    2.4211E-01    2.3957E-01    2.5449E-03
  0.740    2.4656E-01    2.4396E-01    2.5981E-03
  0.750    2.5107E-01    2.4841E-01    2.6523E-03
  0.760    2.5564E-01    2.5293E-01    2.7075E-03
  0.770    2.6028E-01    2.5752E-01    2.7638E-03
  0.780    2.6499E-01    2.6217E-01    2.8212E-03
  0.790    2.6977E-01    2.6689E-01    2.8797E-03
  0.800    2.7463E-01    2.7169E-01    2.9394E-03
  0.810    2.7956E-01    2.7656E-01    3.0003E-03
  0.820    2.8458E-01    2.8152E-01    3.0626E-03
  0.830    2.8968E-01    2.8656E-01    3.1262E-03
  0.840    2.9488E-01    2.9168E-01    3.1912E-03
  0.850    3.0016E-01    2.9690E-01    3.2577E-03
  0.860    3.0555E-01    3.0222E-01    3.3258E-03
  0.870    3.1104E-01    3.0764E-01    3.3954E-03
  0.880    3.1663E-01    3.1317E-01    3.4668E-03
  0.890    3.2234E-01    3.1880E-01    3.5400E-03
  0.900    3.2817E-01    3.2456E-01    3.6151E-03
  0.910    3.3413E-01    3.3043E-01    3.6922E-03
  0.920    3.4021E-01    3.3644E-01    3.7714E-03
  0.930    3.4644E-01    3.4258E-01    3.8528E-03
  0.940    3.5281E-01    3.4887E-01    3.9365E-03
  0.950    3.5933E-01    3.5531E-01    4.0227E-03
  0.960    3.6602E-01    3.6191E-01    4.1116E-03
  0.970    3.7288E-01    3.6868E-01    4.2032E-03
  0.980    3.7993E-01    3.7563E-01    4.2978E-03
  0.990    3.8717E-01    3.8277E-01    4.3956E-03
  1.000    3.9462E-01    3.9012E-01    4.4967E-03
