   1.0000000000000000        0.0000000000000000       0.46600291028248553       0.72780229808163477            10000
 i   solar flux    satshine flux      total flux
 -----------------------------------------------
           1   1305.2050360265919        12.056613811038801        1317.2616498376306     
           2   124.30248329338082        2.8866264557233645        127.18910974910418     
           3   171.10779828602520        2.3032542091518882        173.41105249517710     
           4   67.743248286857451        1.1101926996321061        68.853440986489559     
           5   57.898938448574576       0.78525916428984133        58.684197612864416     
           6   29.255452389415851       0.51246140115529593        29.767913790571146     
           7   24.242695886162618       0.38237675380877284        24.625072639971393     
           8   15.160958249492538       0.24070910895830980        15.401667358450847     
           9   9.5903828183797497       0.17151491044156017        9.7618977288213102     
          10   8.3478259942710142       0.12154092190985966        8.4693669161808742     
          11   5.7685003488446132        6.8818518435489098E-002   5.8373188672801026     
          12   3.0972691447855820        5.3525383997530034E-002   3.1507945287831118     
          13   2.1990690501599723        5.1284171061649342E-002   2.2503532212216215     
          14   1.6636577568384412        3.5760820075332017E-002   1.6994185769137733     
          15  0.50622355558748222        2.6644273723620143E-002  0.53286782931110233     
          16  0.14473379802338956        9.7299444419715886E-003  0.15446374246536115     
          17  0.29454104486043842        4.8798111803890374E-003  0.29942085604082747     
          18  0.34671562654965626        5.8192134088887980E-003  0.35253483995854507     
          19   0.0000000000000000        2.0707357189598294E-003   2.0707357189598294E-003
          20   0.0000000000000000        2.9374313211478756E-003   2.9374313211478756E-003
