   1.0000000000000000        0.0000000000000000       0.46600291028248553       0.72780229808163477            10000
 i   solar flux    satshine flux      total flux
 -----------------------------------------------
           1   1325.5889043139427        11.921373522965258        1337.5102778369080     
           2   111.00909464150939        2.9465053879031897        113.95560002941258     
           3   179.79391573769504        2.4516762883463010        182.24559202604135     
           4   73.504815302176382        1.3955983595101384        74.900413661686514     
           5   63.802590894749486       0.83366914738518094        64.636260042134666     
           6   29.581196894002652       0.60821343862362709        30.189410332626277     
           7   23.093701474941835       0.31459818345352808        23.408299658395364     
           8   12.166981668863922       0.27154387337168312        12.438525542235606     
           9   10.513547902527023       0.13829466034094859        10.651842562867971     
          10   5.4591995142800709       0.12540107213604973        5.5846005864161210     
          11   4.7724847880315533        7.8006503224365573E-002   4.8504912912559188     
          12   4.2142532320445270        5.4528371404035582E-002   4.2687816034485628     
          13   1.9181088749063573        3.3299305671330368E-002   1.9514081805776877     
          14   1.2187052789293868        1.6725396190033090E-002   1.2354306751194200     
          15  0.79964731720766613        1.4196079275700458E-002  0.81384339648336657     
          16   1.7560969034559086        1.7233862478212760E-002   1.7733307659341213     
          17  0.40023015932889772        8.2629552810890693E-003  0.40849311460998677     
          18  0.77230778337213168        3.9043243018601144E-003  0.77621210767399185     
          19  0.33137890124330244        5.3190640199366661E-003  0.33669796526323909     
          20  0.47109666996276761        0.0000000000000000       0.47109666996276761     
