   1.0000000000000000        0.0000000000000000       0.46600291028248553       0.72780229808163477            10000
 i   solar flux    satshine flux      total flux
 -----------------------------------------------
           1   1325.1762252737217        11.872780917282860        1337.0490061910045     
           2   122.35016157566540        2.9160882841658351        125.26624985983123     
           3   176.84135792121361        2.4803252696012374        179.32168319081484     
           4   69.856587279642042        1.3212930225657551        71.177880302207797     
           5   58.500298693769750       0.88084539239197512        59.381144086161726     
           6   40.926149583509286       0.52963408038385407        41.455783663893143     
           7   23.814553729926644       0.39747556257046351        24.212029292497107     
           8   15.021369625921373       0.21526849478555682        15.236638120706930     
           9   9.0285166734346962       0.12739399944319316        9.1559106728778890     
          10   6.0086070472028261       0.10208759115005824        6.1106946383528840     
          11   4.3124498382153531        8.8903696135798321E-002   4.4013535343511512     
          12   3.8077840109166314        4.1004294546196508E-002   3.8487883054628278     
          13   2.0052962982408022        3.0967651566313658E-002   2.0362639498071160     
          14   2.0122305686752782        1.4947957068878342E-002   2.0271785257441564     
          15  0.44323629189639308        1.7623467669661698E-002  0.46085975956605479     
          16  0.96223664319632385        7.5351826040414508E-004  0.96299016145672800     
          17  0.10411500286074572        3.0560473921174337E-003  0.10717105025286315     
          18  0.12853425260422233        1.0659440946355320E-002  0.13919369355057765     
          19  0.21633195709254616        3.7016722629941460E-003  0.22003362935554030     
          20  0.25193005336867130        1.0370387386761940E-002  0.26230044075543324     
