   1.0000000000000000        0.0000000000000000       0.46600291028248553       0.72780229808163477            10000
 i   solar flux    satshine flux      total flux
 -----------------------------------------------
           1   1347.7169168030282        12.018140306201035        1359.7350571092293     
           2   115.78640399864824        2.9250977302544690        118.71150172890270     
           3   178.63037948780408        2.5255985187267540        181.15597800653083     
           4   72.097466086639855        1.2153541249535351        73.312820211593390     
           5   51.593864830135743       0.85384377958471902        52.447708609720465     
           6   31.583953726025605       0.48218170789103981        32.066135433916642     
           7   19.162210998916095       0.32710302666094448        19.489314025577038     
           8   11.908886868291765       0.24856194332605214        12.157448811617817     
           9   8.0387647603511923       0.16188161588709016        8.2006463762382822     
          10   3.9688552135952344       0.12602880381964898        4.0948840174148833     
          11   3.8778718901277096        4.8183798034415005E-002   3.9260556881621245     
          12   2.3893902755360013        3.9032366056513085E-002   2.4284226415925145     
          13   1.7752777893107892        1.9755512528671068E-002   1.7950333018394602     
          14   1.2229193230575335        2.4743569639634696E-002   1.2476628926971682     
          15   1.0284581483085364        1.5756645940576967E-002   1.0442147942491133     
          16  0.39739382073511831        1.6235685667473181E-002  0.41362950640259150     
          17  0.57953965405345920        5.8169312773773676E-003  0.58535658533083657     
          18   0.0000000000000000        0.0000000000000000        0.0000000000000000     
          19  0.29304520525582950        2.6065396587641120E-003  0.29565174491459362     
          20   0.0000000000000000        0.0000000000000000        0.0000000000000000     
