   1.0000000000000000        0.0000000000000000       0.46600291028248553       0.72780229808163477            10000
 i   solar flux    satshine flux      total flux
 -----------------------------------------------
           1   1309.8824663658647        11.935018395910697        1321.8174847617754     
           2   118.96081443259669        3.1749567076696121        122.13577114026630     
           3   182.42203443479087        2.4980588638681778        184.92009329865905     
           4   76.792453061365890        1.2665553734279078        78.059008434793796     
           5   57.577517645882203       0.82615497310527275        58.403672618987478     
           6   33.518992153193331       0.54911546204884643        34.068107615242177     
           7   24.023357654572781       0.28869810488147402        24.312055759454253     
           8   13.708442231697139       0.23436287322253793        13.942805104919678     
           9   13.455945862508948       0.17331454317678477        13.629260405685732     
          10   7.7476306672335520       0.12172874281121961        7.8693594100447717     
          11   4.2284537118905110        4.3894110093534056E-002   4.2723478219840452     
          12   3.1770456421143569        4.2469296499398408E-002   3.2195149386137554     
          13   1.9884927684547917        3.1971439317295423E-002   2.0204642077720871     
          14   1.1053496428099705        8.2268679168202800E-003   1.1135765107267908     
          15  0.91951551358513206        1.7497238648537507E-002  0.93701275223366953     
          16  0.60985695622220004        6.4414744621131758E-003  0.61629843068431323     
          17  0.55768222319399485        0.0000000000000000       0.55768222319399485     
          18   8.2407001010266531E-002   0.0000000000000000        8.2407001010266531E-002
          19   4.6080242668309783E-002   5.3449774177543145E-003   5.1425220086064094E-002
          20  0.17005454821006552        8.5716769843642506E-004  0.17091171590850193     
