   1.0000000000000000        0.0000000000000000       0.46600291028248553       0.72780229808163477            10000
 i   solar flux    satshine flux      total flux
 -----------------------------------------------
           1   1309.9287810905003        12.104551273937025        1322.0333323644372     
           2   125.93033985781935        2.8669439960167566        128.79728385383609     
           3   178.86812107897478        2.4799179208984037        181.34803899987318     
           4   77.544480196807527        1.2700200995851245        78.814500296392652     
           5   58.642962969324742       0.80492614450330735        59.447889113828047     
           6   32.409627420683769       0.61625796007110334        33.025885380754872     
           7   24.859605054415564       0.32744074926914840        25.187045803684711     
           8   15.556478633967648       0.17775635595575442        15.734234989923403     
           9   13.878909190249718       0.18512349332268482        14.064032683572403     
          10   7.1815763859673298        6.9992556099239614E-002   7.2515689420665694     
          11   5.0082956747884086        5.2300084921274935E-002   5.0605957597096838     
          12   4.2185596940472117        6.0505622596379795E-002   4.2790653166435915     
          13   2.9731861339603469        1.9140125969368670E-002   2.9923262599297158     
          14   1.8118609936491263        1.4951325279142634E-002   1.8268123189282690     
          15  0.52017331247751264        9.5394174641403370E-003  0.52971272994165297     
          16  0.79735433852819904        9.3019388167949937E-003  0.80665627734499401     
          17  0.33395648275189832        2.5771877133681635E-003  0.33653367046526650     
          18  0.31107921311189751        2.9105493249147445E-004  0.31137026804438900     
          19   5.6345364842318481E-003   0.0000000000000000        5.6345364842318481E-003
          20   0.0000000000000000        5.4398653627129852E-004   5.4398653627129852E-004
