   1.0000000000000000        0.0000000000000000       0.46600291028248553       0.72780229808163477            10000
 i   solar flux    satshine flux      total flux
 -----------------------------------------------
           1   1299.9435178290748        11.831925680696678        1311.7754435097715     
           2   120.15287582449025        3.1171256228219755        123.27000144731223     
           3   177.36935564970480        2.3969381223946074        179.76629377209940     
           4   72.119322386743889        1.2128549362866528        73.332177323030535     
           5   57.508325815423262       0.84786662949396285        58.356192444917227     
           6   36.074909974432131       0.56288540483080163        36.637795379262933     
           7   28.286032110473549       0.36553257106959308        28.651564681543142     
           8   15.718855485248174       0.25649385535938518        15.975349340607560     
           9   10.646977983779127       0.16435625548372740        10.811334239262855     
          10   5.0138736430262503       0.10091727237316141        5.1147909153994116     
          11   5.6084356639190514        4.6746101696074259E-002   5.6551817656151258     
          12   4.2184909568089219        5.6072416468999020E-002   4.2745633732779211     
          13   1.2999636491393440        3.1597586533824273E-002   1.3315612356731683     
          14   2.6562290784235048        1.5554452874514291E-002   2.6717835312980189     
          15   1.2650075027830137        2.7382016139062455E-002   1.2923895189220762     
          16   1.1744279172809386        4.5490995364335001E-003   1.1789770168173721     
          17   1.1114427636152211        2.7004320180791640E-003   1.1141431956333003     
          18  0.72201554334960583        1.1240322394518592E-002  0.73325586574412438     
          19  0.29477214616894826        7.7053753756675886E-003  0.30247752154461582     
          20  0.18663009205111220        0.0000000000000000       0.18663009205111220     
