   1.0000000000000000        0.0000000000000000       0.46600291028248553       0.72780229808163477            10000
 i   solar flux    satshine flux      total flux
 -----------------------------------------------
           1   1363.9815299960878        11.997154425002881        1375.9786844210907     
           2   120.52132715074175        3.0169166930806006        123.53824384382236     
           3   180.91722966883563        2.3891765851922657        183.30640625402791     
           4   74.340407190802608        1.2661108507684404        75.606518041571050     
           5   56.201180274784463       0.85524664530232564        57.056426920086786     
           6   29.832412657262580       0.45268572054825107        30.285098377810833     
           7   22.456710573291407       0.36802554899221152        22.824736122283618     
           8   14.615869344562093       0.20384207937333096        14.819711423935424     
           9   8.2734956435537086       0.14474903613400708        8.4182446796877155     
          10   6.9856443722222883        7.6089778776536610E-002   7.0617341509988245     
          11   4.9114877815812079        7.2797869618647870E-002   4.9842856511998557     
          12   1.8777534563310709        4.2970403982754098E-002   1.9207238603138250     
          13   1.8770841106604410        4.1566462263965778E-002   1.9186505729244068     
          14   1.0307922046670435        1.4560668443087758E-002   1.0453528731101311     
          15  0.60774779047779004        1.6129664299416441E-002  0.62387745477720646     
          16   1.0427691184259134        8.1194584231046481E-003   1.0508885768490179     
          17  0.39846698116229146        4.1588732923690148E-003  0.40262585445466048     
          18   0.0000000000000000        0.0000000000000000        0.0000000000000000     
          19  0.11944123482767585        0.0000000000000000       0.11944123482767585     
          20   7.9580336701049401E-003   0.0000000000000000        7.9580336701049401E-003
