   1.0000000000000000        0.0000000000000000       0.46600291028248553       0.72780229808163477            10000
 i   solar flux    satshine flux      total flux
 -----------------------------------------------
           1   1312.5178813600178        12.048003650990340        1324.5658850110080     
           2   124.61293401470301        2.9791555220695525        127.59208953677256     
           3   186.63531152759785        2.3793315171486862        189.01464304474655     
           4   75.204849103382173        1.3725888109170987        76.577437914299267     
           5   57.533245061048355       0.90925509937566440        58.442500160424018     
           6   29.220001569526350       0.60259610591690616        29.822597675443255     
           7   21.186276113177140       0.41650016406210233        21.602776277239244     
           8   13.984711366283767       0.21252919340605458        14.197240559689821     
           9   9.3811550031855315       0.15296681233096349        9.5341218155164942     
          10   3.8222220796734683        8.0933732699928249E-002   3.9031558123733965     
          11   4.5221869430892268        5.8461911944495772E-002   4.5806488550337221     
          12   2.9416573451609094        3.5830354717894253E-002   2.9774876998788038     
          13   1.4268676281654911        4.1626527614166957E-002   1.4684941557796580     
          14  0.56496508802874645        1.9776301786313295E-002  0.58474138981505974     
          15   1.1963640120466572        1.1106953357462011E-002   1.2074709654041191     
          16  0.53720683059620478        5.5794813415402057E-003  0.54278631193774496     
          17  0.79240033420380440        8.3926155556267226E-003  0.80079294975943116     
          18  0.58567062411409943        4.5580965147986015E-003  0.59022872062889797     
          19  0.51529223482717512        0.0000000000000000       0.51529223482717512     
          20  0.40578426414203334        3.3950660344540513E-004  0.40612377074547873     
