   1.0000000000000000        0.0000000000000000       0.46600291028248553       0.72780229808163477            10000
 i   solar flux    satshine flux      total flux
 -----------------------------------------------
           1   1338.8747738116808        12.045603328864740        1350.9203771405455     
           2   123.42005080883963        3.0864318838503579        126.50648269268999     
           3   184.11826031245096        2.4621745966191462        186.58043490907011     
           4   69.370780929278951        1.2336252505641179        70.604406179843068     
           5   55.859120614382284       0.92060937961538580        56.779729993997670     
           6   29.807590881490043       0.53038741694080649        30.337978298430848     
           7   21.471926512618012       0.35127644362878530        21.823202956246796     
           8   12.235830660732997       0.23109265891936503        12.466923319652363     
           9   10.216347473550258       0.14365613870921676        10.360003612259474     
          10   7.1291604586712136       0.13019339774050059        7.2593538564117139     
          11   4.5668249323169334       0.10910507945042724        4.6759300117673606     
          12   2.8877356544450410        3.0734017092760801E-002   2.9184696715378018     
          13   2.1516343749835198        3.5143054852988416E-002   2.1867774298365084     
          14   2.3377954502261771        3.2544237250175162E-002   2.3703396874763523     
          15  0.35955686858385538        2.2521304851870049E-002  0.38207817343572542     
          16  0.78725993583852527        1.6978863295514533E-002  0.80423879913403984     
          17  0.42289413143719579        1.6771294525326885E-002  0.43966542596252267     
          18  0.11316515511191776        9.5084127946066643E-003  0.12267356790652442     
          19   4.4553359618202788E-002   5.5613124429962002E-003   5.0114672061198989E-002
          20  0.23998286414038952        3.8309001987996069E-003  0.24381376433918914     
