   1.0000000000000000        0.0000000000000000       0.46600291028248553       0.72780229808163477            10000
 i   solar flux    satshine flux      total flux
 -----------------------------------------------
           1   1307.3494157611669        12.574237715503097        1319.9236534766701     
           2   117.19168737684433        3.0226872253429673        120.21437460218729     
           3   172.09166101038014        2.3718871112141082        174.46354812159424     
           4   71.434681386497431        1.2914018611553524        72.726083247652781     
           5   55.715771839019432       0.92441078600559556        56.640182625025027     
           6   33.479612553488899       0.62444008909183646        34.104052642580733     
           7   22.090567795048685       0.39433314451656903        22.484900939565254     
           8   14.877939886432165       0.29516001918830309        15.173099905620468     
           9   8.5491373194684037       0.18496434664813971        8.7341016661165440     
          10   5.1426152452687433        8.5182586897569676E-002   5.2277978321663126     
          11   4.0890998158408669        9.5585656240944991E-002   4.1846854720818119     
          12   2.4732067884631657        7.5313071612979413E-002   2.5485198600761452     
          13   1.2990184045900555        3.2542506487691913E-002   1.3315609110777473     
          14   1.0240569677324067        1.5364225247529057E-002   1.0394211929799357     
          15   1.4164798025092604        2.6020591467070722E-002   1.4425003939763312     
          16  0.28868629978120675        6.8717272264012027E-003  0.29555802700760797     
          17  0.70973524046775971        9.7753804819442607E-003  0.71951062094970397     
          18  0.72020097984315024        7.1275915067623074E-003  0.72732857134991258     
          19  0.23199371751905451        0.0000000000000000       0.23199371751905451     
          20   3.5222576855571897E-002   3.7437649875169858E-003   3.8966341843088885E-002
