   1.0000000000000000        0.0000000000000000       0.46600291028248553       0.72780229808163477            10000
 i   solar flux    satshine flux      total flux
 -----------------------------------------------
           1   1312.3387148335164        12.261566419751441        1324.6002812532679     
           2   123.98661545133764        2.8476378026389022        126.83425325397654     
           3   181.32593376895255        2.4054087273970617        183.73134249634961     
           4   69.349902954097388        1.3511052486063460        70.701008202703733     
           5   55.722837798034348       0.91105767457858422        56.633895472612934     
           6   32.342090973741456       0.55944021813625699        32.901531191877716     
           7   21.361246939652734       0.32683750232220471        21.688084441974940     
           8   12.417499750097690       0.25978345341297920        12.677283203510669     
           9   8.4573797338613375       0.15427287236435885        8.6116526062256966     
          10   6.2451794760711170       0.10356954051159589        6.3487490165827127     
          11   3.4221632332381060        7.3307177943620336E-002   3.4954704111817265     
          12   4.5234457506079426        3.3643356163404914E-002   4.5570891067713477     
          13   2.9394352702650695        2.4211235033124168E-002   2.9636465052981937     
          14   1.6444828878476796        2.7820351467375364E-002   1.6723032393150550     
          15  0.70538833631542341        2.2219594911813509E-002  0.72760793122723688     
          16  0.58071902833527123        2.2125921066892103E-002  0.60284494940216338     
          17  0.49070188830172101        1.3504074594923903E-002  0.50420596289664488     
          18   1.0251996870885789        4.9336603118802988E-003   1.0301333474004593     
          19   0.0000000000000000        3.8102701367227973E-003   3.8102701367227973E-003
          20  0.43709957894532114        5.7668986786276371E-003  0.44286647762394876     
