 Curly R     I/F(total)  I/F(solar)   I/F(saturn)
 ---------------------------------------------------
  0.010    2.7800E-03    2.7549E-03    2.5087E-05
  0.020    5.5655E-03    5.5152E-03    5.0302E-05
  0.030    8.3568E-03    8.2811E-03    7.5647E-05
  0.040    1.1154E-02    1.1053E-02    1.0113E-04
  0.050    1.3958E-02    1.3831E-02    1.2674E-04
  0.060    1.6768E-02    1.6615E-02    1.5250E-04
  0.070    1.9584E-02    1.9406E-02    1.7840E-04
  0.080    2.2408E-02    2.2204E-02    2.0445E-04
  0.090    2.5239E-02    2.5008E-02    2.3065E-04
  0.100    2.8078E-02    2.7821E-02    2.5700E-04
  0.110    3.0924E-02    3.0640E-02    2.8351E-04
  0.120    3.3778E-02    3.3468E-02    3.1018E-04
  0.130    3.6641E-02    3.6304E-02    3.3702E-04
  0.140    3.9512E-02    3.9148E-02    3.6403E-04
  0.150    4.2392E-02    4.2001E-02    3.9121E-04
  0.160    4.5282E-02    4.4863E-02    4.1856E-04
  0.170    4.8181E-02    4.7734E-02    4.4610E-04
  0.180    5.1089E-02    5.0615E-02    4.7382E-04
  0.190    5.4008E-02    5.3506E-02    5.0174E-04
  0.200    5.6937E-02    5.6407E-02    5.2985E-04
  0.210    5.9877E-02    5.9319E-02    5.5815E-04
  0.220    6.2828E-02    6.2242E-02    5.8666E-04
  0.230    6.5791E-02    6.5176E-02    6.1538E-04
  0.240    6.8765E-02    6.8121E-02    6.4432E-04
  0.250    7.1752E-02    7.1078E-02    6.7347E-04
  0.260    7.4751E-02    7.4048E-02    7.0284E-04
  0.270    7.7763E-02    7.7030E-02    7.3245E-04
  0.280    8.0788E-02    8.0026E-02    7.6229E-04
  0.290    8.3827E-02    8.3035E-02    7.9237E-04
  0.300    8.6880E-02    8.6057E-02    8.2270E-04
  0.310    8.9947E-02    8.9094E-02    8.5328E-04
  0.320    9.3030E-02    9.2146E-02    8.8412E-04
  0.330    9.6128E-02    9.5212E-02    9.1523E-04
  0.340    9.9241E-02    9.8295E-02    9.4660E-04
  0.350    1.0237E-01    1.0139E-01    9.7826E-04
  0.360    1.0552E-01    1.0451E-01    1.0102E-03
  0.370    1.0868E-01    1.0764E-01    1.0424E-03
  0.380    1.1186E-01    1.1079E-01    1.0750E-03
  0.390    1.1506E-01    1.1396E-01    1.1078E-03
  0.400    1.1828E-01    1.1714E-01    1.1410E-03
  0.410    1.2152E-01    1.2035E-01    1.1745E-03
  0.420    1.2478E-01    1.2357E-01    1.2083E-03
  0.430    1.2806E-01    1.2681E-01    1.2424E-03
  0.440    1.3136E-01    1.3008E-01    1.2769E-03
  0.450    1.3468E-01    1.3337E-01    1.3118E-03
  0.460    1.3802E-01    1.3668E-01    1.3470E-03
  0.470    1.4139E-01    1.4001E-01    1.3827E-03
  0.480    1.4478E-01    1.4336E-01    1.4187E-03
  0.490    1.4820E-01    1.4674E-01    1.4551E-03
  0.500    1.5164E-01    1.5014E-01    1.4919E-03
  0.510    1.5510E-01    1.5357E-01    1.5292E-03
  0.520    1.5860E-01    1.5703E-01    1.5668E-03
  0.530    1.6212E-01    1.6051E-01    1.6050E-03
  0.540    1.6566E-01    1.6402E-01    1.6436E-03
  0.550    1.6924E-01    1.6756E-01    1.6826E-03
  0.560    1.7285E-01    1.7113E-01    1.7222E-03
  0.570    1.7649E-01    1.7473E-01    1.7623E-03
  0.580    1.8016E-01    1.7836E-01    1.8028E-03
  0.590    1.8387E-01    1.8203E-01    1.8440E-03
  0.600    1.8761E-01    1.8572E-01    1.8856E-03
  0.610    1.9138E-01    1.8946E-01    1.9279E-03
  0.620    1.9520E-01    1.9323E-01    1.9707E-03
  0.630    1.9905E-01    1.9703E-01    2.0141E-03
  0.640    2.0294E-01    2.0088E-01    2.0582E-03
  0.650    2.0686E-01    2.0476E-01    2.1029E-03
  0.660    2.1084E-01    2.0869E-01    2.1483E-03
  0.670    2.1485E-01    2.1266E-01    2.1944E-03
  0.680    2.1891E-01    2.1667E-01    2.2412E-03
  0.690    2.2302E-01    2.2073E-01    2.2887E-03
  0.700    2.2717E-01    2.2483E-01    2.3370E-03
  0.710    2.3137E-01    2.2899E-01    2.3862E-03
  0.720    2.3563E-01    2.3319E-01    2.4361E-03
  0.730    2.3994E-01    2.3745E-01    2.4869E-03
  0.740    2.4431E-01    2.4177E-01    2.5386E-03
  0.750    2.4873E-01    2.4614E-01    2.5912E-03
  0.760    2.5321E-01    2.5057E-01    2.6448E-03
  0.770    2.5776E-01    2.5506E-01    2.6994E-03
  0.780    2.6237E-01    2.5962E-01    2.7550E-03
  0.790    2.6705E-01    2.6424E-01    2.8117E-03
  0.800    2.7180E-01    2.6893E-01    2.8695E-03
  0.810    2.7663E-01    2.7370E-01    2.9285E-03
  0.820    2.8153E-01    2.7854E-01    2.9888E-03
  0.830    2.8651E-01    2.8346E-01    3.0503E-03
  0.840    2.9158E-01    2.8847E-01    3.1132E-03
  0.850    2.9674E-01    2.9356E-01    3.1775E-03
  0.860    3.0199E-01    2.9874E-01    3.2432E-03
  0.870    3.0733E-01    3.0402E-01    3.3105E-03
  0.880    3.1278E-01    3.0940E-01    3.3794E-03
  0.890    3.1833E-01    3.1488E-01    3.4500E-03
  0.900    3.2400E-01    3.2047E-01    3.5224E-03
  0.910    3.2978E-01    3.2618E-01    3.5967E-03
  0.920    3.3569E-01    3.3201E-01    3.6729E-03
  0.930    3.4173E-01    3.3797E-01    3.7513E-03
  0.940    3.4790E-01    3.4407E-01    3.8318E-03
  0.950    3.5423E-01    3.5031E-01    3.9146E-03
  0.960    3.6070E-01    3.5670E-01    3.9999E-03
  0.970    3.6734E-01    3.6325E-01    4.0878E-03
  0.980    3.7416E-01    3.6998E-01    4.1784E-03
  0.990    3.8115E-01    3.7688E-01    4.2719E-03
  1.000    3.8835E-01    3.8398E-01    4.3685E-03
