   1.0000000000000000        0.0000000000000000       0.46600291028248553       0.72780229808163477            10000
 i   solar flux    satshine flux      total flux
 -----------------------------------------------
           1   1312.1455372896303        11.912147025595406        1324.0576843152257     
           2   120.46858726740635        2.8255379792696740        123.29412524667602     
           3   178.62395642585201        2.5875822397539272        181.21153866560593     
           4   70.063205438465815        1.3946920489541779        71.457897487419999     
           5   63.310493044944792       0.89870628199782421        64.209199326942610     
           6   29.132606169207680       0.59693274030020793        29.729538909507887     
           7   26.767911940045678       0.36594730329803427        27.133859243343714     
           8   16.805776877411013       0.24235600881854261        17.048132886229556     
           9   9.8946709059536886       0.15337635867508714        10.048047264628776     
          10   6.8450631133158044        9.5882788570854263E-002   6.9409459018866588     
          11   5.0018525085787005        5.6755752754010722E-002   5.0586082613327115     
          12   2.7981822688753493        5.2812294148843045E-002   2.8509945630241922     
          13   2.6405053730274846        3.7136391990135791E-002   2.6776417650176203     
          14   1.1792202916781340        1.9253823378117256E-002   1.1984741150562512     
          15  0.87971821813471363        8.8438303128328729E-003  0.88856204844754649     
          16  0.74211760590759690        1.8115185660765441E-002  0.76023279156836232     
          17  0.42717281505100085        1.7704030916824952E-003  0.42894321814268332     
          18   1.0096248932594041        4.8858232359523445E-003   1.0145107164953564     
          19   0.0000000000000000        0.0000000000000000        0.0000000000000000     
          20  0.18718829035902795        1.6941694253906673E-003  0.18888245978441862     
