   1.0000000000000000        0.0000000000000000       0.46600291028248553       0.72780229808163477            10000
 i   solar flux    satshine flux      total flux
 -----------------------------------------------
           1   1296.0281548819337        11.963497951011121        1307.9916528329447     
           2   126.33359808527099        2.9782806248928404        129.31187871016382     
           3   172.06530247096066        2.3458640186048534        174.41116648956552     
           4   75.044194651147578        1.3340014625339065        76.378196113681483     
           5   61.033364321903981       0.84591674572277697        61.879281067626756     
           6   34.324889484250825       0.62231143540782152        34.947200919658648     
           7   25.262611430329681       0.38914043332745735        25.651751863657140     
           8   15.765761607720153       0.24636424332712259        16.012125851047276     
           9   8.2612797879248863       0.17502688825033152        8.4363066761752172     
          10   6.4339158000504497       0.12734757344353320        6.5612633734939827     
          11   4.3051201959686365        3.8064839702510879E-002   4.3431850356711470     
          12   3.5231437250797080        3.4199004446928055E-002   3.5573427295266362     
          13   1.6165516607768424        3.6584163783154176E-002   1.6531358245599965     
          14  0.59542959839118881        2.2146603354834139E-002  0.61757620174602290     
          15  0.82957114126113729        6.6667108267384374E-003  0.83623785208787571     
          16  0.53673274342840271        9.4843296855361102E-003  0.54621707311393886     
          17  0.52271698837681457        3.2415049922379837E-003  0.52595849336905254     
          18  0.49030883799348030        1.2335660232385927E-002  0.50264449822586621     
          19  0.17354135821272978        2.8578075504542286E-003  0.17639916576318401     
          20  0.13584794061489672        9.9280095774989354E-007  0.13584893341585447     
