   1.0000000000000000        0.0000000000000000       0.46600291028248553       0.72780229808163477            10000
 i   solar flux    satshine flux      total flux
 -----------------------------------------------
           1   1316.3998910687071        11.912699692651323        1328.3125907613585     
           2   121.71874942779850        2.7882231493237395        124.50697257712224     
           3   179.61419013950558        2.2720098314291999        181.88619997093477     
           4   69.599998769107998        1.2050042204154721        70.805002989523473     
           5   59.954328619350093       0.87403970749425408        60.828368326844348     
           6   33.052514362819977       0.51474562247986744        33.567259985299842     
           7   26.504512540705726       0.40183629100560558        26.906348831711330     
           8   15.461966539356608       0.25419124889035827        15.716157788246965     
           9   9.2845327352255822       0.15010225338590846        9.4346349886114904     
          10   6.5581355437581639       0.10146415780366659        6.6595997015618309     
          11   3.8749467976158192        7.3383476991566485E-002   3.9483302746073856     
          12   1.8256730322716943        4.6572952139199847E-002   1.8722459844108941     
          13   1.2266927029707508        3.0154217735825984E-002   1.2568469207065769     
          14   1.0300223685409524        1.8627740226666141E-002   1.0486501087676185     
          15  0.83857729844140350        2.4057421418209150E-002  0.86263471985961260     
          16   1.4193910549981648        1.2212608179018997E-002   1.4316036631771838     
          17  0.76790803682365960        1.7684431998538121E-002  0.78559246882219769     
          18  0.37970749039858143        6.4303775162969611E-003  0.38613786791487836     
          19   0.0000000000000000        0.0000000000000000        0.0000000000000000     
          20  0.54417798391215189        0.0000000000000000       0.54417798391215189     
