   1.0000000000000000        0.0000000000000000       0.46600291028248553       0.72780229808163477            10000
 i   solar flux    satshine flux      total flux
 -----------------------------------------------
           1   1344.8617462993541        12.269922581868865        1357.1316688812230     
           2   127.55654806637705        3.1671664726191286        130.72371453899618     
           3   181.58234337508316        2.0883932424557456        183.67073661753889     
           4   79.255730321448965        1.1807987023591027        80.436529023808063     
           5   55.936452091449638       0.81792284157705397        56.754374933026689     
           6   33.704677055839305       0.61060461874420557        34.315281674583510     
           7   25.133103808374024       0.42100191029543921        25.554105718669462     
           8   12.710302939562236       0.22496445235579909        12.935267391918035     
           9   9.9745707981460185       0.15357687379053872        10.128147671936556     
          10   6.5755469196908320       0.10474346353522854        6.6802903832260609     
          11   2.1943285002333495        8.7406158622653995E-002   2.2817346588560037     
          12   2.8000782919565452        5.7092057962016690E-002   2.8571703499185621     
          13   2.2952450500637078        2.1184018565602272E-002   2.3164290686293101     
          14  0.90661184528243044        2.6978802174771055E-002  0.93359064745720155     
          15  0.70303348133054855        1.1100866169206202E-002  0.71413434749975480     
          16  0.50863901885855001        8.8037890307521502E-003  0.51744280788930219     
          17  0.22328661218430859        1.6951122754581840E-002  0.24023773493889045     
          18  0.48554998463838173        5.4670597999269240E-003  0.49101704443830863     
          19  0.22791559057750266        4.4750104323910255E-003  0.23239060100989367     
          20  0.12519720021200384        4.8252261290460952E-003  0.13002242634104993     
