   1.0000000000000000        0.0000000000000000       0.46600291028248553       0.72780229808163477            10000
 i   solar flux    satshine flux      total flux
 -----------------------------------------------
           1   1325.5463753585327        11.555856625774901        1337.1022319843075     
           2   121.17941484315460        3.0104313527214845        124.18984619587609     
           3   181.55755192160456        2.4095637702601724        183.96711569186473     
           4   77.324086253610517        1.3632662246120630        78.687352478222579     
           5   52.301836897892215       0.93035933350255440        53.232196231394767     
           6   33.149610821933052       0.56694306170465036        33.716553883637701     
           7   19.864629660219350       0.41678864403059690        20.281418304249947     
           8   11.880456218287055       0.24764474877203693        12.128100967059092     
           9   8.2270792331628861       0.14982478435324925        8.3769040175161358     
          10   6.8477529222698745       0.12291705512846757        6.9706699773983418     
          11   5.0260752644966287        8.5392812280785782E-002   5.1114680767774141     
          12   2.8404795717363172        4.0894232796560709E-002   2.8813738045328781     
          13   3.4216879820105994        3.5474064677901353E-002   3.4571620466885009     
          14  0.91467638767570270        1.9907156478383359E-002  0.93458354415408607     
          15   1.5616649326377749        2.8389722057663824E-002   1.5900546546954388     
          16  0.86104667972992877        1.7005492440089223E-002  0.87805217217001796     
          17  0.29409784020637580        1.2510019957673929E-002  0.30660786016404973     
          18  0.67202153609008697        6.7086976808819971E-003  0.67873023377096897     
          19  0.16575523634345565        0.0000000000000000       0.16575523634345565     
          20   0.0000000000000000        4.6072972088144941E-003   4.6072972088144941E-003
