   1.0000000000000000        0.0000000000000000       0.46600291028248553       0.72780229808163477            10000
 i   solar flux    satshine flux      total flux
 -----------------------------------------------
           1   1272.2432478446015        12.305895146482376        1284.5491429910837     
           2   148.41537842381871        2.6557026628981095        151.07108108671682     
           3   192.13716724819582        2.5733893974002382        194.71055664559606     
           4   141.14296075904969       0.94813556510646380        142.09109632415615     
           5   58.652657812243142       0.68471398458014754        59.337371796823291     
           6   2.5915528336261522       0.31618933536569033        2.9077421689918426     
           7   16.050896037072846       0.35408439673405767        16.404980433806905     
           8   1.0035803582402631       0.52138827036013180        1.5249686286003949     
           9   12.066475030157690       0.17621814075096040        12.242693170908650     
          10   0.0000000000000000       0.27183783310307563       0.27183783310307563     
          11   3.6346011519420047       0.20162111692619011        3.8362222688681946     
          12   5.0834786679614092        6.6075150410829217E-002   5.1495538183722385     
          13   0.0000000000000000        0.0000000000000000        0.0000000000000000     
          14   7.7049666964223169        5.7862706870219598E-002   7.7628294032925362     
          15   0.0000000000000000        0.0000000000000000        0.0000000000000000     
          16   2.3526921442694464        0.0000000000000000        2.3526921442694464     
          17   0.0000000000000000        0.0000000000000000        0.0000000000000000     
          18   0.0000000000000000        0.0000000000000000        0.0000000000000000     
          19   0.0000000000000000        0.0000000000000000        0.0000000000000000     
          20   0.0000000000000000        0.0000000000000000        0.0000000000000000     
