   1.0000000000000000        0.0000000000000000       0.46600291028248553       0.72780229808163477            10000
 i   solar flux    satshine flux      total flux
 -----------------------------------------------
           1   1392.2079291820019        12.310551713954842        1404.5184808959566     
           2   128.94458629557502        2.9774338183625515        131.92202011393758     
           3   190.23890918865982        2.4986115622639087        192.73752075092372     
           4   81.851662762474774        1.2507364696015602        83.102399232076337     
           5   59.199937203301495       0.90167216167980857        60.101609364981300     
           6   34.750041663502849       0.54048912667555782        35.290530790178408     
           7   20.604049381492249       0.37518377790747065        20.979233159399719     
           8   13.050867492036810       0.24676280801965059        13.297630300056460     
           9   9.6987985552615648       0.16336940957509449        9.8621679648366598     
          10   6.2581005568945756        7.3308275532183623E-002   6.3314088324267592     
          11   5.8432558100061947        4.2183813215556358E-002   5.8854396232217514     
          12   3.6631924391090731        4.3672944445019235E-002   3.7068653835540921     
          13   2.7057019126372519        3.2557624151671564E-002   2.7382595367889233     
          14   1.9335368504806012        2.6478911194209694E-002   1.9600157616748108     
          15   1.1823908848858831        1.1620708059621619E-002   1.1940115929455046     
          16  0.96860338202289520        0.0000000000000000       0.96860338202289520     
          17  0.46785291945490065        1.2293323801320239E-002  0.48014624325622091     
          18  0.33606154017042433        0.0000000000000000       0.33606154017042433     
          19   4.9422334710610673E-002   9.7409265799375880E-003   5.9163261290548261E-002
          20  0.49522319738486242        2.8567001949047531E-003  0.49807989757976717     
