   1.0000000000000000        0.0000000000000000       0.46600291028248553       0.72780229808163477            10000
 i   solar flux    satshine flux      total flux
 -----------------------------------------------
           1   1323.0521950901318        12.101129324012893        1335.1533244141447     
           2   121.75429510472949        3.0556904145441441        124.80998551927364     
           3   168.86681482441350        2.2525248164196849        171.11933964083318     
           4   72.052811124996254        1.2437357721374076        73.296546897133666     
           5   57.504806600199757       0.85529725287015368        58.360103853069909     
           6   32.134670824601066       0.56082495751149553        32.695495782112559     
           7   25.631642146858233       0.35806175330133899        25.989703900159572     
           8   13.359401289921857       0.28262871853063798        13.642030008452496     
           9   9.3005249787894186       0.15484836367398525        9.4553733424634032     
          10   6.7985537789298558       0.14688112697932987        6.9454349059091856     
          11   4.3282557092649618        5.4831898833776073E-002   4.3830876080987382     
          12   3.0859174931487559        5.0085863811051012E-002   3.1360033569598067     
          13  0.67353044197610779        1.7965156812285211E-002  0.69149559878839295     
          14   1.5391502302185582        3.1008943258200219E-002   1.5701591734767584     
          15   0.0000000000000000        1.5008166781895411E-002   1.5008166781895411E-002
          16   0.0000000000000000        9.4872691513188182E-003   9.4872691513188182E-003
          17  0.30835200953502162        9.2776743110889442E-003  0.31762968384611057     
          18   0.0000000000000000        5.1052499527415405E-004   5.1052499527415405E-004
          19  0.40657563679307013        0.0000000000000000       0.40657563679307013     
          20   0.0000000000000000        2.0582576818013649E-003   2.0582576818013649E-003
