   1.0000000000000000        0.0000000000000000       0.46600291028248553       0.72780229808163477            10000
 i   solar flux    satshine flux      total flux
 -----------------------------------------------
           1   1333.2605987280435        12.777833096957650        1346.0384318250012     
           2   117.27939753114339        2.9882008045207016        120.26759833566409     
           3   172.56859533889565        2.3084155554543604        174.87701089435001     
           4   68.989211788763910        1.2141698065385418        70.203381595302446     
           5   56.703183772707121       0.80740145865555091        57.510585231362668     
           6   32.741585457954073       0.52614244960185685        33.267727907555930     
           7   23.712877825210239       0.36691150509567222        24.079789330305911     
           8   13.690343788231914       0.22038451216113791        13.910728300393052     
           9   8.5383654816952834       0.14772274486819412        8.6860882265634771     
          10   7.7196126204203921        9.0530813844544561E-002   7.8101434342649370     
          11   3.9973850284770331        7.7605542584068848E-002   4.0749905710611021     
          12   3.4889235635100784        5.8353507252088078E-002   3.5472770707621666     
          13   1.7366356890019083        2.1218597124158585E-002   1.7578542861260669     
          14   1.1204756105821150        2.3982202020708023E-002   1.1444578126028231     
          15  0.84251338471496184        1.7929127627894365E-002  0.86044251234285618     
          16  0.21495003083142125        1.0646639880071824E-002  0.22559667071149309     
          17  0.32218395299377167        1.2600486666033866E-002  0.33478443965980553     
          18  0.27882804180114928        9.6169420459677932E-004  0.27978973600574608     
          19  0.30969387768075540        1.1289116898048554E-002  0.32098299457880397     
          20   0.0000000000000000        2.8638423885039843E-003   2.8638423885039843E-003
