   1.0000000000000000        0.0000000000000000       0.46600291028248553       0.72780229808163477            10000
 i   solar flux    satshine flux      total flux
 -----------------------------------------------
           1   1341.3385475580983        11.948739498567607        1353.2872870566659     
           2   112.45705344217836        2.7721527970295434        115.22920623920791     
           3   170.56415733482672        2.1645085635547967        172.72866589838151     
           4   66.409323499435999        1.0965570497671238        67.505880549203127     
           5   51.136736525069551       0.86305783158829219        51.999794356657844     
           6   26.256940113508097       0.55654868146749681        26.813488794975594     
           7   22.963090584542361       0.35981847546122925        23.322909060003589     
           8   13.299038604624553       0.19163761979167090        13.490676224416223     
           9   12.128974364870389       0.10009204225947831        12.229066407129867     
          10   5.0265354484772411        7.1735791548099420E-002   5.0982712400253405     
          11   4.5497052219198233        1.8543017946313866E-002   4.5682482398661373     
          12   2.5096605478824157        4.1682738510792822E-002   2.5513432863932084     
          13  0.96425521941772807        1.7633956859934002E-002  0.98188917627766203     
          14   1.4810091618222012        1.9906725130808899E-002   1.5009158869530101     
          15  0.73608997065704584        1.3362527967910818E-002  0.74945249862495666     
          16  0.87984277411770062        4.8069008484704400E-003  0.88464967496617108     
          17  0.42774006773767836        1.5333952486158693E-003  0.42927346298629421     
          18   5.7084420079338685E-002   4.5575454892148419E-003   6.1641965568553531E-002
          19  0.18380427903519123        0.0000000000000000       0.18380427903519123     
          20   0.0000000000000000        0.0000000000000000        0.0000000000000000     
