   1.0000000000000000        0.0000000000000000       0.46600291028248553       0.72780229808163477            10000
 i   solar flux    satshine flux      total flux
 -----------------------------------------------
           1   1313.8915136797541        11.789641109176033        1325.6811547889301     
           2   120.70733286010417        2.9361833972553528        123.64351625735952     
           3   179.05700337728786        2.3332659272633229        181.39026930455117     
           4   79.086564325248432        1.3053850388529655        80.391949364101393     
           5   60.251460250138337       0.90625667371704988        61.157716923855389     
           6   35.489506603487278       0.54328710658931623        36.032793710076596     
           7   25.595148787163932       0.40981805285296785        26.004966840016902     
           8   15.274806688126695       0.26745718899025261        15.542263877116948     
           9   10.268157056370292       0.21814282626154496        10.486299882631837     
          10   4.8141971419252938       0.12266943275118568        4.9368665746764790     
          11   6.3533400366211144        9.8546447083082619E-002   6.4518864837041967     
          12   1.6722684570992636        8.6689517991425658E-002   1.7589579750906892     
          13   1.3288586780174638        1.8428954093149673E-002   1.3472876321106135     
          14  0.74138255994140445        1.5830791919520654E-002  0.75721335186092509     
          15  0.34282654524329664        1.0586664014773206E-002  0.35341320925806985     
          16  0.18403584728584249        5.2176607761730094E-003  0.18925350806201549     
          17  0.13182467045156604        0.0000000000000000       0.13182467045156604     
          18   0.0000000000000000        4.3894469146073898E-003   4.3894469146073898E-003
          19   0.0000000000000000        4.5757212568561471E-003   4.5757212568561471E-003
          20  0.28525392422339396        0.0000000000000000       0.28525392422339396     
