   1.0000000000000000        0.0000000000000000       0.46600291028248553       0.72780229808163477            10000
 i   solar flux    satshine flux      total flux
 -----------------------------------------------
           1   1309.1991128990780        12.022424943508454        1321.2215378425865     
           2   121.65790694230429        2.9271173108608082        124.58502425316510     
           3   170.69439377965210        2.4830850770398261        173.17747885669192     
           4   64.199146360327859        1.1643863899015354        65.363532750229396     
           5   53.154574539589348       0.87750824705497266        54.032082786644324     
           6   31.335289896722344       0.51451911949690299        31.849809016219247     
           7   23.616401802066243       0.33841450355670788        23.954816305622952     
           8   12.927547430223381       0.29111431825454354        13.218661748477924     
           9   8.0779581609545357       0.14720172056357489        8.2251598815181097     
          10   5.5558065954425810        9.2909631899230571E-002   5.6487162273418114     
          11   4.2628172441543670        7.1616334747271235E-002   4.3344335789016384     
          12   3.5660827419682648        4.2481901414690271E-002   3.6085646433829552     
          13   1.0711786998760344        3.2989326571980608E-002   1.1041680264480149     
          14   1.3881576119328563        1.3068486047335463E-002   1.4012260979801918     
          15  0.32381115817199679        1.0776992392295298E-002  0.33458815056429209     
          16  0.26316983571238856        1.0271729875597605E-002  0.27344156558798616     
          17  0.44577591972438274        0.0000000000000000       0.44577591972438274     
          18  0.15215366850749673        4.4224933669257411E-003  0.15657616187442247     
          19  0.27988434241345439        5.0041198107333802E-003  0.28488846222418779     
          20  0.33549467057271931        0.0000000000000000       0.33549467057271931     
