   1.0000000000000000        0.0000000000000000       0.46600291028248553       0.72780229808163477            10000
 i   solar flux    satshine flux      total flux
 -----------------------------------------------
           1   1345.2297021200170        12.498633794698495        1357.7283359147154     
           2   123.92488616546439        2.9817152282860819        126.90660139375046     
           3   177.82016846222788        2.5475056538230612        180.36767411605095     
           4   67.727280223889665        1.1856193195563509        68.912899543446017     
           5   52.616077334122494       0.90798635182245546        53.524063685944952     
           6   34.238998854518591       0.51399938943974655        34.752998243958338     
           7   22.228756771101033       0.35925034141934825        22.588007112520380     
           8   11.436904706280822       0.24000587919149594        11.676910585472319     
           9   10.940887939439538       0.20730293430516741        11.148190873744705     
          10   5.6802214501045638       0.15488789646598591        5.8351093465705501     
          11   4.7875044773101632        6.0614718022836460E-002   4.8481191953329992     
          12   2.6876794115666440        3.8736818325983316E-002   2.7264162298926276     
          13   1.5662418522430963        3.0413117374958075E-002   1.5966549696180543     
          14  0.39795268352892499        2.0688915877761491E-002  0.41864159940668649     
          15  0.55088694990869069        1.6696660734298624E-002  0.56758361064298934     
          16   7.5564638254758135E-002   1.1663187563169631E-002   8.7227825817927762E-002
          17  0.35457602810111388        1.2511408238065741E-002  0.36708743633917962     
          18  0.44711200578729149        3.4201471694563358E-003  0.45053215295674781     
          19  0.25980482805849298        3.0061626525731723E-003  0.26281099071106617     
          20  0.29084109466638747        0.0000000000000000       0.29084109466638747     
