   1.0000000000000000        0.0000000000000000       0.46600291028248553       0.72780229808163477            10000
 i   solar flux    satshine flux      total flux
 -----------------------------------------------
           1   1295.2062975303386        12.251476044149392        1307.4577735744879     
           2   122.80007103843320        2.9521182627753513        125.75218930120856     
           3   164.67006210884338        2.4468835074626694        167.11694561630605     
           4   72.432921342331156        1.2846628905139750        73.717584232845127     
           5   51.808330538068709       0.91164805777159963        52.719978595840310     
           6   28.101944258575486       0.54711760289282452        28.649061861468311     
           7   23.095227151062012       0.31599155266583634        23.411218703727847     
           8   9.8079100366597931       0.23348028244132993        10.041390319101122     
           9   6.9709258933375464       0.15001956900503077        7.1209454623425774     
          10   5.4050242208639414       0.11503883993840279        5.5200630608023440     
          11   2.9907460834943707        6.9571493108412208E-002   3.0603175766027828     
          12   1.4644456038579343        2.9359781466937022E-002   1.4938053853248714     
          13   1.1662662244020214        3.3419864712045486E-002   1.1996860891140668     
          14  0.70635612548545279        1.1941154753991788E-002  0.71829728023944461     
          15  0.15265462317856054        1.3035750430528509E-002  0.16569037360908906     
          16  0.18909941995714438        1.1525053294278439E-002  0.20062447325142282     
          17   2.5620016250810576E-002   0.0000000000000000        2.5620016250810576E-002
          18  0.48703226845357517        3.9581714722239907E-003  0.49099043992579916     
          19   0.0000000000000000        0.0000000000000000        0.0000000000000000     
          20  0.42635888051061221        0.0000000000000000       0.42635888051061221     
