   1.0000000000000000        0.0000000000000000       0.46600291028248553       0.72780229808163477            10000
 i   solar flux    satshine flux      total flux
 -----------------------------------------------
           1   1324.2321396602324        11.959231589360572        1336.1913712495930     
           2   121.69751058551572        2.8484178856920375        124.54592847120776     
           3   176.76385634758881        2.3017913795784772        179.06564772716729     
           4   74.411691761639702        1.2682658690381270        75.679957630677833     
           5   53.723213766542770       0.88905172776896890        54.612265494311742     
           6   31.220264811938861       0.61298568358104821        31.833250495519909     
           7   22.932622601211431       0.38149865176612113        23.314121252977554     
           8   16.321928108320158       0.18875121891779978        16.510679327237959     
           9   10.165675159112524       0.16228305856871267        10.327958217681237     
          10   6.0656596612928517        7.7863114855758211E-002   6.1435227761486102     
          11   5.5576806138266504        5.2668296382512657E-002   5.6103489102091633     
          12   2.7107449049776458        4.3155785282690005E-002   2.7539006902603358     
          13   1.2815417809414862        2.7395226265529492E-002   1.3089370072070157     
          14   1.3292260607669266        3.9990721634601691E-002   1.3692167824015282     
          15   1.7148474730165217        2.2155622712698352E-002   1.7370030957292202     
          16  0.50537777723778543        2.4834517911935874E-002  0.53021229514972135     
          17   0.0000000000000000        1.8047863403111524E-002   1.8047863403111524E-002
          18  0.19635451285030475        6.9176560918615335E-003  0.20327216894216629     
          19   0.0000000000000000        3.2360548828915215E-003   3.2360548828915215E-003
          20  0.21768067859363269        0.0000000000000000       0.21768067859363269     
