   1.0000000000000000        0.0000000000000000       0.46600291028248553       0.72780229808163477            10000
 i   solar flux    satshine flux      total flux
 -----------------------------------------------
           1   1279.0219168229073        11.667943119868612        1290.6898599427759     
           2   116.49009206812764        2.9322631595950948        119.42235522772273     
           3   169.26520572910735        2.4194826446264965        171.68468837373385     
           4   72.333651192741641        1.3438445294010293        73.677495722142666     
           5   50.879462690417924       0.83115576857275830        51.710618458990680     
           6   37.108748396079122       0.55127579913633795        37.660024195215456     
           7   23.479858972206138       0.36927129976806999        23.849130271974207     
           8   12.820249936680087       0.22036701406144779        13.040616950741535     
           9   12.007809299081433       0.16811800321525017        12.175927302296683     
          10   5.2458603399251880       0.12136664450943546        5.3672269844346232     
          11   5.3978148436066693        6.5584156091732113E-002   5.4633989996984011     
          12   3.4622475940268953        4.7383393220764007E-002   3.5096309872476592     
          13   1.6604721360273724        1.7159059739809267E-002   1.6776311957671817     
          14   1.7421772457607638        1.7689131345811380E-002   1.7598663771065752     
          15  0.27766168124282586        2.4645987338893217E-002  0.30230766858171909     
          16  0.56300562577021673        7.8647794700085483E-003  0.57087040524022525     
          17  0.48541930555089907        1.5389262428936805E-002  0.50080856797983586     
          18  0.38430501752916230        4.0184493226257867E-003  0.38832346685178809     
          19  0.36497986058364151        0.0000000000000000       0.36497986058364151     
          20  0.35006490043704747        0.0000000000000000       0.35006490043704747     
