   1.0000000000000000        0.0000000000000000       0.46600291028248553       0.72780229808163477            10000
 i   solar flux    satshine flux      total flux
 -----------------------------------------------
           1   1309.7956360617134        11.647874723849238        1321.4435107855627     
           2   127.09838838648801        3.0576068330039337        130.15599521949196     
           3   177.94207985520885        2.4913797584645985        180.43345961367345     
           4   74.539834164328951        1.2631219109571765        75.802956075286133     
           5   55.910866904001175       0.87573336732586871        56.786600271327046     
           6   35.863057044104742       0.49574694165954936        36.358803985764290     
           7   25.935483606432289       0.31943222904347196        26.254915835475760     
           8   15.022564890535527       0.26959082414131297        15.292155714676840     
           9   11.406131116018546       0.12035600125284988        11.526487117271396     
          10   6.8481571378325103       0.10691058311799410        6.9550677209505043     
          11   4.9963020994776954        6.0798855334291184E-002   5.0571009548119870     
          12   4.8590015862221545        4.6216275758247813E-002   4.9052178619804021     
          13   2.8755544486709654        4.1321157641380668E-002   2.9168756063123462     
          14   1.7155982857209413        2.6048585630616405E-002   1.7416468713515578     
          15  0.88297410734767945        9.3799880013034891E-003  0.89235409534898291     
          16  0.65204733192998321        1.7066137692875031E-003  0.65375394569927070     
          17  0.32260254404071093        2.0454244161764836E-003  0.32464796845688743     
          18   0.0000000000000000        5.3180659705459607E-003   5.3180659705459607E-003
          19  0.19976839158787468        0.0000000000000000       0.19976839158787468     
          20  0.23271922832764216        0.0000000000000000       0.23271922832764216     
