   1.0000000000000000        0.0000000000000000       0.46600291028248553       0.72780229808163477            10000
 i   solar flux    satshine flux      total flux
 -----------------------------------------------
           1   1298.4440909488073        12.187493798885043        1310.6315847476924     
           2   112.34536506257194        2.8494291872244677        115.19479424979642     
           3   185.91903706618803        2.4157505883660639        188.33478765455408     
           4   79.151702179334364        1.1321977473152227        80.283899926649582     
           5   59.790775878079764       0.90962764572693700        60.700403523806699     
           6   30.951322870452447       0.59011687444228345        31.541439744894731     
           7   22.760088370572941       0.36930780106710398        23.129396171640046     
           8   19.334982998350313       0.28400420724803133        19.618987205598344     
           9   10.701721522997605       0.15248615834581211        10.854207681343418     
          10   6.9623009011350785        9.1875883501087899E-002   7.0541767846361667     
          11   5.8136315796379865        5.5941546619808255E-002   5.8695731262577944     
          12   2.6462942614249823        6.1338874455795805E-002   2.7076331358807781     
          13   2.6526785327683484        3.4345360399037864E-002   2.6870238931673862     
          14   1.8621224064762913        2.0411142385592360E-002   1.8825335488618837     
          15  0.68253777388060699        3.3397470085568731E-002  0.71593524396617569     
          16  0.30133733711850769        4.2622123530673579E-003  0.30559954947157503     
          17  0.38141561612600872        1.0370821372276467E-002  0.39178643749828518     
          18  0.13229469832780527        0.0000000000000000       0.13229469832780527     
          19   0.0000000000000000        3.2627991904047547E-003   3.2627991904047547E-003
          20   0.0000000000000000        0.0000000000000000        0.0000000000000000     
