   1.0000000000000000        0.0000000000000000       0.46600291028248553       0.72780229808163477            10000
 i   solar flux    satshine flux      total flux
 -----------------------------------------------
           1   1326.7234201226493        11.999465116519215        1338.7228852391684     
           2   126.19990985327806        2.9999501600483498        129.19986001332640     
           3   183.90773899720278        2.4575688928246437        186.36530789002742     
           4   73.775224597553688        1.2604056341819416        75.035630231735624     
           5   58.052390705033716       0.90704223686714902        58.959432941900864     
           6   32.100269097509411       0.51169792284735238        32.611967020356765     
           7   21.597831788792888       0.37609388018426065        21.973925668977149     
           8   13.040765845376594       0.23778965277193428        13.278555498148528     
           9   8.8690320366747279       0.18044694666146421        9.0494789833361917     
          10   8.4397198213842906       0.10111687554144748        8.5408366969257372     
          11   4.5776149415457059        9.0243944894064329E-002   4.6678588864397703     
          12   3.2545967704177778        4.2164119153325283E-002   3.2967608895711029     
          13   2.4998056109583260        3.2747333438696208E-002   2.5325529443970223     
          14   1.9351191483528145        2.4466068161634213E-002   1.9595852165144487     
          15  0.67430615885876710        2.5523439785334945E-002  0.69982959864410210     
          16  0.30513085345673918        1.0022023640037203E-002  0.31515287709677636     
          17  0.56402156326746022        1.1546908883614022E-002  0.57556847215107421     
          18  0.41796129977129565        0.0000000000000000       0.41796129977129565     
          19  0.68234075855507292        2.8569737175138661E-003  0.68519773227258673     
          20  0.15391104742645223        3.3560158053296163E-003  0.15726706323178186     
