   1.0000000000000000        0.0000000000000000       0.46600291028248553       0.72780229808163477            10000
 i   solar flux    satshine flux      total flux
 -----------------------------------------------
           1   1303.8477703512299        12.004376442405896        1315.8521467936357     
           2   123.65758810761832        2.9317108226687529        126.58929893028707     
           3   183.17597350009640        2.3329288232641248        185.50890232336053     
           4   69.256578188835690        1.2086858381509329        70.465264026986617     
           5   54.182237406443079       0.84453362346543259        55.026771029908510     
           6   27.790476347107781       0.50299864819370765        28.293474995301487     
           7   19.651454764664052       0.35433060311292575        20.005785367776976     
           8   13.914430581664504       0.23262034588524108        14.147050927549746     
           9   10.714552650874063       0.15511102511850328        10.869663675992566     
          10   5.6641340195605423        7.3790860060493207E-002   5.7379248796210351     
          11   3.6243434179497340        6.9755748761528666E-002   3.6940991667112626     
          12   3.1601376885372106        3.4531091411582872E-002   3.1946687799487936     
          13   1.6982707025891468        2.3258252486147980E-002   1.7215289550752948     
          14   1.1902843603128199        1.9807020637494260E-002   1.2100913809503142     
          15   1.4528050336673992        1.8984699181903196E-003   1.4547035035855895     
          16  0.27212054064082924        1.2059588399881161E-002  0.28418012904071038     
          17  0.43489951415519074        4.0614765165088657E-003  0.43896099067169958     
          18  0.12907817365115584        3.9532774134140011E-004  0.12947350139249725     
          19   0.0000000000000000        0.0000000000000000        0.0000000000000000     
          20   0.0000000000000000        0.0000000000000000        0.0000000000000000     
