 Curly R     I/F(total)  I/F(solar)   I/F(saturn)
 ---------------------------------------------------
  0.010    2.8805E-03    2.8546E-03    2.5905E-05
  0.020    5.7667E-03    5.7148E-03    5.1929E-05
  0.030    8.6590E-03    8.5809E-03    7.8075E-05
  0.040    1.1558E-02    1.1453E-02    1.0435E-04
  0.050    1.4463E-02    1.4332E-02    1.3075E-04
  0.060    1.7374E-02    1.7217E-02    1.5728E-04
  0.070    2.0293E-02    2.0109E-02    1.8395E-04
  0.080    2.3220E-02    2.3009E-02    2.1076E-04
  0.090    2.6153E-02    2.5916E-02    2.3772E-04
  0.100    2.9095E-02    2.8831E-02    2.6482E-04
  0.110    3.2045E-02    3.1753E-02    2.9207E-04
  0.120    3.5004E-02    3.4685E-02    3.1948E-04
  0.130    3.7971E-02    3.7624E-02    3.4705E-04
  0.140    4.0948E-02    4.0573E-02    3.7478E-04
  0.150    4.3934E-02    4.3531E-02    4.0268E-04
  0.160    4.6930E-02    4.6499E-02    4.3075E-04
  0.170    4.9936E-02    4.9477E-02    4.5900E-04
  0.180    5.2952E-02    5.2465E-02    4.8743E-04
  0.190    5.5980E-02    5.5464E-02    5.1605E-04
  0.200    5.9018E-02    5.8473E-02    5.4486E-04
  0.210    6.2068E-02    6.1494E-02    5.7386E-04
  0.220    6.5130E-02    6.4527E-02    6.0307E-04
  0.230    6.8205E-02    6.7572E-02    6.3248E-04
  0.240    7.1292E-02    7.0629E-02    6.6211E-04
  0.250    7.4392E-02    7.3700E-02    6.9195E-04
  0.260    7.7505E-02    7.6783E-02    7.2202E-04
  0.270    8.0633E-02    7.9880E-02    7.5231E-04
  0.280    8.3775E-02    8.2992E-02    7.8284E-04
  0.290    8.6931E-02    8.6118E-02    8.1361E-04
  0.300    9.0103E-02    8.9259E-02    8.4463E-04
  0.310    9.3291E-02    9.2415E-02    8.7590E-04
  0.320    9.6495E-02    9.5587E-02    9.0743E-04
  0.330    9.9715E-02    9.8776E-02    9.3923E-04
  0.340    1.0295E-01    1.0198E-01    9.7131E-04
  0.350    1.0621E-01    1.0521E-01    1.0037E-03
  0.360    1.0948E-01    1.0845E-01    1.0363E-03
  0.370    1.1278E-01    1.1171E-01    1.0693E-03
  0.380    1.1609E-01    1.1498E-01    1.1025E-03
  0.390    1.1942E-01    1.1828E-01    1.1361E-03
  0.400    1.2277E-01    1.2160E-01    1.1700E-03
  0.410    1.2615E-01    1.2494E-01    1.2042E-03
  0.420    1.2954E-01    1.2830E-01    1.2387E-03
  0.430    1.3296E-01    1.3169E-01    1.2736E-03
  0.440    1.3640E-01    1.3509E-01    1.3089E-03
  0.450    1.3987E-01    1.3852E-01    1.3445E-03
  0.460    1.4335E-01    1.4197E-01    1.3806E-03
  0.470    1.4687E-01    1.4545E-01    1.4170E-03
  0.480    1.5041E-01    1.4896E-01    1.4538E-03
  0.490    1.5398E-01    1.5249E-01    1.4910E-03
  0.500    1.5757E-01    1.5605E-01    1.5286E-03
  0.510    1.6120E-01    1.5963E-01    1.5667E-03
  0.520    1.6485E-01    1.6325E-01    1.6053E-03
  0.530    1.6854E-01    1.6689E-01    1.6443E-03
  0.540    1.7225E-01    1.7057E-01    1.6837E-03
  0.550    1.7600E-01    1.7428E-01    1.7237E-03
  0.560    1.7978E-01    1.7802E-01    1.7642E-03
  0.570    1.8360E-01    1.8179E-01    1.8052E-03
  0.580    1.8745E-01    1.8560E-01    1.8467E-03
  0.590    1.9134E-01    1.8945E-01    1.8888E-03
  0.600    1.9526E-01    1.9333E-01    1.9315E-03
  0.610    1.9923E-01    1.9725E-01    1.9748E-03
  0.620    2.0323E-01    2.0121E-01    2.0186E-03
  0.630    2.0728E-01    2.0522E-01    2.0631E-03
  0.640    2.1137E-01    2.0926E-01    2.1083E-03
  0.650    2.1551E-01    2.1335E-01    2.1541E-03
  0.660    2.1969E-01    2.1749E-01    2.2006E-03
  0.670    2.2392E-01    2.2167E-01    2.2479E-03
  0.680    2.2819E-01    2.2590E-01    2.2958E-03
  0.690    2.3252E-01    2.3018E-01    2.3446E-03
  0.700    2.3691E-01    2.3451E-01    2.3941E-03
  0.710    2.4134E-01    2.3890E-01    2.4445E-03
  0.720    2.4584E-01    2.4334E-01    2.4957E-03
  0.730    2.5039E-01    2.4784E-01    2.5478E-03
  0.740    2.5501E-01    2.5240E-01    2.6009E-03
  0.750    2.5968E-01    2.5703E-01    2.6549E-03
  0.760    2.6443E-01    2.6172E-01    2.7098E-03
  0.770    2.6924E-01    2.6647E-01    2.7658E-03
  0.780    2.7412E-01    2.7130E-01    2.8229E-03
  0.790    2.7908E-01    2.7620E-01    2.8810E-03
  0.800    2.8411E-01    2.8117E-01    2.9403E-03
  0.810    2.8922E-01    2.8622E-01    3.0009E-03
  0.820    2.9442E-01    2.9135E-01    3.0626E-03
  0.830    2.9970E-01    2.9657E-01    3.1257E-03
  0.840    3.0507E-01    3.0188E-01    3.1901E-03
  0.850    3.1054E-01    3.0728E-01    3.2559E-03
  0.860    3.1610E-01    3.1277E-01    3.3232E-03
  0.870    3.2176E-01    3.1837E-01    3.3921E-03
  0.880    3.2753E-01    3.2407E-01    3.4625E-03
  0.890    3.3342E-01    3.2988E-01    3.5347E-03
  0.900    3.3942E-01    3.3581E-01    3.6086E-03
  0.910    3.4554E-01    3.4185E-01    3.6843E-03
  0.920    3.5179E-01    3.4802E-01    3.7620E-03
  0.930    3.5817E-01    3.5433E-01    3.8417E-03
  0.940    3.6469E-01    3.6077E-01    3.9236E-03
  0.950    3.7136E-01    3.6735E-01    4.0077E-03
  0.960    3.7818E-01    3.7409E-01    4.0941E-03
  0.970    3.8517E-01    3.8099E-01    4.1831E-03
  0.980    3.9233E-01    3.8805E-01    4.2746E-03
  0.990    3.9967E-01    3.9530E-01    4.3689E-03
  1.000    4.0719E-01    4.0273E-01    4.4661E-03
