Albedo  I/F(total)      I/F(solar)      I/F(saturn)	    I/F(total)^2    I/F(solar)^2    I/F(saturn)^2
-----------------------------------------------------------------------------------------------------
0.010	1.153650e-01	1.143049e-01	1.059624e-03	3.247732e-04	3.188336e-04	2.739531e-08
0.020	2.309550e-01	2.288306e-01	2.124429e-03	1.301627e-03	1.277799e-03	1.101175e-07
0.030	3.467811e-01	3.435862e-01	3.194542e-03	2.934551e-03	2.880746e-03	2.489938e-07
0.040	4.628500e-01	4.585790e-01	4.270048e-03	5.227705e-03	5.131695e-03	4.448733e-07
0.050	5.791780e-01	5.738250e-01	5.351240e-03	8.185664e-03	8.035098e-03	6.986812e-07
0.060	6.957700e-01	6.893290e-01	6.438060e-03	1.181303e-02	1.159538e-02	1.011299e-06
0.070	8.126350e-01	8.051020e-01	7.530750e-03	1.611462e-02	1.581733e-02	1.383712e-06
0.080	9.297870e-01	9.211580e-01	8.629470e-03	2.109577e-02	2.070615e-02	1.816924e-06
0.090	1.047235e+00	1.037502e+00	9.734260e-03	2.676188e-02	2.626688e-02	2.311926e-06
0.100	1.164990e+00	1.154148e+00	1.084537e-02	3.311859e-02	3.250521e-02	2.869830e-06
0.110	1.283068e+00	1.271104e+00	1.196295e-02	4.017227e-02	3.942676e-02	3.491751e-06
0.120	1.401472e+00	1.388386e+00	1.308713e-02	4.792869e-02	4.703806e-02	4.178832e-06
0.130	1.520214e+00	1.505994e+00	1.421803e-02	5.639438e-02	5.534454e-02	4.932240e-06
0.140	1.639311e+00	1.623956e+00	1.535590e-02	6.557650e-02	6.435408e-02	5.753275e-06
0.150	1.758773e+00	1.742272e+00	1.650082e-02	7.548223e-02	7.407287e-02	6.643162e-06
0.160	1.878609e+00	1.860956e+00	1.765305e-02	8.611866e-02	8.450821e-02	7.603312e-06
0.170	1.998838e+00	1.980026e+00	1.881269e-02	9.749424e-02	9.566825e-02	8.635044e-06
0.180	2.119468e+00	2.099488e+00	1.997998e-02	1.096167e-01	1.075605e-01	9.739843e-06
0.190	2.240514e+00	2.219358e+00	2.115509e-02	1.224950e-01	1.201932e-01	1.091920e-05
0.200	2.361990e+00	2.339652e+00	2.233815e-02	1.361377e-01	1.335757e-01	1.217460e-05
0.210	2.483905e+00	2.460377e+00	2.352945e-02	1.505536e-01	1.477159e-01	1.350776e-05
0.220	2.606284e+00	2.581551e+00	2.472912e-02	1.657540e-01	1.626242e-01	1.492025e-05
0.230	2.729131e+00	2.703192e+00	2.593746e-02	1.817477e-01	1.783103e-01	1.641396e-05
0.240	2.852461e+00	2.825302e+00	2.715461e-02	1.985451e-01	1.947833e-01	1.799057e-05
0.250	2.976289e+00	2.947906e+00	2.838078e-02	2.161571e-01	2.120549e-01	1.965193e-05
0.260	3.100636e+00	3.071024e+00	2.961625e-02	2.345958e-01	2.301375e-01	2.140011e-05
0.270	3.225515e+00	3.194657e+00	3.086123e-02	2.538727e-01	2.490396e-01	2.323709e-05
0.280	3.350946e+00	3.318830e+00	3.211594e-02	2.740008e-01	2.687752e-01	2.516493e-05
0.290	3.476940e+00	3.443562e+00	3.338070e-02	2.949924e-01	2.893574e-01	2.718594e-05
0.300	3.603515e+00	3.568862e+00	3.465564e-02	3.168608e-01	3.107973e-01	2.930223e-05
0.310	3.730698e+00	3.694756e+00	3.594111e-02	3.396212e-01	3.331111e-01	3.151627e-05
0.320	3.858492e+00	3.821254e+00	3.723732e-02	3.632867e-01	3.563106e-01	3.383045e-05
0.330	3.986916e+00	3.948379e+00	3.854459e-02	3.878715e-01	3.804110e-01	3.624741e-05
0.340	4.115993e+00	4.076126e+00	3.986327e-02	4.133922e-01	4.054248e-01	3.876993e-05
0.350	4.245754e+00	4.204606e+00	4.119354e-02	4.398671e-01	4.313850e-01	4.140061e-05
0.360	4.376230e+00	4.333700e+00	4.253599e-02	4.673170e-01	4.582805e-01	4.414289e-05
0.370	4.507400e+00	4.463550e+00	4.389050e-02	4.957502e-01	4.861544e-01	4.699894e-05
0.380	4.639320e+00	4.594110e+00	4.525730e-02	5.251924e-01	5.150097e-01	4.997159e-05
0.390	4.772030e+00	4.725390e+00	4.663720e-02	5.556678e-01	5.448623e-01	5.306522e-05
0.400	4.905500e+00	4.857460e+00	4.803060e-02	5.871847e-01	5.757438e-01	5.628339e-05
0.410	5.039720e+00	4.990300e+00	4.943730e-02	6.197558e-01	6.076635e-01	5.962837e-05
0.420	5.174860e+00	5.123970e+00	5.085830e-02	6.534372e-01	6.406518e-01	6.310537e-05
0.430	5.310870e+00	5.258540e+00	5.229350e-02	6.882359e-01	6.747438e-01	6.671712e-05
0.440	5.447650e+00	5.393960e+00	5.374350e-02	7.241417e-01	7.099423e-01	7.046815e-05
0.450	5.585450e+00	5.530230e+00	5.520850e-02	7.612386e-01	7.462654e-01	7.436218e-05
0.460	5.724120e+00	5.667450e+00	5.668950e-02	7.995048e-01	7.837570e-01	7.840514e-05
0.470	5.863800e+00	5.805580e+00	5.818580e-02	8.389980e-01	8.224249e-01	8.259856e-05
0.480	6.004430e+00	5.944750e+00	5.969970e-02	8.797220e-01	8.623256e-01	8.695243e-05
0.490	6.146160e+00	6.084930e+00	6.123010e-02	9.217409e-01	9.034720e-01	9.146745e-05
0.500	6.288890e+00	6.226110e+00	6.277790e-02	9.650461e-01	9.458804e-01	9.615007e-05
0.510	6.432750e+00	6.368380e+00	6.434350e-02	1.009701e+00	9.895999e-01	1.010053e-04
0.520	6.577720e+00	6.511790e+00	6.592800e-02	1.055722e+00	1.034670e+00	1.060410e-04
0.530	6.723840e+00	6.656280e+00	6.753160e-02	1.103145e+00	1.081093e+00	1.112622e-04
0.540	6.871160e+00	6.802040e+00	6.915440e-02	1.152011e+00	1.128957e+00	1.166734e-04
0.550	7.019760e+00	6.948930e+00	7.079790e-02	1.202375e+00	1.178242e+00	1.222847e-04
0.560	7.169590e+00	7.097160e+00	7.246190e-02	1.254248e+00	1.229042e+00	1.281004e-04
0.570	7.320780e+00	7.246630e+00	7.414780e-02	1.307702e+00	1.281354e+00	1.341302e-04
0.580	7.473290e+00	7.397450e+00	7.585540e-02	1.362751e+00	1.335241e+00	1.403791e-04
0.590	7.627220e+00	7.549620e+00	7.758620e-02	1.419466e+00	1.390736e+00	1.468580e-04
0.600	7.782610e+00	7.703290e+00	7.934050e-02	1.477888e+00	1.447925e+00	1.535739e-04
0.610	7.939530e+00	7.858390e+00	8.111890e-02	1.538083e+00	1.506816e+00	1.605353e-04
0.620	8.097940e+00	8.015010e+00	8.292320e-02	1.600070e+00	1.567470e+00	1.677558e-04
0.630	8.258010e+00	8.173240e+00	8.475260e-02	1.663947e+00	1.629969e+00	1.752391e-04
0.640	8.419690e+00	8.333100e+00	8.660950e-02	1.729737e+00	1.694348e+00	1.830017e-04
0.650	8.583120e+00	8.494600e+00	8.849370e-02	1.797534e+00	1.760657e+00	1.910508e-04
0.660	8.748310e+00	8.657900e+00	9.040620e-02	1.867386e+00	1.828999e+00	1.993975e-04
0.670	8.915390e+00	8.823000e+00	9.234970e-02	1.939391e+00	1.899415e+00	2.080623e-04
0.680	9.084270e+00	8.989960e+00	9.432270e-02	2.013559e+00	1.971978e+00	2.170469e-04
0.690	9.255200e+00	9.158880e+00	9.632800e-02	2.090040e+00	2.046777e+00	2.263739e-04
0.700	9.428210e+00	9.329780e+00	9.836560e-02	2.168903e+00	2.123867e+00	2.360515e-04
0.710	9.603250e+00	9.502780e+00	1.004383e-01	2.250183e+00	2.203358e+00	2.461037e-04
0.720	9.780520e+00	9.677960e+00	1.025459e-01	2.334018e+00	2.285338e+00	2.565402e-04
0.730	9.960100e+00	9.855360e+00	1.046895e-01	2.420510e+00	2.369882e+00	2.673776e-04
0.740	1.014200e+01	1.003509e+01	1.068721e-01	2.509719e+00	2.457104e+00	2.786421e-04
0.750	1.032638e+01	1.021731e+01	1.090934e-01	2.601797e+00	2.547141e+00	2.903447e-04
0.760	1.051325e+01	1.040193e+01	1.113562e-01	2.696808e+00	2.640014e+00	3.025141e-04
0.770	1.070285e+01	1.058921e+01	1.136612e-01	2.794953e+00	2.735931e+00	3.151665e-04
0.780	1.089522e+01	1.077922e+01	1.160111e-01	2.896321e+00	2.834991e+00	3.283330e-04
0.790	1.109045e+01	1.097205e+01	1.184062e-01	3.001041e+00	2.937326e+00	3.420298e-04
0.800	1.128862e+01	1.116776e+01	1.208495e-01	3.109247e+00	3.043041e+00	3.562907e-04
0.810	1.148992e+01	1.136659e+01	1.233432e-01	3.221115e+00	3.152353e+00	3.711460e-04
0.820	1.169451e+01	1.156859e+01	1.258881e-01	3.336838e+00	3.265386e+00	3.866192e-04
0.830	1.190245e+01	1.177397e+01	1.284875e-01	3.456550e+00	3.382351e+00	4.027502e-04
0.840	1.211389e+01	1.198275e+01	1.311432e-01	3.580443e+00	3.503363e+00	4.195704e-04
0.850	1.232906e+01	1.219519e+01	1.338581e-01	3.708760e+00	3.628678e+00	4.371219e-04
0.860	1.254809e+01	1.241140e+01	1.366351e-01	3.841697e+00	3.758479e+00	4.554469e-04
0.870	1.277109e+01	1.263160e+01	1.394759e-01	3.979447e+00	3.893018e+00	4.745823e-04
0.880	1.299832e+01	1.285592e+01	1.423842e-01	4.122313e+00	4.032508e+00	4.945803e-04
0.890	1.322997e+01	1.308457e+01	1.453629e-01	4.270546e+00	4.177218e+00	5.154903e-04
0.900	1.346625e+01	1.331780e+01	1.484158e-01	4.424443e+00	4.327454e+00	5.373704e-04
0.910	1.370733e+01	1.355577e+01	1.515459e-01	4.584269e+00	4.483481e+00	5.602759e-04
0.920	1.395354e+01	1.379877e+01	1.547572e-01	4.750425e+00	4.645655e+00	5.842727e-04
0.930	1.420504e+01	1.404697e+01	1.580537e-01	4.923209e+00	4.814278e+00	6.094298e-04
0.940	1.446218e+01	1.430074e+01	1.614400e-01	5.103055e+00	4.989791e+00	6.358242e-04
0.950	1.472520e+01	1.456028e+01	1.649208e-01	5.290351e+00	5.172543e+00	6.635388e-04
0.960	1.499445e+01	1.482594e+01	1.684998e-01	5.485586e+00	5.363015e+00	6.926521e-04
0.970	1.527025e+01	1.509806e+01	1.721839e-01	5.689238e+00	5.561683e+00	7.232732e-04
0.980	1.555294e+01	1.537695e+01	1.759780e-01	5.901826e+00	5.769049e+00	7.555011e-04
0.990	1.584287e+01	1.566300e+01	1.798880e-01	6.123912e+00	5.985683e+00	7.894492e-04
1.000	1.614054e+01	1.595664e+01	1.839210e-01	6.356200e+00	6.212218e+00	8.252466e-04
