   1.0000000000000000        0.0000000000000000       0.46600291028248553       0.72780229808163477            10000
 i   solar flux    satshine flux      total flux
 -----------------------------------------------
           1   1297.9544735826580        11.945908000441275        1309.9003815830993     
           2   113.44336038863912        2.8149545333296184        116.25831492196873     
           3   170.50905378930153        2.2738312793898308        172.78288506869137     
           4   67.801387525107188        1.2657966022921263        69.067184127399315     
           5   56.882509399644562        1.0047480655686580        57.887257465213217     
           6   30.846715094180450       0.69426687562990819        31.540981969810357     
           7   21.127623803770213       0.40807988162368902        21.535703685393901     
           8   15.169618822066266       0.28489834542130116        15.454517167487566     
           9   8.5940045881836973       0.16446675558511498        8.7584713437688126     
          10   5.8587513131398623        8.1688516753617824E-002   5.9404398298934797     
          11   4.5014643766945603        7.7156864948979886E-002   4.5786212416435399     
          12   3.0739346960716603        4.5030512380450347E-002   3.1189652084521104     
          13   1.5745874604947645        1.5285478715091411E-002   1.5898729392098558     
          14   2.1630174128441162        2.7570765682868096E-002   2.1905881785269843     
          15  0.46846344060629957        2.0167080363100942E-002  0.48863052096940052     
          16  0.43699257441131056        4.4249749854739558E-003  0.44141754939678451     
          17   0.0000000000000000        2.6643188942248831E-003   2.6643188942248831E-003
          18  0.98113181974358876        2.2353549994783648E-003  0.98336717474306712     
          19   0.0000000000000000        9.6247099951705093E-004   9.6247099951705093E-004
          20  0.16460180038927844        0.0000000000000000       0.16460180038927844     
