   1.0000000000000000        0.0000000000000000       0.46600291028248553       0.72780229808163477            10000
 i   solar flux    satshine flux      total flux
 -----------------------------------------------
           1   1296.3119851230149        12.328594273535332        1308.6405793965503     
           2   124.22580845479699        2.8601311480637261        127.08593960286072     
           3   181.06646575672852        2.4240236162304600        183.49048937295899     
           4   75.434365521934581        1.2284006981708742        76.662766220105453     
           5   60.784169721086627       0.88072415172529850        61.664893872811923     
           6   35.341136990024559       0.50643873489023639        35.847575724914797     
           7   23.445020121684678       0.34022290351516138        23.785243025199840     
           8   16.824466445740292       0.19189899871868923        17.016365444458980     
           9   9.0141851615073989       0.11888659066807375        9.1330717521754732     
          10   6.5090011598736233       0.12870843498075957        6.6377095948543827     
          11   4.2113717766369785        6.6782177888161431E-002   4.2781539545251395     
          12   3.2618947014479538        4.8780529729134062E-002   3.3106752311770880     
          13   2.1173750821387776        4.1185208045483847E-002   2.1585602901842615     
          14   2.1110597052840716        1.9472638164230175E-002   2.1305323434483019     
          15   1.4561197629662872        1.1247700283136177E-002   1.4673674632494234     
          16  0.84824580396447158        2.1253982415188831E-003  0.85037120220599050     
          17  0.52600003826405162        0.0000000000000000       0.52600003826405162     
          18   0.0000000000000000        8.3637600610573376E-003   8.3637600610573376E-003
          19  0.34864460020092147        0.0000000000000000       0.34864460020092147     
          20  0.22222645745572525        3.4094252644885528E-003  0.22563588272021382     
