   1.0000000000000000        0.0000000000000000       0.46600291028248553       0.72780229808163477            10000
 i   solar flux    satshine flux      total flux
 -----------------------------------------------
           1   1307.7517968926891        12.260155156994044        1320.0119520496830     
           2   119.94906656164540        2.9461840367604766        122.89525059840587     
           3   192.16094426509690        2.2878699961349640        194.44881426123186     
           4   69.458783509009578        1.3239332274844118        70.782716736493995     
           5   54.275881243670767       0.82522742504576641        55.101108668716535     
           6   32.094192286373236       0.58648340815734512        32.680675694530578     
           7   20.677504608345512       0.27953616867009551        20.957040777015607     
           8   15.433970450185763       0.24796764541999106        15.681938095605753     
           9   10.610115915603522       0.12844457096444709        10.738560486567970     
          10   6.6166678341327998       0.10411673431935552        6.7207845684521557     
          11   4.1965641626317662        6.1231297429900397E-002   4.2577954600616668     
          12   1.1015672040918729        4.5987362276767446E-002   1.1475545663686404     
          13   1.7800598044886584        1.9303432045914306E-002   1.7993632365345726     
          14   1.2465375099019478        4.4445601157987831E-003   1.2509820700177465     
          15   1.0376608904623739        1.5198879264615305E-003   1.0391807783888354     
          16   2.9000077522078692E-002   0.0000000000000000        2.9000077522078692E-002
          17  0.49797495129020219        0.0000000000000000       0.49797495129020219     
          18   0.0000000000000000        0.0000000000000000        0.0000000000000000     
          19   0.0000000000000000        0.0000000000000000        0.0000000000000000     
          20   0.0000000000000000        0.0000000000000000        0.0000000000000000     
