   1.0000000000000000        0.0000000000000000       0.46600291028248553       0.72780229808163477            10000
 i   solar flux    satshine flux      total flux
 -----------------------------------------------
           1   1315.6381883302151        11.789671145396870        1327.4278594756120     
           2   115.15123121096273        2.9916502446524063        118.14288145561514     
           3   182.11775385137014        2.3529689258091837        184.47072277717933     
           4   71.228706440053088        1.2721448488789391        72.500851288932026     
           5   54.000821376008076       0.86884925935122703        54.869670635359306     
           6   36.911561564814463       0.60892879055897298        37.520490355373433     
           7   25.429566136232197       0.37442028867063393        25.803986424902831     
           8   16.021487200213372       0.20363322590920210        16.225120426122572     
           9   11.708184190438649       0.12284321971994484        11.831027410158594     
          10   8.4967590224895844       0.10537352067914603        8.6021325431687305     
          11   5.4511343129892316        5.3486011574622669E-002   5.5046203245638541     
          12   3.7883805384262677        4.7470910445213531E-002   3.8358514488714812     
          13   1.9136360183103513        3.2391654067261792E-002   1.9460276723776131     
          14   1.1273759711962006        3.5690887379463528E-002   1.1630668585756641     
          15   1.5646967146523836        3.1835217192406847E-003   1.5678802363716242     
          16  0.33028636919428855        1.0638610091043039E-002  0.34092497928533161     
          17  0.49853524876239907        4.8351672200461042E-003  0.50337041598244514     
          18  0.38968664631841426        1.4553306186060012E-003  0.39114197693702024     
          19  0.24948486943029957        2.5611686207269758E-003  0.25204603805102654     
          20  0.14766732279070632        0.0000000000000000       0.14766732279070632     
