   1.0000000000000000        0.0000000000000000       0.46600291028248553       0.72780229808163477            10000
 i   solar flux    satshine flux      total flux
 -----------------------------------------------
           1   1323.4294383987763        12.136161781181274        1335.5656001799575     
           2   127.76354514846774        2.8564688218822387        130.62001397034999     
           3   176.34163688839891        2.3954784867729537        178.73711537517187     
           4   79.930066671041615        1.0922082079931985        81.022274879034811     
           5   55.736968696513500       0.82659901052952300        56.563567707043021     
           6   35.557665249061955       0.50845438783154728        36.066119636893504     
           7   22.226189925383181       0.32047214999698037        22.546662075380162     
           8   15.845767753293387       0.25834583707568110        16.104113590369067     
           9   13.361012240855953       0.17545720769233183        13.536469448548285     
          10   5.8553087744954588        8.6802804320918789E-002   5.9421115788163776     
          11   4.5149633573890569       0.10186617241410510        4.6168295298031623     
          12   3.2703623671123445        3.5364153987280704E-002   3.3057265210996252     
          13   2.8939253013269974        3.5738320913831646E-002   2.9296636222408292     
          14   1.7414551855475588        1.2982212596070852E-002   1.7544373981436296     
          15   1.0082742545058503        1.6233614032728792E-002   1.0245078685385791     
          16  0.91003909983129505        1.7134681670527421E-002  0.92717378150182250     
          17  0.53908814088950663        5.4049292089524180E-003  0.54449307009845904     
          18  0.83533964720475107        8.1183385559637621E-003  0.84345798576071485     
          19   6.0831367997032565E-002   0.0000000000000000        6.0831367997032565E-002
          20  0.51015905898475866        0.0000000000000000       0.51015905898475866     
