   1.0000000000000000        0.0000000000000000       0.46600291028248553       0.72780229808163477            10000
 i   solar flux    satshine flux      total flux
 -----------------------------------------------
           1   1308.5311538411318        11.858126967353307        1320.3892808084850     
           2   123.57756477226705        2.9675657053655979        126.54513047763265     
           3   173.90395849349662        2.4154085387225916        176.31936703221922     
           4   70.905384227062285        1.3351353489277995        72.240519575990078     
           5   52.074439127049551       0.85341391630643793        52.927853043355988     
           6   34.152820300329168       0.52696764979378308        34.679787950122950     
           7   18.068493002352543       0.34830483120103539        18.416797833553577     
           8   13.172684289384117       0.23530268776565094        13.407986977149768     
           9   9.2156199584949992       0.17897129918436791        9.3945912576793678     
          10   5.8874257186431338        9.5747884328147626E-002   5.9831736029712816     
          11   4.4349507289516659        7.8286096247067269E-002   4.5132368251987334     
          12   3.2879307275927121        3.2836141404625228E-002   3.3207668689973375     
          13   2.5972233668882017        1.9797940296866611E-002   2.6170213071850683     
          14  0.96680901885390313        1.0122495596786555E-002  0.97693151445068971     
          15   1.0272085520290590        1.5784512994943337E-002   1.0429930650240025     
          16  0.44562158755795656        1.0892172971613188E-002  0.45651376052956977     
          17  0.11612271716078999        9.0035466148757851E-003  0.12512626377566577     
          18   0.0000000000000000        4.9976039069154826E-003   4.9976039069154826E-003
          19   0.0000000000000000        0.0000000000000000        0.0000000000000000     
          20   0.0000000000000000        0.0000000000000000        0.0000000000000000     
