   1.0000000000000000        0.0000000000000000       0.46600291028248553       0.72780229808163477            10000
 i   solar flux    satshine flux      total flux
 -----------------------------------------------
           1   1347.5043183521107        11.891569334692280        1359.3958876868030     
           2   125.62132046546274        2.8364422614272913        128.45776272689002     
           3   170.39930189985114        2.2434071408584670        172.64270904070960     
           4   71.705863796774949        1.2949866755078665        73.000850472282821     
           5   53.827677622038436       0.77929926352498702        54.606976885563427     
           6   30.834182446203993       0.52073080025812757        31.354913246462122     
           7   20.436356113222438       0.30253659497933716        20.738892708201774     
           8   15.447129160846531       0.18663775775614277        15.633766918602674     
           9   9.7292233773895127       0.19401421917425879        9.9232375965637711     
          10   7.6625151772375677       0.11127306729113574        7.7737882445287037     
          11   4.4507253242229927        4.5434296640000142E-002   4.4961596208629926     
          12   2.8328831102629644        5.9647266037860629E-002   2.8925303763008250     
          13   2.1741243484614374        3.0545785198501148E-002   2.2046701336599384     
          14   1.5081428549766751        1.8210463256154785E-002   1.5263533182328299     
          15  0.38006836822369594        2.9381213590604818E-002  0.40944958181430074     
          16  0.69412786582535846        1.3540697865358027E-002  0.70766856369071651     
          17  0.32792454552528005        7.8368573676575893E-003  0.33576140289293765     
          18  0.48427085186892915        2.3658562027288254E-003  0.48663670807165799     
          19  0.35421448321946070        2.0261902471866683E-004  0.35441710224417938     
          20  0.14689053090849127        0.0000000000000000       0.14689053090849127     
