   1.0000000000000000        0.0000000000000000       0.46600291028248553       0.72780229808163477            10000
 i   solar flux    satshine flux      total flux
 -----------------------------------------------
           1   1297.2875202292969        11.821999556002996        1309.1095197852999     
           2   121.95410772495535        2.8957530764241217        124.84986080137948     
           3   179.73328662907119        2.2816393941558015        182.01492602322699     
           4   65.185700238885190        1.1678294542633809        66.353529693148573     
           5   56.073278030761983       0.80966783620593552        56.882945866967916     
           6   32.059387993473948       0.57277088154903144        32.632158875022981     
           7   21.869092862071277       0.34087142853285002        22.209964290604127     
           8   13.917717487849941       0.20848831836687012        14.126205806216811     
           9   9.3192371114441279       0.14461065687755426        9.4638477683216813     
          10   5.1232663747043006        8.5126951913985754E-002   5.2083933266182862     
          11   2.9639198879494710        6.9322527559391833E-002   3.0332424155088629     
          12   2.0298649187097997        4.1856435416949014E-002   2.0717213541267485     
          13   1.8076662765865623        2.8892748289161135E-002   1.8365590248757235     
          14   1.0058239224439602        4.3852053853072597E-003   1.0102091278292675     
          15  0.55584539941327704        2.8209828075899043E-002  0.58405522748917604     
          16   9.6547480476423683E-002   2.2903334062959451E-003   9.8837813882719630E-002
          17  0.32634711542449679        5.8101731130517885E-003  0.33215728853754856     
          18   0.0000000000000000        5.4012477616405680E-003   5.4012477616405680E-003
          19  0.39661336687683912        3.2621458081909553E-003  0.39987551268503008     
          20  0.20921021339913803        0.0000000000000000       0.20921021339913803     
