   1.0000000000000000        0.0000000000000000       0.46600291028248553       0.72780229808163477            10000
 i   solar flux    satshine flux      total flux
 -----------------------------------------------
           1   1310.2595134229396        11.738362794382525        1321.9978762173221     
           2   120.01945416450934        2.7991222063387058        122.81857637084805     
           3   173.29263695704270        2.2898276363251906        175.58246459336789     
           4   66.636254028625444        1.1230963929155040        67.759350421540944     
           5   58.412382469336464       0.88289066874348632        59.295273138079949     
           6   29.765562380069909       0.49464767288738631        30.260210052957294     
           7   22.907726600362139       0.37694213731190396        23.284668737674043     
           8   15.136854241885292       0.26002179009572463        15.396876031981016     
           9   10.622954229604410       0.14022236323628223        10.763176592840692     
          10   6.8914382910007266        9.9579698239386852E-002   6.9910179892401132     
          11   4.6132270497803862        4.9660265317638751E-002   4.6628873150980246     
          12   3.7870451644355057        5.1036367938979726E-002   3.8380815323744852     
          13   1.3591019244224998        6.1102754023421482E-002   1.4202046784459212     
          14   1.0962385824637628        3.1410823776698148E-002   1.1276494062404609     
          15  0.97343595204872413        3.3949650353231831E-002   1.0073856024019561     
          16  0.87775766875076700        3.2049852385352462E-002  0.90980752113611940     
          17  0.17515130771208456        2.2130112514080855E-002  0.19728142022616540     
          18  0.46729723694448999        6.5060290972366987E-003  0.47380326604172668     
          19  0.22695601258534182        1.0366347968348932E-002  0.23732236055369074     
          20  0.25991056476156305        0.0000000000000000       0.25991056476156305     
