   1.0000000000000000        0.0000000000000000       0.46600291028248553       0.72780229808163477            10000
 i   solar flux    satshine flux      total flux
 -----------------------------------------------
           1   1320.0300598581787        11.920279810493543        1331.9503396686723     
           2   117.34087512778629        3.1720069781944336        120.51288210598072     
           3   175.01598851999091        2.3505978512515959        177.36658637124251     
           4   72.417245345165398        1.2405185610909693        73.657763906256363     
           5   62.832501447786896       0.84678448972947895        63.679285937516376     
           6   30.501179294391314       0.50126513209585366        31.002444426487166     
           7   23.150631569314950       0.33048757588636096        23.481119145201312     
           8   12.525862296535614       0.18865594366142491        12.714518240197039     
           9   8.6678054615257079       0.15922970119032465        8.8270351627160331     
          10   5.0351124925412822        8.9404942030952797E-002   5.1245174345722351     
          11   5.0930064547153897        4.9451811940461311E-002   5.1424582666558507     
          12   3.4746072490834594        4.0826027116887195E-002   3.5154332762003464     
          13   2.2096207305230378        2.0277348767870223E-002   2.2298980792909080     
          14  0.93448821206027044        1.1202006904322756E-002  0.94569021896459315     
          15   1.2388917250849008        0.0000000000000000        1.2388917250849008     
          16  0.73003255836723180        0.0000000000000000       0.73003255836723180     
          17  0.58744913606655258        1.8191413156752991E-003  0.58926827738222787     
          18  0.22069509801588419        0.0000000000000000       0.22069509801588419     
          19  0.24940150397163860        0.0000000000000000       0.24940150397163860     
          20  0.34861441470006027        1.1130036559475263E-003  0.34972741835600779     
