   1.0000000000000000        0.0000000000000000       0.46600291028248553       0.72780229808163477            10000
 i   solar flux    satshine flux      total flux
 -----------------------------------------------
           1   1334.3016337603358        11.961439959322826        1346.2630737196587     
           2   124.10135547805579        3.0537117319211724        127.15506720997696     
           3   177.63533281049681        2.4758644483500434        180.11119725884686     
           4   69.007245261020415        1.3169462579181634        70.324191518938576     
           5   47.909744637016956       0.86501046649831825        48.774755103515275     
           6   32.647116700862135       0.54109154304266227        33.188208243904796     
           7   24.501197088410628       0.33273944894092555        24.833936537351555     
           8   14.319008219377981       0.25715097863584990        14.576159198013830     
           9   11.474871213336176       0.16612798046298469        11.640999193799161     
          10   6.8394895912136988       0.10709294980974632        6.9465825410234450     
          11   3.6915407388744468        7.9037567522399155E-002   3.7705783063968461     
          12   2.1197988224920872        4.5918064350261675E-002   2.1657168868423486     
          13   2.5156982398227732        4.6183650269471986E-002   2.5618818900922453     
          14   1.3282311468301047        2.3978272617660234E-002   1.3522094194477650     
          15  0.62506374480965998        9.0432480992858385E-003  0.63410699290894579     
          16  0.68477937575552394        6.7193066746467937E-003  0.69149868243017076     
          17  0.99613808166693185        1.0607081766088272E-002   1.0067451634330202     
          18  0.42681643862345575        1.5183332353567150E-002  0.44199977097702292     
          19   0.0000000000000000        3.8827888354372141E-003   3.8827888354372141E-003
          20  0.25844486469410988        0.0000000000000000       0.25844486469410988     
