   1.0000000000000000        0.0000000000000000       0.46600291028248553       0.72780229808163477            10000
 i   solar flux    satshine flux      total flux
 -----------------------------------------------
           1   1339.0146068500974        12.237136660351148        1351.2517435104485     
           2   119.35571811615019        2.8040140746238795        122.15973219077406     
           3   172.61832526286827        2.2615590396339171        174.87988430250218     
           4   72.589088634501465        1.1856019484494627        73.774690582950925     
           5   54.456156463086955       0.93812185936330239        55.394278322450255     
           6   34.539147465531691       0.53310285697666682        35.072250322508360     
           7   22.081988169003537       0.36982142817626001        22.451809597179796     
           8   14.783635544041539       0.18412602266002620        14.967761566701565     
           9   13.085755403555538       0.17256486651594594        13.258320270071485     
          10   4.9013218945567854       0.11362414945100904        5.0149460440077940     
          11   4.7978761705460782        3.9679901078091155E-002   4.8375560716241690     
          12   2.0154055370373491        1.9721971612025411E-002   2.0351275086493748     
          13   1.3570778119637383        2.6424063446243030E-002   1.3835018754099813     
          14   1.4676871088342118        5.7678405856568934E-003   1.4734549494198688     
          15  0.22573521002947644        1.6697163156496681E-002  0.24243237318597313     
          16  0.45624128083822119        0.0000000000000000       0.45624128083822119     
          17  0.69161109009624855        6.3073942529761453E-003  0.69791848434922465     
          18  0.18376985855271438        3.9362989076864524E-003  0.18770615746040084     
          19  0.39995600178780039        0.0000000000000000       0.39995600178780039     
          20  0.28477221543808773        1.8159076864537012E-003  0.28658812312454141     
