   1.0000000000000000        0.0000000000000000       0.46600291028248553       0.72780229808163477            10000
 i   solar flux    satshine flux      total flux
 -----------------------------------------------
           1   1280.1865735555882        12.198588504893952        1292.3851620604821     
           2   117.94157584039451        2.7487060781404087        120.69028191853492     
           3   174.74121444322816        2.5188086969932186        177.26002314022139     
           4   72.071522382535179        1.2958835003904270        73.367405882925610     
           5   53.177040854431269       0.88733363557700873        54.064374490008277     
           6   33.884781239237526       0.57577337695165665        34.460554616189185     
           7   22.001031355782640       0.41483393053306988        22.415865286315711     
           8   15.470238300887624       0.26648252370505388        15.736720824592679     
           9   7.4091093913740824       0.14981257872790082        7.5589219701019834     
          10   5.4757236775021854        9.8056153339345475E-002   5.5737798308415307     
          11   3.8529540843144967        8.6224918410721219E-002   3.9391790027252180     
          12   2.4270096975952500        3.3117477876886341E-002   2.4601271754721363     
          13  0.93679781327432665        5.1235418585281398E-002  0.98803323185960801     
          14   1.2093711520777637        2.6416684953963442E-002   1.2357878370317272     
          15   1.9026647729898110        1.6619999735239217E-002   1.9192847727250502     
          16   1.0373586199193978        8.8341378415092171E-003   1.0461927577609071     
          17   1.1560153951806724        5.1164373456540815E-003   1.1611318325263265     
          18  0.29041607400527947        2.9072531687414837E-003  0.29332332717402093     
          19  0.23368275625202742        0.0000000000000000       0.23368275625202742     
          20  0.12760665924195003        0.0000000000000000       0.12760665924195003     
