   1.0000000000000000        0.0000000000000000       0.46600291028248553       0.72780229808163477            10000
 i   solar flux    satshine flux      total flux
 -----------------------------------------------
           1   1329.6632614139173        11.957276079101446        1341.6205374930187     
           2   117.19244577020908        2.8188305930327346        120.01127636324181     
           3   170.48918177308769        2.3629047076624161        172.85208648075010     
           4   73.017262886820163        1.2683740865715256        74.285636973391689     
           5   55.902174345043946       0.76913091535243749        56.671305260396380     
           6   32.253028241317537       0.53668348251327713        32.789711723830813     
           7   20.178458317914515       0.37993781374166247        20.558396131656178     
           8   13.639595156296437       0.25314193343502617        13.892737089731463     
           9   12.053923644617839       0.16101859097181043        12.214942235589650     
          10   5.5762574668004667       0.11484190723722613        5.6910993740376927     
          11   4.8774862329291562        5.8829968114970543E-002   4.9363162010441268     
          12   2.9876554306338843        5.2743954118252452E-002   3.0403993847521367     
          13   2.5671624526742090        2.3430211537549064E-002   2.5905926642117580     
          14   1.7327862220311498        1.8746376437827627E-002   1.7515325984689776     
          15  0.68671730730829705        1.5385407523134133E-002  0.70210271483143116     
          16   1.0981651136740782        3.1203659297219131E-003   1.1012854796038001     
          17   6.4460675215432958E-002   2.9456479556748765E-003   6.7406323171107840E-002
          18  0.15296547251747217        1.8365683675208903E-002  0.17133115619268108     
          19   6.2901221618388611E-002   6.1698500131258747E-003   6.9071071631514491E-002
          20  0.11446419563996260        4.1737437964335673E-003  0.11863793943639617     
