   1.0000000000000000        0.0000000000000000       0.46600291028248553       0.72780229808163477            10000
 i   solar flux    satshine flux      total flux
 -----------------------------------------------
           1   1256.7587195402114        11.970814456277962        1268.7295339964894     
           2   119.65923039224937        2.8088814399144315        122.46811183216380     
           3   179.76468680588408        2.3839304702237136        182.14861727610779     
           4   77.285862394485434        1.2186919495377240        78.504554344023163     
           5   58.321200378610236       0.92003263457707396        59.241233013187312     
           6   30.037646960015284       0.54560468702111198        30.583251647036395     
           7   28.043926443262823       0.30503460100281188        28.348961044265636     
           8   10.204297040469415       0.24072279554901638        10.445019836018432     
           9   9.2471073917457982       0.15331547648602106        9.4004228682318196     
          10   4.7900802090760450       0.13365381006133226        4.9237340191373775     
          11   4.3422397491254028        9.5665002816898909E-002   4.4379047519423018     
          12   2.2851670747983430        5.4346731004337290E-002   2.3395138058026803     
          13   2.7694924987704708        2.2183655535405248E-002   2.7916761543058759     
          14   1.2276226875293330        1.5642952659161168E-002   1.2432656401884943     
          15   1.2460155642085733        1.0432762943638126E-002   1.2564483271522113     
          16  0.57904870549413912        1.8389477949527555E-002  0.59743818344366661     
          17   1.9668426690827561E-002   1.9520180825257534E-003   2.1620444773353314E-002
          18  0.53073369689564964        1.9942659793967640E-002  0.55067635668961723     
          19   9.0154253447831956E-002   0.0000000000000000        9.0154253447831956E-002
          20   0.0000000000000000        1.4028247203342224E-002   1.4028247203342224E-002
