 Curly R     I/F(total)  I/F(solar)   I/F(saturn)
 ---------------------------------------------------
  0.010    2.6948E-03    2.6693E-03    2.5461E-05
  0.020    5.3950E-03    5.3440E-03    5.1045E-05
  0.030    8.1009E-03    8.0242E-03    7.6754E-05
  0.040    1.0813E-02    1.0710E-02    1.0259E-04
  0.050    1.3531E-02    1.3402E-02    1.2856E-04
  0.060    1.6255E-02    1.6100E-02    1.5467E-04
  0.070    1.8986E-02    1.8805E-02    1.8091E-04
  0.080    2.1724E-02    2.1517E-02    2.0730E-04
  0.090    2.4469E-02    2.4235E-02    2.3383E-04
  0.100    2.7222E-02    2.6961E-02    2.6051E-04
  0.110    2.9982E-02    2.9695E-02    2.8734E-04
  0.120    3.2751E-02    3.2436E-02    3.1433E-04
  0.130    3.5527E-02    3.5186E-02    3.4148E-04
  0.140    3.8313E-02    3.7944E-02    3.6880E-04
  0.150    4.1107E-02    4.0711E-02    3.9628E-04
  0.160    4.3911E-02    4.3487E-02    4.2394E-04
  0.170    4.6724E-02    4.6272E-02    4.5178E-04
  0.180    4.9546E-02    4.9067E-02    4.7980E-04
  0.190    5.2380E-02    5.1872E-02    5.0800E-04
  0.200    5.5223E-02    5.4687E-02    5.3640E-04
  0.210    5.8078E-02    5.7513E-02    5.6499E-04
  0.220    6.0943E-02    6.0350E-02    5.9378E-04
  0.230    6.3821E-02    6.3198E-02    6.2278E-04
  0.240    6.6710E-02    6.6058E-02    6.5199E-04
  0.250    6.9612E-02    6.8930E-02    6.8142E-04
  0.260    7.2526E-02    7.1815E-02    7.1107E-04
  0.270    7.5453E-02    7.4713E-02    7.4095E-04
  0.280    7.8395E-02    7.7623E-02    7.7106E-04
  0.290    8.1350E-02    8.0548E-02    8.0141E-04
  0.300    8.4319E-02    8.3487E-02    8.3201E-04
  0.310    8.7303E-02    8.6441E-02    8.6286E-04
  0.320    9.0303E-02    8.9409E-02    8.9397E-04
  0.330    9.3319E-02    9.2393E-02    9.2535E-04
  0.340    9.6350E-02    9.5393E-02    9.5700E-04
  0.350    9.9399E-02    9.8410E-02    9.8892E-04
  0.360    1.0246E-01    1.0144E-01    1.0211E-03
  0.370    1.0555E-01    1.0449E-01    1.0537E-03
  0.380    1.0865E-01    1.0756E-01    1.0865E-03
  0.390    1.1177E-01    1.1065E-01    1.1196E-03
  0.400    1.1491E-01    1.1376E-01    1.1530E-03
  0.410    1.1807E-01    1.1689E-01    1.1868E-03
  0.420    1.2125E-01    1.2003E-01    1.2209E-03
  0.430    1.2446E-01    1.2320E-01    1.2554E-03
  0.440    1.2768E-01    1.2639E-01    1.2902E-03
  0.450    1.3093E-01    1.2960E-01    1.3254E-03
  0.460    1.3420E-01    1.3284E-01    1.3609E-03
  0.470    1.3750E-01    1.3610E-01    1.3969E-03
  0.480    1.4082E-01    1.3938E-01    1.4332E-03
  0.490    1.4416E-01    1.4269E-01    1.4700E-03
  0.500    1.4753E-01    1.4603E-01    1.5072E-03
  0.510    1.5093E-01    1.4939E-01    1.5448E-03
  0.520    1.5436E-01    1.5278E-01    1.5829E-03
  0.530    1.5782E-01    1.5620E-01    1.6214E-03
  0.540    1.6130E-01    1.5964E-01    1.6604E-03
  0.550    1.6482E-01    1.6312E-01    1.6999E-03
  0.560    1.6837E-01    1.6663E-01    1.7399E-03
  0.570    1.7195E-01    1.7017E-01    1.7804E-03
  0.580    1.7557E-01    1.7375E-01    1.8215E-03
  0.590    1.7922E-01    1.7736E-01    1.8631E-03
  0.600    1.8291E-01    1.8101E-01    1.9053E-03
  0.610    1.8664E-01    1.8469E-01    1.9481E-03
  0.620    1.9040E-01    1.8841E-01    1.9915E-03
  0.630    1.9421E-01    1.9217E-01    2.0355E-03
  0.640    1.9805E-01    1.9597E-01    2.0802E-03
  0.650    2.0194E-01    1.9982E-01    2.1255E-03
  0.660    2.0588E-01    2.0370E-01    2.1716E-03
  0.670    2.0986E-01    2.0764E-01    2.2183E-03
  0.680    2.1388E-01    2.1162E-01    2.2658E-03
  0.690    2.1796E-01    2.1564E-01    2.3141E-03
  0.700    2.2209E-01    2.1972E-01    2.3632E-03
  0.710    2.2627E-01    2.2385E-01    2.4132E-03
  0.720    2.3050E-01    2.2804E-01    2.4639E-03
  0.730    2.3479E-01    2.3228E-01    2.5156E-03
  0.740    2.3915E-01    2.3658E-01    2.5682E-03
  0.750    2.4356E-01    2.4094E-01    2.6218E-03
  0.760    2.4803E-01    2.4536E-01    2.6764E-03
  0.770    2.5258E-01    2.4984E-01    2.7320E-03
  0.780    2.5719E-01    2.5440E-01    2.7887E-03
  0.790    2.6187E-01    2.5902E-01    2.8466E-03
  0.800    2.6663E-01    2.6372E-01    2.9056E-03
  0.810    2.7146E-01    2.6849E-01    2.9659E-03
  0.820    2.7637E-01    2.7335E-01    3.0274E-03
  0.830    2.8137E-01    2.7828E-01    3.0903E-03
  0.840    2.8646E-01    2.8330E-01    3.1545E-03
  0.850    2.9163E-01    2.8841E-01    3.2203E-03
  0.860    2.9691E-01    2.9362E-01    3.2875E-03
  0.870    3.0228E-01    2.9892E-01    3.3564E-03
  0.880    3.0775E-01    3.0433E-01    3.4269E-03
  0.890    3.1334E-01    3.0984E-01    3.4992E-03
  0.900    3.1904E-01    3.1546E-01    3.5734E-03
  0.910    3.2485E-01    3.2120E-01    3.6495E-03
  0.920    3.3080E-01    3.2707E-01    3.7277E-03
  0.930    3.3687E-01    3.3306E-01    3.8080E-03
  0.940    3.4308E-01    3.3919E-01    3.8906E-03
  0.950    3.4944E-01    3.4546E-01    3.9756E-03
  0.960    3.5595E-01    3.5188E-01    4.0631E-03
  0.970    3.6262E-01    3.5846E-01    4.1534E-03
  0.980    3.6946E-01    3.6521E-01    4.2465E-03
  0.990    3.7647E-01    3.7213E-01    4.3426E-03
  1.000    3.8368E-01    3.7923E-01    4.4419E-03
