 Curly R     I/F(total)  I/F(solar)   I/F(saturn)
 ---------------------------------------------------
  0.010    2.7715E-03    2.7462E-03    2.5232E-05
  0.020    5.5483E-03    5.4977E-03    5.0586E-05
  0.030    8.3309E-03    8.2548E-03    7.6066E-05
  0.040    1.1119E-02    1.1018E-02    1.0167E-04
  0.050    1.3914E-02    1.3786E-02    1.2741E-04
  0.060    1.6715E-02    1.6561E-02    1.5329E-04
  0.070    1.9522E-02    1.9343E-02    1.7930E-04
  0.080    2.2337E-02    2.2131E-02    2.0545E-04
  0.090    2.5158E-02    2.4926E-02    2.3175E-04
  0.100    2.7987E-02    2.7729E-02    2.5820E-04
  0.110    3.0823E-02    3.0539E-02    2.8479E-04
  0.120    3.3668E-02    3.3356E-02    3.1155E-04
  0.130    3.6520E-02    3.6182E-02    3.3846E-04
  0.140    3.9381E-02    3.9016E-02    3.6554E-04
  0.150    4.2251E-02    4.1858E-02    3.9279E-04
  0.160    4.5130E-02    4.4710E-02    4.2021E-04
  0.170    4.8018E-02    4.7570E-02    4.4780E-04
  0.180    5.0916E-02    5.0440E-02    4.7558E-04
  0.190    5.3824E-02    5.3320E-02    5.0354E-04
  0.200    5.6742E-02    5.6210E-02    5.3169E-04
  0.210    5.9670E-02    5.9110E-02    5.6003E-04
  0.220    6.2610E-02    6.2021E-02    5.8858E-04
  0.230    6.5561E-02    6.4944E-02    6.1732E-04
  0.240    6.8523E-02    6.7877E-02    6.4628E-04
  0.250    7.1498E-02    7.0823E-02    6.7545E-04
  0.260    7.4485E-02    7.3780E-02    7.0484E-04
  0.270    7.7485E-02    7.6750E-02    7.3445E-04
  0.280    8.0498E-02    7.9734E-02    7.6430E-04
  0.290    8.3524E-02    8.2730E-02    7.9438E-04
  0.300    8.6565E-02    8.5740E-02    8.2471E-04
  0.310    8.9620E-02    8.8765E-02    8.5528E-04
  0.320    9.2690E-02    9.1804E-02    8.8611E-04
  0.330    9.5775E-02    9.4858E-02    9.1720E-04
  0.340    9.8876E-02    9.7927E-02    9.4856E-04
  0.350    1.0199E-01    1.0101E-01    9.8019E-04
  0.360    1.0513E-01    1.0411E-01    1.0121E-03
  0.370    1.0828E-01    1.0723E-01    1.0443E-03
  0.380    1.1145E-01    1.1037E-01    1.0768E-03
  0.390    1.1463E-01    1.1353E-01    1.1096E-03
  0.400    1.1784E-01    1.1670E-01    1.1428E-03
  0.410    1.2107E-01    1.1989E-01    1.1762E-03
  0.420    1.2431E-01    1.2310E-01    1.2100E-03
  0.430    1.2758E-01    1.2634E-01    1.2441E-03
  0.440    1.3087E-01    1.2959E-01    1.2786E-03
  0.450    1.3418E-01    1.3286E-01    1.3134E-03
  0.460    1.3751E-01    1.3616E-01    1.3486E-03
  0.470    1.4087E-01    1.3948E-01    1.3841E-03
  0.480    1.4425E-01    1.4283E-01    1.4201E-03
  0.490    1.4765E-01    1.4619E-01    1.4565E-03
  0.500    1.5108E-01    1.4959E-01    1.4933E-03
  0.510    1.5454E-01    1.5301E-01    1.5305E-03
  0.520    1.5802E-01    1.5645E-01    1.5681E-03
  0.530    1.6153E-01    1.5993E-01    1.6062E-03
  0.540    1.6508E-01    1.6343E-01    1.6447E-03
  0.550    1.6865E-01    1.6696E-01    1.6838E-03
  0.560    1.7225E-01    1.7053E-01    1.7233E-03
  0.570    1.7588E-01    1.7412E-01    1.7633E-03
  0.580    1.7955E-01    1.7775E-01    1.8039E-03
  0.590    1.8325E-01    1.8141E-01    1.8450E-03
  0.600    1.8699E-01    1.8510E-01    1.8866E-03
  0.610    1.9076E-01    1.8884E-01    1.9288E-03
  0.620    1.9458E-01    1.9260E-01    1.9717E-03
  0.630    1.9843E-01    1.9641E-01    2.0151E-03
  0.640    2.0232E-01    2.0026E-01    2.0591E-03
  0.650    2.0625E-01    2.0414E-01    2.1039E-03
  0.660    2.1022E-01    2.0807E-01    2.1493E-03
  0.670    2.1424E-01    2.1205E-01    2.1953E-03
  0.680    2.1831E-01    2.1607E-01    2.2422E-03
  0.690    2.2243E-01    2.2014E-01    2.2897E-03
  0.700    2.2659E-01    2.2425E-01    2.3381E-03
  0.710    2.3081E-01    2.2842E-01    2.3872E-03
  0.720    2.3508E-01    2.3264E-01    2.4372E-03
  0.730    2.3940E-01    2.3691E-01    2.4880E-03
  0.740    2.4378E-01    2.4124E-01    2.5398E-03
  0.750    2.4823E-01    2.4563E-01    2.5924E-03
  0.760    2.5273E-01    2.5009E-01    2.6461E-03
  0.770    2.5730E-01    2.5460E-01    2.7007E-03
  0.780    2.6194E-01    2.5918E-01    2.7564E-03
  0.790    2.6665E-01    2.6383E-01    2.8131E-03
  0.800    2.7143E-01    2.6856E-01    2.8710E-03
  0.810    2.7628E-01    2.7335E-01    2.9301E-03
  0.820    2.8122E-01    2.7823E-01    2.9904E-03
  0.830    2.8624E-01    2.8319E-01    3.0519E-03
  0.840    2.9134E-01    2.8823E-01    3.1148E-03
  0.850    2.9654E-01    2.9336E-01    3.1791E-03
  0.860    3.0183E-01    2.9858E-01    3.2448E-03
  0.870    3.0721E-01    3.0390E-01    3.3120E-03
  0.880    3.1270E-01    3.0932E-01    3.3808E-03
  0.890    3.1830E-01    3.1485E-01    3.4512E-03
  0.900    3.2401E-01    3.2049E-01    3.5234E-03
  0.910    3.2985E-01    3.2625E-01    3.5973E-03
  0.920    3.3580E-01    3.3213E-01    3.6732E-03
  0.930    3.4189E-01    3.3814E-01    3.7510E-03
  0.940    3.4811E-01    3.4428E-01    3.8309E-03
  0.950    3.5448E-01    3.5057E-01    3.9130E-03
  0.960    3.6101E-01    3.5701E-01    3.9974E-03
  0.970    3.6769E-01    3.6361E-01    4.0841E-03
  0.980    3.7455E-01    3.7037E-01    4.1734E-03
  0.990    3.8158E-01    3.7732E-01    4.2654E-03
  1.000    3.8881E-01    3.8445E-01    4.3602E-03
