   1.0000000000000000        0.0000000000000000       0.46600291028248553       0.72780229808163477            10000
 i   solar flux    satshine flux      total flux
 -----------------------------------------------
           1   1298.5746682649358        12.390711271451272        1310.9653795363870     
           2   118.62890842440798        2.8910645571709099        121.51997298157889     
           3   166.15105429885364        2.4611436264626931        168.61219792531634     
           4   68.458746850270671        1.2072349288348230        69.665981779105493     
           5   52.521408956195657       0.84870180670024398        53.370110762895898     
           6   33.294887124050106       0.51061378354525067        33.805500907595359     
           7   22.307776199431540       0.37470616641881838        22.682482365850358     
           8   14.924596008869575       0.26164345607310241        15.186239464942677     
           9   8.8650297161617146       0.15880113906558255        9.0238308552272972     
          10   7.2031654812916104        9.8861847068720560E-002   7.3020273283603307     
          11   2.9311077916900583        7.2931300857181205E-002   3.0040390925472393     
          12   4.3729929815016089        3.9191797637318407E-002   4.4121847791389275     
          13   1.3783153336934260        3.4024670481390247E-002   1.4123400041748162     
          14   1.0736874132148349        2.8384578030492196E-002   1.1020719912453270     
          15  0.85083801930308489        1.0366085693213031E-002  0.86120410499629796     
          16   1.1371260717701572        3.2869107599232043E-003   1.1404129825300804     
          17  0.24221949209729471        1.9495853874994776E-003  0.24416907748479419     
          18  0.11059503191661789        1.9032854901838250E-003  0.11249831740680172     
          19  0.11117986319366918        0.0000000000000000       0.11117986319366918     
          20  0.25527618278094422        6.4913313282674492E-003  0.26176751410921167     
