   1.0000000000000000        0.0000000000000000       0.46600291028248553       0.72780229808163477            10000
 i   solar flux    satshine flux      total flux
 -----------------------------------------------
           1   1295.3132738658962        11.943848009623499        1307.2571218755197     
           2   117.60855884567238        2.8852404472769919        120.49379929294938     
           3   171.84276509534226        2.2992604574881739        174.14202555283043     
           4   70.885413109488198        1.3224273508739042        72.207840460362107     
           5   53.916906176562122       0.86711120998679725        54.784017386548918     
           6   25.971219834898484       0.60187836262577676        26.573098197524260     
           7   21.815914866106329       0.38032335572160203        22.196238221827929     
           8   15.044297455234588       0.28163619026304881        15.325933645497637     
           9   11.609195609986962       0.17412814102427820        11.783323751011240     
          10   4.8125194046406143       0.11411702438126836        4.9266364290218831     
          11   4.6456249318133969        6.0691318492058305E-002   4.7063162503054548     
          12   2.9888274995961970        4.1161783377313368E-002   3.0299892829735104     
          13   2.0838564369070358        3.5333139688610057E-002   2.1191895765956459     
          14   1.3424028432864561        2.3009188308785570E-002   1.3654120315952416     
          15  0.62569222097050958        3.1899222290542609E-002  0.65759144326105223     
          16  0.70797013436665313        3.4091931096377717E-002  0.74206206546303088     
          17  0.18343129517492701        1.5353793488947056E-002  0.19878508866387407     
          18  0.59319080508996191        1.6013091384874920E-002  0.60920389647483686     
          19  0.77744617179205511        1.8271899864284527E-002  0.79571807165633968     
          20   4.6988057763148766E-002   3.2327752781152215E-004   4.7311335290960287E-002
