   1.0000000000000000        0.0000000000000000       0.46600291028248553       0.72780229808163477            10000
 i   solar flux    satshine flux      total flux
 -----------------------------------------------
           1   1261.0679408954611        11.639754773904013        1272.7076956693652     
           2   121.05261878644247        3.0070958326186248        124.05971461906110     
           3   183.91162546151611        2.4134861343289469        186.32511159584504     
           4   75.876808751644518        1.2152468454007301        77.092055597045245     
           5   56.330885428421730       0.95544812118397604        57.286333549605708     
           6   35.791464720265296       0.56758516518753799        36.359049885452833     
           7   27.793227104527041       0.34408607193657947        28.137313176463621     
           8   16.181315206751396       0.25871200581080117        16.440027212562196     
           9   12.002976942793957       0.17227810319028528        12.175255045984242     
          10   10.049068560472367       0.11325147423722109        10.162320034709589     
          11   6.3939887946908680        6.5517452223427905E-002   6.4595062469142963     
          12   2.8652118579963211        4.5890105011058231E-002   2.9111019630073791     
          13   1.8259682962697683        2.8157399092962158E-002   1.8541256953627305     
          14   1.7438484647427590        2.5578662211551442E-002   1.7694271269543105     
          15  0.97628559573713969        2.8447468059406209E-002   1.0047330637965459     
          16   1.4424119542572902        1.9011033126476673E-002   1.4614229873837670     
          17  0.32238168910455234        0.0000000000000000       0.32238168910455234     
          18  0.30024144623633398        2.5869521858198925E-003  0.30282839842215387     
          19  0.23747035079248363        1.9995467678375345E-003  0.23946989756032117     
          20  0.10239667677945163        0.0000000000000000       0.10239667677945163     
