   1.0000000000000000        0.0000000000000000       0.46600291028248553       0.72780229808163477            10000
 i   solar flux    satshine flux      total flux
 -----------------------------------------------
           1   1284.0749847401157        12.356523069673411        1296.4315078097891     
           2   118.21679323343153        3.0028806242406683        121.21967385767221     
           3   178.63874718671096        2.2181984623099082        180.85694564902087     
           4   65.366416690236392        1.3224271078483210        66.688843798084719     
           5   52.734659911852177       0.83248927418494312        53.567149186037121     
           6   31.698559266195105       0.54884371376623409        32.247402979961336     
           7   20.929445093055072       0.32337475644696090        21.252819849502032     
           8   12.664514793717530       0.25438341908947398        12.918898212807003     
           9   10.346805178429875       0.15776447089177378        10.504569649321649     
          10   6.6275189574839466        9.8701570382404791E-002   6.7262205278663512     
          11   5.4645121088521300        5.6766472406635578E-002   5.5212785812587653     
          12   2.1572391130730617        6.4897798450442037E-002   2.2221369115235037     
          13   2.1673899649397579        2.9363225342902519E-002   2.1967531902826605     
          14  0.50468607334363336        1.7434476516869503E-002  0.52212054986050283     
          15   1.2432517288976410        7.7348769740275981E-003   1.2509866058716685     
          16  0.91897745334921510        6.2524139373669758E-003  0.92522986728658208     
          17  0.16011038489738549        5.8553970854162574E-003  0.16596578198280176     
          18   0.0000000000000000        0.0000000000000000        0.0000000000000000     
          19   0.0000000000000000        0.0000000000000000        0.0000000000000000     
          20   0.0000000000000000        3.9568395193569708E-003   3.9568395193569708E-003
