   1.0000000000000000        0.0000000000000000       0.46600291028248553       0.72780229808163477            10000
 i   solar flux    satshine flux      total flux
 -----------------------------------------------
           1   1260.0362828896027        11.865465083371282        1271.9017479729739     
           2   122.28032616022460        3.0639345333650776        125.34426069358967     
           3   178.98172273861914        2.1547730065057751        181.13649574512490     
           4   69.560266985112534        1.4149267918903412        70.975193777002872     
           5   59.400593870125455       0.83409603204051486        60.234689902165968     
           6   31.771071185901633       0.60840095479920930        32.379472140700841     
           7   19.598323670697283       0.40765057388058412        20.005974244577867     
           8   14.782533938569362       0.21356464099543251        14.996098579564794     
           9   9.8925694103464821       0.18415683367292443        10.076726244019406     
          10   7.6374889116903777       0.11892068156420792        7.7564095932545856     
          11   4.6394482406579600        6.6297401772379402E-002   4.7057456424303394     
          12   3.9636950963569921        5.6643578968068813E-002   4.0203386753250605     
          13   2.7700972984993846        3.4367180399112345E-002   2.8044644788984967     
          14   2.2092332285404761        1.9028727385584455E-002   2.2282619559260604     
          15  0.88568112809508004        2.1196916502448943E-003  0.88780081974532499     
          16  0.50541732372896220        1.0511091999069740E-002  0.51592841572803194     
          17   1.2547780387054170        4.9150479525217824E-003   1.2596930866579388     
          18  0.30289965042819089        0.0000000000000000       0.30289965042819089     
          19  0.65790883188049976        0.0000000000000000       0.65790883188049976     
          20  0.47952341809217147        3.7068226073147260E-004  0.47989410035290292     
