 Curly R     I/F(total)  I/F(solar)   I/F(saturn)
 ---------------------------------------------------
  0.010    2.7016E-03    2.6764E-03    2.5243E-05
  0.020    5.4087E-03    5.3581E-03    5.0619E-05
  0.030    8.1217E-03    8.0455E-03    7.6131E-05
  0.040    1.0841E-02    1.0739E-02    1.0178E-04
  0.050    1.3566E-02    1.3438E-02    1.2757E-04
  0.060    1.6298E-02    1.6144E-02    1.5351E-04
  0.070    1.9036E-02    1.8857E-02    1.7959E-04
  0.080    2.1782E-02    2.1576E-02    2.0583E-04
  0.090    2.4535E-02    2.4302E-02    2.3222E-04
  0.100    2.7295E-02    2.7036E-02    2.5877E-04
  0.110    3.0063E-02    2.9778E-02    2.8548E-04
  0.120    3.2840E-02    3.2527E-02    3.1235E-04
  0.130    3.5624E-02    3.5285E-02    3.3940E-04
  0.140    3.8418E-02    3.8051E-02    3.6661E-04
  0.150    4.1220E-02    4.0826E-02    3.9401E-04
  0.160    4.4032E-02    4.3610E-02    4.2158E-04
  0.170    4.6853E-02    4.6404E-02    4.4934E-04
  0.180    4.9685E-02    4.9207E-02    4.7728E-04
  0.190    5.2526E-02    5.2021E-02    5.0543E-04
  0.200    5.5378E-02    5.4844E-02    5.3377E-04
  0.210    5.8241E-02    5.7679E-02    5.6231E-04
  0.220    6.1115E-02    6.0524E-02    5.9106E-04
  0.230    6.4001E-02    6.3381E-02    6.2002E-04
  0.240    6.6899E-02    6.6249E-02    6.4920E-04
  0.250    6.9809E-02    6.9130E-02    6.7861E-04
  0.260    7.2731E-02    7.2023E-02    7.0824E-04
  0.270    7.5667E-02    7.4929E-02    7.3811E-04
  0.280    7.8617E-02    7.7848E-02    7.6821E-04
  0.290    8.1580E-02    8.0781E-02    7.9857E-04
  0.300    8.4558E-02    8.3728E-02    8.2917E-04
  0.310    8.7550E-02    8.6690E-02    8.6003E-04
  0.320    9.0558E-02    8.9667E-02    8.9116E-04
  0.330    9.3581E-02    9.2659E-02    9.2256E-04
  0.340    9.6621E-02    9.5666E-02    9.5424E-04
  0.350    9.9677E-02    9.8691E-02    9.8621E-04
  0.360    1.0275E-01    1.0173E-01    1.0185E-03
  0.370    1.0584E-01    1.0479E-01    1.0510E-03
  0.380    1.0895E-01    1.0787E-01    1.0839E-03
  0.390    1.1208E-01    1.1096E-01    1.1171E-03
  0.400    1.1523E-01    1.1408E-01    1.1506E-03
  0.410    1.1839E-01    1.1721E-01    1.1845E-03
  0.420    1.2158E-01    1.2036E-01    1.2187E-03
  0.430    1.2479E-01    1.2354E-01    1.2532E-03
  0.440    1.2802E-01    1.2673E-01    1.2881E-03
  0.450    1.3127E-01    1.2995E-01    1.3234E-03
  0.460    1.3455E-01    1.3319E-01    1.3591E-03
  0.470    1.3785E-01    1.3645E-01    1.3952E-03
  0.480    1.4117E-01    1.3974E-01    1.4316E-03
  0.490    1.4452E-01    1.4305E-01    1.4685E-03
  0.500    1.4790E-01    1.4639E-01    1.5059E-03
  0.510    1.5130E-01    1.4976E-01    1.5436E-03
  0.520    1.5473E-01    1.5315E-01    1.5819E-03
  0.530    1.5819E-01    1.5657E-01    1.6206E-03
  0.540    1.6168E-01    1.6002E-01    1.6598E-03
  0.550    1.6520E-01    1.6350E-01    1.6994E-03
  0.560    1.6875E-01    1.6701E-01    1.7397E-03
  0.570    1.7233E-01    1.7055E-01    1.7804E-03
  0.580    1.7595E-01    1.7413E-01    1.8217E-03
  0.590    1.7960E-01    1.7774E-01    1.8636E-03
  0.600    1.8329E-01    1.8138E-01    1.9060E-03
  0.610    1.8701E-01    1.8506E-01    1.9491E-03
  0.620    1.9077E-01    1.8878E-01    1.9927E-03
  0.630    1.9458E-01    1.9254E-01    2.0371E-03
  0.640    1.9842E-01    1.9634E-01    2.0821E-03
  0.650    2.0230E-01    2.0018E-01    2.1277E-03
  0.660    2.0623E-01    2.0406E-01    2.1741E-03
  0.670    2.1021E-01    2.0799E-01    2.2213E-03
  0.680    2.1423E-01    2.1196E-01    2.2692E-03
  0.690    2.1830E-01    2.1598E-01    2.3179E-03
  0.700    2.2242E-01    2.2005E-01    2.3674E-03
  0.710    2.2659E-01    2.2418E-01    2.4178E-03
  0.720    2.3082E-01    2.2835E-01    2.4691E-03
  0.730    2.3510E-01    2.3258E-01    2.5213E-03
  0.740    2.3945E-01    2.3687E-01    2.5745E-03
  0.750    2.4385E-01    2.4122E-01    2.6286E-03
  0.760    2.4832E-01    2.4564E-01    2.6838E-03
  0.770    2.5285E-01    2.5011E-01    2.7400E-03
  0.780    2.5745E-01    2.5466E-01    2.7974E-03
  0.790    2.6213E-01    2.5927E-01    2.8559E-03
  0.800    2.6688E-01    2.6396E-01    2.9156E-03
  0.810    2.7170E-01    2.6873E-01    2.9766E-03
  0.820    2.7661E-01    2.7357E-01    3.0389E-03
  0.830    2.8161E-01    2.7850E-01    3.1026E-03
  0.840    2.8669E-01    2.8352E-01    3.1677E-03
  0.850    2.9186E-01    2.8863E-01    3.2343E-03
  0.860    2.9714E-01    2.9383E-01    3.3025E-03
  0.870    3.0251E-01    2.9914E-01    3.3723E-03
  0.880    3.0799E-01    3.0455E-01    3.4437E-03
  0.890    3.1359E-01    3.1007E-01    3.5170E-03
  0.900    3.1930E-01    3.1571E-01    3.5921E-03
  0.910    3.2514E-01    3.2148E-01    3.6692E-03
  0.920    3.3112E-01    3.2737E-01    3.7484E-03
  0.930    3.3723E-01    3.3340E-01    3.8297E-03
  0.940    3.4348E-01    3.3957E-01    3.9132E-03
  0.950    3.4990E-01    3.4590E-01    3.9991E-03
  0.960    3.5647E-01    3.5239E-01    4.0875E-03
  0.970    3.6322E-01    3.5905E-01    4.1786E-03
  0.980    3.7016E-01    3.6589E-01    4.2724E-03
  0.990    3.7729E-01    3.7293E-01    4.3691E-03
  1.000    3.8464E-01    3.8017E-01    4.4688E-03
