   1.0000000000000000        0.0000000000000000       0.46600291028248553       0.72780229808163477            10000
 i   solar flux    satshine flux      total flux
 -----------------------------------------------
           1   1333.8893436509932        12.218159845097540        1346.1075034960907     
           2   127.97246808125657        2.7775428869002337        130.75001096815680     
           3   178.08097183887423        2.3218730730487600        180.40284491192298     
           4   74.947697195184077        1.2267800269503699        76.174477222134442     
           5   56.858051608483329       0.76989165846890628        57.627943266952236     
           6   33.160399200992515       0.50057934427113837        33.660978545263653     
           7   23.032699691851619       0.32245118050944255        23.355150872361062     
           8   11.682772210357729       0.22480681466572172        11.907579025023452     
           9   9.3021604125470319       0.11831651001275161        9.4204769225597840     
          10   4.1173954598377591        8.2923183047376656E-002   4.2003186428851356     
          11   3.7813115149439662        6.9935306992264371E-002   3.8512468219362308     
          12   3.1661752746571539        4.3969692612096725E-002   3.2101449672692506     
          13   1.6888074994430349        2.0633020911768194E-002   1.7094405203548031     
          14   1.6478483633193224        1.6054568526872114E-002   1.6639029318461944     
          15  0.11309210276639099        7.9686389094891247E-003  0.12106074167588012     
          16  0.27383868182952525        1.0326481603989166E-002  0.28416516343351444     
          17  0.26940106108568440        1.0382964446241011E-002  0.27978402553192538     
          18  0.65265802158345010        1.2714176688441697E-003  0.65392943925229430     
          19   5.6791690759049426E-002   6.7251965414627619E-003   6.3516887300512193E-002
          20   8.7149192489094071E-002   0.0000000000000000        8.7149192489094071E-002
