   1.0000000000000000        0.0000000000000000       0.46600291028248553       0.72780229808163477            10000
 i   solar flux    satshine flux      total flux
 -----------------------------------------------
           1   1340.9584830390829        12.173942996240784        1353.1324260353238     
           2   122.95930980951952        3.0062931020896664        125.96560291160920     
           3   167.52337237672413        2.4258401386330122        169.94921251535715     
           4   64.218720331562679        1.1056876597778911        65.324407991340564     
           5   57.440055943179573       0.87749681571223426        58.317552758891807     
           6   28.609111173073046       0.47761775795151118        29.086728931024556     
           7   20.177662782156315       0.38779146840512785        20.565454250561441     
           8   10.481896720105095       0.18129198644729722        10.663188706552392     
           9   8.1378556770859642       0.15877920293361827        8.2966348800195817     
          10   6.5105955762809771        6.9725893943081513E-002   6.5803214702240584     
          11   4.0451664947604744        9.3015886820591503E-002   4.1381823815810659     
          12   2.8688082829243671        4.1371002728018171E-002   2.9101792856523852     
          13   2.7868704016747672        3.0380134139920353E-002   2.8172505358146873     
          14  0.54090260770417231        2.2191227408829912E-002  0.56309383511300226     
          15  0.90840321429086013        9.0214967437159347E-003  0.91742471103457601     
          16  0.85179769466058253        1.1912743683707032E-002  0.86371043834428951     
          17  0.68861271610626984        4.0663635299025419E-003  0.69267907963617237     
          18   5.3732986478719005E-002   0.0000000000000000        5.3732986478719005E-002
          19   2.4419544295397173E-002   1.2466588550050223E-002   3.6886132845447395E-002
          20   3.8860403142579505E-002   0.0000000000000000        3.8860403142579505E-002
