   1.0000000000000000        0.0000000000000000       0.46600291028248553       0.72780229808163477            10000
 i   solar flux    satshine flux      total flux
 -----------------------------------------------
           1   1330.3372816139399        11.873746551258241        1342.2110281651981     
           2   126.33757694021010        2.7740209232139650        129.11159786342407     
           3   177.95610525183719        2.1157042051732606        180.07180945701046     
           4   71.532609299787310        1.3230442043970490        72.855653504184360     
           5   57.032963315109676       0.77464028914361494        57.807603604253288     
           6   37.723193520839196       0.52486849337599639        38.248062014215193     
           7   24.875554952373250       0.38975322588550659        25.265308178258756     
           8   12.794752876963512       0.25705986983950224        13.051812746803014     
           9   9.8332458932432552       0.15985796802594746        9.9931038612692031     
          10   6.4353651468418018        9.4550372152500603E-002   6.5299155189943026     
          11   4.8456373567577025        8.1405693401643844E-002   4.9270430501593463     
          12   3.4693468465800499        3.7421698841573148E-002   3.5067685454216231     
          13   1.7049929458133328        3.4356827547147931E-002   1.7393497733604808     
          14   1.8465048594134941        3.9404786234039937E-002   1.8859096456475339     
          15   1.5580099169033055        2.8310598628336351E-002   1.5863205155316418     
          16  0.94886546488364742        1.1589857483245987E-002  0.96045532236689346     
          17  0.66483420151066619        1.4442810387736500E-002  0.67927701189840273     
          18  0.57479956300334556        5.3093104832988430E-003  0.58010887348664442     
          19  0.41882824279027064        2.7554625720810303E-003  0.42158370536235168     
          20  0.39267398703907147        4.3750200018204122E-003  0.39704900704089185     
