   1.0000000000000000        0.0000000000000000       0.46600291028248553       0.72780229808163477            10000
 i   solar flux    satshine flux      total flux
 -----------------------------------------------
           1   1319.7744719231123        12.428431835968780        1332.2029037590810     
           2   123.51272249562983        2.9086582369914251        126.42138073262126     
           3   179.28797297916933        2.3058661614673590        181.59383914063667     
           4   68.991699859273723        1.2806646446165093        70.272364503890230     
           5   56.122209283507807       0.81202403397709799        56.934233317484903     
           6   27.892163898196806       0.55225351424681401        28.444417412443620     
           7   19.732082258746555       0.38116249897549492        20.113244757722050     
           8   15.196197233864037       0.23485890296646453        15.431056136830502     
           9   10.256879907397597       0.13232699485581276        10.389206902253409     
          10   6.9831271882585089        7.8109434768800640E-002   7.0612366230273098     
          11   3.5827166838174827        9.3166507329437279E-002   3.6758831911469199     
          12   3.6051929348175706        4.8747058148167106E-002   3.6539399929657379     
          13   1.7010985491178623        4.9149017310157091E-002   1.7502475664280195     
          14   1.5854210642762847        1.9783183004513736E-002   1.6052042472807984     
          15   1.6647187323407360        1.3668899927924458E-002   1.6783876322686604     
          16  0.79392468972869890        1.1306006282628466E-002  0.80523069601132735     
          17  0.19223874666578022        4.9903378014164662E-003  0.19722908446719670     
          18  0.51042216075567426        3.0718283099791456E-003  0.51349398906565336     
          19   0.0000000000000000        1.6349809383870643E-003   1.6349809383870643E-003
          20   0.0000000000000000        4.0417310332537190E-003   4.0417310332537190E-003
