   1.0000000000000000        0.0000000000000000       0.46600291028248553       0.72780229808163477            10000
 i   solar flux    satshine flux      total flux
 -----------------------------------------------
           1   1312.3850865803406        11.895085249359234        1324.2801718296998     
           2   126.31129427969034        3.0079073535123499        129.31920163320268     
           3   177.50825864735179        2.2267840050129912        179.73504265236480     
           4   70.660695739125671        1.1985253802341629        71.859221119359830     
           5   54.726378584401509       0.81378064335025913        55.540159227751765     
           6   32.062447258269522       0.54111496541852810        32.603562223688051     
           7   24.649584030249731       0.40749460609344201        25.057078636343174     
           8   17.113213966237620       0.20108729082357660        17.314301257061196     
           9   11.574123949593723       0.13435035094895748        11.708474300542681     
          10   5.1568575944756940        6.9175153381069998E-002   5.2260327478567641     
          11   4.8508503357255606        6.7256904239356166E-002   4.9181072399649164     
          12   1.7754806444923625        3.5767411516401816E-002   1.8112480560087643     
          13   1.8421273852075273        4.8749359033589144E-002   1.8908767442411165     
          14  0.19003397789600401        2.7589743966043676E-002  0.21762372186204770     
          15   1.5358258872372135        2.4372447551613770E-002   1.5601983347888273     
          16  0.18170224296168108        6.5349341073529018E-003  0.18823717706903398     
          17  0.60219851278072389        1.9953383209316954E-002  0.62215189599004084     
          18  0.14013603536037930        8.4140167139606708E-004  0.14097743703177537     
          19  0.28871495823752757        8.2381173161371318E-003  0.29695307555366468     
          20  0.29669417185597274        2.7153294693983009E-003  0.29940950132537103     
