   1.0000000000000000        0.0000000000000000       0.46600291028248553       0.72780229808163477            10000
 i   solar flux    satshine flux      total flux
 -----------------------------------------------
           1   1260.3307324222990        12.200076860091816        1272.5308092823907     
           2   123.80053032192329        2.8309771052499300        126.63150742717322     
           3   177.74631824589923        2.4288346276029120        180.17515287350216     
           4   75.162781233498833        1.2236642898413290        76.386445523340157     
           5   58.405827302583198       0.77722047556120877        59.183047778144406     
           6   31.631158865467398       0.57029676801843421        32.201455633485836     
           7   20.585160960489866       0.30870713673354611        20.893868097223411     
           8   13.805733314563508       0.24259325945019872        14.048326574013707     
           9   11.144513186310746       0.13448480151288114        11.278997987823628     
          10   4.5081295336400764        8.6689902886411568E-002   4.5948194365264881     
          11   5.7650691638390130        5.6948587497918687E-002   5.8220177513369320     
          12   2.5606321749920973        5.7530130721996503E-002   2.6181623057140939     
          13  0.95375606278408309        2.4381036274783319E-002  0.97813709905886637     
          14  0.95121042371419806        9.3563129666507337E-003  0.96056673668084880     
          15  0.69386764532390133        1.0220607820796854E-002  0.70408825314469814     
          16   1.0382959368970335        1.0109890681183720E-002   1.0484058275782171     
          17  0.42372779320428439        8.3312748298442641E-003  0.43205906803412863     
          18  0.27370461204394375        5.9904101045582152E-003  0.27969502214850195     
          19   3.4819006352566448E-002   1.3461427706617840E-004   3.4953620629632629E-002
          20  0.10799413476317708        1.4057511830955136E-003  0.10939988594627259     
