   1.0000000000000000        0.0000000000000000       0.46600291028248553       0.72780229808163477            10000
 i   solar flux    satshine flux      total flux
 -----------------------------------------------
           1   1285.8687909465573        11.920823836511753        1297.7896147830691     
           2   121.74690996586884        3.0310219395227072        124.77793190539154     
           3   179.13692207838994        2.5488722753370281        181.68579435372698     
           4   72.300721978457062        1.3590795891994873        73.659801567656544     
           5   62.972485792763415       0.96348456612377009        63.935970358887182     
           6   38.690686953935483       0.57344395685138472        39.264130910786868     
           7   25.959638305187831       0.37534857709274699        26.334986882280578     
           8   16.229605662192974       0.23746935521487772        16.467075017407851     
           9   11.345967327761626       0.14998402860520105        11.495951356366827     
          10   6.6792778606276944       0.13799774563727774        6.8172756062649720     
          11   5.1345898182461962       0.10671390323821109        5.2413037214844076     
          12   3.5308050671477793        3.1797129065150566E-002   3.5626021962129300     
          13   1.5859321077956694        5.6235324893366717E-002   1.6421674326890361     
          14   2.4449385448776129        9.4586548218500571E-003   2.4543971996994629     
          15  0.57466693421760562        2.4800550097645143E-002  0.59946748431525076     
          16  0.31915532555203452        7.6602036320744891E-003  0.32681552918410900     
          17   6.4181359068754204E-002   5.3803535179850785E-003   6.9561712586739280E-002
          18  0.53612402325734232        1.2757640059304198E-002  0.54888166331664656     
          19  0.21328238877073161        7.0599362104642053E-003  0.22034232498119583     
          20  0.13672132406874421        6.3100450364307770E-003  0.14303136910517500     
