   1.0000000000000000        0.0000000000000000       0.46600291028248553       0.72780229808163477            10000
 i   solar flux    satshine flux      total flux
 -----------------------------------------------
           1   1294.0674312989831        11.663649275429181        1305.7310805744123     
           2   126.82472501297485        2.6532504995223922        129.47797551249724     
           3   169.83558377801506        2.3098963495382998        172.14548012755336     
           4   78.707953565929799        1.2936408109294044        80.001594376859202     
           5   57.154812123386947       0.77134726107454721        57.926159384461492     
           6   32.373043704160878       0.57114084149473554        32.944184545655617     
           7   23.367163642432516       0.37779787675187926        23.744961519184393     
           8   13.023944201991627       0.23312482599597842        13.257069027987606     
           9   10.013137627558020       0.11436388625689969        10.127501513814920     
          10   5.9994696175258602        9.6787805617532877E-002   6.0962574231433928     
          11   2.8853933372958980        5.0664699877719557E-002   2.9360580371736176     
          12   2.9311433519147752        2.7687968688235334E-002   2.9588313206030104     
          13   2.5444489803278261        3.6868130153745918E-002   2.5813171104815722     
          14   1.9926488561703124        1.5392922645603395E-002   2.0080417788159157     
          15  0.79606217883389085        1.3676945681467071E-002  0.80973912451535790     
          16  0.93546234519100002        8.3106205953519911E-003  0.94377296578635206     
          17  0.54458275635395226        6.6189589858574108E-003  0.55120171533980966     
          18   6.8996246616051707E-002   3.9813335083486317E-004   6.9394379966886577E-002
          19  0.20418793848197461        5.4749318083374028E-003  0.20966287029031203     
          20   0.0000000000000000        3.9422494211259658E-003   3.9422494211259658E-003
