   1.0000000000000000        0.0000000000000000       0.46600291028248553       0.72780229808163477            10000
 i   solar flux    satshine flux      total flux
 -----------------------------------------------
           1   1227.3293701232205        11.582735423355325        1238.9121055465760     
           2   108.86651642775740        3.1157978511207451        111.98231427887815     
           3   168.42394508264388        2.4291622281319922        170.85310731077587     
           4   65.985955436194075        1.2401500616027261        67.226105497796794     
           5   54.802075661427793       0.89842518044445008        55.700500841872241     
           6   29.075649217031398       0.47311256348855096        29.548761780519950     
           7   21.135082964473995       0.39621140934316651        21.531294373817161     
           8   12.367803938730585       0.23408143241435847        12.601885371144943     
           9   10.002982196877095       0.13948285462588358        10.142465051502979     
          10   5.5609972077719059       0.11370275194322738        5.6746999597151335     
          11   2.7505141821861345        4.5205059009329626E-002   2.7957192411954641     
          12   3.1261339179010150        6.4568822613416177E-002   3.1907027405144310     
          13   2.8657703518021043        6.5714152286571459E-002   2.9314845040886759     
          14   2.3415382727347547        2.8409165608157396E-002   2.3699474383429120     
          15  0.53803487529640004        1.2454845392440813E-002  0.55048972068884083     
          16  0.90525073581883697        8.7522578811461450E-003  0.91400299369998317     
          17  0.47273242566596918        8.5843390448977364E-003  0.48131676471086693     
          18  0.89975196255608680        2.5527947398435160E-003  0.90230475729593029     
          19  0.15525915422637523        6.9492017294094507E-003  0.16220835595578467     
          20  0.15266141889573950        2.6282054046944774E-003  0.15528962430043397     
