 Curly R     I/F(total)  I/F(solar)   I/F(saturn)
 ---------------------------------------------------
  0.010    2.6313E-03    2.6067E-03    2.4644E-05
  0.020    5.2676E-03    5.2182E-03    4.9424E-05
  0.030    7.9091E-03    7.8347E-03    7.4343E-05
  0.040    1.0556E-02    1.0457E-02    9.9403E-05
  0.050    1.3209E-02    1.3084E-02    1.2461E-04
  0.060    1.5867E-02    1.5717E-02    1.4996E-04
  0.070    1.8531E-02    1.8356E-02    1.7547E-04
  0.080    2.1202E-02    2.1001E-02    2.0113E-04
  0.090    2.3880E-02    2.3653E-02    2.2695E-04
  0.100    2.6564E-02    2.6311E-02    2.5293E-04
  0.110    2.9256E-02    2.8977E-02    2.7908E-04
  0.120    3.1955E-02    3.1649E-02    3.0541E-04
  0.130    3.4661E-02    3.4329E-02    3.3190E-04
  0.140    3.7376E-02    3.7017E-02    3.5857E-04
  0.150    4.0099E-02    3.9713E-02    3.8543E-04
  0.160    4.2830E-02    4.2417E-02    4.1248E-04
  0.170    4.5570E-02    4.5130E-02    4.3971E-04
  0.180    4.8319E-02    4.7852E-02    4.6714E-04
  0.190    5.1077E-02    5.0583E-02    4.9478E-04
  0.200    5.3845E-02    5.3323E-02    5.2262E-04
  0.210    5.6624E-02    5.6073E-02    5.5067E-04
  0.220    5.9412E-02    5.8833E-02    5.7893E-04
  0.230    6.2211E-02    6.1604E-02    6.0741E-04
  0.240    6.5022E-02    6.4385E-02    6.3612E-04
  0.250    6.7843E-02    6.7178E-02    6.6507E-04
  0.260    7.0676E-02    6.9982E-02    6.9425E-04
  0.270    7.3522E-02    7.2798E-02    7.2367E-04
  0.280    7.6380E-02    7.5626E-02    7.5334E-04
  0.290    7.9250E-02    7.8467E-02    7.8326E-04
  0.300    8.2134E-02    8.1321E-02    8.1345E-04
  0.310    8.5032E-02    8.4188E-02    8.4390E-04
  0.320    8.7944E-02    8.7069E-02    8.7463E-04
  0.330    9.0870E-02    8.9964E-02    9.0563E-04
  0.340    9.3811E-02    9.2874E-02    9.3693E-04
  0.350    9.6768E-02    9.5799E-02    9.6852E-04
  0.360    9.9741E-02    9.8740E-02    1.0004E-03
  0.370    1.0273E-01    1.0170E-01    1.0326E-03
  0.380    1.0574E-01    1.0467E-01    1.0651E-03
  0.390    1.0876E-01    1.0766E-01    1.0980E-03
  0.400    1.1180E-01    1.1067E-01    1.1312E-03
  0.410    1.1486E-01    1.1369E-01    1.1647E-03
  0.420    1.1794E-01    1.1674E-01    1.1986E-03
  0.430    1.2104E-01    1.1980E-01    1.2328E-03
  0.440    1.2416E-01    1.2289E-01    1.2674E-03
  0.450    1.2729E-01    1.2599E-01    1.3024E-03
  0.460    1.3046E-01    1.2912E-01    1.3378E-03
  0.470    1.3364E-01    1.3226E-01    1.3736E-03
  0.480    1.3684E-01    1.3543E-01    1.4098E-03
  0.490    1.4007E-01    1.3863E-01    1.4465E-03
  0.500    1.4333E-01    1.4184E-01    1.4835E-03
  0.510    1.4661E-01    1.4509E-01    1.5211E-03
  0.520    1.4991E-01    1.4835E-01    1.5590E-03
  0.530    1.5324E-01    1.5165E-01    1.5975E-03
  0.540    1.5660E-01    1.5497E-01    1.6365E-03
  0.550    1.5999E-01    1.5831E-01    1.6759E-03
  0.560    1.6341E-01    1.6169E-01    1.7159E-03
  0.570    1.6685E-01    1.6510E-01    1.7564E-03
  0.580    1.7033E-01    1.6853E-01    1.7975E-03
  0.590    1.7384E-01    1.7200E-01    1.8391E-03
  0.600    1.7739E-01    1.7550E-01    1.8814E-03
  0.610    1.8096E-01    1.7904E-01    1.9242E-03
  0.620    1.8458E-01    1.8261E-01    1.9677E-03
  0.630    1.8823E-01    1.8622E-01    2.0118E-03
  0.640    1.9192E-01    1.8986E-01    2.0565E-03
  0.650    1.9565E-01    1.9355E-01    2.1020E-03
  0.660    1.9942E-01    1.9727E-01    2.1482E-03
  0.670    2.0323E-01    2.0103E-01    2.1951E-03
  0.680    2.0708E-01    2.0484E-01    2.2428E-03
  0.690    2.1099E-01    2.0869E-01    2.2912E-03
  0.700    2.1493E-01    2.1259E-01    2.3405E-03
  0.710    2.1893E-01    2.1654E-01    2.3906E-03
  0.720    2.2298E-01    2.2054E-01    2.4416E-03
  0.730    2.2708E-01    2.2459E-01    2.4935E-03
  0.740    2.3123E-01    2.2869E-01    2.5464E-03
  0.750    2.3544E-01    2.3284E-01    2.6002E-03
  0.760    2.3972E-01    2.3706E-01    2.6550E-03
  0.770    2.4405E-01    2.4134E-01    2.7109E-03
  0.780    2.4844E-01    2.4567E-01    2.7679E-03
  0.790    2.5290E-01    2.5008E-01    2.8261E-03
  0.800    2.5744E-01    2.5455E-01    2.8854E-03
  0.810    2.6204E-01    2.5909E-01    2.9460E-03
  0.820    2.6672E-01    2.6371E-01    3.0078E-03
  0.830    2.7147E-01    2.6840E-01    3.0710E-03
  0.840    2.7631E-01    2.7318E-01    3.1356E-03
  0.850    2.8124E-01    2.7804E-01    3.2017E-03
  0.860    2.8625E-01    2.8299E-01    3.2693E-03
  0.870    2.9136E-01    2.8802E-01    3.3386E-03
  0.880    2.9657E-01    2.9316E-01    3.4095E-03
  0.890    3.0188E-01    2.9840E-01    3.4822E-03
  0.900    3.0730E-01    3.0375E-01    3.5567E-03
  0.910    3.1284E-01    3.0920E-01    3.6332E-03
  0.920    3.1849E-01    3.1478E-01    3.7117E-03
  0.930    3.2427E-01    3.2048E-01    3.7924E-03
  0.940    3.3018E-01    3.2631E-01    3.8753E-03
  0.950    3.3624E-01    3.3228E-01    3.9607E-03
  0.960    3.4244E-01    3.3839E-01    4.0485E-03
  0.970    3.4880E-01    3.4466E-01    4.1391E-03
  0.980    3.5533E-01    3.5110E-01    4.2324E-03
  0.990    3.6203E-01    3.5771E-01    4.3287E-03
  1.000    3.6893E-01    3.6450E-01    4.4282E-03
