Albedo  I/F(total)      I/F(solar)      I/F(saturn)	    I/F(total)^2    I/F(solar)^2    I/F(saturn)^2
-----------------------------------------------------------------------------------------------------
0.010	2.815574e-03	2.789652e-03	2.592136e-05	7.929988e-06	7.784663e-06	6.721739e-10
0.020	5.636624e-03	5.584660e-03	5.197002e-05	3.178162e-05	3.119846e-05	2.701910e-09
0.030	8.463412e-03	8.385270e-03	7.814908e-05	7.165212e-05	7.033531e-05	6.109603e-09
0.040	1.129618e-02	1.119170e-02	1.044610e-04	1.276440e-04	1.252943e-04	1.091625e-08
0.050	1.413506e-02	1.400420e-02	1.309104e-04	1.998631e-04	1.961803e-04	1.714403e-08
0.060	1.698050e-02	1.682296e-02	1.575004e-04	2.884283e-04	2.831021e-04	2.481577e-08
0.070	1.983258e-02	1.964832e-02	1.842330e-04	3.934551e-04	3.861792e-04	3.395458e-08
0.080	2.269162e-02	2.248052e-02	2.111128e-04	5.150713e-04	5.055347e-04	4.458537e-08
0.090	2.555786e-02	2.531960e-02	2.381434e-04	6.534085e-04	6.412858e-04	5.673358e-08
0.100	2.843156e-02	2.816620e-02	2.653282e-04	8.086058e-04	7.935859e-04	7.042534e-08
0.110	3.131300e-02	3.102032e-02	2.926708e-04	9.808095e-04	9.625632e-04	8.568802e-08
0.120	3.420240e-02	3.388226e-02	3.201748e-04	1.170167e-03	1.148369e-03	1.025499e-07
0.130	3.710018e-02	3.675240e-02	3.478442e-04	1.376851e-03	1.351162e-03	1.210402e-07
0.140	4.000664e-02	3.963088e-02	3.756844e-04	1.601026e-03	1.571098e-03	1.411907e-07
0.150	4.292180e-02	4.251794e-02	4.036968e-04	1.842849e-03	1.808339e-03	1.630309e-07
0.160	4.584622e-02	4.541432e-02	4.318892e-04	2.102522e-03	2.063102e-03	1.865965e-07
0.170	4.878012e-02	4.831976e-02	4.602626e-04	2.380230e-03	2.335522e-03	2.119189e-07
0.180	5.172374e-02	5.123494e-02	4.888228e-04	2.676166e-03	2.625832e-03	2.390345e-07
0.190	5.467754e-02	5.415996e-02	5.175750e-04	2.990544e-03	2.934204e-03	2.679808e-07
0.200	5.764180e-02	5.709528e-02	5.465236e-04	3.323588e-03	3.260873e-03	2.987955e-07
0.210	6.061674e-02	6.004106e-02	5.756714e-04	3.675504e-03	3.606030e-03	3.315166e-07
0.220	6.360288e-02	6.299786e-02	6.050268e-04	4.046551e-03	3.969942e-03	3.661884e-07
0.230	6.660050e-02	6.596590e-02	6.345916e-04	4.436962e-03	4.352824e-03	4.028496e-07
0.240	6.960988e-02	6.894552e-02	6.643732e-04	4.846985e-03	4.754928e-03	4.415487e-07
0.250	7.263150e-02	7.193716e-02	6.943756e-04	5.276912e-03	5.176512e-03	4.823280e-07
0.260	7.566570e-02	7.494106e-02	7.246054e-04	5.727008e-03	5.617854e-03	5.252382e-07
0.270	7.871292e-02	7.795786e-02	7.550682e-04	6.197563e-03	6.079249e-03	5.703285e-07
0.280	8.177342e-02	8.098768e-02	7.857692e-04	6.688868e-03	6.560961e-03	6.176495e-07
0.290	8.484774e-02	8.403104e-02	8.167150e-04	7.201257e-03	7.063315e-03	6.672566e-07
0.300	8.793630e-02	8.708836e-02	8.479114e-04	7.735061e-03	7.586628e-03	7.192039e-07
0.310	9.103942e-02	9.016002e-02	8.793650e-04	8.290598e-03	8.131229e-03	7.735505e-07
0.320	9.415760e-02	9.324658e-02	9.110822e-04	8.868223e-03	8.697480e-03	8.303567e-07
0.330	9.729166e-02	9.634826e-02	9.430704e-04	9.468410e-03	9.285700e-03	8.896869e-07
0.340	1.004412e-01	9.946570e-02	9.753368e-04	1.009134e-02	9.896300e-03	9.516072e-07
0.350	1.036072e-01	1.025998e-01	1.007883e-03	1.073752e-02	1.052978e-02	1.016175e-06
0.360	1.067914e-01	1.057496e-01	1.040726e-03	1.140766e-02	1.118621e-02	1.083480e-06
0.370	1.099914e-01	1.089176e-01	1.073868e-03	1.210155e-02	1.186646e-02	1.153582e-06
0.380	1.132094e-01	1.121026e-01	1.107310e-03	1.282001e-02	1.257060e-02	1.226548e-06
0.390	1.164470e-01	1.153070e-01	1.141080e-03	1.356372e-02	1.329950e-02	1.302500e-06
0.400	1.197030e-01	1.185282e-01	1.175170e-03	1.433283e-02	1.405292e-02	1.381485e-06
0.410	1.229792e-01	1.217700e-01	1.209598e-03	1.512811e-02	1.483212e-02	1.463613e-06
0.420	1.262764e-01	1.250320e-01	1.244364e-03	1.595016e-02	1.563739e-02	1.548955e-06
0.430	1.295936e-01	1.283138e-01	1.279476e-03	1.679915e-02	1.646903e-02	1.637598e-06
0.440	1.329322e-01	1.316170e-01	1.314960e-03	1.767583e-02	1.732785e-02	1.729687e-06
0.450	1.362932e-01	1.349420e-01	1.350810e-03	1.858092e-02	1.821439e-02	1.825283e-06
0.460	1.396766e-01	1.382910e-01	1.387040e-03	1.951486e-02	1.912966e-02	1.924506e-06
0.470	1.430844e-01	1.416616e-01	1.423674e-03	2.047869e-02	2.007350e-02	2.027503e-06
0.480	1.465164e-01	1.450564e-01	1.460696e-03	2.147281e-02	2.104710e-02	2.134319e-06
0.490	1.499740e-01	1.484752e-01	1.498142e-03	2.249821e-02	2.205084e-02	2.245150e-06
0.500	1.534562e-01	1.519194e-01	1.536012e-03	2.355506e-02	2.308572e-02	2.360082e-06
0.510	1.569652e-01	1.553912e-01	1.574326e-03	2.464464e-02	2.415289e-02	2.479289e-06
0.520	1.605028e-01	1.588898e-01	1.613094e-03	2.576792e-02	2.525265e-02	2.602895e-06
0.530	1.640676e-01	1.624154e-01	1.652330e-03	2.692523e-02	2.638577e-02	2.731052e-06
0.540	1.676624e-01	1.659694e-01	1.692036e-03	2.811794e-02	2.755306e-02	2.863882e-06
0.550	1.712866e-01	1.695540e-01	1.732248e-03	2.934664e-02	2.875607e-02	3.001619e-06
0.560	1.749426e-01	1.731690e-01	1.772964e-03	3.061275e-02	2.999527e-02	3.144378e-06
0.570	1.786302e-01	1.768162e-01	1.814218e-03	3.191688e-02	3.127204e-02	3.292407e-06
0.580	1.823522e-01	1.804954e-01	1.856002e-03	3.326075e-02	3.258693e-02	3.445802e-06
0.590	1.861072e-01	1.842084e-01	1.898350e-03	3.464462e-02	3.394142e-02	3.604840e-06
0.600	1.898984e-01	1.879562e-01	1.941268e-03	3.607041e-02	3.533646e-02	3.769673e-06
0.610	1.937250e-01	1.917410e-01	1.984798e-03	3.753862e-02	3.677381e-02	3.940621e-06
0.620	1.975904e-01	1.955618e-01	2.028928e-03	3.905157e-02	3.825389e-02	4.117799e-06
0.630	2.014952e-01	1.994222e-01	2.073708e-03	4.061023e-02	3.977899e-02	4.301562e-06
0.640	2.054408e-01	2.033216e-01	2.119134e-03	4.221612e-02	4.134979e-02	4.492084e-06
0.650	2.094270e-01	2.072620e-01	2.165256e-03	4.387029e-02	4.296800e-02	4.689737e-06
0.660	2.134580e-01	2.112452e-01	2.212068e-03	4.557519e-02	4.463526e-02	4.894707e-06
0.670	2.175326e-01	2.152718e-01	2.259596e-03	4.733163e-02	4.635300e-02	5.107299e-06
0.680	2.216522e-01	2.193450e-01	2.307894e-03	4.914123e-02	4.812364e-02	5.327954e-06
0.690	2.258226e-01	2.234654e-01	2.356966e-03	5.100778e-02	4.994857e-02	5.556933e-06
0.700	2.300412e-01	2.276350e-01	2.406848e-03	5.293120e-02	5.182981e-02	5.794631e-06
0.710	2.343122e-01	2.318544e-01	2.457568e-03	5.491486e-02	5.376895e-02	6.041411e-06
0.720	2.386352e-01	2.361272e-01	2.509144e-03	5.695969e-02	5.576887e-02	6.297649e-06
0.730	2.430152e-01	2.404544e-01	2.561624e-03	5.906973e-02	5.783156e-02	6.563839e-06
0.740	2.474532e-01	2.448380e-01	2.615054e-03	6.124678e-02	5.995919e-02	6.840512e-06
0.750	2.519500e-01	2.492800e-01	2.669432e-03	6.349291e-02	6.215454e-02	7.127944e-06
0.760	2.565090e-01	2.537844e-01	2.724832e-03	6.581138e-02	6.442089e-02	7.426874e-06
0.770	2.611332e-01	2.583514e-01	2.781262e-03	6.820550e-02	6.676021e-02	7.737673e-06
0.780	2.658228e-01	2.629842e-01	2.838798e-03	7.067712e-02	6.917581e-02	8.061122e-06
0.790	2.705834e-01	2.676862e-01	2.897456e-03	7.323119e-02	7.167154e-02	8.397691e-06
0.800	2.754166e-01	2.724590e-01	2.957298e-03	7.587054e-02	7.424993e-02	8.748154e-06
0.810	2.803252e-01	2.773064e-01	3.018358e-03	7.859889e-02	7.691535e-02	9.113136e-06
0.820	2.853122e-01	2.822316e-01	3.080706e-03	8.142019e-02	7.967159e-02	9.493514e-06
0.830	2.903816e-01	2.872370e-01	3.144398e-03	8.433909e-02	8.252256e-02	9.890130e-06
0.840	2.955374e-01	2.923274e-01	3.209472e-03	8.736046e-02	8.547319e-02	1.030372e-05
0.850	3.007812e-01	2.975050e-01	3.276010e-03	9.048793e-02	8.852763e-02	1.073540e-05
0.860	3.061188e-01	3.027746e-01	3.344068e-03	9.372790e-02	9.169143e-02	1.118609e-05
0.870	3.115532e-01	3.081408e-01	3.413714e-03	9.708507e-02	9.497027e-02	1.165689e-05
0.880	3.170904e-01	3.136050e-01	3.485030e-03	1.005666e-01	9.836819e-02	1.214905e-05
0.890	3.227328e-01	3.191756e-01	3.558080e-03	1.041774e-01	1.018937e-01	1.266373e-05
0.900	3.284890e-01	3.248554e-01	3.632968e-03	1.079266e-01	1.055524e-01	1.320244e-05
0.910	3.343600e-01	3.306508e-01	3.709772e-03	1.118189e-01	1.093519e-01	1.376659e-05
0.920	3.403552e-01	3.365660e-01	3.788602e-03	1.158647e-01	1.132994e-01	1.435790e-05
0.930	3.464770e-01	3.426082e-01	3.869544e-03	1.200700e-01	1.174038e-01	1.497801e-05
0.940	3.527366e-01	3.487824e-01	3.952700e-03	1.244476e-01	1.216734e-01	1.562873e-05
0.950	3.591350e-01	3.550966e-01	4.038212e-03	1.290033e-01	1.261187e-01	1.631232e-05
0.960	3.656838e-01	3.615572e-01	4.126184e-03	1.337510e-01	1.307497e-01	1.703086e-05
0.970	3.723900e-01	3.681728e-01	4.216770e-03	1.387017e-01	1.355783e-01	1.778694e-05
0.980	3.792612e-01	3.749504e-01	4.310088e-03	1.438675e-01	1.406159e-01	1.858300e-05
0.990	3.863060e-01	3.818996e-01	4.406318e-03	1.492620e-01	1.458767e-01	1.942216e-05
1.000	3.935354e-01	3.890300e-01	4.505612e-03	1.549011e-01	1.513749e-01	2.030749e-05
