   1.0000000000000000        0.0000000000000000       0.46600291028248553       0.72780229808163477            10000
 i   solar flux    satshine flux      total flux
 -----------------------------------------------
           1   1340.7860008293856        12.050936519119103        1352.8369373485048     
           2   121.11426438124302        2.9636004741537625        124.07786485539678     
           3   181.21454758927297        2.1897981180879844        183.40434570736096     
           4   72.309778244873627        1.2957979841057277        73.605576228979359     
           5   60.681163364671136       0.77248404560350081        61.453647410274634     
           6   33.860650700129014       0.48420162133786637        34.344852321466881     
           7   23.266742073761378       0.39192139638867568        23.658663470150053     
           8   16.310141467860511       0.26795733801281502        16.578098805873324     
           9   9.8141056807303872       0.11637670080151802        9.9304823815319061     
          10   5.5317878640281339       0.11815486412848408        5.6499427281566179     
          11   3.4074906744629851        7.6820229524924760E-002   3.4843109039879101     
          12   1.7219487373476441        4.6828860767817122E-002   1.7687775981154612     
          13   1.6624200355620513        2.9460788447275718E-002   1.6918808240093270     
          14   1.2870309724088536        1.6230625499122769E-002   1.3032615979079762     
          15  0.57209098412133663        1.7965318428796458E-002  0.59005630255013308     
          16   1.2333056305006493        7.9667451719283976E-003   1.2412723756725776     
          17  0.56825585652326582        4.4710463000810887E-003  0.57272690282334693     
          18  0.14946212343579404        0.0000000000000000       0.14946212343579404     
          19  0.74567949890437712        6.2157417002979302E-003  0.75189524060467505     
          20   0.0000000000000000        0.0000000000000000        0.0000000000000000     
