   1.0000000000000000        0.0000000000000000       0.46600291028248553       0.72780229808163477            10000
 i   solar flux    satshine flux      total flux
 -----------------------------------------------
           1   1314.7920710252913        11.891383851782095        1326.6834548770735     
           2   125.96270517637753        2.9025107681392295        128.86521594451676     
           3   183.26355867263510        2.1872005040176981        185.45075917665281     
           4   73.544682592680431        1.1595765081066416        74.704259100787070     
           5   55.502452857164457       0.72423483207914185        56.226687689243597     
           6   31.031672768819195       0.49492252401001635        31.526595292829210     
           7   23.201874069030509       0.31574963815843787        23.517623707188946     
           8   15.350141502283009       0.22921670205338504        15.579358204336394     
           9   11.295211921681689       0.19987247515645740        11.495084396838147     
          10   6.5230661728923014        9.7545782235678766E-002   6.6206119551279805     
          11   3.3297807407587676        5.2421052507115568E-002   3.3822017932658830     
          12   3.1442524108556240        3.8433152749998409E-002   3.1826855636056224     
          13   1.1486796426954693        2.6892789490342222E-002   1.1755724321858114     
          14  0.82840581007638203        1.9094221836513606E-002  0.84750003191289569     
          15   1.6539206548048695        2.3765471373866434E-002   1.6776861261787359     
          16  0.31696016040313113        7.4543499399031647E-003  0.32441451034303431     
          17  0.43225633097490118        0.0000000000000000       0.43225633097490118     
          18  0.12591115300168010        0.0000000000000000       0.12591115300168010     
          19   6.7664531046357890E-002   3.5639996124730887E-003   7.1228530658830974E-002
          20  0.23451834216086839        0.0000000000000000       0.23451834216086839     
