   1.0000000000000000        0.0000000000000000       0.46600291028248553       0.72780229808163477            10000
 i   solar flux    satshine flux      total flux
 -----------------------------------------------
           1   1337.9716904915354        12.380893337930686        1350.3525838294661     
           2   117.17988037091430        2.9026069643584393        120.08248733527275     
           3   165.52388743378484        2.4066120634142800        167.93049949719912     
           4   73.379529736914876        1.2821379830489625        74.661667719963845     
           5   54.478772001968146       0.75890506357117460        55.237677065539323     
           6   30.239706329689582       0.44459994614083981        30.684306275830423     
           7   19.215346199576523       0.31243833982896191        19.527784539405484     
           8   16.374785465890707       0.20514577284938673        16.579931238740095     
           9   7.8744780017293108       0.13911319970232888        8.0135912014316393     
          10   5.8361793992670332       0.12925660620453747        5.9654360054715703     
          11   4.0121108591476258        4.5247399884047038E-002   4.0573582590316732     
          12   3.4154742702310186        5.9186675826525925E-002   3.4746609460575444     
          13  0.96295715336873700        3.3628963724063217E-002  0.99658611709280021     
          14   1.6113963965522404        2.9920716402812662E-002   1.6413171129550530     
          15  0.97655706854505220        1.2582959669382419E-002  0.98914002821443459     
          16   1.0298083138964966        1.2977794501213268E-002   1.0427861083977099     
          17  0.41892350505465503        6.5594401842564605E-003  0.42548294523891150     
          18  0.30190789320123490        4.4829997484334607E-003  0.30639089294966837     
          19  0.38342307957798982        6.9570306214090365E-003  0.39038011019939883     
          20   4.1803110266871904E-002   0.0000000000000000        4.1803110266871904E-002
