   1.0000000000000000        0.0000000000000000       0.46600291028248553       0.72780229808163477            10000
 i   solar flux    satshine flux      total flux
 -----------------------------------------------
           1   1291.8703245400870        11.712359231946436        1303.5826837720335     
           2   118.67989835778316        2.9792387272548160        121.65913708503797     
           3   179.32222087075363        2.3452911698823633        181.66751204063598     
           4   77.476670095888153        1.2071141423586431        78.683784238246801     
           5   56.122558831962003       0.82910951963633228        56.951668351598336     
           6   35.881741877179238       0.59817569330529019        36.479917570484531     
           7   23.587923284923939       0.34218514193547239        23.930108426859412     
           8   15.385921536721725       0.20206966319405578        15.587991199915781     
           9   10.016951368854288       0.15473775110146323        10.171689119955751     
          10   6.6342592725765019        9.1467953360010901E-002   6.7257272259365131     
          11   3.2293197352609466        7.0650458067278696E-002   3.2999701933282255     
          12   2.8739227132997422        6.1501553328045369E-002   2.9354242666277877     
          13   2.1387930587162534        2.3263742468861634E-002   2.1620568011851149     
          14   1.7417788791072775        1.0189114827077701E-002   1.7519679939343551     
          15   1.1512442720097387        1.8404740088482641E-002   1.1696490120982213     
          16  0.65797084019316410        1.0922320947311882E-003  0.65906307228789529     
          17  0.41264461836183686        5.7097497142472734E-003  0.41835436807608412     
          18  0.51371157377644372        3.2727645082130841E-003  0.51698433828465684     
          19  0.35241398131601009        5.0247441437289448E-003  0.35743872545973904     
          20   9.9168707230618339E-002   0.0000000000000000        9.9168707230618339E-002
