   1.0000000000000000        0.0000000000000000       0.46600291028248553       0.72780229808163477            10000
 i   solar flux    satshine flux      total flux
 -----------------------------------------------
           1   1333.8209960109784        11.720008729783611        1345.5410047407620     
           2   131.07525854227367        2.8056128694282485        133.88087141170192     
           3   179.35629391110729        2.2278374350831793        181.58413134619047     
           4   72.547476757587646        1.3011034769695173        73.848580234557161     
           5   54.317172131511569       0.77025029044736759        55.087422421958934     
           6   34.525161140372248       0.50262980279940395        35.027790943171652     
           7   18.364452986387651       0.35198856535693113        18.716441551744580     
           8   12.970141883193897       0.21787113551038159        13.188013018704279     
           9   9.1837913054655065       0.13170355737072822        9.3154948628362355     
          10   5.9958515048478436        9.4276547901499516E-002   6.0901280527493427     
          11   4.1526975628246650        4.8786148807853223E-002   4.2014837116325179     
          12   2.3896721515643247        4.9794706793978238E-002   2.4394668583583030     
          13   1.7857346477112748        2.8229698835078365E-002   1.8139643465463531     
          14  0.70464759233063390        7.7939603825561152E-003  0.71244155271318999     
          15  0.23497767643905343        1.1857564169503895E-002  0.24683524060855733     
          16   1.5259716792453601E-003   4.8144017000037870E-003   6.3403733792491476E-003
          17   7.5024801150005802E-002   5.5146534211905369E-003   8.0539454571196337E-002
          18  0.13333584183022304        1.2625995188159105E-003  0.13459844134903895     
          19   1.9290269742511832E-002   1.4552790225371350E-003   2.0745548765048968E-002
          20  0.25661362420269895        4.4730175900310502E-003  0.26108664179273000     
