   1.0000000000000000        0.0000000000000000       0.46600291028248553       0.72780229808163477            10000
 i   solar flux    satshine flux      total flux
 -----------------------------------------------
           1   1302.9661616798412        11.966402346067964        1314.9325640259092     
           2   122.29203105225660        2.8458938121291149        125.13792486438572     
           3   181.39469366088377        2.3992382326137407        183.79393189349753     
           4   67.561790671797382        1.1797200741364053        68.741510745933795     
           5   56.460674479700266       0.76913646316963658        57.229810942869904     
           6   32.780745303686700       0.44485392154744013        33.225599225234141     
           7   21.116440730337896       0.30508978387737457        21.421530514215270     
           8   12.488318490741579       0.19144135555667091        12.679759846298250     
           9   9.5439285468676509       0.12525636816342217        9.6691849150310727     
          10   6.1443654757700621       0.10924422299893830        6.2536096987690000     
          11   3.8983704905927210        4.9062613560439068E-002   3.9474331041531601     
          12   2.9945869061140620        3.1540136865089552E-002   3.0261270429791516     
          13   2.2404216156107406        3.8738825986270653E-002   2.2791604415970115     
          14   1.7925119428782470        2.1817681077918330E-002   1.8143296239561653     
          15   1.0429436911679448        2.2371558064355260E-002   1.0653152492323001     
          16  0.79624004941269355        8.7436360050362413E-003  0.80498368541772980     
          17  0.48673142507894845        2.8153339495225450E-003  0.48954675902847100     
          18  0.23353260441216386        2.6821460489631242E-003  0.23621475046112700     
          19  0.32677836669588173        2.0925054700081580E-003  0.32887087216588989     
          20   0.0000000000000000        1.9132084367297932E-003   1.9132084367297932E-003
