   1.0000000000000000        0.0000000000000000       0.46600291028248553       0.72780229808163477            10000
 i   solar flux    satshine flux      total flux
 -----------------------------------------------
           1   1329.1778250070961        12.224877673538307        1341.4027026806343     
           2   115.82871812193366        3.0731778936269794        118.90189601556064     
           3   182.22132323832716        2.2648937234934428        184.48621696182059     
           4   72.425076979504411        1.2997660005081006        73.724842980012511     
           5   53.171016693663063       0.78979147977864705        53.960808173441713     
           6   33.555876237612765       0.48516176775190251        34.041038005364669     
           7   20.690483444869734       0.33877628662465642        21.029259731494392     
           8   14.762879009730693       0.20294661161119376        14.965825621341887     
           9   9.5125841195629164       0.14908013776983367        9.6616642573327507     
          10   5.2308376997709853        9.2197987008050694E-002   5.3230356867790363     
          11   3.9010967997924366        9.9399610696152774E-002   4.0004964104885889     
          12   4.5041523477350882        3.1213808208076371E-002   4.5353661559431648     
          13   1.1420295651974142        2.6460224790490622E-002   1.1684897899879048     
          14   1.2510297680947315        1.6693874205262093E-002   1.2677236422999936     
          15  0.55592363874576556        4.9556947856974690E-003  0.56087933353146302     
          16  0.65096062379116482        2.3419682015241555E-002  0.67438030580640640     
          17   1.1091591483653322        7.5148511252837108E-003   1.1166739994906159     
          18  0.58216137447317384        3.9935777884547649E-003  0.58615495226162861     
          19   0.0000000000000000        3.8902650275908770E-003   3.8902650275908770E-003
          20   0.0000000000000000        0.0000000000000000        0.0000000000000000     
