   1.0000000000000000        0.0000000000000000       0.46600291028248553       0.72780229808163477            10000
 i   solar flux    satshine flux      total flux
 -----------------------------------------------
           1   1343.5045006930568        11.849535090472880        1355.3540357835298     
           2   118.98460994192037        2.7800968091817686        121.76470675110214     
           3   177.41753942994600        2.4630292457786518        179.88056867572465     
           4   72.698049057231600        1.1655431676037322        73.863592224835330     
           5   55.276352927020355       0.89440722685010876        56.170760153870461     
           6   32.542351186080801       0.55053664901308597        33.092887835093883     
           7   22.787668266100543       0.35211380585320629        23.139782071953750     
           8   10.665966166781043       0.19676611694294036        10.862732283723984     
           9   9.3774330209704591       0.16179424002858120        9.5392272609990396     
          10   4.8057127388073484       0.12514527923188573        4.9308580180392338     
          11   3.9177208783739870        8.6112721358608965E-002   4.0038335997325962     
          12   3.2754901659732067        3.3458985485491699E-002   3.3089491514586986     
          13   3.1670968994265793        4.2403321192925052E-002   3.2095002206195042     
          14   1.4521956236359892        2.6119103353146420E-002   1.4783147269891357     
          15   1.5733823386692622        1.4054610748304081E-002   1.5874369494175664     
          16  0.22974223554423981        1.8188570880424897E-002  0.24793080642466470     
          17  0.45269330157456561        1.0791109576882467E-002  0.46348441115144806     
          18  0.90803001762051561        5.4049736046106909E-003  0.91343499122512628     
          19  0.22589867597821095        1.1738400940008479E-002  0.23763707691821942     
          20   2.9336377275504751E-002   0.0000000000000000        2.9336377275504751E-002
