 Curly R     I/F(total)  I/F(solar)   I/F(saturn)
 ---------------------------------------------------
  0.010    2.8786E-03    2.8534E-03    2.5203E-05
  0.020    5.7626E-03    5.7121E-03    5.0528E-05
  0.030    8.6522E-03    8.5763E-03    7.5977E-05
  0.040    1.1548E-02    1.1446E-02    1.0155E-04
  0.050    1.4449E-02    1.4322E-02    1.2726E-04
  0.060    1.7357E-02    1.7204E-02    1.5310E-04
  0.070    2.0272E-02    2.0093E-02    1.7908E-04
  0.080    2.3193E-02    2.2988E-02    2.0521E-04
  0.090    2.6122E-02    2.5891E-02    2.3147E-04
  0.100    2.9058E-02    2.8800E-02    2.5789E-04
  0.110    3.2002E-02    3.1717E-02    2.8446E-04
  0.120    3.4953E-02    3.4642E-02    3.1118E-04
  0.130    3.7913E-02    3.7575E-02    3.3807E-04
  0.140    4.0882E-02    4.0516E-02    3.6512E-04
  0.150    4.3859E-02    4.3466E-02    3.9234E-04
  0.160    4.6845E-02    4.6425E-02    4.1973E-04
  0.170    4.9841E-02    4.9394E-02    4.4730E-04
  0.180    5.2846E-02    5.2371E-02    4.7505E-04
  0.190    5.5862E-02    5.5359E-02    5.0299E-04
  0.200    5.8888E-02    5.8357E-02    5.3112E-04
  0.210    6.1924E-02    6.1365E-02    5.5945E-04
  0.220    6.4972E-02    6.4384E-02    5.8798E-04
  0.230    6.8031E-02    6.7415E-02    6.1671E-04
  0.240    7.1102E-02    7.0457E-02    6.4566E-04
  0.250    7.4186E-02    7.3511E-02    6.7482E-04
  0.260    7.7281E-02    7.6577E-02    7.0421E-04
  0.270    8.0390E-02    7.9656E-02    7.3382E-04
  0.280    8.3512E-02    8.2748E-02    7.6367E-04
  0.290    8.6648E-02    8.5854E-02    7.9376E-04
  0.300    8.9798E-02    8.8973E-02    8.2409E-04
  0.310    9.2962E-02    9.2107E-02    8.5468E-04
  0.320    9.6142E-02    9.5256E-02    8.8553E-04
  0.330    9.9337E-02    9.8420E-02    9.1664E-04
  0.340    1.0255E-01    1.0160E-01    9.4803E-04
  0.350    1.0578E-01    1.0480E-01    9.7970E-04
  0.360    1.0902E-01    1.0801E-01    1.0117E-03
  0.370    1.1228E-01    1.1124E-01    1.0439E-03
  0.380    1.1556E-01    1.1449E-01    1.0765E-03
  0.390    1.1886E-01    1.1775E-01    1.1093E-03
  0.400    1.2218E-01    1.2104E-01    1.1425E-03
  0.410    1.2552E-01    1.2434E-01    1.1760E-03
  0.420    1.2887E-01    1.2766E-01    1.2099E-03
  0.430    1.3225E-01    1.3101E-01    1.2441E-03
  0.440    1.3565E-01    1.3437E-01    1.2786E-03
  0.450    1.3907E-01    1.3776E-01    1.3136E-03
  0.460    1.4252E-01    1.4117E-01    1.3489E-03
  0.470    1.4599E-01    1.4460E-01    1.3846E-03
  0.480    1.4948E-01    1.4806E-01    1.4206E-03
  0.490    1.5300E-01    1.5154E-01    1.4572E-03
  0.500    1.5654E-01    1.5505E-01    1.4941E-03
  0.510    1.6012E-01    1.5858E-01    1.5314E-03
  0.520    1.6371E-01    1.6214E-01    1.5692E-03
  0.530    1.6734E-01    1.6573E-01    1.6075E-03
  0.540    1.7100E-01    1.6935E-01    1.6463E-03
  0.550    1.7468E-01    1.7300E-01    1.6855E-03
  0.560    1.7840E-01    1.7667E-01    1.7252E-03
  0.570    1.8215E-01    1.8038E-01    1.7655E-03
  0.580    1.8593E-01    1.8412E-01    1.8063E-03
  0.590    1.8975E-01    1.8790E-01    1.8476E-03
  0.600    1.9360E-01    1.9171E-01    1.8896E-03
  0.610    1.9749E-01    1.9556E-01    1.9321E-03
  0.620    2.0141E-01    1.9944E-01    1.9752E-03
  0.630    2.0538E-01    2.0336E-01    2.0189E-03
  0.640    2.0939E-01    2.0732E-01    2.0634E-03
  0.650    2.1343E-01    2.1132E-01    2.1084E-03
  0.660    2.1752E-01    2.1537E-01    2.1542E-03
  0.670    2.2166E-01    2.1946E-01    2.2007E-03
  0.680    2.2584E-01    2.2359E-01    2.2479E-03
  0.690    2.3007E-01    2.2777E-01    2.2959E-03
  0.700    2.3435E-01    2.3200E-01    2.3447E-03
  0.710    2.3868E-01    2.3629E-01    2.3944E-03
  0.720    2.4306E-01    2.4062E-01    2.4449E-03
  0.730    2.4750E-01    2.4501E-01    2.4963E-03
  0.740    2.5200E-01    2.4945E-01    2.5486E-03
  0.750    2.5656E-01    2.5395E-01    2.6018E-03
  0.760    2.6117E-01    2.5852E-01    2.6561E-03
  0.770    2.6586E-01    2.6315E-01    2.7114E-03
  0.780    2.7061E-01    2.6784E-01    2.7678E-03
  0.790    2.7542E-01    2.7260E-01    2.8253E-03
  0.800    2.8032E-01    2.7743E-01    2.8840E-03
  0.810    2.8528E-01    2.8234E-01    2.9439E-03
  0.820    2.9033E-01    2.8732E-01    3.0051E-03
  0.830    2.9546E-01    2.9239E-01    3.0676E-03
  0.840    3.0067E-01    2.9754E-01    3.1315E-03
  0.850    3.0597E-01    3.0277E-01    3.1969E-03
  0.860    3.1137E-01    3.0810E-01    3.2638E-03
  0.870    3.1686E-01    3.1353E-01    3.3322E-03
  0.880    3.2246E-01    3.1905E-01    3.4024E-03
  0.890    3.2816E-01    3.2469E-01    3.4743E-03
  0.900    3.3398E-01    3.3043E-01    3.5480E-03
  0.910    3.3991E-01    3.3629E-01    3.6237E-03
  0.920    3.4597E-01    3.4227E-01    3.7014E-03
  0.930    3.5216E-01    3.4838E-01    3.7812E-03
  0.940    3.5849E-01    3.5462E-01    3.8633E-03
  0.950    3.6496E-01    3.6101E-01    3.9477E-03
  0.960    3.7158E-01    3.6755E-01    4.0347E-03
  0.970    3.7837E-01    3.7424E-01    4.1244E-03
  0.980    3.8532E-01    3.8111E-01    4.2168E-03
  0.990    3.9246E-01    3.8815E-01    4.3123E-03
  1.000    3.9979E-01    3.9538E-01    4.4109E-03
