   1.0000000000000000        0.0000000000000000       0.46600291028248553       0.72780229808163477            10000
 i   solar flux    satshine flux      total flux
 -----------------------------------------------
           1   1306.9854617532460        12.090842539826372        1319.0763042930723     
           2   126.11540715708711        2.9583486225451576        129.07375577963225     
           3   180.91644099624796        2.4017459676374950        183.31818696388544     
           4   75.521402057026478        1.2599530409297439        76.781355097956222     
           5   57.391040242470311       0.85049549871106667        58.241535741181380     
           6   36.523753810267749       0.54391322691164956        37.067667037179397     
           7   23.969362863607959       0.29191539472031097        24.261278258328268     
           8   13.972545837641718       0.21097115163743646        14.183516989279154     
           9   8.6321879650637072       0.13293982757611203        8.7651277926398201     
          10   7.1306315594496104        9.2167743200010116E-002   7.2227993026496202     
          11   4.0427692006523230        4.3819081539187496E-002   4.0865882821915109     
          12   2.8588481148748843        4.4873575682486594E-002   2.9037216905573708     
          13   3.5785651504785223        9.6772262507965248E-003   3.5882423767293190     
          14  0.82098194913156730        1.1020931576463958E-002  0.83200288070803130     
          15  0.70444029981190770        6.1993220741946289E-003  0.71063962188610230     
          16  0.63968430070799465        9.6880667239830909E-003  0.64937236743197779     
          17   1.0113708024175208        4.4601095682451960E-003   1.0158309119857660     
          18  0.67332126996953889        5.2425889494397580E-003  0.67856385891897864     
          19   0.0000000000000000        3.9437047965353734E-003   3.9437047965353734E-003
          20   0.0000000000000000        0.0000000000000000        0.0000000000000000     
