   1.0000000000000000        0.0000000000000000       0.46600291028248553       0.72780229808163477            10000
 i   solar flux    satshine flux      total flux
 -----------------------------------------------
           1   1313.9501522177707        11.753483261827038        1325.7036354795978     
           2   117.68651427921762        2.8988580275899234        120.58537230680754     
           3   164.94406571010416        2.3838742851515691        167.32793999525572     
           4   70.451368498689334        1.1910975205707806        71.642466019260112     
           5   61.174026828938231       0.79931680246779935        61.973343631406031     
           6   26.912352328924051       0.59217971311445117        27.504532042038502     
           7   24.606295872114600       0.35146362765668548        24.957759499771285     
           8   13.859970568846615       0.25498818561849185        14.114958754465107     
           9   12.699718643569845       0.15543349332799322        12.855152136897839     
          10   5.3484883955542717       0.12365408167756577        5.4721424772318379     
          11   4.4195156208875375        6.0380514048616156E-002   4.4798961349361539     
          12   2.7845467084180395        3.8835656383917172E-002   2.8233823648019567     
          13   2.2686314163420160        2.6466506443325596E-002   2.2950979227853416     
          14  0.84537718730622236        1.9635365087194444E-002  0.86501255239341679     
          15  0.44590701968521418        2.3354660411927301E-002  0.46926168009714148     
          16  0.83298308890881390        1.1429457275673316E-002  0.84441254618448724     
          17  0.51092633201212523        4.4445672873252989E-003  0.51537089929945057     
          18  0.19126467082170820        4.9148966967529550E-003  0.19617956751846116     
          19  0.16346033930132503        6.5227327515167775E-003  0.16998307205284180     
          20   0.0000000000000000        4.5157957703608450E-003   4.5157957703608450E-003
