   1.0000000000000000        0.0000000000000000       0.46600291028248553       0.72780229808163477            10000
 i   solar flux    satshine flux      total flux
 -----------------------------------------------
           1   1280.8813400757422        12.252604292414157        1293.1339443681563     
           2   134.72690334044376        2.9980633319585466        137.72496667240230     
           3   180.85737024177473        2.2988347173834942        183.15620495915823     
           4   76.695311334606131        1.3418213385216835        78.037132673127815     
           5   57.816363409941886       0.91200844877052223        58.728371858712407     
           6   34.989246734658721       0.58457484640311819        35.573821581061836     
           7   21.685906916837922       0.39908926314398641        22.084996179981907     
           8   15.013888372639350       0.26165228206050772        15.275540654699858     
           9   10.646534653171718       0.18809819150450835        10.834632844676227     
          10   8.0835096505406945       0.12591878831205972        8.2094284388527541     
          11   2.4854911368969397        9.3742436031269416E-002   2.5792335729282092     
          12   1.4387219827947983        4.0940160388671230E-002   1.4796621431834696     
          13   1.5891384733233811        3.6072960356858814E-002   1.6252114336802399     
          14  0.50491793834357646        2.7093832666353672E-002  0.53201177100993013     
          15  0.84291430614542773        2.4009058617012056E-002  0.86692336476243981     
          16  0.23487687137081179        1.3495265055547054E-002  0.24837213642635883     
          17   8.7742622004262846E-002   2.8905327318998887E-003   9.0633154736162735E-002
          18  0.16037407274794871        1.5830249852658115E-002  0.17620432260060681     
          19  0.32658731904546928        1.2583623646099304E-003  0.32784568141007919     
          20  0.26511278919033815        3.7591483864559093E-003  0.26887193757679406     
