   1.0000000000000000        0.0000000000000000       0.46600291028248553       0.72780229808163477            10000
 i   solar flux    satshine flux      total flux
 -----------------------------------------------
           1   1281.4030302547849        11.938924896566949        1293.3419551513518     
           2   121.77922259208511        2.9552973326732257        124.73451992475833     
           3   165.08211722120944        2.4435142611219574        167.52563148233139     
           4   71.911339501591499        1.3341200201368870        73.245459521728392     
           5   59.229413549483098       0.89433583540328287        60.123749384886381     
           6   33.329621830095633       0.56849366059024675        33.898115490685882     
           7   17.669222036312508       0.42177115265749143        18.090993188970000     
           8   17.848651750937670       0.21341698231057088        18.062068733248239     
           9   9.4344889101215692       0.18817801224412736        9.6226669223656973     
          10   8.8121619763686976        7.7712713096222727E-002   8.8898746894649197     
          11   4.1483097477678648        7.1545444086074883E-002   4.2198551918539398     
          12   4.6630726273796093        7.0388750842243844E-002   4.7334613782218531     
          13   1.4916653001315621        2.7444157050636027E-002   1.5191094571821981     
          14   1.4488541690020833        2.1831868466796255E-002   1.4706860374688795     
          15  0.67516549495773426        1.4128221178508340E-002  0.68929371613624257     
          16  0.55039231664920996        1.5633212453033746E-002  0.56602552910224369     
          17  0.84766685498613381        1.1293101613561729E-002  0.85895995659969548     
          18  0.38176916174139502        1.0214286892428374E-002  0.39198344863382339     
          19  0.26938847178941960        7.7972884200937700E-003  0.27718576020951335     
          20  0.41434153948499991        0.0000000000000000       0.41434153948499991     
