   1.0000000000000000        0.0000000000000000       0.46600291028248553       0.72780229808163477            10000
 i   solar flux    satshine flux      total flux
 -----------------------------------------------
           1   1297.7418083385110        11.805220703170333        1309.5470290416813     
           2   110.11320530706564        2.8248308455931568        112.93803615265880     
           3   183.25919360653009        2.3915855584992807        185.65077916502938     
           4   78.615841152224306        1.2486166795474669        79.864457831771773     
           5   54.652583366402247       0.81279332041045249        55.465376686812697     
           6   32.228993888011210       0.59336480387990398        32.822358691891111     
           7   20.516045024668529       0.31783557553371045        20.833880600202239     
           8   12.315545434492993       0.22593406033720084        12.541479494830194     
           9   11.769471745920516       0.19671651196472550        11.966188257885241     
          10   6.5746684636312773       0.10295099510323069        6.6776194587345081     
          11   5.3210246153892431        4.7770302475989304E-002   5.3687949178652321     
          12   1.6487156834117185        7.3662709224838502E-002   1.7223783926365570     
          13   2.4316084973578995        2.5955846467018193E-002   2.4575643438249175     
          14  0.58600935180979319        3.0234551269701915E-002  0.61624390307949506     
          15   2.1075943558098791        2.1994786651332768E-002   2.1295891424612119     
          16  0.95195548426891063        1.5703321459937299E-002  0.96765880572884788     
          17  0.82859027743155311        7.6391785368158495E-003  0.83622945596836895     
          18  0.75787282601171979        2.5111014647194560E-003  0.76038392747643924     
          19  0.45078438845263091        9.7176516811978472E-003  0.46050204013382878     
          20  0.75125837564949394        2.4669404289010630E-003  0.75372531607839499     
