   1.0000000000000000        0.0000000000000000       0.46600291028248553       0.72780229808163477            10000
 i   solar flux    satshine flux      total flux
 -----------------------------------------------
           1   1319.6223832148187        11.848166841647480        1331.4705500564662     
           2   125.30273246665097        2.7541272392283189        128.05685970587928     
           3   162.07971781484537        2.4002300508180592        164.47994786566343     
           4   69.549927883136490        1.2562925539775047        70.806220437113993     
           5   55.172217095371451       0.86728895720308063        56.039506052574531     
           6   31.484824070002436       0.51181256732540981        31.996636637327846     
           7   21.291798740648435       0.30389289426343796        21.595691634911873     
           8   11.043525201033512       0.24256563134153644        11.286090832375049     
           9   9.0683649238928918       0.17970255963603765        9.2480674835289296     
          10   5.5067146917300756        9.7806428089483560E-002   5.6045211198195588     
          11   1.8179514722774752        5.5448612993547239E-002   1.8734000852710224     
          12   3.1580826038446537        3.1629452699019664E-002   3.1897120565436734     
          13  0.41218747571884506        1.9480277503418221E-002  0.43166775322226331     
          14   1.1459322383791011        1.7265355950766833E-002   1.1631975943298678     
          15  0.22894940453947740        1.6532419881302014E-002  0.24548182442077943     
          16  0.29499750770386218        5.7076677303538031E-003  0.30070517543421599     
          17  0.31943155268753232        8.4032893205170690E-003  0.32783484200804941     
          18   0.0000000000000000        3.4584954786184190E-003   3.4584954786184190E-003
          19  0.15925975456780761        9.7446217521405427E-003  0.16900437631994816     
          20  0.21647716730511640        1.0049772796439059E-002  0.22652694010155547     
