   1.0000000000000000        0.0000000000000000       0.46600291028248553       0.72780229808163477            10000
 i   solar flux    satshine flux      total flux
 -----------------------------------------------
           1   1296.4599264090323        12.002007973618735        1308.4619343826510     
           2   116.98362116431957        2.8647710109742723        119.84839217529384     
           3   168.67543718061469        2.3789500268038739        171.05438720741856     
           4   62.732345247370368        1.1335953776098953        63.865940624980261     
           5   53.588636055732835       0.76010730195187981        54.348743357684711     
           6   30.005389553360438       0.54601146440701864        30.551401017767457     
           7   20.527207922089165       0.36102929409412737        20.888237216183292     
           8   10.815519368723969       0.23176832329306629        11.047287692017035     
           9   8.8003528801809043       0.15038090352611982        8.9507337837070242     
          10   4.4939983454603398       0.10026034444160893        4.5942586899019489     
          11   4.3608563311175743        7.3995142173105752E-002   4.4348514732906796     
          12   1.6203739710171703        3.0383134514111794E-002   1.6507571055312822     
          13  0.95242844858053044        3.0522172391942725E-002  0.98295062097247321     
          14  0.79223937217352791        1.7039514926555366E-002  0.80927888710008333     
          15  0.47372118313292855        1.0171153416807632E-002  0.48389233654973618     
          16  0.26227632071353435        1.0799652778139213E-002  0.27307597349167356     
          17  0.55791603846900961        3.9257047778939042E-003  0.56184174324690350     
          18  0.34166993021246517        7.5319474997308201E-004  0.34242312496243826     
          19  0.37914694586939485        5.2323341867160289E-003  0.38437928005611088     
          20   0.0000000000000000        7.9975976692882918E-003   7.9975976692882918E-003
