   1.0000000000000000        0.0000000000000000       0.46600291028248553       0.72780229808163477            10000
 i   solar flux    satshine flux      total flux
 -----------------------------------------------
           1   1286.8060199744177        12.073429391197337        1298.8794493656151     
           2   125.07951428566730        3.0125109541315953        128.09202523979889     
           3   182.76481397000668        2.4528279206545052        185.21764189066118     
           4   77.679537998547033        1.3313615390635751        79.010899537610612     
           5   53.520212545074180       0.84889169838208633        54.369104243456263     
           6   33.205200989341414       0.54976697654227269        33.754967965883687     
           7   20.336768382460839       0.37547630523843123        20.712244687699272     
           8   15.287868622024927       0.22349528555304887        15.511363907577977     
           9   9.5901219623133240       0.17018025875311515        9.7603022210664392     
          10   5.4650744380887266       0.10935622191543207        5.5744306600041584     
          11   4.3741410683153070        6.4557040494128998E-002   4.4386981088094357     
          12   1.9642707064064404        6.2129039871197791E-002   2.0263997462776384     
          13  0.77970653777754140        1.4118064707625279E-002  0.79382460248516673     
          14   1.5059884378355424        2.4902619322643510E-002   1.5308910571581860     
          15  0.92934201450022302        7.9098737984480659E-003  0.93725188829867112     
          16   1.1491769864553014        7.4791027502932326E-003   1.1566560892055946     
          17  0.86513398582728263        5.1539227795381016E-003  0.87028790860682070     
          18  0.39715636098410556        0.0000000000000000       0.39715636098410556     
          19  0.31880876099957234        2.4035972129025792E-003  0.32121235821247490     
          20  0.61755795647843903        0.0000000000000000       0.61755795647843903     
