   1.0000000000000000        0.0000000000000000       0.46600291028248553       0.72780229808163477            10000
 i   solar flux    satshine flux      total flux
 -----------------------------------------------
           1   1299.9652755243949        12.215716934047027        1312.1809924584420     
           2   119.23255985517923        2.9331066983558367        122.16566655353508     
           3   178.82781037563836        2.3933740477675949        181.22118442340596     
           4   71.437822838379844        1.3606451236331241        72.798467962012964     
           5   54.578084294341188       0.82754846282618277        55.405632757167368     
           6   31.112989348898619       0.57249305399932948        31.685482402897950     
           7   22.898683355097731       0.40229684527098281        23.300980200368713     
           8   15.150910473216120       0.17940121694769132        15.330311690163812     
           9   5.9891970117404121       0.14828545100255236        6.1374824627429643     
          10   5.5127392722996884       0.11782555103042444        5.6305648233301131     
          11   3.2956878561661345        5.5667790212927545E-002   3.3513556463790621     
          12   2.4345681410406712        4.9529554303159341E-002   2.4840976953438307     
          13  0.95352096358804217        2.7190914004269935E-002  0.98071187759231215     
          14  0.86868070211529347        6.9218510447621893E-003  0.87560255316005564     
          15   1.8666644225291025        1.8942931925457804E-002   1.8856073544545602     
          16  0.78840900536544201        8.0665191880220106E-003  0.79647552455346404     
          17  0.23234506644177588        6.1072647141132575E-003  0.23845233115588915     
          18  0.16471757561272643        4.3284796530172276E-003  0.16904605526574365     
          19   8.0023041155874927E-002   2.7691764222368214E-003   8.2792217578111754E-002
          20   0.0000000000000000        0.0000000000000000        0.0000000000000000     
