   1.0000000000000000        0.0000000000000000       0.46600291028248553       0.72780229808163477            10000
 i   solar flux    satshine flux      total flux
 -----------------------------------------------
           1   1326.5821976153343        12.208393941547424        1338.7905915568817     
           2   121.54158359275448        2.8774847356442916        124.41906832839877     
           3   177.96732207437645        2.5488126072888115        180.51613468166528     
           4   73.093665746881257        1.2687726597236921        74.362438406604952     
           5   58.090276412100422       0.80943316101185669        58.899709573112283     
           6   34.789249583200956       0.60368373996925029        35.392933323170205     
           7   27.020213061131049       0.33846627432524190        27.358679335456291     
           8   15.675751229332034       0.23196482519736947        15.907716054529404     
           9   10.066759726257086       0.16201249717198929        10.228772223429075     
          10   7.6052251661181902        9.1733516380863994E-002   7.6969586824990541     
          11   2.8483382307134182        9.8987279252846797E-002   2.9473255099662650     
          12   3.4221847004715245        4.4812420163753704E-002   3.4669971206352783     
          13   2.8121093674697804        4.9713713610297146E-002   2.8618230810800775     
          14   1.7829555776555219        1.8804417528402506E-002   1.8017599951839245     
          15  0.48596444732440008        2.2937968945629432E-002  0.50890241627002952     
          16  0.38216050132028501        1.3224562953099334E-002  0.39538506427338432     
          17  0.15281407099862093        4.6861067207725430E-003  0.15750017771939348     
          18  0.73623753173168771        0.0000000000000000       0.73623753173168771     
          19  0.21689497929443038        7.9551379874818699E-003  0.22485011728191226     
          20  0.50038293249489718        0.0000000000000000       0.50038293249489718     
