   1.0000000000000000        0.0000000000000000       0.46600291028248553       0.72780229808163477            10000
 i   solar flux    satshine flux      total flux
 -----------------------------------------------
           1   1280.7780158773248        11.990782944612944        1292.7687988219377     
           2   128.28064387760418        3.0802324208990233        131.36087629850320     
           3   188.09114496868580        2.3435161266184221        190.43466109530422     
           4   73.796550895060705        1.2185975489820973        75.015148444042808     
           5   56.281226932792841       0.87613905491561728        57.157365987708459     
           6   30.719951890495810       0.56529222437651305        31.285244114872324     
           7   24.776521441670916       0.36710091827701119        25.143622359947926     
           8   14.907736740006548       0.26526857610428950        15.173005316110839     
           9   10.422869719210485       0.13912479230397642        10.561994511514461     
          10   4.6807719249299033        8.5736879306567274E-002   4.7665088042364703     
          11   3.8601951140041191        7.1673680693346481E-002   3.9318687946974658     
          12   1.6220499729397526        5.4784128019834295E-002   1.6768341009595868     
          13   2.0727962852028785        8.1870344599162571E-003   2.0809833196627947     
          14  0.96565784378622399        9.8960847198997833E-003  0.97555392850612377     
          15  0.79971467364501581        2.1309886652298680E-002  0.82102456029731452     
          16   1.5463588744838490        2.9052118458358224E-003   1.5492640863296849     
          17  0.56410937097900993        3.9717079262576935E-003  0.56808107890526760     
          18   4.9857854679365113E-002   1.0861480108666215E-002   6.0719334788031327E-002
          19  0.36763960522861905        3.6272001909059748E-003  0.37126680541952500     
          20  0.15370207250370180        4.3478872935843123E-005  0.15374555137663765     
