   1.0000000000000000        0.0000000000000000       0.46600291028248553       0.72780229808163477            10000
 i   solar flux    satshine flux      total flux
 -----------------------------------------------
           1   1304.2154793149286        11.768543117424835        1315.9840224323534     
           2   126.63770431960359        3.0739797686498087        129.71168408825341     
           3   174.85774651529024        2.4235956342726181        177.28134214956287     
           4   75.504307057357678        1.1158627083050701        76.620169765662752     
           5   52.203797928077236       0.80309960130225722        53.006897529379494     
           6   30.961123835905006       0.51310977475542541        31.474233610660431     
           7   22.044953979852913       0.29708424343448453        22.342038223287396     
           8   15.198331201802265       0.17611171317596569        15.374442914978230     
           9   10.825034011751194       0.11042791872744795        10.935461930478642     
          10   6.2851468696218724        8.1156112894686203E-002   6.3663029825165589     
          11   2.6585393733696479        4.4011116567035762E-002   2.7025504899366837     
          12   1.9909969096420521        2.8486771955840283E-002   2.0194836815978925     
          13   3.4665205049819576        2.8783857026452114E-002   3.4953043620084099     
          14   1.0221233047192078        1.7144723739063967E-002   1.0392680284582718     
          15  0.38962227122173487        5.6898929181261448E-003  0.39531216413986103     
          16  0.95827471737045333        2.9019773242128341E-003  0.96117669469466616     
          17  0.21947574463987898        1.0336710123897981E-002  0.22981245476377696     
          18   0.0000000000000000        4.1181882148605218E-003   4.1181882148605218E-003
          19   0.0000000000000000        0.0000000000000000        0.0000000000000000     
          20  0.17243078830550368        0.0000000000000000       0.17243078830550368     
