   1.0000000000000000        0.0000000000000000       0.46600291028248553       0.72780229808163477            10000
 i   solar flux    satshine flux      total flux
 -----------------------------------------------
           1   1331.3605966594710        12.271645816974409        1343.6322424764453     
           2   119.53374268302483        2.7969478618170571        122.33069054484189     
           3   168.17829417161747        2.2993001845843248        170.47759435620179     
           4   67.004909620768203        1.1796745769885824        68.184584197756791     
           5   53.740410041861352       0.68389067274199700        54.424300714603348     
           6   29.429172363704499       0.47507007810046686        29.904242441804964     
           7   18.042679474242625       0.30940784567066498        18.352087319913291     
           8   12.456142875897292       0.19723306329973014        12.653375939197023     
           9   8.2479604223731187       0.16171525317646171        8.4096756755495807     
          10   6.9910720613988797       0.11679374134658481        7.1078658027454642     
          11   3.6111227407726325        7.1835789988759252E-002   3.6829585307613919     
          12   2.5637834593945592        3.7630534954890819E-002   2.6014139943494499     
          13   1.2572640334794707        3.0684153540900597E-002   1.2879481870203713     
          14  0.47169184714251666        3.9725842249282793E-002  0.51141768939179943     
          15  0.70677493754777765        1.7421263295988976E-002  0.72419620084376657     
          16  0.34766095983825362        1.0725513140261104E-002  0.35838647297851473     
          17   0.0000000000000000        2.0361847567290222E-003   2.0361847567290222E-003
          18   0.0000000000000000        5.0432130608446682E-003   5.0432130608446682E-003
          19   0.0000000000000000        0.0000000000000000        0.0000000000000000     
          20   0.0000000000000000        2.9838891080987708E-003   2.9838891080987708E-003
