 Curly R     I/F(total)  I/F(solar)   I/F(saturn)
 ---------------------------------------------------
  0.010    2.8143E-03    2.7884E-03    2.5809E-05
  0.020    5.6342E-03    5.5825E-03    5.1747E-05
  0.030    8.4602E-03    8.3824E-03    7.7817E-05
  0.040    1.1292E-02    1.1188E-02    1.0402E-04
  0.050    1.4131E-02    1.4001E-02    1.3037E-04
  0.060    1.6976E-02    1.6819E-02    1.5685E-04
  0.070    1.9829E-02    1.9645E-02    1.8348E-04
  0.080    2.2688E-02    2.2478E-02    2.1026E-04
  0.090    2.5555E-02    2.5318E-02    2.3719E-04
  0.100    2.8430E-02    2.8166E-02    2.6427E-04
  0.110    3.1313E-02    3.1022E-02    2.9152E-04
  0.120    3.4205E-02    3.3886E-02    3.1892E-04
  0.130    3.7105E-02    3.6758E-02    3.4649E-04
  0.140    4.0014E-02    3.9639E-02    3.7423E-04
  0.150    4.2932E-02    4.2530E-02    4.0214E-04
  0.160    4.5860E-02    4.5429E-02    4.3023E-04
  0.170    4.8797E-02    4.8339E-02    4.5851E-04
  0.180    5.1745E-02    5.1258E-02    4.8696E-04
  0.190    5.4703E-02    5.4188E-02    5.1561E-04
  0.200    5.7673E-02    5.7128E-02    5.4445E-04
  0.210    6.0653E-02    6.0080E-02    5.7350E-04
  0.220    6.3645E-02    6.3042E-02    6.0274E-04
  0.230    6.6649E-02    6.6017E-02    6.3220E-04
  0.240    6.9665E-02    6.9003E-02    6.6187E-04
  0.250    7.2694E-02    7.2002E-02    6.9175E-04
  0.260    7.5736E-02    7.5014E-02    7.2186E-04
  0.270    7.8792E-02    7.8039E-02    7.5220E-04
  0.280    8.1861E-02    8.1078E-02    7.8278E-04
  0.290    8.4945E-02    8.4131E-02    8.1360E-04
  0.300    8.8043E-02    8.7198E-02    8.4466E-04
  0.310    9.1157E-02    9.0281E-02    8.7597E-04
  0.320    9.4286E-02    9.3378E-02    9.0755E-04
  0.330    9.7431E-02    9.6492E-02    9.3939E-04
  0.340    1.0059E-01    9.9621E-02    9.7150E-04
  0.350    1.0377E-01    1.0277E-01    1.0039E-03
  0.360    1.0697E-01    1.0593E-01    1.0366E-03
  0.370    1.1018E-01    1.0911E-01    1.0695E-03
  0.380    1.1342E-01    1.1231E-01    1.1028E-03
  0.390    1.1667E-01    1.1553E-01    1.1364E-03
  0.400    1.1994E-01    1.1877E-01    1.1703E-03
  0.410    1.2323E-01    1.2203E-01    1.2045E-03
  0.420    1.2655E-01    1.2531E-01    1.2391E-03
  0.430    1.2988E-01    1.2861E-01    1.2740E-03
  0.440    1.3324E-01    1.3193E-01    1.3092E-03
  0.450    1.3662E-01    1.3527E-01    1.3448E-03
  0.460    1.4002E-01    1.3864E-01    1.3808E-03
  0.470    1.4345E-01    1.4203E-01    1.4172E-03
  0.480    1.4690E-01    1.4545E-01    1.4539E-03
  0.490    1.5038E-01    1.4889E-01    1.4911E-03
  0.500    1.5389E-01    1.5236E-01    1.5287E-03
  0.510    1.5742E-01    1.5585E-01    1.5667E-03
  0.520    1.6098E-01    1.5938E-01    1.6051E-03
  0.530    1.6457E-01    1.6293E-01    1.6440E-03
  0.540    1.6819E-01    1.6651E-01    1.6833E-03
  0.550    1.7184E-01    1.7012E-01    1.7232E-03
  0.560    1.7553E-01    1.7376E-01    1.7635E-03
  0.570    1.7924E-01    1.7744E-01    1.8043E-03
  0.580    1.8299E-01    1.8115E-01    1.8457E-03
  0.590    1.8678E-01    1.8489E-01    1.8876E-03
  0.600    1.9060E-01    1.8867E-01    1.9300E-03
  0.610    1.9446E-01    1.9249E-01    1.9731E-03
  0.620    1.9836E-01    1.9634E-01    2.0167E-03
  0.630    2.0230E-01    2.0024E-01    2.0609E-03
  0.640    2.0628E-01    2.0417E-01    2.1058E-03
  0.650    2.1030E-01    2.0815E-01    2.1513E-03
  0.660    2.1437E-01    2.1217E-01    2.1975E-03
  0.670    2.1848E-01    2.1624E-01    2.2444E-03
  0.680    2.2264E-01    2.2035E-01    2.2920E-03
  0.690    2.2685E-01    2.2451E-01    2.3404E-03
  0.700    2.3111E-01    2.2872E-01    2.3895E-03
  0.710    2.3542E-01    2.3298E-01    2.4395E-03
  0.720    2.3979E-01    2.3730E-01    2.4903E-03
  0.730    2.4422E-01    2.4167E-01    2.5419E-03
  0.740    2.4870E-01    2.4611E-01    2.5944E-03
  0.750    2.5324E-01    2.5060E-01    2.6479E-03
  0.760    2.5785E-01    2.5515E-01    2.7023E-03
  0.770    2.6253E-01    2.5977E-01    2.7577E-03
  0.780    2.6727E-01    2.6446E-01    2.8141E-03
  0.790    2.7209E-01    2.6921E-01    2.8717E-03
  0.800    2.7698E-01    2.7405E-01    2.9303E-03
  0.810    2.8194E-01    2.7895E-01    2.9902E-03
  0.820    2.8699E-01    2.8394E-01    3.0512E-03
  0.830    2.9212E-01    2.8901E-01    3.1136E-03
  0.840    2.9734E-01    2.9417E-01    3.1772E-03
  0.850    3.0266E-01    2.9942E-01    3.2423E-03
  0.860    3.0807E-01    3.0476E-01    3.3088E-03
  0.870    3.1358E-01    3.1020E-01    3.3768E-03
  0.880    3.1919E-01    3.1575E-01    3.4464E-03
  0.890    3.2492E-01    3.2140E-01    3.5177E-03
  0.900    3.3076E-01    3.2717E-01    3.5907E-03
  0.910    3.3673E-01    3.3306E-01    3.6656E-03
  0.920    3.4282E-01    3.3908E-01    3.7423E-03
  0.930    3.4905E-01    3.4523E-01    3.8211E-03
  0.940    3.5542E-01    3.5152E-01    3.9021E-03
  0.950    3.6194E-01    3.5795E-01    3.9853E-03
  0.960    3.6862E-01    3.6455E-01    4.0708E-03
  0.970    3.7546E-01    3.7130E-01    4.1589E-03
  0.980    3.8248E-01    3.7823E-01    4.2496E-03
  0.990    3.8969E-01    3.8535E-01    4.3431E-03
  1.000    3.9710E-01    3.9266E-01    4.4395E-03
