   1.0000000000000000        0.0000000000000000       0.46600291028248553       0.72780229808163477            10000
 i   solar flux    satshine flux      total flux
 -----------------------------------------------
           1   1290.1199507906977        11.870242672939538        1301.9901934636373     
           2   122.20387097945691        2.9618853313565956        125.16575631081351     
           3   187.20086475403289        2.4364102481935475        189.63727500222643     
           4   76.198360047886041        1.1503927459896921        77.348752793875732     
           5   59.024920437379421       0.83456317091375043        59.859483608293175     
           6   38.420845783549396       0.59707101637453930        39.017916799923938     
           7   22.993407803036899       0.41594777252645126        23.409355575563350     
           8   16.968129815866181       0.25182303532865458        17.219952851194837     
           9   10.605753097310091       0.14727907973906004        10.753032177049151     
          10   6.5373451992783282        7.8845813036087786E-002   6.6161910123144159     
          11   4.3459864262029670        9.1215666001948179E-002   4.4372020922049149     
          12   2.3039629577153264        4.2872627496429186E-002   2.3468355852117555     
          13   1.5750293878917478        2.6759652753795438E-002   1.6017890406455433     
          14   1.0187324947156986        2.6522358904122103E-002   1.0452548536198207     
          15  0.87042081530061199        1.7584265490428002E-002  0.88800508079104001     
          16  0.89524356709207975        8.1431699678176182E-003  0.90338673705989736     
          17   0.0000000000000000        5.4161474202288548E-003   5.4161474202288548E-003
          18   0.0000000000000000        1.2266671697825900E-003   1.2266671697825900E-003
          19   4.8884630030765285E-002   7.3216340468233998E-003   5.6206264077588684E-002
          20   0.0000000000000000        3.9529330157541580E-003   3.9529330157541580E-003
