   1.0000000000000000        0.0000000000000000       0.46600291028248553       0.72780229808163477            10000
 i   solar flux    satshine flux      total flux
 -----------------------------------------------
           1   1320.4350369702315        11.999545314781093        1332.4345822850125     
           2   117.23896017380530        2.8497535259078779        120.08871369971317     
           3   194.38775692070368        2.6524956112272657        197.04025253193095     
           4   69.131296001974846        1.2303319402427271        70.361627942217567     
           5   54.059405526858306       0.93683475203814393        54.996240278896451     
           6   33.508966021624218       0.58334091347630768        34.092306935100524     
           7   21.764837754779983       0.42793660152929441        22.192774356309275     
           8   17.642895866233705       0.23573674261804239        17.878632608851746     
           9   10.342128659098897       0.17710297189359805        10.519231630992495     
          10   8.2879185479784283       0.12872620769543314        8.4166447556738611     
          11   4.6126814198743613        7.7781720459150203E-002   4.6904631403335113     
          12   3.0128403470698055        5.4913470608332224E-002   3.0677538176781378     
          13   2.2311338413984849        6.6381101769137668E-002   2.2975149431676227     
          14   1.7062611134769119        2.8170034743935809E-002   1.7344311482208477     
          15  0.31151757743233632        2.8486086331379185E-002  0.34000366376371549     
          16   1.2058276573690188        3.0736300785589112E-002   1.2365639581546080     
          17  0.86521799593307858        1.6268616183926027E-002  0.88148661211700463     
          18  0.25036932625359476        6.7096322382397926E-003  0.25707895849183454     
          19   0.0000000000000000        2.7097737231212790E-003   2.7097737231212790E-003
          20  0.18129655519635499        2.1440363055285094E-003  0.18344059150188349     
