   1.0000000000000000        0.0000000000000000       0.46600291028248553       0.72780229808163477            10000
 i   solar flux    satshine flux      total flux
 -----------------------------------------------
           1   1321.4984184376499        12.417071872654615        1333.9154903103044     
           2   123.40996613561803        2.7982425663527173        126.20820870197075     
           3   176.29524227599083        2.3461793076201642        178.64142158361099     
           4   74.717659546577025        1.2636310287258306        75.981290575302850     
           5   57.499443274781612       0.91457692026891546        58.414020195050526     
           6   32.342773690232519       0.51102845479952430        32.853802145032041     
           7   21.166912723845140       0.36165770390459534        21.528570427749735     
           8   13.534544318457325       0.23071542302101911        13.765259741478344     
           9   8.7405014597474917       0.18010679497594909        8.9206082547234402     
          10   5.1761096079659978       0.10370008745970179        5.2798096954256994     
          11   2.6394826289450206        8.1482311846719072E-002   2.7209649407917396     
          12   1.0043443418328317        5.0642833475402486E-002   1.0549871753082343     
          13   1.2633538442669172        3.7294992225736817E-002   1.3006488364926541     
          14   1.3485127461521582        2.7851670840837160E-003   1.3512979132362419     
          15  0.90813083008325468        9.6272583577763464E-003  0.91775808844103102     
          16  0.25510601572074504        3.8318197099647200E-003  0.25893783543070975     
          17  0.23130168308133750        4.0500685377146423E-003  0.23535175161905214     
          18  0.28872868776704552        4.6938646267139558E-003  0.29342255239375947     
          19   0.0000000000000000        0.0000000000000000        0.0000000000000000     
          20   0.0000000000000000        0.0000000000000000        0.0000000000000000     
