   1.0000000000000000        0.0000000000000000       0.46600291028248553       0.72780229808163477            10000
 i   solar flux    satshine flux      total flux
 -----------------------------------------------
           1   1346.7269084039597        12.071489412757213        1358.7983978167169     
           2   119.27195685841137        2.8929222659023455        122.16487912431371     
           3   169.75943153365910        2.1951228856939675        171.95455441935306     
           4   67.537583825911412        1.2104877732359909        68.748071599147409     
           5   49.327860249364299       0.82782168238741582        50.155681931751715     
           6   28.833262921631594       0.51564935066072404        29.348912272292317     
           7   22.868848132936570       0.34023356679426026        23.209081699730831     
           8   13.840437851559965       0.18370271301636965        14.024140564576335     
           9   9.2211467575101480       0.17400165226764350        9.3951484097777911     
          10   8.4860459164281110       0.10838101171269628        8.5944269281408072     
          11   4.3201303449945874        8.3029196344368783E-002   4.4031595413389564     
          12   3.4566858265147831        4.7648424042758500E-002   3.5043342505575414     
          13   2.4997185676620655        3.7677939666665425E-002   2.5373965073287308     
          14  0.42473608172118266        4.3354246153550442E-002  0.46809032787473309     
          15   1.3572094636394021        1.6841969624378859E-002   1.3740514332637810     
          16  0.68283260733656892        2.2550866180248829E-002  0.70538347351681774     
          17  0.71066849008811628        1.0327646920211805E-002  0.72099613700832810     
          18  0.32505178283018432        4.0251553764915748E-003  0.32907693820667588     
          19  0.18343164735915940        4.2647620716945627E-003  0.18769640943085397     
          20  0.17904064481303192        0.0000000000000000       0.17904064481303192     
