   1.0000000000000000        0.0000000000000000       0.46600291028248553       0.72780229808163477            10000
 i   solar flux    satshine flux      total flux
 -----------------------------------------------
           1   1308.6548821569183        11.798823093469366        1320.4537052503877     
           2   118.63385931172556        2.8246629307399513        121.45852224246551     
           3   179.77527906807700        2.2748067979069564        182.05008586598396     
           4   78.526586043321259        1.1866796994269699        79.713265742748234     
           5   54.874356911434049       0.75742010815580962        55.631777019589862     
           6   30.752239216496022       0.50686898135260694        31.259108197848629     
           7   25.380581584427702       0.37290656435565445        25.753488148783358     
           8   15.074490738843526       0.27568643400314885        15.350177172846674     
           9   8.5212593951830939       0.15750797719433704        8.6787673723774308     
          10   5.8142267934881176        9.6906655155245103E-002   5.9111334486433629     
          11   4.9612912064214285        9.4841423347454309E-002   5.0561326297688831     
          12   2.8748919784620988        7.4257135205006500E-002   2.9491491136671053     
          13   2.1258750538911686        2.1187038588347744E-002   2.1470620924795165     
          14   1.9681771036049014        2.9290884786218094E-002   1.9974679883911195     
          15   1.2717017918714801        1.1962297878122917E-002   1.2836640897496030     
          16  0.58989407656101345        4.5798917850892610E-003  0.59447396834610267     
          17   1.5950675178710452        5.1614538687318051E-003   1.6002289717397771     
          18  0.24686006698892110        6.2874849306709920E-003  0.25314755191959210     
          19  0.36881238533394545        0.0000000000000000       0.36881238533394545     
          20   8.6902341707370767E-002   7.2976856001445937E-003   9.4200027307515366E-002
