   1.0000000000000000        0.0000000000000000       0.46600291028248553       0.72780229808163477            10000
 i   solar flux    satshine flux      total flux
 -----------------------------------------------
           1   1316.6543186994600        12.519974700805344        1329.1742934002652     
           2   127.89040067459177        2.9011578677163126        130.79155854230808     
           3   190.13358289428768        2.5987226398647003        192.73230553415237     
           4   75.188116159318383        1.2342059008772905        76.422322060195668     
           5   60.244906430935472       0.86664174986184395        61.111548180797314     
           6   29.597813610954997       0.54656121525485746        30.144374826209855     
           7   25.991549412575061       0.33556069287483781        26.327110105449901     
           8   15.523756672949027       0.22893858843855852        15.752695261387585     
           9   9.3308731887180834       0.17704638792984057        9.5079195766479234     
          10   5.7896217796747784       0.11558246911325427        5.9052042487880323     
          11   3.4628024864080227        6.4694045120161803E-002   3.5274965315281843     
          12   2.3904763297092533        5.3293114073803341E-002   2.4437694437830566     
          13   1.7199335673098650        2.3742682181571717E-002   1.7436762494914366     
          14  0.54939539075640398        1.6509376232413549E-002  0.56590476698881753     
          15  0.28072088402876394        2.0020946616544650E-002  0.30074183064530857     
          16   1.3192315609953176        1.3944162775833234E-002   1.3331757237711508     
          17  0.29799986011541379        1.2663473807477525E-003  0.29926620749616156     
          18  0.17998490734843259        3.1924675282213946E-003  0.18317737487665398     
          19  0.24746653151995299        3.1903230046669206E-003  0.25065685452461989     
          20   0.0000000000000000        0.0000000000000000        0.0000000000000000     
