   1.0000000000000000        0.0000000000000000       0.46600291028248553       0.72780229808163477            10000
 i   solar flux    satshine flux      total flux
 -----------------------------------------------
           1   1359.3311768197341        12.629802499157098        1371.9609793188911     
           2   114.43428011660511        2.9551803057164299        117.38946042232153     
           3   169.77340891957246        2.2480525109370082        172.02146143050948     
           4   63.845709924906849        1.2740579536820957        65.119767878588945     
           5   52.027766371117373       0.77930461835408482        52.807070989471455     
           6   29.566932534115693       0.47042336409318203        30.037355898208876     
           7   20.044344353520241       0.33547211570717544        20.379816469227418     
           8   10.760356380888894       0.19937893024530715        10.959735311134201     
           9   9.5859867345563270       0.14205514192096297        9.7280418764772900     
          10   4.9826955116825218        9.1567713458469674E-002   5.0742632251409914     
          11   4.2948457264044881        7.4615366721346582E-002   4.3694610931258344     
          12   2.2493150260418644        5.2693280959469596E-002   2.3020083070013340     
          13  0.84167945479622486        2.6010399894490388E-002  0.86768985469071525     
          14  0.76702132216640839        1.1796520355914534E-002  0.77881784252232289     
          15   1.5154951016675537        7.0320979162964365E-003   1.5225271995838501     
          16  0.30520257880111601        1.4579794147674241E-002  0.31978237294879025     
          17  0.17704444070864253        0.0000000000000000       0.17704444070864253     
          18  0.28803748402485152        8.6600254705804010E-003  0.29669750949543194     
          19   6.5338826461644434E-002   1.7897788975784958E-003   6.7128605359222923E-002
          20  0.17952367434837305        0.0000000000000000       0.17952367434837305     
