   1.0000000000000000        0.0000000000000000       0.46600291028248553       0.72780229808163477            10000
 i   solar flux    satshine flux      total flux
 -----------------------------------------------
           1   1349.0678510759330        12.373463219607364        1361.4413142955405     
           2   121.44034368581923        3.0297062117273592        124.47004989754659     
           3   163.57203947947335        2.3164631295264142        165.88850260899977     
           4   74.546517794802753        1.1607472785240440        75.707265073326795     
           5   57.213321031921218       0.89793984124177528        58.111260873162990     
           6   31.912512385789892       0.55391668562367991        32.466429071413572     
           7   18.793974016922956       0.32949573122587628        19.123469748148832     
           8   14.551920239387751       0.23629612787972545        14.788216367267477     
           9   10.258316995761335       0.12374082741677486        10.382057823178110     
          10   7.4453097076403543        8.5965756781017061E-002   7.5312754644213715     
          11   4.5855945601777650        5.9801196454757642E-002   4.6453957566325226     
          12   3.1014361463050242        4.4369697161218843E-002   3.1458058434662428     
          13   2.6570281489776177        3.0329514079527435E-002   2.6873576630571452     
          14   1.3297831060258911        1.7612871679348413E-002   1.3473959777052396     
          15   1.8432709333053527        4.9787053650191520E-003   1.8482496386703720     
          16  0.24138551858836219        2.0251533978881193E-002  0.26163705256724340     
          17  0.77567300276357365        4.1892451210922095E-003  0.77986224788466585     
          18  0.63933041038219196        0.0000000000000000       0.63933041038219196     
          19  0.10548824952407426        0.0000000000000000       0.10548824952407426     
          20   2.8872532754578187E-002   3.7837821914153986E-003   3.2656314945993588E-002
