   1.0000000000000000        0.0000000000000000       0.46600291028248553       0.72780229808163477            10000
 i   solar flux    satshine flux      total flux
 -----------------------------------------------
           1   1292.6440472762110        11.774402684999030        1304.4184499612102     
           2   115.37530732221471        2.7824296770551369        118.15773699926984     
           3   162.34291608789835        2.2839724316455117        164.62688851954385     
           4   72.916476704850481        1.2202329427313234        74.136709647581810     
           5   54.023151820588446       0.84244456623879271        54.865596386827235     
           6   27.670473866010280       0.53246803576194657        28.202941901772228     
           7   20.538540511234743       0.35431286620888280        20.892853377443625     
           8   10.753765604156232       0.21385316311716820        10.967618767273400     
           9   10.368173215873325       0.15846899187720848        10.526642207750534     
          10   6.7463792185223852       0.12177250853638644        6.8681517270587715     
          11   4.7182257095361084        8.7296706258919568E-002   4.8055224157950276     
          12   2.5606080545551011        2.6271467797141720E-002   2.5868795223522429     
          13   2.0737778377365896        1.4430665474511647E-002   2.0882085032111011     
          14  0.57205398339149061        1.8991289208655667E-002  0.59104527260014628     
          15  0.67374676270008915        5.5433930809276732E-003  0.67929015578101681     
          16  0.25176529539330234        4.3729763658204562E-003  0.25613827175912279     
          17  0.44784118689656272        1.1269947869736612E-002  0.45911113476629933     
          18   9.8800324597995509E-002   5.1795046419063932E-003  0.10397982923990190     
          19  0.30514565980751102        1.4739452006672304E-003  0.30661960500817825     
          20   0.0000000000000000        0.0000000000000000        0.0000000000000000     
