   1.0000000000000000        0.0000000000000000       0.46600291028248553       0.72780229808163477            10000
 i   solar flux    satshine flux      total flux
 -----------------------------------------------
           1   1325.6601694292513        12.102057096156415        1337.7622265254076     
           2   120.09066713819175        2.8670789913224275        122.95774612951418     
           3   179.39495238890140        2.2999422621614882        181.69489465106290     
           4   69.636323267639753        1.1900441865572997        70.826367454197054     
           5   57.575148369572553       0.85195333331997258        58.427101702892529     
           6   31.203320268817841       0.51007152850162352        31.713391797319463     
           7   22.168565405730348       0.37353516807880255        22.542100573809151     
           8   16.540301338335290       0.23890270454610732        16.779204042881396     
           9   11.567800942419783       0.14799261427917285        11.715793556698957     
          10   6.6473277866612621       0.11642198028409521        6.7637497669453577     
          11   4.8547951816186821        6.3048014280151929E-002   4.9178431958988336     
          12   3.4089710730568150        3.5723912309006345E-002   3.4446949853658215     
          13   1.9692790432257483        1.8324922227435432E-002   1.9876039654531839     
          14   1.5446818461984144        2.2586015896744395E-002   1.5672678620951588     
          15   1.3206311230499201        1.0219319147756657E-002   1.3308504421976768     
          16  0.48261340056249857        1.4918245898864450E-002  0.49753164646136300     
          17  0.45365907700153962        6.4672509614362907E-003  0.46012632796297592     
          18  0.22905553918007429        1.0843799492060329E-002  0.23989933867213462     
          19   0.0000000000000000        0.0000000000000000        0.0000000000000000     
          20  0.14891360844317286        1.4394305384439818E-002  0.16330791382761267     
