   1.0000000000000000        0.0000000000000000       0.46600291028248553       0.72780229808163477            10000
 i   solar flux    satshine flux      total flux
 -----------------------------------------------
           1   1354.5725679621876        12.282544870800495        1366.8551128329880     
           2   126.27221496062027        2.8857636593134748        129.15797861993374     
           3   181.24212128109193        2.4259731514358402        183.66809443252777     
           4   80.244230292967899        1.2483189596815956        81.492549252649496     
           5   59.335103627511756       0.84694268471158562        60.182046312223342     
           6   31.060495181618489       0.58667602547554221        31.647171207094029     
           7   23.418815812811040       0.35128232878962573        23.770098141600666     
           8   14.549547014157445       0.28880653257584465        14.838353546733289     
           9   12.020442953346551       0.17357984550970471        12.194022798856256     
          10   7.5361690542645032       0.12376693756248340        7.6599359918269867     
          11   5.6567749648469698        7.7672418125529732E-002   5.7344473829724993     
          12   2.9996110521455384        3.2434639214156527E-002   3.0320456913596949     
          13   1.4954873527627006        3.8311447796747819E-002   1.5337988005594485     
          14   2.9352735981981382        2.4378658470015538E-002   2.9596522566681536     
          15   1.2794973934250551        1.2870395419578653E-002   1.2923677888446337     
          16  0.36721186039151221        1.5288239457061027E-002  0.38250009984857325     
          17  0.30528844704493002        5.3425812316954457E-003  0.31063102827662548     
          18  0.59023034865723412        1.2243357752124980E-002  0.60247370640935904     
          19  0.33294099365580038        0.0000000000000000       0.33294099365580038     
          20   8.4958196166119840E-002   8.1946607404560223E-003   9.3152856906575862E-002
