   1.0000000000000000        0.0000000000000000       0.46600291028248553       0.72780229808163477            10000
 i   solar flux    satshine flux      total flux
 -----------------------------------------------
           1   1276.1730612426757        11.757283480033211        1287.9303447227089     
           2   121.88131706677848        2.8568812205450285        124.73819828732351     
           3   173.11729095052635        2.5019759259118834        175.61926687643825     
           4   69.569922314145373        1.3339447276857703        70.903867041831148     
           5   57.634943721692586       0.85679944156659826        58.491743163259187     
           6   31.355297713426008       0.49524740365623449        31.850545117082241     
           7   25.246685886919586       0.36645008540234486        25.613135972321931     
           8   15.086113509437389       0.22102166610910062        15.307135175546490     
           9   12.023256545461127       0.18582247611625399        12.209079021577381     
          10   5.6810046526852434        9.9807159056525693E-002   5.7808118117417688     
          11   3.0536149366751970        5.0262871263702977E-002   3.1038778079389000     
          12   3.3547249546414188        3.7459736271419214E-002   3.3921846909128379     
          13   1.6669652933195223        1.8167758827337895E-002   1.6851330521468602     
          14  0.21138618336048998        1.5610098192651018E-002  0.22699628155314100     
          15  0.82048057413856856        4.7724882573214255E-003  0.82525306239589002     
          16  0.40949144004924332        2.5245943228839186E-003  0.41201603437212725     
          17  0.31646026332521321        0.0000000000000000       0.31646026332521321     
          18   2.3169763731449876E-002   4.8430417708916632E-003   2.8012805502341538E-002
          19  0.29520435029477810        4.1581110505936447E-003  0.29936246134537176     
          20   0.0000000000000000        0.0000000000000000        0.0000000000000000     
