   1.0000000000000000        0.0000000000000000       0.46600291028248553       0.72780229808163477            10000
 i   solar flux    satshine flux      total flux
 -----------------------------------------------
           1   1330.0346390136233        11.988947889598897        1342.0235869032222     
           2   132.04381118907074        2.8968751586054018        134.94068634767615     
           3   186.16058281948139        2.4081393780531974        188.56872219753458     
           4   77.653467494195041        1.1522704137931004        78.805737907988146     
           5   64.640594901469157       0.92657343075541554        65.567168332224568     
           6   32.404300382955583       0.47973834045058367        32.884038723406164     
           7   25.876002126995154       0.38540584898577690        26.261407975980930     
           8   15.924625313272619       0.19187305427280776        16.116498367545425     
           9   11.684075917391343       0.15506016098722283        11.839136078378566     
          10   6.6942253222932866        8.7496293253231563E-002   6.7817216155465179     
          11   4.8682841485060431        4.2444088390273957E-002   4.9107282368963174     
          12   2.9226270731615633        2.9855598443770691E-002   2.9524826716053338     
          13   3.0414921486118960        2.4264408205314392E-002   3.0657565568172105     
          14   1.5329527623208836        1.9790175864618655E-002   1.5527429381855022     
          15   1.1910484215403769        1.7759699333226457E-002   1.2088081208736035     
          16   1.3857633368070224        1.9841357453021097E-002   1.4056046942600435     
          17  0.52237498297465124        1.1377669696846043E-002  0.53375265267149730     
          18  0.11493804425774724        1.2533708070259603E-002  0.12747175232800684     
          19  0.71057506889978295        6.9477099479963811E-004  0.71126983989458259     
          20  0.48075547940355401        8.8191945308277334E-004  0.48163739885663676     
