   1.0000000000000000        0.0000000000000000       0.46600291028248553       0.72780229808163477            10000
 i   solar flux    satshine flux      total flux
 -----------------------------------------------
           1   1296.3598663958605        11.919925748674977        1308.2797921445356     
           2   119.08633504279061        2.9242178857124506        122.01055292850306     
           3   182.35959167366963        2.3676765229357355        184.72726819660537     
           4   76.224825549968273        1.2487851156990721        77.473610665667351     
           5   57.376726909428591       0.84225150904982804        58.218978418478422     
           6   35.364334500178302       0.51381147596858134        35.878145976146882     
           7   23.811929368192246       0.38082660535931873        24.192755973551563     
           8   14.273260128274419       0.20474692377528328        14.478007052049703     
           9   10.923425278566402       0.14780438336732415        11.071229661933726     
          10   5.3731341194827715        9.6943567150089449E-002   5.4700776866328606     
          11   4.4781909329207448        5.3669021882960841E-002   4.5318599548037053     
          12   2.9039837076593606        6.2109124139726690E-002   2.9660928317990871     
          13   1.7179345091306939        1.7056673263649631E-002   1.7349911823943436     
          14   1.2867532007374403        1.1332499551969671E-002   1.2980857002894099     
          15  0.65454164805428794        1.3212916435974302E-002  0.66775456449026227     
          16  0.95211348270223306        1.4384520752022706E-002  0.96649800345425574     
          17  0.68748505627377510        5.8828263322987144E-003  0.69336788260607385     
          18  0.25588846979643709        3.8607964219576438E-003  0.25974926621839473     
          19  0.30723870864936148        0.0000000000000000       0.30723870864936148     
          20   6.0242339505186468E-002   4.3276787541026377E-003   6.4570018259289111E-002
