   1.0000000000000000        0.0000000000000000       0.46600291028248553       0.72780229808163477            10000
 i   solar flux    satshine flux      total flux
 -----------------------------------------------
           1   1263.6973394137888        12.000539865878082        1275.6978792796669     
           2   120.43828929022443        2.8416111543946188        123.27990044461905     
           3   170.07612974878262        2.2741831633882947        172.35031291217092     
           4   73.137599099708041        1.1982615986692049        74.335860698377246     
           5   52.453648986127568       0.92894753425042198        53.382596520377987     
           6   37.065801379761965       0.59555339473364488        37.661354774495607     
           7   28.005657145186870       0.39353885290320817        28.399195998090079     
           8   16.141417133644129       0.22018104131985561        16.361598174963984     
           9   9.7414049784775205       0.20283039763079103        9.9442353761083115     
          10   7.4717711090925709       0.11121886561732487        7.5829899747098954     
          11   4.6280997653441682        7.9118817132725464E-002   4.7072185824768935     
          12   1.8508819894862998        3.4097839289078953E-002   1.8849798287753787     
          13   2.4288694186151369        5.1108859672455868E-002   2.4799782782875930     
          14  0.94076015204397656        2.3922178119630766E-002  0.96468233016360738     
          15  0.98069675996364358        1.1834751541555754E-002  0.99253151150519936     
          16   0.0000000000000000        1.1704151271422703E-002   1.1704151271422703E-002
          17  0.29582257607126911        1.2933517977448090E-002  0.30875609404871718     
          18  0.18787665636997156        1.7751728284859129E-003  0.18965182919845747     
          19  0.21962262181007580        6.6425680045667285E-004  0.22028687861053248     
          20   4.2165326349937381E-002   3.0476791175247635E-003   4.5213005467462146E-002
