   1.0000000000000000        0.0000000000000000       0.46600291028248553       0.72780229808163477            10000
 i   solar flux    satshine flux      total flux
 -----------------------------------------------
           1   1295.8373080545684        12.170078395585151        1308.0073864501535     
           2   122.32128313743297        3.1313875080070996        125.45267064544007     
           3   170.30649058218663        2.3625286565850097        172.66901923877163     
           4   66.731183947886862        1.2904568233286184        68.021640771215488     
           5   58.443739123581565       0.83588182779545239        59.279620951377019     
           6   33.907108103865617       0.61921660397121847        34.526324707836835     
           7   20.923094552942263       0.35692692537486070        21.280021478317124     
           8   15.947836631157370       0.25278711519234109        16.200623746349713     
           9   9.7227257802188376       0.20889746168262832        9.9316232419014661     
          10   6.1598032236310107       0.14458941917081572        6.3043926428018269     
          11   6.5545721996113118        7.0849176363762978E-002   6.6254213759750744     
          12   3.9846865215445963        4.9773702880948748E-002   4.0344602244255450     
          13   2.6788120706908205        2.6028771109244633E-002   2.7048408418000651     
          14   1.9213608579979129        2.2887681643794965E-002   1.9442485396417080     
          15  0.96132207624079891        8.6228890184573762E-003  0.96994496525925633     
          16  0.70726637816897964        5.3962789068624627E-003  0.71266265707584209     
          17  0.68868814646399468        1.6228952708582548E-002  0.70491709917257728     
          18  0.37281103416985006        8.9165344948229554E-003  0.38172756866467300     
          19  0.17987533331037064        2.5740216702461465E-003  0.18244935498061679     
          20  0.25696275363054133        0.0000000000000000       0.25696275363054133     
