   1.0000000000000000        0.0000000000000000       0.46600291028248553       0.72780229808163477            10000
 i   solar flux    satshine flux      total flux
 -----------------------------------------------
           1   1298.0427337941567        12.296135087501122        1310.3388688816578     
           2   124.52294968555083        2.9562779183268906        127.47922760387772     
           3   174.35332111797598        2.4650727957610301        176.81839391373700     
           4   78.226598725205363        1.2447566002983586        79.471355325503723     
           5   55.050136353447826       0.96482207764133587        56.014958431089163     
           6   30.388262097297815       0.50775958027058721        30.896021677568402     
           7   21.173943166856546       0.36637345478038480        21.540316621636929     
           8   12.467430870821776       0.23271438339079928        12.700145254212575     
           9   9.6134242632828233       0.12371205704834190        9.7371363203311656     
          10   7.9115880360503654       0.10683829536087369        8.0184263314112396     
          11   4.8869867975589498        8.1094981470417188E-002   4.9680817790293670     
          12   2.9643456244749964        6.0282668278746725E-002   3.0246282927537429     
          13  0.81220487924292706        3.9257360686296018E-002  0.85146223992922310     
          14  0.63718895151219335        2.6106557746854366E-002  0.66329550925904768     
          15  0.64979786595578382        8.4932093107033275E-003  0.65829107526648711     
          16  0.81731383304524674        5.6419085850835287E-003  0.82295574163033025     
          17  0.64224513769706471        4.2934853301017926E-004  0.64267448623007484     
          18  0.14655766262669132        7.5454500782900337E-003  0.15410311270498134     
          19   0.0000000000000000        0.0000000000000000        0.0000000000000000     
          20  0.16510576822730461        9.9559717680787838E-003  0.17506173999538338     
