   1.0000000000000000        0.0000000000000000       0.46600291028248553       0.72780229808163477            10000
 i   solar flux    satshine flux      total flux
 -----------------------------------------------
           1   1326.7226455358443        11.824812895613878        1338.5474584314582     
           2   112.91130299997026        3.0869218730936687        115.99822487306393     
           3   183.55423825470484        2.2982980136210358        185.85253626832588     
           4   68.784494397523332        1.3046605370173283        70.089154934540659     
           5   47.236939123547614       0.82170600300360097        48.058645126551212     
           6   29.166129729020870       0.59548833373221899        29.761618062753090     
           7   22.272360308184901       0.32204508100295637        22.594405389187855     
           8   13.727679286562193       0.24508511902918673        13.972764405591379     
           9   11.666870214088448       0.15226744014315699        11.819137654231605     
          10   7.9060393399767328       0.12438949680099860        8.0304288367777321     
          11   5.1907392760864823        8.0959337333679451E-002   5.2716986134201615     
          12   2.0593997409210201        7.4513749184114783E-002   2.1339134901051349     
          13   1.9562138259282094        3.5852907124065497E-002   1.9920667330522748     
          14   1.6883338303560218        2.6005041308237345E-002   1.7143388716642591     
          15  0.73102917995445960        1.2747880414800461E-002  0.74377706036926006     
          16  0.47847226690071770        6.2380125176510117E-003  0.48471027941836869     
          17  0.26182356245970234        6.5561290080873771E-003  0.26837969146778973     
          18  0.59752124217863678        1.1486767149750280E-002  0.60900800932838706     
          19   0.0000000000000000        0.0000000000000000        0.0000000000000000     
          20   0.0000000000000000        0.0000000000000000        0.0000000000000000     
