   0.0000000000000000        0.0000000000000000       0.46600291028248553       0.72780229808163477            10000
 i   solar flux    satshine flux      total flux
 -----------------------------------------------
           1   1949.3680222696651        12.308130527785918        1961.6761527974509     
           2   314.13415177884792        4.9189609023698706        319.05311268121778     
           3   163.32757695576822        2.3757561806109533        165.70333313637917     
           4   83.842255797284878        1.4090877073198589        85.251343504604733     
           5   49.389191699321046       0.87491732347113105        50.264109022792177     
           6   32.366534459141540       0.53277302100179991        32.899307480143342     
           7   16.040163787218297       0.31471432610924244        16.354878113327540     
           8   11.279474622988610       0.17662997508579786        11.456104598074408     
           9   7.7453966861685872       0.10915533489798890        7.8545520210665760     
          10   4.5198007489654888        9.7218513707436047E-002   4.6170192626729252     
          11   2.1581496007281356        3.0275901451235591E-002   2.1884255021793710     
          12   1.2431153788839664        1.5419068811074405E-002   1.2585344476950409     
          13  0.78804037287113071        8.9237328601376870E-003  0.79696410573126841     
          14  0.96258296635981089        9.9948821203547106E-003  0.97257784848016560     
          15   9.7276610658230234E-002   2.7453517113967280E-003  0.10002196236962696     
          16  0.55255133635899778        5.9873692370364818E-004  0.55315007328270138     
          17  0.45805768965237553        7.5178508865984524E-004  0.45880947474103539     
          18  0.10866072393677184        2.4630781524509434E-003  0.11112380208922279     
          19   2.8048823076784281E-002   0.0000000000000000        2.8048823076784281E-002
          20  0.24817242460266220        0.0000000000000000       0.24817242460266220     
