   1.0000000000000000        0.0000000000000000       0.46600291028248553       0.72780229808163477            10000
 i   solar flux    satshine flux      total flux
 -----------------------------------------------
           1   1263.1552315224981        12.201796248056066        1275.3570277705542     
           2   120.98753607332812        2.9793207072170249        123.96685678054514     
           3   181.35278562761584        2.3674125181760659        183.72019814579190     
           4   74.291918874355162        1.2283878841371350        75.520306758492296     
           5   57.139340555494066       0.90253504461887946        58.041875600112945     
           6   38.718970907494629       0.59955058800070704        39.318521495495339     
           7   26.910326919507845       0.30743848078124492        27.217765400289089     
           8   14.360859274140143       0.22743668565854464        14.588295959798687     
           9   8.8109519829137497       0.15153637421716584        8.9624883571309155     
          10   6.9160813805765118       0.12477062962910809        7.0408520102056196     
          11   5.6975059724307471        7.7035909334881858E-002   5.7745418817656287     
          12   3.6930784894253907        5.4685361451516930E-002   3.7477638508769076     
          13   2.7202634605132356        4.1489207255367373E-002   2.7617526677686031     
          14   1.1689765134158261        2.9468701258126579E-002   1.1984452146739526     
          15   1.6659807383063776        7.1959769389455244E-003   1.6731767152453232     
          16  0.33848384182601815        4.2238509205083947E-003  0.34270769274652657     
          17  0.41097658334642706        5.6690365647152499E-003  0.41664561991114230     
          18  0.51806051111259988        3.9396605977133565E-003  0.52200017171031321     
          19  0.74346995438749619        5.2757703226566487E-003  0.74874572471015288     
          20   0.0000000000000000        5.1014229683696202E-003   5.1014229683696202E-003
