 Curly R     I/F(total)  I/F(solar)   I/F(saturn)
 ---------------------------------------------------
  0.010    2.7089E-03    2.6829E-03    2.5955E-05
  0.020    5.4233E-03    5.3713E-03    5.2040E-05
  0.030    8.1434E-03    8.0652E-03    7.8257E-05
  0.040    1.0870E-02    1.0765E-02    1.0461E-04
  0.050    1.3602E-02    1.3471E-02    1.3110E-04
  0.060    1.6341E-02    1.6183E-02    1.5774E-04
  0.070    1.9086E-02    1.8902E-02    1.8452E-04
  0.080    2.1839E-02    2.1627E-02    2.1145E-04
  0.090    2.4599E-02    2.4360E-02    2.3853E-04
  0.100    2.7366E-02    2.7100E-02    2.6577E-04
  0.110    3.0141E-02    2.9848E-02    2.9317E-04
  0.120    3.2925E-02    3.2604E-02    3.2073E-04
  0.130    3.5716E-02    3.5368E-02    3.4846E-04
  0.140    3.8517E-02    3.8140E-02    3.7636E-04
  0.150    4.1326E-02    4.0922E-02    4.0444E-04
  0.160    4.4145E-02    4.3712E-02    4.3270E-04
  0.170    4.6973E-02    4.6512E-02    4.6114E-04
  0.180    4.9811E-02    4.9321E-02    4.8977E-04
  0.190    5.2660E-02    5.2141E-02    5.1860E-04
  0.200    5.5519E-02    5.4971E-02    5.4762E-04
  0.210    5.8389E-02    5.7812E-02    5.7685E-04
  0.220    6.1270E-02    6.0664E-02    6.0628E-04
  0.230    6.4163E-02    6.3527E-02    6.3593E-04
  0.240    6.7068E-02    6.6403E-02    6.6580E-04
  0.250    6.9986E-02    6.9290E-02    6.9589E-04
  0.260    7.2916E-02    7.2190E-02    7.2621E-04
  0.270    7.5860E-02    7.5103E-02    7.5676E-04
  0.280    7.8817E-02    7.8030E-02    7.8756E-04
  0.290    8.1788E-02    8.0970E-02    8.1860E-04
  0.300    8.4774E-02    8.3924E-02    8.4989E-04
  0.310    8.7775E-02    8.6893E-02    8.8145E-04
  0.320    9.0791E-02    8.9878E-02    9.1327E-04
  0.330    9.3823E-02    9.2878E-02    9.4536E-04
  0.340    9.6872E-02    9.5894E-02    9.7773E-04
  0.350    9.9937E-02    9.8927E-02    1.0104E-03
  0.360    1.0302E-01    1.0198E-01    1.0433E-03
  0.370    1.0612E-01    1.0504E-01    1.0766E-03
  0.380    1.0924E-01    1.0813E-01    1.1102E-03
  0.390    1.1238E-01    1.1123E-01    1.1441E-03
  0.400    1.1554E-01    1.1436E-01    1.1783E-03
  0.410    1.1871E-01    1.1750E-01    1.2128E-03
  0.420    1.2191E-01    1.2067E-01    1.2477E-03
  0.430    1.2513E-01    1.2385E-01    1.2830E-03
  0.440    1.2838E-01    1.2706E-01    1.3186E-03
  0.450    1.3164E-01    1.3029E-01    1.3546E-03
  0.460    1.3493E-01    1.3354E-01    1.3909E-03
  0.470    1.3825E-01    1.3682E-01    1.4277E-03
  0.480    1.4158E-01    1.4012E-01    1.4649E-03
  0.490    1.4495E-01    1.4345E-01    1.5025E-03
  0.500    1.4834E-01    1.4680E-01    1.5405E-03
  0.510    1.5176E-01    1.5018E-01    1.5789E-03
  0.520    1.5521E-01    1.5359E-01    1.6179E-03
  0.530    1.5869E-01    1.5703E-01    1.6573E-03
  0.540    1.6219E-01    1.6050E-01    1.6971E-03
  0.550    1.6573E-01    1.6399E-01    1.7375E-03
  0.560    1.6930E-01    1.6753E-01    1.7784E-03
  0.570    1.7291E-01    1.7109E-01    1.8198E-03
  0.580    1.7655E-01    1.7469E-01    1.8618E-03
  0.590    1.8022E-01    1.7832E-01    1.9043E-03
  0.600    1.8394E-01    1.8199E-01    1.9474E-03
  0.610    1.8769E-01    1.8570E-01    1.9911E-03
  0.620    1.9148E-01    1.8944E-01    2.0355E-03
  0.630    1.9531E-01    1.9323E-01    2.0804E-03
  0.640    1.9919E-01    1.9706E-01    2.1261E-03
  0.650    2.0310E-01    2.0093E-01    2.1724E-03
  0.660    2.0707E-01    2.0485E-01    2.2194E-03
  0.670    2.1108E-01    2.0881E-01    2.2671E-03
  0.680    2.1514E-01    2.1282E-01    2.3157E-03
  0.690    2.1925E-01    2.1689E-01    2.3649E-03
  0.700    2.2341E-01    2.2100E-01    2.4150E-03
  0.710    2.2763E-01    2.2517E-01    2.4660E-03
  0.720    2.3191E-01    2.2939E-01    2.5178E-03
  0.730    2.3624E-01    2.3367E-01    2.5705E-03
  0.740    2.4064E-01    2.3801E-01    2.6242E-03
  0.750    2.4510E-01    2.4242E-01    2.6788E-03
  0.760    2.4962E-01    2.4689E-01    2.7345E-03
  0.770    2.5422E-01    2.5143E-01    2.7912E-03
  0.780    2.5889E-01    2.5604E-01    2.8490E-03
  0.790    2.6363E-01    2.6072E-01    2.9079E-03
  0.800    2.6845E-01    2.6548E-01    2.9680E-03
  0.810    2.7335E-01    2.7032E-01    3.0294E-03
  0.820    2.7834E-01    2.7525E-01    3.0920E-03
  0.830    2.8342E-01    2.8026E-01    3.1560E-03
  0.840    2.8859E-01    2.8536E-01    3.2214E-03
  0.850    2.9385E-01    2.9056E-01    3.2883E-03
  0.860    2.9922E-01    2.9586E-01    3.3567E-03
  0.870    3.0470E-01    3.0127E-01    3.4267E-03
  0.880    3.1028E-01    3.0679E-01    3.4984E-03
  0.890    3.1599E-01    3.1242E-01    3.5718E-03
  0.900    3.2182E-01    3.1817E-01    3.6471E-03
  0.910    3.2777E-01    3.2405E-01    3.7243E-03
  0.920    3.3387E-01    3.3006E-01    3.8035E-03
  0.930    3.4010E-01    3.3622E-01    3.8849E-03
  0.940    3.4649E-01    3.4252E-01    3.9685E-03
  0.950    3.5304E-01    3.4899E-01    4.0545E-03
  0.960    3.5976E-01    3.5561E-01    4.1430E-03
  0.970    3.6665E-01    3.6242E-01    4.2342E-03
  0.980    3.7373E-01    3.6941E-01    4.3281E-03
  0.990    3.8102E-01    3.7659E-01    4.4249E-03
  1.000    3.8851E-01    3.8399E-01    4.5249E-03
