   1.0000000000000000        0.0000000000000000       0.46600291028248553       0.72780229808163477            10000
 i   solar flux    satshine flux      total flux
 -----------------------------------------------
           1   1272.9865939297385        12.114628521145944        1285.1012224508845     
           2   113.92939137493053        2.9560390324891057        116.88543040741963     
           3   177.61510376672254        2.3032888621442567        179.91839262886680     
           4   70.570686688021510        1.3678786479362401        71.938565335957747     
           5   58.888048289009340       0.81877372335800491        59.706822012367347     
           6   31.180906913548213       0.61744581050877523        31.798352724056990     
           7   20.418454820256621       0.36427998713514070        20.782734807391762     
           8   11.355195612586687       0.27625566385010059        11.631451276436788     
           9   9.5630641633390887       0.16703310827870477        9.7300972716177938     
          10   6.8373460161148838       0.10684051801084095        6.9441865341257252     
          11   2.5027221687550658        6.1169641522014442E-002   2.5638918102770805     
          12   1.7534324647436610        4.5575559164885759E-002   1.7990080239085469     
          13  0.80198266882879865        4.0168817269715572E-002  0.84215148609851420     
          14  0.86338071709382669        9.2945015079532057E-003  0.87267521860177988     
          15  0.50232937184249082        1.2255263216640524E-002  0.51458463505913132     
          16  0.15579251258004195        1.4725328293032589E-002  0.17051784087307453     
          17  0.46753383863650216        4.1715335240906232E-003  0.47170537216059277     
          18   0.0000000000000000        6.1225868747385587E-003   6.1225868747385587E-003
          19   3.3067213097371533E-002   0.0000000000000000        3.3067213097371533E-002
          20   0.0000000000000000        0.0000000000000000        0.0000000000000000     
