   1.0000000000000000        0.0000000000000000       0.46600291028248553       0.72780229808163477            10000
 i   solar flux    satshine flux      total flux
 -----------------------------------------------
           1   1302.6626561467606        11.890407125493597        1314.5530632722541     
           2   113.89564789284336        3.0054829146736992        116.90113080751706     
           3   181.81484091818368        2.3604948828187089        184.17533580100238     
           4   73.604122251906773        1.2005255423795613        74.804647794286339     
           5   56.209090673540075       0.99057178802492596        57.199662461564998     
           6   32.736201201403546       0.55550596237532945        33.291707163778874     
           7   24.992393622116566       0.37424834941457563        25.366641971531141     
           8   16.093827552803731       0.18907011537743176        16.282897668181164     
           9   10.715741520792811       0.10542845267816563        10.821169973470976     
          10   5.4764894303497309        9.6894505692921989E-002   5.5733839360426529     
          11   4.7157438216211727        3.7582785168965731E-002   4.7533266067901385     
          12   2.3643340553110805        3.6006211626602738E-002   2.4003402669376834     
          13   2.0594035651509470        4.5533247809625109E-002   2.1049368129605721     
          14  0.57017473629125126        1.8732831489415194E-002  0.58890756778066644     
          15  0.81802934834550767        1.5435137616606826E-002  0.83346448596211453     
          16  0.74232044311054157        1.4795292999822580E-003  0.74379997241052387     
          17   9.2114027824601721E-002   4.8653528055790964E-003   9.6979380630180814E-002
          18  0.23382886007862905        4.2160445381319023E-003  0.23804490461676095     
          19  0.35704400673169379        1.0971385508048057E-002  0.36801539223974183     
          20   0.0000000000000000        3.3206809952994226E-003   3.3206809952994226E-003
