   1.0000000000000000        0.0000000000000000       0.46600291028248553       0.72780229808163477            10000
 i   solar flux    satshine flux      total flux
 -----------------------------------------------
           1   1307.7164935907783        11.921503013598658        1319.6379966043769     
           2   121.09309983224534        2.9957198483598573        124.08881968060520     
           3   181.47343449130085        2.4093660446904899        183.88280053599135     
           4   69.086842765168683        1.2289981185081891        70.315840883676870     
           5   64.441479697730074       0.93357790478621772        65.375057602516293     
           6   31.498604724688246       0.47628420423673862        31.974888928924983     
           7   20.655044822932378       0.32082582145817667        20.975870644390554     
           8   14.556059593404289       0.21220317766517918        14.768262771069468     
           9   11.121208913988150       0.14716324846883855        11.268372162456989     
          10   5.9499157914739449        8.1986011575027357E-002   6.0319018030489726     
          11   5.2875762376270146        4.3985040654628584E-002   5.3315612782816428     
          12   1.8432364221961648        4.5817091233073745E-002   1.8890535134292386     
          13   1.2704724013050075        1.8695621606976225E-002   1.2891680229119837     
          14  0.90465961369603431        2.8199809553404991E-002  0.93285942324943927     
          15   1.2625610442388302        5.3083740568163340E-003   1.2678694182956465     
          16  0.58463304957920426        1.5631943874205807E-002  0.60026499345341011     
          17  0.89029016675088424        1.8249499319911266E-003  0.89211511668287535     
          18  0.29506572222185568        6.0505801598439886E-003  0.30111630238169967     
          19   2.0462232329658159E-002   0.0000000000000000        2.0462232329658159E-002
          20  0.14922764523201806        1.5163646185584881E-003  0.15074400985057654     
