   1.0000000000000000        0.0000000000000000       0.46600291028248553       0.72780229808163477            10000
 i   solar flux    satshine flux      total flux
 -----------------------------------------------
           1   1310.1504276051719        11.871195835434889        1322.0216234406068     
           2   118.55610987226690        2.9429534480338027        121.49906332030071     
           3   185.10945232681735        2.3997396347222519        187.50919196153961     
           4   75.105015846572044        1.1983703154442304        76.303386162016281     
           5   56.803186223377857       0.83337363966764055        57.636559863045498     
           6   37.106863196377702       0.47390645399114684        37.580769650368850     
           7   17.305974005689656       0.35809728940684055        17.664071295096495     
           8   13.717204942439393       0.20208350979447348        13.919288452233866     
           9   10.984753587555023       0.14025069461249509        11.125004282167518     
          10   8.6367909233018860        8.6015736511752705E-002   8.7228066598136387     
          11   4.0391765928163501        6.8013676671653575E-002   4.1071902694880036     
          12   2.9408019552818629        4.8615518303770366E-002   2.9894174735856334     
          13   1.7721035369443832        3.2291059385735427E-002   1.8043945963301187     
          14   1.5044865532427079        1.7444504531090269E-002   1.5219310577737981     
          15   1.0278353050204749        6.5002633452082197E-003   1.0343355683656832     
          16  0.49265786903113001        6.3392371778225242E-003  0.49899710620895255     
          17  0.20940763235871868        7.1039559031241522E-003  0.21651158826184283     
          18   0.0000000000000000        6.1928850681206814E-003   6.1928850681206814E-003
          19   0.0000000000000000        8.9386883545624989E-004   8.9386883545624989E-004
          20   0.0000000000000000        7.7191728159340372E-003   7.7191728159340372E-003
