   1.0000000000000000        0.0000000000000000       0.46600291028248553       0.72780229808163477            10000
 i   solar flux    satshine flux      total flux
 -----------------------------------------------
           1   1353.8831027542774        12.128517770172980        1366.0116205244503     
           2   120.95519611786010        3.0600107072709406        124.01520682513103     
           3   173.42943279144802        2.4690977767726174        175.89853056822065     
           4   65.169417410622344        1.2872572594787253        66.456674670101066     
           5   58.752565545062993       0.88179668891313545        59.634362233976127     
           6   33.749283734814973       0.43573911764983358        34.185022852464805     
           7   18.501176960490199       0.30373485234335157        18.804911812833549     
           8   16.592147017688241       0.23228306358827608        16.824430081276518     
           9   7.6510029031317615       0.20032900721272839        7.8513319103444896     
          10   4.6499000494936524        9.0716656929868758E-002   4.7406167064235216     
          11   3.2018936800722742        7.8672480875184095E-002   3.2805661609474583     
          12   3.1419686068578363        2.9790469172501718E-002   3.1717590760303378     
          13   1.8084037888792412        2.0472734192420201E-002   1.8288765230716615     
          14   1.6881934345764755        1.8666992592056026E-002   1.7068604271685315     
          15  0.98087199072497044        5.3589811195838485E-003  0.98623097184455433     
          16  0.44180895576818757        0.0000000000000000       0.44180895576818757     
          17  0.30752085171259474        7.5061725943869678E-003  0.31502702430698171     
          18  0.22181321039871099        1.4117549303116004E-003  0.22322496532902258     
          19  0.40929010631205942        0.0000000000000000       0.40929010631205942     
          20   1.8932921403579855E-002   0.0000000000000000        1.8932921403579855E-002
