   1.0000000000000000        0.0000000000000000       0.46600291028248553       0.72780229808163477            10000
 i   solar flux    satshine flux      total flux
 -----------------------------------------------
           1   1333.7148458899005        11.730992136229261        1345.4458380261299     
           2   120.41990043593297        3.0257420226970857        123.44564245863006     
           3   180.03331889463564        2.5342335537463958        182.56755244838203     
           4   68.789793230500962        1.2482504843272617        70.038043714828220     
           5   55.546658412691926       0.93423576766369665        56.480894180355619     
           6   32.438285262358917       0.57592330264775204        33.014208565006669     
           7   21.546371933064808       0.35388132937121675        21.900253262436024     
           8   11.128355833275778       0.23394443052858047        11.362300263804359     
           9   8.2632028306491350       0.23220076652531815        8.4954035971744535     
          10   5.4397938212081609       0.11979838571970625        5.5595922069278672     
          11   3.2448530914823404        7.2206316394807235E-002   3.3170594078771476     
          12   1.7914519994158296        6.2329757863471863E-002   1.8537817572793014     
          13   2.0188570558693040        2.6071321316906450E-002   2.0449283771862103     
          14   1.4111182229993935        2.4032657975817710E-002   1.4351508809752112     
          15   1.3579478115547468        2.5124383197643971E-002   1.3830721947523907     
          16   1.1374156758396181        6.6239806976648762E-003   1.1440396565372830     
          17  0.57354158825178170        3.6237686683265016E-003  0.57716535692010817     
          18  0.64078212417534208        5.8602904585493771E-003  0.64664241463389149     
          19  0.33195515188618285        0.0000000000000000       0.33195515188618285     
          20  0.15248292387260076        0.0000000000000000       0.15248292387260076     
