   1.0000000000000000        0.0000000000000000       0.46600291028248553       0.72780229808163477            10000
 i   solar flux    satshine flux      total flux
 -----------------------------------------------
           1   1310.9226226444691        12.161535348938516        1323.0841579934076     
           2   124.92145358482391        3.1163743614194317        128.03782794624334     
           3   191.34608948179081        2.4919701449979135        193.83805962678872     
           4   74.012164085213584        1.3642413849000192        75.376405470113610     
           5   57.840958741848482       0.97932382806377660        58.820282569912258     
           6   30.684268554840553       0.59274194779018508        31.277010502630738     
           7   19.329398831499326       0.42906906535337347        19.758467896852700     
           8   13.500291108088483       0.21023138638577465        13.710522494474258     
           9   9.2687552157746556       0.24870331536613138        9.5174585311407878     
          10   6.3535371016837789       0.14450045358372957        6.4980375552675085     
          11   3.4014417712620979        6.8021091680606924E-002   3.4694628629427049     
          12   2.1506520135566891        9.9115976771068592E-002   2.2497679903277579     
          13   1.8013990564918225        4.9849683483322769E-002   1.8512487399751454     
          14  0.90835319049318919        2.7457496689459692E-002  0.93581068718264893     
          15   1.0620594659442750        1.9046351707062197E-002   1.0811058176513373     
          16   1.0030177520038208        2.2836154929776864E-002   1.0258539069335977     
          17  0.47706271743519657        2.3653104543336630E-002  0.50071582197853315     
          18  0.41888322559953362        5.3104754145252859E-003  0.42419370101405890     
          19   1.9749155243742433E-002   1.1476571343132591E-002   3.1225726586875023E-002
          20   9.9835094287136564E-002   4.4021473845429395E-003  0.10423724167167950     
