   1.0000000000000000        0.0000000000000000       0.46600291028248553       0.72780229808163477            10000
 i   solar flux    satshine flux      total flux
 -----------------------------------------------
           1   1330.1301029259207        11.955552412161209        1342.0856553380820     
           2   128.27637079759796        2.9249390685564363        131.20130986615439     
           3   169.95929239520643        2.3853233016618312        172.34461569686826     
           4   70.331886486916005        1.2763398380327560        71.608226324948760     
           5   55.157624197457409       0.93720331980448612        56.094827517261898     
           6   35.544496180774217       0.58254948622950753        36.127045667003728     
           7   22.027896941206681       0.36781734989958409        22.395714291106266     
           8   15.746591491885619       0.23016694942920399        15.976758441314823     
           9   8.9155106021728194       0.19186056263387860        9.1073711648066986     
          10   7.7938938550736196       0.11968734529083686        7.9135812003644563     
          11   4.0088997968009448        7.3083522457048716E-002   4.0819833192579935     
          12   1.9705376246144417        4.9277669378799557E-002   2.0198152939932412     
          13   1.0831947324239970        3.2594200149102533E-002   1.1157889325730996     
          14   1.2424660187399983        1.4682632149488128E-002   1.2571486508894865     
          15   1.2310104955683925        1.3537246869661543E-002   1.2445477424380540     
          16  0.80700749983021269        7.7731219513704330E-003  0.81478062178158317     
          17   0.0000000000000000        1.9710785059443191E-002   1.9710785059443191E-002
          18  0.20623322220168799        2.3087373866292706E-003  0.20854195958831725     
          19   1.0291724790624941E-002   4.1583177208206696E-003   1.4450042511445611E-002
          20   8.6699082120526433E-003   3.4800942304182144E-003   1.2150002442470859E-002
