   1.0000000000000000        0.0000000000000000       0.46600291028248553       0.72780229808163477            10000
 i   solar flux    satshine flux      total flux
 -----------------------------------------------
           1   1329.0530898699317        11.814699489573732        1340.8677893595054     
           2   123.99955541821288        2.9678482785797202        126.96740369679260     
           3   174.45744039251807        2.4149483964755145        176.87238878899359     
           4   66.193179613976710        1.1583253724495124        67.351504986426221     
           5   48.148007225602214       0.85350126178243213        49.001508487384648     
           6   30.069540926132603       0.48183242528833353        30.551373351420938     
           7   19.557611791014143       0.32823826692024627        19.885850057934388     
           8   11.204908956090332       0.29725677764358166        11.502165733733914     
           9   9.8209553266957119       0.12681096645952417        9.9477662931552366     
          10   5.3203184886994404       0.10194470740566780        5.4222631961051082     
          11   2.3726985901067676        7.3309455088869421E-002   2.4460080451956370     
          12   2.9051011511799887        4.6626007079971069E-002   2.9517271582599598     
          13   4.1065957707747796        3.8624093035226632E-002   4.1452198638100066     
          14   1.1288017803324302        2.2894993747066796E-002   1.1516967740794970     
          15  0.95404318959978562        1.6840675813157419E-002  0.97088386541294303     
          16   1.3969676109326046        1.2444779257261963E-002   1.4094123901898665     
          17   1.0733761977041192        1.0747732604448171E-002   1.0841239303085675     
          18  0.20658584587529141        1.9923228186949308E-003  0.20857816869398635     
          19  0.41757210423825775        4.5100929332016143E-003  0.42208219717145934     
          20  0.19376324627087466        0.0000000000000000       0.19376324627087466     
