   1.0000000000000000        0.0000000000000000       0.46600291028248553       0.72780229808163477            10000
 i   solar flux    satshine flux      total flux
 -----------------------------------------------
           1   1273.4554509745083        11.692482908848662        1285.1479338833569     
           2   116.80730388543935        2.9861946409047939        119.79349852634415     
           3   179.72274028171825        2.4773154695317814        182.20005575125003     
           4   65.306710876142986        1.3233628968092319        66.630073772952215     
           5   54.990819809982952       0.88979430291293471        55.880614112895884     
           6   32.448646835735225       0.51033148074540990        32.958978316480632     
           7   18.835291236555474       0.39841131857880979        19.233702555134283     
           8   12.540798954126478       0.25085418111982549        12.791653135246303     
           9   10.104103516105789       0.17858296099600021        10.282686477101789     
          10   5.9047728988658559       0.11356924439444488        6.0183421432603010     
          11   3.8253048012826167        5.7190988207069360E-002   3.8824957894896861     
          12   1.9308402057581477        5.7447191558790710E-002   1.9882873973169384     
          13   2.3958500294281651        4.4854762386987400E-002   2.4407047918151523     
          14   2.5249373411090401        3.5098053443308325E-002   2.5600353945523486     
          15  0.43233169188472098        1.6405745178048721E-002  0.44873743706276970     
          16   1.9143890574073155        6.5777227336895547E-003   1.9209667801410051     
          17  0.80751050419640813        9.3236369280758676E-003  0.81683414112448405     
          18  0.18165792755159460        3.4784992893230936E-003  0.18513642684091769     
          19  0.38451198343469078        0.0000000000000000       0.38451198343469078     
          20  0.60344892834606578        0.0000000000000000       0.60344892834606578     
