 Curly R     I/F(total)  I/F(solar)   I/F(saturn)
 ---------------------------------------------------
  0.010    2.7296E-03    2.7047E-03    2.4875E-05
  0.020    5.4645E-03    5.4146E-03    4.9879E-05
  0.030    8.2049E-03    8.1299E-03    7.5017E-05
  0.040    1.0951E-02    1.0851E-02    1.0029E-04
  0.050    1.3703E-02    1.3578E-02    1.2571E-04
  0.060    1.6462E-02    1.6311E-02    1.5126E-04
  0.070    1.9227E-02    1.9050E-02    1.7697E-04
  0.080    2.1999E-02    2.1796E-02    2.0282E-04
  0.090    2.4778E-02    2.4549E-02    2.2883E-04
  0.100    2.7564E-02    2.7309E-02    2.5500E-04
  0.110    3.0358E-02    3.0077E-02    2.8133E-04
  0.120    3.3160E-02    3.2852E-02    3.0782E-04
  0.130    3.5970E-02    3.5636E-02    3.3449E-04
  0.140    3.8788E-02    3.8427E-02    3.6133E-04
  0.150    4.1616E-02    4.1227E-02    3.8835E-04
  0.160    4.4452E-02    4.4036E-02    4.1555E-04
  0.170    4.7297E-02    4.6854E-02    4.4294E-04
  0.180    5.0152E-02    4.9682E-02    4.7052E-04
  0.190    5.3018E-02    5.2519E-02    4.9830E-04
  0.200    5.5893E-02    5.5367E-02    5.2628E-04
  0.210    5.8779E-02    5.8225E-02    5.5447E-04
  0.220    6.1676E-02    6.1093E-02    5.8287E-04
  0.230    6.4585E-02    6.3973E-02    6.1149E-04
  0.240    6.7505E-02    6.6864E-02    6.4033E-04
  0.250    7.0437E-02    6.9767E-02    6.6940E-04
  0.260    7.3381E-02    7.2683E-02    6.9870E-04
  0.270    7.6339E-02    7.5610E-02    7.2825E-04
  0.280    7.9309E-02    7.8551E-02    7.5803E-04
  0.290    8.2293E-02    8.1505E-02    7.8808E-04
  0.300    8.5291E-02    8.4473E-02    8.1838E-04
  0.310    8.8304E-02    8.7455E-02    8.4895E-04
  0.320    9.1331E-02    9.0451E-02    8.7979E-04
  0.330    9.4374E-02    9.3463E-02    9.1090E-04
  0.340    9.7433E-02    9.6490E-02    9.4231E-04
  0.350    1.0051E-01    9.9533E-02    9.7401E-04
  0.360    1.0360E-01    1.0259E-01    1.0060E-03
  0.370    1.0671E-01    1.0567E-01    1.0383E-03
  0.380    1.0983E-01    1.0876E-01    1.0710E-03
  0.390    1.1298E-01    1.1188E-01    1.1039E-03
  0.400    1.1614E-01    1.1501E-01    1.1372E-03
  0.410    1.1933E-01    1.1816E-01    1.1708E-03
  0.420    1.2253E-01    1.2132E-01    1.2048E-03
  0.430    1.2575E-01    1.2451E-01    1.2392E-03
  0.440    1.2900E-01    1.2772E-01    1.2739E-03
  0.450    1.3226E-01    1.3096E-01    1.3090E-03
  0.460    1.3555E-01    1.3421E-01    1.3446E-03
  0.470    1.3887E-01    1.3749E-01    1.3805E-03
  0.480    1.4220E-01    1.4079E-01    1.4168E-03
  0.490    1.4556E-01    1.4411E-01    1.4536E-03
  0.500    1.4895E-01    1.4746E-01    1.4908E-03
  0.510    1.5236E-01    1.5083E-01    1.5284E-03
  0.520    1.5580E-01    1.5424E-01    1.5666E-03
  0.530    1.5927E-01    1.5766E-01    1.6052E-03
  0.540    1.6277E-01    1.6112E-01    1.6443E-03
  0.550    1.6629E-01    1.6461E-01    1.6839E-03
  0.560    1.6985E-01    1.6812E-01    1.7241E-03
  0.570    1.7343E-01    1.7167E-01    1.7648E-03
  0.580    1.7706E-01    1.7525E-01    1.8060E-03
  0.590    1.8071E-01    1.7886E-01    1.8479E-03
  0.600    1.8440E-01    1.8251E-01    1.8903E-03
  0.610    1.8812E-01    1.8619E-01    1.9334E-03
  0.620    1.9188E-01    1.8991E-01    1.9771E-03
  0.630    1.9568E-01    1.9366E-01    2.0214E-03
  0.640    1.9952E-01    1.9746E-01    2.0664E-03
  0.650    2.0340E-01    2.0129E-01    2.1122E-03
  0.660    2.0732E-01    2.0517E-01    2.1586E-03
  0.670    2.1129E-01    2.0908E-01    2.2058E-03
  0.680    2.1530E-01    2.1305E-01    2.2538E-03
  0.690    2.1936E-01    2.1706E-01    2.3026E-03
  0.700    2.2347E-01    2.2111E-01    2.3523E-03
  0.710    2.2762E-01    2.2522E-01    2.4028E-03
  0.720    2.3183E-01    2.2938E-01    2.4542E-03
  0.730    2.3610E-01    2.3359E-01    2.5065E-03
  0.740    2.4042E-01    2.3786E-01    2.5598E-03
  0.750    2.4480E-01    2.4218E-01    2.6141E-03
  0.760    2.4924E-01    2.4657E-01    2.6694E-03
  0.770    2.5374E-01    2.5101E-01    2.7259E-03
  0.780    2.5831E-01    2.5552E-01    2.7834E-03
  0.790    2.6294E-01    2.6010E-01    2.8421E-03
  0.800    2.6765E-01    2.6475E-01    2.9021E-03
  0.810    2.7243E-01    2.6947E-01    2.9633E-03
  0.820    2.7729E-01    2.7426E-01    3.0259E-03
  0.830    2.8223E-01    2.7914E-01    3.0898E-03
  0.840    2.8725E-01    2.8410E-01    3.1552E-03
  0.850    2.9236E-01    2.8914E-01    3.2221E-03
  0.860    2.9757E-01    2.9428E-01    3.2906E-03
  0.870    3.0287E-01    2.9951E-01    3.3608E-03
  0.880    3.0827E-01    3.0484E-01    3.4326E-03
  0.890    3.1378E-01    3.1027E-01    3.5063E-03
  0.900    3.1940E-01    3.1582E-01    3.5819E-03
  0.910    3.2514E-01    3.2148E-01    3.6595E-03
  0.920    3.3100E-01    3.2726E-01    3.7392E-03
  0.930    3.3699E-01    3.3317E-01    3.8211E-03
  0.940    3.4312E-01    3.3921E-01    3.9054E-03
  0.950    3.4939E-01    3.4540E-01    3.9920E-03
  0.960    3.5582E-01    3.5174E-01    4.0813E-03
  0.970    3.6241E-01    3.5824E-01    4.1732E-03
  0.980    3.6917E-01    3.6490E-01    4.2680E-03
  0.990    3.7612E-01    3.7175E-01    4.3659E-03
  1.000    3.8326E-01    3.7879E-01    4.4669E-03
