   1.0000000000000000        0.0000000000000000       0.46600291028248553       0.72780229808163477            10000
 i   solar flux    satshine flux      total flux
 -----------------------------------------------
           1   1317.5572132660759        12.207514089872873        1329.7647273559487     
           2   130.73861576942704        2.9194800500537026        133.65809581948074     
           3   181.75487012005360        2.7429112680528038        184.49778138810640     
           4   82.627035841300909        1.2924021689443554        83.919438010245258     
           5   60.872419008413992       0.86586548264577268        61.738284491059765     
           6   34.241941867111343       0.52761738794485669        34.769559255056201     
           7   22.917323320739158       0.39067572138700207        23.307999042126159     
           8   14.556239957534967       0.26040931994980304        14.816649277484769     
           9   9.0394612768655183       0.20530727821128902        9.2447685550768064     
          10   6.3036603938142832        9.7028127780269605E-002   6.4006885215945530     
          11   4.1391399927936048        5.4290833762244958E-002   4.1934308265558498     
          12   3.4584617917309908        3.9136216380301694E-002   3.4975980081112925     
          13   2.3297078907157638        3.4777496951941010E-002   2.3644853876677048     
          14   1.4603072827970731        1.5432024701364786E-002   1.4757393074984380     
          15   1.5700138974506257        2.3109566197211228E-003   1.5723248540703467     
          16   7.0462007687680031E-003   1.4907582995833692E-003   8.5369590683513717E-003
          17  0.51551128777465927        8.8340843678264853E-003  0.52434537214248578     
          18   5.2826090845291600E-002   8.2758630083347683E-003   6.1101953853626365E-002
          19  0.41539199079086719        4.5658975020213969E-003  0.41995788829288860     
          20   0.0000000000000000        4.9813714615451884E-003   4.9813714615451884E-003
