   1.0000000000000000        0.0000000000000000       0.46600291028248553       0.72780229808163477            10000
 i   solar flux    satshine flux      total flux
 -----------------------------------------------
           1   1315.5528196901405        12.475329616275483        1328.0281493064160     
           2   125.24610795205194        3.0649958698752910        128.31110382192725     
           3   179.46108470188062        2.3512165070464643        181.81230120892710     
           4   83.179372586416179        1.2495599611663115        84.428932547582491     
           5   56.631428945646796        1.0103843788277529        57.641813324474548     
           6   32.644009877654952       0.52075941948220994        33.164769297137163     
           7   21.371315980701123       0.37524806971845531        21.746564050419579     
           8   13.122804404242785       0.27025668877931402        13.393061093022100     
           9   9.5970338620995115       0.14160209293680290        9.7386359550363135     
          10   8.2785764393089103        9.1904427633307681E-002   8.3704808669422182     
          11   5.0496002753992810        7.1897307294199783E-002   5.1214975826934808     
          12   2.2668126804266802        6.1458497126965349E-002   2.3282711775536455     
          13   1.6447395761535093        2.3852018825225387E-002   1.6685915949787347     
          14  0.58698598334873697        1.8707297275172563E-002  0.60569328062390948     
          15  0.50428401372058862        2.4682789634388171E-002  0.52896680335497681     
          16  0.77627778562262972        3.9640884454973518E-003  0.78024187406812706     
          17  0.52423302850998121        1.0132269458007549E-003  0.52524625545578196     
          18  0.30332752478389563        1.8388592151562342E-003  0.30516638399905188     
          19  0.14030905464402163        3.1091802313876825E-003  0.14341823487540931     
          20  0.39396167276643279        0.0000000000000000       0.39396167276643279     
