 Curly R     I/F(total)  I/F(solar)   I/F(saturn)
 ---------------------------------------------------
  0.010    2.8208E-03    2.7942E-03    2.6537E-05
  0.020    5.6472E-03    5.5940E-03    5.3208E-05
  0.030    8.4795E-03    8.3995E-03    8.0015E-05
  0.040    1.1318E-02    1.1211E-02    1.0696E-04
  0.050    1.4163E-02    1.4029E-02    1.3405E-04
  0.060    1.7015E-02    1.6853E-02    1.6128E-04
  0.070    1.9873E-02    1.9684E-02    1.8867E-04
  0.080    2.2739E-02    2.2523E-02    2.1620E-04
  0.090    2.5612E-02    2.5368E-02    2.4390E-04
  0.100    2.8493E-02    2.8221E-02    2.7175E-04
  0.110    3.1382E-02    3.1082E-02    2.9977E-04
  0.120    3.4279E-02    3.3951E-02    3.2795E-04
  0.130    3.7184E-02    3.6828E-02    3.5631E-04
  0.140    4.0099E-02    3.9714E-02    3.8484E-04
  0.150    4.3023E-02    4.2609E-02    4.1355E-04
  0.160    4.5956E-02    4.5514E-02    4.4244E-04
  0.170    4.8899E-02    4.8428E-02    4.7152E-04
  0.180    5.1852E-02    5.1352E-02    5.0080E-04
  0.190    5.4816E-02    5.4286E-02    5.3027E-04
  0.200    5.7791E-02    5.7231E-02    5.5994E-04
  0.210    6.0776E-02    6.0187E-02    5.8983E-04
  0.220    6.3774E-02    6.3154E-02    6.1992E-04
  0.230    6.6783E-02    6.6133E-02    6.5023E-04
  0.240    6.9804E-02    6.9123E-02    6.8076E-04
  0.250    7.2838E-02    7.2127E-02    7.1152E-04
  0.260    7.5885E-02    7.5143E-02    7.4251E-04
  0.270    7.8946E-02    7.8172E-02    7.7374E-04
  0.280    8.2021E-02    8.1215E-02    8.0522E-04
  0.290    8.5109E-02    8.4272E-02    8.3695E-04
  0.300    8.8213E-02    8.7344E-02    8.6893E-04
  0.310    9.1332E-02    9.0431E-02    9.0118E-04
  0.320    9.4466E-02    9.3533E-02    9.3370E-04
  0.330    9.7617E-02    9.6651E-02    9.6650E-04
  0.340    1.0078E-01    9.9785E-02    9.9958E-04
  0.350    1.0397E-01    1.0294E-01    1.0330E-03
  0.360    1.0717E-01    1.0610E-01    1.0666E-03
  0.370    1.1039E-01    1.0929E-01    1.1006E-03
  0.380    1.1363E-01    1.1250E-01    1.1349E-03
  0.390    1.1689E-01    1.1572E-01    1.1695E-03
  0.400    1.2017E-01    1.1896E-01    1.2045E-03
  0.410    1.2347E-01    1.2223E-01    1.2398E-03
  0.420    1.2679E-01    1.2551E-01    1.2754E-03
  0.430    1.3013E-01    1.2882E-01    1.3114E-03
  0.440    1.3349E-01    1.3215E-01    1.3478E-03
  0.450    1.3688E-01    1.3550E-01    1.3846E-03
  0.460    1.4029E-01    1.3887E-01    1.4217E-03
  0.470    1.4373E-01    1.4227E-01    1.4593E-03
  0.480    1.4719E-01    1.4569E-01    1.4973E-03
  0.490    1.5068E-01    1.4914E-01    1.5356E-03
  0.500    1.5419E-01    1.5262E-01    1.5745E-03
  0.510    1.5774E-01    1.5612E-01    1.6138E-03
  0.520    1.6131E-01    1.5965E-01    1.6535E-03
  0.530    1.6491E-01    1.6322E-01    1.6938E-03
  0.540    1.6854E-01    1.6681E-01    1.7345E-03
  0.550    1.7220E-01    1.7043E-01    1.7757E-03
  0.560    1.7590E-01    1.7408E-01    1.8175E-03
  0.570    1.7963E-01    1.7777E-01    1.8598E-03
  0.580    1.8339E-01    1.8149E-01    1.9026E-03
  0.590    1.8719E-01    1.8525E-01    1.9461E-03
  0.600    1.9103E-01    1.8904E-01    1.9901E-03
  0.610    1.9490E-01    1.9287E-01    2.0348E-03
  0.620    1.9882E-01    1.9674E-01    2.0800E-03
  0.630    2.0277E-01    2.0065E-01    2.1260E-03
  0.640    2.0677E-01    2.0460E-01    2.1726E-03
  0.650    2.1081E-01    2.0859E-01    2.2199E-03
  0.660    2.1490E-01    2.1263E-01    2.2679E-03
  0.670    2.1903E-01    2.1672E-01    2.3167E-03
  0.680    2.2321E-01    2.2085E-01    2.3662E-03
  0.690    2.2745E-01    2.2503E-01    2.4166E-03
  0.700    2.3173E-01    2.2926E-01    2.4678E-03
  0.710    2.3607E-01    2.3355E-01    2.5198E-03
  0.720    2.4046E-01    2.3789E-01    2.5727E-03
  0.730    2.4491E-01    2.4229E-01    2.6266E-03
  0.740    2.4942E-01    2.4674E-01    2.6814E-03
  0.750    2.5400E-01    2.5126E-01    2.7372E-03
  0.760    2.5863E-01    2.5584E-01    2.7940E-03
  0.770    2.6334E-01    2.6049E-01    2.8520E-03
  0.780    2.6812E-01    2.6520E-01    2.9110E-03
  0.790    2.7296E-01    2.6999E-01    2.9712E-03
  0.800    2.7789E-01    2.7485E-01    3.0326E-03
  0.810    2.8289E-01    2.7979E-01    3.0953E-03
  0.820    2.8797E-01    2.8481E-01    3.1592E-03
  0.830    2.9314E-01    2.8992E-01    3.2246E-03
  0.840    2.9840E-01    2.9511E-01    3.2913E-03
  0.850    3.0375E-01    3.0039E-01    3.3596E-03
  0.860    3.0920E-01    3.0577E-01    3.4294E-03
  0.870    3.1475E-01    3.1125E-01    3.5008E-03
  0.880    3.2041E-01    3.1684E-01    3.5739E-03
  0.890    3.2618E-01    3.2253E-01    3.6488E-03
  0.900    3.3206E-01    3.2834E-01    3.7256E-03
  0.910    3.3807E-01    3.3426E-01    3.8043E-03
  0.920    3.4420E-01    3.4031E-01    3.8850E-03
  0.930    3.5047E-01    3.4650E-01    3.9679E-03
  0.940    3.5687E-01    3.5282E-01    4.0530E-03
  0.950    3.6343E-01    3.5929E-01    4.1404E-03
  0.960    3.7014E-01    3.6591E-01    4.2304E-03
  0.970    3.7702E-01    3.7269E-01    4.3230E-03
  0.980    3.8407E-01    3.7965E-01    4.4183E-03
  0.990    3.9130E-01    3.8678E-01    4.5165E-03
  1.000    3.9872E-01    3.9410E-01    4.6177E-03
