   1.0000000000000000        0.0000000000000000       0.46600291028248553       0.72780229808163477            10000
 i   solar flux    satshine flux      total flux
 -----------------------------------------------
           1   1364.3009820801039        12.364176523982270        1376.6651586040862     
           2   119.90264393860416        2.8754023102573285        122.77804624886149     
           3   174.74348054248782        2.3036982436775162        177.04717878616532     
           4   70.509483443182347        1.3059745411806769        71.815457984363022     
           5   59.725726741636173       0.81748849344751540        60.543215235083686     
           6   28.985331552822423       0.52368493748437350        29.509016490306795     
           7   21.323531081368500       0.36442289077759804        21.687953972146097     
           8   14.671479320951111       0.22204294268910879        14.893522263640220     
           9   12.127499296321918       0.17546681572299694        12.302966112044915     
          10   8.1456769839853145        9.6982852145106394E-002   8.2426598361304215     
          11   3.3282847984787276        3.4690038390806907E-002   3.3629748368695345     
          12   2.9391679804001840        6.5104131137881646E-002   3.0042721115380657     
          13   2.5622040843267078        3.7773187587080058E-002   2.5999772719137879     
          14   2.2941329789742109        1.9689762755815257E-002   2.3138227417300263     
          15   1.1491752443904435        2.3851877372597453E-002   1.1730271217630410     
          16   1.1031333392836649        1.2794531019243570E-002   1.1159278703029085     
          17  0.97733892729699656        4.2906026787820272E-003  0.98162952997577857     
          18  0.72054430146722159        8.5709825802900482E-003  0.72911528404751169     
          19  0.33218032837836775        0.0000000000000000       0.33218032837836775     
          20  0.39624385542945051        4.4337582714059154E-003  0.40067761370085642     
