 Curly R     I/F(total)  I/F(solar)   I/F(saturn)
 ---------------------------------------------------
  0.010    2.9238E-03    2.8975E-03    2.6298E-05
  0.020    5.8531E-03    5.8004E-03    5.2720E-05
  0.030    8.7881E-03    8.7088E-03    7.9271E-05
  0.040    1.1729E-02    1.1623E-02    1.0595E-04
  0.050    1.4676E-02    1.4543E-02    1.3277E-04
  0.060    1.7629E-02    1.7470E-02    1.5972E-04
  0.070    2.0589E-02    2.0402E-02    1.8682E-04
  0.080    2.3556E-02    2.3342E-02    2.1406E-04
  0.090    2.6530E-02    2.6289E-02    2.4144E-04
  0.100    2.9512E-02    2.9243E-02    2.6898E-04
  0.110    3.2501E-02    3.2204E-02    2.9667E-04
  0.120    3.5498E-02    3.5173E-02    3.2453E-04
  0.130    3.8503E-02    3.8151E-02    3.5254E-04
  0.140    4.1517E-02    4.1136E-02    3.8072E-04
  0.150    4.4540E-02    4.4131E-02    4.0907E-04
  0.160    4.7571E-02    4.7134E-02    4.3760E-04
  0.170    5.0613E-02    5.0146E-02    4.6631E-04
  0.180    5.3663E-02    5.3168E-02    4.9520E-04
  0.190    5.6724E-02    5.6200E-02    5.2427E-04
  0.200    5.9796E-02    5.9242E-02    5.5354E-04
  0.210    6.2878E-02    6.2294E-02    5.8301E-04
  0.220    6.5970E-02    6.5358E-02    6.1268E-04
  0.230    6.9075E-02    6.8432E-02    6.4256E-04
  0.240    7.2191E-02    7.1518E-02    6.7265E-04
  0.250    7.5319E-02    7.4616E-02    7.0296E-04
  0.260    7.8460E-02    7.7726E-02    7.3349E-04
  0.270    8.1613E-02    8.0849E-02    7.6425E-04
  0.280    8.4780E-02    8.3985E-02    7.9524E-04
  0.290    8.7961E-02    8.7134E-02    8.2648E-04
  0.300    9.1156E-02    9.0298E-02    8.5796E-04
  0.310    9.4365E-02    9.3475E-02    8.8969E-04
  0.320    9.7589E-02    9.6667E-02    9.2169E-04
  0.330    1.0083E-01    9.9874E-02    9.5395E-04
  0.340    1.0408E-01    1.0310E-01    9.8648E-04
  0.350    1.0736E-01    1.0634E-01    1.0193E-03
  0.360    1.1064E-01    1.0959E-01    1.0524E-03
  0.370    1.1395E-01    1.1286E-01    1.0858E-03
  0.380    1.1727E-01    1.1616E-01    1.1195E-03
  0.390    1.2062E-01    1.1946E-01    1.1535E-03
  0.400    1.2398E-01    1.2279E-01    1.1878E-03
  0.410    1.2736E-01    1.2614E-01    1.2225E-03
  0.420    1.3076E-01    1.2950E-01    1.2575E-03
  0.430    1.3418E-01    1.3289E-01    1.2928E-03
  0.440    1.3763E-01    1.3630E-01    1.3285E-03
  0.450    1.4109E-01    1.3973E-01    1.3646E-03
  0.460    1.4458E-01    1.4318E-01    1.4011E-03
  0.470    1.4809E-01    1.4665E-01    1.4379E-03
  0.480    1.5163E-01    1.5015E-01    1.4751E-03
  0.490    1.5519E-01    1.5368E-01    1.5127E-03
  0.500    1.5878E-01    1.5723E-01    1.5508E-03
  0.510    1.6239E-01    1.6080E-01    1.5893E-03
  0.520    1.6603E-01    1.6440E-01    1.6282E-03
  0.530    1.6970E-01    1.6803E-01    1.6676E-03
  0.540    1.7340E-01    1.7169E-01    1.7075E-03
  0.550    1.7713E-01    1.7538E-01    1.7479E-03
  0.560    1.8089E-01    1.7910E-01    1.7887E-03
  0.570    1.8468E-01    1.8285E-01    1.8301E-03
  0.580    1.8850E-01    1.8663E-01    1.8720E-03
  0.590    1.9236E-01    1.9045E-01    1.9145E-03
  0.600    1.9626E-01    1.9430E-01    1.9575E-03
  0.610    2.0019E-01    1.9819E-01    2.0011E-03
  0.620    2.0416E-01    2.0211E-01    2.0454E-03
  0.630    2.0816E-01    2.0607E-01    2.0902E-03
  0.640    2.1221E-01    2.1008E-01    2.1357E-03
  0.650    2.1630E-01    2.1412E-01    2.1819E-03
  0.660    2.2044E-01    2.1821E-01    2.2287E-03
  0.670    2.2462E-01    2.2234E-01    2.2763E-03
  0.680    2.2884E-01    2.2652E-01    2.3246E-03
  0.690    2.3312E-01    2.3074E-01    2.3737E-03
  0.700    2.3744E-01    2.3502E-01    2.4236E-03
  0.710    2.4182E-01    2.3934E-01    2.4743E-03
  0.720    2.4625E-01    2.4372E-01    2.5258E-03
  0.730    2.5073E-01    2.4816E-01    2.5782E-03
  0.740    2.5528E-01    2.5265E-01    2.6316E-03
  0.750    2.5988E-01    2.5720E-01    2.6859E-03
  0.760    2.6455E-01    2.6181E-01    2.7412E-03
  0.770    2.6929E-01    2.6649E-01    2.7975E-03
  0.780    2.7409E-01    2.7124E-01    2.8548E-03
  0.790    2.7896E-01    2.7605E-01    2.9133E-03
  0.800    2.8391E-01    2.8094E-01    2.9730E-03
  0.810    2.8894E-01    2.8591E-01    3.0338E-03
  0.820    2.9405E-01    2.9095E-01    3.0959E-03
  0.830    2.9924E-01    2.9608E-01    3.1594E-03
  0.840    3.0452E-01    3.0130E-01    3.2241E-03
  0.850    3.0989E-01    3.0660E-01    3.2904E-03
  0.860    3.1536E-01    3.1201E-01    3.3581E-03
  0.870    3.2094E-01    3.1751E-01    3.4273E-03
  0.880    3.2662E-01    3.2312E-01    3.4982E-03
  0.890    3.3241E-01    3.2884E-01    3.5709E-03
  0.900    3.3832E-01    3.3468E-01    3.6453E-03
  0.910    3.4436E-01    3.4064E-01    3.7216E-03
  0.920    3.5053E-01    3.4673E-01    3.7999E-03
  0.930    3.5683E-01    3.5295E-01    3.8802E-03
  0.940    3.6329E-01    3.5932E-01    3.9628E-03
  0.950    3.6989E-01    3.6585E-01    4.0476E-03
  0.960    3.7667E-01    3.7253E-01    4.1349E-03
  0.970    3.8361E-01    3.7939E-01    4.2248E-03
  0.980    3.9074E-01    3.8643E-01    4.3174E-03
  0.990    3.9807E-01    3.9366E-01    4.4129E-03
  1.000    4.0561E-01    4.0110E-01    4.5114E-03
