   1.0000000000000000        0.0000000000000000       0.46600291028248553       0.72780229808163477            10000
 i   solar flux    satshine flux      total flux
 -----------------------------------------------
           1   1312.8206448219801        12.132939563221612        1324.9535843852018     
           2   126.33358564981697        2.9756028054385055        129.30918845525548     
           3   184.09768144778621        2.2536336421328311        186.35131508991904     
           4   72.592886581845846        1.1821623638640086        73.775048945709855     
           5   54.744751322872645       0.83007988746692007        55.574831210339568     
           6   32.573408435348085       0.52261554230087348        33.096023977648962     
           7   22.622148204345716       0.33489989801023046        22.957048102355948     
           8   13.960633901965483       0.23307581656079959        14.193709718526282     
           9   9.9903730582961785       0.16583937382651362        10.156212432122691     
          10   5.5323342899428134        7.1593716349642220E-002   5.6039280062924552     
          11   3.3469743529232190        6.4614903687118891E-002   3.4115892566103381     
          12   4.4264254598348636        4.0136741245212861E-002   4.4665622010800767     
          13   2.5678947930760492        2.7201328976855666E-002   2.5950961220529050     
          14   1.4602393980656159        2.4066908298579472E-002   1.4843063063641952     
          15  0.94223486089280795        2.4926611793815542E-002  0.96716147268662345     
          16  0.90722670038676234        1.6725964245299069E-002  0.92395266463206138     
          17  0.79496796973632589        1.5525141837739327E-002  0.81049311157406523     
          18  0.40938280813354716        6.3433458102300343E-003  0.41572615394377721     
          19  0.10989713826681273        0.0000000000000000       0.10989713826681273     
          20  0.22869581042728537        0.0000000000000000       0.22869581042728537     
