   1.0000000000000000        0.0000000000000000       0.46600291028248553       0.72780229808163477            10000
 i   solar flux    satshine flux      total flux
 -----------------------------------------------
           1   1353.1399149948274        11.656817357613177        1364.7967323524406     
           2   118.35280602637837        2.9302391157228338        121.28304514210120     
           3   181.94391773104320        2.3392666679356373        184.28318439897885     
           4   69.967715899995255        1.1161524125306821        71.083868312525937     
           5   56.314949798895299       0.86323573462520653        57.178185533520505     
           6   29.312014674957663       0.53363897885666045        29.845653653814324     
           7   20.821147709779655       0.34655838579278214        21.167706095572438     
           8   16.388669273673216       0.21584140623475342        16.604510679907968     
           9   7.5702892960870933       0.15637907378797164        7.7266683698750649     
          10   4.8979166213456917        8.8190962772263626E-002   4.9861075841179554     
          11   5.7154438451865994        6.6409905350750517E-002   5.7818537505373495     
          12   2.4837472594797161        9.3576010942084176E-002   2.5773232704218003     
          13   3.4739426665223307        3.9769586832897080E-002   3.5137122533552279     
          14   2.3083299777900246        3.0057967699463131E-002   2.3383879454894876     
          15   1.8672793513397399        1.6081059794059147E-002   1.8833604111337989     
          16   1.4767823537602118        8.6756234169994093E-003   1.4854579771772112     
          17   1.4154766659766329        1.0510540252876581E-002   1.4259872062295096     
          18  0.26562553267863137        1.2435350549415665E-003  0.26686906773357294     
          19  0.24002770947538743        3.0590722606998800E-003  0.24308678173608730     
          20   0.0000000000000000        9.9519607849430963E-004   9.9519607849430963E-004
