   1.0000000000000000        0.0000000000000000       0.46600291028248553       0.72780229808163477            10000
 i   solar flux    satshine flux      total flux
 -----------------------------------------------
           1   1332.0472025806166        11.939482636450283        1343.9866852170669     
           2   133.09399743418675        3.0229574139118816        136.11695484809863     
           3   179.67923136380591        2.1826504796603423        181.86188184346625     
           4   68.806307409331509        1.2240320089193772        70.030339418250890     
           5   54.537980619871313       0.87234734406692260        55.410327963938236     
           6   33.908673244929112       0.51709208376089777        34.425765328690012     
           7   18.850194181169606       0.29823281705633731        19.148426998225943     
           8   15.322284472127617       0.25167736542695390        15.573961837554570     
           9   8.7922081953596063       0.17138060968933977        8.9635888050489463     
          10   8.4186883852954786        8.5599571470571761E-002   8.5042879567660510     
          11   5.2578067415370660        8.5306464425739664E-002   5.3431132059628057     
          12   3.4468655789626741        6.1532135400802671E-002   3.5083977143634768     
          13   1.6431102834786342        2.8435333014518147E-002   1.6715456164931524     
          14   1.8397461694171562        2.2044871195033504E-002   1.8617910406121896     
          15   1.0625690936586967        1.7678182134197355E-002   1.0802472757928940     
          16  0.87588208194218153        1.6259454419995493E-002  0.89214153636217708     
          17  0.17173736088280001        1.2360519248249805E-002  0.18409788013104980     
          18  0.49559574427300723        1.3162398303028743E-002  0.50875814257603602     
          19  0.56248611085470346        3.4687462647700699E-004  0.56283298548118044     
          20  0.26778073477996944        7.9002004017106366E-003  0.27568093518168008     
