   1.0000000000000000        0.0000000000000000       0.46600291028248553       0.72780229808163477            10000
 i   solar flux    satshine flux      total flux
 -----------------------------------------------
           1   1323.3872251767280        12.104293426465455        1335.4915186031933     
           2   125.97713476698115        3.0079464917790877        128.98508125876023     
           3   185.10375241710395        2.4374266252437664        187.54117904234772     
           4   73.551922326461806        1.2086772606650693        74.760599587126876     
           5   55.949043537430079       0.92530071330560737        56.874344250735689     
           6   32.903436009372626       0.49885353965392459        33.402289549026548     
           7   17.462157675184489       0.40171743050021302        17.863875105684702     
           8   17.296665378342684       0.25722581043518689        17.553891188777872     
           9   9.5949892969139903       0.17832489587277875        9.7733141927867688     
          10   5.3640273759644419       0.13021941012221119        5.4942467860866531     
          11   4.4269086073537025        7.7002248868488041E-002   4.5039108562221903     
          12   2.7018275846809749        6.0679562305069580E-002   2.7625071469860445     
          13   1.8072845405539022        4.5246412507924237E-002   1.8525309530618264     
          14   1.4231418095868265        3.0779313425491422E-002   1.4539211230123179     
          15   1.2028511826416490        1.4341462401364672E-002   1.2171926450430137     
          16  0.45423573290620822        1.9991405989427741E-002  0.47422713889563595     
          17  0.48454206282599327        1.4920884861296594E-002  0.49946294768728988     
          18   0.0000000000000000        7.7396876154418705E-003   7.7396876154418705E-003
          19   0.0000000000000000        6.9991837486711606E-003   6.9991837486711606E-003
          20   0.0000000000000000        5.7717772406723207E-004   5.7717772406723207E-004
