   1.0000000000000000        0.0000000000000000       0.46600291028248553       0.72780229808163477            10000
 i   solar flux    satshine flux      total flux
 -----------------------------------------------
           1   1283.9558478459689        12.300626769535311        1296.2564746155042     
           2   120.10256093059991        2.7597552354989814        122.86231616609889     
           3   159.89502338942515        2.2226193849843465        162.11764277440949     
           4   68.584409640933629        1.1852611696425974        69.769670810576230     
           5   53.635555140427748       0.83490996414826035        54.470465104576007     
           6   29.062232304639522       0.54785648512343865        29.610088789762962     
           7   20.076323522338331       0.34842479544663124        20.424748317784964     
           8   10.956431485078753       0.20351978490071043        11.159951269979462     
           9   8.8410618951949065       0.15257365381543989        8.9936355490103459     
          10   5.6697454979053772       0.16590466551831140        5.8356501634236881     
          11   2.6221769263749635        6.3528556717985532E-002   2.6857054830929492     
          12   1.8750448336970844        4.3224950251209635E-002   1.9182697839482941     
          13   1.2902657146544778        3.0263040923675901E-002   1.3205287555781537     
          14  0.77091042608618521        3.9588850687641876E-002  0.81049927677382705     
          15  0.51535339421733051        5.5737721782112525E-003  0.52092716639554171     
          16  0.86163298515553555        1.2767115367528030E-002  0.87440010052306361     
          17  0.46609924868821700        2.3641211672258398E-003  0.46846336985544285     
          18   0.0000000000000000        8.7382609474094351E-003   8.7382609474094351E-003
          19   8.8765732800514377E-002   5.1800944779556938E-003   9.3945827278470076E-002
          20   0.0000000000000000        0.0000000000000000        0.0000000000000000     
