   1.0000000000000000        0.0000000000000000       0.46600291028248553       0.72780229808163477            10000
 i   solar flux    satshine flux      total flux
 -----------------------------------------------
           1   1341.0804203650619        12.212636679312093        1353.2930570443739     
           2   117.83436948362068        2.8552380800761732        120.68960756369685     
           3   179.46456467789639        2.5678109343346844        182.03237561223108     
           4   69.223424518640272        1.3016925119240315        70.525117030564303     
           5   57.032874615106962       0.90687954867170717        57.939754163778673     
           6   34.107794124648912       0.55355148543512833        34.661345610084041     
           7   20.250459713056145       0.38072999453804218        20.631189707594189     
           8   10.872217413309512       0.25632057364591060        11.128537986955422     
           9   8.9426277675760417       0.12904247732907898        9.0716702449051212     
          10   7.0194793858088307        9.6855701740348493E-002   7.1163350875491789     
          11   3.5177925860479862        7.6293577713029873E-002   3.5940861637610162     
          12   3.0255805216227389        3.0881581026044984E-002   3.0564621026487839     
          13   1.1719945321220113        2.1655115769651491E-002   1.1936496478916627     
          14   1.5416395555646500        2.6466355467038762E-002   1.5681059110316888     
          15   1.2953321913459137        5.7753125314535490E-003   1.3011075038773672     
          16  0.28537912026709727        6.0413563722154263E-003  0.29142047663931270     
          17  0.62447273085014354        1.1256460860733468E-002  0.63572919171087705     
          18  0.26730108205420317        4.5975659479079623E-004  0.26776083864899397     
          19   0.0000000000000000        0.0000000000000000        0.0000000000000000     
          20   0.0000000000000000        0.0000000000000000        0.0000000000000000     
