   1.0000000000000000        0.0000000000000000       0.46600291028248553       0.72780229808163477            10000
 i   solar flux    satshine flux      total flux
 -----------------------------------------------
           1   1310.9646128384313        12.201599809445597        1323.1662126478768     
           2   125.12836599473357        2.9863854738693596        128.11475146860292     
           3   177.37862651845586        2.3565312781546401        179.73515779661051     
           4   79.274412627666166        1.3844208181025381        80.658833445768707     
           5   51.822619545151070       0.82640715509231555        52.649026700243382     
           6   35.666084767223758       0.60597086395829725        36.272055631182056     
           7   20.819709185575505       0.31954375840207760        21.139252943977581     
           8   12.623179011627478       0.21142917219229918        12.834608183819777     
           9   11.869421515809490       0.16398704872603290        12.033408564535524     
          10   6.9661940722911764        9.3254801963759751E-002   7.0594488742549357     
          11   5.1532688796126864        5.9116112731196199E-002   5.2123849923438828     
          12   3.4824717544209243        3.8103321513391422E-002   3.5205750759343157     
          13   1.3481379028570770        1.6033134337761927E-002   1.3641710371948390     
          14  0.70670637321460850        1.8515375719620777E-002  0.72522174893422930     
          15   1.2789510846256162        1.4712465329978679E-002   1.2936635499555948     
          16  0.21561627376951081        3.6630998436733564E-003  0.21927937361318417     
          17  0.75271313789377747        1.2965704002332152E-002  0.76567884189610957     
          18  0.60923339872381332        0.0000000000000000       0.60923339872381332     
          19   3.6767648914110697E-002   8.0388838509264874E-005   3.6848037752619960E-002
          20  0.26115633841728375        8.0620883420584675E-004  0.26196254725148960     
