   1.0000000000000000        0.0000000000000000       0.46600291028248553       0.72780229808163477            10000
 i   solar flux    satshine flux      total flux
 -----------------------------------------------
           1   1328.0637478329631        12.481067776125577        1340.5448156090888     
           2   122.63076938085509        2.9262599893330385        125.55702937018812     
           3   172.87393524818916        2.3455142514889928        175.21944949967815     
           4   68.866108862908632        1.2100023732805369        70.076111236189163     
           5   47.820405084780568       0.86909662834163814        48.689501713122205     
           6   36.828992583130088       0.47278208634973934        37.301774669479826     
           7   21.386745486555629       0.36570790400551362        21.752453390561143     
           8   14.168634728331927       0.21194275570359983        14.380577484035527     
           9   8.6409361400942082       0.11308886358289610        8.7540250036771035     
          10   6.2053890974709534       0.10053182273341849        6.3059209202043718     
          11   2.6407615078393993        5.4828955559168023E-002   2.6955904633985672     
          12   1.4124166641710134        1.7493096844360446E-002   1.4299097610153739     
          13   1.4264834163308153        2.3468599489412503E-002   1.4499520158202279     
          14  0.33267443376131511        1.3268647329885174E-002  0.34594308109120031     
          15  0.47098739038755588        1.2036645278062029E-002  0.48302403566561791     
          16  0.37428821172206350        9.6376877106806435E-003  0.38392589943274413     
          17   6.4413114713330707E-002   0.0000000000000000        6.4413114713330707E-002
          18  0.16877742022643488        4.5974640289124357E-003  0.17337488425534731     
          19  0.12075818701692377        0.0000000000000000       0.12075818701692377     
          20   9.4749718560047588E-002   3.8849338265282410E-004   9.5138211942700418E-002
