   1.0000000000000000        0.0000000000000000       0.46600291028248553       0.72780229808163477            10000
 i   solar flux    satshine flux      total flux
 -----------------------------------------------
           1   1307.3555434825466        12.158808511329807        1319.5143519938765     
           2   129.40272916873514        2.9345273845327440        132.33725655326788     
           3   179.86149387386996        2.5478161809965449        182.40931005486649     
           4   76.250209519845683        1.2858856148449347        77.536095134690612     
           5   57.076415070596227       0.96477448493812334        58.041189555534352     
           6   33.637499278732868       0.49547262763990474        34.132971906372774     
           7   25.861248322322741       0.41426444899285769        26.275512771315597     
           8   15.934409228646532       0.24433887840757049        16.178748107054101     
           9   8.8297406454436427       0.12680397352810757        8.9565446189717495     
          10   8.8825433068485911        8.1853332972507242E-002   8.9643966398210981     
          11   3.8064706024975554        6.6849432337241069E-002   3.8733200348347965     
          12   2.8109430461964848        5.5601191729590833E-002   2.8665442379260755     
          13   1.6766033793254280        2.5602076755409580E-002   1.7022054560808375     
          14   1.7258717464275879        2.5393804903105048E-002   1.7512655513306929     
          15  0.37877131950070869        9.5400872864349184E-003  0.38831140678714360     
          16  0.25803460026345376        1.1668450428935403E-002  0.26970305069238915     
          17  0.17764080707152394        4.4834071772437345E-003  0.18212421424876768     
          18  0.22398761049668842        0.0000000000000000       0.22398761049668842     
          19  0.22069043490455911        0.0000000000000000       0.22069043490455911     
          20   0.0000000000000000        0.0000000000000000        0.0000000000000000     
