   1.0000000000000000        0.0000000000000000       0.46600291028248553       0.72780229808163477            10000
 i   solar flux    satshine flux      total flux
 -----------------------------------------------
           1   1352.7860635637117        12.607298714697263        1365.3933622784089     
           2   124.39793646687016        2.8891584998960731        127.28709496676623     
           3   173.03191336271564        2.4483975864598166        175.48031094917545     
           4   76.769365931856996        1.3327279598150503        78.102093891672041     
           5   57.573008116998899       0.84731102727861540        58.420319144277514     
           6   34.202107167356694       0.56090068083934730        34.763007848196040     
           7   20.798839070326675       0.34272027508917885        21.141559345415853     
           8   14.987198981724797       0.19891745930654087        15.186116441031338     
           9   10.713547730856558       0.15143319571435043        10.864980926570908     
          10   6.8009092261555262        8.5040708047156841E-002   6.8859499342026833     
          11   4.2063384714983254        6.5247032553626780E-002   4.2715855040519521     
          12   2.0084252462089074        3.5069796161003031E-002   2.0434950423699103     
          13   2.6088197903730883        4.3385755250205903E-002   2.6522055456232940     
          14  0.85244066020131382        1.0418585656487114E-002  0.86285924585780094     
          15  0.53779215341814790        1.1055438576142947E-002  0.54884759199429090     
          16  0.56000878056661041        6.2829787322119064E-003  0.56629175929882236     
          17   0.0000000000000000        2.4121582276757512E-002   2.4121582276757512E-002
          18  0.28991281404027236        2.6953253267271138E-003  0.29260813936699948     
          19  0.20765476275923497        0.0000000000000000       0.20765476275923497     
          20   0.0000000000000000        2.9942135699129661E-003   2.9942135699129661E-003
