   1.0000000000000000        0.0000000000000000       0.46600291028248553       0.72780229808163477            10000
 i   solar flux    satshine flux      total flux
 -----------------------------------------------
           1   1287.4927162097422        12.125358728240631        1299.6180749379828     
           2   122.77902841104640        2.8619682798157804        125.64099669086218     
           3   180.75663743177796        2.4495753326412384        183.20621276441921     
           4   75.304290110647557        1.1847573079923908        76.489047418639942     
           5   58.198228064027703       0.90397763577422685        59.102205699801928     
           6   29.269870874297670       0.55535349448280535        29.825224368780475     
           7   19.129205977100035       0.38753974630488530        19.516745723404920     
           8   11.977807748624205       0.20010447242897553        12.177912221053180     
           9   8.9276850768359690       0.18713577420878053        9.1148208510447493     
          10   5.8683617689719521        9.6071633183813135E-002   5.9644334021557652     
          11   3.8008498904215413        6.1706979030306079E-002   3.8625568694518475     
          12   2.5208120781983951        5.7503326089745767E-002   2.5783154042881411     
          13   2.1473008876152155        1.6177555288224049E-002   2.1634784429034397     
          14  0.33184165874584826        3.3801769592370148E-002  0.36564342833821839     
          15  0.47171252534167496        2.2544642533657587E-002  0.49425716787533253     
          16  0.61259418098050067        7.8780948558534250E-003  0.62047227583635411     
          17   9.2853043037145450E-002   1.1181559332680007E-002  0.10403460236982545     
          18   2.6253200362595817E-003   7.7283602220086390E-003   1.0353680258268220E-002
          19  0.10138253172182318        3.6142318832869313E-003  0.10499676360511011     
          20  0.22810613141784891        9.2191329540994781E-004  0.22902804471325885     
